[2022-11-22T01:38:11.528+0000] {taskinstance.py:1165} INFO - Dependencies all met for <TaskInstance: our_first_dag_v5.second_task scheduled__2021-09-05T00:00:00+00:00 [queued]>
[2022-11-22T01:38:11.548+0000] {taskinstance.py:1165} INFO - Dependencies all met for <TaskInstance: our_first_dag_v5.second_task scheduled__2021-09-05T00:00:00+00:00 [queued]>
[2022-11-22T01:38:11.548+0000] {taskinstance.py:1362} INFO - 
--------------------------------------------------------------------------------
[2022-11-22T01:38:11.548+0000] {taskinstance.py:1363} INFO - Starting attempt 1 of 6
[2022-11-22T01:38:11.548+0000] {taskinstance.py:1364} INFO - 
--------------------------------------------------------------------------------
[2022-11-22T01:38:11.578+0000] {taskinstance.py:1383} INFO - Executing <Task(BashOperator): second_task> on 2021-09-05 00:00:00+00:00
[2022-11-22T01:38:11.588+0000] {standard_task_runner.py:55} INFO - Started process 1442 to run task
[2022-11-22T01:38:11.596+0000] {standard_task_runner.py:82} INFO - Running: ['***', 'tasks', 'run', 'our_first_dag_v5', 'second_task', 'scheduled__2021-09-05T00:00:00+00:00', '--job-id', '119', '--raw', '--subdir', 'DAGS_FOLDER/our_first_dag.py', '--cfg-path', '/tmp/tmp7dd7n_3x']
[2022-11-22T01:38:11.597+0000] {standard_task_runner.py:83} INFO - Job 119: Subtask second_task
[2022-11-22T01:38:11.715+0000] {task_command.py:376} INFO - Running <TaskInstance: our_first_dag_v5.second_task scheduled__2021-09-05T00:00:00+00:00 [running]> on host ada0bfaa3ff2
[2022-11-22T01:38:11.878+0000] {taskinstance.py:1592} INFO - Exporting the following env vars:
AIRFLOW_CTX_DAG_OWNER=bruno
AIRFLOW_CTX_DAG_ID=our_first_dag_v5
AIRFLOW_CTX_TASK_ID=second_task
AIRFLOW_CTX_EXECUTION_DATE=2021-09-05T00:00:00+00:00
AIRFLOW_CTX_TRY_NUMBER=1
AIRFLOW_CTX_DAG_RUN_ID=scheduled__2021-09-05T00:00:00+00:00
[2022-11-22T01:38:11.880+0000] {subprocess.py:63} INFO - Tmp dir root location: 
 /tmp
[2022-11-22T01:38:11.881+0000] {subprocess.py:75} INFO - Running command: ['/bin/bash', '-c', 'echo hey, I am task2 and will be running after task1!']
[2022-11-22T01:38:11.939+0000] {subprocess.py:86} INFO - Output:
[2022-11-22T01:38:11.940+0000] {subprocess.py:93} INFO - hey, I am task2 and will be running after task1!
[2022-11-22T01:38:11.941+0000] {subprocess.py:97} INFO - Command exited with return code 0
[2022-11-22T01:38:11.989+0000] {taskinstance.py:1406} INFO - Marking task as SUCCESS. dag_id=our_first_dag_v5, task_id=second_task, execution_date=20210905T000000, start_date=20221122T013811, end_date=20221122T013811
[2022-11-22T01:38:12.048+0000] {local_task_job.py:159} INFO - Task exited with return code 0
[2022-11-22T01:38:12.071+0000] {taskinstance.py:2623} INFO - 0 downstream tasks scheduled from follow-on schedule check
