[2022-11-28T02:20:58.698+0000] {taskinstance.py:1165} INFO - Dependencies all met for <TaskInstance: our_dag_with_python_operator_v06.get_name scheduled__2022-11-27T00:00:00+00:00 [queued]>
[2022-11-28T02:20:58.717+0000] {taskinstance.py:1165} INFO - Dependencies all met for <TaskInstance: our_dag_with_python_operator_v06.get_name scheduled__2022-11-27T00:00:00+00:00 [queued]>
[2022-11-28T02:20:58.717+0000] {taskinstance.py:1362} INFO - 
--------------------------------------------------------------------------------
[2022-11-28T02:20:58.717+0000] {taskinstance.py:1363} INFO - Starting attempt 1 of 6
[2022-11-28T02:20:58.717+0000] {taskinstance.py:1364} INFO - 
--------------------------------------------------------------------------------
[2022-11-28T02:20:58.749+0000] {taskinstance.py:1383} INFO - Executing <Task(PythonOperator): get_name> on 2022-11-27 00:00:00+00:00
[2022-11-28T02:20:58.755+0000] {standard_task_runner.py:55} INFO - Started process 1940 to run task
[2022-11-28T02:20:58.757+0000] {standard_task_runner.py:82} INFO - Running: ['***', 'tasks', 'run', 'our_dag_with_python_operator_v06', 'get_name', 'scheduled__2022-11-27T00:00:00+00:00', '--job-id', '103', '--raw', '--subdir', 'DAGS_FOLDER/create_dag_with_python_operator.py', '--cfg-path', '/tmp/tmp0gc5plu1']
[2022-11-28T02:20:58.758+0000] {standard_task_runner.py:83} INFO - Job 103: Subtask get_name
[2022-11-28T02:20:58.865+0000] {task_command.py:376} INFO - Running <TaskInstance: our_dag_with_python_operator_v06.get_name scheduled__2022-11-27T00:00:00+00:00 [running]> on host 04d264156372
[2022-11-28T02:20:59.167+0000] {taskinstance.py:1592} INFO - Exporting the following env vars:
AIRFLOW_CTX_DAG_OWNER=burno
AIRFLOW_CTX_DAG_ID=our_dag_with_python_operator_v06
AIRFLOW_CTX_TASK_ID=get_name
AIRFLOW_CTX_EXECUTION_DATE=2022-11-27T00:00:00+00:00
AIRFLOW_CTX_TRY_NUMBER=1
AIRFLOW_CTX_DAG_RUN_ID=scheduled__2022-11-27T00:00:00+00:00
[2022-11-28T02:20:59.263+0000] {python.py:177} INFO - Done. Returned value was: None
[2022-11-28T02:20:59.290+0000] {taskinstance.py:1406} INFO - Marking task as SUCCESS. dag_id=our_dag_with_python_operator_v06, task_id=get_name, execution_date=20221127T000000, start_date=20221128T022058, end_date=20221128T022059
[2022-11-28T02:20:59.369+0000] {local_task_job.py:159} INFO - Task exited with return code 0
[2022-11-28T02:20:59.426+0000] {taskinstance.py:2623} INFO - 1 downstream tasks scheduled from follow-on schedule check
