[2022-11-30T02:23:39.369+0000] {taskinstance.py:1165} INFO - Dependencies all met for <TaskInstance: dag_with_python_depedencies_v02.get_sklearn scheduled__2022-11-29T00:00:00+00:00 [queued]>
[2022-11-30T02:23:39.381+0000] {taskinstance.py:1165} INFO - Dependencies all met for <TaskInstance: dag_with_python_depedencies_v02.get_sklearn scheduled__2022-11-29T00:00:00+00:00 [queued]>
[2022-11-30T02:23:39.381+0000] {taskinstance.py:1362} INFO - 
--------------------------------------------------------------------------------
[2022-11-30T02:23:39.381+0000] {taskinstance.py:1363} INFO - Starting attempt 1 of 1
[2022-11-30T02:23:39.382+0000] {taskinstance.py:1364} INFO - 
--------------------------------------------------------------------------------
[2022-11-30T02:23:39.399+0000] {taskinstance.py:1383} INFO - Executing <Task(PythonOperator): get_sklearn> on 2022-11-29 00:00:00+00:00
[2022-11-30T02:23:39.406+0000] {standard_task_runner.py:55} INFO - Started process 230 to run task
[2022-11-30T02:23:39.414+0000] {standard_task_runner.py:82} INFO - Running: ['***', 'tasks', 'run', 'dag_with_python_depedencies_v02', 'get_sklearn', 'scheduled__2022-11-29T00:00:00+00:00', '--job-id', '216', '--raw', '--subdir', 'DAGS_FOLDER/dag_with_python_dependencies.py', '--cfg-path', '/tmp/tmp8f5od7h6']
[2022-11-30T02:23:39.415+0000] {standard_task_runner.py:83} INFO - Job 216: Subtask get_sklearn
[2022-11-30T02:23:39.478+0000] {task_command.py:376} INFO - Running <TaskInstance: dag_with_python_depedencies_v02.get_sklearn scheduled__2022-11-29T00:00:00+00:00 [running]> on host bef9f364b650
[2022-11-30T02:23:39.548+0000] {taskinstance.py:1592} INFO - Exporting the following env vars:
AIRFLOW_CTX_DAG_OWNER=Burno
AIRFLOW_CTX_DAG_ID=dag_with_python_depedencies_v02
AIRFLOW_CTX_TASK_ID=get_sklearn
AIRFLOW_CTX_EXECUTION_DATE=2022-11-29T00:00:00+00:00
AIRFLOW_CTX_TRY_NUMBER=1
AIRFLOW_CTX_DAG_RUN_ID=scheduled__2022-11-29T00:00:00+00:00
[2022-11-30T02:23:40.059+0000] {logging_mixin.py:137} INFO - scikit-learn with version: 0.24.2
[2022-11-30T02:23:40.059+0000] {python.py:177} INFO - Done. Returned value was: None
[2022-11-30T02:23:40.070+0000] {taskinstance.py:1406} INFO - Marking task as SUCCESS. dag_id=dag_with_python_depedencies_v02, task_id=get_sklearn, execution_date=20221129T000000, start_date=20221130T022339, end_date=20221130T022340
[2022-11-30T02:23:40.112+0000] {local_task_job.py:159} INFO - Task exited with return code 0
[2022-11-30T02:23:40.158+0000] {taskinstance.py:2623} INFO - 1 downstream tasks scheduled from follow-on schedule check
