[2022-11-22T01:38:34.534+0000] {taskinstance.py:1165} INFO - Dependencies all met for <TaskInstance: our_first_dag_v5.first_task scheduled__2021-09-25T00:00:00+00:00 [queued]>
[2022-11-22T01:38:34.554+0000] {taskinstance.py:1165} INFO - Dependencies all met for <TaskInstance: our_first_dag_v5.first_task scheduled__2021-09-25T00:00:00+00:00 [queued]>
[2022-11-22T01:38:34.554+0000] {taskinstance.py:1362} INFO - 
--------------------------------------------------------------------------------
[2022-11-22T01:38:34.554+0000] {taskinstance.py:1363} INFO - Starting attempt 1 of 6
[2022-11-22T01:38:34.557+0000] {taskinstance.py:1364} INFO - 
--------------------------------------------------------------------------------
[2022-11-22T01:38:34.592+0000] {taskinstance.py:1383} INFO - Executing <Task(BashOperator): first_task> on 2021-09-25 00:00:00+00:00
[2022-11-22T01:38:34.627+0000] {standard_task_runner.py:55} INFO - Started process 1615 to run task
[2022-11-22T01:38:34.654+0000] {standard_task_runner.py:82} INFO - Running: ['***', 'tasks', 'run', 'our_first_dag_v5', 'first_task', 'scheduled__2021-09-25T00:00:00+00:00', '--job-id', '170', '--raw', '--subdir', 'DAGS_FOLDER/our_first_dag.py', '--cfg-path', '/tmp/tmpgjim8xv3']
[2022-11-22T01:38:34.675+0000] {standard_task_runner.py:83} INFO - Job 170: Subtask first_task
[2022-11-22T01:38:34.936+0000] {task_command.py:376} INFO - Running <TaskInstance: our_first_dag_v5.first_task scheduled__2021-09-25T00:00:00+00:00 [running]> on host ada0bfaa3ff2
[2022-11-22T01:38:35.304+0000] {taskinstance.py:1592} INFO - Exporting the following env vars:
AIRFLOW_CTX_DAG_OWNER=bruno
AIRFLOW_CTX_DAG_ID=our_first_dag_v5
AIRFLOW_CTX_TASK_ID=first_task
AIRFLOW_CTX_EXECUTION_DATE=2021-09-25T00:00:00+00:00
AIRFLOW_CTX_TRY_NUMBER=1
AIRFLOW_CTX_DAG_RUN_ID=scheduled__2021-09-25T00:00:00+00:00
[2022-11-22T01:38:35.307+0000] {subprocess.py:63} INFO - Tmp dir root location: 
 /tmp
[2022-11-22T01:38:35.311+0000] {subprocess.py:75} INFO - Running command: ['/bin/bash', '-c', 'echo hello world, this is the first task!']
[2022-11-22T01:38:35.408+0000] {subprocess.py:86} INFO - Output:
[2022-11-22T01:38:35.418+0000] {subprocess.py:93} INFO - hello world, this is the first task!
[2022-11-22T01:38:35.430+0000] {subprocess.py:97} INFO - Command exited with return code 0
[2022-11-22T01:38:35.526+0000] {taskinstance.py:1406} INFO - Marking task as SUCCESS. dag_id=our_first_dag_v5, task_id=first_task, execution_date=20210925T000000, start_date=20221122T013834, end_date=20221122T013835
[2022-11-22T01:38:35.991+0000] {local_task_job.py:159} INFO - Task exited with return code 0
[2022-11-22T01:38:36.054+0000] {taskinstance.py:2623} INFO - 2 downstream tasks scheduled from follow-on schedule check
