[2022-11-22T01:39:51.210+0000] {taskinstance.py:1165} INFO - Dependencies all met for <TaskInstance: our_first_dag2.first_task scheduled__2022-11-20T00:00:00+00:00 [queued]>
[2022-11-22T01:39:51.224+0000] {taskinstance.py:1165} INFO - Dependencies all met for <TaskInstance: our_first_dag2.first_task scheduled__2022-11-20T00:00:00+00:00 [queued]>
[2022-11-22T01:39:51.225+0000] {taskinstance.py:1362} INFO - 
--------------------------------------------------------------------------------
[2022-11-22T01:39:51.225+0000] {taskinstance.py:1363} INFO - Starting attempt 1 of 6
[2022-11-22T01:39:51.226+0000] {taskinstance.py:1364} INFO - 
--------------------------------------------------------------------------------
[2022-11-22T01:39:51.310+0000] {taskinstance.py:1383} INFO - Executing <Task(BashOperator): first_task> on 2022-11-20 00:00:00+00:00
[2022-11-22T01:39:51.320+0000] {standard_task_runner.py:55} INFO - Started process 1929 to run task
[2022-11-22T01:39:51.337+0000] {standard_task_runner.py:82} INFO - Running: ['***', 'tasks', 'run', 'our_first_dag2', 'first_task', 'scheduled__2022-11-20T00:00:00+00:00', '--job-id', '242', '--raw', '--subdir', 'DAGS_FOLDER/our_first_dag.py', '--cfg-path', '/tmp/tmpl84x6j9z']
[2022-11-22T01:39:51.338+0000] {standard_task_runner.py:83} INFO - Job 242: Subtask first_task
[2022-11-22T01:39:51.520+0000] {task_command.py:376} INFO - Running <TaskInstance: our_first_dag2.first_task scheduled__2022-11-20T00:00:00+00:00 [running]> on host ada0bfaa3ff2
[2022-11-22T01:39:51.685+0000] {taskinstance.py:1592} INFO - Exporting the following env vars:
AIRFLOW_CTX_DAG_OWNER=burno
AIRFLOW_CTX_DAG_ID=our_first_dag2
AIRFLOW_CTX_TASK_ID=first_task
AIRFLOW_CTX_EXECUTION_DATE=2022-11-20T00:00:00+00:00
AIRFLOW_CTX_TRY_NUMBER=1
AIRFLOW_CTX_DAG_RUN_ID=scheduled__2022-11-20T00:00:00+00:00
[2022-11-22T01:39:51.686+0000] {subprocess.py:63} INFO - Tmp dir root location: 
 /tmp
[2022-11-22T01:39:51.686+0000] {subprocess.py:75} INFO - Running command: ['/bin/bash', '-c', 'echo hello world, this is the first task!']
[2022-11-22T01:39:51.733+0000] {subprocess.py:86} INFO - Output:
[2022-11-22T01:39:51.739+0000] {subprocess.py:93} INFO - hello world, this is the first task!
[2022-11-22T01:39:51.740+0000] {subprocess.py:97} INFO - Command exited with return code 0
[2022-11-22T01:39:51.777+0000] {taskinstance.py:1406} INFO - Marking task as SUCCESS. dag_id=our_first_dag2, task_id=first_task, execution_date=20221120T000000, start_date=20221122T013951, end_date=20221122T013951
[2022-11-22T01:39:51.844+0000] {local_task_job.py:159} INFO - Task exited with return code 0
[2022-11-22T01:39:51.931+0000] {taskinstance.py:2623} INFO - 1 downstream tasks scheduled from follow-on schedule check
