[2022-11-22T01:37:53.217+0000] {taskinstance.py:1165} INFO - Dependencies all met for <TaskInstance: our_first_dag_v5.first_task scheduled__2021-08-23T00:00:00+00:00 [queued]>
[2022-11-22T01:37:53.255+0000] {taskinstance.py:1165} INFO - Dependencies all met for <TaskInstance: our_first_dag_v5.first_task scheduled__2021-08-23T00:00:00+00:00 [queued]>
[2022-11-22T01:37:53.255+0000] {taskinstance.py:1362} INFO - 
--------------------------------------------------------------------------------
[2022-11-22T01:37:53.256+0000] {taskinstance.py:1363} INFO - Starting attempt 1 of 6
[2022-11-22T01:37:53.256+0000] {taskinstance.py:1364} INFO - 
--------------------------------------------------------------------------------
[2022-11-22T01:37:53.339+0000] {taskinstance.py:1383} INFO - Executing <Task(BashOperator): first_task> on 2021-08-23 00:00:00+00:00
[2022-11-22T01:37:53.356+0000] {standard_task_runner.py:55} INFO - Started process 1258 to run task
[2022-11-22T01:37:53.376+0000] {standard_task_runner.py:82} INFO - Running: ['***', 'tasks', 'run', 'our_first_dag_v5', 'first_task', 'scheduled__2021-08-23T00:00:00+00:00', '--job-id', '65', '--raw', '--subdir', 'DAGS_FOLDER/our_first_dag.py', '--cfg-path', '/tmp/tmpyfg01_to']
[2022-11-22T01:37:53.385+0000] {standard_task_runner.py:83} INFO - Job 65: Subtask first_task
[2022-11-22T01:37:53.649+0000] {task_command.py:376} INFO - Running <TaskInstance: our_first_dag_v5.first_task scheduled__2021-08-23T00:00:00+00:00 [running]> on host ada0bfaa3ff2
[2022-11-22T01:37:53.912+0000] {taskinstance.py:1592} INFO - Exporting the following env vars:
AIRFLOW_CTX_DAG_OWNER=bruno
AIRFLOW_CTX_DAG_ID=our_first_dag_v5
AIRFLOW_CTX_TASK_ID=first_task
AIRFLOW_CTX_EXECUTION_DATE=2021-08-23T00:00:00+00:00
AIRFLOW_CTX_TRY_NUMBER=1
AIRFLOW_CTX_DAG_RUN_ID=scheduled__2021-08-23T00:00:00+00:00
[2022-11-22T01:37:53.912+0000] {subprocess.py:63} INFO - Tmp dir root location: 
 /tmp
[2022-11-22T01:37:53.913+0000] {subprocess.py:75} INFO - Running command: ['/bin/bash', '-c', 'echo hello world, this is the first task!']
[2022-11-22T01:37:53.956+0000] {subprocess.py:86} INFO - Output:
[2022-11-22T01:37:53.965+0000] {subprocess.py:93} INFO - hello world, this is the first task!
[2022-11-22T01:37:53.966+0000] {subprocess.py:97} INFO - Command exited with return code 0
[2022-11-22T01:37:54.032+0000] {taskinstance.py:1406} INFO - Marking task as SUCCESS. dag_id=our_first_dag_v5, task_id=first_task, execution_date=20210823T000000, start_date=20221122T013753, end_date=20221122T013754
[2022-11-22T01:37:54.087+0000] {local_task_job.py:159} INFO - Task exited with return code 0
[2022-11-22T01:37:54.159+0000] {taskinstance.py:2623} INFO - 0 downstream tasks scheduled from follow-on schedule check
