[2022-11-22T01:38:16.768+0000] {taskinstance.py:1165} INFO - Dependencies all met for <TaskInstance: our_first_dag_v5.first_task scheduled__2021-09-07T00:00:00+00:00 [queued]>
[2022-11-22T01:38:16.793+0000] {taskinstance.py:1165} INFO - Dependencies all met for <TaskInstance: our_first_dag_v5.first_task scheduled__2021-09-07T00:00:00+00:00 [queued]>
[2022-11-22T01:38:16.794+0000] {taskinstance.py:1362} INFO - 
--------------------------------------------------------------------------------
[2022-11-22T01:38:16.794+0000] {taskinstance.py:1363} INFO - Starting attempt 1 of 6
[2022-11-22T01:38:16.794+0000] {taskinstance.py:1364} INFO - 
--------------------------------------------------------------------------------
[2022-11-22T01:38:16.844+0000] {taskinstance.py:1383} INFO - Executing <Task(BashOperator): first_task> on 2021-09-07 00:00:00+00:00
[2022-11-22T01:38:16.858+0000] {standard_task_runner.py:55} INFO - Started process 1454 to run task
[2022-11-22T01:38:16.868+0000] {standard_task_runner.py:82} INFO - Running: ['***', 'tasks', 'run', 'our_first_dag_v5', 'first_task', 'scheduled__2021-09-07T00:00:00+00:00', '--job-id', '122', '--raw', '--subdir', 'DAGS_FOLDER/our_first_dag.py', '--cfg-path', '/tmp/tmpcmzvurzw']
[2022-11-22T01:38:16.872+0000] {standard_task_runner.py:83} INFO - Job 122: Subtask first_task
[2022-11-22T01:38:16.998+0000] {task_command.py:376} INFO - Running <TaskInstance: our_first_dag_v5.first_task scheduled__2021-09-07T00:00:00+00:00 [running]> on host ada0bfaa3ff2
[2022-11-22T01:38:17.161+0000] {taskinstance.py:1592} INFO - Exporting the following env vars:
AIRFLOW_CTX_DAG_OWNER=bruno
AIRFLOW_CTX_DAG_ID=our_first_dag_v5
AIRFLOW_CTX_TASK_ID=first_task
AIRFLOW_CTX_EXECUTION_DATE=2021-09-07T00:00:00+00:00
AIRFLOW_CTX_TRY_NUMBER=1
AIRFLOW_CTX_DAG_RUN_ID=scheduled__2021-09-07T00:00:00+00:00
[2022-11-22T01:38:17.162+0000] {subprocess.py:63} INFO - Tmp dir root location: 
 /tmp
[2022-11-22T01:38:17.163+0000] {subprocess.py:75} INFO - Running command: ['/bin/bash', '-c', 'echo hello world, this is the first task!']
[2022-11-22T01:38:17.210+0000] {subprocess.py:86} INFO - Output:
[2022-11-22T01:38:17.212+0000] {subprocess.py:93} INFO - hello world, this is the first task!
[2022-11-22T01:38:17.212+0000] {subprocess.py:97} INFO - Command exited with return code 0
[2022-11-22T01:38:17.262+0000] {taskinstance.py:1406} INFO - Marking task as SUCCESS. dag_id=our_first_dag_v5, task_id=first_task, execution_date=20210907T000000, start_date=20221122T013816, end_date=20221122T013817
[2022-11-22T01:38:17.445+0000] {local_task_job.py:159} INFO - Task exited with return code 0
[2022-11-22T01:38:17.508+0000] {taskinstance.py:2623} INFO - 2 downstream tasks scheduled from follow-on schedule check
