[2022-11-30T01:50:29.417+0000] {taskinstance.py:1165} INFO - Dependencies all met for <TaskInstance: dag_with_postgres_operator_v03.delete_from_table manual__2022-11-30T01:50:27.559061+00:00 [queued]>
[2022-11-30T01:50:29.428+0000] {taskinstance.py:1165} INFO - Dependencies all met for <TaskInstance: dag_with_postgres_operator_v03.delete_from_table manual__2022-11-30T01:50:27.559061+00:00 [queued]>
[2022-11-30T01:50:29.428+0000] {taskinstance.py:1362} INFO - 
--------------------------------------------------------------------------------
[2022-11-30T01:50:29.428+0000] {taskinstance.py:1363} INFO - Starting attempt 1 of 6
[2022-11-30T01:50:29.428+0000] {taskinstance.py:1364} INFO - 
--------------------------------------------------------------------------------
[2022-11-30T01:50:29.443+0000] {taskinstance.py:1383} INFO - Executing <Task(PostgresOperator): delete_from_table> on 2022-11-30 01:50:27.559061+00:00
[2022-11-30T01:50:29.447+0000] {standard_task_runner.py:55} INFO - Started process 2478 to run task
[2022-11-30T01:50:29.450+0000] {standard_task_runner.py:82} INFO - Running: ['***', 'tasks', 'run', 'dag_with_postgres_operator_v03', 'delete_from_table', 'manual__2022-11-30T01:50:27.559061+00:00', '--job-id', '202', '--raw', '--subdir', 'DAGS_FOLDER/dag_with_postgres_operator.py', '--cfg-path', '/tmp/tmpiog63svv']
[2022-11-30T01:50:29.451+0000] {standard_task_runner.py:83} INFO - Job 202: Subtask delete_from_table
[2022-11-30T01:50:29.505+0000] {task_command.py:376} INFO - Running <TaskInstance: dag_with_postgres_operator_v03.delete_from_table manual__2022-11-30T01:50:27.559061+00:00 [running]> on host 2c9b3e546def
[2022-11-30T01:50:29.582+0000] {taskinstance.py:1592} INFO - Exporting the following env vars:
AIRFLOW_CTX_DAG_OWNER=Bruno Lima
AIRFLOW_CTX_DAG_ID=dag_with_postgres_operator_v03
AIRFLOW_CTX_TASK_ID=delete_from_table
AIRFLOW_CTX_EXECUTION_DATE=2022-11-30T01:50:27.559061+00:00
AIRFLOW_CTX_TRY_NUMBER=1
AIRFLOW_CTX_DAG_RUN_ID=manual__2022-11-30T01:50:27.559061+00:00
[2022-11-30T01:50:29.590+0000] {base.py:71} INFO - Using connection ID 'postgres_localhost' for task execution.
[2022-11-30T01:50:29.593+0000] {sql.py:315} INFO - Running statement: 
            delete from dag_runs where dt = '2022-11-30' and dag_id = 'dag_with_postgres_operator_v03';
        , parameters: None
[2022-11-30T01:50:29.594+0000] {sql.py:324} INFO - Rows affected: 0
[2022-11-30T01:50:29.605+0000] {taskinstance.py:1406} INFO - Marking task as SUCCESS. dag_id=dag_with_postgres_operator_v03, task_id=delete_from_table, execution_date=20221130T015027, start_date=20221130T015029, end_date=20221130T015029
[2022-11-30T01:50:29.622+0000] {local_task_job.py:159} INFO - Task exited with return code 0
[2022-11-30T01:50:29.643+0000] {taskinstance.py:2623} INFO - 1 downstream tasks scheduled from follow-on schedule check
