[2022-11-22T01:39:45.066+0000] {taskinstance.py:1165} INFO - Dependencies all met for <TaskInstance: our_first_dag2.second_task scheduled__2022-11-15T00:00:00+00:00 [queued]>
[2022-11-22T01:39:45.078+0000] {taskinstance.py:1165} INFO - Dependencies all met for <TaskInstance: our_first_dag2.second_task scheduled__2022-11-15T00:00:00+00:00 [queued]>
[2022-11-22T01:39:45.079+0000] {taskinstance.py:1362} INFO - 
--------------------------------------------------------------------------------
[2022-11-22T01:39:45.079+0000] {taskinstance.py:1363} INFO - Starting attempt 1 of 6
[2022-11-22T01:39:45.079+0000] {taskinstance.py:1364} INFO - 
--------------------------------------------------------------------------------
[2022-11-22T01:39:45.103+0000] {taskinstance.py:1383} INFO - Executing <Task(BashOperator): second_task> on 2022-11-15 00:00:00+00:00
[2022-11-22T01:39:45.110+0000] {standard_task_runner.py:55} INFO - Started process 1905 to run task
[2022-11-22T01:39:45.114+0000] {standard_task_runner.py:82} INFO - Running: ['***', 'tasks', 'run', 'our_first_dag2', 'second_task', 'scheduled__2022-11-15T00:00:00+00:00', '--job-id', '235', '--raw', '--subdir', 'DAGS_FOLDER/our_first_dag.py', '--cfg-path', '/tmp/tmpmwlaawzq']
[2022-11-22T01:39:45.116+0000] {standard_task_runner.py:83} INFO - Job 235: Subtask second_task
[2022-11-22T01:39:45.219+0000] {task_command.py:376} INFO - Running <TaskInstance: our_first_dag2.second_task scheduled__2022-11-15T00:00:00+00:00 [running]> on host ada0bfaa3ff2
[2022-11-22T01:39:45.320+0000] {taskinstance.py:1592} INFO - Exporting the following env vars:
AIRFLOW_CTX_DAG_OWNER=burno
AIRFLOW_CTX_DAG_ID=our_first_dag2
AIRFLOW_CTX_TASK_ID=second_task
AIRFLOW_CTX_EXECUTION_DATE=2022-11-15T00:00:00+00:00
AIRFLOW_CTX_TRY_NUMBER=1
AIRFLOW_CTX_DAG_RUN_ID=scheduled__2022-11-15T00:00:00+00:00
[2022-11-22T01:39:45.321+0000] {subprocess.py:63} INFO - Tmp dir root location: 
 /tmp
[2022-11-22T01:39:45.322+0000] {subprocess.py:75} INFO - Running command: ['/bin/bash', '-c', 'echo hey, I am task2 and will be running after task1!']
[2022-11-22T01:39:45.344+0000] {subprocess.py:86} INFO - Output:
[2022-11-22T01:39:45.345+0000] {subprocess.py:93} INFO - hey, I am task2 and will be running after task1!
[2022-11-22T01:39:45.346+0000] {subprocess.py:97} INFO - Command exited with return code 0
[2022-11-22T01:39:45.398+0000] {taskinstance.py:1406} INFO - Marking task as SUCCESS. dag_id=our_first_dag2, task_id=second_task, execution_date=20221115T000000, start_date=20221122T013945, end_date=20221122T013945
[2022-11-22T01:39:45.445+0000] {local_task_job.py:159} INFO - Task exited with return code 0
[2022-11-22T01:39:45.531+0000] {taskinstance.py:2623} INFO - 0 downstream tasks scheduled from follow-on schedule check
