[2022-11-28T02:20:59.538+0000] {taskinstance.py:1165} INFO - Dependencies all met for <TaskInstance: dag_with_taskflow_api_v02.get_age scheduled__2022-11-27T00:00:00+00:00 [queued]>
[2022-11-28T02:20:59.555+0000] {taskinstance.py:1165} INFO - Dependencies all met for <TaskInstance: dag_with_taskflow_api_v02.get_age scheduled__2022-11-27T00:00:00+00:00 [queued]>
[2022-11-28T02:20:59.555+0000] {taskinstance.py:1362} INFO - 
--------------------------------------------------------------------------------
[2022-11-28T02:20:59.556+0000] {taskinstance.py:1363} INFO - Starting attempt 1 of 6
[2022-11-28T02:20:59.556+0000] {taskinstance.py:1364} INFO - 
--------------------------------------------------------------------------------
[2022-11-28T02:20:59.593+0000] {taskinstance.py:1383} INFO - Executing <Task(_PythonDecoratedOperator): get_age> on 2022-11-27 00:00:00+00:00
[2022-11-28T02:20:59.603+0000] {standard_task_runner.py:55} INFO - Started process 1947 to run task
[2022-11-28T02:20:59.606+0000] {standard_task_runner.py:82} INFO - Running: ['***', 'tasks', 'run', 'dag_with_taskflow_api_v02', 'get_age', 'scheduled__2022-11-27T00:00:00+00:00', '--job-id', '108', '--raw', '--subdir', 'DAGS_FOLDER/dag_eith_tasksflow_api.py', '--cfg-path', '/tmp/tmpu1tc23vz']
[2022-11-28T02:20:59.613+0000] {standard_task_runner.py:83} INFO - Job 108: Subtask get_age
[2022-11-28T02:20:59.701+0000] {task_command.py:376} INFO - Running <TaskInstance: dag_with_taskflow_api_v02.get_age scheduled__2022-11-27T00:00:00+00:00 [running]> on host 04d264156372
[2022-11-28T02:20:59.801+0000] {taskinstance.py:1592} INFO - Exporting the following env vars:
AIRFLOW_CTX_DAG_OWNER=bruno
AIRFLOW_CTX_DAG_ID=dag_with_taskflow_api_v02
AIRFLOW_CTX_TASK_ID=get_age
AIRFLOW_CTX_EXECUTION_DATE=2022-11-27T00:00:00+00:00
AIRFLOW_CTX_TRY_NUMBER=1
AIRFLOW_CTX_DAG_RUN_ID=scheduled__2022-11-27T00:00:00+00:00
[2022-11-28T02:20:59.802+0000] {python.py:177} INFO - Done. Returned value was: 19
[2022-11-28T02:20:59.827+0000] {taskinstance.py:1406} INFO - Marking task as SUCCESS. dag_id=dag_with_taskflow_api_v02, task_id=get_age, execution_date=20221127T000000, start_date=20221128T022059, end_date=20221128T022059
[2022-11-28T02:20:59.871+0000] {local_task_job.py:159} INFO - Task exited with return code 0
[2022-11-28T02:20:59.905+0000] {taskinstance.py:2623} INFO - 1 downstream tasks scheduled from follow-on schedule check
