[2022-11-27T18:05:06.026+0000] {taskinstance.py:1165} INFO - Dependencies all met for <TaskInstance: our_dag_with_python_operator_v06.greet scheduled__2022-11-26T00:00:00+00:00 [queued]>
[2022-11-27T18:05:06.040+0000] {taskinstance.py:1165} INFO - Dependencies all met for <TaskInstance: our_dag_with_python_operator_v06.greet scheduled__2022-11-26T00:00:00+00:00 [queued]>
[2022-11-27T18:05:06.041+0000] {taskinstance.py:1362} INFO - 
--------------------------------------------------------------------------------
[2022-11-27T18:05:06.041+0000] {taskinstance.py:1363} INFO - Starting attempt 1 of 6
[2022-11-27T18:05:06.041+0000] {taskinstance.py:1364} INFO - 
--------------------------------------------------------------------------------
[2022-11-27T18:05:06.060+0000] {taskinstance.py:1383} INFO - Executing <Task(PythonOperator): greet> on 2022-11-26 00:00:00+00:00
[2022-11-27T18:05:06.067+0000] {standard_task_runner.py:55} INFO - Started process 224 to run task
[2022-11-27T18:05:06.070+0000] {standard_task_runner.py:82} INFO - Running: ['***', 'tasks', 'run', 'our_dag_with_python_operator_v06', 'greet', 'scheduled__2022-11-26T00:00:00+00:00', '--job-id', '83', '--raw', '--subdir', 'DAGS_FOLDER/create_dag_with_python_operator.py', '--cfg-path', '/tmp/tmpc6tibr5e']
[2022-11-27T18:05:06.071+0000] {standard_task_runner.py:83} INFO - Job 83: Subtask greet
[2022-11-27T18:05:06.144+0000] {task_command.py:376} INFO - Running <TaskInstance: our_dag_with_python_operator_v06.greet scheduled__2022-11-26T00:00:00+00:00 [running]> on host 9f4316afb24b
[2022-11-27T18:05:06.226+0000] {taskinstance.py:1592} INFO - Exporting the following env vars:
AIRFLOW_CTX_DAG_OWNER=burno
AIRFLOW_CTX_DAG_ID=our_dag_with_python_operator_v06
AIRFLOW_CTX_TASK_ID=greet
AIRFLOW_CTX_EXECUTION_DATE=2022-11-26T00:00:00+00:00
AIRFLOW_CTX_TRY_NUMBER=1
AIRFLOW_CTX_DAG_RUN_ID=scheduled__2022-11-26T00:00:00+00:00
[2022-11-27T18:05:06.264+0000] {logging_mixin.py:137} INFO - Hello World! My name is Bruno Lima, and I am 22 years old!
[2022-11-27T18:05:06.265+0000] {python.py:177} INFO - Done. Returned value was: None
[2022-11-27T18:05:06.277+0000] {taskinstance.py:1406} INFO - Marking task as SUCCESS. dag_id=our_dag_with_python_operator_v06, task_id=greet, execution_date=20221126T000000, start_date=20221127T180506, end_date=20221127T180506
[2022-11-27T18:05:06.328+0000] {local_task_job.py:159} INFO - Task exited with return code 0
[2022-11-27T18:05:06.349+0000] {taskinstance.py:2623} INFO - 0 downstream tasks scheduled from follow-on schedule check
