[2022-11-22T01:38:24.765+0000] {taskinstance.py:1165} INFO - Dependencies all met for <TaskInstance: our_first_dag_v5.second_task scheduled__2021-09-12T00:00:00+00:00 [queued]>
[2022-11-22T01:38:24.841+0000] {taskinstance.py:1165} INFO - Dependencies all met for <TaskInstance: our_first_dag_v5.second_task scheduled__2021-09-12T00:00:00+00:00 [queued]>
[2022-11-22T01:38:24.841+0000] {taskinstance.py:1362} INFO - 
--------------------------------------------------------------------------------
[2022-11-22T01:38:24.841+0000] {taskinstance.py:1363} INFO - Starting attempt 1 of 6
[2022-11-22T01:38:24.841+0000] {taskinstance.py:1364} INFO - 
--------------------------------------------------------------------------------
[2022-11-22T01:38:25.279+0000] {taskinstance.py:1383} INFO - Executing <Task(BashOperator): second_task> on 2021-09-12 00:00:00+00:00
[2022-11-22T01:38:25.317+0000] {standard_task_runner.py:55} INFO - Started process 1543 to run task
[2022-11-22T01:38:25.333+0000] {standard_task_runner.py:82} INFO - Running: ['***', 'tasks', 'run', 'our_first_dag_v5', 'second_task', 'scheduled__2021-09-12T00:00:00+00:00', '--job-id', '145', '--raw', '--subdir', 'DAGS_FOLDER/our_first_dag.py', '--cfg-path', '/tmp/tmpftrujb0y']
[2022-11-22T01:38:25.334+0000] {standard_task_runner.py:83} INFO - Job 145: Subtask second_task
[2022-11-22T01:38:25.712+0000] {task_command.py:376} INFO - Running <TaskInstance: our_first_dag_v5.second_task scheduled__2021-09-12T00:00:00+00:00 [running]> on host ada0bfaa3ff2
[2022-11-22T01:38:26.114+0000] {taskinstance.py:1592} INFO - Exporting the following env vars:
AIRFLOW_CTX_DAG_OWNER=bruno
AIRFLOW_CTX_DAG_ID=our_first_dag_v5
AIRFLOW_CTX_TASK_ID=second_task
AIRFLOW_CTX_EXECUTION_DATE=2021-09-12T00:00:00+00:00
AIRFLOW_CTX_TRY_NUMBER=1
AIRFLOW_CTX_DAG_RUN_ID=scheduled__2021-09-12T00:00:00+00:00
[2022-11-22T01:38:26.117+0000] {subprocess.py:63} INFO - Tmp dir root location: 
 /tmp
[2022-11-22T01:38:26.124+0000] {subprocess.py:75} INFO - Running command: ['/bin/bash', '-c', 'echo hey, I am task2 and will be running after task1!']
[2022-11-22T01:38:26.253+0000] {subprocess.py:86} INFO - Output:
[2022-11-22T01:38:26.284+0000] {subprocess.py:93} INFO - hey, I am task2 and will be running after task1!
[2022-11-22T01:38:26.296+0000] {subprocess.py:97} INFO - Command exited with return code 0
[2022-11-22T01:38:26.392+0000] {taskinstance.py:1406} INFO - Marking task as SUCCESS. dag_id=our_first_dag_v5, task_id=second_task, execution_date=20210912T000000, start_date=20221122T013824, end_date=20221122T013826
[2022-11-22T01:38:26.486+0000] {local_task_job.py:159} INFO - Task exited with return code 0
[2022-11-22T01:38:26.601+0000] {taskinstance.py:2623} INFO - 0 downstream tasks scheduled from follow-on schedule check
