[2022-11-22T01:38:09.097+0000] {taskinstance.py:1165} INFO - Dependencies all met for <TaskInstance: our_first_dag_v5.second_task scheduled__2021-09-02T00:00:00+00:00 [queued]>
[2022-11-22T01:38:09.192+0000] {taskinstance.py:1165} INFO - Dependencies all met for <TaskInstance: our_first_dag_v5.second_task scheduled__2021-09-02T00:00:00+00:00 [queued]>
[2022-11-22T01:38:09.193+0000] {taskinstance.py:1362} INFO - 
--------------------------------------------------------------------------------
[2022-11-22T01:38:09.199+0000] {taskinstance.py:1363} INFO - Starting attempt 1 of 6
[2022-11-22T01:38:09.199+0000] {taskinstance.py:1364} INFO - 
--------------------------------------------------------------------------------
[2022-11-22T01:38:09.339+0000] {taskinstance.py:1383} INFO - Executing <Task(BashOperator): second_task> on 2021-09-02 00:00:00+00:00
[2022-11-22T01:38:09.367+0000] {standard_task_runner.py:55} INFO - Started process 1415 to run task
[2022-11-22T01:38:09.385+0000] {standard_task_runner.py:82} INFO - Running: ['***', 'tasks', 'run', 'our_first_dag_v5', 'second_task', 'scheduled__2021-09-02T00:00:00+00:00', '--job-id', '110', '--raw', '--subdir', 'DAGS_FOLDER/our_first_dag.py', '--cfg-path', '/tmp/tmpx90nvegk']
[2022-11-22T01:38:09.400+0000] {standard_task_runner.py:83} INFO - Job 110: Subtask second_task
[2022-11-22T01:38:09.559+0000] {task_command.py:376} INFO - Running <TaskInstance: our_first_dag_v5.second_task scheduled__2021-09-02T00:00:00+00:00 [running]> on host ada0bfaa3ff2
[2022-11-22T01:38:09.908+0000] {taskinstance.py:1592} INFO - Exporting the following env vars:
AIRFLOW_CTX_DAG_OWNER=bruno
AIRFLOW_CTX_DAG_ID=our_first_dag_v5
AIRFLOW_CTX_TASK_ID=second_task
AIRFLOW_CTX_EXECUTION_DATE=2021-09-02T00:00:00+00:00
AIRFLOW_CTX_TRY_NUMBER=1
AIRFLOW_CTX_DAG_RUN_ID=scheduled__2021-09-02T00:00:00+00:00
[2022-11-22T01:38:09.915+0000] {subprocess.py:63} INFO - Tmp dir root location: 
 /tmp
[2022-11-22T01:38:09.918+0000] {subprocess.py:75} INFO - Running command: ['/bin/bash', '-c', 'echo hey, I am task2 and will be running after task1!']
[2022-11-22T01:38:09.996+0000] {subprocess.py:86} INFO - Output:
[2022-11-22T01:38:10.009+0000] {subprocess.py:93} INFO - hey, I am task2 and will be running after task1!
[2022-11-22T01:38:10.010+0000] {subprocess.py:97} INFO - Command exited with return code 0
[2022-11-22T01:38:10.106+0000] {taskinstance.py:1406} INFO - Marking task as SUCCESS. dag_id=our_first_dag_v5, task_id=second_task, execution_date=20210902T000000, start_date=20221122T013809, end_date=20221122T013810
[2022-11-22T01:38:10.207+0000] {local_task_job.py:159} INFO - Task exited with return code 0
[2022-11-22T01:38:10.251+0000] {taskinstance.py:2623} INFO - 0 downstream tasks scheduled from follow-on schedule check
