[2022-11-30T01:41:23.559+0000] {taskinstance.py:1165} INFO - Dependencies all met for <TaskInstance: dag_with_postgres_operator_v02.create_postgres_table scheduled__2022-11-29T00:00:00+00:00 [queued]>
[2022-11-30T01:41:23.575+0000] {taskinstance.py:1165} INFO - Dependencies all met for <TaskInstance: dag_with_postgres_operator_v02.create_postgres_table scheduled__2022-11-29T00:00:00+00:00 [queued]>
[2022-11-30T01:41:23.575+0000] {taskinstance.py:1362} INFO - 
--------------------------------------------------------------------------------
[2022-11-30T01:41:23.575+0000] {taskinstance.py:1363} INFO - Starting attempt 1 of 6
[2022-11-30T01:41:23.575+0000] {taskinstance.py:1364} INFO - 
--------------------------------------------------------------------------------
[2022-11-30T01:41:23.597+0000] {taskinstance.py:1383} INFO - Executing <Task(PostgresOperator): create_postgres_table> on 2022-11-29 00:00:00+00:00
[2022-11-30T01:41:23.602+0000] {standard_task_runner.py:55} INFO - Started process 1315 to run task
[2022-11-30T01:41:23.606+0000] {standard_task_runner.py:82} INFO - Running: ['***', 'tasks', 'run', 'dag_with_postgres_operator_v02', 'create_postgres_table', 'scheduled__2022-11-29T00:00:00+00:00', '--job-id', '147', '--raw', '--subdir', 'DAGS_FOLDER/dag_with_postgres_operator.py', '--cfg-path', '/tmp/tmpxxo5spua']
[2022-11-30T01:41:23.607+0000] {standard_task_runner.py:83} INFO - Job 147: Subtask create_postgres_table
[2022-11-30T01:41:23.686+0000] {task_command.py:376} INFO - Running <TaskInstance: dag_with_postgres_operator_v02.create_postgres_table scheduled__2022-11-29T00:00:00+00:00 [running]> on host 2c9b3e546def
[2022-11-30T01:41:23.760+0000] {taskinstance.py:1592} INFO - Exporting the following env vars:
AIRFLOW_CTX_DAG_OWNER=Bruno Lima
AIRFLOW_CTX_DAG_ID=dag_with_postgres_operator_v02
AIRFLOW_CTX_TASK_ID=create_postgres_table
AIRFLOW_CTX_EXECUTION_DATE=2022-11-29T00:00:00+00:00
AIRFLOW_CTX_TRY_NUMBER=1
AIRFLOW_CTX_DAG_RUN_ID=scheduled__2022-11-29T00:00:00+00:00
[2022-11-30T01:41:23.768+0000] {base.py:71} INFO - Using connection ID 'postgres_localhost' for task execution.
[2022-11-30T01:41:23.772+0000] {sql.py:315} INFO - Running statement: 
            create table if not exists dag_runs(
                dt date,
                dag_id character varying,
                primary key (dt, dag_id)
            )
        , parameters: None
[2022-11-30T01:41:23.772+0000] {postgres.py:96} INFO - NOTICE:  relation "dag_runs" already exists, skipping

[2022-11-30T01:41:23.781+0000] {taskinstance.py:1406} INFO - Marking task as SUCCESS. dag_id=dag_with_postgres_operator_v02, task_id=create_postgres_table, execution_date=20221129T000000, start_date=20221130T014123, end_date=20221130T014123
[2022-11-30T01:41:23.818+0000] {local_task_job.py:159} INFO - Task exited with return code 0
[2022-11-30T01:41:23.845+0000] {taskinstance.py:2623} INFO - 1 downstream tasks scheduled from follow-on schedule check
[2022-11-30T01:43:27.396+0000] {taskinstance.py:1165} INFO - Dependencies all met for <TaskInstance: dag_with_postgres_operator_v02.create_postgres_table scheduled__2022-11-29T00:00:00+00:00 [queued]>
[2022-11-30T01:43:27.407+0000] {taskinstance.py:1165} INFO - Dependencies all met for <TaskInstance: dag_with_postgres_operator_v02.create_postgres_table scheduled__2022-11-29T00:00:00+00:00 [queued]>
[2022-11-30T01:43:27.407+0000] {taskinstance.py:1362} INFO - 
--------------------------------------------------------------------------------
[2022-11-30T01:43:27.407+0000] {taskinstance.py:1363} INFO - Starting attempt 1 of 6
[2022-11-30T01:43:27.408+0000] {taskinstance.py:1364} INFO - 
--------------------------------------------------------------------------------
[2022-11-30T01:43:27.424+0000] {taskinstance.py:1383} INFO - Executing <Task(PostgresOperator): create_postgres_table> on 2022-11-29 00:00:00+00:00
[2022-11-30T01:43:27.429+0000] {standard_task_runner.py:55} INFO - Started process 1574 to run task
[2022-11-30T01:43:27.431+0000] {standard_task_runner.py:82} INFO - Running: ['***', 'tasks', 'run', 'dag_with_postgres_operator_v02', 'create_postgres_table', 'scheduled__2022-11-29T00:00:00+00:00', '--job-id', '160', '--raw', '--subdir', 'DAGS_FOLDER/dag_with_postgres_operator.py', '--cfg-path', '/tmp/tmpn2f10zjp']
[2022-11-30T01:43:27.433+0000] {standard_task_runner.py:83} INFO - Job 160: Subtask create_postgres_table
[2022-11-30T01:43:27.496+0000] {task_command.py:376} INFO - Running <TaskInstance: dag_with_postgres_operator_v02.create_postgres_table scheduled__2022-11-29T00:00:00+00:00 [running]> on host 2c9b3e546def
[2022-11-30T01:43:27.596+0000] {taskinstance.py:1592} INFO - Exporting the following env vars:
AIRFLOW_CTX_DAG_OWNER=Bruno Lima
AIRFLOW_CTX_DAG_ID=dag_with_postgres_operator_v02
AIRFLOW_CTX_TASK_ID=create_postgres_table
AIRFLOW_CTX_EXECUTION_DATE=2022-11-29T00:00:00+00:00
AIRFLOW_CTX_TRY_NUMBER=1
AIRFLOW_CTX_DAG_RUN_ID=scheduled__2022-11-29T00:00:00+00:00
[2022-11-30T01:43:27.605+0000] {base.py:71} INFO - Using connection ID 'postgres_localhost' for task execution.
[2022-11-30T01:43:27.609+0000] {sql.py:315} INFO - Running statement: 
            create table if not exists dag_runs(
                dt date,
                dag_id character varying,
                primary key (dt, dag_id)
            )
        , parameters: None
[2022-11-30T01:43:27.610+0000] {postgres.py:96} INFO - NOTICE:  relation "dag_runs" already exists, skipping

[2022-11-30T01:43:27.620+0000] {taskinstance.py:1406} INFO - Marking task as SUCCESS. dag_id=dag_with_postgres_operator_v02, task_id=create_postgres_table, execution_date=20221129T000000, start_date=20221130T014327, end_date=20221130T014327
[2022-11-30T01:43:27.643+0000] {local_task_job.py:159} INFO - Task exited with return code 0
[2022-11-30T01:43:27.667+0000] {taskinstance.py:2623} INFO - 1 downstream tasks scheduled from follow-on schedule check
[2022-11-30T01:44:25.300+0000] {taskinstance.py:1165} INFO - Dependencies all met for <TaskInstance: dag_with_postgres_operator_v02.create_postgres_table scheduled__2022-11-29T00:00:00+00:00 [queued]>
[2022-11-30T01:44:25.311+0000] {taskinstance.py:1165} INFO - Dependencies all met for <TaskInstance: dag_with_postgres_operator_v02.create_postgres_table scheduled__2022-11-29T00:00:00+00:00 [queued]>
[2022-11-30T01:44:25.311+0000] {taskinstance.py:1362} INFO - 
--------------------------------------------------------------------------------
[2022-11-30T01:44:25.311+0000] {taskinstance.py:1363} INFO - Starting attempt 1 of 6
[2022-11-30T01:44:25.311+0000] {taskinstance.py:1364} INFO - 
--------------------------------------------------------------------------------
[2022-11-30T01:44:25.330+0000] {taskinstance.py:1383} INFO - Executing <Task(PostgresOperator): create_postgres_table> on 2022-11-29 00:00:00+00:00
[2022-11-30T01:44:25.334+0000] {standard_task_runner.py:55} INFO - Started process 1699 to run task
[2022-11-30T01:44:25.337+0000] {standard_task_runner.py:82} INFO - Running: ['***', 'tasks', 'run', 'dag_with_postgres_operator_v02', 'create_postgres_table', 'scheduled__2022-11-29T00:00:00+00:00', '--job-id', '170', '--raw', '--subdir', 'DAGS_FOLDER/dag_with_postgres_operator.py', '--cfg-path', '/tmp/tmpri4a0wz4']
[2022-11-30T01:44:25.338+0000] {standard_task_runner.py:83} INFO - Job 170: Subtask create_postgres_table
[2022-11-30T01:44:25.404+0000] {task_command.py:376} INFO - Running <TaskInstance: dag_with_postgres_operator_v02.create_postgres_table scheduled__2022-11-29T00:00:00+00:00 [running]> on host 2c9b3e546def
[2022-11-30T01:44:25.484+0000] {taskinstance.py:1592} INFO - Exporting the following env vars:
AIRFLOW_CTX_DAG_OWNER=Bruno Lima
AIRFLOW_CTX_DAG_ID=dag_with_postgres_operator_v02
AIRFLOW_CTX_TASK_ID=create_postgres_table
AIRFLOW_CTX_EXECUTION_DATE=2022-11-29T00:00:00+00:00
AIRFLOW_CTX_TRY_NUMBER=1
AIRFLOW_CTX_DAG_RUN_ID=scheduled__2022-11-29T00:00:00+00:00
[2022-11-30T01:44:25.492+0000] {base.py:71} INFO - Using connection ID 'postgres_localhost' for task execution.
[2022-11-30T01:44:25.497+0000] {sql.py:315} INFO - Running statement: 
            create table if not exists dag_runs(
                dt date,
                dag_id character varying,
                primary key (dt, dag_id)
            )
        , parameters: None
[2022-11-30T01:44:25.498+0000] {postgres.py:96} INFO - NOTICE:  relation "dag_runs" already exists, skipping

[2022-11-30T01:44:25.506+0000] {taskinstance.py:1406} INFO - Marking task as SUCCESS. dag_id=dag_with_postgres_operator_v02, task_id=create_postgres_table, execution_date=20221129T000000, start_date=20221130T014425, end_date=20221130T014425
[2022-11-30T01:44:25.550+0000] {local_task_job.py:159} INFO - Task exited with return code 0
[2022-11-30T01:44:25.575+0000] {taskinstance.py:2623} INFO - 1 downstream tasks scheduled from follow-on schedule check
