[2022-11-22T01:38:26.828+0000] {taskinstance.py:1165} INFO - Dependencies all met for <TaskInstance: our_first_dag_v5.thrid_task scheduled__2021-09-15T00:00:00+00:00 [queued]>
[2022-11-22T01:38:26.905+0000] {taskinstance.py:1165} INFO - Dependencies all met for <TaskInstance: our_first_dag_v5.thrid_task scheduled__2021-09-15T00:00:00+00:00 [queued]>
[2022-11-22T01:38:26.905+0000] {taskinstance.py:1362} INFO - 
--------------------------------------------------------------------------------
[2022-11-22T01:38:26.905+0000] {taskinstance.py:1363} INFO - Starting attempt 1 of 6
[2022-11-22T01:38:26.905+0000] {taskinstance.py:1364} INFO - 
--------------------------------------------------------------------------------
[2022-11-22T01:38:26.996+0000] {taskinstance.py:1383} INFO - Executing <Task(BashOperator): thrid_task> on 2021-09-15 00:00:00+00:00
[2022-11-22T01:38:27.006+0000] {standard_task_runner.py:55} INFO - Started process 1556 to run task
[2022-11-22T01:38:27.012+0000] {standard_task_runner.py:82} INFO - Running: ['***', 'tasks', 'run', 'our_first_dag_v5', 'thrid_task', 'scheduled__2021-09-15T00:00:00+00:00', '--job-id', '152', '--raw', '--subdir', 'DAGS_FOLDER/our_first_dag.py', '--cfg-path', '/tmp/tmpw51f1d_u']
[2022-11-22T01:38:27.014+0000] {standard_task_runner.py:83} INFO - Job 152: Subtask thrid_task
[2022-11-22T01:38:27.313+0000] {task_command.py:376} INFO - Running <TaskInstance: our_first_dag_v5.thrid_task scheduled__2021-09-15T00:00:00+00:00 [running]> on host ada0bfaa3ff2
[2022-11-22T01:38:27.885+0000] {taskinstance.py:1592} INFO - Exporting the following env vars:
AIRFLOW_CTX_DAG_OWNER=bruno
AIRFLOW_CTX_DAG_ID=our_first_dag_v5
AIRFLOW_CTX_TASK_ID=thrid_task
AIRFLOW_CTX_EXECUTION_DATE=2021-09-15T00:00:00+00:00
AIRFLOW_CTX_TRY_NUMBER=1
AIRFLOW_CTX_DAG_RUN_ID=scheduled__2021-09-15T00:00:00+00:00
[2022-11-22T01:38:27.891+0000] {subprocess.py:63} INFO - Tmp dir root location: 
 /tmp
[2022-11-22T01:38:27.891+0000] {subprocess.py:75} INFO - Running command: ['/bin/bash', '-c', 'echo hey, I am task3 and will be running after task1 at the same time as task2!']
[2022-11-22T01:38:27.968+0000] {subprocess.py:86} INFO - Output:
[2022-11-22T01:38:27.980+0000] {subprocess.py:93} INFO - hey, I am task3 and will be running after task1 at the same time as task2!
[2022-11-22T01:38:27.984+0000] {subprocess.py:97} INFO - Command exited with return code 0
[2022-11-22T01:38:28.061+0000] {taskinstance.py:1406} INFO - Marking task as SUCCESS. dag_id=our_first_dag_v5, task_id=thrid_task, execution_date=20210915T000000, start_date=20221122T013826, end_date=20221122T013828
[2022-11-22T01:38:28.158+0000] {local_task_job.py:159} INFO - Task exited with return code 0
[2022-11-22T01:38:28.252+0000] {taskinstance.py:2623} INFO - 0 downstream tasks scheduled from follow-on schedule check
