[2022-11-22T01:37:42.562+0000] {taskinstance.py:1165} INFO - Dependencies all met for <TaskInstance: our_first_dag_v5.thrid_task scheduled__2021-08-06T00:00:00+00:00 [queued]>
[2022-11-22T01:37:42.686+0000] {taskinstance.py:1165} INFO - Dependencies all met for <TaskInstance: our_first_dag_v5.thrid_task scheduled__2021-08-06T00:00:00+00:00 [queued]>
[2022-11-22T01:37:42.686+0000] {taskinstance.py:1362} INFO - 
--------------------------------------------------------------------------------
[2022-11-22T01:37:42.686+0000] {taskinstance.py:1363} INFO - Starting attempt 1 of 6
[2022-11-22T01:37:42.694+0000] {taskinstance.py:1364} INFO - 
--------------------------------------------------------------------------------
[2022-11-22T01:37:42.897+0000] {taskinstance.py:1383} INFO - Executing <Task(BashOperator): thrid_task> on 2021-08-06 00:00:00+00:00
[2022-11-22T01:37:42.944+0000] {standard_task_runner.py:55} INFO - Started process 1165 to run task
[2022-11-22T01:37:42.949+0000] {standard_task_runner.py:82} INFO - Running: ['***', 'tasks', 'run', 'our_first_dag_v5', 'thrid_task', 'scheduled__2021-08-06T00:00:00+00:00', '--job-id', '30', '--raw', '--subdir', 'DAGS_FOLDER/our_first_dag.py', '--cfg-path', '/tmp/tmpq_5bsnf9']
[2022-11-22T01:37:42.956+0000] {standard_task_runner.py:83} INFO - Job 30: Subtask thrid_task
[2022-11-22T01:37:43.140+0000] {task_command.py:376} INFO - Running <TaskInstance: our_first_dag_v5.thrid_task scheduled__2021-08-06T00:00:00+00:00 [running]> on host ada0bfaa3ff2
[2022-11-22T01:37:43.451+0000] {taskinstance.py:1592} INFO - Exporting the following env vars:
AIRFLOW_CTX_DAG_OWNER=bruno
AIRFLOW_CTX_DAG_ID=our_first_dag_v5
AIRFLOW_CTX_TASK_ID=thrid_task
AIRFLOW_CTX_EXECUTION_DATE=2021-08-06T00:00:00+00:00
AIRFLOW_CTX_TRY_NUMBER=1
AIRFLOW_CTX_DAG_RUN_ID=scheduled__2021-08-06T00:00:00+00:00
[2022-11-22T01:37:43.452+0000] {subprocess.py:63} INFO - Tmp dir root location: 
 /tmp
[2022-11-22T01:37:43.454+0000] {subprocess.py:75} INFO - Running command: ['/bin/bash', '-c', 'echo hey, I am task3 and will be running after task1 at the same time as task2!']
[2022-11-22T01:37:43.525+0000] {subprocess.py:86} INFO - Output:
[2022-11-22T01:37:43.535+0000] {subprocess.py:93} INFO - hey, I am task3 and will be running after task1 at the same time as task2!
[2022-11-22T01:37:43.541+0000] {subprocess.py:97} INFO - Command exited with return code 0
[2022-11-22T01:37:43.675+0000] {taskinstance.py:1406} INFO - Marking task as SUCCESS. dag_id=our_first_dag_v5, task_id=thrid_task, execution_date=20210806T000000, start_date=20221122T013742, end_date=20221122T013743
[2022-11-22T01:37:43.869+0000] {local_task_job.py:159} INFO - Task exited with return code 0
[2022-11-22T01:37:43.926+0000] {taskinstance.py:2623} INFO - 0 downstream tasks scheduled from follow-on schedule check
