[2022-11-22T01:38:40.132+0000] {taskinstance.py:1165} INFO - Dependencies all met for <TaskInstance: our_first_dag_v5.second_task scheduled__2021-09-29T00:00:00+00:00 [queued]>
[2022-11-22T01:38:40.196+0000] {taskinstance.py:1165} INFO - Dependencies all met for <TaskInstance: our_first_dag_v5.second_task scheduled__2021-09-29T00:00:00+00:00 [queued]>
[2022-11-22T01:38:40.197+0000] {taskinstance.py:1362} INFO - 
--------------------------------------------------------------------------------
[2022-11-22T01:38:40.197+0000] {taskinstance.py:1363} INFO - Starting attempt 1 of 6
[2022-11-22T01:38:40.197+0000] {taskinstance.py:1364} INFO - 
--------------------------------------------------------------------------------
[2022-11-22T01:38:40.245+0000] {taskinstance.py:1383} INFO - Executing <Task(BashOperator): second_task> on 2021-09-29 00:00:00+00:00
[2022-11-22T01:38:40.251+0000] {standard_task_runner.py:55} INFO - Started process 1658 to run task
[2022-11-22T01:38:40.265+0000] {standard_task_runner.py:82} INFO - Running: ['***', 'tasks', 'run', 'our_first_dag_v5', 'second_task', 'scheduled__2021-09-29T00:00:00+00:00', '--job-id', '185', '--raw', '--subdir', 'DAGS_FOLDER/our_first_dag.py', '--cfg-path', '/tmp/tmpp203t76_']
[2022-11-22T01:38:40.267+0000] {standard_task_runner.py:83} INFO - Job 185: Subtask second_task
[2022-11-22T01:38:40.476+0000] {task_command.py:376} INFO - Running <TaskInstance: our_first_dag_v5.second_task scheduled__2021-09-29T00:00:00+00:00 [running]> on host ada0bfaa3ff2
[2022-11-22T01:38:40.907+0000] {taskinstance.py:1592} INFO - Exporting the following env vars:
AIRFLOW_CTX_DAG_OWNER=bruno
AIRFLOW_CTX_DAG_ID=our_first_dag_v5
AIRFLOW_CTX_TASK_ID=second_task
AIRFLOW_CTX_EXECUTION_DATE=2021-09-29T00:00:00+00:00
AIRFLOW_CTX_TRY_NUMBER=1
AIRFLOW_CTX_DAG_RUN_ID=scheduled__2021-09-29T00:00:00+00:00
[2022-11-22T01:38:40.908+0000] {subprocess.py:63} INFO - Tmp dir root location: 
 /tmp
[2022-11-22T01:38:40.909+0000] {subprocess.py:75} INFO - Running command: ['/bin/bash', '-c', 'echo hey, I am task2 and will be running after task1!']
[2022-11-22T01:38:40.957+0000] {subprocess.py:86} INFO - Output:
[2022-11-22T01:38:40.957+0000] {subprocess.py:93} INFO - hey, I am task2 and will be running after task1!
[2022-11-22T01:38:40.957+0000] {subprocess.py:97} INFO - Command exited with return code 0
[2022-11-22T01:38:41.017+0000] {taskinstance.py:1406} INFO - Marking task as SUCCESS. dag_id=our_first_dag_v5, task_id=second_task, execution_date=20210929T000000, start_date=20221122T013840, end_date=20221122T013841
[2022-11-22T01:38:41.075+0000] {local_task_job.py:159} INFO - Task exited with return code 0
[2022-11-22T01:38:41.116+0000] {taskinstance.py:2623} INFO - 0 downstream tasks scheduled from follow-on schedule check
