[2022-11-22T01:39:37.264+0000] {taskinstance.py:1165} INFO - Dependencies all met for <TaskInstance: our_first_dag2.first_task scheduled__2022-11-07T00:00:00+00:00 [queued]>
[2022-11-22T01:39:37.311+0000] {taskinstance.py:1165} INFO - Dependencies all met for <TaskInstance: our_first_dag2.first_task scheduled__2022-11-07T00:00:00+00:00 [queued]>
[2022-11-22T01:39:37.311+0000] {taskinstance.py:1362} INFO - 
--------------------------------------------------------------------------------
[2022-11-22T01:39:37.311+0000] {taskinstance.py:1363} INFO - Starting attempt 1 of 6
[2022-11-22T01:39:37.311+0000] {taskinstance.py:1364} INFO - 
--------------------------------------------------------------------------------
[2022-11-22T01:39:37.355+0000] {taskinstance.py:1383} INFO - Executing <Task(BashOperator): first_task> on 2022-11-07 00:00:00+00:00
[2022-11-22T01:39:37.368+0000] {standard_task_runner.py:55} INFO - Started process 1850 to run task
[2022-11-22T01:39:37.373+0000] {standard_task_runner.py:82} INFO - Running: ['***', 'tasks', 'run', 'our_first_dag2', 'first_task', 'scheduled__2022-11-07T00:00:00+00:00', '--job-id', '219', '--raw', '--subdir', 'DAGS_FOLDER/our_first_dag.py', '--cfg-path', '/tmp/tmp4t77kh6q']
[2022-11-22T01:39:37.374+0000] {standard_task_runner.py:83} INFO - Job 219: Subtask first_task
[2022-11-22T01:39:37.560+0000] {task_command.py:376} INFO - Running <TaskInstance: our_first_dag2.first_task scheduled__2022-11-07T00:00:00+00:00 [running]> on host ada0bfaa3ff2
[2022-11-22T01:39:37.720+0000] {taskinstance.py:1592} INFO - Exporting the following env vars:
AIRFLOW_CTX_DAG_OWNER=burno
AIRFLOW_CTX_DAG_ID=our_first_dag2
AIRFLOW_CTX_TASK_ID=first_task
AIRFLOW_CTX_EXECUTION_DATE=2022-11-07T00:00:00+00:00
AIRFLOW_CTX_TRY_NUMBER=1
AIRFLOW_CTX_DAG_RUN_ID=scheduled__2022-11-07T00:00:00+00:00
[2022-11-22T01:39:37.721+0000] {subprocess.py:63} INFO - Tmp dir root location: 
 /tmp
[2022-11-22T01:39:37.721+0000] {subprocess.py:75} INFO - Running command: ['/bin/bash', '-c', 'echo hello world, this is the first task!']
[2022-11-22T01:39:37.761+0000] {subprocess.py:86} INFO - Output:
[2022-11-22T01:39:37.767+0000] {subprocess.py:93} INFO - hello world, this is the first task!
[2022-11-22T01:39:37.771+0000] {subprocess.py:97} INFO - Command exited with return code 0
[2022-11-22T01:39:37.820+0000] {taskinstance.py:1406} INFO - Marking task as SUCCESS. dag_id=our_first_dag2, task_id=first_task, execution_date=20221107T000000, start_date=20221122T013937, end_date=20221122T013937
[2022-11-22T01:39:37.884+0000] {local_task_job.py:159} INFO - Task exited with return code 0
[2022-11-22T01:39:38.085+0000] {taskinstance.py:2623} INFO - 1 downstream tasks scheduled from follow-on schedule check
