[2022-11-22T01:38:22.268+0000] {taskinstance.py:1165} INFO - Dependencies all met for <TaskInstance: our_first_dag_v5.thrid_task scheduled__2021-09-11T00:00:00+00:00 [queued]>
[2022-11-22T01:38:22.281+0000] {taskinstance.py:1165} INFO - Dependencies all met for <TaskInstance: our_first_dag_v5.thrid_task scheduled__2021-09-11T00:00:00+00:00 [queued]>
[2022-11-22T01:38:22.281+0000] {taskinstance.py:1362} INFO - 
--------------------------------------------------------------------------------
[2022-11-22T01:38:22.281+0000] {taskinstance.py:1363} INFO - Starting attempt 1 of 6
[2022-11-22T01:38:22.281+0000] {taskinstance.py:1364} INFO - 
--------------------------------------------------------------------------------
[2022-11-22T01:38:22.519+0000] {taskinstance.py:1383} INFO - Executing <Task(BashOperator): thrid_task> on 2021-09-11 00:00:00+00:00
[2022-11-22T01:38:22.538+0000] {standard_task_runner.py:55} INFO - Started process 1507 to run task
[2022-11-22T01:38:22.583+0000] {standard_task_runner.py:82} INFO - Running: ['***', 'tasks', 'run', 'our_first_dag_v5', 'thrid_task', 'scheduled__2021-09-11T00:00:00+00:00', '--job-id', '140', '--raw', '--subdir', 'DAGS_FOLDER/our_first_dag.py', '--cfg-path', '/tmp/tmp899r_2tx']
[2022-11-22T01:38:22.584+0000] {standard_task_runner.py:83} INFO - Job 140: Subtask thrid_task
[2022-11-22T01:38:23.038+0000] {task_command.py:376} INFO - Running <TaskInstance: our_first_dag_v5.thrid_task scheduled__2021-09-11T00:00:00+00:00 [running]> on host ada0bfaa3ff2
[2022-11-22T01:38:23.500+0000] {taskinstance.py:1592} INFO - Exporting the following env vars:
AIRFLOW_CTX_DAG_OWNER=bruno
AIRFLOW_CTX_DAG_ID=our_first_dag_v5
AIRFLOW_CTX_TASK_ID=thrid_task
AIRFLOW_CTX_EXECUTION_DATE=2021-09-11T00:00:00+00:00
AIRFLOW_CTX_TRY_NUMBER=1
AIRFLOW_CTX_DAG_RUN_ID=scheduled__2021-09-11T00:00:00+00:00
[2022-11-22T01:38:23.501+0000] {subprocess.py:63} INFO - Tmp dir root location: 
 /tmp
[2022-11-22T01:38:23.503+0000] {subprocess.py:75} INFO - Running command: ['/bin/bash', '-c', 'echo hey, I am task3 and will be running after task1 at the same time as task2!']
[2022-11-22T01:38:23.581+0000] {subprocess.py:86} INFO - Output:
[2022-11-22T01:38:23.590+0000] {subprocess.py:93} INFO - hey, I am task3 and will be running after task1 at the same time as task2!
[2022-11-22T01:38:23.606+0000] {subprocess.py:97} INFO - Command exited with return code 0
[2022-11-22T01:38:23.673+0000] {taskinstance.py:1406} INFO - Marking task as SUCCESS. dag_id=our_first_dag_v5, task_id=thrid_task, execution_date=20210911T000000, start_date=20221122T013822, end_date=20221122T013823
[2022-11-22T01:38:23.795+0000] {local_task_job.py:159} INFO - Task exited with return code 0
[2022-11-22T01:38:23.839+0000] {taskinstance.py:2623} INFO - 0 downstream tasks scheduled from follow-on schedule check
