[2022-11-26T20:32:17.830+0000] {taskinstance.py:1159} INFO - Dependencies not met for <TaskInstance: our_dag_with_python_operator_v06.get_age scheduled__2022-11-25T00:00:00+00:00 [queued]>, dependency 'Trigger Rule' FAILED: Task's trigger rule 'all_success' requires all upstream tasks to have succeeded, but found 1 non-success(es). upstream_tasks_state={'total': 1, 'successes': 0, 'skipped': 0, 'failed': 0, 'removed': 0, 'upstream_failed': 0, 'done': 0}, upstream_task_ids={'get_name'}
[2022-11-26T20:32:17.832+0000] {local_task_job.py:98} INFO - Task is not able to be run
[2022-11-26T20:33:40.634+0000] {taskinstance.py:1165} INFO - Dependencies all met for <TaskInstance: our_dag_with_python_operator_v06.get_age scheduled__2022-11-25T00:00:00+00:00 [queued]>
[2022-11-26T20:33:40.647+0000] {taskinstance.py:1165} INFO - Dependencies all met for <TaskInstance: our_dag_with_python_operator_v06.get_age scheduled__2022-11-25T00:00:00+00:00 [queued]>
[2022-11-26T20:33:40.647+0000] {taskinstance.py:1362} INFO - 
--------------------------------------------------------------------------------
[2022-11-26T20:33:40.647+0000] {taskinstance.py:1363} INFO - Starting attempt 1 of 6
[2022-11-26T20:33:40.647+0000] {taskinstance.py:1364} INFO - 
--------------------------------------------------------------------------------
[2022-11-26T20:33:40.665+0000] {taskinstance.py:1383} INFO - Executing <Task(PythonOperator): get_age> on 2022-11-25 00:00:00+00:00
[2022-11-26T20:33:40.669+0000] {standard_task_runner.py:55} INFO - Started process 3185 to run task
[2022-11-26T20:33:40.672+0000] {standard_task_runner.py:82} INFO - Running: ['***', 'tasks', 'run', 'our_dag_with_python_operator_v06', 'get_age', 'scheduled__2022-11-25T00:00:00+00:00', '--job-id', '23', '--raw', '--subdir', 'DAGS_FOLDER/create_dag_with_python_operator.py', '--cfg-path', '/tmp/tmpph8ek1y7']
[2022-11-26T20:33:40.673+0000] {standard_task_runner.py:83} INFO - Job 23: Subtask get_age
[2022-11-26T20:33:40.740+0000] {task_command.py:376} INFO - Running <TaskInstance: our_dag_with_python_operator_v06.get_age scheduled__2022-11-25T00:00:00+00:00 [running]> on host 3d834fabdefd
[2022-11-26T20:33:40.822+0000] {taskinstance.py:1592} INFO - Exporting the following env vars:
AIRFLOW_CTX_DAG_OWNER=burno
AIRFLOW_CTX_DAG_ID=our_dag_with_python_operator_v06
AIRFLOW_CTX_TASK_ID=get_age
AIRFLOW_CTX_EXECUTION_DATE=2022-11-25T00:00:00+00:00
AIRFLOW_CTX_TRY_NUMBER=1
AIRFLOW_CTX_DAG_RUN_ID=scheduled__2022-11-25T00:00:00+00:00
[2022-11-26T20:33:40.840+0000] {python.py:177} INFO - Done. Returned value was: None
[2022-11-26T20:33:40.852+0000] {taskinstance.py:1406} INFO - Marking task as SUCCESS. dag_id=our_dag_with_python_operator_v06, task_id=get_age, execution_date=20221125T000000, start_date=20221126T203340, end_date=20221126T203340
[2022-11-26T20:33:40.886+0000] {local_task_job.py:159} INFO - Task exited with return code 0
[2022-11-26T20:33:40.929+0000] {taskinstance.py:2623} INFO - 1 downstream tasks scheduled from follow-on schedule check
