[2022-11-30T01:48:14.884+0000] {taskinstance.py:1165} INFO - Dependencies all met for <TaskInstance: dag_with_postgres_operator_v03.delete_from_table scheduled__2022-11-26T00:00:00+00:00 [queued]>
[2022-11-30T01:48:14.903+0000] {taskinstance.py:1165} INFO - Dependencies all met for <TaskInstance: dag_with_postgres_operator_v03.delete_from_table scheduled__2022-11-26T00:00:00+00:00 [queued]>
[2022-11-30T01:48:14.903+0000] {taskinstance.py:1362} INFO - 
--------------------------------------------------------------------------------
[2022-11-30T01:48:14.904+0000] {taskinstance.py:1363} INFO - Starting attempt 1 of 6
[2022-11-30T01:48:14.904+0000] {taskinstance.py:1364} INFO - 
--------------------------------------------------------------------------------
[2022-11-30T01:48:14.926+0000] {taskinstance.py:1383} INFO - Executing <Task(PostgresOperator): delete_from_table> on 2022-11-26 00:00:00+00:00
[2022-11-30T01:48:14.931+0000] {standard_task_runner.py:55} INFO - Started process 2186 to run task
[2022-11-30T01:48:14.935+0000] {standard_task_runner.py:82} INFO - Running: ['***', 'tasks', 'run', 'dag_with_postgres_operator_v03', 'delete_from_table', 'scheduled__2022-11-26T00:00:00+00:00', '--job-id', '183', '--raw', '--subdir', 'DAGS_FOLDER/dag_with_postgres_operator.py', '--cfg-path', '/tmp/tmpfjpw9j11']
[2022-11-30T01:48:14.936+0000] {standard_task_runner.py:83} INFO - Job 183: Subtask delete_from_table
[2022-11-30T01:48:15.122+0000] {task_command.py:376} INFO - Running <TaskInstance: dag_with_postgres_operator_v03.delete_from_table scheduled__2022-11-26T00:00:00+00:00 [running]> on host 2c9b3e546def
[2022-11-30T01:48:15.453+0000] {taskinstance.py:1592} INFO - Exporting the following env vars:
AIRFLOW_CTX_DAG_OWNER=Bruno Lima
AIRFLOW_CTX_DAG_ID=dag_with_postgres_operator_v03
AIRFLOW_CTX_TASK_ID=delete_from_table
AIRFLOW_CTX_EXECUTION_DATE=2022-11-26T00:00:00+00:00
AIRFLOW_CTX_TRY_NUMBER=1
AIRFLOW_CTX_DAG_RUN_ID=scheduled__2022-11-26T00:00:00+00:00
[2022-11-30T01:48:15.502+0000] {base.py:71} INFO - Using connection ID 'postgres_localhost' for task execution.
[2022-11-30T01:48:15.517+0000] {sql.py:315} INFO - Running statement: 
            delete from dag_runs where dt = '2022-11-26' and dag_id 'dag_with_postgres_operator_v03';
        , parameters: None
[2022-11-30T01:48:15.532+0000] {taskinstance.py:1851} ERROR - Task failed with exception
Traceback (most recent call last):
  File "/home/airflow/.local/lib/python3.7/site-packages/airflow/providers/postgres/operators/postgres.py", line 94, in execute
    self.hook.run(self.sql, self.autocommit, parameters=self.parameters)
  File "/home/airflow/.local/lib/python3.7/site-packages/airflow/providers/common/sql/hooks/sql.py", line 295, in run
    self._run_command(cur, sql_statement, parameters)
  File "/home/airflow/.local/lib/python3.7/site-packages/airflow/providers/common/sql/hooks/sql.py", line 320, in _run_command
    cur.execute(sql_statement)
psycopg2.errors.UndefinedObject: type "dag_id" does not exist
LINE 2: ... delete from dag_runs where dt = '2022-11-26' and dag_id 'da...
                                                             ^

[2022-11-30T01:48:15.563+0000] {taskinstance.py:1406} INFO - Marking task as UP_FOR_RETRY. dag_id=dag_with_postgres_operator_v03, task_id=delete_from_table, execution_date=20221126T000000, start_date=20221130T014814, end_date=20221130T014815
[2022-11-30T01:48:15.591+0000] {standard_task_runner.py:105} ERROR - Failed to execute job 183 for task delete_from_table (type "dag_id" does not exist
LINE 2: ... delete from dag_runs where dt = '2022-11-26' and dag_id 'da...
                                                             ^
; 2186)
[2022-11-30T01:48:15.616+0000] {local_task_job.py:159} INFO - Task exited with return code 1
[2022-11-30T01:48:15.727+0000] {taskinstance.py:2623} INFO - 0 downstream tasks scheduled from follow-on schedule check
[2022-11-30T01:49:16.075+0000] {taskinstance.py:1165} INFO - Dependencies all met for <TaskInstance: dag_with_postgres_operator_v03.delete_from_table scheduled__2022-11-26T00:00:00+00:00 [queued]>
[2022-11-30T01:49:16.112+0000] {taskinstance.py:1165} INFO - Dependencies all met for <TaskInstance: dag_with_postgres_operator_v03.delete_from_table scheduled__2022-11-26T00:00:00+00:00 [queued]>
[2022-11-30T01:49:16.112+0000] {taskinstance.py:1362} INFO - 
--------------------------------------------------------------------------------
[2022-11-30T01:49:16.112+0000] {taskinstance.py:1363} INFO - Starting attempt 1 of 6
[2022-11-30T01:49:16.112+0000] {taskinstance.py:1364} INFO - 
--------------------------------------------------------------------------------
[2022-11-30T01:49:16.166+0000] {taskinstance.py:1383} INFO - Executing <Task(PostgresOperator): delete_from_table> on 2022-11-26 00:00:00+00:00
[2022-11-30T01:49:16.173+0000] {standard_task_runner.py:55} INFO - Started process 2315 to run task
[2022-11-30T01:49:16.181+0000] {standard_task_runner.py:82} INFO - Running: ['***', 'tasks', 'run', 'dag_with_postgres_operator_v03', 'delete_from_table', 'scheduled__2022-11-26T00:00:00+00:00', '--job-id', '193', '--raw', '--subdir', 'DAGS_FOLDER/dag_with_postgres_operator.py', '--cfg-path', '/tmp/tmpvbq8bynn']
[2022-11-30T01:49:16.183+0000] {standard_task_runner.py:83} INFO - Job 193: Subtask delete_from_table
[2022-11-30T01:49:16.345+0000] {task_command.py:376} INFO - Running <TaskInstance: dag_with_postgres_operator_v03.delete_from_table scheduled__2022-11-26T00:00:00+00:00 [running]> on host 2c9b3e546def
[2022-11-30T01:49:16.576+0000] {taskinstance.py:1592} INFO - Exporting the following env vars:
AIRFLOW_CTX_DAG_OWNER=Bruno Lima
AIRFLOW_CTX_DAG_ID=dag_with_postgres_operator_v03
AIRFLOW_CTX_TASK_ID=delete_from_table
AIRFLOW_CTX_EXECUTION_DATE=2022-11-26T00:00:00+00:00
AIRFLOW_CTX_TRY_NUMBER=1
AIRFLOW_CTX_DAG_RUN_ID=scheduled__2022-11-26T00:00:00+00:00
[2022-11-30T01:49:16.610+0000] {base.py:71} INFO - Using connection ID 'postgres_localhost' for task execution.
[2022-11-30T01:49:16.618+0000] {sql.py:315} INFO - Running statement: 
            delete from dag_runs where dt = '2022-11-26' and dag_id = 'dag_with_postgres_operator_v03';
        , parameters: None
[2022-11-30T01:49:16.620+0000] {sql.py:324} INFO - Rows affected: 0
[2022-11-30T01:49:16.639+0000] {taskinstance.py:1406} INFO - Marking task as SUCCESS. dag_id=dag_with_postgres_operator_v03, task_id=delete_from_table, execution_date=20221126T000000, start_date=20221130T014916, end_date=20221130T014916
[2022-11-30T01:49:16.699+0000] {local_task_job.py:159} INFO - Task exited with return code 0
[2022-11-30T01:49:16.744+0000] {taskinstance.py:2623} INFO - 1 downstream tasks scheduled from follow-on schedule check
