[2022-11-22T01:38:22.912+0000] {taskinstance.py:1165} INFO - Dependencies all met for <TaskInstance: our_first_dag_v5.thrid_task scheduled__2021-09-12T00:00:00+00:00 [queued]>
[2022-11-22T01:38:23.017+0000] {taskinstance.py:1165} INFO - Dependencies all met for <TaskInstance: our_first_dag_v5.thrid_task scheduled__2021-09-12T00:00:00+00:00 [queued]>
[2022-11-22T01:38:23.025+0000] {taskinstance.py:1362} INFO - 
--------------------------------------------------------------------------------
[2022-11-22T01:38:23.025+0000] {taskinstance.py:1363} INFO - Starting attempt 1 of 6
[2022-11-22T01:38:23.025+0000] {taskinstance.py:1364} INFO - 
--------------------------------------------------------------------------------
[2022-11-22T01:38:23.725+0000] {taskinstance.py:1383} INFO - Executing <Task(BashOperator): thrid_task> on 2021-09-12 00:00:00+00:00
[2022-11-22T01:38:23.744+0000] {standard_task_runner.py:55} INFO - Started process 1528 to run task
[2022-11-22T01:38:23.793+0000] {standard_task_runner.py:82} INFO - Running: ['***', 'tasks', 'run', 'our_first_dag_v5', 'thrid_task', 'scheduled__2021-09-12T00:00:00+00:00', '--job-id', '143', '--raw', '--subdir', 'DAGS_FOLDER/our_first_dag.py', '--cfg-path', '/tmp/tmp4pe74kl3']
[2022-11-22T01:38:23.797+0000] {standard_task_runner.py:83} INFO - Job 143: Subtask thrid_task
[2022-11-22T01:38:24.172+0000] {task_command.py:376} INFO - Running <TaskInstance: our_first_dag_v5.thrid_task scheduled__2021-09-12T00:00:00+00:00 [running]> on host ada0bfaa3ff2
[2022-11-22T01:38:24.442+0000] {taskinstance.py:1592} INFO - Exporting the following env vars:
AIRFLOW_CTX_DAG_OWNER=bruno
AIRFLOW_CTX_DAG_ID=our_first_dag_v5
AIRFLOW_CTX_TASK_ID=thrid_task
AIRFLOW_CTX_EXECUTION_DATE=2021-09-12T00:00:00+00:00
AIRFLOW_CTX_TRY_NUMBER=1
AIRFLOW_CTX_DAG_RUN_ID=scheduled__2021-09-12T00:00:00+00:00
[2022-11-22T01:38:24.443+0000] {subprocess.py:63} INFO - Tmp dir root location: 
 /tmp
[2022-11-22T01:38:24.444+0000] {subprocess.py:75} INFO - Running command: ['/bin/bash', '-c', 'echo hey, I am task3 and will be running after task1 at the same time as task2!']
[2022-11-22T01:38:24.500+0000] {subprocess.py:86} INFO - Output:
[2022-11-22T01:38:24.528+0000] {subprocess.py:93} INFO - hey, I am task3 and will be running after task1 at the same time as task2!
[2022-11-22T01:38:24.531+0000] {subprocess.py:97} INFO - Command exited with return code 0
[2022-11-22T01:38:24.611+0000] {taskinstance.py:1406} INFO - Marking task as SUCCESS. dag_id=our_first_dag_v5, task_id=thrid_task, execution_date=20210912T000000, start_date=20221122T013822, end_date=20221122T013824
[2022-11-22T01:38:24.780+0000] {local_task_job.py:159} INFO - Task exited with return code 0
[2022-11-22T01:38:24.832+0000] {taskinstance.py:2623} INFO - 0 downstream tasks scheduled from follow-on schedule check
