[2022-11-26T20:32:17.834+0000] {taskinstance.py:1165} INFO - Dependencies all met for <TaskInstance: our_dag_with_python_operator_v06.get_name scheduled__2022-11-25T00:00:00+00:00 [queued]>
[2022-11-26T20:32:17.847+0000] {taskinstance.py:1165} INFO - Dependencies all met for <TaskInstance: our_dag_with_python_operator_v06.get_name scheduled__2022-11-25T00:00:00+00:00 [queued]>
[2022-11-26T20:32:17.847+0000] {taskinstance.py:1362} INFO - 
--------------------------------------------------------------------------------
[2022-11-26T20:32:17.847+0000] {taskinstance.py:1363} INFO - Starting attempt 1 of 6
[2022-11-26T20:32:17.847+0000] {taskinstance.py:1364} INFO - 
--------------------------------------------------------------------------------
[2022-11-26T20:32:17.862+0000] {taskinstance.py:1383} INFO - Executing <Task(PythonOperator): get_name> on 2022-11-25 00:00:00+00:00
[2022-11-26T20:32:17.867+0000] {standard_task_runner.py:55} INFO - Started process 3078 to run task
[2022-11-26T20:32:17.869+0000] {standard_task_runner.py:82} INFO - Running: ['***', 'tasks', 'run', 'our_dag_with_python_operator_v06', 'get_name', 'scheduled__2022-11-25T00:00:00+00:00', '--job-id', '17', '--raw', '--subdir', 'DAGS_FOLDER/create_dag_with_python_operator.py', '--cfg-path', '/tmp/tmp7549pb79']
[2022-11-26T20:32:17.870+0000] {standard_task_runner.py:83} INFO - Job 17: Subtask get_name
[2022-11-26T20:32:17.927+0000] {task_command.py:376} INFO - Running <TaskInstance: our_dag_with_python_operator_v06.get_name scheduled__2022-11-25T00:00:00+00:00 [running]> on host 3d834fabdefd
[2022-11-26T20:32:18.000+0000] {taskinstance.py:1592} INFO - Exporting the following env vars:
AIRFLOW_CTX_DAG_OWNER=burno
AIRFLOW_CTX_DAG_ID=our_dag_with_python_operator_v06
AIRFLOW_CTX_TASK_ID=get_name
AIRFLOW_CTX_EXECUTION_DATE=2022-11-25T00:00:00+00:00
AIRFLOW_CTX_TRY_NUMBER=1
AIRFLOW_CTX_DAG_RUN_ID=scheduled__2022-11-25T00:00:00+00:00
[2022-11-26T20:32:18.023+0000] {python.py:177} INFO - Done. Returned value was: None
[2022-11-26T20:32:18.036+0000] {taskinstance.py:1406} INFO - Marking task as SUCCESS. dag_id=our_dag_with_python_operator_v06, task_id=get_name, execution_date=20221125T000000, start_date=20221126T203217, end_date=20221126T203218
[2022-11-26T20:32:18.084+0000] {local_task_job.py:159} INFO - Task exited with return code 0
[2022-11-26T20:32:18.129+0000] {taskinstance.py:2623} INFO - 0 downstream tasks scheduled from follow-on schedule check
[2022-11-26T20:33:39.483+0000] {taskinstance.py:1165} INFO - Dependencies all met for <TaskInstance: our_dag_with_python_operator_v06.get_name scheduled__2022-11-25T00:00:00+00:00 [queued]>
[2022-11-26T20:33:39.495+0000] {taskinstance.py:1165} INFO - Dependencies all met for <TaskInstance: our_dag_with_python_operator_v06.get_name scheduled__2022-11-25T00:00:00+00:00 [queued]>
[2022-11-26T20:33:39.495+0000] {taskinstance.py:1362} INFO - 
--------------------------------------------------------------------------------
[2022-11-26T20:33:39.495+0000] {taskinstance.py:1363} INFO - Starting attempt 1 of 6
[2022-11-26T20:33:39.495+0000] {taskinstance.py:1364} INFO - 
--------------------------------------------------------------------------------
[2022-11-26T20:33:39.511+0000] {taskinstance.py:1383} INFO - Executing <Task(PythonOperator): get_name> on 2022-11-25 00:00:00+00:00
[2022-11-26T20:33:39.516+0000] {standard_task_runner.py:55} INFO - Started process 3183 to run task
[2022-11-26T20:33:39.518+0000] {standard_task_runner.py:82} INFO - Running: ['***', 'tasks', 'run', 'our_dag_with_python_operator_v06', 'get_name', 'scheduled__2022-11-25T00:00:00+00:00', '--job-id', '22', '--raw', '--subdir', 'DAGS_FOLDER/create_dag_with_python_operator.py', '--cfg-path', '/tmp/tmpmthmxupy']
[2022-11-26T20:33:39.520+0000] {standard_task_runner.py:83} INFO - Job 22: Subtask get_name
[2022-11-26T20:33:39.578+0000] {task_command.py:376} INFO - Running <TaskInstance: our_dag_with_python_operator_v06.get_name scheduled__2022-11-25T00:00:00+00:00 [running]> on host 3d834fabdefd
[2022-11-26T20:33:39.656+0000] {taskinstance.py:1592} INFO - Exporting the following env vars:
AIRFLOW_CTX_DAG_OWNER=burno
AIRFLOW_CTX_DAG_ID=our_dag_with_python_operator_v06
AIRFLOW_CTX_TASK_ID=get_name
AIRFLOW_CTX_EXECUTION_DATE=2022-11-25T00:00:00+00:00
AIRFLOW_CTX_TRY_NUMBER=1
AIRFLOW_CTX_DAG_RUN_ID=scheduled__2022-11-25T00:00:00+00:00
[2022-11-26T20:33:39.685+0000] {python.py:177} INFO - Done. Returned value was: None
[2022-11-26T20:33:39.694+0000] {taskinstance.py:1406} INFO - Marking task as SUCCESS. dag_id=our_dag_with_python_operator_v06, task_id=get_name, execution_date=20221125T000000, start_date=20221126T203339, end_date=20221126T203339
[2022-11-26T20:33:39.731+0000] {local_task_job.py:159} INFO - Task exited with return code 0
[2022-11-26T20:33:39.766+0000] {taskinstance.py:2623} INFO - 1 downstream tasks scheduled from follow-on schedule check
