[2022-11-30T01:32:31.983+0000] {taskinstance.py:1165} INFO - Dependencies all met for <TaskInstance: dag_with_cron_expression_v01.task1 scheduled__2022-11-22T03:00:00+00:00 [queued]>
[2022-11-30T01:32:32.109+0000] {taskinstance.py:1165} INFO - Dependencies all met for <TaskInstance: dag_with_cron_expression_v01.task1 scheduled__2022-11-22T03:00:00+00:00 [queued]>
[2022-11-30T01:32:32.109+0000] {taskinstance.py:1362} INFO - 
--------------------------------------------------------------------------------
[2022-11-30T01:32:32.114+0000] {taskinstance.py:1363} INFO - Starting attempt 1 of 6
[2022-11-30T01:32:32.114+0000] {taskinstance.py:1364} INFO - 
--------------------------------------------------------------------------------
[2022-11-30T01:32:32.309+0000] {taskinstance.py:1383} INFO - Executing <Task(BashOperator): task1> on 2022-11-22 03:00:00+00:00
[2022-11-30T01:32:32.353+0000] {standard_task_runner.py:55} INFO - Started process 221 to run task
[2022-11-30T01:32:32.377+0000] {standard_task_runner.py:82} INFO - Running: ['***', 'tasks', 'run', 'dag_with_cron_expression_v01', 'task1', 'scheduled__2022-11-22T03:00:00+00:00', '--job-id', '114', '--raw', '--subdir', 'DAGS_FOLDER/dag_with_cronn_expression.py', '--cfg-path', '/tmp/tmpm9nymr9l']
[2022-11-30T01:32:32.378+0000] {standard_task_runner.py:83} INFO - Job 114: Subtask task1
[2022-11-30T01:32:32.762+0000] {task_command.py:376} INFO - Running <TaskInstance: dag_with_cron_expression_v01.task1 scheduled__2022-11-22T03:00:00+00:00 [running]> on host 2c9b3e546def
[2022-11-30T01:32:33.570+0000] {taskinstance.py:1592} INFO - Exporting the following env vars:
AIRFLOW_CTX_DAG_OWNER=Bruno
AIRFLOW_CTX_DAG_ID=dag_with_cron_expression_v01
AIRFLOW_CTX_TASK_ID=task1
AIRFLOW_CTX_EXECUTION_DATE=2022-11-22T03:00:00+00:00
AIRFLOW_CTX_TRY_NUMBER=1
AIRFLOW_CTX_DAG_RUN_ID=scheduled__2022-11-22T03:00:00+00:00
[2022-11-30T01:32:33.571+0000] {subprocess.py:63} INFO - Tmp dir root location: 
 /tmp
[2022-11-30T01:32:33.572+0000] {subprocess.py:75} INFO - Running command: ['/bin/bash', '-c', 'echo dag with cron expression!']
[2022-11-30T01:32:33.637+0000] {subprocess.py:86} INFO - Output:
[2022-11-30T01:32:33.640+0000] {subprocess.py:93} INFO - dag with cron expression!
[2022-11-30T01:32:33.644+0000] {subprocess.py:97} INFO - Command exited with return code 0
[2022-11-30T01:32:33.925+0000] {taskinstance.py:1406} INFO - Marking task as SUCCESS. dag_id=dag_with_cron_expression_v01, task_id=task1, execution_date=20221122T030000, start_date=20221130T013231, end_date=20221130T013233
[2022-11-30T01:32:34.128+0000] {local_task_job.py:159} INFO - Task exited with return code 0
[2022-11-30T01:32:34.229+0000] {taskinstance.py:2623} INFO - 0 downstream tasks scheduled from follow-on schedule check
