[2022-11-30T01:44:06.800+0000] {taskinstance.py:1165} INFO - Dependencies all met for <TaskInstance: dag_with_postgres_operator_v02.create_postgres_table manual__2022-11-30T01:44:06.103489+00:00 [queued]>
[2022-11-30T01:44:06.820+0000] {taskinstance.py:1165} INFO - Dependencies all met for <TaskInstance: dag_with_postgres_operator_v02.create_postgres_table manual__2022-11-30T01:44:06.103489+00:00 [queued]>
[2022-11-30T01:44:06.821+0000] {taskinstance.py:1362} INFO - 
--------------------------------------------------------------------------------
[2022-11-30T01:44:06.821+0000] {taskinstance.py:1363} INFO - Starting attempt 1 of 6
[2022-11-30T01:44:06.821+0000] {taskinstance.py:1364} INFO - 
--------------------------------------------------------------------------------
[2022-11-30T01:44:06.840+0000] {taskinstance.py:1383} INFO - Executing <Task(PostgresOperator): create_postgres_table> on 2022-11-30 01:44:06.103489+00:00
[2022-11-30T01:44:06.844+0000] {standard_task_runner.py:55} INFO - Started process 1641 to run task
[2022-11-30T01:44:06.847+0000] {standard_task_runner.py:82} INFO - Running: ['***', 'tasks', 'run', 'dag_with_postgres_operator_v02', 'create_postgres_table', 'manual__2022-11-30T01:44:06.103489+00:00', '--job-id', '165', '--raw', '--subdir', 'DAGS_FOLDER/dag_with_postgres_operator.py', '--cfg-path', '/tmp/tmprnxecx2m']
[2022-11-30T01:44:06.849+0000] {standard_task_runner.py:83} INFO - Job 165: Subtask create_postgres_table
[2022-11-30T01:44:06.926+0000] {task_command.py:376} INFO - Running <TaskInstance: dag_with_postgres_operator_v02.create_postgres_table manual__2022-11-30T01:44:06.103489+00:00 [running]> on host 2c9b3e546def
[2022-11-30T01:44:07.062+0000] {taskinstance.py:1592} INFO - Exporting the following env vars:
AIRFLOW_CTX_DAG_OWNER=Bruno Lima
AIRFLOW_CTX_DAG_ID=dag_with_postgres_operator_v02
AIRFLOW_CTX_TASK_ID=create_postgres_table
AIRFLOW_CTX_EXECUTION_DATE=2022-11-30T01:44:06.103489+00:00
AIRFLOW_CTX_TRY_NUMBER=1
AIRFLOW_CTX_DAG_RUN_ID=manual__2022-11-30T01:44:06.103489+00:00
[2022-11-30T01:44:07.087+0000] {base.py:71} INFO - Using connection ID 'postgres_localhost' for task execution.
[2022-11-30T01:44:07.096+0000] {sql.py:315} INFO - Running statement: 
            create table if not exists dag_runs(
                dt date,
                dag_id character varying,
                primary key (dt, dag_id)
            )
        , parameters: None
[2022-11-30T01:44:07.103+0000] {postgres.py:96} INFO - NOTICE:  relation "dag_runs" already exists, skipping

[2022-11-30T01:44:07.119+0000] {taskinstance.py:1406} INFO - Marking task as SUCCESS. dag_id=dag_with_postgres_operator_v02, task_id=create_postgres_table, execution_date=20221130T014406, start_date=20221130T014406, end_date=20221130T014407
[2022-11-30T01:44:07.146+0000] {local_task_job.py:159} INFO - Task exited with return code 0
[2022-11-30T01:44:07.174+0000] {taskinstance.py:2623} INFO - 1 downstream tasks scheduled from follow-on schedule check
