[2022-11-26T20:22:50.525+0000] {taskinstance.py:1165} INFO - Dependencies all met for <TaskInstance: our_dag_with_python_operator_v04.get_name manual__2022-11-26T20:22:49.433254+00:00 [queued]>
[2022-11-26T20:22:50.538+0000] {taskinstance.py:1165} INFO - Dependencies all met for <TaskInstance: our_dag_with_python_operator_v04.get_name manual__2022-11-26T20:22:49.433254+00:00 [queued]>
[2022-11-26T20:22:50.538+0000] {taskinstance.py:1362} INFO - 
--------------------------------------------------------------------------------
[2022-11-26T20:22:50.539+0000] {taskinstance.py:1363} INFO - Starting attempt 1 of 6
[2022-11-26T20:22:50.539+0000] {taskinstance.py:1364} INFO - 
--------------------------------------------------------------------------------
[2022-11-26T20:22:50.557+0000] {taskinstance.py:1383} INFO - Executing <Task(PythonOperator): get_name> on 2022-11-26 20:22:49.433254+00:00
[2022-11-26T20:22:50.562+0000] {standard_task_runner.py:55} INFO - Started process 2179 to run task
[2022-11-26T20:22:50.565+0000] {standard_task_runner.py:82} INFO - Running: ['***', 'tasks', 'run', 'our_dag_with_python_operator_v04', 'get_name', 'manual__2022-11-26T20:22:49.433254+00:00', '--job-id', '8', '--raw', '--subdir', 'DAGS_FOLDER/create_dag_with_python_operator.py', '--cfg-path', '/tmp/tmpjxzuv2ql']
[2022-11-26T20:22:50.566+0000] {standard_task_runner.py:83} INFO - Job 8: Subtask get_name
[2022-11-26T20:22:50.635+0000] {task_command.py:376} INFO - Running <TaskInstance: our_dag_with_python_operator_v04.get_name manual__2022-11-26T20:22:49.433254+00:00 [running]> on host 3d834fabdefd
[2022-11-26T20:22:50.728+0000] {taskinstance.py:1592} INFO - Exporting the following env vars:
AIRFLOW_CTX_DAG_OWNER=burno
AIRFLOW_CTX_DAG_ID=our_dag_with_python_operator_v04
AIRFLOW_CTX_TASK_ID=get_name
AIRFLOW_CTX_EXECUTION_DATE=2022-11-26T20:22:49.433254+00:00
AIRFLOW_CTX_TRY_NUMBER=1
AIRFLOW_CTX_DAG_RUN_ID=manual__2022-11-26T20:22:49.433254+00:00
[2022-11-26T20:22:50.728+0000] {python.py:177} INFO - Done. Returned value was: Jerry
[2022-11-26T20:22:50.756+0000] {taskinstance.py:1406} INFO - Marking task as SUCCESS. dag_id=our_dag_with_python_operator_v04, task_id=get_name, execution_date=20221126T202249, start_date=20221126T202250, end_date=20221126T202250
[2022-11-26T20:22:50.779+0000] {local_task_job.py:159} INFO - Task exited with return code 0
[2022-11-26T20:22:50.811+0000] {taskinstance.py:2623} INFO - 1 downstream tasks scheduled from follow-on schedule check
