[2022-11-26T21:00:26.277+0000] {taskinstance.py:1165} INFO - Dependencies all met for <TaskInstance: dag_with_taskflow_api_v01.greet scheduled__2022-11-25T00:00:00+00:00 [queued]>
[2022-11-26T21:00:26.291+0000] {taskinstance.py:1165} INFO - Dependencies all met for <TaskInstance: dag_with_taskflow_api_v01.greet scheduled__2022-11-25T00:00:00+00:00 [queued]>
[2022-11-26T21:00:26.291+0000] {taskinstance.py:1362} INFO - 
--------------------------------------------------------------------------------
[2022-11-26T21:00:26.291+0000] {taskinstance.py:1363} INFO - Starting attempt 1 of 6
[2022-11-26T21:00:26.291+0000] {taskinstance.py:1364} INFO - 
--------------------------------------------------------------------------------
[2022-11-26T21:00:26.310+0000] {taskinstance.py:1383} INFO - Executing <Task(_PythonDecoratedOperator): greet> on 2022-11-25 00:00:00+00:00
[2022-11-26T21:00:26.315+0000] {standard_task_runner.py:55} INFO - Started process 5463 to run task
[2022-11-26T21:00:26.317+0000] {standard_task_runner.py:82} INFO - Running: ['***', 'tasks', 'run', 'dag_with_taskflow_api_v01', 'greet', 'scheduled__2022-11-25T00:00:00+00:00', '--job-id', '27', '--raw', '--subdir', 'DAGS_FOLDER/dag_eith_tasksflow_api.py', '--cfg-path', '/tmp/tmp0tfe45kd']
[2022-11-26T21:00:26.319+0000] {standard_task_runner.py:83} INFO - Job 27: Subtask greet
[2022-11-26T21:00:26.394+0000] {task_command.py:376} INFO - Running <TaskInstance: dag_with_taskflow_api_v01.greet scheduled__2022-11-25T00:00:00+00:00 [running]> on host 3d834fabdefd
[2022-11-26T21:00:26.510+0000] {taskinstance.py:1592} INFO - Exporting the following env vars:
AIRFLOW_CTX_DAG_OWNER=bruno
AIRFLOW_CTX_DAG_ID=dag_with_taskflow_api_v01
AIRFLOW_CTX_TASK_ID=greet
AIRFLOW_CTX_EXECUTION_DATE=2022-11-25T00:00:00+00:00
AIRFLOW_CTX_TRY_NUMBER=1
AIRFLOW_CTX_DAG_RUN_ID=scheduled__2022-11-25T00:00:00+00:00
[2022-11-26T21:00:26.511+0000] {logging_mixin.py:137} INFO - Hello World! My name is Bruno and I am 19 years old!
[2022-11-26T21:00:26.511+0000] {python.py:177} INFO - Done. Returned value was: None
[2022-11-26T21:00:26.521+0000] {taskinstance.py:1406} INFO - Marking task as SUCCESS. dag_id=dag_with_taskflow_api_v01, task_id=greet, execution_date=20221125T000000, start_date=20221126T210026, end_date=20221126T210026
[2022-11-26T21:00:26.578+0000] {local_task_job.py:159} INFO - Task exited with return code 0
[2022-11-26T21:00:26.598+0000] {taskinstance.py:2623} INFO - 0 downstream tasks scheduled from follow-on schedule check
