[2022-11-22T01:38:21.998+0000] {taskinstance.py:1165} INFO - Dependencies all met for <TaskInstance: our_first_dag_v5.second_task scheduled__2021-09-10T00:00:00+00:00 [queued]>
[2022-11-22T01:38:22.081+0000] {taskinstance.py:1165} INFO - Dependencies all met for <TaskInstance: our_first_dag_v5.second_task scheduled__2021-09-10T00:00:00+00:00 [queued]>
[2022-11-22T01:38:22.081+0000] {taskinstance.py:1362} INFO - 
--------------------------------------------------------------------------------
[2022-11-22T01:38:22.088+0000] {taskinstance.py:1363} INFO - Starting attempt 1 of 6
[2022-11-22T01:38:22.089+0000] {taskinstance.py:1364} INFO - 
--------------------------------------------------------------------------------
[2022-11-22T01:38:22.513+0000] {taskinstance.py:1383} INFO - Executing <Task(BashOperator): second_task> on 2021-09-10 00:00:00+00:00
[2022-11-22T01:38:22.532+0000] {standard_task_runner.py:55} INFO - Started process 1506 to run task
[2022-11-22T01:38:22.601+0000] {standard_task_runner.py:82} INFO - Running: ['***', 'tasks', 'run', 'our_first_dag_v5', 'second_task', 'scheduled__2021-09-10T00:00:00+00:00', '--job-id', '137', '--raw', '--subdir', 'DAGS_FOLDER/our_first_dag.py', '--cfg-path', '/tmp/tmp_n83r5ms']
[2022-11-22T01:38:22.609+0000] {standard_task_runner.py:83} INFO - Job 137: Subtask second_task
[2022-11-22T01:38:23.167+0000] {task_command.py:376} INFO - Running <TaskInstance: our_first_dag_v5.second_task scheduled__2021-09-10T00:00:00+00:00 [running]> on host ada0bfaa3ff2
[2022-11-22T01:38:23.458+0000] {taskinstance.py:1592} INFO - Exporting the following env vars:
AIRFLOW_CTX_DAG_OWNER=bruno
AIRFLOW_CTX_DAG_ID=our_first_dag_v5
AIRFLOW_CTX_TASK_ID=second_task
AIRFLOW_CTX_EXECUTION_DATE=2021-09-10T00:00:00+00:00
AIRFLOW_CTX_TRY_NUMBER=1
AIRFLOW_CTX_DAG_RUN_ID=scheduled__2021-09-10T00:00:00+00:00
[2022-11-22T01:38:23.459+0000] {subprocess.py:63} INFO - Tmp dir root location: 
 /tmp
[2022-11-22T01:38:23.460+0000] {subprocess.py:75} INFO - Running command: ['/bin/bash', '-c', 'echo hey, I am task2 and will be running after task1!']
[2022-11-22T01:38:23.537+0000] {subprocess.py:86} INFO - Output:
[2022-11-22T01:38:23.538+0000] {subprocess.py:93} INFO - hey, I am task2 and will be running after task1!
[2022-11-22T01:38:23.560+0000] {subprocess.py:97} INFO - Command exited with return code 0
[2022-11-22T01:38:23.642+0000] {taskinstance.py:1406} INFO - Marking task as SUCCESS. dag_id=our_first_dag_v5, task_id=second_task, execution_date=20210910T000000, start_date=20221122T013822, end_date=20221122T013823
[2022-11-22T01:38:23.755+0000] {local_task_job.py:159} INFO - Task exited with return code 0
[2022-11-22T01:38:23.809+0000] {taskinstance.py:2623} INFO - 0 downstream tasks scheduled from follow-on schedule check
