[2022-11-26T21:27:52.127+0000] {taskinstance.py:1165} INFO - Dependencies all met for <TaskInstance: dag_with_cron_expression_v01.task1 scheduled__2022-11-02T00:00:00+00:00 [queued]>
[2022-11-26T21:27:52.151+0000] {taskinstance.py:1165} INFO - Dependencies all met for <TaskInstance: dag_with_cron_expression_v01.task1 scheduled__2022-11-02T00:00:00+00:00 [queued]>
[2022-11-26T21:27:52.153+0000] {taskinstance.py:1362} INFO - 
--------------------------------------------------------------------------------
[2022-11-26T21:27:52.153+0000] {taskinstance.py:1363} INFO - Starting attempt 1 of 6
[2022-11-26T21:27:52.153+0000] {taskinstance.py:1364} INFO - 
--------------------------------------------------------------------------------
[2022-11-26T21:27:52.200+0000] {taskinstance.py:1383} INFO - Executing <Task(BashOperator): task1> on 2022-11-02 00:00:00+00:00
[2022-11-26T21:27:52.210+0000] {standard_task_runner.py:55} INFO - Started process 8326 to run task
[2022-11-26T21:27:52.235+0000] {standard_task_runner.py:82} INFO - Running: ['***', 'tasks', 'run', 'dag_with_cron_expression_v01', 'task1', 'scheduled__2022-11-02T00:00:00+00:00', '--job-id', '44', '--raw', '--subdir', 'DAGS_FOLDER/dag_with_cronn_expression.py', '--cfg-path', '/tmp/tmp5kdrgq_1']
[2022-11-26T21:27:52.236+0000] {standard_task_runner.py:83} INFO - Job 44: Subtask task1
[2022-11-26T21:27:52.498+0000] {task_command.py:376} INFO - Running <TaskInstance: dag_with_cron_expression_v01.task1 scheduled__2022-11-02T00:00:00+00:00 [running]> on host 3d834fabdefd
[2022-11-26T21:27:52.940+0000] {taskinstance.py:1592} INFO - Exporting the following env vars:
AIRFLOW_CTX_DAG_OWNER=Bruno
AIRFLOW_CTX_DAG_ID=dag_with_cron_expression_v01
AIRFLOW_CTX_TASK_ID=task1
AIRFLOW_CTX_EXECUTION_DATE=2022-11-02T00:00:00+00:00
AIRFLOW_CTX_TRY_NUMBER=1
AIRFLOW_CTX_DAG_RUN_ID=scheduled__2022-11-02T00:00:00+00:00
[2022-11-26T21:27:52.941+0000] {subprocess.py:63} INFO - Tmp dir root location: 
 /tmp
[2022-11-26T21:27:52.942+0000] {subprocess.py:75} INFO - Running command: ['/bin/bash', '-c', 'echo dag with cron expression!']
[2022-11-26T21:27:53.005+0000] {subprocess.py:86} INFO - Output:
[2022-11-26T21:27:53.011+0000] {subprocess.py:93} INFO - dag with cron expression!
[2022-11-26T21:27:53.017+0000] {subprocess.py:97} INFO - Command exited with return code 0
[2022-11-26T21:27:53.066+0000] {taskinstance.py:1406} INFO - Marking task as SUCCESS. dag_id=dag_with_cron_expression_v01, task_id=task1, execution_date=20221102T000000, start_date=20221126T212752, end_date=20221126T212753
[2022-11-26T21:27:53.171+0000] {local_task_job.py:159} INFO - Task exited with return code 0
[2022-11-26T21:27:53.252+0000] {taskinstance.py:2623} INFO - 0 downstream tasks scheduled from follow-on schedule check
