[2022-11-30T01:48:55.093+0000] {taskinstance.py:1165} INFO - Dependencies all met for <TaskInstance: dag_with_postgres_operator_v03.delete_from_table manual__2022-11-30T01:48:53.173250+00:00 [queued]>
[2022-11-30T01:48:55.105+0000] {taskinstance.py:1165} INFO - Dependencies all met for <TaskInstance: dag_with_postgres_operator_v03.delete_from_table manual__2022-11-30T01:48:53.173250+00:00 [queued]>
[2022-11-30T01:48:55.105+0000] {taskinstance.py:1362} INFO - 
--------------------------------------------------------------------------------
[2022-11-30T01:48:55.106+0000] {taskinstance.py:1363} INFO - Starting attempt 1 of 6
[2022-11-30T01:48:55.106+0000] {taskinstance.py:1364} INFO - 
--------------------------------------------------------------------------------
[2022-11-30T01:48:55.137+0000] {taskinstance.py:1383} INFO - Executing <Task(PostgresOperator): delete_from_table> on 2022-11-30 01:48:53.173250+00:00
[2022-11-30T01:48:55.157+0000] {standard_task_runner.py:55} INFO - Started process 2280 to run task
[2022-11-30T01:48:55.159+0000] {standard_task_runner.py:82} INFO - Running: ['***', 'tasks', 'run', 'dag_with_postgres_operator_v03', 'delete_from_table', 'manual__2022-11-30T01:48:53.173250+00:00', '--job-id', '187', '--raw', '--subdir', 'DAGS_FOLDER/dag_with_postgres_operator.py', '--cfg-path', '/tmp/tmpe7ttri78']
[2022-11-30T01:48:55.161+0000] {standard_task_runner.py:83} INFO - Job 187: Subtask delete_from_table
[2022-11-30T01:48:55.229+0000] {task_command.py:376} INFO - Running <TaskInstance: dag_with_postgres_operator_v03.delete_from_table manual__2022-11-30T01:48:53.173250+00:00 [running]> on host 2c9b3e546def
[2022-11-30T01:48:55.317+0000] {taskinstance.py:1592} INFO - Exporting the following env vars:
AIRFLOW_CTX_DAG_OWNER=Bruno Lima
AIRFLOW_CTX_DAG_ID=dag_with_postgres_operator_v03
AIRFLOW_CTX_TASK_ID=delete_from_table
AIRFLOW_CTX_EXECUTION_DATE=2022-11-30T01:48:53.173250+00:00
AIRFLOW_CTX_TRY_NUMBER=1
AIRFLOW_CTX_DAG_RUN_ID=manual__2022-11-30T01:48:53.173250+00:00
[2022-11-30T01:48:55.358+0000] {base.py:71} INFO - Using connection ID 'postgres_localhost' for task execution.
[2022-11-30T01:48:55.364+0000] {sql.py:315} INFO - Running statement: 
            delete from dag_runs where dt = '2022-11-30' and dag_id = 'dag_with_postgres_operator_v03';
        , parameters: None
[2022-11-30T01:48:55.367+0000] {sql.py:324} INFO - Rows affected: 0
[2022-11-30T01:48:55.382+0000] {taskinstance.py:1406} INFO - Marking task as SUCCESS. dag_id=dag_with_postgres_operator_v03, task_id=delete_from_table, execution_date=20221130T014853, start_date=20221130T014855, end_date=20221130T014855
[2022-11-30T01:48:55.416+0000] {local_task_job.py:159} INFO - Task exited with return code 0
[2022-11-30T01:48:55.448+0000] {taskinstance.py:2623} INFO - 1 downstream tasks scheduled from follow-on schedule check
