[2022-11-22T01:38:24.965+0000] {taskinstance.py:1165} INFO - Dependencies all met for <TaskInstance: our_first_dag_v5.thrid_task scheduled__2021-09-13T00:00:00+00:00 [queued]>
[2022-11-22T01:38:25.046+0000] {taskinstance.py:1165} INFO - Dependencies all met for <TaskInstance: our_first_dag_v5.thrid_task scheduled__2021-09-13T00:00:00+00:00 [queued]>
[2022-11-22T01:38:25.051+0000] {taskinstance.py:1362} INFO - 
--------------------------------------------------------------------------------
[2022-11-22T01:38:25.052+0000] {taskinstance.py:1363} INFO - Starting attempt 1 of 6
[2022-11-22T01:38:25.053+0000] {taskinstance.py:1364} INFO - 
--------------------------------------------------------------------------------
[2022-11-22T01:38:25.277+0000] {taskinstance.py:1383} INFO - Executing <Task(BashOperator): thrid_task> on 2021-09-13 00:00:00+00:00
[2022-11-22T01:38:25.297+0000] {standard_task_runner.py:55} INFO - Started process 1541 to run task
[2022-11-22T01:38:25.312+0000] {standard_task_runner.py:82} INFO - Running: ['***', 'tasks', 'run', 'our_first_dag_v5', 'thrid_task', 'scheduled__2021-09-13T00:00:00+00:00', '--job-id', '146', '--raw', '--subdir', 'DAGS_FOLDER/our_first_dag.py', '--cfg-path', '/tmp/tmp4qkbxeou']
[2022-11-22T01:38:25.314+0000] {standard_task_runner.py:83} INFO - Job 146: Subtask thrid_task
[2022-11-22T01:38:25.680+0000] {task_command.py:376} INFO - Running <TaskInstance: our_first_dag_v5.thrid_task scheduled__2021-09-13T00:00:00+00:00 [running]> on host ada0bfaa3ff2
[2022-11-22T01:38:26.219+0000] {taskinstance.py:1592} INFO - Exporting the following env vars:
AIRFLOW_CTX_DAG_OWNER=bruno
AIRFLOW_CTX_DAG_ID=our_first_dag_v5
AIRFLOW_CTX_TASK_ID=thrid_task
AIRFLOW_CTX_EXECUTION_DATE=2021-09-13T00:00:00+00:00
AIRFLOW_CTX_TRY_NUMBER=1
AIRFLOW_CTX_DAG_RUN_ID=scheduled__2021-09-13T00:00:00+00:00
[2022-11-22T01:38:26.220+0000] {subprocess.py:63} INFO - Tmp dir root location: 
 /tmp
[2022-11-22T01:38:26.220+0000] {subprocess.py:75} INFO - Running command: ['/bin/bash', '-c', 'echo hey, I am task3 and will be running after task1 at the same time as task2!']
[2022-11-22T01:38:26.290+0000] {subprocess.py:86} INFO - Output:
[2022-11-22T01:38:26.322+0000] {subprocess.py:93} INFO - hey, I am task3 and will be running after task1 at the same time as task2!
[2022-11-22T01:38:26.324+0000] {subprocess.py:97} INFO - Command exited with return code 0
[2022-11-22T01:38:26.389+0000] {taskinstance.py:1406} INFO - Marking task as SUCCESS. dag_id=our_first_dag_v5, task_id=thrid_task, execution_date=20210913T000000, start_date=20221122T013824, end_date=20221122T013826
[2022-11-22T01:38:26.498+0000] {local_task_job.py:159} INFO - Task exited with return code 0
[2022-11-22T01:38:26.560+0000] {taskinstance.py:2623} INFO - 0 downstream tasks scheduled from follow-on schedule check
