[2022-11-30T01:41:23.353+0000] {taskinstance.py:1165} INFO - Dependencies all met for <TaskInstance: dag_with_postgres_operator_v02.create_postgres_table scheduled__2022-11-28T00:00:00+00:00 [queued]>
[2022-11-30T01:41:23.377+0000] {taskinstance.py:1165} INFO - Dependencies all met for <TaskInstance: dag_with_postgres_operator_v02.create_postgres_table scheduled__2022-11-28T00:00:00+00:00 [queued]>
[2022-11-30T01:41:23.377+0000] {taskinstance.py:1362} INFO - 
--------------------------------------------------------------------------------
[2022-11-30T01:41:23.377+0000] {taskinstance.py:1363} INFO - Starting attempt 1 of 6
[2022-11-30T01:41:23.377+0000] {taskinstance.py:1364} INFO - 
--------------------------------------------------------------------------------
[2022-11-30T01:41:23.398+0000] {taskinstance.py:1383} INFO - Executing <Task(PostgresOperator): create_postgres_table> on 2022-11-28 00:00:00+00:00
[2022-11-30T01:41:23.403+0000] {standard_task_runner.py:55} INFO - Started process 1314 to run task
[2022-11-30T01:41:23.411+0000] {standard_task_runner.py:82} INFO - Running: ['***', 'tasks', 'run', 'dag_with_postgres_operator_v02', 'create_postgres_table', 'scheduled__2022-11-28T00:00:00+00:00', '--job-id', '146', '--raw', '--subdir', 'DAGS_FOLDER/dag_with_postgres_operator.py', '--cfg-path', '/tmp/tmpdhn4bnct']
[2022-11-30T01:41:23.412+0000] {standard_task_runner.py:83} INFO - Job 146: Subtask create_postgres_table
[2022-11-30T01:41:23.511+0000] {task_command.py:376} INFO - Running <TaskInstance: dag_with_postgres_operator_v02.create_postgres_table scheduled__2022-11-28T00:00:00+00:00 [running]> on host 2c9b3e546def
[2022-11-30T01:41:23.611+0000] {taskinstance.py:1592} INFO - Exporting the following env vars:
AIRFLOW_CTX_DAG_OWNER=Bruno Lima
AIRFLOW_CTX_DAG_ID=dag_with_postgres_operator_v02
AIRFLOW_CTX_TASK_ID=create_postgres_table
AIRFLOW_CTX_EXECUTION_DATE=2022-11-28T00:00:00+00:00
AIRFLOW_CTX_TRY_NUMBER=1
AIRFLOW_CTX_DAG_RUN_ID=scheduled__2022-11-28T00:00:00+00:00
[2022-11-30T01:41:23.632+0000] {base.py:71} INFO - Using connection ID 'postgres_localhost' for task execution.
[2022-11-30T01:41:23.639+0000] {sql.py:315} INFO - Running statement: 
            create table if not exists dag_runs(
                dt date,
                dag_id character varying,
                primary key (dt, dag_id)
            )
        , parameters: None
[2022-11-30T01:41:23.642+0000] {postgres.py:96} INFO - NOTICE:  relation "dag_runs" already exists, skipping

[2022-11-30T01:41:23.656+0000] {taskinstance.py:1406} INFO - Marking task as SUCCESS. dag_id=dag_with_postgres_operator_v02, task_id=create_postgres_table, execution_date=20221128T000000, start_date=20221130T014123, end_date=20221130T014123
[2022-11-30T01:41:23.705+0000] {local_task_job.py:159} INFO - Task exited with return code 0
[2022-11-30T01:41:23.727+0000] {taskinstance.py:2623} INFO - 1 downstream tasks scheduled from follow-on schedule check
[2022-11-30T01:43:27.197+0000] {taskinstance.py:1165} INFO - Dependencies all met for <TaskInstance: dag_with_postgres_operator_v02.create_postgres_table scheduled__2022-11-28T00:00:00+00:00 [queued]>
[2022-11-30T01:43:27.210+0000] {taskinstance.py:1165} INFO - Dependencies all met for <TaskInstance: dag_with_postgres_operator_v02.create_postgres_table scheduled__2022-11-28T00:00:00+00:00 [queued]>
[2022-11-30T01:43:27.210+0000] {taskinstance.py:1362} INFO - 
--------------------------------------------------------------------------------
[2022-11-30T01:43:27.210+0000] {taskinstance.py:1363} INFO - Starting attempt 1 of 6
[2022-11-30T01:43:27.210+0000] {taskinstance.py:1364} INFO - 
--------------------------------------------------------------------------------
[2022-11-30T01:43:27.236+0000] {taskinstance.py:1383} INFO - Executing <Task(PostgresOperator): create_postgres_table> on 2022-11-28 00:00:00+00:00
[2022-11-30T01:43:27.244+0000] {standard_task_runner.py:55} INFO - Started process 1573 to run task
[2022-11-30T01:43:27.250+0000] {standard_task_runner.py:82} INFO - Running: ['***', 'tasks', 'run', 'dag_with_postgres_operator_v02', 'create_postgres_table', 'scheduled__2022-11-28T00:00:00+00:00', '--job-id', '159', '--raw', '--subdir', 'DAGS_FOLDER/dag_with_postgres_operator.py', '--cfg-path', '/tmp/tmpr7wqo8mx']
[2022-11-30T01:43:27.253+0000] {standard_task_runner.py:83} INFO - Job 159: Subtask create_postgres_table
[2022-11-30T01:43:27.335+0000] {task_command.py:376} INFO - Running <TaskInstance: dag_with_postgres_operator_v02.create_postgres_table scheduled__2022-11-28T00:00:00+00:00 [running]> on host 2c9b3e546def
[2022-11-30T01:43:27.425+0000] {taskinstance.py:1592} INFO - Exporting the following env vars:
AIRFLOW_CTX_DAG_OWNER=Bruno Lima
AIRFLOW_CTX_DAG_ID=dag_with_postgres_operator_v02
AIRFLOW_CTX_TASK_ID=create_postgres_table
AIRFLOW_CTX_EXECUTION_DATE=2022-11-28T00:00:00+00:00
AIRFLOW_CTX_TRY_NUMBER=1
AIRFLOW_CTX_DAG_RUN_ID=scheduled__2022-11-28T00:00:00+00:00
[2022-11-30T01:43:27.435+0000] {base.py:71} INFO - Using connection ID 'postgres_localhost' for task execution.
[2022-11-30T01:43:27.441+0000] {sql.py:315} INFO - Running statement: 
            create table if not exists dag_runs(
                dt date,
                dag_id character varying,
                primary key (dt, dag_id)
            )
        , parameters: None
[2022-11-30T01:43:27.442+0000] {postgres.py:96} INFO - NOTICE:  relation "dag_runs" already exists, skipping

[2022-11-30T01:43:27.452+0000] {taskinstance.py:1406} INFO - Marking task as SUCCESS. dag_id=dag_with_postgres_operator_v02, task_id=create_postgres_table, execution_date=20221128T000000, start_date=20221130T014327, end_date=20221130T014327
[2022-11-30T01:43:27.503+0000] {local_task_job.py:159} INFO - Task exited with return code 0
[2022-11-30T01:43:27.528+0000] {taskinstance.py:2623} INFO - 1 downstream tasks scheduled from follow-on schedule check
[2022-11-30T01:44:25.069+0000] {taskinstance.py:1165} INFO - Dependencies all met for <TaskInstance: dag_with_postgres_operator_v02.create_postgres_table scheduled__2022-11-28T00:00:00+00:00 [queued]>
[2022-11-30T01:44:25.089+0000] {taskinstance.py:1165} INFO - Dependencies all met for <TaskInstance: dag_with_postgres_operator_v02.create_postgres_table scheduled__2022-11-28T00:00:00+00:00 [queued]>
[2022-11-30T01:44:25.089+0000] {taskinstance.py:1362} INFO - 
--------------------------------------------------------------------------------
[2022-11-30T01:44:25.089+0000] {taskinstance.py:1363} INFO - Starting attempt 1 of 6
[2022-11-30T01:44:25.089+0000] {taskinstance.py:1364} INFO - 
--------------------------------------------------------------------------------
[2022-11-30T01:44:25.113+0000] {taskinstance.py:1383} INFO - Executing <Task(PostgresOperator): create_postgres_table> on 2022-11-28 00:00:00+00:00
[2022-11-30T01:44:25.121+0000] {standard_task_runner.py:55} INFO - Started process 1698 to run task
[2022-11-30T01:44:25.127+0000] {standard_task_runner.py:82} INFO - Running: ['***', 'tasks', 'run', 'dag_with_postgres_operator_v02', 'create_postgres_table', 'scheduled__2022-11-28T00:00:00+00:00', '--job-id', '169', '--raw', '--subdir', 'DAGS_FOLDER/dag_with_postgres_operator.py', '--cfg-path', '/tmp/tmpez8tdzm3']
[2022-11-30T01:44:25.131+0000] {standard_task_runner.py:83} INFO - Job 169: Subtask create_postgres_table
[2022-11-30T01:44:25.219+0000] {task_command.py:376} INFO - Running <TaskInstance: dag_with_postgres_operator_v02.create_postgres_table scheduled__2022-11-28T00:00:00+00:00 [running]> on host 2c9b3e546def
[2022-11-30T01:44:25.327+0000] {taskinstance.py:1592} INFO - Exporting the following env vars:
AIRFLOW_CTX_DAG_OWNER=Bruno Lima
AIRFLOW_CTX_DAG_ID=dag_with_postgres_operator_v02
AIRFLOW_CTX_TASK_ID=create_postgres_table
AIRFLOW_CTX_EXECUTION_DATE=2022-11-28T00:00:00+00:00
AIRFLOW_CTX_TRY_NUMBER=1
AIRFLOW_CTX_DAG_RUN_ID=scheduled__2022-11-28T00:00:00+00:00
[2022-11-30T01:44:25.338+0000] {base.py:71} INFO - Using connection ID 'postgres_localhost' for task execution.
[2022-11-30T01:44:25.341+0000] {sql.py:315} INFO - Running statement: 
            create table if not exists dag_runs(
                dt date,
                dag_id character varying,
                primary key (dt, dag_id)
            )
        , parameters: None
[2022-11-30T01:44:25.342+0000] {postgres.py:96} INFO - NOTICE:  relation "dag_runs" already exists, skipping

[2022-11-30T01:44:25.352+0000] {taskinstance.py:1406} INFO - Marking task as SUCCESS. dag_id=dag_with_postgres_operator_v02, task_id=create_postgres_table, execution_date=20221128T000000, start_date=20221130T014425, end_date=20221130T014425
[2022-11-30T01:44:25.383+0000] {local_task_job.py:159} INFO - Task exited with return code 0
[2022-11-30T01:44:25.407+0000] {taskinstance.py:2623} INFO - 1 downstream tasks scheduled from follow-on schedule check
