[2022-11-22T01:37:54.100+0000] {taskinstance.py:1165} INFO - Dependencies all met for <TaskInstance: our_first_dag_v5.first_task scheduled__2021-08-24T00:00:00+00:00 [queued]>
[2022-11-22T01:37:54.118+0000] {taskinstance.py:1165} INFO - Dependencies all met for <TaskInstance: our_first_dag_v5.first_task scheduled__2021-08-24T00:00:00+00:00 [queued]>
[2022-11-22T01:37:54.118+0000] {taskinstance.py:1362} INFO - 
--------------------------------------------------------------------------------
[2022-11-22T01:37:54.118+0000] {taskinstance.py:1363} INFO - Starting attempt 1 of 6
[2022-11-22T01:37:54.118+0000] {taskinstance.py:1364} INFO - 
--------------------------------------------------------------------------------
[2022-11-22T01:37:54.163+0000] {taskinstance.py:1383} INFO - Executing <Task(BashOperator): first_task> on 2021-08-24 00:00:00+00:00
[2022-11-22T01:37:54.170+0000] {standard_task_runner.py:55} INFO - Started process 1268 to run task
[2022-11-22T01:37:54.174+0000] {standard_task_runner.py:82} INFO - Running: ['***', 'tasks', 'run', 'our_first_dag_v5', 'first_task', 'scheduled__2021-08-24T00:00:00+00:00', '--job-id', '69', '--raw', '--subdir', 'DAGS_FOLDER/our_first_dag.py', '--cfg-path', '/tmp/tmp7ah2ox4t']
[2022-11-22T01:37:54.176+0000] {standard_task_runner.py:83} INFO - Job 69: Subtask first_task
[2022-11-22T01:37:54.265+0000] {task_command.py:376} INFO - Running <TaskInstance: our_first_dag_v5.first_task scheduled__2021-08-24T00:00:00+00:00 [running]> on host ada0bfaa3ff2
[2022-11-22T01:37:54.511+0000] {taskinstance.py:1592} INFO - Exporting the following env vars:
AIRFLOW_CTX_DAG_OWNER=bruno
AIRFLOW_CTX_DAG_ID=our_first_dag_v5
AIRFLOW_CTX_TASK_ID=first_task
AIRFLOW_CTX_EXECUTION_DATE=2021-08-24T00:00:00+00:00
AIRFLOW_CTX_TRY_NUMBER=1
AIRFLOW_CTX_DAG_RUN_ID=scheduled__2021-08-24T00:00:00+00:00
[2022-11-22T01:37:54.512+0000] {subprocess.py:63} INFO - Tmp dir root location: 
 /tmp
[2022-11-22T01:37:54.513+0000] {subprocess.py:75} INFO - Running command: ['/bin/bash', '-c', 'echo hello world, this is the first task!']
[2022-11-22T01:37:54.546+0000] {subprocess.py:86} INFO - Output:
[2022-11-22T01:37:54.567+0000] {subprocess.py:93} INFO - hello world, this is the first task!
[2022-11-22T01:37:54.590+0000] {subprocess.py:97} INFO - Command exited with return code 0
[2022-11-22T01:37:54.656+0000] {taskinstance.py:1406} INFO - Marking task as SUCCESS. dag_id=our_first_dag_v5, task_id=first_task, execution_date=20210824T000000, start_date=20221122T013754, end_date=20221122T013754
[2022-11-22T01:37:54.801+0000] {local_task_job.py:159} INFO - Task exited with return code 0
[2022-11-22T01:37:55.064+0000] {taskinstance.py:2623} INFO - 0 downstream tasks scheduled from follow-on schedule check
