[2022-11-26T20:28:21.585+0000] {taskinstance.py:1165} INFO - Dependencies all met for <TaskInstance: our_dag_with_python_operator_v05.greet scheduled__2022-11-25T00:00:00+00:00 [queued]>
[2022-11-26T20:28:21.599+0000] {taskinstance.py:1165} INFO - Dependencies all met for <TaskInstance: our_dag_with_python_operator_v05.greet scheduled__2022-11-25T00:00:00+00:00 [queued]>
[2022-11-26T20:28:21.599+0000] {taskinstance.py:1362} INFO - 
--------------------------------------------------------------------------------
[2022-11-26T20:28:21.599+0000] {taskinstance.py:1363} INFO - Starting attempt 1 of 6
[2022-11-26T20:28:21.599+0000] {taskinstance.py:1364} INFO - 
--------------------------------------------------------------------------------
[2022-11-26T20:28:21.620+0000] {taskinstance.py:1383} INFO - Executing <Task(PythonOperator): greet> on 2022-11-25 00:00:00+00:00
[2022-11-26T20:28:21.624+0000] {standard_task_runner.py:55} INFO - Started process 2675 to run task
[2022-11-26T20:28:21.627+0000] {standard_task_runner.py:82} INFO - Running: ['***', 'tasks', 'run', 'our_dag_with_python_operator_v05', 'greet', 'scheduled__2022-11-25T00:00:00+00:00', '--job-id', '15', '--raw', '--subdir', 'DAGS_FOLDER/create_dag_with_python_operator.py', '--cfg-path', '/tmp/tmpnuo5x713']
[2022-11-26T20:28:21.628+0000] {standard_task_runner.py:83} INFO - Job 15: Subtask greet
[2022-11-26T20:28:21.709+0000] {task_command.py:376} INFO - Running <TaskInstance: our_dag_with_python_operator_v05.greet scheduled__2022-11-25T00:00:00+00:00 [running]> on host 3d834fabdefd
[2022-11-26T20:28:21.814+0000] {taskinstance.py:1592} INFO - Exporting the following env vars:
AIRFLOW_CTX_DAG_OWNER=burno
AIRFLOW_CTX_DAG_ID=our_dag_with_python_operator_v05
AIRFLOW_CTX_TASK_ID=greet
AIRFLOW_CTX_EXECUTION_DATE=2022-11-25T00:00:00+00:00
AIRFLOW_CTX_TRY_NUMBER=1
AIRFLOW_CTX_DAG_RUN_ID=scheduled__2022-11-25T00:00:00+00:00
[2022-11-26T20:28:21.848+0000] {logging_mixin.py:137} INFO - Hello World! My name is Bruno Lima, and I am 22 years old!
[2022-11-26T20:28:21.849+0000] {python.py:177} INFO - Done. Returned value was: None
[2022-11-26T20:28:21.875+0000] {taskinstance.py:1406} INFO - Marking task as SUCCESS. dag_id=our_dag_with_python_operator_v05, task_id=greet, execution_date=20221125T000000, start_date=20221126T202821, end_date=20221126T202821
[2022-11-26T20:28:21.925+0000] {local_task_job.py:159} INFO - Task exited with return code 0
[2022-11-26T20:28:21.945+0000] {taskinstance.py:2623} INFO - 0 downstream tasks scheduled from follow-on schedule check
