[2022-11-22T01:39:41.792+0000] {taskinstance.py:1165} INFO - Dependencies all met for <TaskInstance: our_first_dag2.second_task scheduled__2022-11-09T00:00:00+00:00 [queued]>
[2022-11-22T01:39:41.875+0000] {taskinstance.py:1165} INFO - Dependencies all met for <TaskInstance: our_first_dag2.second_task scheduled__2022-11-09T00:00:00+00:00 [queued]>
[2022-11-22T01:39:41.875+0000] {taskinstance.py:1362} INFO - 
--------------------------------------------------------------------------------
[2022-11-22T01:39:41.876+0000] {taskinstance.py:1363} INFO - Starting attempt 1 of 6
[2022-11-22T01:39:41.876+0000] {taskinstance.py:1364} INFO - 
--------------------------------------------------------------------------------
[2022-11-22T01:39:42.079+0000] {taskinstance.py:1383} INFO - Executing <Task(BashOperator): second_task> on 2022-11-09 00:00:00+00:00
[2022-11-22T01:39:42.086+0000] {standard_task_runner.py:55} INFO - Started process 1886 to run task
[2022-11-22T01:39:42.091+0000] {standard_task_runner.py:82} INFO - Running: ['***', 'tasks', 'run', 'our_first_dag2', 'second_task', 'scheduled__2022-11-09T00:00:00+00:00', '--job-id', '227', '--raw', '--subdir', 'DAGS_FOLDER/our_first_dag.py', '--cfg-path', '/tmp/tmp6srpe6nn']
[2022-11-22T01:39:42.092+0000] {standard_task_runner.py:83} INFO - Job 227: Subtask second_task
[2022-11-22T01:39:42.245+0000] {task_command.py:376} INFO - Running <TaskInstance: our_first_dag2.second_task scheduled__2022-11-09T00:00:00+00:00 [running]> on host ada0bfaa3ff2
[2022-11-22T01:39:42.572+0000] {taskinstance.py:1592} INFO - Exporting the following env vars:
AIRFLOW_CTX_DAG_OWNER=burno
AIRFLOW_CTX_DAG_ID=our_first_dag2
AIRFLOW_CTX_TASK_ID=second_task
AIRFLOW_CTX_EXECUTION_DATE=2022-11-09T00:00:00+00:00
AIRFLOW_CTX_TRY_NUMBER=1
AIRFLOW_CTX_DAG_RUN_ID=scheduled__2022-11-09T00:00:00+00:00
[2022-11-22T01:39:42.575+0000] {subprocess.py:63} INFO - Tmp dir root location: 
 /tmp
[2022-11-22T01:39:42.576+0000] {subprocess.py:75} INFO - Running command: ['/bin/bash', '-c', 'echo hey, I am task2 and will be running after task1!']
[2022-11-22T01:39:42.658+0000] {subprocess.py:86} INFO - Output:
[2022-11-22T01:39:42.676+0000] {subprocess.py:93} INFO - hey, I am task2 and will be running after task1!
[2022-11-22T01:39:42.691+0000] {subprocess.py:97} INFO - Command exited with return code 0
[2022-11-22T01:39:42.774+0000] {taskinstance.py:1406} INFO - Marking task as SUCCESS. dag_id=our_first_dag2, task_id=second_task, execution_date=20221109T000000, start_date=20221122T013941, end_date=20221122T013942
[2022-11-22T01:39:42.834+0000] {local_task_job.py:159} INFO - Task exited with return code 0
[2022-11-22T01:39:43.118+0000] {taskinstance.py:2623} INFO - 0 downstream tasks scheduled from follow-on schedule check
