[2022-11-22T01:37:43.034+0000] {taskinstance.py:1165} INFO - Dependencies all met for <TaskInstance: our_first_dag_v5.first_task scheduled__2021-08-12T00:00:00+00:00 [queued]>
[2022-11-22T01:37:43.065+0000] {taskinstance.py:1165} INFO - Dependencies all met for <TaskInstance: our_first_dag_v5.first_task scheduled__2021-08-12T00:00:00+00:00 [queued]>
[2022-11-22T01:37:43.066+0000] {taskinstance.py:1362} INFO - 
--------------------------------------------------------------------------------
[2022-11-22T01:37:43.066+0000] {taskinstance.py:1363} INFO - Starting attempt 1 of 6
[2022-11-22T01:37:43.066+0000] {taskinstance.py:1364} INFO - 
--------------------------------------------------------------------------------
[2022-11-22T01:37:43.130+0000] {taskinstance.py:1383} INFO - Executing <Task(BashOperator): first_task> on 2021-08-12 00:00:00+00:00
[2022-11-22T01:37:43.148+0000] {standard_task_runner.py:55} INFO - Started process 1168 to run task
[2022-11-22T01:37:43.157+0000] {standard_task_runner.py:82} INFO - Running: ['***', 'tasks', 'run', 'our_first_dag_v5', 'first_task', 'scheduled__2021-08-12T00:00:00+00:00', '--job-id', '36', '--raw', '--subdir', 'DAGS_FOLDER/our_first_dag.py', '--cfg-path', '/tmp/tmpbey50wtj']
[2022-11-22T01:37:43.163+0000] {standard_task_runner.py:83} INFO - Job 36: Subtask first_task
[2022-11-22T01:37:43.417+0000] {task_command.py:376} INFO - Running <TaskInstance: our_first_dag_v5.first_task scheduled__2021-08-12T00:00:00+00:00 [running]> on host ada0bfaa3ff2
[2022-11-22T01:37:43.914+0000] {taskinstance.py:1592} INFO - Exporting the following env vars:
AIRFLOW_CTX_DAG_OWNER=bruno
AIRFLOW_CTX_DAG_ID=our_first_dag_v5
AIRFLOW_CTX_TASK_ID=first_task
AIRFLOW_CTX_EXECUTION_DATE=2021-08-12T00:00:00+00:00
AIRFLOW_CTX_TRY_NUMBER=1
AIRFLOW_CTX_DAG_RUN_ID=scheduled__2021-08-12T00:00:00+00:00
[2022-11-22T01:37:43.915+0000] {subprocess.py:63} INFO - Tmp dir root location: 
 /tmp
[2022-11-22T01:37:43.915+0000] {subprocess.py:75} INFO - Running command: ['/bin/bash', '-c', 'echo hello world, this is the first task!']
[2022-11-22T01:37:44.000+0000] {subprocess.py:86} INFO - Output:
[2022-11-22T01:37:44.007+0000] {subprocess.py:93} INFO - hello world, this is the first task!
[2022-11-22T01:37:44.007+0000] {subprocess.py:97} INFO - Command exited with return code 0
[2022-11-22T01:37:44.111+0000] {taskinstance.py:1406} INFO - Marking task as SUCCESS. dag_id=our_first_dag_v5, task_id=first_task, execution_date=20210812T000000, start_date=20221122T013743, end_date=20221122T013744
[2022-11-22T01:37:44.189+0000] {local_task_job.py:159} INFO - Task exited with return code 0
[2022-11-22T01:37:44.533+0000] {taskinstance.py:2623} INFO - 2 downstream tasks scheduled from follow-on schedule check
