[2022-11-22T01:38:37.715+0000] {taskinstance.py:1165} INFO - Dependencies all met for <TaskInstance: our_first_dag_v5.thrid_task scheduled__2021-09-25T00:00:00+00:00 [queued]>
[2022-11-22T01:38:37.815+0000] {taskinstance.py:1165} INFO - Dependencies all met for <TaskInstance: our_first_dag_v5.thrid_task scheduled__2021-09-25T00:00:00+00:00 [queued]>
[2022-11-22T01:38:37.816+0000] {taskinstance.py:1362} INFO - 
--------------------------------------------------------------------------------
[2022-11-22T01:38:37.816+0000] {taskinstance.py:1363} INFO - Starting attempt 1 of 6
[2022-11-22T01:38:37.816+0000] {taskinstance.py:1364} INFO - 
--------------------------------------------------------------------------------
[2022-11-22T01:38:37.980+0000] {taskinstance.py:1383} INFO - Executing <Task(BashOperator): thrid_task> on 2021-09-25 00:00:00+00:00
[2022-11-22T01:38:37.990+0000] {standard_task_runner.py:55} INFO - Started process 1639 to run task
[2022-11-22T01:38:37.999+0000] {standard_task_runner.py:82} INFO - Running: ['***', 'tasks', 'run', 'our_first_dag_v5', 'thrid_task', 'scheduled__2021-09-25T00:00:00+00:00', '--job-id', '180', '--raw', '--subdir', 'DAGS_FOLDER/our_first_dag.py', '--cfg-path', '/tmp/tmp9u6k498c']
[2022-11-22T01:38:38.001+0000] {standard_task_runner.py:83} INFO - Job 180: Subtask thrid_task
[2022-11-22T01:38:38.354+0000] {task_command.py:376} INFO - Running <TaskInstance: our_first_dag_v5.thrid_task scheduled__2021-09-25T00:00:00+00:00 [running]> on host ada0bfaa3ff2
[2022-11-22T01:38:38.715+0000] {taskinstance.py:1592} INFO - Exporting the following env vars:
AIRFLOW_CTX_DAG_OWNER=bruno
AIRFLOW_CTX_DAG_ID=our_first_dag_v5
AIRFLOW_CTX_TASK_ID=thrid_task
AIRFLOW_CTX_EXECUTION_DATE=2021-09-25T00:00:00+00:00
AIRFLOW_CTX_TRY_NUMBER=1
AIRFLOW_CTX_DAG_RUN_ID=scheduled__2021-09-25T00:00:00+00:00
[2022-11-22T01:38:38.732+0000] {subprocess.py:63} INFO - Tmp dir root location: 
 /tmp
[2022-11-22T01:38:38.733+0000] {subprocess.py:75} INFO - Running command: ['/bin/bash', '-c', 'echo hey, I am task3 and will be running after task1 at the same time as task2!']
[2022-11-22T01:38:38.822+0000] {subprocess.py:86} INFO - Output:
[2022-11-22T01:38:38.839+0000] {subprocess.py:93} INFO - hey, I am task3 and will be running after task1 at the same time as task2!
[2022-11-22T01:38:38.843+0000] {subprocess.py:97} INFO - Command exited with return code 0
[2022-11-22T01:38:38.905+0000] {taskinstance.py:1406} INFO - Marking task as SUCCESS. dag_id=our_first_dag_v5, task_id=thrid_task, execution_date=20210925T000000, start_date=20221122T013837, end_date=20221122T013838
[2022-11-22T01:38:39.037+0000] {local_task_job.py:159} INFO - Task exited with return code 0
[2022-11-22T01:38:39.099+0000] {taskinstance.py:2623} INFO - 0 downstream tasks scheduled from follow-on schedule check
