[2022-11-26T21:00:25.165+0000] {taskinstance.py:1165} INFO - Dependencies all met for <TaskInstance: dag_with_taskflow_api_v01.get_name scheduled__2022-11-25T00:00:00+00:00 [queued]>
[2022-11-26T21:00:25.176+0000] {taskinstance.py:1165} INFO - Dependencies all met for <TaskInstance: dag_with_taskflow_api_v01.get_name scheduled__2022-11-25T00:00:00+00:00 [queued]>
[2022-11-26T21:00:25.177+0000] {taskinstance.py:1362} INFO - 
--------------------------------------------------------------------------------
[2022-11-26T21:00:25.177+0000] {taskinstance.py:1363} INFO - Starting attempt 1 of 6
[2022-11-26T21:00:25.177+0000] {taskinstance.py:1364} INFO - 
--------------------------------------------------------------------------------
[2022-11-26T21:00:25.195+0000] {taskinstance.py:1383} INFO - Executing <Task(_PythonDecoratedOperator): get_name> on 2022-11-25 00:00:00+00:00
[2022-11-26T21:00:25.200+0000] {standard_task_runner.py:55} INFO - Started process 5461 to run task
[2022-11-26T21:00:25.203+0000] {standard_task_runner.py:82} INFO - Running: ['***', 'tasks', 'run', 'dag_with_taskflow_api_v01', 'get_name', 'scheduled__2022-11-25T00:00:00+00:00', '--job-id', '26', '--raw', '--subdir', 'DAGS_FOLDER/dag_eith_tasksflow_api.py', '--cfg-path', '/tmp/tmp4d41v2_2']
[2022-11-26T21:00:25.205+0000] {standard_task_runner.py:83} INFO - Job 26: Subtask get_name
[2022-11-26T21:00:25.308+0000] {task_command.py:376} INFO - Running <TaskInstance: dag_with_taskflow_api_v01.get_name scheduled__2022-11-25T00:00:00+00:00 [running]> on host 3d834fabdefd
[2022-11-26T21:00:25.407+0000] {taskinstance.py:1592} INFO - Exporting the following env vars:
AIRFLOW_CTX_DAG_OWNER=bruno
AIRFLOW_CTX_DAG_ID=dag_with_taskflow_api_v01
AIRFLOW_CTX_TASK_ID=get_name
AIRFLOW_CTX_EXECUTION_DATE=2022-11-25T00:00:00+00:00
AIRFLOW_CTX_TRY_NUMBER=1
AIRFLOW_CTX_DAG_RUN_ID=scheduled__2022-11-25T00:00:00+00:00
[2022-11-26T21:00:25.408+0000] {python.py:177} INFO - Done. Returned value was: Bruno
[2022-11-26T21:00:25.445+0000] {taskinstance.py:1406} INFO - Marking task as SUCCESS. dag_id=dag_with_taskflow_api_v01, task_id=get_name, execution_date=20221125T000000, start_date=20221126T210025, end_date=20221126T210025
[2022-11-26T21:00:25.464+0000] {local_task_job.py:159} INFO - Task exited with return code 0
[2022-11-26T21:00:25.495+0000] {taskinstance.py:2623} INFO - 1 downstream tasks scheduled from follow-on schedule check
