[2022-11-22T01:38:09.992+0000] {taskinstance.py:1165} INFO - Dependencies all met for <TaskInstance: our_first_dag_v5.second_task scheduled__2021-09-01T00:00:00+00:00 [queued]>
[2022-11-22T01:38:10.051+0000] {taskinstance.py:1165} INFO - Dependencies all met for <TaskInstance: our_first_dag_v5.second_task scheduled__2021-09-01T00:00:00+00:00 [queued]>
[2022-11-22T01:38:10.052+0000] {taskinstance.py:1362} INFO - 
--------------------------------------------------------------------------------
[2022-11-22T01:38:10.052+0000] {taskinstance.py:1363} INFO - Starting attempt 1 of 6
[2022-11-22T01:38:10.052+0000] {taskinstance.py:1364} INFO - 
--------------------------------------------------------------------------------
[2022-11-22T01:38:10.137+0000] {taskinstance.py:1383} INFO - Executing <Task(BashOperator): second_task> on 2021-09-01 00:00:00+00:00
[2022-11-22T01:38:10.147+0000] {standard_task_runner.py:55} INFO - Started process 1422 to run task
[2022-11-22T01:38:10.165+0000] {standard_task_runner.py:82} INFO - Running: ['***', 'tasks', 'run', 'our_first_dag_v5', 'second_task', 'scheduled__2021-09-01T00:00:00+00:00', '--job-id', '113', '--raw', '--subdir', 'DAGS_FOLDER/our_first_dag.py', '--cfg-path', '/tmp/tmp9s5_3cg5']
[2022-11-22T01:38:10.166+0000] {standard_task_runner.py:83} INFO - Job 113: Subtask second_task
[2022-11-22T01:38:10.448+0000] {task_command.py:376} INFO - Running <TaskInstance: our_first_dag_v5.second_task scheduled__2021-09-01T00:00:00+00:00 [running]> on host ada0bfaa3ff2
[2022-11-22T01:38:10.826+0000] {taskinstance.py:1592} INFO - Exporting the following env vars:
AIRFLOW_CTX_DAG_OWNER=bruno
AIRFLOW_CTX_DAG_ID=our_first_dag_v5
AIRFLOW_CTX_TASK_ID=second_task
AIRFLOW_CTX_EXECUTION_DATE=2021-09-01T00:00:00+00:00
AIRFLOW_CTX_TRY_NUMBER=1
AIRFLOW_CTX_DAG_RUN_ID=scheduled__2021-09-01T00:00:00+00:00
[2022-11-22T01:38:10.827+0000] {subprocess.py:63} INFO - Tmp dir root location: 
 /tmp
[2022-11-22T01:38:10.828+0000] {subprocess.py:75} INFO - Running command: ['/bin/bash', '-c', 'echo hey, I am task2 and will be running after task1!']
[2022-11-22T01:38:10.885+0000] {subprocess.py:86} INFO - Output:
[2022-11-22T01:38:10.894+0000] {subprocess.py:93} INFO - hey, I am task2 and will be running after task1!
[2022-11-22T01:38:10.895+0000] {subprocess.py:97} INFO - Command exited with return code 0
[2022-11-22T01:38:10.950+0000] {taskinstance.py:1406} INFO - Marking task as SUCCESS. dag_id=our_first_dag_v5, task_id=second_task, execution_date=20210901T000000, start_date=20221122T013809, end_date=20221122T013810
[2022-11-22T01:38:11.025+0000] {local_task_job.py:159} INFO - Task exited with return code 0
[2022-11-22T01:38:11.070+0000] {taskinstance.py:2623} INFO - 0 downstream tasks scheduled from follow-on schedule check
