[2022-11-27T18:05:02.434+0000] {taskinstance.py:1165} INFO - Dependencies all met for <TaskInstance: dag_with_taskflow_api_v02.get_name scheduled__2022-11-26T00:00:00+00:00 [queued]>
[2022-11-27T18:05:02.453+0000] {taskinstance.py:1165} INFO - Dependencies all met for <TaskInstance: dag_with_taskflow_api_v02.get_name scheduled__2022-11-26T00:00:00+00:00 [queued]>
[2022-11-27T18:05:02.453+0000] {taskinstance.py:1362} INFO - 
--------------------------------------------------------------------------------
[2022-11-27T18:05:02.453+0000] {taskinstance.py:1363} INFO - Starting attempt 1 of 6
[2022-11-27T18:05:02.453+0000] {taskinstance.py:1364} INFO - 
--------------------------------------------------------------------------------
[2022-11-27T18:05:02.499+0000] {taskinstance.py:1383} INFO - Executing <Task(_PythonDecoratedOperator): get_name> on 2022-11-26 00:00:00+00:00
[2022-11-27T18:05:02.504+0000] {standard_task_runner.py:55} INFO - Started process 208 to run task
[2022-11-27T18:05:02.508+0000] {standard_task_runner.py:82} INFO - Running: ['***', 'tasks', 'run', 'dag_with_taskflow_api_v02', 'get_name', 'scheduled__2022-11-26T00:00:00+00:00', '--job-id', '74', '--raw', '--subdir', 'DAGS_FOLDER/dag_eith_tasksflow_api.py', '--cfg-path', '/tmp/tmpu4g6krf5']
[2022-11-27T18:05:02.538+0000] {standard_task_runner.py:83} INFO - Job 74: Subtask get_name
[2022-11-27T18:05:02.798+0000] {task_command.py:376} INFO - Running <TaskInstance: dag_with_taskflow_api_v02.get_name scheduled__2022-11-26T00:00:00+00:00 [running]> on host 9f4316afb24b
[2022-11-27T18:05:03.184+0000] {taskinstance.py:1592} INFO - Exporting the following env vars:
AIRFLOW_CTX_DAG_OWNER=bruno
AIRFLOW_CTX_DAG_ID=dag_with_taskflow_api_v02
AIRFLOW_CTX_TASK_ID=get_name
AIRFLOW_CTX_EXECUTION_DATE=2022-11-26T00:00:00+00:00
AIRFLOW_CTX_TRY_NUMBER=1
AIRFLOW_CTX_DAG_RUN_ID=scheduled__2022-11-26T00:00:00+00:00
[2022-11-27T18:05:03.185+0000] {python.py:177} INFO - Done. Returned value was: {'first_name': 'Bruno', 'last_name': 'Lima'}
[2022-11-27T18:05:03.313+0000] {taskinstance.py:1406} INFO - Marking task as SUCCESS. dag_id=dag_with_taskflow_api_v02, task_id=get_name, execution_date=20221126T000000, start_date=20221127T180502, end_date=20221127T180503
[2022-11-27T18:05:03.386+0000] {local_task_job.py:159} INFO - Task exited with return code 0
[2022-11-27T18:05:03.440+0000] {taskinstance.py:2623} INFO - 0 downstream tasks scheduled from follow-on schedule check
