[2022-11-28T02:20:58.952+0000] {taskinstance.py:1165} INFO - Dependencies all met for <TaskInstance: dag_with_taskflow_api_v02.get_name scheduled__2022-11-27T00:00:00+00:00 [queued]>
[2022-11-28T02:20:58.964+0000] {taskinstance.py:1165} INFO - Dependencies all met for <TaskInstance: dag_with_taskflow_api_v02.get_name scheduled__2022-11-27T00:00:00+00:00 [queued]>
[2022-11-28T02:20:58.965+0000] {taskinstance.py:1362} INFO - 
--------------------------------------------------------------------------------
[2022-11-28T02:20:58.965+0000] {taskinstance.py:1363} INFO - Starting attempt 1 of 6
[2022-11-28T02:20:58.965+0000] {taskinstance.py:1364} INFO - 
--------------------------------------------------------------------------------
[2022-11-28T02:20:59.019+0000] {taskinstance.py:1383} INFO - Executing <Task(_PythonDecoratedOperator): get_name> on 2022-11-27 00:00:00+00:00
[2022-11-28T02:20:59.039+0000] {standard_task_runner.py:82} INFO - Running: ['***', 'tasks', 'run', 'dag_with_taskflow_api_v02', 'get_name', 'scheduled__2022-11-27T00:00:00+00:00', '--job-id', '106', '--raw', '--subdir', 'DAGS_FOLDER/dag_eith_tasksflow_api.py', '--cfg-path', '/tmp/tmpx_r1l3s3']
[2022-11-28T02:20:59.043+0000] {standard_task_runner.py:83} INFO - Job 106: Subtask get_name
[2022-11-28T02:20:59.025+0000] {standard_task_runner.py:55} INFO - Started process 1943 to run task
[2022-11-28T02:20:59.184+0000] {task_command.py:376} INFO - Running <TaskInstance: dag_with_taskflow_api_v02.get_name scheduled__2022-11-27T00:00:00+00:00 [running]> on host 04d264156372
[2022-11-28T02:20:59.445+0000] {taskinstance.py:1592} INFO - Exporting the following env vars:
AIRFLOW_CTX_DAG_OWNER=bruno
AIRFLOW_CTX_DAG_ID=dag_with_taskflow_api_v02
AIRFLOW_CTX_TASK_ID=get_name
AIRFLOW_CTX_EXECUTION_DATE=2022-11-27T00:00:00+00:00
AIRFLOW_CTX_TRY_NUMBER=1
AIRFLOW_CTX_DAG_RUN_ID=scheduled__2022-11-27T00:00:00+00:00
[2022-11-28T02:20:59.446+0000] {python.py:177} INFO - Done. Returned value was: {'first_name': 'Bruno', 'last_name': 'Lima'}
[2022-11-28T02:20:59.531+0000] {taskinstance.py:1406} INFO - Marking task as SUCCESS. dag_id=dag_with_taskflow_api_v02, task_id=get_name, execution_date=20221127T000000, start_date=20221128T022058, end_date=20221128T022059
[2022-11-28T02:20:59.592+0000] {local_task_job.py:159} INFO - Task exited with return code 0
[2022-11-28T02:20:59.637+0000] {taskinstance.py:2623} INFO - 0 downstream tasks scheduled from follow-on schedule check
