[2022-11-26T21:09:01.532+0000] {processor.py:154} INFO - Started process (PID=6272) to work on /opt/airflow/dags/dag_with_catchup_and_backfill.py
[2022-11-26T21:09:01.533+0000] {processor.py:756} INFO - Processing file /opt/airflow/dags/dag_with_catchup_and_backfill.py for tasks to queue
[2022-11-26T21:09:01.534+0000] {logging_mixin.py:137} INFO - [2022-11-26T21:09:01.533+0000] {dagbag.py:537} INFO - Filling up the DagBag from /opt/airflow/dags/dag_with_catchup_and_backfill.py
[2022-11-26T21:09:01.535+0000] {logging_mixin.py:137} INFO - [2022-11-26T21:09:01.534+0000] {dagbag.py:342} ERROR - Failed to import: /opt/airflow/dags/dag_with_catchup_and_backfill.py
Traceback (most recent call last):
  File "/home/airflow/.local/lib/python3.7/site-packages/airflow/models/dagbag.py", line 338, in parse
    loader.exec_module(new_module)
  File "<frozen importlib._bootstrap_external>", line 724, in exec_module
  File "<frozen importlib._bootstrap_external>", line 860, in get_code
  File "<frozen importlib._bootstrap_external>", line 791, in source_to_code
  File "<frozen importlib._bootstrap>", line 219, in _call_with_frames_removed
  File "/opt/airflow/dags/dag_with_catchup_and_backfill.py", line 14
    ) as dag:
            ^
SyntaxError: unexpected EOF while parsing
[2022-11-26T21:09:01.536+0000] {processor.py:768} WARNING - No viable dags retrieved from /opt/airflow/dags/dag_with_catchup_and_backfill.py
[2022-11-26T21:09:01.552+0000] {processor.py:176} INFO - Processing /opt/airflow/dags/dag_with_catchup_and_backfill.py took 0.022 seconds
[2022-11-26T21:09:08.573+0000] {processor.py:154} INFO - Started process (PID=6277) to work on /opt/airflow/dags/dag_with_catchup_and_backfill.py
[2022-11-26T21:09:08.574+0000] {processor.py:756} INFO - Processing file /opt/airflow/dags/dag_with_catchup_and_backfill.py for tasks to queue
[2022-11-26T21:09:08.574+0000] {logging_mixin.py:137} INFO - [2022-11-26T21:09:08.574+0000] {dagbag.py:537} INFO - Filling up the DagBag from /opt/airflow/dags/dag_with_catchup_and_backfill.py
[2022-11-26T21:09:08.576+0000] {logging_mixin.py:137} INFO - [2022-11-26T21:09:08.575+0000] {dagbag.py:342} ERROR - Failed to import: /opt/airflow/dags/dag_with_catchup_and_backfill.py
Traceback (most recent call last):
  File "/home/airflow/.local/lib/python3.7/site-packages/airflow/models/dagbag.py", line 338, in parse
    loader.exec_module(new_module)
  File "<frozen importlib._bootstrap_external>", line 724, in exec_module
  File "<frozen importlib._bootstrap_external>", line 860, in get_code
  File "<frozen importlib._bootstrap_external>", line 791, in source_to_code
  File "<frozen importlib._bootstrap>", line 219, in _call_with_frames_removed
  File "/opt/airflow/dags/dag_with_catchup_and_backfill.py", line 14
    ) as dag:
            ^
SyntaxError: unexpected EOF while parsing
[2022-11-26T21:09:08.576+0000] {processor.py:768} WARNING - No viable dags retrieved from /opt/airflow/dags/dag_with_catchup_and_backfill.py
[2022-11-26T21:09:08.595+0000] {processor.py:176} INFO - Processing /opt/airflow/dags/dag_with_catchup_and_backfill.py took 0.025 seconds
[2022-11-26T21:09:13.780+0000] {processor.py:154} INFO - Started process (PID=6301) to work on /opt/airflow/dags/dag_with_catchup_and_backfill.py
[2022-11-26T21:09:13.780+0000] {processor.py:756} INFO - Processing file /opt/airflow/dags/dag_with_catchup_and_backfill.py for tasks to queue
[2022-11-26T21:09:13.781+0000] {logging_mixin.py:137} INFO - [2022-11-26T21:09:13.781+0000] {dagbag.py:537} INFO - Filling up the DagBag from /opt/airflow/dags/dag_with_catchup_and_backfill.py
[2022-11-26T21:09:13.784+0000] {logging_mixin.py:137} INFO - [2022-11-26T21:09:13.783+0000] {dagbag.py:342} ERROR - Failed to import: /opt/airflow/dags/dag_with_catchup_and_backfill.py
Traceback (most recent call last):
  File "/home/airflow/.local/lib/python3.7/site-packages/airflow/models/dagbag.py", line 338, in parse
    loader.exec_module(new_module)
  File "<frozen importlib._bootstrap_external>", line 724, in exec_module
  File "<frozen importlib._bootstrap_external>", line 860, in get_code
  File "<frozen importlib._bootstrap_external>", line 791, in source_to_code
  File "<frozen importlib._bootstrap>", line 219, in _call_with_frames_removed
  File "/opt/airflow/dags/dag_with_catchup_and_backfill.py", line 14
    ) as dag:
            ^
SyntaxError: unexpected EOF while parsing
[2022-11-26T21:09:13.784+0000] {processor.py:768} WARNING - No viable dags retrieved from /opt/airflow/dags/dag_with_catchup_and_backfill.py
[2022-11-26T21:09:13.806+0000] {processor.py:176} INFO - Processing /opt/airflow/dags/dag_with_catchup_and_backfill.py took 0.029 seconds
[2022-11-26T21:09:18.807+0000] {processor.py:154} INFO - Started process (PID=6306) to work on /opt/airflow/dags/dag_with_catchup_and_backfill.py
[2022-11-26T21:09:18.808+0000] {processor.py:756} INFO - Processing file /opt/airflow/dags/dag_with_catchup_and_backfill.py for tasks to queue
[2022-11-26T21:09:18.809+0000] {logging_mixin.py:137} INFO - [2022-11-26T21:09:18.808+0000] {dagbag.py:537} INFO - Filling up the DagBag from /opt/airflow/dags/dag_with_catchup_and_backfill.py
[2022-11-26T21:09:18.810+0000] {logging_mixin.py:137} INFO - [2022-11-26T21:09:18.809+0000] {dagbag.py:342} ERROR - Failed to import: /opt/airflow/dags/dag_with_catchup_and_backfill.py
Traceback (most recent call last):
  File "/home/airflow/.local/lib/python3.7/site-packages/airflow/models/dagbag.py", line 338, in parse
    loader.exec_module(new_module)
  File "<frozen importlib._bootstrap_external>", line 724, in exec_module
  File "<frozen importlib._bootstrap_external>", line 860, in get_code
  File "<frozen importlib._bootstrap_external>", line 791, in source_to_code
  File "<frozen importlib._bootstrap>", line 219, in _call_with_frames_removed
  File "/opt/airflow/dags/dag_with_catchup_and_backfill.py", line 14
    ) as dag:
            ^
SyntaxError: unexpected EOF while parsing
[2022-11-26T21:09:18.810+0000] {processor.py:768} WARNING - No viable dags retrieved from /opt/airflow/dags/dag_with_catchup_and_backfill.py
[2022-11-26T21:09:18.827+0000] {processor.py:176} INFO - Processing /opt/airflow/dags/dag_with_catchup_and_backfill.py took 0.022 seconds
[2022-11-26T21:09:22.833+0000] {processor.py:154} INFO - Started process (PID=6320) to work on /opt/airflow/dags/dag_with_catchup_and_backfill.py
[2022-11-26T21:09:22.833+0000] {processor.py:756} INFO - Processing file /opt/airflow/dags/dag_with_catchup_and_backfill.py for tasks to queue
[2022-11-26T21:09:22.834+0000] {logging_mixin.py:137} INFO - [2022-11-26T21:09:22.834+0000] {dagbag.py:537} INFO - Filling up the DagBag from /opt/airflow/dags/dag_with_catchup_and_backfill.py
[2022-11-26T21:09:22.835+0000] {logging_mixin.py:137} INFO - [2022-11-26T21:09:22.835+0000] {dagbag.py:342} ERROR - Failed to import: /opt/airflow/dags/dag_with_catchup_and_backfill.py
Traceback (most recent call last):
  File "/home/airflow/.local/lib/python3.7/site-packages/airflow/models/dagbag.py", line 338, in parse
    loader.exec_module(new_module)
  File "<frozen importlib._bootstrap_external>", line 724, in exec_module
  File "<frozen importlib._bootstrap_external>", line 860, in get_code
  File "<frozen importlib._bootstrap_external>", line 791, in source_to_code
  File "<frozen importlib._bootstrap>", line 219, in _call_with_frames_removed
  File "/opt/airflow/dags/dag_with_catchup_and_backfill.py", line 14
    ) as dag:
            ^
SyntaxError: unexpected EOF while parsing
[2022-11-26T21:09:22.836+0000] {processor.py:768} WARNING - No viable dags retrieved from /opt/airflow/dags/dag_with_catchup_and_backfill.py
[2022-11-26T21:09:22.856+0000] {processor.py:176} INFO - Processing /opt/airflow/dags/dag_with_catchup_and_backfill.py took 0.026 seconds
[2022-11-26T21:09:24.878+0000] {processor.py:154} INFO - Started process (PID=6325) to work on /opt/airflow/dags/dag_with_catchup_and_backfill.py
[2022-11-26T21:09:24.878+0000] {processor.py:756} INFO - Processing file /opt/airflow/dags/dag_with_catchup_and_backfill.py for tasks to queue
[2022-11-26T21:09:24.879+0000] {logging_mixin.py:137} INFO - [2022-11-26T21:09:24.879+0000] {dagbag.py:537} INFO - Filling up the DagBag from /opt/airflow/dags/dag_with_catchup_and_backfill.py
[2022-11-26T21:09:24.881+0000] {logging_mixin.py:137} INFO - [2022-11-26T21:09:24.880+0000] {dagbag.py:342} ERROR - Failed to import: /opt/airflow/dags/dag_with_catchup_and_backfill.py
Traceback (most recent call last):
  File "/home/airflow/.local/lib/python3.7/site-packages/airflow/models/dagbag.py", line 338, in parse
    loader.exec_module(new_module)
  File "<frozen importlib._bootstrap_external>", line 724, in exec_module
  File "<frozen importlib._bootstrap_external>", line 860, in get_code
  File "<frozen importlib._bootstrap_external>", line 791, in source_to_code
  File "<frozen importlib._bootstrap>", line 219, in _call_with_frames_removed
  File "/opt/airflow/dags/dag_with_catchup_and_backfill.py", line 15
    ) as dag:
            ^
SyntaxError: unexpected EOF while parsing
[2022-11-26T21:09:24.881+0000] {processor.py:768} WARNING - No viable dags retrieved from /opt/airflow/dags/dag_with_catchup_and_backfill.py
[2022-11-26T21:09:24.898+0000] {processor.py:176} INFO - Processing /opt/airflow/dags/dag_with_catchup_and_backfill.py took 0.023 seconds
[2022-11-26T21:09:26.901+0000] {processor.py:154} INFO - Started process (PID=6330) to work on /opt/airflow/dags/dag_with_catchup_and_backfill.py
[2022-11-26T21:09:26.902+0000] {processor.py:756} INFO - Processing file /opt/airflow/dags/dag_with_catchup_and_backfill.py for tasks to queue
[2022-11-26T21:09:26.903+0000] {logging_mixin.py:137} INFO - [2022-11-26T21:09:26.903+0000] {dagbag.py:537} INFO - Filling up the DagBag from /opt/airflow/dags/dag_with_catchup_and_backfill.py
[2022-11-26T21:09:26.907+0000] {logging_mixin.py:137} INFO - [2022-11-26T21:09:26.905+0000] {dagbag.py:342} ERROR - Failed to import: /opt/airflow/dags/dag_with_catchup_and_backfill.py
Traceback (most recent call last):
  File "/home/airflow/.local/lib/python3.7/site-packages/airflow/models/dagbag.py", line 338, in parse
    loader.exec_module(new_module)
  File "<frozen importlib._bootstrap_external>", line 724, in exec_module
  File "<frozen importlib._bootstrap_external>", line 860, in get_code
  File "<frozen importlib._bootstrap_external>", line 791, in source_to_code
  File "<frozen importlib._bootstrap>", line 219, in _call_with_frames_removed
  File "/opt/airflow/dags/dag_with_catchup_and_backfill.py", line 15
    ) as dag:
            ^
SyntaxError: unexpected EOF while parsing
[2022-11-26T21:09:26.908+0000] {processor.py:768} WARNING - No viable dags retrieved from /opt/airflow/dags/dag_with_catchup_and_backfill.py
[2022-11-26T21:09:26.928+0000] {processor.py:176} INFO - Processing /opt/airflow/dags/dag_with_catchup_and_backfill.py took 0.033 seconds
[2022-11-26T21:09:34.994+0000] {processor.py:154} INFO - Started process (PID=6349) to work on /opt/airflow/dags/dag_with_catchup_and_backfill.py
[2022-11-26T21:09:34.995+0000] {processor.py:756} INFO - Processing file /opt/airflow/dags/dag_with_catchup_and_backfill.py for tasks to queue
[2022-11-26T21:09:34.995+0000] {logging_mixin.py:137} INFO - [2022-11-26T21:09:34.995+0000] {dagbag.py:537} INFO - Filling up the DagBag from /opt/airflow/dags/dag_with_catchup_and_backfill.py
[2022-11-26T21:09:34.997+0000] {logging_mixin.py:137} INFO - [2022-11-26T21:09:34.997+0000] {dagbag.py:342} ERROR - Failed to import: /opt/airflow/dags/dag_with_catchup_and_backfill.py
Traceback (most recent call last):
  File "/home/airflow/.local/lib/python3.7/site-packages/airflow/models/dagbag.py", line 338, in parse
    loader.exec_module(new_module)
  File "<frozen importlib._bootstrap_external>", line 724, in exec_module
  File "<frozen importlib._bootstrap_external>", line 860, in get_code
  File "<frozen importlib._bootstrap_external>", line 791, in source_to_code
  File "<frozen importlib._bootstrap>", line 219, in _call_with_frames_removed
  File "/opt/airflow/dags/dag_with_catchup_and_backfill.py", line 16
    ) as dag:
    ^
SyntaxError: invalid syntax
[2022-11-26T21:09:34.998+0000] {processor.py:768} WARNING - No viable dags retrieved from /opt/airflow/dags/dag_with_catchup_and_backfill.py
[2022-11-26T21:09:35.016+0000] {processor.py:176} INFO - Processing /opt/airflow/dags/dag_with_catchup_and_backfill.py took 0.026 seconds
[2022-11-26T21:09:37.006+0000] {processor.py:154} INFO - Started process (PID=6354) to work on /opt/airflow/dags/dag_with_catchup_and_backfill.py
[2022-11-26T21:09:37.006+0000] {processor.py:756} INFO - Processing file /opt/airflow/dags/dag_with_catchup_and_backfill.py for tasks to queue
[2022-11-26T21:09:37.007+0000] {logging_mixin.py:137} INFO - [2022-11-26T21:09:37.007+0000] {dagbag.py:537} INFO - Filling up the DagBag from /opt/airflow/dags/dag_with_catchup_and_backfill.py
[2022-11-26T21:09:37.009+0000] {logging_mixin.py:137} INFO - [2022-11-26T21:09:37.008+0000] {dagbag.py:342} ERROR - Failed to import: /opt/airflow/dags/dag_with_catchup_and_backfill.py
Traceback (most recent call last):
  File "/home/airflow/.local/lib/python3.7/site-packages/airflow/models/dagbag.py", line 338, in parse
    loader.exec_module(new_module)
  File "<frozen importlib._bootstrap_external>", line 724, in exec_module
  File "<frozen importlib._bootstrap_external>", line 860, in get_code
  File "<frozen importlib._bootstrap_external>", line 791, in source_to_code
  File "<frozen importlib._bootstrap>", line 219, in _call_with_frames_removed
  File "/opt/airflow/dags/dag_with_catchup_and_backfill.py", line 16
    ) as dag:
            ^
SyntaxError: unexpected EOF while parsing
[2022-11-26T21:09:37.009+0000] {processor.py:768} WARNING - No viable dags retrieved from /opt/airflow/dags/dag_with_catchup_and_backfill.py
[2022-11-26T21:09:37.031+0000] {processor.py:176} INFO - Processing /opt/airflow/dags/dag_with_catchup_and_backfill.py took 0.029 seconds
[2022-11-26T21:09:41.068+0000] {processor.py:154} INFO - Started process (PID=6359) to work on /opt/airflow/dags/dag_with_catchup_and_backfill.py
[2022-11-26T21:09:41.069+0000] {processor.py:756} INFO - Processing file /opt/airflow/dags/dag_with_catchup_and_backfill.py for tasks to queue
[2022-11-26T21:09:41.069+0000] {logging_mixin.py:137} INFO - [2022-11-26T21:09:41.069+0000] {dagbag.py:537} INFO - Filling up the DagBag from /opt/airflow/dags/dag_with_catchup_and_backfill.py
[2022-11-26T21:09:41.072+0000] {logging_mixin.py:137} INFO - [2022-11-26T21:09:41.070+0000] {dagbag.py:342} ERROR - Failed to import: /opt/airflow/dags/dag_with_catchup_and_backfill.py
Traceback (most recent call last):
  File "/home/airflow/.local/lib/python3.7/site-packages/airflow/models/dagbag.py", line 338, in parse
    loader.exec_module(new_module)
  File "<frozen importlib._bootstrap_external>", line 724, in exec_module
  File "<frozen importlib._bootstrap_external>", line 860, in get_code
  File "<frozen importlib._bootstrap_external>", line 791, in source_to_code
  File "<frozen importlib._bootstrap>", line 219, in _call_with_frames_removed
  File "/opt/airflow/dags/dag_with_catchup_and_backfill.py", line 17
    ) as dag:
            ^
SyntaxError: unexpected EOF while parsing
[2022-11-26T21:09:41.073+0000] {processor.py:768} WARNING - No viable dags retrieved from /opt/airflow/dags/dag_with_catchup_and_backfill.py
[2022-11-26T21:09:41.090+0000] {processor.py:176} INFO - Processing /opt/airflow/dags/dag_with_catchup_and_backfill.py took 0.024 seconds
[2022-11-26T21:09:45.241+0000] {processor.py:154} INFO - Started process (PID=6383) to work on /opt/airflow/dags/dag_with_catchup_and_backfill.py
[2022-11-26T21:09:45.242+0000] {processor.py:756} INFO - Processing file /opt/airflow/dags/dag_with_catchup_and_backfill.py for tasks to queue
[2022-11-26T21:09:45.242+0000] {logging_mixin.py:137} INFO - [2022-11-26T21:09:45.242+0000] {dagbag.py:537} INFO - Filling up the DagBag from /opt/airflow/dags/dag_with_catchup_and_backfill.py
[2022-11-26T21:09:45.244+0000] {logging_mixin.py:137} INFO - [2022-11-26T21:09:45.243+0000] {dagbag.py:342} ERROR - Failed to import: /opt/airflow/dags/dag_with_catchup_and_backfill.py
Traceback (most recent call last):
  File "/home/airflow/.local/lib/python3.7/site-packages/airflow/models/dagbag.py", line 338, in parse
    loader.exec_module(new_module)
  File "<frozen importlib._bootstrap_external>", line 724, in exec_module
  File "<frozen importlib._bootstrap_external>", line 860, in get_code
  File "<frozen importlib._bootstrap_external>", line 791, in source_to_code
  File "<frozen importlib._bootstrap>", line 219, in _call_with_frames_removed
  File "/opt/airflow/dags/dag_with_catchup_and_backfill.py", line 18
    ) as dag:
            ^
SyntaxError: unexpected EOF while parsing
[2022-11-26T21:09:45.244+0000] {processor.py:768} WARNING - No viable dags retrieved from /opt/airflow/dags/dag_with_catchup_and_backfill.py
[2022-11-26T21:09:45.262+0000] {processor.py:176} INFO - Processing /opt/airflow/dags/dag_with_catchup_and_backfill.py took 0.024 seconds
[2022-11-26T21:09:48.264+0000] {processor.py:154} INFO - Started process (PID=6388) to work on /opt/airflow/dags/dag_with_catchup_and_backfill.py
[2022-11-26T21:09:48.265+0000] {processor.py:756} INFO - Processing file /opt/airflow/dags/dag_with_catchup_and_backfill.py for tasks to queue
[2022-11-26T21:09:48.267+0000] {logging_mixin.py:137} INFO - [2022-11-26T21:09:48.266+0000] {dagbag.py:537} INFO - Filling up the DagBag from /opt/airflow/dags/dag_with_catchup_and_backfill.py
[2022-11-26T21:09:48.271+0000] {logging_mixin.py:137} INFO - [2022-11-26T21:09:48.269+0000] {dagbag.py:342} ERROR - Failed to import: /opt/airflow/dags/dag_with_catchup_and_backfill.py
Traceback (most recent call last):
  File "/home/airflow/.local/lib/python3.7/site-packages/airflow/models/dagbag.py", line 338, in parse
    loader.exec_module(new_module)
  File "<frozen importlib._bootstrap_external>", line 724, in exec_module
  File "<frozen importlib._bootstrap_external>", line 860, in get_code
  File "<frozen importlib._bootstrap_external>", line 791, in source_to_code
  File "<frozen importlib._bootstrap>", line 219, in _call_with_frames_removed
  File "/opt/airflow/dags/dag_with_catchup_and_backfill.py", line 18
    ) as dag:
            ^
SyntaxError: unexpected EOF while parsing
[2022-11-26T21:09:48.272+0000] {processor.py:768} WARNING - No viable dags retrieved from /opt/airflow/dags/dag_with_catchup_and_backfill.py
[2022-11-26T21:09:48.302+0000] {processor.py:176} INFO - Processing /opt/airflow/dags/dag_with_catchup_and_backfill.py took 0.044 seconds
[2022-11-26T21:09:49.304+0000] {processor.py:154} INFO - Started process (PID=6393) to work on /opt/airflow/dags/dag_with_catchup_and_backfill.py
[2022-11-26T21:09:49.305+0000] {processor.py:756} INFO - Processing file /opt/airflow/dags/dag_with_catchup_and_backfill.py for tasks to queue
[2022-11-26T21:09:49.306+0000] {logging_mixin.py:137} INFO - [2022-11-26T21:09:49.306+0000] {dagbag.py:537} INFO - Filling up the DagBag from /opt/airflow/dags/dag_with_catchup_and_backfill.py
[2022-11-26T21:09:49.310+0000] {logging_mixin.py:137} INFO - [2022-11-26T21:09:49.308+0000] {dagbag.py:342} ERROR - Failed to import: /opt/airflow/dags/dag_with_catchup_and_backfill.py
Traceback (most recent call last):
  File "/home/airflow/.local/lib/python3.7/site-packages/airflow/models/dagbag.py", line 338, in parse
    loader.exec_module(new_module)
  File "<frozen importlib._bootstrap_external>", line 724, in exec_module
  File "<frozen importlib._bootstrap_external>", line 860, in get_code
  File "<frozen importlib._bootstrap_external>", line 791, in source_to_code
  File "<frozen importlib._bootstrap>", line 219, in _call_with_frames_removed
  File "/opt/airflow/dags/dag_with_catchup_and_backfill.py", line 18
    ) as dag:
    ^
SyntaxError: invalid syntax
[2022-11-26T21:09:49.311+0000] {processor.py:768} WARNING - No viable dags retrieved from /opt/airflow/dags/dag_with_catchup_and_backfill.py
[2022-11-26T21:09:49.340+0000] {processor.py:176} INFO - Processing /opt/airflow/dags/dag_with_catchup_and_backfill.py took 0.042 seconds
[2022-11-26T21:09:54.368+0000] {processor.py:154} INFO - Started process (PID=6398) to work on /opt/airflow/dags/dag_with_catchup_and_backfill.py
[2022-11-26T21:09:54.369+0000] {processor.py:756} INFO - Processing file /opt/airflow/dags/dag_with_catchup_and_backfill.py for tasks to queue
[2022-11-26T21:09:54.371+0000] {logging_mixin.py:137} INFO - [2022-11-26T21:09:54.370+0000] {dagbag.py:537} INFO - Filling up the DagBag from /opt/airflow/dags/dag_with_catchup_and_backfill.py
[2022-11-26T21:09:54.374+0000] {logging_mixin.py:137} INFO - [2022-11-26T21:09:54.373+0000] {dagbag.py:342} ERROR - Failed to import: /opt/airflow/dags/dag_with_catchup_and_backfill.py
Traceback (most recent call last):
  File "/home/airflow/.local/lib/python3.7/site-packages/airflow/models/dagbag.py", line 338, in parse
    loader.exec_module(new_module)
  File "<frozen importlib._bootstrap_external>", line 724, in exec_module
  File "<frozen importlib._bootstrap_external>", line 860, in get_code
  File "<frozen importlib._bootstrap_external>", line 791, in source_to_code
  File "<frozen importlib._bootstrap>", line 219, in _call_with_frames_removed
  File "/opt/airflow/dags/dag_with_catchup_and_backfill.py", line 18
    ) as dag:
            ^
SyntaxError: unexpected EOF while parsing
[2022-11-26T21:09:54.375+0000] {processor.py:768} WARNING - No viable dags retrieved from /opt/airflow/dags/dag_with_catchup_and_backfill.py
[2022-11-26T21:09:54.399+0000] {processor.py:176} INFO - Processing /opt/airflow/dags/dag_with_catchup_and_backfill.py took 0.037 seconds
[2022-11-26T21:09:57.406+0000] {processor.py:154} INFO - Started process (PID=6412) to work on /opt/airflow/dags/dag_with_catchup_and_backfill.py
[2022-11-26T21:09:57.406+0000] {processor.py:756} INFO - Processing file /opt/airflow/dags/dag_with_catchup_and_backfill.py for tasks to queue
[2022-11-26T21:09:57.407+0000] {logging_mixin.py:137} INFO - [2022-11-26T21:09:57.407+0000] {dagbag.py:537} INFO - Filling up the DagBag from /opt/airflow/dags/dag_with_catchup_and_backfill.py
[2022-11-26T21:09:57.409+0000] {logging_mixin.py:137} INFO - [2022-11-26T21:09:57.408+0000] {dagbag.py:342} ERROR - Failed to import: /opt/airflow/dags/dag_with_catchup_and_backfill.py
Traceback (most recent call last):
  File "/home/airflow/.local/lib/python3.7/site-packages/airflow/models/dagbag.py", line 338, in parse
    loader.exec_module(new_module)
  File "<frozen importlib._bootstrap_external>", line 724, in exec_module
  File "<frozen importlib._bootstrap_external>", line 860, in get_code
  File "<frozen importlib._bootstrap_external>", line 791, in source_to_code
  File "<frozen importlib._bootstrap>", line 219, in _call_with_frames_removed
  File "/opt/airflow/dags/dag_with_catchup_and_backfill.py", line 17
    ) as dag:
            ^
SyntaxError: unexpected EOF while parsing
[2022-11-26T21:09:57.409+0000] {processor.py:768} WARNING - No viable dags retrieved from /opt/airflow/dags/dag_with_catchup_and_backfill.py
[2022-11-26T21:09:57.426+0000] {processor.py:176} INFO - Processing /opt/airflow/dags/dag_with_catchup_and_backfill.py took 0.023 seconds
[2022-11-26T21:10:13.532+0000] {processor.py:154} INFO - Started process (PID=6431) to work on /opt/airflow/dags/dag_with_catchup_and_backfill.py
[2022-11-26T21:10:13.533+0000] {processor.py:756} INFO - Processing file /opt/airflow/dags/dag_with_catchup_and_backfill.py for tasks to queue
[2022-11-26T21:10:13.534+0000] {logging_mixin.py:137} INFO - [2022-11-26T21:10:13.534+0000] {dagbag.py:537} INFO - Filling up the DagBag from /opt/airflow/dags/dag_with_catchup_and_backfill.py
[2022-11-26T21:10:13.542+0000] {logging_mixin.py:137} INFO - [2022-11-26T21:10:13.541+0000] {dagbag.py:342} ERROR - Failed to import: /opt/airflow/dags/dag_with_catchup_and_backfill.py
Traceback (most recent call last):
  File "/home/airflow/.local/lib/python3.7/site-packages/airflow/models/dagbag.py", line 338, in parse
    loader.exec_module(new_module)
  File "<frozen importlib._bootstrap_external>", line 728, in exec_module
  File "<frozen importlib._bootstrap>", line 219, in _call_with_frames_removed
  File "/opt/airflow/dags/dag_with_catchup_and_backfill.py", line 19, in <module>
    task_id='ta'
  File "/home/airflow/.local/lib/python3.7/site-packages/airflow/models/baseoperator.py", line 391, in apply_defaults
    raise AirflowException(f"missing keyword argument {missing_args.pop()!r}")
airflow.exceptions.AirflowException: missing keyword argument 'bash_command'
[2022-11-26T21:10:13.543+0000] {processor.py:768} WARNING - No viable dags retrieved from /opt/airflow/dags/dag_with_catchup_and_backfill.py
[2022-11-26T21:10:13.563+0000] {processor.py:176} INFO - Processing /opt/airflow/dags/dag_with_catchup_and_backfill.py took 0.034 seconds
[2022-11-26T21:10:15.702+0000] {processor.py:154} INFO - Started process (PID=6446) to work on /opt/airflow/dags/dag_with_catchup_and_backfill.py
[2022-11-26T21:10:15.702+0000] {processor.py:756} INFO - Processing file /opt/airflow/dags/dag_with_catchup_and_backfill.py for tasks to queue
[2022-11-26T21:10:15.703+0000] {logging_mixin.py:137} INFO - [2022-11-26T21:10:15.703+0000] {dagbag.py:537} INFO - Filling up the DagBag from /opt/airflow/dags/dag_with_catchup_and_backfill.py
[2022-11-26T21:10:15.711+0000] {logging_mixin.py:137} INFO - [2022-11-26T21:10:15.710+0000] {dagbag.py:342} ERROR - Failed to import: /opt/airflow/dags/dag_with_catchup_and_backfill.py
Traceback (most recent call last):
  File "/home/airflow/.local/lib/python3.7/site-packages/airflow/models/dagbag.py", line 338, in parse
    loader.exec_module(new_module)
  File "<frozen importlib._bootstrap_external>", line 728, in exec_module
  File "<frozen importlib._bootstrap>", line 219, in _call_with_frames_removed
  File "/opt/airflow/dags/dag_with_catchup_and_backfill.py", line 19, in <module>
    task_id='task1'
  File "/home/airflow/.local/lib/python3.7/site-packages/airflow/models/baseoperator.py", line 391, in apply_defaults
    raise AirflowException(f"missing keyword argument {missing_args.pop()!r}")
airflow.exceptions.AirflowException: missing keyword argument 'bash_command'
[2022-11-26T21:10:15.712+0000] {processor.py:768} WARNING - No viable dags retrieved from /opt/airflow/dags/dag_with_catchup_and_backfill.py
[2022-11-26T21:10:15.730+0000] {processor.py:176} INFO - Processing /opt/airflow/dags/dag_with_catchup_and_backfill.py took 0.031 seconds
[2022-11-26T21:10:17.768+0000] {processor.py:154} INFO - Started process (PID=6451) to work on /opt/airflow/dags/dag_with_catchup_and_backfill.py
[2022-11-26T21:10:17.769+0000] {processor.py:756} INFO - Processing file /opt/airflow/dags/dag_with_catchup_and_backfill.py for tasks to queue
[2022-11-26T21:10:17.770+0000] {logging_mixin.py:137} INFO - [2022-11-26T21:10:17.769+0000] {dagbag.py:537} INFO - Filling up the DagBag from /opt/airflow/dags/dag_with_catchup_and_backfill.py
[2022-11-26T21:10:17.778+0000] {logging_mixin.py:137} INFO - [2022-11-26T21:10:17.777+0000] {dagbag.py:342} ERROR - Failed to import: /opt/airflow/dags/dag_with_catchup_and_backfill.py
Traceback (most recent call last):
  File "/home/airflow/.local/lib/python3.7/site-packages/airflow/models/dagbag.py", line 338, in parse
    loader.exec_module(new_module)
  File "<frozen importlib._bootstrap_external>", line 728, in exec_module
  File "<frozen importlib._bootstrap>", line 219, in _call_with_frames_removed
  File "/opt/airflow/dags/dag_with_catchup_and_backfill.py", line 19, in <module>
    task_id='task1',
  File "/home/airflow/.local/lib/python3.7/site-packages/airflow/models/baseoperator.py", line 391, in apply_defaults
    raise AirflowException(f"missing keyword argument {missing_args.pop()!r}")
airflow.exceptions.AirflowException: missing keyword argument 'bash_command'
[2022-11-26T21:10:17.779+0000] {processor.py:768} WARNING - No viable dags retrieved from /opt/airflow/dags/dag_with_catchup_and_backfill.py
[2022-11-26T21:10:17.796+0000] {processor.py:176} INFO - Processing /opt/airflow/dags/dag_with_catchup_and_backfill.py took 0.030 seconds
[2022-11-26T21:10:30.866+0000] {processor.py:154} INFO - Started process (PID=6474) to work on /opt/airflow/dags/dag_with_catchup_and_backfill.py
[2022-11-26T21:10:30.871+0000] {processor.py:756} INFO - Processing file /opt/airflow/dags/dag_with_catchup_and_backfill.py for tasks to queue
[2022-11-26T21:10:30.871+0000] {logging_mixin.py:137} INFO - [2022-11-26T21:10:30.871+0000] {dagbag.py:537} INFO - Filling up the DagBag from /opt/airflow/dags/dag_with_catchup_and_backfill.py
[2022-11-26T21:10:30.887+0000] {logging_mixin.py:137} INFO - [2022-11-26T21:10:30.884+0000] {dagbag.py:342} ERROR - Failed to import: /opt/airflow/dags/dag_with_catchup_and_backfill.py
Traceback (most recent call last):
  File "/home/airflow/.local/lib/python3.7/site-packages/airflow/models/dagbag.py", line 338, in parse
    loader.exec_module(new_module)
  File "<frozen importlib._bootstrap_external>", line 728, in exec_module
  File "<frozen importlib._bootstrap>", line 219, in _call_with_frames_removed
  File "/opt/airflow/dags/dag_with_catchup_and_backfill.py", line 20, in <module>
    bahs_command='Echo This is a simple bash command!'
  File "/home/airflow/.local/lib/python3.7/site-packages/airflow/models/baseoperator.py", line 391, in apply_defaults
    raise AirflowException(f"missing keyword argument {missing_args.pop()!r}")
airflow.exceptions.AirflowException: missing keyword argument 'bash_command'
[2022-11-26T21:10:30.888+0000] {processor.py:768} WARNING - No viable dags retrieved from /opt/airflow/dags/dag_with_catchup_and_backfill.py
[2022-11-26T21:10:30.913+0000] {processor.py:176} INFO - Processing /opt/airflow/dags/dag_with_catchup_and_backfill.py took 0.050 seconds
[2022-11-26T21:10:38.980+0000] {processor.py:154} INFO - Started process (PID=6484) to work on /opt/airflow/dags/dag_with_catchup_and_backfill.py
[2022-11-26T21:10:38.981+0000] {processor.py:756} INFO - Processing file /opt/airflow/dags/dag_with_catchup_and_backfill.py for tasks to queue
[2022-11-26T21:10:38.982+0000] {logging_mixin.py:137} INFO - [2022-11-26T21:10:38.982+0000] {dagbag.py:537} INFO - Filling up the DagBag from /opt/airflow/dags/dag_with_catchup_and_backfill.py
[2022-11-26T21:10:38.999+0000] {logging_mixin.py:137} INFO - [2022-11-26T21:10:38.996+0000] {dagbag.py:342} ERROR - Failed to import: /opt/airflow/dags/dag_with_catchup_and_backfill.py
Traceback (most recent call last):
  File "/home/airflow/.local/lib/python3.7/site-packages/airflow/models/dagbag.py", line 338, in parse
    loader.exec_module(new_module)
  File "<frozen importlib._bootstrap_external>", line 728, in exec_module
  File "<frozen importlib._bootstrap>", line 219, in _call_with_frames_removed
  File "/opt/airflow/dags/dag_with_catchup_and_backfill.py", line 20, in <module>
    bahs_command='Echo This is a simple bash command!'
  File "/home/airflow/.local/lib/python3.7/site-packages/airflow/models/baseoperator.py", line 391, in apply_defaults
    raise AirflowException(f"missing keyword argument {missing_args.pop()!r}")
airflow.exceptions.AirflowException: missing keyword argument 'bash_command'
[2022-11-26T21:10:39.000+0000] {processor.py:768} WARNING - No viable dags retrieved from /opt/airflow/dags/dag_with_catchup_and_backfill.py
[2022-11-26T21:10:39.020+0000] {processor.py:176} INFO - Processing /opt/airflow/dags/dag_with_catchup_and_backfill.py took 0.045 seconds
[2022-11-26T21:10:45.063+0000] {processor.py:154} INFO - Started process (PID=6503) to work on /opt/airflow/dags/dag_with_catchup_and_backfill.py
[2022-11-26T21:10:45.064+0000] {processor.py:756} INFO - Processing file /opt/airflow/dags/dag_with_catchup_and_backfill.py for tasks to queue
[2022-11-26T21:10:45.065+0000] {logging_mixin.py:137} INFO - [2022-11-26T21:10:45.065+0000] {dagbag.py:537} INFO - Filling up the DagBag from /opt/airflow/dags/dag_with_catchup_and_backfill.py
[2022-11-26T21:10:45.067+0000] {logging_mixin.py:137} INFO - [2022-11-26T21:10:45.066+0000] {dagbag.py:342} ERROR - Failed to import: /opt/airflow/dags/dag_with_catchup_and_backfill.py
Traceback (most recent call last):
  File "/home/airflow/.local/lib/python3.7/site-packages/airflow/models/dagbag.py", line 338, in parse
    loader.exec_module(new_module)
  File "<frozen importlib._bootstrap_external>", line 724, in exec_module
  File "<frozen importlib._bootstrap_external>", line 860, in get_code
  File "<frozen importlib._bootstrap_external>", line 791, in source_to_code
  File "<frozen importlib._bootstrap>", line 219, in _call_with_frames_removed
  File "/opt/airflow/dags/dag_with_catchup_and_backfill.py", line 17
    catchup
    ^
SyntaxError: positional argument follows keyword argument
[2022-11-26T21:10:45.067+0000] {processor.py:768} WARNING - No viable dags retrieved from /opt/airflow/dags/dag_with_catchup_and_backfill.py
[2022-11-26T21:10:45.087+0000] {processor.py:176} INFO - Processing /opt/airflow/dags/dag_with_catchup_and_backfill.py took 0.027 seconds
[2022-11-26T21:10:50.130+0000] {processor.py:154} INFO - Started process (PID=6513) to work on /opt/airflow/dags/dag_with_catchup_and_backfill.py
[2022-11-26T21:10:50.131+0000] {processor.py:756} INFO - Processing file /opt/airflow/dags/dag_with_catchup_and_backfill.py for tasks to queue
[2022-11-26T21:10:50.131+0000] {logging_mixin.py:137} INFO - [2022-11-26T21:10:50.131+0000] {dagbag.py:537} INFO - Filling up the DagBag from /opt/airflow/dags/dag_with_catchup_and_backfill.py
[2022-11-26T21:10:50.141+0000] {logging_mixin.py:137} INFO - [2022-11-26T21:10:50.140+0000] {dagbag.py:342} ERROR - Failed to import: /opt/airflow/dags/dag_with_catchup_and_backfill.py
Traceback (most recent call last):
  File "/home/airflow/.local/lib/python3.7/site-packages/airflow/models/dagbag.py", line 338, in parse
    loader.exec_module(new_module)
  File "<frozen importlib._bootstrap_external>", line 728, in exec_module
  File "<frozen importlib._bootstrap>", line 219, in _call_with_frames_removed
  File "/opt/airflow/dags/dag_with_catchup_and_backfill.py", line 21, in <module>
    bahs_command='Echo This is a simple bash command!'
  File "/home/airflow/.local/lib/python3.7/site-packages/airflow/models/baseoperator.py", line 391, in apply_defaults
    raise AirflowException(f"missing keyword argument {missing_args.pop()!r}")
airflow.exceptions.AirflowException: missing keyword argument 'bash_command'
[2022-11-26T21:10:50.141+0000] {processor.py:768} WARNING - No viable dags retrieved from /opt/airflow/dags/dag_with_catchup_and_backfill.py
[2022-11-26T21:10:50.161+0000] {processor.py:176} INFO - Processing /opt/airflow/dags/dag_with_catchup_and_backfill.py took 0.034 seconds
[2022-11-26T21:11:20.456+0000] {processor.py:154} INFO - Started process (PID=6561) to work on /opt/airflow/dags/dag_with_catchup_and_backfill.py
[2022-11-26T21:11:20.457+0000] {processor.py:756} INFO - Processing file /opt/airflow/dags/dag_with_catchup_and_backfill.py for tasks to queue
[2022-11-26T21:11:20.458+0000] {logging_mixin.py:137} INFO - [2022-11-26T21:11:20.458+0000] {dagbag.py:537} INFO - Filling up the DagBag from /opt/airflow/dags/dag_with_catchup_and_backfill.py
[2022-11-26T21:11:20.465+0000] {logging_mixin.py:137} INFO - [2022-11-26T21:11:20.464+0000] {dagbag.py:342} ERROR - Failed to import: /opt/airflow/dags/dag_with_catchup_and_backfill.py
Traceback (most recent call last):
  File "/home/airflow/.local/lib/python3.7/site-packages/airflow/models/dagbag.py", line 338, in parse
    loader.exec_module(new_module)
  File "<frozen importlib._bootstrap_external>", line 728, in exec_module
  File "<frozen importlib._bootstrap>", line 219, in _call_with_frames_removed
  File "/opt/airflow/dags/dag_with_catchup_and_backfill.py", line 21, in <module>
    bahs_command='Echo This is a simple bash command!'
  File "/home/airflow/.local/lib/python3.7/site-packages/airflow/models/baseoperator.py", line 391, in apply_defaults
    raise AirflowException(f"missing keyword argument {missing_args.pop()!r}")
airflow.exceptions.AirflowException: missing keyword argument 'bash_command'
[2022-11-26T21:11:20.465+0000] {processor.py:768} WARNING - No viable dags retrieved from /opt/airflow/dags/dag_with_catchup_and_backfill.py
[2022-11-26T21:11:20.482+0000] {processor.py:176} INFO - Processing /opt/airflow/dags/dag_with_catchup_and_backfill.py took 0.028 seconds
[2022-11-26T21:11:50.779+0000] {processor.py:154} INFO - Started process (PID=6599) to work on /opt/airflow/dags/dag_with_catchup_and_backfill.py
[2022-11-26T21:11:50.779+0000] {processor.py:756} INFO - Processing file /opt/airflow/dags/dag_with_catchup_and_backfill.py for tasks to queue
[2022-11-26T21:11:50.780+0000] {logging_mixin.py:137} INFO - [2022-11-26T21:11:50.780+0000] {dagbag.py:537} INFO - Filling up the DagBag from /opt/airflow/dags/dag_with_catchup_and_backfill.py
[2022-11-26T21:11:50.789+0000] {logging_mixin.py:137} INFO - [2022-11-26T21:11:50.788+0000] {dagbag.py:342} ERROR - Failed to import: /opt/airflow/dags/dag_with_catchup_and_backfill.py
Traceback (most recent call last):
  File "/home/airflow/.local/lib/python3.7/site-packages/airflow/models/dagbag.py", line 338, in parse
    loader.exec_module(new_module)
  File "<frozen importlib._bootstrap_external>", line 728, in exec_module
  File "<frozen importlib._bootstrap>", line 219, in _call_with_frames_removed
  File "/opt/airflow/dags/dag_with_catchup_and_backfill.py", line 21, in <module>
    bahs_command='Echo This is a simple bash command!'
  File "/home/airflow/.local/lib/python3.7/site-packages/airflow/models/baseoperator.py", line 391, in apply_defaults
    raise AirflowException(f"missing keyword argument {missing_args.pop()!r}")
airflow.exceptions.AirflowException: missing keyword argument 'bash_command'
[2022-11-26T21:11:50.789+0000] {processor.py:768} WARNING - No viable dags retrieved from /opt/airflow/dags/dag_with_catchup_and_backfill.py
[2022-11-26T21:11:50.809+0000] {processor.py:176} INFO - Processing /opt/airflow/dags/dag_with_catchup_and_backfill.py took 0.033 seconds
[2022-11-26T21:12:21.134+0000] {processor.py:154} INFO - Started process (PID=6646) to work on /opt/airflow/dags/dag_with_catchup_and_backfill.py
[2022-11-26T21:12:21.136+0000] {processor.py:756} INFO - Processing file /opt/airflow/dags/dag_with_catchup_and_backfill.py for tasks to queue
[2022-11-26T21:12:21.137+0000] {logging_mixin.py:137} INFO - [2022-11-26T21:12:21.137+0000] {dagbag.py:537} INFO - Filling up the DagBag from /opt/airflow/dags/dag_with_catchup_and_backfill.py
[2022-11-26T21:12:21.156+0000] {logging_mixin.py:137} INFO - [2022-11-26T21:12:21.154+0000] {dagbag.py:342} ERROR - Failed to import: /opt/airflow/dags/dag_with_catchup_and_backfill.py
Traceback (most recent call last):
  File "/home/airflow/.local/lib/python3.7/site-packages/airflow/models/dagbag.py", line 338, in parse
    loader.exec_module(new_module)
  File "<frozen importlib._bootstrap_external>", line 728, in exec_module
  File "<frozen importlib._bootstrap>", line 219, in _call_with_frames_removed
  File "/opt/airflow/dags/dag_with_catchup_and_backfill.py", line 21, in <module>
    bahs_command='Echo This is a simple bash command!'
  File "/home/airflow/.local/lib/python3.7/site-packages/airflow/models/baseoperator.py", line 391, in apply_defaults
    raise AirflowException(f"missing keyword argument {missing_args.pop()!r}")
airflow.exceptions.AirflowException: missing keyword argument 'bash_command'
[2022-11-26T21:12:21.157+0000] {processor.py:768} WARNING - No viable dags retrieved from /opt/airflow/dags/dag_with_catchup_and_backfill.py
[2022-11-26T21:12:21.180+0000] {processor.py:176} INFO - Processing /opt/airflow/dags/dag_with_catchup_and_backfill.py took 0.051 seconds
[2022-11-26T21:12:30.175+0000] {processor.py:154} INFO - Started process (PID=6659) to work on /opt/airflow/dags/dag_with_catchup_and_backfill.py
[2022-11-26T21:12:30.176+0000] {processor.py:756} INFO - Processing file /opt/airflow/dags/dag_with_catchup_and_backfill.py for tasks to queue
[2022-11-26T21:12:30.177+0000] {logging_mixin.py:137} INFO - [2022-11-26T21:12:30.177+0000] {dagbag.py:537} INFO - Filling up the DagBag from /opt/airflow/dags/dag_with_catchup_and_backfill.py
[2022-11-26T21:12:30.193+0000] {processor.py:766} INFO - DAG(s) dict_keys(['dag_with_catchup_backfill_v01']) retrieved from /opt/airflow/dags/dag_with_catchup_and_backfill.py
[2022-11-26T21:12:30.342+0000] {logging_mixin.py:137} INFO - [2022-11-26T21:12:30.342+0000] {manager.py:507} INFO - Created Permission View: can read on DAG:dag_with_catchup_backfill_v01
[2022-11-26T21:12:30.354+0000] {logging_mixin.py:137} INFO - [2022-11-26T21:12:30.354+0000] {manager.py:507} INFO - Created Permission View: can delete on DAG:dag_with_catchup_backfill_v01
[2022-11-26T21:12:30.363+0000] {logging_mixin.py:137} INFO - [2022-11-26T21:12:30.362+0000] {manager.py:507} INFO - Created Permission View: can edit on DAG:dag_with_catchup_backfill_v01
[2022-11-26T21:12:30.363+0000] {logging_mixin.py:137} INFO - [2022-11-26T21:12:30.363+0000] {dag.py:2585} INFO - Sync 1 DAGs
[2022-11-26T21:12:30.381+0000] {logging_mixin.py:137} INFO - [2022-11-26T21:12:30.381+0000] {dag.py:2606} INFO - Creating ORM DAG for dag_with_catchup_backfill_v01
[2022-11-26T21:12:30.396+0000] {logging_mixin.py:137} INFO - [2022-11-26T21:12:30.396+0000] {dag.py:3340} INFO - Setting next_dagrun for dag_with_catchup_backfill_v01 to 2022-11-25T00:00:00+00:00, run_after=2022-11-26T00:00:00+00:00
[2022-11-26T21:12:30.419+0000] {processor.py:176} INFO - Processing /opt/airflow/dags/dag_with_catchup_and_backfill.py took 0.247 seconds
[2022-11-26T21:13:00.583+0000] {processor.py:154} INFO - Started process (PID=6707) to work on /opt/airflow/dags/dag_with_catchup_and_backfill.py
[2022-11-26T21:13:00.584+0000] {processor.py:756} INFO - Processing file /opt/airflow/dags/dag_with_catchup_and_backfill.py for tasks to queue
[2022-11-26T21:13:00.584+0000] {logging_mixin.py:137} INFO - [2022-11-26T21:13:00.584+0000] {dagbag.py:537} INFO - Filling up the DagBag from /opt/airflow/dags/dag_with_catchup_and_backfill.py
[2022-11-26T21:13:00.600+0000] {processor.py:766} INFO - DAG(s) dict_keys(['dag_with_catchup_backfill_v01']) retrieved from /opt/airflow/dags/dag_with_catchup_and_backfill.py
[2022-11-26T21:13:00.642+0000] {logging_mixin.py:137} INFO - [2022-11-26T21:13:00.642+0000] {dag.py:2585} INFO - Sync 1 DAGs
[2022-11-26T21:13:00.679+0000] {logging_mixin.py:137} INFO - [2022-11-26T21:13:00.679+0000] {dag.py:3340} INFO - Setting next_dagrun for dag_with_catchup_backfill_v01 to 2022-11-26T00:00:00+00:00, run_after=2022-11-27T00:00:00+00:00
[2022-11-26T21:13:00.703+0000] {processor.py:176} INFO - Processing /opt/airflow/dags/dag_with_catchup_and_backfill.py took 0.123 seconds
[2022-11-26T21:13:31.025+0000] {processor.py:154} INFO - Started process (PID=6755) to work on /opt/airflow/dags/dag_with_catchup_and_backfill.py
[2022-11-26T21:13:31.026+0000] {processor.py:756} INFO - Processing file /opt/airflow/dags/dag_with_catchup_and_backfill.py for tasks to queue
[2022-11-26T21:13:31.026+0000] {logging_mixin.py:137} INFO - [2022-11-26T21:13:31.026+0000] {dagbag.py:537} INFO - Filling up the DagBag from /opt/airflow/dags/dag_with_catchup_and_backfill.py
[2022-11-26T21:13:31.042+0000] {processor.py:766} INFO - DAG(s) dict_keys(['dag_with_catchup_backfill_v01']) retrieved from /opt/airflow/dags/dag_with_catchup_and_backfill.py
[2022-11-26T21:13:31.078+0000] {logging_mixin.py:137} INFO - [2022-11-26T21:13:31.078+0000] {dag.py:2585} INFO - Sync 1 DAGs
[2022-11-26T21:13:31.107+0000] {logging_mixin.py:137} INFO - [2022-11-26T21:13:31.107+0000] {dag.py:3340} INFO - Setting next_dagrun for dag_with_catchup_backfill_v01 to 2022-11-26T00:00:00+00:00, run_after=2022-11-27T00:00:00+00:00
[2022-11-26T21:13:31.127+0000] {processor.py:176} INFO - Processing /opt/airflow/dags/dag_with_catchup_and_backfill.py took 0.105 seconds
[2022-11-26T21:14:01.457+0000] {processor.py:154} INFO - Started process (PID=6803) to work on /opt/airflow/dags/dag_with_catchup_and_backfill.py
[2022-11-26T21:14:01.457+0000] {processor.py:756} INFO - Processing file /opt/airflow/dags/dag_with_catchup_and_backfill.py for tasks to queue
[2022-11-26T21:14:01.458+0000] {logging_mixin.py:137} INFO - [2022-11-26T21:14:01.458+0000] {dagbag.py:537} INFO - Filling up the DagBag from /opt/airflow/dags/dag_with_catchup_and_backfill.py
[2022-11-26T21:14:01.472+0000] {processor.py:766} INFO - DAG(s) dict_keys(['dag_with_catchup_backfill_v01']) retrieved from /opt/airflow/dags/dag_with_catchup_and_backfill.py
[2022-11-26T21:14:01.510+0000] {logging_mixin.py:137} INFO - [2022-11-26T21:14:01.510+0000] {dag.py:2585} INFO - Sync 1 DAGs
[2022-11-26T21:14:01.543+0000] {logging_mixin.py:137} INFO - [2022-11-26T21:14:01.542+0000] {dag.py:3340} INFO - Setting next_dagrun for dag_with_catchup_backfill_v01 to 2022-11-26T00:00:00+00:00, run_after=2022-11-27T00:00:00+00:00
[2022-11-26T21:14:01.562+0000] {processor.py:176} INFO - Processing /opt/airflow/dags/dag_with_catchup_and_backfill.py took 0.108 seconds
[2022-11-26T21:14:31.737+0000] {processor.py:154} INFO - Started process (PID=6840) to work on /opt/airflow/dags/dag_with_catchup_and_backfill.py
[2022-11-26T21:14:31.739+0000] {processor.py:756} INFO - Processing file /opt/airflow/dags/dag_with_catchup_and_backfill.py for tasks to queue
[2022-11-26T21:14:31.740+0000] {logging_mixin.py:137} INFO - [2022-11-26T21:14:31.740+0000] {dagbag.py:537} INFO - Filling up the DagBag from /opt/airflow/dags/dag_with_catchup_and_backfill.py
[2022-11-26T21:14:31.754+0000] {processor.py:766} INFO - DAG(s) dict_keys(['dag_with_catchup_backfill_v01']) retrieved from /opt/airflow/dags/dag_with_catchup_and_backfill.py
[2022-11-26T21:14:31.790+0000] {logging_mixin.py:137} INFO - [2022-11-26T21:14:31.790+0000] {dag.py:2585} INFO - Sync 1 DAGs
[2022-11-26T21:14:31.817+0000] {logging_mixin.py:137} INFO - [2022-11-26T21:14:31.817+0000] {dag.py:3340} INFO - Setting next_dagrun for dag_with_catchup_backfill_v01 to 2022-11-26T00:00:00+00:00, run_after=2022-11-27T00:00:00+00:00
[2022-11-26T21:14:31.836+0000] {processor.py:176} INFO - Processing /opt/airflow/dags/dag_with_catchup_and_backfill.py took 0.101 seconds
[2022-11-26T21:15:02.112+0000] {processor.py:154} INFO - Started process (PID=6886) to work on /opt/airflow/dags/dag_with_catchup_and_backfill.py
[2022-11-26T21:15:02.112+0000] {processor.py:756} INFO - Processing file /opt/airflow/dags/dag_with_catchup_and_backfill.py for tasks to queue
[2022-11-26T21:15:02.113+0000] {logging_mixin.py:137} INFO - [2022-11-26T21:15:02.113+0000] {dagbag.py:537} INFO - Filling up the DagBag from /opt/airflow/dags/dag_with_catchup_and_backfill.py
[2022-11-26T21:15:02.126+0000] {processor.py:766} INFO - DAG(s) dict_keys(['dag_with_catchup_backfill_v01']) retrieved from /opt/airflow/dags/dag_with_catchup_and_backfill.py
[2022-11-26T21:15:02.161+0000] {logging_mixin.py:137} INFO - [2022-11-26T21:15:02.161+0000] {dag.py:2585} INFO - Sync 1 DAGs
[2022-11-26T21:15:02.190+0000] {logging_mixin.py:137} INFO - [2022-11-26T21:15:02.190+0000] {dag.py:3340} INFO - Setting next_dagrun for dag_with_catchup_backfill_v01 to 2022-11-26T00:00:00+00:00, run_after=2022-11-27T00:00:00+00:00
[2022-11-26T21:15:02.211+0000] {processor.py:176} INFO - Processing /opt/airflow/dags/dag_with_catchup_and_backfill.py took 0.101 seconds
[2022-11-26T21:15:32.541+0000] {processor.py:154} INFO - Started process (PID=6934) to work on /opt/airflow/dags/dag_with_catchup_and_backfill.py
[2022-11-26T21:15:32.554+0000] {processor.py:756} INFO - Processing file /opt/airflow/dags/dag_with_catchup_and_backfill.py for tasks to queue
[2022-11-26T21:15:32.554+0000] {logging_mixin.py:137} INFO - [2022-11-26T21:15:32.554+0000] {dagbag.py:537} INFO - Filling up the DagBag from /opt/airflow/dags/dag_with_catchup_and_backfill.py
[2022-11-26T21:15:32.587+0000] {processor.py:766} INFO - DAG(s) dict_keys(['dag_with_catchup_backfill_v01']) retrieved from /opt/airflow/dags/dag_with_catchup_and_backfill.py
[2022-11-26T21:15:32.659+0000] {logging_mixin.py:137} INFO - [2022-11-26T21:15:32.659+0000] {dag.py:2585} INFO - Sync 1 DAGs
[2022-11-26T21:15:32.720+0000] {logging_mixin.py:137} INFO - [2022-11-26T21:15:32.720+0000] {dag.py:3340} INFO - Setting next_dagrun for dag_with_catchup_backfill_v01 to 2022-11-26T00:00:00+00:00, run_after=2022-11-27T00:00:00+00:00
[2022-11-26T21:15:32.757+0000] {processor.py:176} INFO - Processing /opt/airflow/dags/dag_with_catchup_and_backfill.py took 0.222 seconds
[2022-11-26T21:16:02.866+0000] {processor.py:154} INFO - Started process (PID=6972) to work on /opt/airflow/dags/dag_with_catchup_and_backfill.py
[2022-11-26T21:16:02.868+0000] {processor.py:756} INFO - Processing file /opt/airflow/dags/dag_with_catchup_and_backfill.py for tasks to queue
[2022-11-26T21:16:02.869+0000] {logging_mixin.py:137} INFO - [2022-11-26T21:16:02.869+0000] {dagbag.py:537} INFO - Filling up the DagBag from /opt/airflow/dags/dag_with_catchup_and_backfill.py
[2022-11-26T21:16:02.896+0000] {processor.py:766} INFO - DAG(s) dict_keys(['dag_with_catchup_backfill_v01']) retrieved from /opt/airflow/dags/dag_with_catchup_and_backfill.py
[2022-11-26T21:16:02.936+0000] {logging_mixin.py:137} INFO - [2022-11-26T21:16:02.936+0000] {dag.py:2585} INFO - Sync 1 DAGs
[2022-11-26T21:16:02.970+0000] {logging_mixin.py:137} INFO - [2022-11-26T21:16:02.970+0000] {dag.py:3340} INFO - Setting next_dagrun for dag_with_catchup_backfill_v01 to 2022-11-26T00:00:00+00:00, run_after=2022-11-27T00:00:00+00:00
[2022-11-26T21:16:02.991+0000] {processor.py:176} INFO - Processing /opt/airflow/dags/dag_with_catchup_and_backfill.py took 0.131 seconds
[2022-11-26T21:16:33.304+0000] {processor.py:154} INFO - Started process (PID=7020) to work on /opt/airflow/dags/dag_with_catchup_and_backfill.py
[2022-11-26T21:16:33.305+0000] {processor.py:756} INFO - Processing file /opt/airflow/dags/dag_with_catchup_and_backfill.py for tasks to queue
[2022-11-26T21:16:33.306+0000] {logging_mixin.py:137} INFO - [2022-11-26T21:16:33.306+0000] {dagbag.py:537} INFO - Filling up the DagBag from /opt/airflow/dags/dag_with_catchup_and_backfill.py
[2022-11-26T21:16:33.340+0000] {processor.py:766} INFO - DAG(s) dict_keys(['dag_with_catchup_backfill_v01']) retrieved from /opt/airflow/dags/dag_with_catchup_and_backfill.py
[2022-11-26T21:16:33.383+0000] {logging_mixin.py:137} INFO - [2022-11-26T21:16:33.382+0000] {dag.py:2585} INFO - Sync 1 DAGs
[2022-11-26T21:16:33.414+0000] {logging_mixin.py:137} INFO - [2022-11-26T21:16:33.414+0000] {dag.py:3340} INFO - Setting next_dagrun for dag_with_catchup_backfill_v01 to 2022-11-26T00:00:00+00:00, run_after=2022-11-27T00:00:00+00:00
[2022-11-26T21:16:33.433+0000] {processor.py:176} INFO - Processing /opt/airflow/dags/dag_with_catchup_and_backfill.py took 0.135 seconds
[2022-11-26T21:17:03.646+0000] {processor.py:154} INFO - Started process (PID=7059) to work on /opt/airflow/dags/dag_with_catchup_and_backfill.py
[2022-11-26T21:17:03.646+0000] {processor.py:756} INFO - Processing file /opt/airflow/dags/dag_with_catchup_and_backfill.py for tasks to queue
[2022-11-26T21:17:03.647+0000] {logging_mixin.py:137} INFO - [2022-11-26T21:17:03.647+0000] {dagbag.py:537} INFO - Filling up the DagBag from /opt/airflow/dags/dag_with_catchup_and_backfill.py
[2022-11-26T21:17:03.661+0000] {processor.py:766} INFO - DAG(s) dict_keys(['dag_with_catchup_backfill_v01']) retrieved from /opt/airflow/dags/dag_with_catchup_and_backfill.py
[2022-11-26T21:17:03.699+0000] {logging_mixin.py:137} INFO - [2022-11-26T21:17:03.699+0000] {dag.py:2585} INFO - Sync 1 DAGs
[2022-11-26T21:17:03.731+0000] {logging_mixin.py:137} INFO - [2022-11-26T21:17:03.731+0000] {dag.py:3340} INFO - Setting next_dagrun for dag_with_catchup_backfill_v01 to 2022-11-26T00:00:00+00:00, run_after=2022-11-27T00:00:00+00:00
[2022-11-26T21:17:03.752+0000] {processor.py:176} INFO - Processing /opt/airflow/dags/dag_with_catchup_and_backfill.py took 0.109 seconds
[2022-11-26T21:17:34.110+0000] {processor.py:154} INFO - Started process (PID=7107) to work on /opt/airflow/dags/dag_with_catchup_and_backfill.py
[2022-11-26T21:17:34.112+0000] {processor.py:756} INFO - Processing file /opt/airflow/dags/dag_with_catchup_and_backfill.py for tasks to queue
[2022-11-26T21:17:34.113+0000] {logging_mixin.py:137} INFO - [2022-11-26T21:17:34.113+0000] {dagbag.py:537} INFO - Filling up the DagBag from /opt/airflow/dags/dag_with_catchup_and_backfill.py
[2022-11-26T21:17:34.145+0000] {processor.py:766} INFO - DAG(s) dict_keys(['dag_with_catchup_backfill_v01']) retrieved from /opt/airflow/dags/dag_with_catchup_and_backfill.py
[2022-11-26T21:17:34.187+0000] {logging_mixin.py:137} INFO - [2022-11-26T21:17:34.187+0000] {dag.py:2585} INFO - Sync 1 DAGs
[2022-11-26T21:17:34.219+0000] {logging_mixin.py:137} INFO - [2022-11-26T21:17:34.218+0000] {dag.py:3340} INFO - Setting next_dagrun for dag_with_catchup_backfill_v01 to 2022-11-26T00:00:00+00:00, run_after=2022-11-27T00:00:00+00:00
[2022-11-26T21:17:34.239+0000] {processor.py:176} INFO - Processing /opt/airflow/dags/dag_with_catchup_and_backfill.py took 0.134 seconds
[2022-11-26T21:18:04.564+0000] {processor.py:154} INFO - Started process (PID=7163) to work on /opt/airflow/dags/dag_with_catchup_and_backfill.py
[2022-11-26T21:18:04.565+0000] {processor.py:756} INFO - Processing file /opt/airflow/dags/dag_with_catchup_and_backfill.py for tasks to queue
[2022-11-26T21:18:04.567+0000] {logging_mixin.py:137} INFO - [2022-11-26T21:18:04.566+0000] {dagbag.py:537} INFO - Filling up the DagBag from /opt/airflow/dags/dag_with_catchup_and_backfill.py
[2022-11-26T21:18:04.598+0000] {processor.py:766} INFO - DAG(s) dict_keys(['dag_with_catchup_backfill_v01']) retrieved from /opt/airflow/dags/dag_with_catchup_and_backfill.py
[2022-11-26T21:18:04.639+0000] {logging_mixin.py:137} INFO - [2022-11-26T21:18:04.639+0000] {dag.py:2585} INFO - Sync 1 DAGs
[2022-11-26T21:18:04.673+0000] {logging_mixin.py:137} INFO - [2022-11-26T21:18:04.673+0000] {dag.py:3340} INFO - Setting next_dagrun for dag_with_catchup_backfill_v01 to 2022-11-26T00:00:00+00:00, run_after=2022-11-27T00:00:00+00:00
[2022-11-26T21:18:04.699+0000] {processor.py:176} INFO - Processing /opt/airflow/dags/dag_with_catchup_and_backfill.py took 0.140 seconds
[2022-11-26T21:18:34.905+0000] {processor.py:154} INFO - Started process (PID=7200) to work on /opt/airflow/dags/dag_with_catchup_and_backfill.py
[2022-11-26T21:18:34.906+0000] {processor.py:756} INFO - Processing file /opt/airflow/dags/dag_with_catchup_and_backfill.py for tasks to queue
[2022-11-26T21:18:34.906+0000] {logging_mixin.py:137} INFO - [2022-11-26T21:18:34.906+0000] {dagbag.py:537} INFO - Filling up the DagBag from /opt/airflow/dags/dag_with_catchup_and_backfill.py
[2022-11-26T21:18:34.922+0000] {processor.py:766} INFO - DAG(s) dict_keys(['dag_with_catchup_backfill_v01']) retrieved from /opt/airflow/dags/dag_with_catchup_and_backfill.py
[2022-11-26T21:18:34.955+0000] {logging_mixin.py:137} INFO - [2022-11-26T21:18:34.955+0000] {dag.py:2585} INFO - Sync 1 DAGs
[2022-11-26T21:18:34.986+0000] {logging_mixin.py:137} INFO - [2022-11-26T21:18:34.986+0000] {dag.py:3340} INFO - Setting next_dagrun for dag_with_catchup_backfill_v01 to 2022-11-26T00:00:00+00:00, run_after=2022-11-27T00:00:00+00:00
[2022-11-26T21:18:35.004+0000] {processor.py:176} INFO - Processing /opt/airflow/dags/dag_with_catchup_and_backfill.py took 0.102 seconds
[2022-11-26T21:19:05.236+0000] {processor.py:154} INFO - Started process (PID=7247) to work on /opt/airflow/dags/dag_with_catchup_and_backfill.py
[2022-11-26T21:19:05.237+0000] {processor.py:756} INFO - Processing file /opt/airflow/dags/dag_with_catchup_and_backfill.py for tasks to queue
[2022-11-26T21:19:05.238+0000] {logging_mixin.py:137} INFO - [2022-11-26T21:19:05.238+0000] {dagbag.py:537} INFO - Filling up the DagBag from /opt/airflow/dags/dag_with_catchup_and_backfill.py
[2022-11-26T21:19:05.269+0000] {processor.py:766} INFO - DAG(s) dict_keys(['dag_with_catchup_backfill_v01']) retrieved from /opt/airflow/dags/dag_with_catchup_and_backfill.py
[2022-11-26T21:19:05.307+0000] {logging_mixin.py:137} INFO - [2022-11-26T21:19:05.307+0000] {dag.py:2585} INFO - Sync 1 DAGs
[2022-11-26T21:19:05.336+0000] {logging_mixin.py:137} INFO - [2022-11-26T21:19:05.336+0000] {dag.py:3340} INFO - Setting next_dagrun for dag_with_catchup_backfill_v01 to 2022-11-26T00:00:00+00:00, run_after=2022-11-27T00:00:00+00:00
[2022-11-26T21:19:05.355+0000] {processor.py:176} INFO - Processing /opt/airflow/dags/dag_with_catchup_and_backfill.py took 0.123 seconds
[2022-11-26T21:19:35.723+0000] {processor.py:154} INFO - Started process (PID=7294) to work on /opt/airflow/dags/dag_with_catchup_and_backfill.py
[2022-11-26T21:19:35.724+0000] {processor.py:756} INFO - Processing file /opt/airflow/dags/dag_with_catchup_and_backfill.py for tasks to queue
[2022-11-26T21:19:35.725+0000] {logging_mixin.py:137} INFO - [2022-11-26T21:19:35.725+0000] {dagbag.py:537} INFO - Filling up the DagBag from /opt/airflow/dags/dag_with_catchup_and_backfill.py
[2022-11-26T21:19:35.754+0000] {processor.py:766} INFO - DAG(s) dict_keys(['dag_with_catchup_backfill_v01']) retrieved from /opt/airflow/dags/dag_with_catchup_and_backfill.py
[2022-11-26T21:19:35.790+0000] {logging_mixin.py:137} INFO - [2022-11-26T21:19:35.789+0000] {dag.py:2585} INFO - Sync 1 DAGs
[2022-11-26T21:19:35.819+0000] {logging_mixin.py:137} INFO - [2022-11-26T21:19:35.819+0000] {dag.py:3340} INFO - Setting next_dagrun for dag_with_catchup_backfill_v01 to 2022-11-26T00:00:00+00:00, run_after=2022-11-27T00:00:00+00:00
[2022-11-26T21:19:35.837+0000] {processor.py:176} INFO - Processing /opt/airflow/dags/dag_with_catchup_and_backfill.py took 0.120 seconds
[2022-11-26T21:20:06.187+0000] {processor.py:154} INFO - Started process (PID=7332) to work on /opt/airflow/dags/dag_with_catchup_and_backfill.py
[2022-11-26T21:20:06.188+0000] {processor.py:756} INFO - Processing file /opt/airflow/dags/dag_with_catchup_and_backfill.py for tasks to queue
[2022-11-26T21:20:06.190+0000] {logging_mixin.py:137} INFO - [2022-11-26T21:20:06.189+0000] {dagbag.py:537} INFO - Filling up the DagBag from /opt/airflow/dags/dag_with_catchup_and_backfill.py
[2022-11-26T21:20:06.220+0000] {processor.py:766} INFO - DAG(s) dict_keys(['dag_with_catchup_backfill_v01']) retrieved from /opt/airflow/dags/dag_with_catchup_and_backfill.py
[2022-11-26T21:20:06.262+0000] {logging_mixin.py:137} INFO - [2022-11-26T21:20:06.262+0000] {dag.py:2585} INFO - Sync 1 DAGs
[2022-11-26T21:20:06.296+0000] {logging_mixin.py:137} INFO - [2022-11-26T21:20:06.296+0000] {dag.py:3340} INFO - Setting next_dagrun for dag_with_catchup_backfill_v01 to 2022-11-26T00:00:00+00:00, run_after=2022-11-27T00:00:00+00:00
[2022-11-26T21:20:06.320+0000] {processor.py:176} INFO - Processing /opt/airflow/dags/dag_with_catchup_and_backfill.py took 0.138 seconds
[2022-11-26T21:20:36.681+0000] {processor.py:154} INFO - Started process (PID=7378) to work on /opt/airflow/dags/dag_with_catchup_and_backfill.py
[2022-11-26T21:20:36.683+0000] {processor.py:756} INFO - Processing file /opt/airflow/dags/dag_with_catchup_and_backfill.py for tasks to queue
[2022-11-26T21:20:36.684+0000] {logging_mixin.py:137} INFO - [2022-11-26T21:20:36.684+0000] {dagbag.py:537} INFO - Filling up the DagBag from /opt/airflow/dags/dag_with_catchup_and_backfill.py
[2022-11-26T21:20:36.699+0000] {processor.py:766} INFO - DAG(s) dict_keys(['dag_with_catchup_backfill_v01']) retrieved from /opt/airflow/dags/dag_with_catchup_and_backfill.py
[2022-11-26T21:20:36.739+0000] {logging_mixin.py:137} INFO - [2022-11-26T21:20:36.739+0000] {dag.py:2585} INFO - Sync 1 DAGs
[2022-11-26T21:20:36.772+0000] {logging_mixin.py:137} INFO - [2022-11-26T21:20:36.772+0000] {dag.py:3340} INFO - Setting next_dagrun for dag_with_catchup_backfill_v01 to 2022-11-26T00:00:00+00:00, run_after=2022-11-27T00:00:00+00:00
[2022-11-26T21:20:36.791+0000] {processor.py:176} INFO - Processing /opt/airflow/dags/dag_with_catchup_and_backfill.py took 0.113 seconds
[2022-11-26T21:21:07.030+0000] {processor.py:154} INFO - Started process (PID=7424) to work on /opt/airflow/dags/dag_with_catchup_and_backfill.py
[2022-11-26T21:21:07.032+0000] {processor.py:756} INFO - Processing file /opt/airflow/dags/dag_with_catchup_and_backfill.py for tasks to queue
[2022-11-26T21:21:07.032+0000] {logging_mixin.py:137} INFO - [2022-11-26T21:21:07.032+0000] {dagbag.py:537} INFO - Filling up the DagBag from /opt/airflow/dags/dag_with_catchup_and_backfill.py
[2022-11-26T21:21:07.071+0000] {processor.py:766} INFO - DAG(s) dict_keys(['dag_with_catchup_backfill_v01']) retrieved from /opt/airflow/dags/dag_with_catchup_and_backfill.py
[2022-11-26T21:21:07.137+0000] {logging_mixin.py:137} INFO - [2022-11-26T21:21:07.137+0000] {dag.py:2585} INFO - Sync 1 DAGs
[2022-11-26T21:21:07.167+0000] {logging_mixin.py:137} INFO - [2022-11-26T21:21:07.166+0000] {dag.py:3340} INFO - Setting next_dagrun for dag_with_catchup_backfill_v01 to 2022-11-26T00:00:00+00:00, run_after=2022-11-27T00:00:00+00:00
[2022-11-26T21:21:07.187+0000] {processor.py:176} INFO - Processing /opt/airflow/dags/dag_with_catchup_and_backfill.py took 0.162 seconds
[2022-11-26T21:21:37.531+0000] {processor.py:154} INFO - Started process (PID=7462) to work on /opt/airflow/dags/dag_with_catchup_and_backfill.py
[2022-11-26T21:21:37.531+0000] {processor.py:756} INFO - Processing file /opt/airflow/dags/dag_with_catchup_and_backfill.py for tasks to queue
[2022-11-26T21:21:37.532+0000] {logging_mixin.py:137} INFO - [2022-11-26T21:21:37.532+0000] {dagbag.py:537} INFO - Filling up the DagBag from /opt/airflow/dags/dag_with_catchup_and_backfill.py
[2022-11-26T21:21:37.551+0000] {processor.py:766} INFO - DAG(s) dict_keys(['dag_with_catchup_backfill_v01']) retrieved from /opt/airflow/dags/dag_with_catchup_and_backfill.py
[2022-11-26T21:21:37.591+0000] {logging_mixin.py:137} INFO - [2022-11-26T21:21:37.591+0000] {dag.py:2585} INFO - Sync 1 DAGs
[2022-11-26T21:21:37.628+0000] {logging_mixin.py:137} INFO - [2022-11-26T21:21:37.628+0000] {dag.py:3340} INFO - Setting next_dagrun for dag_with_catchup_backfill_v01 to 2022-11-26T00:00:00+00:00, run_after=2022-11-27T00:00:00+00:00
[2022-11-26T21:21:37.650+0000] {processor.py:176} INFO - Processing /opt/airflow/dags/dag_with_catchup_and_backfill.py took 0.123 seconds
[2022-11-26T21:22:07.987+0000] {processor.py:154} INFO - Started process (PID=7509) to work on /opt/airflow/dags/dag_with_catchup_and_backfill.py
[2022-11-26T21:22:07.988+0000] {processor.py:756} INFO - Processing file /opt/airflow/dags/dag_with_catchup_and_backfill.py for tasks to queue
[2022-11-26T21:22:07.989+0000] {logging_mixin.py:137} INFO - [2022-11-26T21:22:07.988+0000] {dagbag.py:537} INFO - Filling up the DagBag from /opt/airflow/dags/dag_with_catchup_and_backfill.py
[2022-11-26T21:22:08.004+0000] {processor.py:766} INFO - DAG(s) dict_keys(['dag_with_catchup_backfill_v01']) retrieved from /opt/airflow/dags/dag_with_catchup_and_backfill.py
[2022-11-26T21:22:08.042+0000] {logging_mixin.py:137} INFO - [2022-11-26T21:22:08.042+0000] {dag.py:2585} INFO - Sync 1 DAGs
[2022-11-26T21:22:08.076+0000] {logging_mixin.py:137} INFO - [2022-11-26T21:22:08.076+0000] {dag.py:3340} INFO - Setting next_dagrun for dag_with_catchup_backfill_v01 to 2022-11-26T00:00:00+00:00, run_after=2022-11-27T00:00:00+00:00
[2022-11-26T21:22:08.098+0000] {processor.py:176} INFO - Processing /opt/airflow/dags/dag_with_catchup_and_backfill.py took 0.114 seconds
[2022-11-26T21:22:38.400+0000] {processor.py:154} INFO - Started process (PID=7550) to work on /opt/airflow/dags/dag_with_catchup_and_backfill.py
[2022-11-26T21:22:38.401+0000] {processor.py:756} INFO - Processing file /opt/airflow/dags/dag_with_catchup_and_backfill.py for tasks to queue
[2022-11-26T21:22:38.401+0000] {logging_mixin.py:137} INFO - [2022-11-26T21:22:38.401+0000] {dagbag.py:537} INFO - Filling up the DagBag from /opt/airflow/dags/dag_with_catchup_and_backfill.py
[2022-11-26T21:22:38.416+0000] {processor.py:766} INFO - DAG(s) dict_keys(['dag_with_catchup_backfill_v01']) retrieved from /opt/airflow/dags/dag_with_catchup_and_backfill.py
[2022-11-26T21:22:38.455+0000] {logging_mixin.py:137} INFO - [2022-11-26T21:22:38.455+0000] {dag.py:2585} INFO - Sync 1 DAGs
[2022-11-26T21:22:38.487+0000] {logging_mixin.py:137} INFO - [2022-11-26T21:22:38.487+0000] {dag.py:3340} INFO - Setting next_dagrun for dag_with_catchup_backfill_v01 to 2022-11-26T00:00:00+00:00, run_after=2022-11-27T00:00:00+00:00
[2022-11-26T21:22:38.507+0000] {processor.py:176} INFO - Processing /opt/airflow/dags/dag_with_catchup_and_backfill.py took 0.110 seconds
[2022-11-26T21:23:08.705+0000] {processor.py:154} INFO - Started process (PID=7603) to work on /opt/airflow/dags/dag_with_catchup_and_backfill.py
[2022-11-26T21:23:08.707+0000] {processor.py:756} INFO - Processing file /opt/airflow/dags/dag_with_catchup_and_backfill.py for tasks to queue
[2022-11-26T21:23:08.708+0000] {logging_mixin.py:137} INFO - [2022-11-26T21:23:08.708+0000] {dagbag.py:537} INFO - Filling up the DagBag from /opt/airflow/dags/dag_with_catchup_and_backfill.py
[2022-11-26T21:23:08.738+0000] {processor.py:766} INFO - DAG(s) dict_keys(['dag_with_catchup_backfill_v01']) retrieved from /opt/airflow/dags/dag_with_catchup_and_backfill.py
[2022-11-26T21:23:08.782+0000] {logging_mixin.py:137} INFO - [2022-11-26T21:23:08.782+0000] {dag.py:2585} INFO - Sync 1 DAGs
[2022-11-26T21:23:08.814+0000] {logging_mixin.py:137} INFO - [2022-11-26T21:23:08.814+0000] {dag.py:3340} INFO - Setting next_dagrun for dag_with_catchup_backfill_v01 to 2022-11-26T00:00:00+00:00, run_after=2022-11-27T00:00:00+00:00
[2022-11-26T21:23:08.834+0000] {processor.py:176} INFO - Processing /opt/airflow/dags/dag_with_catchup_and_backfill.py took 0.135 seconds
[2022-11-26T21:23:39.191+0000] {processor.py:154} INFO - Started process (PID=7650) to work on /opt/airflow/dags/dag_with_catchup_and_backfill.py
[2022-11-26T21:23:39.192+0000] {processor.py:756} INFO - Processing file /opt/airflow/dags/dag_with_catchup_and_backfill.py for tasks to queue
[2022-11-26T21:23:39.193+0000] {logging_mixin.py:137} INFO - [2022-11-26T21:23:39.193+0000] {dagbag.py:537} INFO - Filling up the DagBag from /opt/airflow/dags/dag_with_catchup_and_backfill.py
[2022-11-26T21:23:39.224+0000] {processor.py:766} INFO - DAG(s) dict_keys(['dag_with_catchup_backfill_v01']) retrieved from /opt/airflow/dags/dag_with_catchup_and_backfill.py
[2022-11-26T21:23:39.266+0000] {logging_mixin.py:137} INFO - [2022-11-26T21:23:39.266+0000] {dag.py:2585} INFO - Sync 1 DAGs
[2022-11-26T21:23:39.299+0000] {logging_mixin.py:137} INFO - [2022-11-26T21:23:39.299+0000] {dag.py:3340} INFO - Setting next_dagrun for dag_with_catchup_backfill_v01 to 2022-11-26T00:00:00+00:00, run_after=2022-11-27T00:00:00+00:00
[2022-11-26T21:23:39.321+0000] {processor.py:176} INFO - Processing /opt/airflow/dags/dag_with_catchup_and_backfill.py took 0.136 seconds
[2022-11-26T21:24:09.678+0000] {processor.py:154} INFO - Started process (PID=7709) to work on /opt/airflow/dags/dag_with_catchup_and_backfill.py
[2022-11-26T21:24:09.680+0000] {processor.py:756} INFO - Processing file /opt/airflow/dags/dag_with_catchup_and_backfill.py for tasks to queue
[2022-11-26T21:24:09.681+0000] {logging_mixin.py:137} INFO - [2022-11-26T21:24:09.681+0000] {dagbag.py:537} INFO - Filling up the DagBag from /opt/airflow/dags/dag_with_catchup_and_backfill.py
[2022-11-26T21:24:09.715+0000] {processor.py:766} INFO - DAG(s) dict_keys(['dag_with_catchup_backfill_v01']) retrieved from /opt/airflow/dags/dag_with_catchup_and_backfill.py
[2022-11-26T21:24:09.753+0000] {logging_mixin.py:137} INFO - [2022-11-26T21:24:09.753+0000] {dag.py:2585} INFO - Sync 1 DAGs
[2022-11-26T21:24:09.787+0000] {logging_mixin.py:137} INFO - [2022-11-26T21:24:09.787+0000] {dag.py:3340} INFO - Setting next_dagrun for dag_with_catchup_backfill_v01 to 2022-11-26T00:00:00+00:00, run_after=2022-11-27T00:00:00+00:00
[2022-11-26T21:24:09.811+0000] {processor.py:176} INFO - Processing /opt/airflow/dags/dag_with_catchup_and_backfill.py took 0.138 seconds
[2022-11-26T21:24:40.329+0000] {processor.py:154} INFO - Started process (PID=7812) to work on /opt/airflow/dags/dag_with_catchup_and_backfill.py
[2022-11-26T21:24:40.330+0000] {processor.py:756} INFO - Processing file /opt/airflow/dags/dag_with_catchup_and_backfill.py for tasks to queue
[2022-11-26T21:24:40.332+0000] {logging_mixin.py:137} INFO - [2022-11-26T21:24:40.331+0000] {dagbag.py:537} INFO - Filling up the DagBag from /opt/airflow/dags/dag_with_catchup_and_backfill.py
[2022-11-26T21:24:40.365+0000] {processor.py:766} INFO - DAG(s) dict_keys(['dag_with_catchup_backfill_v01']) retrieved from /opt/airflow/dags/dag_with_catchup_and_backfill.py
[2022-11-26T21:24:40.411+0000] {logging_mixin.py:137} INFO - [2022-11-26T21:24:40.410+0000] {dag.py:2585} INFO - Sync 1 DAGs
[2022-11-26T21:24:40.444+0000] {logging_mixin.py:137} INFO - [2022-11-26T21:24:40.444+0000] {dag.py:3340} INFO - Setting next_dagrun for dag_with_catchup_backfill_v01 to 2022-11-26T00:00:00+00:00, run_after=2022-11-27T00:00:00+00:00
[2022-11-26T21:24:40.464+0000] {processor.py:176} INFO - Processing /opt/airflow/dags/dag_with_catchup_and_backfill.py took 0.140 seconds
[2022-11-26T21:25:10.860+0000] {processor.py:154} INFO - Started process (PID=7884) to work on /opt/airflow/dags/dag_with_catchup_and_backfill.py
[2022-11-26T21:25:10.862+0000] {processor.py:756} INFO - Processing file /opt/airflow/dags/dag_with_catchup_and_backfill.py for tasks to queue
[2022-11-26T21:25:10.863+0000] {logging_mixin.py:137} INFO - [2022-11-26T21:25:10.863+0000] {dagbag.py:537} INFO - Filling up the DagBag from /opt/airflow/dags/dag_with_catchup_and_backfill.py
[2022-11-26T21:25:10.895+0000] {processor.py:766} INFO - DAG(s) dict_keys(['dag_with_catchup_backfill_v01']) retrieved from /opt/airflow/dags/dag_with_catchup_and_backfill.py
[2022-11-26T21:25:10.940+0000] {logging_mixin.py:137} INFO - [2022-11-26T21:25:10.940+0000] {dag.py:2585} INFO - Sync 1 DAGs
[2022-11-26T21:25:10.973+0000] {logging_mixin.py:137} INFO - [2022-11-26T21:25:10.973+0000] {dag.py:3340} INFO - Setting next_dagrun for dag_with_catchup_backfill_v01 to 2022-11-26T00:00:00+00:00, run_after=2022-11-27T00:00:00+00:00
[2022-11-26T21:25:10.995+0000] {processor.py:176} INFO - Processing /opt/airflow/dags/dag_with_catchup_and_backfill.py took 0.139 seconds
[2022-11-26T21:25:41.620+0000] {processor.py:154} INFO - Started process (PID=7965) to work on /opt/airflow/dags/dag_with_catchup_and_backfill.py
[2022-11-26T21:25:41.621+0000] {processor.py:756} INFO - Processing file /opt/airflow/dags/dag_with_catchup_and_backfill.py for tasks to queue
[2022-11-26T21:25:41.621+0000] {logging_mixin.py:137} INFO - [2022-11-26T21:25:41.621+0000] {dagbag.py:537} INFO - Filling up the DagBag from /opt/airflow/dags/dag_with_catchup_and_backfill.py
[2022-11-26T21:25:41.637+0000] {processor.py:766} INFO - DAG(s) dict_keys(['dag_with_catchup_backfill_v01']) retrieved from /opt/airflow/dags/dag_with_catchup_and_backfill.py
[2022-11-26T21:25:41.676+0000] {logging_mixin.py:137} INFO - [2022-11-26T21:25:41.676+0000] {dag.py:2585} INFO - Sync 1 DAGs
[2022-11-26T21:25:41.708+0000] {logging_mixin.py:137} INFO - [2022-11-26T21:25:41.707+0000] {dag.py:3340} INFO - Setting next_dagrun for dag_with_catchup_backfill_v01 to 2022-11-26T00:00:00+00:00, run_after=2022-11-27T00:00:00+00:00
[2022-11-26T21:25:41.729+0000] {processor.py:176} INFO - Processing /opt/airflow/dags/dag_with_catchup_and_backfill.py took 0.112 seconds
[2022-11-26T21:26:12.129+0000] {processor.py:154} INFO - Started process (PID=8062) to work on /opt/airflow/dags/dag_with_catchup_and_backfill.py
[2022-11-26T21:26:12.130+0000] {processor.py:756} INFO - Processing file /opt/airflow/dags/dag_with_catchup_and_backfill.py for tasks to queue
[2022-11-26T21:26:12.130+0000] {logging_mixin.py:137} INFO - [2022-11-26T21:26:12.130+0000] {dagbag.py:537} INFO - Filling up the DagBag from /opt/airflow/dags/dag_with_catchup_and_backfill.py
[2022-11-26T21:26:12.147+0000] {processor.py:766} INFO - DAG(s) dict_keys(['dag_with_catchup_backfill_v01']) retrieved from /opt/airflow/dags/dag_with_catchup_and_backfill.py
[2022-11-26T21:26:12.188+0000] {logging_mixin.py:137} INFO - [2022-11-26T21:26:12.187+0000] {dag.py:2585} INFO - Sync 1 DAGs
[2022-11-26T21:26:12.220+0000] {logging_mixin.py:137} INFO - [2022-11-26T21:26:12.220+0000] {dag.py:3340} INFO - Setting next_dagrun for dag_with_catchup_backfill_v01 to 2022-11-26T00:00:00+00:00, run_after=2022-11-27T00:00:00+00:00
[2022-11-26T21:26:12.241+0000] {processor.py:176} INFO - Processing /opt/airflow/dags/dag_with_catchup_and_backfill.py took 0.115 seconds
[2022-11-26T21:26:42.823+0000] {processor.py:154} INFO - Started process (PID=8146) to work on /opt/airflow/dags/dag_with_catchup_and_backfill.py
[2022-11-26T21:26:42.824+0000] {processor.py:756} INFO - Processing file /opt/airflow/dags/dag_with_catchup_and_backfill.py for tasks to queue
[2022-11-26T21:26:42.825+0000] {logging_mixin.py:137} INFO - [2022-11-26T21:26:42.825+0000] {dagbag.py:537} INFO - Filling up the DagBag from /opt/airflow/dags/dag_with_catchup_and_backfill.py
[2022-11-26T21:26:42.856+0000] {processor.py:766} INFO - DAG(s) dict_keys(['dag_with_catchup_backfill_v01']) retrieved from /opt/airflow/dags/dag_with_catchup_and_backfill.py
[2022-11-26T21:26:42.894+0000] {logging_mixin.py:137} INFO - [2022-11-26T21:26:42.894+0000] {dag.py:2585} INFO - Sync 1 DAGs
[2022-11-26T21:26:42.932+0000] {logging_mixin.py:137} INFO - [2022-11-26T21:26:42.932+0000] {dag.py:3340} INFO - Setting next_dagrun for dag_with_catchup_backfill_v01 to 2022-11-26T00:00:00+00:00, run_after=2022-11-27T00:00:00+00:00
[2022-11-26T21:26:42.953+0000] {processor.py:176} INFO - Processing /opt/airflow/dags/dag_with_catchup_and_backfill.py took 0.135 seconds
[2022-11-26T21:27:13.437+0000] {processor.py:154} INFO - Started process (PID=8230) to work on /opt/airflow/dags/dag_with_catchup_and_backfill.py
[2022-11-26T21:27:13.438+0000] {processor.py:756} INFO - Processing file /opt/airflow/dags/dag_with_catchup_and_backfill.py for tasks to queue
[2022-11-26T21:27:13.439+0000] {logging_mixin.py:137} INFO - [2022-11-26T21:27:13.438+0000] {dagbag.py:537} INFO - Filling up the DagBag from /opt/airflow/dags/dag_with_catchup_and_backfill.py
[2022-11-26T21:27:13.453+0000] {processor.py:766} INFO - DAG(s) dict_keys(['dag_with_catchup_backfill_v01']) retrieved from /opt/airflow/dags/dag_with_catchup_and_backfill.py
[2022-11-26T21:27:13.494+0000] {logging_mixin.py:137} INFO - [2022-11-26T21:27:13.494+0000] {dag.py:2585} INFO - Sync 1 DAGs
[2022-11-26T21:27:13.529+0000] {logging_mixin.py:137} INFO - [2022-11-26T21:27:13.529+0000] {dag.py:3340} INFO - Setting next_dagrun for dag_with_catchup_backfill_v01 to 2022-11-26T00:00:00+00:00, run_after=2022-11-27T00:00:00+00:00
[2022-11-26T21:27:13.551+0000] {processor.py:176} INFO - Processing /opt/airflow/dags/dag_with_catchup_and_backfill.py took 0.117 seconds
[2022-11-26T21:27:43.909+0000] {processor.py:154} INFO - Started process (PID=8291) to work on /opt/airflow/dags/dag_with_catchup_and_backfill.py
[2022-11-26T21:27:43.909+0000] {processor.py:756} INFO - Processing file /opt/airflow/dags/dag_with_catchup_and_backfill.py for tasks to queue
[2022-11-26T21:27:43.910+0000] {logging_mixin.py:137} INFO - [2022-11-26T21:27:43.910+0000] {dagbag.py:537} INFO - Filling up the DagBag from /opt/airflow/dags/dag_with_catchup_and_backfill.py
[2022-11-26T21:27:43.940+0000] {processor.py:766} INFO - DAG(s) dict_keys(['dag_with_catchup_backfill_v01']) retrieved from /opt/airflow/dags/dag_with_catchup_and_backfill.py
[2022-11-26T21:27:43.989+0000] {logging_mixin.py:137} INFO - [2022-11-26T21:27:43.988+0000] {dag.py:2585} INFO - Sync 1 DAGs
[2022-11-26T21:27:44.030+0000] {logging_mixin.py:137} INFO - [2022-11-26T21:27:44.029+0000] {dag.py:3340} INFO - Setting next_dagrun for dag_with_catchup_backfill_v01 to 2022-11-26T00:00:00+00:00, run_after=2022-11-27T00:00:00+00:00
[2022-11-26T21:27:44.051+0000] {processor.py:176} INFO - Processing /opt/airflow/dags/dag_with_catchup_and_backfill.py took 0.146 seconds
[2022-11-26T21:28:14.443+0000] {processor.py:154} INFO - Started process (PID=8423) to work on /opt/airflow/dags/dag_with_catchup_and_backfill.py
[2022-11-26T21:28:14.446+0000] {processor.py:756} INFO - Processing file /opt/airflow/dags/dag_with_catchup_and_backfill.py for tasks to queue
[2022-11-26T21:28:14.447+0000] {logging_mixin.py:137} INFO - [2022-11-26T21:28:14.446+0000] {dagbag.py:537} INFO - Filling up the DagBag from /opt/airflow/dags/dag_with_catchup_and_backfill.py
[2022-11-26T21:28:14.486+0000] {processor.py:766} INFO - DAG(s) dict_keys(['dag_with_catchup_backfill_v01']) retrieved from /opt/airflow/dags/dag_with_catchup_and_backfill.py
[2022-11-26T21:28:14.584+0000] {logging_mixin.py:137} INFO - [2022-11-26T21:28:14.584+0000] {dag.py:2585} INFO - Sync 1 DAGs
[2022-11-26T21:28:14.653+0000] {logging_mixin.py:137} INFO - [2022-11-26T21:28:14.653+0000] {dag.py:3340} INFO - Setting next_dagrun for dag_with_catchup_backfill_v01 to 2022-11-26T00:00:00+00:00, run_after=2022-11-27T00:00:00+00:00
[2022-11-26T21:28:14.701+0000] {processor.py:176} INFO - Processing /opt/airflow/dags/dag_with_catchup_and_backfill.py took 0.268 seconds
[2022-11-26T21:28:44.977+0000] {processor.py:154} INFO - Started process (PID=8479) to work on /opt/airflow/dags/dag_with_catchup_and_backfill.py
[2022-11-26T21:28:44.977+0000] {processor.py:756} INFO - Processing file /opt/airflow/dags/dag_with_catchup_and_backfill.py for tasks to queue
[2022-11-26T21:28:44.978+0000] {logging_mixin.py:137} INFO - [2022-11-26T21:28:44.978+0000] {dagbag.py:537} INFO - Filling up the DagBag from /opt/airflow/dags/dag_with_catchup_and_backfill.py
[2022-11-26T21:28:44.995+0000] {processor.py:766} INFO - DAG(s) dict_keys(['dag_with_catchup_backfill_v01']) retrieved from /opt/airflow/dags/dag_with_catchup_and_backfill.py
[2022-11-26T21:28:45.043+0000] {logging_mixin.py:137} INFO - [2022-11-26T21:28:45.043+0000] {dag.py:2585} INFO - Sync 1 DAGs
[2022-11-26T21:28:45.077+0000] {logging_mixin.py:137} INFO - [2022-11-26T21:28:45.077+0000] {dag.py:3340} INFO - Setting next_dagrun for dag_with_catchup_backfill_v01 to 2022-11-26T00:00:00+00:00, run_after=2022-11-27T00:00:00+00:00
[2022-11-26T21:28:45.100+0000] {processor.py:176} INFO - Processing /opt/airflow/dags/dag_with_catchup_and_backfill.py took 0.126 seconds
[2022-11-26T21:29:15.520+0000] {processor.py:154} INFO - Started process (PID=8529) to work on /opt/airflow/dags/dag_with_catchup_and_backfill.py
[2022-11-26T21:29:15.521+0000] {processor.py:756} INFO - Processing file /opt/airflow/dags/dag_with_catchup_and_backfill.py for tasks to queue
[2022-11-26T21:29:15.522+0000] {logging_mixin.py:137} INFO - [2022-11-26T21:29:15.522+0000] {dagbag.py:537} INFO - Filling up the DagBag from /opt/airflow/dags/dag_with_catchup_and_backfill.py
[2022-11-26T21:29:15.538+0000] {processor.py:766} INFO - DAG(s) dict_keys(['dag_with_catchup_backfill_v01']) retrieved from /opt/airflow/dags/dag_with_catchup_and_backfill.py
[2022-11-26T21:29:15.576+0000] {logging_mixin.py:137} INFO - [2022-11-26T21:29:15.576+0000] {dag.py:2585} INFO - Sync 1 DAGs
[2022-11-26T21:29:15.610+0000] {logging_mixin.py:137} INFO - [2022-11-26T21:29:15.609+0000] {dag.py:3340} INFO - Setting next_dagrun for dag_with_catchup_backfill_v01 to 2022-11-26T00:00:00+00:00, run_after=2022-11-27T00:00:00+00:00
[2022-11-26T21:29:15.632+0000] {processor.py:176} INFO - Processing /opt/airflow/dags/dag_with_catchup_and_backfill.py took 0.114 seconds
[2022-11-26T21:29:45.922+0000] {processor.py:154} INFO - Started process (PID=8572) to work on /opt/airflow/dags/dag_with_catchup_and_backfill.py
[2022-11-26T21:29:45.923+0000] {processor.py:756} INFO - Processing file /opt/airflow/dags/dag_with_catchup_and_backfill.py for tasks to queue
[2022-11-26T21:29:45.923+0000] {logging_mixin.py:137} INFO - [2022-11-26T21:29:45.923+0000] {dagbag.py:537} INFO - Filling up the DagBag from /opt/airflow/dags/dag_with_catchup_and_backfill.py
[2022-11-26T21:29:45.937+0000] {processor.py:766} INFO - DAG(s) dict_keys(['dag_with_catchup_backfill_v01']) retrieved from /opt/airflow/dags/dag_with_catchup_and_backfill.py
[2022-11-26T21:29:45.974+0000] {logging_mixin.py:137} INFO - [2022-11-26T21:29:45.974+0000] {dag.py:2585} INFO - Sync 1 DAGs
[2022-11-26T21:29:46.004+0000] {logging_mixin.py:137} INFO - [2022-11-26T21:29:46.004+0000] {dag.py:3340} INFO - Setting next_dagrun for dag_with_catchup_backfill_v01 to 2022-11-26T00:00:00+00:00, run_after=2022-11-27T00:00:00+00:00
[2022-11-26T21:29:46.024+0000] {processor.py:176} INFO - Processing /opt/airflow/dags/dag_with_catchup_and_backfill.py took 0.105 seconds
[2022-11-26T21:30:16.336+0000] {processor.py:154} INFO - Started process (PID=8623) to work on /opt/airflow/dags/dag_with_catchup_and_backfill.py
[2022-11-26T21:30:16.337+0000] {processor.py:756} INFO - Processing file /opt/airflow/dags/dag_with_catchup_and_backfill.py for tasks to queue
[2022-11-26T21:30:16.338+0000] {logging_mixin.py:137} INFO - [2022-11-26T21:30:16.338+0000] {dagbag.py:537} INFO - Filling up the DagBag from /opt/airflow/dags/dag_with_catchup_and_backfill.py
[2022-11-26T21:30:16.372+0000] {processor.py:766} INFO - DAG(s) dict_keys(['dag_with_catchup_backfill_v01']) retrieved from /opt/airflow/dags/dag_with_catchup_and_backfill.py
[2022-11-26T21:30:16.412+0000] {logging_mixin.py:137} INFO - [2022-11-26T21:30:16.412+0000] {dag.py:2585} INFO - Sync 1 DAGs
[2022-11-26T21:30:16.445+0000] {logging_mixin.py:137} INFO - [2022-11-26T21:30:16.444+0000] {dag.py:3340} INFO - Setting next_dagrun for dag_with_catchup_backfill_v01 to 2022-11-26T00:00:00+00:00, run_after=2022-11-27T00:00:00+00:00
[2022-11-26T21:30:16.466+0000] {processor.py:176} INFO - Processing /opt/airflow/dags/dag_with_catchup_and_backfill.py took 0.136 seconds
[2022-11-26T21:30:46.717+0000] {processor.py:154} INFO - Started process (PID=8685) to work on /opt/airflow/dags/dag_with_catchup_and_backfill.py
[2022-11-26T21:30:46.718+0000] {processor.py:756} INFO - Processing file /opt/airflow/dags/dag_with_catchup_and_backfill.py for tasks to queue
[2022-11-26T21:30:46.718+0000] {logging_mixin.py:137} INFO - [2022-11-26T21:30:46.718+0000] {dagbag.py:537} INFO - Filling up the DagBag from /opt/airflow/dags/dag_with_catchup_and_backfill.py
[2022-11-26T21:30:46.734+0000] {processor.py:766} INFO - DAG(s) dict_keys(['dag_with_catchup_backfill_v01']) retrieved from /opt/airflow/dags/dag_with_catchup_and_backfill.py
[2022-11-26T21:30:46.773+0000] {logging_mixin.py:137} INFO - [2022-11-26T21:30:46.773+0000] {dag.py:2585} INFO - Sync 1 DAGs
[2022-11-26T21:30:46.807+0000] {logging_mixin.py:137} INFO - [2022-11-26T21:30:46.807+0000] {dag.py:3340} INFO - Setting next_dagrun for dag_with_catchup_backfill_v01 to 2022-11-26T00:00:00+00:00, run_after=2022-11-27T00:00:00+00:00
[2022-11-26T21:30:46.828+0000] {processor.py:176} INFO - Processing /opt/airflow/dags/dag_with_catchup_and_backfill.py took 0.114 seconds
[2022-11-26T21:31:17.136+0000] {processor.py:154} INFO - Started process (PID=8729) to work on /opt/airflow/dags/dag_with_catchup_and_backfill.py
[2022-11-26T21:31:17.137+0000] {processor.py:756} INFO - Processing file /opt/airflow/dags/dag_with_catchup_and_backfill.py for tasks to queue
[2022-11-26T21:31:17.138+0000] {logging_mixin.py:137} INFO - [2022-11-26T21:31:17.138+0000] {dagbag.py:537} INFO - Filling up the DagBag from /opt/airflow/dags/dag_with_catchup_and_backfill.py
[2022-11-26T21:31:17.153+0000] {processor.py:766} INFO - DAG(s) dict_keys(['dag_with_catchup_backfill_v01']) retrieved from /opt/airflow/dags/dag_with_catchup_and_backfill.py
[2022-11-26T21:31:17.191+0000] {logging_mixin.py:137} INFO - [2022-11-26T21:31:17.191+0000] {dag.py:2585} INFO - Sync 1 DAGs
[2022-11-26T21:31:17.223+0000] {logging_mixin.py:137} INFO - [2022-11-26T21:31:17.223+0000] {dag.py:3340} INFO - Setting next_dagrun for dag_with_catchup_backfill_v01 to 2022-11-26T00:00:00+00:00, run_after=2022-11-27T00:00:00+00:00
[2022-11-26T21:31:17.243+0000] {processor.py:176} INFO - Processing /opt/airflow/dags/dag_with_catchup_and_backfill.py took 0.109 seconds
[2022-11-26T21:31:47.529+0000] {processor.py:154} INFO - Started process (PID=8782) to work on /opt/airflow/dags/dag_with_catchup_and_backfill.py
[2022-11-26T21:31:47.530+0000] {processor.py:756} INFO - Processing file /opt/airflow/dags/dag_with_catchup_and_backfill.py for tasks to queue
[2022-11-26T21:31:47.531+0000] {logging_mixin.py:137} INFO - [2022-11-26T21:31:47.530+0000] {dagbag.py:537} INFO - Filling up the DagBag from /opt/airflow/dags/dag_with_catchup_and_backfill.py
[2022-11-26T21:31:47.552+0000] {processor.py:766} INFO - DAG(s) dict_keys(['dag_with_catchup_backfill_v01']) retrieved from /opt/airflow/dags/dag_with_catchup_and_backfill.py
[2022-11-26T21:31:47.593+0000] {logging_mixin.py:137} INFO - [2022-11-26T21:31:47.593+0000] {dag.py:2585} INFO - Sync 1 DAGs
[2022-11-26T21:31:47.626+0000] {logging_mixin.py:137} INFO - [2022-11-26T21:31:47.626+0000] {dag.py:3340} INFO - Setting next_dagrun for dag_with_catchup_backfill_v01 to 2022-11-26T00:00:00+00:00, run_after=2022-11-27T00:00:00+00:00
[2022-11-26T21:31:47.646+0000] {processor.py:176} INFO - Processing /opt/airflow/dags/dag_with_catchup_and_backfill.py took 0.121 seconds
[2022-11-26T21:32:18.061+0000] {processor.py:154} INFO - Started process (PID=8834) to work on /opt/airflow/dags/dag_with_catchup_and_backfill.py
[2022-11-26T21:32:18.061+0000] {processor.py:756} INFO - Processing file /opt/airflow/dags/dag_with_catchup_and_backfill.py for tasks to queue
[2022-11-26T21:32:18.062+0000] {logging_mixin.py:137} INFO - [2022-11-26T21:32:18.062+0000] {dagbag.py:537} INFO - Filling up the DagBag from /opt/airflow/dags/dag_with_catchup_and_backfill.py
[2022-11-26T21:32:18.085+0000] {processor.py:766} INFO - DAG(s) dict_keys(['dag_with_catchup_backfill_v01']) retrieved from /opt/airflow/dags/dag_with_catchup_and_backfill.py
[2022-11-26T21:32:18.129+0000] {logging_mixin.py:137} INFO - [2022-11-26T21:32:18.129+0000] {dag.py:2585} INFO - Sync 1 DAGs
[2022-11-26T21:32:18.163+0000] {logging_mixin.py:137} INFO - [2022-11-26T21:32:18.163+0000] {dag.py:3340} INFO - Setting next_dagrun for dag_with_catchup_backfill_v01 to 2022-11-26T00:00:00+00:00, run_after=2022-11-27T00:00:00+00:00
[2022-11-26T21:32:18.185+0000] {processor.py:176} INFO - Processing /opt/airflow/dags/dag_with_catchup_and_backfill.py took 0.127 seconds
[2022-11-26T21:32:48.508+0000] {processor.py:154} INFO - Started process (PID=8885) to work on /opt/airflow/dags/dag_with_catchup_and_backfill.py
[2022-11-26T21:32:48.509+0000] {processor.py:756} INFO - Processing file /opt/airflow/dags/dag_with_catchup_and_backfill.py for tasks to queue
[2022-11-26T21:32:48.509+0000] {logging_mixin.py:137} INFO - [2022-11-26T21:32:48.509+0000] {dagbag.py:537} INFO - Filling up the DagBag from /opt/airflow/dags/dag_with_catchup_and_backfill.py
[2022-11-26T21:32:48.524+0000] {processor.py:766} INFO - DAG(s) dict_keys(['dag_with_catchup_backfill_v01']) retrieved from /opt/airflow/dags/dag_with_catchup_and_backfill.py
[2022-11-26T21:32:48.563+0000] {logging_mixin.py:137} INFO - [2022-11-26T21:32:48.562+0000] {dag.py:2585} INFO - Sync 1 DAGs
[2022-11-26T21:32:48.594+0000] {logging_mixin.py:137} INFO - [2022-11-26T21:32:48.594+0000] {dag.py:3340} INFO - Setting next_dagrun for dag_with_catchup_backfill_v01 to 2022-11-26T00:00:00+00:00, run_after=2022-11-27T00:00:00+00:00
[2022-11-26T21:32:48.616+0000] {processor.py:176} INFO - Processing /opt/airflow/dags/dag_with_catchup_and_backfill.py took 0.111 seconds
