[2022-11-26T20:23:30.116+0000] {taskinstance.py:1165} INFO - Dependencies all met for <TaskInstance: our_dag_with_python_operator_v04.get_name manual__2022-11-26T20:23:29.225198+00:00 [queued]>
[2022-11-26T20:23:30.128+0000] {taskinstance.py:1165} INFO - Dependencies all met for <TaskInstance: our_dag_with_python_operator_v04.get_name manual__2022-11-26T20:23:29.225198+00:00 [queued]>
[2022-11-26T20:23:30.128+0000] {taskinstance.py:1362} INFO - 
--------------------------------------------------------------------------------
[2022-11-26T20:23:30.128+0000] {taskinstance.py:1363} INFO - Starting attempt 1 of 6
[2022-11-26T20:23:30.128+0000] {taskinstance.py:1364} INFO - 
--------------------------------------------------------------------------------
[2022-11-26T20:23:30.147+0000] {taskinstance.py:1383} INFO - Executing <Task(PythonOperator): get_name> on 2022-11-26 20:23:29.225198+00:00
[2022-11-26T20:23:30.151+0000] {standard_task_runner.py:55} INFO - Started process 2225 to run task
[2022-11-26T20:23:30.153+0000] {standard_task_runner.py:82} INFO - Running: ['***', 'tasks', 'run', 'our_dag_with_python_operator_v04', 'get_name', 'manual__2022-11-26T20:23:29.225198+00:00', '--job-id', '10', '--raw', '--subdir', 'DAGS_FOLDER/create_dag_with_python_operator.py', '--cfg-path', '/tmp/tmp676pghdy']
[2022-11-26T20:23:30.154+0000] {standard_task_runner.py:83} INFO - Job 10: Subtask get_name
[2022-11-26T20:23:30.221+0000] {task_command.py:376} INFO - Running <TaskInstance: our_dag_with_python_operator_v04.get_name manual__2022-11-26T20:23:29.225198+00:00 [running]> on host 3d834fabdefd
[2022-11-26T20:23:30.304+0000] {taskinstance.py:1592} INFO - Exporting the following env vars:
AIRFLOW_CTX_DAG_OWNER=burno
AIRFLOW_CTX_DAG_ID=our_dag_with_python_operator_v04
AIRFLOW_CTX_TASK_ID=get_name
AIRFLOW_CTX_EXECUTION_DATE=2022-11-26T20:23:29.225198+00:00
AIRFLOW_CTX_TRY_NUMBER=1
AIRFLOW_CTX_DAG_RUN_ID=manual__2022-11-26T20:23:29.225198+00:00
[2022-11-26T20:23:30.305+0000] {python.py:177} INFO - Done. Returned value was: Jerry
[2022-11-26T20:23:30.333+0000] {taskinstance.py:1406} INFO - Marking task as SUCCESS. dag_id=our_dag_with_python_operator_v04, task_id=get_name, execution_date=20221126T202329, start_date=20221126T202330, end_date=20221126T202330
[2022-11-26T20:23:30.366+0000] {local_task_job.py:159} INFO - Task exited with return code 0
[2022-11-26T20:23:30.398+0000] {taskinstance.py:2623} INFO - 1 downstream tasks scheduled from follow-on schedule check
