[2022-11-30T02:23:41.153+0000] {taskinstance.py:1165} INFO - Dependencies all met for <TaskInstance: dag_with_python_depedencies_v02.get_matplolib scheduled__2022-11-29T00:00:00+00:00 [queued]>
[2022-11-30T02:23:41.165+0000] {taskinstance.py:1165} INFO - Dependencies all met for <TaskInstance: dag_with_python_depedencies_v02.get_matplolib scheduled__2022-11-29T00:00:00+00:00 [queued]>
[2022-11-30T02:23:41.166+0000] {taskinstance.py:1362} INFO - 
--------------------------------------------------------------------------------
[2022-11-30T02:23:41.166+0000] {taskinstance.py:1363} INFO - Starting attempt 1 of 1
[2022-11-30T02:23:41.166+0000] {taskinstance.py:1364} INFO - 
--------------------------------------------------------------------------------
[2022-11-30T02:23:41.186+0000] {taskinstance.py:1383} INFO - Executing <Task(PythonOperator): get_matplolib> on 2022-11-29 00:00:00+00:00
[2022-11-30T02:23:41.191+0000] {standard_task_runner.py:55} INFO - Started process 269 to run task
[2022-11-30T02:23:41.194+0000] {standard_task_runner.py:82} INFO - Running: ['***', 'tasks', 'run', 'dag_with_python_depedencies_v02', 'get_matplolib', 'scheduled__2022-11-29T00:00:00+00:00', '--job-id', '218', '--raw', '--subdir', 'DAGS_FOLDER/dag_with_python_dependencies.py', '--cfg-path', '/tmp/tmp7ap7ps0a']
[2022-11-30T02:23:41.196+0000] {standard_task_runner.py:83} INFO - Job 218: Subtask get_matplolib
[2022-11-30T02:23:41.309+0000] {task_command.py:376} INFO - Running <TaskInstance: dag_with_python_depedencies_v02.get_matplolib scheduled__2022-11-29T00:00:00+00:00 [running]> on host bef9f364b650
[2022-11-30T02:23:41.413+0000] {taskinstance.py:1592} INFO - Exporting the following env vars:
AIRFLOW_CTX_DAG_OWNER=Burno
AIRFLOW_CTX_DAG_ID=dag_with_python_depedencies_v02
AIRFLOW_CTX_TASK_ID=get_matplolib
AIRFLOW_CTX_EXECUTION_DATE=2022-11-29T00:00:00+00:00
AIRFLOW_CTX_TRY_NUMBER=1
AIRFLOW_CTX_DAG_RUN_ID=scheduled__2022-11-29T00:00:00+00:00
[2022-11-30T02:23:41.502+0000] {logging_mixin.py:137} INFO - matplotlib with version: 3.3.3
[2022-11-30T02:23:41.502+0000] {python.py:177} INFO - Done. Returned value was: None
[2022-11-30T02:23:41.522+0000] {taskinstance.py:1406} INFO - Marking task as SUCCESS. dag_id=dag_with_python_depedencies_v02, task_id=get_matplolib, execution_date=20221129T000000, start_date=20221130T022341, end_date=20221130T022341
[2022-11-30T02:23:41.553+0000] {local_task_job.py:159} INFO - Task exited with return code 0
[2022-11-30T02:23:41.581+0000] {taskinstance.py:2623} INFO - 0 downstream tasks scheduled from follow-on schedule check
