[2022-11-22T01:38:07.963+0000] {taskinstance.py:1165} INFO - Dependencies all met for <TaskInstance: our_first_dag_v5.second_task scheduled__2021-08-29T00:00:00+00:00 [queued]>
[2022-11-22T01:38:08.078+0000] {taskinstance.py:1165} INFO - Dependencies all met for <TaskInstance: our_first_dag_v5.second_task scheduled__2021-08-29T00:00:00+00:00 [queued]>
[2022-11-22T01:38:08.081+0000] {taskinstance.py:1362} INFO - 
--------------------------------------------------------------------------------
[2022-11-22T01:38:08.081+0000] {taskinstance.py:1363} INFO - Starting attempt 1 of 6
[2022-11-22T01:38:08.081+0000] {taskinstance.py:1364} INFO - 
--------------------------------------------------------------------------------
[2022-11-22T01:38:08.200+0000] {taskinstance.py:1383} INFO - Executing <Task(BashOperator): second_task> on 2021-08-29 00:00:00+00:00
[2022-11-22T01:38:08.245+0000] {standard_task_runner.py:55} INFO - Started process 1403 to run task
[2022-11-22T01:38:08.253+0000] {standard_task_runner.py:82} INFO - Running: ['***', 'tasks', 'run', 'our_first_dag_v5', 'second_task', 'scheduled__2021-08-29T00:00:00+00:00', '--job-id', '106', '--raw', '--subdir', 'DAGS_FOLDER/our_first_dag.py', '--cfg-path', '/tmp/tmp62hq8nss']
[2022-11-22T01:38:08.254+0000] {standard_task_runner.py:83} INFO - Job 106: Subtask second_task
[2022-11-22T01:38:08.536+0000] {task_command.py:376} INFO - Running <TaskInstance: our_first_dag_v5.second_task scheduled__2021-08-29T00:00:00+00:00 [running]> on host ada0bfaa3ff2
[2022-11-22T01:38:08.983+0000] {taskinstance.py:1592} INFO - Exporting the following env vars:
AIRFLOW_CTX_DAG_OWNER=bruno
AIRFLOW_CTX_DAG_ID=our_first_dag_v5
AIRFLOW_CTX_TASK_ID=second_task
AIRFLOW_CTX_EXECUTION_DATE=2021-08-29T00:00:00+00:00
AIRFLOW_CTX_TRY_NUMBER=1
AIRFLOW_CTX_DAG_RUN_ID=scheduled__2021-08-29T00:00:00+00:00
[2022-11-22T01:38:08.984+0000] {subprocess.py:63} INFO - Tmp dir root location: 
 /tmp
[2022-11-22T01:38:08.985+0000] {subprocess.py:75} INFO - Running command: ['/bin/bash', '-c', 'echo hey, I am task2 and will be running after task1!']
[2022-11-22T01:38:09.111+0000] {subprocess.py:86} INFO - Output:
[2022-11-22T01:38:09.126+0000] {subprocess.py:93} INFO - hey, I am task2 and will be running after task1!
[2022-11-22T01:38:09.131+0000] {subprocess.py:97} INFO - Command exited with return code 0
[2022-11-22T01:38:09.209+0000] {taskinstance.py:1406} INFO - Marking task as SUCCESS. dag_id=our_first_dag_v5, task_id=second_task, execution_date=20210829T000000, start_date=20221122T013807, end_date=20221122T013809
[2022-11-22T01:38:09.336+0000] {local_task_job.py:159} INFO - Task exited with return code 0
[2022-11-22T01:38:09.396+0000] {taskinstance.py:2623} INFO - 0 downstream tasks scheduled from follow-on schedule check
