[2022-11-22T01:37:39.517+0000] {taskinstance.py:1165} INFO - Dependencies all met for <TaskInstance: our_first_dag_v5.second_task scheduled__2021-08-02T00:00:00+00:00 [queued]>
[2022-11-22T01:37:39.604+0000] {taskinstance.py:1165} INFO - Dependencies all met for <TaskInstance: our_first_dag_v5.second_task scheduled__2021-08-02T00:00:00+00:00 [queued]>
[2022-11-22T01:37:39.604+0000] {taskinstance.py:1362} INFO - 
--------------------------------------------------------------------------------
[2022-11-22T01:37:39.604+0000] {taskinstance.py:1363} INFO - Starting attempt 1 of 6
[2022-11-22T01:37:39.604+0000] {taskinstance.py:1364} INFO - 
--------------------------------------------------------------------------------
[2022-11-22T01:37:39.845+0000] {taskinstance.py:1383} INFO - Executing <Task(BashOperator): second_task> on 2021-08-02 00:00:00+00:00
[2022-11-22T01:37:39.892+0000] {standard_task_runner.py:82} INFO - Running: ['***', 'tasks', 'run', 'our_first_dag_v5', 'second_task', 'scheduled__2021-08-02T00:00:00+00:00', '--job-id', '22', '--raw', '--subdir', 'DAGS_FOLDER/our_first_dag.py', '--cfg-path', '/tmp/tmpvsemrxzd']
[2022-11-22T01:37:39.894+0000] {standard_task_runner.py:83} INFO - Job 22: Subtask second_task
[2022-11-22T01:37:39.928+0000] {standard_task_runner.py:55} INFO - Started process 1140 to run task
[2022-11-22T01:37:40.502+0000] {task_command.py:376} INFO - Running <TaskInstance: our_first_dag_v5.second_task scheduled__2021-08-02T00:00:00+00:00 [running]> on host ada0bfaa3ff2
[2022-11-22T01:37:40.939+0000] {taskinstance.py:1592} INFO - Exporting the following env vars:
AIRFLOW_CTX_DAG_OWNER=bruno
AIRFLOW_CTX_DAG_ID=our_first_dag_v5
AIRFLOW_CTX_TASK_ID=second_task
AIRFLOW_CTX_EXECUTION_DATE=2021-08-02T00:00:00+00:00
AIRFLOW_CTX_TRY_NUMBER=1
AIRFLOW_CTX_DAG_RUN_ID=scheduled__2021-08-02T00:00:00+00:00
[2022-11-22T01:37:40.942+0000] {subprocess.py:63} INFO - Tmp dir root location: 
 /tmp
[2022-11-22T01:37:40.947+0000] {subprocess.py:75} INFO - Running command: ['/bin/bash', '-c', 'echo hey, I am task2 and will be running after task1!']
[2022-11-22T01:37:41.050+0000] {subprocess.py:86} INFO - Output:
[2022-11-22T01:37:41.053+0000] {subprocess.py:93} INFO - hey, I am task2 and will be running after task1!
[2022-11-22T01:37:41.053+0000] {subprocess.py:97} INFO - Command exited with return code 0
[2022-11-22T01:37:41.135+0000] {taskinstance.py:1406} INFO - Marking task as SUCCESS. dag_id=our_first_dag_v5, task_id=second_task, execution_date=20210802T000000, start_date=20221122T013739, end_date=20221122T013741
[2022-11-22T01:37:41.255+0000] {local_task_job.py:159} INFO - Task exited with return code 0
[2022-11-22T01:37:41.312+0000] {taskinstance.py:2623} INFO - 0 downstream tasks scheduled from follow-on schedule check
