[2022-11-26T21:28:06.909+0000] {taskinstance.py:1165} INFO - Dependencies all met for <TaskInstance: dag_with_cron_expression_v01.task1 scheduled__2022-11-18T00:00:00+00:00 [queued]>
[2022-11-26T21:28:06.930+0000] {taskinstance.py:1165} INFO - Dependencies all met for <TaskInstance: dag_with_cron_expression_v01.task1 scheduled__2022-11-18T00:00:00+00:00 [queued]>
[2022-11-26T21:28:06.930+0000] {taskinstance.py:1362} INFO - 
--------------------------------------------------------------------------------
[2022-11-26T21:28:06.930+0000] {taskinstance.py:1363} INFO - Starting attempt 1 of 6
[2022-11-26T21:28:06.930+0000] {taskinstance.py:1364} INFO - 
--------------------------------------------------------------------------------
[2022-11-26T21:28:06.952+0000] {taskinstance.py:1383} INFO - Executing <Task(BashOperator): task1> on 2022-11-18 00:00:00+00:00
[2022-11-26T21:28:06.957+0000] {standard_task_runner.py:55} INFO - Started process 8396 to run task
[2022-11-26T21:28:06.964+0000] {standard_task_runner.py:82} INFO - Running: ['***', 'tasks', 'run', 'dag_with_cron_expression_v01', 'task1', 'scheduled__2022-11-18T00:00:00+00:00', '--job-id', '61', '--raw', '--subdir', 'DAGS_FOLDER/dag_with_cronn_expression.py', '--cfg-path', '/tmp/tmpokat5uu7']
[2022-11-26T21:28:06.965+0000] {standard_task_runner.py:83} INFO - Job 61: Subtask task1
[2022-11-26T21:28:07.127+0000] {task_command.py:376} INFO - Running <TaskInstance: dag_with_cron_expression_v01.task1 scheduled__2022-11-18T00:00:00+00:00 [running]> on host 3d834fabdefd
[2022-11-26T21:28:07.289+0000] {taskinstance.py:1592} INFO - Exporting the following env vars:
AIRFLOW_CTX_DAG_OWNER=Bruno
AIRFLOW_CTX_DAG_ID=dag_with_cron_expression_v01
AIRFLOW_CTX_TASK_ID=task1
AIRFLOW_CTX_EXECUTION_DATE=2022-11-18T00:00:00+00:00
AIRFLOW_CTX_TRY_NUMBER=1
AIRFLOW_CTX_DAG_RUN_ID=scheduled__2022-11-18T00:00:00+00:00
[2022-11-26T21:28:07.289+0000] {subprocess.py:63} INFO - Tmp dir root location: 
 /tmp
[2022-11-26T21:28:07.290+0000] {subprocess.py:75} INFO - Running command: ['/bin/bash', '-c', 'echo dag with cron expression!']
[2022-11-26T21:28:07.324+0000] {subprocess.py:86} INFO - Output:
[2022-11-26T21:28:07.340+0000] {subprocess.py:93} INFO - dag with cron expression!
[2022-11-26T21:28:07.343+0000] {subprocess.py:97} INFO - Command exited with return code 0
[2022-11-26T21:28:07.387+0000] {taskinstance.py:1406} INFO - Marking task as SUCCESS. dag_id=dag_with_cron_expression_v01, task_id=task1, execution_date=20221118T000000, start_date=20221126T212806, end_date=20221126T212807
[2022-11-26T21:28:07.435+0000] {local_task_job.py:159} INFO - Task exited with return code 0
[2022-11-26T21:28:07.462+0000] {taskinstance.py:2623} INFO - 0 downstream tasks scheduled from follow-on schedule check
