[2022-11-26T20:33:19.460+0000] {taskinstance.py:1165} INFO - Dependencies all met for <TaskInstance: our_dag_with_python_operator_v06.get_name manual__2022-11-26T20:33:18.652739+00:00 [queued]>
[2022-11-26T20:33:19.472+0000] {taskinstance.py:1165} INFO - Dependencies all met for <TaskInstance: our_dag_with_python_operator_v06.get_name manual__2022-11-26T20:33:18.652739+00:00 [queued]>
[2022-11-26T20:33:19.472+0000] {taskinstance.py:1362} INFO - 
--------------------------------------------------------------------------------
[2022-11-26T20:33:19.472+0000] {taskinstance.py:1363} INFO - Starting attempt 1 of 6
[2022-11-26T20:33:19.472+0000] {taskinstance.py:1364} INFO - 
--------------------------------------------------------------------------------
[2022-11-26T20:33:19.488+0000] {taskinstance.py:1383} INFO - Executing <Task(PythonOperator): get_name> on 2022-11-26 20:33:18.652739+00:00
[2022-11-26T20:33:19.493+0000] {standard_task_runner.py:55} INFO - Started process 3150 to run task
[2022-11-26T20:33:19.495+0000] {standard_task_runner.py:82} INFO - Running: ['***', 'tasks', 'run', 'our_dag_with_python_operator_v06', 'get_name', 'manual__2022-11-26T20:33:18.652739+00:00', '--job-id', '19', '--raw', '--subdir', 'DAGS_FOLDER/create_dag_with_python_operator.py', '--cfg-path', '/tmp/tmpltfcbj97']
[2022-11-26T20:33:19.497+0000] {standard_task_runner.py:83} INFO - Job 19: Subtask get_name
[2022-11-26T20:33:19.552+0000] {task_command.py:376} INFO - Running <TaskInstance: our_dag_with_python_operator_v06.get_name manual__2022-11-26T20:33:18.652739+00:00 [running]> on host 3d834fabdefd
[2022-11-26T20:33:19.632+0000] {taskinstance.py:1592} INFO - Exporting the following env vars:
AIRFLOW_CTX_DAG_OWNER=burno
AIRFLOW_CTX_DAG_ID=our_dag_with_python_operator_v06
AIRFLOW_CTX_TASK_ID=get_name
AIRFLOW_CTX_EXECUTION_DATE=2022-11-26T20:33:18.652739+00:00
AIRFLOW_CTX_TRY_NUMBER=1
AIRFLOW_CTX_DAG_RUN_ID=manual__2022-11-26T20:33:18.652739+00:00
[2022-11-26T20:33:19.657+0000] {python.py:177} INFO - Done. Returned value was: None
[2022-11-26T20:33:19.666+0000] {taskinstance.py:1406} INFO - Marking task as SUCCESS. dag_id=our_dag_with_python_operator_v06, task_id=get_name, execution_date=20221126T203318, start_date=20221126T203319, end_date=20221126T203319
[2022-11-26T20:33:19.708+0000] {local_task_job.py:159} INFO - Task exited with return code 0
[2022-11-26T20:33:19.741+0000] {taskinstance.py:2623} INFO - 1 downstream tasks scheduled from follow-on schedule check
