[2022-11-26T21:28:08.196+0000] {taskinstance.py:1165} INFO - Dependencies all met for <TaskInstance: dag_with_cron_expression_v01.task1 scheduled__2022-11-23T00:00:00+00:00 [queued]>
[2022-11-26T21:28:08.208+0000] {taskinstance.py:1165} INFO - Dependencies all met for <TaskInstance: dag_with_cron_expression_v01.task1 scheduled__2022-11-23T00:00:00+00:00 [queued]>
[2022-11-26T21:28:08.208+0000] {taskinstance.py:1362} INFO - 
--------------------------------------------------------------------------------
[2022-11-26T21:28:08.208+0000] {taskinstance.py:1363} INFO - Starting attempt 1 of 6
[2022-11-26T21:28:08.208+0000] {taskinstance.py:1364} INFO - 
--------------------------------------------------------------------------------
[2022-11-26T21:28:08.228+0000] {taskinstance.py:1383} INFO - Executing <Task(BashOperator): task1> on 2022-11-23 00:00:00+00:00
[2022-11-26T21:28:08.233+0000] {standard_task_runner.py:55} INFO - Started process 8408 to run task
[2022-11-26T21:28:08.249+0000] {standard_task_runner.py:82} INFO - Running: ['***', 'tasks', 'run', 'dag_with_cron_expression_v01', 'task1', 'scheduled__2022-11-23T00:00:00+00:00', '--job-id', '66', '--raw', '--subdir', 'DAGS_FOLDER/dag_with_cronn_expression.py', '--cfg-path', '/tmp/tmpu4w0ejso']
[2022-11-26T21:28:08.251+0000] {standard_task_runner.py:83} INFO - Job 66: Subtask task1
[2022-11-26T21:28:08.361+0000] {task_command.py:376} INFO - Running <TaskInstance: dag_with_cron_expression_v01.task1 scheduled__2022-11-23T00:00:00+00:00 [running]> on host 3d834fabdefd
[2022-11-26T21:28:08.478+0000] {taskinstance.py:1592} INFO - Exporting the following env vars:
AIRFLOW_CTX_DAG_OWNER=Bruno
AIRFLOW_CTX_DAG_ID=dag_with_cron_expression_v01
AIRFLOW_CTX_TASK_ID=task1
AIRFLOW_CTX_EXECUTION_DATE=2022-11-23T00:00:00+00:00
AIRFLOW_CTX_TRY_NUMBER=1
AIRFLOW_CTX_DAG_RUN_ID=scheduled__2022-11-23T00:00:00+00:00
[2022-11-26T21:28:08.479+0000] {subprocess.py:63} INFO - Tmp dir root location: 
 /tmp
[2022-11-26T21:28:08.480+0000] {subprocess.py:75} INFO - Running command: ['/bin/bash', '-c', 'echo dag with cron expression!']
[2022-11-26T21:28:08.490+0000] {subprocess.py:86} INFO - Output:
[2022-11-26T21:28:08.492+0000] {subprocess.py:93} INFO - dag with cron expression!
[2022-11-26T21:28:08.492+0000] {subprocess.py:97} INFO - Command exited with return code 0
[2022-11-26T21:28:08.524+0000] {taskinstance.py:1406} INFO - Marking task as SUCCESS. dag_id=dag_with_cron_expression_v01, task_id=task1, execution_date=20221123T000000, start_date=20221126T212808, end_date=20221126T212808
[2022-11-26T21:28:08.577+0000] {local_task_job.py:159} INFO - Task exited with return code 0
[2022-11-26T21:28:08.605+0000] {taskinstance.py:2623} INFO - 0 downstream tasks scheduled from follow-on schedule check
