[2022-11-30T01:32:32.740+0000] {taskinstance.py:1165} INFO - Dependencies all met for <TaskInstance: our_dag_with_python_operator_v06.get_name scheduled__2022-11-28T00:00:00+00:00 [queued]>
[2022-11-30T01:32:32.829+0000] {taskinstance.py:1165} INFO - Dependencies all met for <TaskInstance: our_dag_with_python_operator_v06.get_name scheduled__2022-11-28T00:00:00+00:00 [queued]>
[2022-11-30T01:32:32.830+0000] {taskinstance.py:1362} INFO - 
--------------------------------------------------------------------------------
[2022-11-30T01:32:32.830+0000] {taskinstance.py:1363} INFO - Starting attempt 1 of 6
[2022-11-30T01:32:32.837+0000] {taskinstance.py:1364} INFO - 
--------------------------------------------------------------------------------
[2022-11-30T01:32:32.962+0000] {taskinstance.py:1383} INFO - Executing <Task(PythonOperator): get_name> on 2022-11-28 00:00:00+00:00
[2022-11-30T01:32:32.966+0000] {standard_task_runner.py:55} INFO - Started process 222 to run task
[2022-11-30T01:32:32.991+0000] {standard_task_runner.py:82} INFO - Running: ['***', 'tasks', 'run', 'our_dag_with_python_operator_v06', 'get_name', 'scheduled__2022-11-28T00:00:00+00:00', '--job-id', '115', '--raw', '--subdir', 'DAGS_FOLDER/create_dag_with_python_operator.py', '--cfg-path', '/tmp/tmpuqyll5mi']
[2022-11-30T01:32:32.992+0000] {standard_task_runner.py:83} INFO - Job 115: Subtask get_name
[2022-11-30T01:32:33.572+0000] {task_command.py:376} INFO - Running <TaskInstance: our_dag_with_python_operator_v06.get_name scheduled__2022-11-28T00:00:00+00:00 [running]> on host 2c9b3e546def
[2022-11-30T01:32:34.432+0000] {taskinstance.py:1592} INFO - Exporting the following env vars:
AIRFLOW_CTX_DAG_OWNER=burno
AIRFLOW_CTX_DAG_ID=our_dag_with_python_operator_v06
AIRFLOW_CTX_TASK_ID=get_name
AIRFLOW_CTX_EXECUTION_DATE=2022-11-28T00:00:00+00:00
AIRFLOW_CTX_TRY_NUMBER=1
AIRFLOW_CTX_DAG_RUN_ID=scheduled__2022-11-28T00:00:00+00:00
[2022-11-30T01:32:34.685+0000] {python.py:177} INFO - Done. Returned value was: None
[2022-11-30T01:32:34.770+0000] {taskinstance.py:1406} INFO - Marking task as SUCCESS. dag_id=our_dag_with_python_operator_v06, task_id=get_name, execution_date=20221128T000000, start_date=20221130T013232, end_date=20221130T013234
[2022-11-30T01:32:34.934+0000] {local_task_job.py:159} INFO - Task exited with return code 0
[2022-11-30T01:32:35.340+0000] {taskinstance.py:2623} INFO - 1 downstream tasks scheduled from follow-on schedule check
