[2022-11-30T02:15:01.427+0000] {taskinstance.py:1165} INFO - Dependencies all met for <TaskInstance: dag_with_python_depedencies_v01.get_sklearn scheduled__2022-11-28T00:00:00+00:00 [queued]>
[2022-11-30T02:15:01.478+0000] {taskinstance.py:1165} INFO - Dependencies all met for <TaskInstance: dag_with_python_depedencies_v01.get_sklearn scheduled__2022-11-28T00:00:00+00:00 [queued]>
[2022-11-30T02:15:01.478+0000] {taskinstance.py:1362} INFO - 
--------------------------------------------------------------------------------
[2022-11-30T02:15:01.478+0000] {taskinstance.py:1363} INFO - Starting attempt 1 of 1
[2022-11-30T02:15:01.478+0000] {taskinstance.py:1364} INFO - 
--------------------------------------------------------------------------------
[2022-11-30T02:15:01.572+0000] {taskinstance.py:1383} INFO - Executing <Task(PythonOperator): get_sklearn> on 2022-11-28 00:00:00+00:00
[2022-11-30T02:15:01.586+0000] {standard_task_runner.py:55} INFO - Started process 275 to run task
[2022-11-30T02:15:01.602+0000] {standard_task_runner.py:82} INFO - Running: ['***', 'tasks', 'run', 'dag_with_python_depedencies_v01', 'get_sklearn', 'scheduled__2022-11-28T00:00:00+00:00', '--job-id', '211', '--raw', '--subdir', 'DAGS_FOLDER/dag_with_python_dependencies.py', '--cfg-path', '/tmp/tmp8l7xrufh']
[2022-11-30T02:15:01.604+0000] {standard_task_runner.py:83} INFO - Job 211: Subtask get_sklearn
[2022-11-30T02:15:01.772+0000] {task_command.py:376} INFO - Running <TaskInstance: dag_with_python_depedencies_v01.get_sklearn scheduled__2022-11-28T00:00:00+00:00 [running]> on host ee286be6421d
[2022-11-30T02:15:01.991+0000] {taskinstance.py:1592} INFO - Exporting the following env vars:
AIRFLOW_CTX_DAG_OWNER=Burno
AIRFLOW_CTX_DAG_ID=dag_with_python_depedencies_v01
AIRFLOW_CTX_TASK_ID=get_sklearn
AIRFLOW_CTX_EXECUTION_DATE=2022-11-28T00:00:00+00:00
AIRFLOW_CTX_TRY_NUMBER=1
AIRFLOW_CTX_DAG_RUN_ID=scheduled__2022-11-28T00:00:00+00:00
[2022-11-30T02:15:02.714+0000] {logging_mixin.py:137} INFO - scikit-learn with version: 0.24.2
[2022-11-30T02:15:02.714+0000] {python.py:177} INFO - Done. Returned value was: None
[2022-11-30T02:15:02.728+0000] {taskinstance.py:1406} INFO - Marking task as SUCCESS. dag_id=dag_with_python_depedencies_v01, task_id=get_sklearn, execution_date=20221128T000000, start_date=20221130T021501, end_date=20221130T021502
[2022-11-30T02:15:02.780+0000] {local_task_job.py:159} INFO - Task exited with return code 0
[2022-11-30T02:15:02.809+0000] {taskinstance.py:2623} INFO - 0 downstream tasks scheduled from follow-on schedule check
