[2022-11-26T21:27:59.865+0000] {taskinstance.py:1165} INFO - Dependencies all met for <TaskInstance: dag_with_cron_expression_v01.task1 scheduled__2022-11-09T00:00:00+00:00 [queued]>
[2022-11-26T21:27:59.877+0000] {taskinstance.py:1165} INFO - Dependencies all met for <TaskInstance: dag_with_cron_expression_v01.task1 scheduled__2022-11-09T00:00:00+00:00 [queued]>
[2022-11-26T21:27:59.877+0000] {taskinstance.py:1362} INFO - 
--------------------------------------------------------------------------------
[2022-11-26T21:27:59.877+0000] {taskinstance.py:1363} INFO - Starting attempt 1 of 6
[2022-11-26T21:27:59.877+0000] {taskinstance.py:1364} INFO - 
--------------------------------------------------------------------------------
[2022-11-26T21:27:59.894+0000] {taskinstance.py:1383} INFO - Executing <Task(BashOperator): task1> on 2022-11-09 00:00:00+00:00
[2022-11-26T21:27:59.898+0000] {standard_task_runner.py:55} INFO - Started process 8353 to run task
[2022-11-26T21:27:59.900+0000] {standard_task_runner.py:82} INFO - Running: ['***', 'tasks', 'run', 'dag_with_cron_expression_v01', 'task1', 'scheduled__2022-11-09T00:00:00+00:00', '--job-id', '52', '--raw', '--subdir', 'DAGS_FOLDER/dag_with_cronn_expression.py', '--cfg-path', '/tmp/tmpqvmjvp_o']
[2022-11-26T21:27:59.901+0000] {standard_task_runner.py:83} INFO - Job 52: Subtask task1
[2022-11-26T21:27:59.962+0000] {task_command.py:376} INFO - Running <TaskInstance: dag_with_cron_expression_v01.task1 scheduled__2022-11-09T00:00:00+00:00 [running]> on host 3d834fabdefd
[2022-11-26T21:28:00.041+0000] {taskinstance.py:1592} INFO - Exporting the following env vars:
AIRFLOW_CTX_DAG_OWNER=Bruno
AIRFLOW_CTX_DAG_ID=dag_with_cron_expression_v01
AIRFLOW_CTX_TASK_ID=task1
AIRFLOW_CTX_EXECUTION_DATE=2022-11-09T00:00:00+00:00
AIRFLOW_CTX_TRY_NUMBER=1
AIRFLOW_CTX_DAG_RUN_ID=scheduled__2022-11-09T00:00:00+00:00
[2022-11-26T21:28:00.042+0000] {subprocess.py:63} INFO - Tmp dir root location: 
 /tmp
[2022-11-26T21:28:00.042+0000] {subprocess.py:75} INFO - Running command: ['/bin/bash', '-c', 'echo dag with cron expression!']
[2022-11-26T21:28:00.052+0000] {subprocess.py:86} INFO - Output:
[2022-11-26T21:28:00.053+0000] {subprocess.py:93} INFO - dag with cron expression!
[2022-11-26T21:28:00.054+0000] {subprocess.py:97} INFO - Command exited with return code 0
[2022-11-26T21:28:00.080+0000] {taskinstance.py:1406} INFO - Marking task as SUCCESS. dag_id=dag_with_cron_expression_v01, task_id=task1, execution_date=20221109T000000, start_date=20221126T212759, end_date=20221126T212800
[2022-11-26T21:28:00.113+0000] {local_task_job.py:159} INFO - Task exited with return code 0
[2022-11-26T21:28:00.131+0000] {taskinstance.py:2623} INFO - 0 downstream tasks scheduled from follow-on schedule check
