[2022-11-22T00:50:20.204+0000] {processor.py:154} INFO - Started process (PID=318) to work on /home/airflow/.local/lib/python3.7/site-packages/airflow/example_dags/example_branch_python_dop_operator_3.py
[2022-11-22T00:50:20.205+0000] {processor.py:756} INFO - Processing file /home/airflow/.local/lib/python3.7/site-packages/airflow/example_dags/example_branch_python_dop_operator_3.py for tasks to queue
[2022-11-22T00:50:20.206+0000] {logging_mixin.py:137} INFO - [2022-11-22T00:50:20.205+0000] {dagbag.py:537} INFO - Filling up the DagBag from /home/airflow/.local/lib/python3.7/site-packages/airflow/example_dags/example_branch_python_dop_operator_3.py
[2022-11-22T00:50:20.230+0000] {processor.py:766} INFO - DAG(s) dict_keys(['example_branch_dop_operator_v3']) retrieved from /home/airflow/.local/lib/python3.7/site-packages/airflow/example_dags/example_branch_python_dop_operator_3.py
[2022-11-22T00:50:20.262+0000] {logging_mixin.py:137} INFO - [2022-11-22T00:50:20.262+0000] {dag.py:2585} INFO - Sync 1 DAGs
[2022-11-22T00:50:20.302+0000] {logging_mixin.py:137} INFO - [2022-11-22T00:50:20.302+0000] {dag.py:3340} INFO - Setting next_dagrun for example_branch_dop_operator_v3 to 2022-11-22T00:49:00+00:00, run_after=2022-11-22T00:50:00+00:00
[2022-11-22T00:50:20.344+0000] {processor.py:176} INFO - Processing /home/airflow/.local/lib/python3.7/site-packages/airflow/example_dags/example_branch_python_dop_operator_3.py took 0.143 seconds
[2022-11-22T00:50:51.321+0000] {processor.py:154} INFO - Started process (PID=516) to work on /home/airflow/.local/lib/python3.7/site-packages/airflow/example_dags/example_branch_python_dop_operator_3.py
[2022-11-22T00:50:51.322+0000] {processor.py:756} INFO - Processing file /home/airflow/.local/lib/python3.7/site-packages/airflow/example_dags/example_branch_python_dop_operator_3.py for tasks to queue
[2022-11-22T00:50:51.322+0000] {logging_mixin.py:137} INFO - [2022-11-22T00:50:51.322+0000] {dagbag.py:537} INFO - Filling up the DagBag from /home/airflow/.local/lib/python3.7/site-packages/airflow/example_dags/example_branch_python_dop_operator_3.py
[2022-11-22T00:50:51.350+0000] {processor.py:766} INFO - DAG(s) dict_keys(['example_branch_dop_operator_v3']) retrieved from /home/airflow/.local/lib/python3.7/site-packages/airflow/example_dags/example_branch_python_dop_operator_3.py
[2022-11-22T00:50:51.394+0000] {logging_mixin.py:137} INFO - [2022-11-22T00:50:51.394+0000] {dag.py:2585} INFO - Sync 1 DAGs
[2022-11-22T00:50:51.435+0000] {logging_mixin.py:137} INFO - [2022-11-22T00:50:51.435+0000] {dag.py:3340} INFO - Setting next_dagrun for example_branch_dop_operator_v3 to 2022-11-22T00:49:00+00:00, run_after=2022-11-22T00:50:00+00:00
[2022-11-22T00:50:51.460+0000] {processor.py:176} INFO - Processing /home/airflow/.local/lib/python3.7/site-packages/airflow/example_dags/example_branch_python_dop_operator_3.py took 0.141 seconds
[2022-11-22T00:51:21.567+0000] {processor.py:154} INFO - Started process (PID=726) to work on /home/airflow/.local/lib/python3.7/site-packages/airflow/example_dags/example_branch_python_dop_operator_3.py
[2022-11-22T00:51:21.569+0000] {processor.py:756} INFO - Processing file /home/airflow/.local/lib/python3.7/site-packages/airflow/example_dags/example_branch_python_dop_operator_3.py for tasks to queue
[2022-11-22T00:51:21.570+0000] {logging_mixin.py:137} INFO - [2022-11-22T00:51:21.569+0000] {dagbag.py:537} INFO - Filling up the DagBag from /home/airflow/.local/lib/python3.7/site-packages/airflow/example_dags/example_branch_python_dop_operator_3.py
[2022-11-22T00:51:21.597+0000] {processor.py:766} INFO - DAG(s) dict_keys(['example_branch_dop_operator_v3']) retrieved from /home/airflow/.local/lib/python3.7/site-packages/airflow/example_dags/example_branch_python_dop_operator_3.py
[2022-11-22T00:51:21.637+0000] {logging_mixin.py:137} INFO - [2022-11-22T00:51:21.637+0000] {dag.py:2585} INFO - Sync 1 DAGs
[2022-11-22T00:51:21.673+0000] {logging_mixin.py:137} INFO - [2022-11-22T00:51:21.673+0000] {dag.py:3340} INFO - Setting next_dagrun for example_branch_dop_operator_v3 to 2022-11-22T00:50:00+00:00, run_after=2022-11-22T00:51:00+00:00
[2022-11-22T00:51:21.699+0000] {processor.py:176} INFO - Processing /home/airflow/.local/lib/python3.7/site-packages/airflow/example_dags/example_branch_python_dop_operator_3.py took 0.134 seconds
[2022-11-22T00:51:52.075+0000] {processor.py:154} INFO - Started process (PID=934) to work on /home/airflow/.local/lib/python3.7/site-packages/airflow/example_dags/example_branch_python_dop_operator_3.py
[2022-11-22T00:51:52.076+0000] {processor.py:756} INFO - Processing file /home/airflow/.local/lib/python3.7/site-packages/airflow/example_dags/example_branch_python_dop_operator_3.py for tasks to queue
[2022-11-22T00:51:52.077+0000] {logging_mixin.py:137} INFO - [2022-11-22T00:51:52.076+0000] {dagbag.py:537} INFO - Filling up the DagBag from /home/airflow/.local/lib/python3.7/site-packages/airflow/example_dags/example_branch_python_dop_operator_3.py
[2022-11-22T00:51:52.105+0000] {processor.py:766} INFO - DAG(s) dict_keys(['example_branch_dop_operator_v3']) retrieved from /home/airflow/.local/lib/python3.7/site-packages/airflow/example_dags/example_branch_python_dop_operator_3.py
[2022-11-22T00:51:52.156+0000] {logging_mixin.py:137} INFO - [2022-11-22T00:51:52.156+0000] {dag.py:2585} INFO - Sync 1 DAGs
[2022-11-22T00:51:52.204+0000] {logging_mixin.py:137} INFO - [2022-11-22T00:51:52.204+0000] {dag.py:3340} INFO - Setting next_dagrun for example_branch_dop_operator_v3 to 2022-11-22T00:50:00+00:00, run_after=2022-11-22T00:51:00+00:00
[2022-11-22T00:51:52.235+0000] {processor.py:176} INFO - Processing /home/airflow/.local/lib/python3.7/site-packages/airflow/example_dags/example_branch_python_dop_operator_3.py took 0.163 seconds
[2022-11-22T00:52:22.528+0000] {processor.py:154} INFO - Started process (PID=1134) to work on /home/airflow/.local/lib/python3.7/site-packages/airflow/example_dags/example_branch_python_dop_operator_3.py
[2022-11-22T00:52:22.529+0000] {processor.py:756} INFO - Processing file /home/airflow/.local/lib/python3.7/site-packages/airflow/example_dags/example_branch_python_dop_operator_3.py for tasks to queue
[2022-11-22T00:52:22.529+0000] {logging_mixin.py:137} INFO - [2022-11-22T00:52:22.529+0000] {dagbag.py:537} INFO - Filling up the DagBag from /home/airflow/.local/lib/python3.7/site-packages/airflow/example_dags/example_branch_python_dop_operator_3.py
[2022-11-22T00:52:22.555+0000] {processor.py:766} INFO - DAG(s) dict_keys(['example_branch_dop_operator_v3']) retrieved from /home/airflow/.local/lib/python3.7/site-packages/airflow/example_dags/example_branch_python_dop_operator_3.py
[2022-11-22T00:52:22.596+0000] {logging_mixin.py:137} INFO - [2022-11-22T00:52:22.596+0000] {dag.py:2585} INFO - Sync 1 DAGs
[2022-11-22T00:52:22.633+0000] {logging_mixin.py:137} INFO - [2022-11-22T00:52:22.633+0000] {dag.py:3340} INFO - Setting next_dagrun for example_branch_dop_operator_v3 to 2022-11-22T00:51:00+00:00, run_after=2022-11-22T00:52:00+00:00
[2022-11-22T00:52:22.655+0000] {processor.py:176} INFO - Processing /home/airflow/.local/lib/python3.7/site-packages/airflow/example_dags/example_branch_python_dop_operator_3.py took 0.130 seconds
[2022-11-22T00:52:52.805+0000] {processor.py:154} INFO - Started process (PID=1341) to work on /home/airflow/.local/lib/python3.7/site-packages/airflow/example_dags/example_branch_python_dop_operator_3.py
[2022-11-22T00:52:52.806+0000] {processor.py:756} INFO - Processing file /home/airflow/.local/lib/python3.7/site-packages/airflow/example_dags/example_branch_python_dop_operator_3.py for tasks to queue
[2022-11-22T00:52:52.806+0000] {logging_mixin.py:137} INFO - [2022-11-22T00:52:52.806+0000] {dagbag.py:537} INFO - Filling up the DagBag from /home/airflow/.local/lib/python3.7/site-packages/airflow/example_dags/example_branch_python_dop_operator_3.py
[2022-11-22T00:52:52.833+0000] {processor.py:766} INFO - DAG(s) dict_keys(['example_branch_dop_operator_v3']) retrieved from /home/airflow/.local/lib/python3.7/site-packages/airflow/example_dags/example_branch_python_dop_operator_3.py
[2022-11-22T00:52:52.875+0000] {logging_mixin.py:137} INFO - [2022-11-22T00:52:52.875+0000] {dag.py:2585} INFO - Sync 1 DAGs
[2022-11-22T00:52:52.915+0000] {logging_mixin.py:137} INFO - [2022-11-22T00:52:52.915+0000] {dag.py:3340} INFO - Setting next_dagrun for example_branch_dop_operator_v3 to 2022-11-22T00:51:00+00:00, run_after=2022-11-22T00:52:00+00:00
[2022-11-22T00:52:52.940+0000] {processor.py:176} INFO - Processing /home/airflow/.local/lib/python3.7/site-packages/airflow/example_dags/example_branch_python_dop_operator_3.py took 0.138 seconds
[2022-11-22T00:53:23.397+0000] {processor.py:154} INFO - Started process (PID=1540) to work on /home/airflow/.local/lib/python3.7/site-packages/airflow/example_dags/example_branch_python_dop_operator_3.py
[2022-11-22T00:53:23.398+0000] {processor.py:756} INFO - Processing file /home/airflow/.local/lib/python3.7/site-packages/airflow/example_dags/example_branch_python_dop_operator_3.py for tasks to queue
[2022-11-22T00:53:23.398+0000] {logging_mixin.py:137} INFO - [2022-11-22T00:53:23.398+0000] {dagbag.py:537} INFO - Filling up the DagBag from /home/airflow/.local/lib/python3.7/site-packages/airflow/example_dags/example_branch_python_dop_operator_3.py
[2022-11-22T00:53:23.426+0000] {processor.py:766} INFO - DAG(s) dict_keys(['example_branch_dop_operator_v3']) retrieved from /home/airflow/.local/lib/python3.7/site-packages/airflow/example_dags/example_branch_python_dop_operator_3.py
[2022-11-22T00:53:23.491+0000] {logging_mixin.py:137} INFO - [2022-11-22T00:53:23.491+0000] {dag.py:2585} INFO - Sync 1 DAGs
[2022-11-22T00:53:23.535+0000] {logging_mixin.py:137} INFO - [2022-11-22T00:53:23.535+0000] {dag.py:3340} INFO - Setting next_dagrun for example_branch_dop_operator_v3 to 2022-11-22T00:52:00+00:00, run_after=2022-11-22T00:53:00+00:00
[2022-11-22T00:53:23.561+0000] {processor.py:176} INFO - Processing /home/airflow/.local/lib/python3.7/site-packages/airflow/example_dags/example_branch_python_dop_operator_3.py took 0.167 seconds
[2022-11-22T00:53:54.360+0000] {processor.py:154} INFO - Started process (PID=1748) to work on /home/airflow/.local/lib/python3.7/site-packages/airflow/example_dags/example_branch_python_dop_operator_3.py
[2022-11-22T00:53:54.361+0000] {processor.py:756} INFO - Processing file /home/airflow/.local/lib/python3.7/site-packages/airflow/example_dags/example_branch_python_dop_operator_3.py for tasks to queue
[2022-11-22T00:53:54.362+0000] {logging_mixin.py:137} INFO - [2022-11-22T00:53:54.361+0000] {dagbag.py:537} INFO - Filling up the DagBag from /home/airflow/.local/lib/python3.7/site-packages/airflow/example_dags/example_branch_python_dop_operator_3.py
[2022-11-22T00:53:54.388+0000] {processor.py:766} INFO - DAG(s) dict_keys(['example_branch_dop_operator_v3']) retrieved from /home/airflow/.local/lib/python3.7/site-packages/airflow/example_dags/example_branch_python_dop_operator_3.py
[2022-11-22T00:53:54.433+0000] {logging_mixin.py:137} INFO - [2022-11-22T00:53:54.433+0000] {dag.py:2585} INFO - Sync 1 DAGs
[2022-11-22T00:53:54.474+0000] {logging_mixin.py:137} INFO - [2022-11-22T00:53:54.474+0000] {dag.py:3340} INFO - Setting next_dagrun for example_branch_dop_operator_v3 to 2022-11-22T00:52:00+00:00, run_after=2022-11-22T00:53:00+00:00
[2022-11-22T00:53:54.497+0000] {processor.py:176} INFO - Processing /home/airflow/.local/lib/python3.7/site-packages/airflow/example_dags/example_branch_python_dop_operator_3.py took 0.140 seconds
[2022-11-22T00:54:24.679+0000] {processor.py:154} INFO - Started process (PID=1954) to work on /home/airflow/.local/lib/python3.7/site-packages/airflow/example_dags/example_branch_python_dop_operator_3.py
[2022-11-22T00:54:24.680+0000] {processor.py:756} INFO - Processing file /home/airflow/.local/lib/python3.7/site-packages/airflow/example_dags/example_branch_python_dop_operator_3.py for tasks to queue
[2022-11-22T00:54:24.680+0000] {logging_mixin.py:137} INFO - [2022-11-22T00:54:24.680+0000] {dagbag.py:537} INFO - Filling up the DagBag from /home/airflow/.local/lib/python3.7/site-packages/airflow/example_dags/example_branch_python_dop_operator_3.py
[2022-11-22T00:54:24.704+0000] {processor.py:766} INFO - DAG(s) dict_keys(['example_branch_dop_operator_v3']) retrieved from /home/airflow/.local/lib/python3.7/site-packages/airflow/example_dags/example_branch_python_dop_operator_3.py
[2022-11-22T00:54:24.744+0000] {logging_mixin.py:137} INFO - [2022-11-22T00:54:24.744+0000] {dag.py:2585} INFO - Sync 1 DAGs
[2022-11-22T00:54:24.778+0000] {logging_mixin.py:137} INFO - [2022-11-22T00:54:24.778+0000] {dag.py:3340} INFO - Setting next_dagrun for example_branch_dop_operator_v3 to 2022-11-22T00:53:00+00:00, run_after=2022-11-22T00:54:00+00:00
[2022-11-22T00:54:24.800+0000] {processor.py:176} INFO - Processing /home/airflow/.local/lib/python3.7/site-packages/airflow/example_dags/example_branch_python_dop_operator_3.py took 0.124 seconds
[2022-11-22T00:54:56.053+0000] {processor.py:154} INFO - Started process (PID=2157) to work on /home/airflow/.local/lib/python3.7/site-packages/airflow/example_dags/example_branch_python_dop_operator_3.py
[2022-11-22T00:54:56.054+0000] {processor.py:756} INFO - Processing file /home/airflow/.local/lib/python3.7/site-packages/airflow/example_dags/example_branch_python_dop_operator_3.py for tasks to queue
[2022-11-22T00:54:56.055+0000] {logging_mixin.py:137} INFO - [2022-11-22T00:54:56.055+0000] {dagbag.py:537} INFO - Filling up the DagBag from /home/airflow/.local/lib/python3.7/site-packages/airflow/example_dags/example_branch_python_dop_operator_3.py
[2022-11-22T00:54:56.086+0000] {processor.py:766} INFO - DAG(s) dict_keys(['example_branch_dop_operator_v3']) retrieved from /home/airflow/.local/lib/python3.7/site-packages/airflow/example_dags/example_branch_python_dop_operator_3.py
[2022-11-22T00:54:56.134+0000] {logging_mixin.py:137} INFO - [2022-11-22T00:54:56.134+0000] {dag.py:2585} INFO - Sync 1 DAGs
[2022-11-22T00:54:56.180+0000] {logging_mixin.py:137} INFO - [2022-11-22T00:54:56.179+0000] {dag.py:3340} INFO - Setting next_dagrun for example_branch_dop_operator_v3 to 2022-11-22T00:53:00+00:00, run_after=2022-11-22T00:54:00+00:00
[2022-11-22T00:54:56.208+0000] {processor.py:176} INFO - Processing /home/airflow/.local/lib/python3.7/site-packages/airflow/example_dags/example_branch_python_dop_operator_3.py took 0.158 seconds
[2022-11-22T00:55:26.408+0000] {processor.py:154} INFO - Started process (PID=2356) to work on /home/airflow/.local/lib/python3.7/site-packages/airflow/example_dags/example_branch_python_dop_operator_3.py
[2022-11-22T00:55:26.408+0000] {processor.py:756} INFO - Processing file /home/airflow/.local/lib/python3.7/site-packages/airflow/example_dags/example_branch_python_dop_operator_3.py for tasks to queue
[2022-11-22T00:55:26.409+0000] {logging_mixin.py:137} INFO - [2022-11-22T00:55:26.409+0000] {dagbag.py:537} INFO - Filling up the DagBag from /home/airflow/.local/lib/python3.7/site-packages/airflow/example_dags/example_branch_python_dop_operator_3.py
[2022-11-22T00:55:26.433+0000] {processor.py:766} INFO - DAG(s) dict_keys(['example_branch_dop_operator_v3']) retrieved from /home/airflow/.local/lib/python3.7/site-packages/airflow/example_dags/example_branch_python_dop_operator_3.py
[2022-11-22T00:55:26.473+0000] {logging_mixin.py:137} INFO - [2022-11-22T00:55:26.473+0000] {dag.py:2585} INFO - Sync 1 DAGs
[2022-11-22T00:55:26.514+0000] {logging_mixin.py:137} INFO - [2022-11-22T00:55:26.514+0000] {dag.py:3340} INFO - Setting next_dagrun for example_branch_dop_operator_v3 to 2022-11-22T00:54:00+00:00, run_after=2022-11-22T00:55:00+00:00
[2022-11-22T00:55:26.536+0000] {processor.py:176} INFO - Processing /home/airflow/.local/lib/python3.7/site-packages/airflow/example_dags/example_branch_python_dop_operator_3.py took 0.131 seconds
[2022-11-22T00:55:57.441+0000] {processor.py:154} INFO - Started process (PID=2562) to work on /home/airflow/.local/lib/python3.7/site-packages/airflow/example_dags/example_branch_python_dop_operator_3.py
[2022-11-22T00:55:57.442+0000] {processor.py:756} INFO - Processing file /home/airflow/.local/lib/python3.7/site-packages/airflow/example_dags/example_branch_python_dop_operator_3.py for tasks to queue
[2022-11-22T00:55:57.442+0000] {logging_mixin.py:137} INFO - [2022-11-22T00:55:57.442+0000] {dagbag.py:537} INFO - Filling up the DagBag from /home/airflow/.local/lib/python3.7/site-packages/airflow/example_dags/example_branch_python_dop_operator_3.py
[2022-11-22T00:55:57.466+0000] {processor.py:766} INFO - DAG(s) dict_keys(['example_branch_dop_operator_v3']) retrieved from /home/airflow/.local/lib/python3.7/site-packages/airflow/example_dags/example_branch_python_dop_operator_3.py
[2022-11-22T00:55:57.505+0000] {logging_mixin.py:137} INFO - [2022-11-22T00:55:57.504+0000] {dag.py:2585} INFO - Sync 1 DAGs
[2022-11-22T00:55:57.539+0000] {logging_mixin.py:137} INFO - [2022-11-22T00:55:57.539+0000] {dag.py:3340} INFO - Setting next_dagrun for example_branch_dop_operator_v3 to 2022-11-22T00:54:00+00:00, run_after=2022-11-22T00:55:00+00:00
[2022-11-22T00:55:57.560+0000] {processor.py:176} INFO - Processing /home/airflow/.local/lib/python3.7/site-packages/airflow/example_dags/example_branch_python_dop_operator_3.py took 0.122 seconds
[2022-11-22T00:56:28.951+0000] {processor.py:154} INFO - Started process (PID=2769) to work on /home/airflow/.local/lib/python3.7/site-packages/airflow/example_dags/example_branch_python_dop_operator_3.py
[2022-11-22T00:56:28.952+0000] {processor.py:756} INFO - Processing file /home/airflow/.local/lib/python3.7/site-packages/airflow/example_dags/example_branch_python_dop_operator_3.py for tasks to queue
[2022-11-22T00:56:28.953+0000] {logging_mixin.py:137} INFO - [2022-11-22T00:56:28.953+0000] {dagbag.py:537} INFO - Filling up the DagBag from /home/airflow/.local/lib/python3.7/site-packages/airflow/example_dags/example_branch_python_dop_operator_3.py
[2022-11-22T00:56:28.978+0000] {processor.py:766} INFO - DAG(s) dict_keys(['example_branch_dop_operator_v3']) retrieved from /home/airflow/.local/lib/python3.7/site-packages/airflow/example_dags/example_branch_python_dop_operator_3.py
[2022-11-22T00:56:29.023+0000] {logging_mixin.py:137} INFO - [2022-11-22T00:56:29.023+0000] {dag.py:2585} INFO - Sync 1 DAGs
[2022-11-22T00:56:29.062+0000] {logging_mixin.py:137} INFO - [2022-11-22T00:56:29.061+0000] {dag.py:3340} INFO - Setting next_dagrun for example_branch_dop_operator_v3 to 2022-11-22T00:55:00+00:00, run_after=2022-11-22T00:56:00+00:00
[2022-11-22T00:56:29.088+0000] {processor.py:176} INFO - Processing /home/airflow/.local/lib/python3.7/site-packages/airflow/example_dags/example_branch_python_dop_operator_3.py took 0.139 seconds
[2022-11-22T00:56:59.201+0000] {processor.py:154} INFO - Started process (PID=2969) to work on /home/airflow/.local/lib/python3.7/site-packages/airflow/example_dags/example_branch_python_dop_operator_3.py
[2022-11-22T00:56:59.201+0000] {processor.py:756} INFO - Processing file /home/airflow/.local/lib/python3.7/site-packages/airflow/example_dags/example_branch_python_dop_operator_3.py for tasks to queue
[2022-11-22T00:56:59.202+0000] {logging_mixin.py:137} INFO - [2022-11-22T00:56:59.202+0000] {dagbag.py:537} INFO - Filling up the DagBag from /home/airflow/.local/lib/python3.7/site-packages/airflow/example_dags/example_branch_python_dop_operator_3.py
[2022-11-22T00:56:59.228+0000] {processor.py:766} INFO - DAG(s) dict_keys(['example_branch_dop_operator_v3']) retrieved from /home/airflow/.local/lib/python3.7/site-packages/airflow/example_dags/example_branch_python_dop_operator_3.py
[2022-11-22T00:56:59.274+0000] {logging_mixin.py:137} INFO - [2022-11-22T00:56:59.274+0000] {dag.py:2585} INFO - Sync 1 DAGs
[2022-11-22T00:56:59.318+0000] {logging_mixin.py:137} INFO - [2022-11-22T00:56:59.318+0000] {dag.py:3340} INFO - Setting next_dagrun for example_branch_dop_operator_v3 to 2022-11-22T00:55:00+00:00, run_after=2022-11-22T00:56:00+00:00
[2022-11-22T00:56:59.341+0000] {processor.py:176} INFO - Processing /home/airflow/.local/lib/python3.7/site-packages/airflow/example_dags/example_branch_python_dop_operator_3.py took 0.144 seconds
[2022-11-22T00:57:30.033+0000] {processor.py:154} INFO - Started process (PID=3175) to work on /home/airflow/.local/lib/python3.7/site-packages/airflow/example_dags/example_branch_python_dop_operator_3.py
[2022-11-22T00:57:30.034+0000] {processor.py:756} INFO - Processing file /home/airflow/.local/lib/python3.7/site-packages/airflow/example_dags/example_branch_python_dop_operator_3.py for tasks to queue
[2022-11-22T00:57:30.034+0000] {logging_mixin.py:137} INFO - [2022-11-22T00:57:30.034+0000] {dagbag.py:537} INFO - Filling up the DagBag from /home/airflow/.local/lib/python3.7/site-packages/airflow/example_dags/example_branch_python_dop_operator_3.py
[2022-11-22T00:57:30.060+0000] {processor.py:766} INFO - DAG(s) dict_keys(['example_branch_dop_operator_v3']) retrieved from /home/airflow/.local/lib/python3.7/site-packages/airflow/example_dags/example_branch_python_dop_operator_3.py
[2022-11-22T00:57:30.100+0000] {logging_mixin.py:137} INFO - [2022-11-22T00:57:30.100+0000] {dag.py:2585} INFO - Sync 1 DAGs
[2022-11-22T00:57:30.139+0000] {logging_mixin.py:137} INFO - [2022-11-22T00:57:30.139+0000] {dag.py:3340} INFO - Setting next_dagrun for example_branch_dop_operator_v3 to 2022-11-22T00:56:00+00:00, run_after=2022-11-22T00:57:00+00:00
[2022-11-22T00:57:30.163+0000] {processor.py:176} INFO - Processing /home/airflow/.local/lib/python3.7/site-packages/airflow/example_dags/example_branch_python_dop_operator_3.py took 0.133 seconds
[2022-11-22T00:58:01.182+0000] {processor.py:154} INFO - Started process (PID=3382) to work on /home/airflow/.local/lib/python3.7/site-packages/airflow/example_dags/example_branch_python_dop_operator_3.py
[2022-11-22T00:58:01.183+0000] {processor.py:756} INFO - Processing file /home/airflow/.local/lib/python3.7/site-packages/airflow/example_dags/example_branch_python_dop_operator_3.py for tasks to queue
[2022-11-22T00:58:01.184+0000] {logging_mixin.py:137} INFO - [2022-11-22T00:58:01.184+0000] {dagbag.py:537} INFO - Filling up the DagBag from /home/airflow/.local/lib/python3.7/site-packages/airflow/example_dags/example_branch_python_dop_operator_3.py
[2022-11-22T00:58:01.211+0000] {processor.py:766} INFO - DAG(s) dict_keys(['example_branch_dop_operator_v3']) retrieved from /home/airflow/.local/lib/python3.7/site-packages/airflow/example_dags/example_branch_python_dop_operator_3.py
[2022-11-22T00:58:01.262+0000] {logging_mixin.py:137} INFO - [2022-11-22T00:58:01.262+0000] {dag.py:2585} INFO - Sync 1 DAGs
[2022-11-22T00:58:01.309+0000] {logging_mixin.py:137} INFO - [2022-11-22T00:58:01.309+0000] {dag.py:3340} INFO - Setting next_dagrun for example_branch_dop_operator_v3 to 2022-11-22T00:57:00+00:00, run_after=2022-11-22T00:58:00+00:00
[2022-11-22T00:58:01.342+0000] {processor.py:176} INFO - Processing /home/airflow/.local/lib/python3.7/site-packages/airflow/example_dags/example_branch_python_dop_operator_3.py took 0.162 seconds
[2022-11-22T00:58:31.453+0000] {processor.py:154} INFO - Started process (PID=3581) to work on /home/airflow/.local/lib/python3.7/site-packages/airflow/example_dags/example_branch_python_dop_operator_3.py
[2022-11-22T00:58:31.454+0000] {processor.py:756} INFO - Processing file /home/airflow/.local/lib/python3.7/site-packages/airflow/example_dags/example_branch_python_dop_operator_3.py for tasks to queue
[2022-11-22T00:58:31.455+0000] {logging_mixin.py:137} INFO - [2022-11-22T00:58:31.455+0000] {dagbag.py:537} INFO - Filling up the DagBag from /home/airflow/.local/lib/python3.7/site-packages/airflow/example_dags/example_branch_python_dop_operator_3.py
[2022-11-22T00:58:31.477+0000] {processor.py:766} INFO - DAG(s) dict_keys(['example_branch_dop_operator_v3']) retrieved from /home/airflow/.local/lib/python3.7/site-packages/airflow/example_dags/example_branch_python_dop_operator_3.py
[2022-11-22T00:58:31.518+0000] {logging_mixin.py:137} INFO - [2022-11-22T00:58:31.518+0000] {dag.py:2585} INFO - Sync 1 DAGs
[2022-11-22T00:58:31.551+0000] {logging_mixin.py:137} INFO - [2022-11-22T00:58:31.551+0000] {dag.py:3340} INFO - Setting next_dagrun for example_branch_dop_operator_v3 to 2022-11-22T00:57:00+00:00, run_after=2022-11-22T00:58:00+00:00
[2022-11-22T00:58:31.573+0000] {processor.py:176} INFO - Processing /home/airflow/.local/lib/python3.7/site-packages/airflow/example_dags/example_branch_python_dop_operator_3.py took 0.122 seconds
[2022-11-22T00:59:02.350+0000] {processor.py:154} INFO - Started process (PID=3785) to work on /home/airflow/.local/lib/python3.7/site-packages/airflow/example_dags/example_branch_python_dop_operator_3.py
[2022-11-22T00:59:02.351+0000] {processor.py:756} INFO - Processing file /home/airflow/.local/lib/python3.7/site-packages/airflow/example_dags/example_branch_python_dop_operator_3.py for tasks to queue
[2022-11-22T00:59:02.352+0000] {logging_mixin.py:137} INFO - [2022-11-22T00:59:02.352+0000] {dagbag.py:537} INFO - Filling up the DagBag from /home/airflow/.local/lib/python3.7/site-packages/airflow/example_dags/example_branch_python_dop_operator_3.py
[2022-11-22T00:59:02.389+0000] {processor.py:766} INFO - DAG(s) dict_keys(['example_branch_dop_operator_v3']) retrieved from /home/airflow/.local/lib/python3.7/site-packages/airflow/example_dags/example_branch_python_dop_operator_3.py
[2022-11-22T00:59:02.448+0000] {logging_mixin.py:137} INFO - [2022-11-22T00:59:02.448+0000] {dag.py:2585} INFO - Sync 1 DAGs
[2022-11-22T00:59:02.502+0000] {logging_mixin.py:137} INFO - [2022-11-22T00:59:02.502+0000] {dag.py:3340} INFO - Setting next_dagrun for example_branch_dop_operator_v3 to 2022-11-22T00:58:00+00:00, run_after=2022-11-22T00:59:00+00:00
[2022-11-22T00:59:02.525+0000] {processor.py:176} INFO - Processing /home/airflow/.local/lib/python3.7/site-packages/airflow/example_dags/example_branch_python_dop_operator_3.py took 0.181 seconds
[2022-11-22T00:59:32.923+0000] {processor.py:154} INFO - Started process (PID=3984) to work on /home/airflow/.local/lib/python3.7/site-packages/airflow/example_dags/example_branch_python_dop_operator_3.py
[2022-11-22T00:59:32.924+0000] {processor.py:756} INFO - Processing file /home/airflow/.local/lib/python3.7/site-packages/airflow/example_dags/example_branch_python_dop_operator_3.py for tasks to queue
[2022-11-22T00:59:32.924+0000] {logging_mixin.py:137} INFO - [2022-11-22T00:59:32.924+0000] {dagbag.py:537} INFO - Filling up the DagBag from /home/airflow/.local/lib/python3.7/site-packages/airflow/example_dags/example_branch_python_dop_operator_3.py
[2022-11-22T00:59:32.954+0000] {processor.py:766} INFO - DAG(s) dict_keys(['example_branch_dop_operator_v3']) retrieved from /home/airflow/.local/lib/python3.7/site-packages/airflow/example_dags/example_branch_python_dop_operator_3.py
[2022-11-22T00:59:33.001+0000] {logging_mixin.py:137} INFO - [2022-11-22T00:59:33.000+0000] {dag.py:2585} INFO - Sync 1 DAGs
[2022-11-22T00:59:33.039+0000] {logging_mixin.py:137} INFO - [2022-11-22T00:59:33.039+0000] {dag.py:3340} INFO - Setting next_dagrun for example_branch_dop_operator_v3 to 2022-11-22T00:58:00+00:00, run_after=2022-11-22T00:59:00+00:00
[2022-11-22T00:59:33.068+0000] {processor.py:176} INFO - Processing /home/airflow/.local/lib/python3.7/site-packages/airflow/example_dags/example_branch_python_dop_operator_3.py took 0.148 seconds
[2022-11-22T01:00:04.138+0000] {processor.py:154} INFO - Started process (PID=4190) to work on /home/airflow/.local/lib/python3.7/site-packages/airflow/example_dags/example_branch_python_dop_operator_3.py
[2022-11-22T01:00:04.139+0000] {processor.py:756} INFO - Processing file /home/airflow/.local/lib/python3.7/site-packages/airflow/example_dags/example_branch_python_dop_operator_3.py for tasks to queue
[2022-11-22T01:00:04.139+0000] {logging_mixin.py:137} INFO - [2022-11-22T01:00:04.139+0000] {dagbag.py:537} INFO - Filling up the DagBag from /home/airflow/.local/lib/python3.7/site-packages/airflow/example_dags/example_branch_python_dop_operator_3.py
[2022-11-22T01:00:04.167+0000] {processor.py:766} INFO - DAG(s) dict_keys(['example_branch_dop_operator_v3']) retrieved from /home/airflow/.local/lib/python3.7/site-packages/airflow/example_dags/example_branch_python_dop_operator_3.py
[2022-11-22T01:00:04.210+0000] {logging_mixin.py:137} INFO - [2022-11-22T01:00:04.209+0000] {dag.py:2585} INFO - Sync 1 DAGs
[2022-11-22T01:00:04.251+0000] {logging_mixin.py:137} INFO - [2022-11-22T01:00:04.250+0000] {dag.py:3340} INFO - Setting next_dagrun for example_branch_dop_operator_v3 to 2022-11-22T00:59:00+00:00, run_after=2022-11-22T01:00:00+00:00
[2022-11-22T01:00:04.296+0000] {processor.py:176} INFO - Processing /home/airflow/.local/lib/python3.7/site-packages/airflow/example_dags/example_branch_python_dop_operator_3.py took 0.162 seconds
[2022-11-22T01:00:35.204+0000] {processor.py:154} INFO - Started process (PID=4398) to work on /home/airflow/.local/lib/python3.7/site-packages/airflow/example_dags/example_branch_python_dop_operator_3.py
[2022-11-22T01:00:35.204+0000] {processor.py:756} INFO - Processing file /home/airflow/.local/lib/python3.7/site-packages/airflow/example_dags/example_branch_python_dop_operator_3.py for tasks to queue
[2022-11-22T01:00:35.205+0000] {logging_mixin.py:137} INFO - [2022-11-22T01:00:35.205+0000] {dagbag.py:537} INFO - Filling up the DagBag from /home/airflow/.local/lib/python3.7/site-packages/airflow/example_dags/example_branch_python_dop_operator_3.py
[2022-11-22T01:00:35.229+0000] {processor.py:766} INFO - DAG(s) dict_keys(['example_branch_dop_operator_v3']) retrieved from /home/airflow/.local/lib/python3.7/site-packages/airflow/example_dags/example_branch_python_dop_operator_3.py
[2022-11-22T01:00:35.266+0000] {logging_mixin.py:137} INFO - [2022-11-22T01:00:35.266+0000] {dag.py:2585} INFO - Sync 1 DAGs
[2022-11-22T01:00:35.301+0000] {logging_mixin.py:137} INFO - [2022-11-22T01:00:35.301+0000] {dag.py:3340} INFO - Setting next_dagrun for example_branch_dop_operator_v3 to 2022-11-22T00:59:00+00:00, run_after=2022-11-22T01:00:00+00:00
[2022-11-22T01:00:35.326+0000] {processor.py:176} INFO - Processing /home/airflow/.local/lib/python3.7/site-packages/airflow/example_dags/example_branch_python_dop_operator_3.py took 0.125 seconds
[2022-11-22T01:01:05.909+0000] {processor.py:154} INFO - Started process (PID=4601) to work on /home/airflow/.local/lib/python3.7/site-packages/airflow/example_dags/example_branch_python_dop_operator_3.py
[2022-11-22T01:01:05.910+0000] {processor.py:756} INFO - Processing file /home/airflow/.local/lib/python3.7/site-packages/airflow/example_dags/example_branch_python_dop_operator_3.py for tasks to queue
[2022-11-22T01:01:05.910+0000] {logging_mixin.py:137} INFO - [2022-11-22T01:01:05.910+0000] {dagbag.py:537} INFO - Filling up the DagBag from /home/airflow/.local/lib/python3.7/site-packages/airflow/example_dags/example_branch_python_dop_operator_3.py
[2022-11-22T01:01:05.943+0000] {processor.py:766} INFO - DAG(s) dict_keys(['example_branch_dop_operator_v3']) retrieved from /home/airflow/.local/lib/python3.7/site-packages/airflow/example_dags/example_branch_python_dop_operator_3.py
[2022-11-22T01:01:05.990+0000] {logging_mixin.py:137} INFO - [2022-11-22T01:01:05.989+0000] {dag.py:2585} INFO - Sync 1 DAGs
[2022-11-22T01:01:06.052+0000] {logging_mixin.py:137} INFO - [2022-11-22T01:01:06.052+0000] {dag.py:3340} INFO - Setting next_dagrun for example_branch_dop_operator_v3 to 2022-11-22T01:00:00+00:00, run_after=2022-11-22T01:01:00+00:00
[2022-11-22T01:01:06.083+0000] {processor.py:176} INFO - Processing /home/airflow/.local/lib/python3.7/site-packages/airflow/example_dags/example_branch_python_dop_operator_3.py took 0.177 seconds
[2022-11-22T01:01:36.794+0000] {processor.py:154} INFO - Started process (PID=4802) to work on /home/airflow/.local/lib/python3.7/site-packages/airflow/example_dags/example_branch_python_dop_operator_3.py
[2022-11-22T01:01:36.795+0000] {processor.py:756} INFO - Processing file /home/airflow/.local/lib/python3.7/site-packages/airflow/example_dags/example_branch_python_dop_operator_3.py for tasks to queue
[2022-11-22T01:01:36.795+0000] {logging_mixin.py:137} INFO - [2022-11-22T01:01:36.795+0000] {dagbag.py:537} INFO - Filling up the DagBag from /home/airflow/.local/lib/python3.7/site-packages/airflow/example_dags/example_branch_python_dop_operator_3.py
[2022-11-22T01:01:36.821+0000] {processor.py:766} INFO - DAG(s) dict_keys(['example_branch_dop_operator_v3']) retrieved from /home/airflow/.local/lib/python3.7/site-packages/airflow/example_dags/example_branch_python_dop_operator_3.py
[2022-11-22T01:01:36.863+0000] {logging_mixin.py:137} INFO - [2022-11-22T01:01:36.863+0000] {dag.py:2585} INFO - Sync 1 DAGs
[2022-11-22T01:01:36.898+0000] {logging_mixin.py:137} INFO - [2022-11-22T01:01:36.898+0000] {dag.py:3340} INFO - Setting next_dagrun for example_branch_dop_operator_v3 to 2022-11-22T01:00:00+00:00, run_after=2022-11-22T01:01:00+00:00
[2022-11-22T01:01:36.919+0000] {processor.py:176} INFO - Processing /home/airflow/.local/lib/python3.7/site-packages/airflow/example_dags/example_branch_python_dop_operator_3.py took 0.128 seconds
