[2022-11-22T00:50:17.848+0000] {processor.py:154} INFO - Started process (PID=203) to work on /home/airflow/.local/lib/python3.7/site-packages/airflow/example_dags/example_short_circuit_operator.py
[2022-11-22T00:50:17.849+0000] {processor.py:756} INFO - Processing file /home/airflow/.local/lib/python3.7/site-packages/airflow/example_dags/example_short_circuit_operator.py for tasks to queue
[2022-11-22T00:50:17.849+0000] {logging_mixin.py:137} INFO - [2022-11-22T00:50:17.849+0000] {dagbag.py:537} INFO - Filling up the DagBag from /home/airflow/.local/lib/python3.7/site-packages/airflow/example_dags/example_short_circuit_operator.py
[2022-11-22T00:50:17.952+0000] {processor.py:766} INFO - DAG(s) dict_keys(['example_short_circuit_operator']) retrieved from /home/airflow/.local/lib/python3.7/site-packages/airflow/example_dags/example_short_circuit_operator.py
[2022-11-22T00:50:18.055+0000] {logging_mixin.py:137} INFO - [2022-11-22T00:50:18.055+0000] {dag.py:2585} INFO - Sync 1 DAGs
[2022-11-22T00:50:18.090+0000] {logging_mixin.py:137} INFO - [2022-11-22T00:50:18.090+0000] {dag.py:3340} INFO - Setting next_dagrun for example_short_circuit_operator to 2022-11-21T00:50:18.090082+00:00, run_after=2022-11-22T00:50:18.090082+00:00
[2022-11-22T00:50:18.146+0000] {processor.py:176} INFO - Processing /home/airflow/.local/lib/python3.7/site-packages/airflow/example_dags/example_short_circuit_operator.py took 0.301 seconds
[2022-11-22T00:50:48.264+0000] {processor.py:154} INFO - Started process (PID=401) to work on /home/airflow/.local/lib/python3.7/site-packages/airflow/example_dags/example_short_circuit_operator.py
[2022-11-22T00:50:48.265+0000] {processor.py:756} INFO - Processing file /home/airflow/.local/lib/python3.7/site-packages/airflow/example_dags/example_short_circuit_operator.py for tasks to queue
[2022-11-22T00:50:48.266+0000] {logging_mixin.py:137} INFO - [2022-11-22T00:50:48.266+0000] {dagbag.py:537} INFO - Filling up the DagBag from /home/airflow/.local/lib/python3.7/site-packages/airflow/example_dags/example_short_circuit_operator.py
[2022-11-22T00:50:48.284+0000] {processor.py:766} INFO - DAG(s) dict_keys(['example_short_circuit_operator']) retrieved from /home/airflow/.local/lib/python3.7/site-packages/airflow/example_dags/example_short_circuit_operator.py
[2022-11-22T00:50:48.328+0000] {logging_mixin.py:137} INFO - [2022-11-22T00:50:48.327+0000] {dag.py:2585} INFO - Sync 1 DAGs
[2022-11-22T00:50:48.359+0000] {logging_mixin.py:137} INFO - [2022-11-22T00:50:48.358+0000] {dag.py:3340} INFO - Setting next_dagrun for example_short_circuit_operator to 2022-11-21T00:50:48.358596+00:00, run_after=2022-11-22T00:50:48.358596+00:00
[2022-11-22T00:50:48.383+0000] {processor.py:176} INFO - Processing /home/airflow/.local/lib/python3.7/site-packages/airflow/example_dags/example_short_circuit_operator.py took 0.122 seconds
[2022-11-22T00:51:18.521+0000] {processor.py:154} INFO - Started process (PID=611) to work on /home/airflow/.local/lib/python3.7/site-packages/airflow/example_dags/example_short_circuit_operator.py
[2022-11-22T00:51:18.522+0000] {processor.py:756} INFO - Processing file /home/airflow/.local/lib/python3.7/site-packages/airflow/example_dags/example_short_circuit_operator.py for tasks to queue
[2022-11-22T00:51:18.522+0000] {logging_mixin.py:137} INFO - [2022-11-22T00:51:18.522+0000] {dagbag.py:537} INFO - Filling up the DagBag from /home/airflow/.local/lib/python3.7/site-packages/airflow/example_dags/example_short_circuit_operator.py
[2022-11-22T00:51:18.542+0000] {processor.py:766} INFO - DAG(s) dict_keys(['example_short_circuit_operator']) retrieved from /home/airflow/.local/lib/python3.7/site-packages/airflow/example_dags/example_short_circuit_operator.py
[2022-11-22T00:51:18.585+0000] {logging_mixin.py:137} INFO - [2022-11-22T00:51:18.585+0000] {dag.py:2585} INFO - Sync 1 DAGs
[2022-11-22T00:51:18.628+0000] {logging_mixin.py:137} INFO - [2022-11-22T00:51:18.628+0000] {dag.py:3340} INFO - Setting next_dagrun for example_short_circuit_operator to 2022-11-21T00:51:18.628281+00:00, run_after=2022-11-22T00:51:18.628281+00:00
[2022-11-22T00:51:18.650+0000] {processor.py:176} INFO - Processing /home/airflow/.local/lib/python3.7/site-packages/airflow/example_dags/example_short_circuit_operator.py took 0.132 seconds
[2022-11-22T00:51:48.731+0000] {processor.py:154} INFO - Started process (PID=804) to work on /home/airflow/.local/lib/python3.7/site-packages/airflow/example_dags/example_short_circuit_operator.py
[2022-11-22T00:51:48.732+0000] {processor.py:756} INFO - Processing file /home/airflow/.local/lib/python3.7/site-packages/airflow/example_dags/example_short_circuit_operator.py for tasks to queue
[2022-11-22T00:51:48.733+0000] {logging_mixin.py:137} INFO - [2022-11-22T00:51:48.732+0000] {dagbag.py:537} INFO - Filling up the DagBag from /home/airflow/.local/lib/python3.7/site-packages/airflow/example_dags/example_short_circuit_operator.py
[2022-11-22T00:51:48.749+0000] {processor.py:766} INFO - DAG(s) dict_keys(['example_short_circuit_operator']) retrieved from /home/airflow/.local/lib/python3.7/site-packages/airflow/example_dags/example_short_circuit_operator.py
[2022-11-22T00:51:48.792+0000] {logging_mixin.py:137} INFO - [2022-11-22T00:51:48.792+0000] {dag.py:2585} INFO - Sync 1 DAGs
[2022-11-22T00:51:48.821+0000] {logging_mixin.py:137} INFO - [2022-11-22T00:51:48.820+0000] {dag.py:3340} INFO - Setting next_dagrun for example_short_circuit_operator to 2022-11-21T00:51:48.820737+00:00, run_after=2022-11-22T00:51:48.820737+00:00
[2022-11-22T00:51:48.841+0000] {processor.py:176} INFO - Processing /home/airflow/.local/lib/python3.7/site-packages/airflow/example_dags/example_short_circuit_operator.py took 0.113 seconds
[2022-11-22T00:52:19.396+0000] {processor.py:154} INFO - Started process (PID=1014) to work on /home/airflow/.local/lib/python3.7/site-packages/airflow/example_dags/example_short_circuit_operator.py
[2022-11-22T00:52:19.397+0000] {processor.py:756} INFO - Processing file /home/airflow/.local/lib/python3.7/site-packages/airflow/example_dags/example_short_circuit_operator.py for tasks to queue
[2022-11-22T00:52:19.398+0000] {logging_mixin.py:137} INFO - [2022-11-22T00:52:19.398+0000] {dagbag.py:537} INFO - Filling up the DagBag from /home/airflow/.local/lib/python3.7/site-packages/airflow/example_dags/example_short_circuit_operator.py
[2022-11-22T00:52:19.417+0000] {processor.py:766} INFO - DAG(s) dict_keys(['example_short_circuit_operator']) retrieved from /home/airflow/.local/lib/python3.7/site-packages/airflow/example_dags/example_short_circuit_operator.py
[2022-11-22T00:52:19.497+0000] {logging_mixin.py:137} INFO - [2022-11-22T00:52:19.497+0000] {dag.py:2585} INFO - Sync 1 DAGs
[2022-11-22T00:52:19.532+0000] {logging_mixin.py:137} INFO - [2022-11-22T00:52:19.532+0000] {dag.py:3340} INFO - Setting next_dagrun for example_short_circuit_operator to 2022-11-21T00:52:19.532189+00:00, run_after=2022-11-22T00:52:19.532189+00:00
[2022-11-22T00:52:19.575+0000] {processor.py:176} INFO - Processing /home/airflow/.local/lib/python3.7/site-packages/airflow/example_dags/example_short_circuit_operator.py took 0.181 seconds
[2022-11-22T00:52:49.736+0000] {processor.py:154} INFO - Started process (PID=1221) to work on /home/airflow/.local/lib/python3.7/site-packages/airflow/example_dags/example_short_circuit_operator.py
[2022-11-22T00:52:49.737+0000] {processor.py:756} INFO - Processing file /home/airflow/.local/lib/python3.7/site-packages/airflow/example_dags/example_short_circuit_operator.py for tasks to queue
[2022-11-22T00:52:49.738+0000] {logging_mixin.py:137} INFO - [2022-11-22T00:52:49.737+0000] {dagbag.py:537} INFO - Filling up the DagBag from /home/airflow/.local/lib/python3.7/site-packages/airflow/example_dags/example_short_circuit_operator.py
[2022-11-22T00:52:49.754+0000] {processor.py:766} INFO - DAG(s) dict_keys(['example_short_circuit_operator']) retrieved from /home/airflow/.local/lib/python3.7/site-packages/airflow/example_dags/example_short_circuit_operator.py
[2022-11-22T00:52:49.801+0000] {logging_mixin.py:137} INFO - [2022-11-22T00:52:49.800+0000] {dag.py:2585} INFO - Sync 1 DAGs
[2022-11-22T00:52:49.836+0000] {logging_mixin.py:137} INFO - [2022-11-22T00:52:49.835+0000] {dag.py:3340} INFO - Setting next_dagrun for example_short_circuit_operator to 2022-11-21T00:52:49.835642+00:00, run_after=2022-11-22T00:52:49.835642+00:00
[2022-11-22T00:52:49.858+0000] {processor.py:176} INFO - Processing /home/airflow/.local/lib/python3.7/site-packages/airflow/example_dags/example_short_circuit_operator.py took 0.124 seconds
[2022-11-22T00:53:20.038+0000] {processor.py:154} INFO - Started process (PID=1420) to work on /home/airflow/.local/lib/python3.7/site-packages/airflow/example_dags/example_short_circuit_operator.py
[2022-11-22T00:53:20.039+0000] {processor.py:756} INFO - Processing file /home/airflow/.local/lib/python3.7/site-packages/airflow/example_dags/example_short_circuit_operator.py for tasks to queue
[2022-11-22T00:53:20.039+0000] {logging_mixin.py:137} INFO - [2022-11-22T00:53:20.039+0000] {dagbag.py:537} INFO - Filling up the DagBag from /home/airflow/.local/lib/python3.7/site-packages/airflow/example_dags/example_short_circuit_operator.py
[2022-11-22T00:53:20.057+0000] {processor.py:766} INFO - DAG(s) dict_keys(['example_short_circuit_operator']) retrieved from /home/airflow/.local/lib/python3.7/site-packages/airflow/example_dags/example_short_circuit_operator.py
[2022-11-22T00:53:20.104+0000] {logging_mixin.py:137} INFO - [2022-11-22T00:53:20.104+0000] {dag.py:2585} INFO - Sync 1 DAGs
[2022-11-22T00:53:20.141+0000] {logging_mixin.py:137} INFO - [2022-11-22T00:53:20.140+0000] {dag.py:3340} INFO - Setting next_dagrun for example_short_circuit_operator to 2022-11-21T00:53:20.140649+00:00, run_after=2022-11-22T00:53:20.140649+00:00
[2022-11-22T00:53:20.163+0000] {processor.py:176} INFO - Processing /home/airflow/.local/lib/python3.7/site-packages/airflow/example_dags/example_short_circuit_operator.py took 0.128 seconds
[2022-11-22T00:53:50.343+0000] {processor.py:154} INFO - Started process (PID=1627) to work on /home/airflow/.local/lib/python3.7/site-packages/airflow/example_dags/example_short_circuit_operator.py
[2022-11-22T00:53:50.343+0000] {processor.py:756} INFO - Processing file /home/airflow/.local/lib/python3.7/site-packages/airflow/example_dags/example_short_circuit_operator.py for tasks to queue
[2022-11-22T00:53:50.344+0000] {logging_mixin.py:137} INFO - [2022-11-22T00:53:50.344+0000] {dagbag.py:537} INFO - Filling up the DagBag from /home/airflow/.local/lib/python3.7/site-packages/airflow/example_dags/example_short_circuit_operator.py
[2022-11-22T00:53:50.363+0000] {processor.py:766} INFO - DAG(s) dict_keys(['example_short_circuit_operator']) retrieved from /home/airflow/.local/lib/python3.7/site-packages/airflow/example_dags/example_short_circuit_operator.py
[2022-11-22T00:53:50.411+0000] {logging_mixin.py:137} INFO - [2022-11-22T00:53:50.411+0000] {dag.py:2585} INFO - Sync 1 DAGs
[2022-11-22T00:53:50.443+0000] {logging_mixin.py:137} INFO - [2022-11-22T00:53:50.443+0000] {dag.py:3340} INFO - Setting next_dagrun for example_short_circuit_operator to 2022-11-21T00:53:50.443369+00:00, run_after=2022-11-22T00:53:50.443369+00:00
[2022-11-22T00:53:50.465+0000] {processor.py:176} INFO - Processing /home/airflow/.local/lib/python3.7/site-packages/airflow/example_dags/example_short_circuit_operator.py took 0.125 seconds
[2022-11-22T00:54:20.637+0000] {processor.py:154} INFO - Started process (PID=1825) to work on /home/airflow/.local/lib/python3.7/site-packages/airflow/example_dags/example_short_circuit_operator.py
[2022-11-22T00:54:20.637+0000] {processor.py:756} INFO - Processing file /home/airflow/.local/lib/python3.7/site-packages/airflow/example_dags/example_short_circuit_operator.py for tasks to queue
[2022-11-22T00:54:20.638+0000] {logging_mixin.py:137} INFO - [2022-11-22T00:54:20.638+0000] {dagbag.py:537} INFO - Filling up the DagBag from /home/airflow/.local/lib/python3.7/site-packages/airflow/example_dags/example_short_circuit_operator.py
[2022-11-22T00:54:20.660+0000] {processor.py:766} INFO - DAG(s) dict_keys(['example_short_circuit_operator']) retrieved from /home/airflow/.local/lib/python3.7/site-packages/airflow/example_dags/example_short_circuit_operator.py
[2022-11-22T00:54:20.713+0000] {logging_mixin.py:137} INFO - [2022-11-22T00:54:20.713+0000] {dag.py:2585} INFO - Sync 1 DAGs
[2022-11-22T00:54:20.754+0000] {logging_mixin.py:137} INFO - [2022-11-22T00:54:20.754+0000] {dag.py:3340} INFO - Setting next_dagrun for example_short_circuit_operator to 2022-11-21T00:54:20.754208+00:00, run_after=2022-11-22T00:54:20.754208+00:00
[2022-11-22T00:54:20.779+0000] {processor.py:176} INFO - Processing /home/airflow/.local/lib/python3.7/site-packages/airflow/example_dags/example_short_circuit_operator.py took 0.147 seconds
[2022-11-22T00:54:50.916+0000] {processor.py:154} INFO - Started process (PID=2030) to work on /home/airflow/.local/lib/python3.7/site-packages/airflow/example_dags/example_short_circuit_operator.py
[2022-11-22T00:54:50.917+0000] {processor.py:756} INFO - Processing file /home/airflow/.local/lib/python3.7/site-packages/airflow/example_dags/example_short_circuit_operator.py for tasks to queue
[2022-11-22T00:54:50.918+0000] {logging_mixin.py:137} INFO - [2022-11-22T00:54:50.917+0000] {dagbag.py:537} INFO - Filling up the DagBag from /home/airflow/.local/lib/python3.7/site-packages/airflow/example_dags/example_short_circuit_operator.py
[2022-11-22T00:54:50.936+0000] {processor.py:766} INFO - DAG(s) dict_keys(['example_short_circuit_operator']) retrieved from /home/airflow/.local/lib/python3.7/site-packages/airflow/example_dags/example_short_circuit_operator.py
[2022-11-22T00:54:50.983+0000] {logging_mixin.py:137} INFO - [2022-11-22T00:54:50.983+0000] {dag.py:2585} INFO - Sync 1 DAGs
[2022-11-22T00:54:51.014+0000] {logging_mixin.py:137} INFO - [2022-11-22T00:54:51.014+0000] {dag.py:3340} INFO - Setting next_dagrun for example_short_circuit_operator to 2022-11-21T00:54:51.013769+00:00, run_after=2022-11-22T00:54:51.013769+00:00
[2022-11-22T00:54:51.039+0000] {processor.py:176} INFO - Processing /home/airflow/.local/lib/python3.7/site-packages/airflow/example_dags/example_short_circuit_operator.py took 0.127 seconds
[2022-11-22T00:55:21.140+0000] {processor.py:154} INFO - Started process (PID=2236) to work on /home/airflow/.local/lib/python3.7/site-packages/airflow/example_dags/example_short_circuit_operator.py
[2022-11-22T00:55:21.141+0000] {processor.py:756} INFO - Processing file /home/airflow/.local/lib/python3.7/site-packages/airflow/example_dags/example_short_circuit_operator.py for tasks to queue
[2022-11-22T00:55:21.141+0000] {logging_mixin.py:137} INFO - [2022-11-22T00:55:21.141+0000] {dagbag.py:537} INFO - Filling up the DagBag from /home/airflow/.local/lib/python3.7/site-packages/airflow/example_dags/example_short_circuit_operator.py
[2022-11-22T00:55:21.158+0000] {processor.py:766} INFO - DAG(s) dict_keys(['example_short_circuit_operator']) retrieved from /home/airflow/.local/lib/python3.7/site-packages/airflow/example_dags/example_short_circuit_operator.py
[2022-11-22T00:55:21.200+0000] {logging_mixin.py:137} INFO - [2022-11-22T00:55:21.199+0000] {dag.py:2585} INFO - Sync 1 DAGs
[2022-11-22T00:55:21.231+0000] {logging_mixin.py:137} INFO - [2022-11-22T00:55:21.230+0000] {dag.py:3340} INFO - Setting next_dagrun for example_short_circuit_operator to 2022-11-21T00:55:21.230650+00:00, run_after=2022-11-22T00:55:21.230650+00:00
[2022-11-22T00:55:21.250+0000] {processor.py:176} INFO - Processing /home/airflow/.local/lib/python3.7/site-packages/airflow/example_dags/example_short_circuit_operator.py took 0.113 seconds
[2022-11-22T00:55:51.415+0000] {processor.py:154} INFO - Started process (PID=2433) to work on /home/airflow/.local/lib/python3.7/site-packages/airflow/example_dags/example_short_circuit_operator.py
[2022-11-22T00:55:51.416+0000] {processor.py:756} INFO - Processing file /home/airflow/.local/lib/python3.7/site-packages/airflow/example_dags/example_short_circuit_operator.py for tasks to queue
[2022-11-22T00:55:51.416+0000] {logging_mixin.py:137} INFO - [2022-11-22T00:55:51.416+0000] {dagbag.py:537} INFO - Filling up the DagBag from /home/airflow/.local/lib/python3.7/site-packages/airflow/example_dags/example_short_circuit_operator.py
[2022-11-22T00:55:51.433+0000] {processor.py:766} INFO - DAG(s) dict_keys(['example_short_circuit_operator']) retrieved from /home/airflow/.local/lib/python3.7/site-packages/airflow/example_dags/example_short_circuit_operator.py
[2022-11-22T00:55:51.475+0000] {logging_mixin.py:137} INFO - [2022-11-22T00:55:51.475+0000] {dag.py:2585} INFO - Sync 1 DAGs
[2022-11-22T00:55:51.504+0000] {logging_mixin.py:137} INFO - [2022-11-22T00:55:51.504+0000] {dag.py:3340} INFO - Setting next_dagrun for example_short_circuit_operator to 2022-11-21T00:55:51.504553+00:00, run_after=2022-11-22T00:55:51.504553+00:00
[2022-11-22T00:55:51.526+0000] {processor.py:176} INFO - Processing /home/airflow/.local/lib/python3.7/site-packages/airflow/example_dags/example_short_circuit_operator.py took 0.114 seconds
[2022-11-22T00:56:21.701+0000] {processor.py:154} INFO - Started process (PID=2640) to work on /home/airflow/.local/lib/python3.7/site-packages/airflow/example_dags/example_short_circuit_operator.py
[2022-11-22T00:56:21.702+0000] {processor.py:756} INFO - Processing file /home/airflow/.local/lib/python3.7/site-packages/airflow/example_dags/example_short_circuit_operator.py for tasks to queue
[2022-11-22T00:56:21.702+0000] {logging_mixin.py:137} INFO - [2022-11-22T00:56:21.702+0000] {dagbag.py:537} INFO - Filling up the DagBag from /home/airflow/.local/lib/python3.7/site-packages/airflow/example_dags/example_short_circuit_operator.py
[2022-11-22T00:56:21.720+0000] {processor.py:766} INFO - DAG(s) dict_keys(['example_short_circuit_operator']) retrieved from /home/airflow/.local/lib/python3.7/site-packages/airflow/example_dags/example_short_circuit_operator.py
[2022-11-22T00:56:21.766+0000] {logging_mixin.py:137} INFO - [2022-11-22T00:56:21.766+0000] {dag.py:2585} INFO - Sync 1 DAGs
[2022-11-22T00:56:21.796+0000] {logging_mixin.py:137} INFO - [2022-11-22T00:56:21.796+0000] {dag.py:3340} INFO - Setting next_dagrun for example_short_circuit_operator to 2022-11-21T00:56:21.795800+00:00, run_after=2022-11-22T00:56:21.795800+00:00
[2022-11-22T00:56:21.819+0000] {processor.py:176} INFO - Processing /home/airflow/.local/lib/python3.7/site-packages/airflow/example_dags/example_short_circuit_operator.py took 0.122 seconds
[2022-11-22T00:56:52.119+0000] {processor.py:154} INFO - Started process (PID=2847) to work on /home/airflow/.local/lib/python3.7/site-packages/airflow/example_dags/example_short_circuit_operator.py
[2022-11-22T00:56:52.119+0000] {processor.py:756} INFO - Processing file /home/airflow/.local/lib/python3.7/site-packages/airflow/example_dags/example_short_circuit_operator.py for tasks to queue
[2022-11-22T00:56:52.120+0000] {logging_mixin.py:137} INFO - [2022-11-22T00:56:52.120+0000] {dagbag.py:537} INFO - Filling up the DagBag from /home/airflow/.local/lib/python3.7/site-packages/airflow/example_dags/example_short_circuit_operator.py
[2022-11-22T00:56:52.141+0000] {processor.py:766} INFO - DAG(s) dict_keys(['example_short_circuit_operator']) retrieved from /home/airflow/.local/lib/python3.7/site-packages/airflow/example_dags/example_short_circuit_operator.py
[2022-11-22T00:56:52.189+0000] {logging_mixin.py:137} INFO - [2022-11-22T00:56:52.189+0000] {dag.py:2585} INFO - Sync 1 DAGs
[2022-11-22T00:56:52.220+0000] {logging_mixin.py:137} INFO - [2022-11-22T00:56:52.220+0000] {dag.py:3340} INFO - Setting next_dagrun for example_short_circuit_operator to 2022-11-21T00:56:52.220495+00:00, run_after=2022-11-22T00:56:52.220495+00:00
[2022-11-22T00:56:52.243+0000] {processor.py:176} INFO - Processing /home/airflow/.local/lib/python3.7/site-packages/airflow/example_dags/example_short_circuit_operator.py took 0.127 seconds
[2022-11-22T00:57:23.060+0000] {processor.py:154} INFO - Started process (PID=3045) to work on /home/airflow/.local/lib/python3.7/site-packages/airflow/example_dags/example_short_circuit_operator.py
[2022-11-22T00:57:23.061+0000] {processor.py:756} INFO - Processing file /home/airflow/.local/lib/python3.7/site-packages/airflow/example_dags/example_short_circuit_operator.py for tasks to queue
[2022-11-22T00:57:23.062+0000] {logging_mixin.py:137} INFO - [2022-11-22T00:57:23.062+0000] {dagbag.py:537} INFO - Filling up the DagBag from /home/airflow/.local/lib/python3.7/site-packages/airflow/example_dags/example_short_circuit_operator.py
[2022-11-22T00:57:23.080+0000] {processor.py:766} INFO - DAG(s) dict_keys(['example_short_circuit_operator']) retrieved from /home/airflow/.local/lib/python3.7/site-packages/airflow/example_dags/example_short_circuit_operator.py
[2022-11-22T00:57:23.124+0000] {logging_mixin.py:137} INFO - [2022-11-22T00:57:23.124+0000] {dag.py:2585} INFO - Sync 1 DAGs
[2022-11-22T00:57:23.156+0000] {logging_mixin.py:137} INFO - [2022-11-22T00:57:23.156+0000] {dag.py:3340} INFO - Setting next_dagrun for example_short_circuit_operator to 2022-11-21T00:57:23.155798+00:00, run_after=2022-11-22T00:57:23.155798+00:00
[2022-11-22T00:57:23.178+0000] {processor.py:176} INFO - Processing /home/airflow/.local/lib/python3.7/site-packages/airflow/example_dags/example_short_circuit_operator.py took 0.121 seconds
[2022-11-22T00:57:53.856+0000] {processor.py:154} INFO - Started process (PID=3253) to work on /home/airflow/.local/lib/python3.7/site-packages/airflow/example_dags/example_short_circuit_operator.py
[2022-11-22T00:57:53.857+0000] {processor.py:756} INFO - Processing file /home/airflow/.local/lib/python3.7/site-packages/airflow/example_dags/example_short_circuit_operator.py for tasks to queue
[2022-11-22T00:57:53.858+0000] {logging_mixin.py:137} INFO - [2022-11-22T00:57:53.857+0000] {dagbag.py:537} INFO - Filling up the DagBag from /home/airflow/.local/lib/python3.7/site-packages/airflow/example_dags/example_short_circuit_operator.py
[2022-11-22T00:57:53.875+0000] {processor.py:766} INFO - DAG(s) dict_keys(['example_short_circuit_operator']) retrieved from /home/airflow/.local/lib/python3.7/site-packages/airflow/example_dags/example_short_circuit_operator.py
[2022-11-22T00:57:53.922+0000] {logging_mixin.py:137} INFO - [2022-11-22T00:57:53.922+0000] {dag.py:2585} INFO - Sync 1 DAGs
[2022-11-22T00:57:53.953+0000] {logging_mixin.py:137} INFO - [2022-11-22T00:57:53.953+0000] {dag.py:3340} INFO - Setting next_dagrun for example_short_circuit_operator to 2022-11-21T00:57:53.953317+00:00, run_after=2022-11-22T00:57:53.953317+00:00
[2022-11-22T00:57:53.976+0000] {processor.py:176} INFO - Processing /home/airflow/.local/lib/python3.7/site-packages/airflow/example_dags/example_short_circuit_operator.py took 0.122 seconds
[2022-11-22T00:58:24.238+0000] {processor.py:154} INFO - Started process (PID=3459) to work on /home/airflow/.local/lib/python3.7/site-packages/airflow/example_dags/example_short_circuit_operator.py
[2022-11-22T00:58:24.239+0000] {processor.py:756} INFO - Processing file /home/airflow/.local/lib/python3.7/site-packages/airflow/example_dags/example_short_circuit_operator.py for tasks to queue
[2022-11-22T00:58:24.243+0000] {logging_mixin.py:137} INFO - [2022-11-22T00:58:24.242+0000] {dagbag.py:537} INFO - Filling up the DagBag from /home/airflow/.local/lib/python3.7/site-packages/airflow/example_dags/example_short_circuit_operator.py
[2022-11-22T00:58:24.265+0000] {processor.py:766} INFO - DAG(s) dict_keys(['example_short_circuit_operator']) retrieved from /home/airflow/.local/lib/python3.7/site-packages/airflow/example_dags/example_short_circuit_operator.py
[2022-11-22T00:58:24.322+0000] {logging_mixin.py:137} INFO - [2022-11-22T00:58:24.322+0000] {dag.py:2585} INFO - Sync 1 DAGs
[2022-11-22T00:58:24.351+0000] {logging_mixin.py:137} INFO - [2022-11-22T00:58:24.350+0000] {dag.py:3340} INFO - Setting next_dagrun for example_short_circuit_operator to 2022-11-21T00:58:24.350747+00:00, run_after=2022-11-22T00:58:24.350747+00:00
[2022-11-22T00:58:24.375+0000] {processor.py:176} INFO - Processing /home/airflow/.local/lib/python3.7/site-packages/airflow/example_dags/example_short_circuit_operator.py took 0.142 seconds
[2022-11-22T00:58:54.416+0000] {processor.py:154} INFO - Started process (PID=3656) to work on /home/airflow/.local/lib/python3.7/site-packages/airflow/example_dags/example_short_circuit_operator.py
[2022-11-22T00:58:54.417+0000] {processor.py:756} INFO - Processing file /home/airflow/.local/lib/python3.7/site-packages/airflow/example_dags/example_short_circuit_operator.py for tasks to queue
[2022-11-22T00:58:54.417+0000] {logging_mixin.py:137} INFO - [2022-11-22T00:58:54.417+0000] {dagbag.py:537} INFO - Filling up the DagBag from /home/airflow/.local/lib/python3.7/site-packages/airflow/example_dags/example_short_circuit_operator.py
[2022-11-22T00:58:54.436+0000] {processor.py:766} INFO - DAG(s) dict_keys(['example_short_circuit_operator']) retrieved from /home/airflow/.local/lib/python3.7/site-packages/airflow/example_dags/example_short_circuit_operator.py
[2022-11-22T00:58:54.484+0000] {logging_mixin.py:137} INFO - [2022-11-22T00:58:54.483+0000] {dag.py:2585} INFO - Sync 1 DAGs
[2022-11-22T00:58:54.514+0000] {logging_mixin.py:137} INFO - [2022-11-22T00:58:54.514+0000] {dag.py:3340} INFO - Setting next_dagrun for example_short_circuit_operator to 2022-11-21T00:58:54.514030+00:00, run_after=2022-11-22T00:58:54.514030+00:00
[2022-11-22T00:58:54.540+0000] {processor.py:176} INFO - Processing /home/airflow/.local/lib/python3.7/site-packages/airflow/example_dags/example_short_circuit_operator.py took 0.126 seconds
[2022-11-22T00:59:24.692+0000] {processor.py:154} INFO - Started process (PID=3864) to work on /home/airflow/.local/lib/python3.7/site-packages/airflow/example_dags/example_short_circuit_operator.py
[2022-11-22T00:59:24.693+0000] {processor.py:756} INFO - Processing file /home/airflow/.local/lib/python3.7/site-packages/airflow/example_dags/example_short_circuit_operator.py for tasks to queue
[2022-11-22T00:59:24.694+0000] {logging_mixin.py:137} INFO - [2022-11-22T00:59:24.693+0000] {dagbag.py:537} INFO - Filling up the DagBag from /home/airflow/.local/lib/python3.7/site-packages/airflow/example_dags/example_short_circuit_operator.py
[2022-11-22T00:59:24.712+0000] {processor.py:766} INFO - DAG(s) dict_keys(['example_short_circuit_operator']) retrieved from /home/airflow/.local/lib/python3.7/site-packages/airflow/example_dags/example_short_circuit_operator.py
[2022-11-22T00:59:24.760+0000] {logging_mixin.py:137} INFO - [2022-11-22T00:59:24.760+0000] {dag.py:2585} INFO - Sync 1 DAGs
[2022-11-22T00:59:24.792+0000] {logging_mixin.py:137} INFO - [2022-11-22T00:59:24.792+0000] {dag.py:3340} INFO - Setting next_dagrun for example_short_circuit_operator to 2022-11-21T00:59:24.792231+00:00, run_after=2022-11-22T00:59:24.792231+00:00
[2022-11-22T00:59:24.815+0000] {processor.py:176} INFO - Processing /home/airflow/.local/lib/python3.7/site-packages/airflow/example_dags/example_short_circuit_operator.py took 0.126 seconds
[2022-11-22T00:59:54.998+0000] {processor.py:154} INFO - Started process (PID=4061) to work on /home/airflow/.local/lib/python3.7/site-packages/airflow/example_dags/example_short_circuit_operator.py
[2022-11-22T00:59:54.999+0000] {processor.py:756} INFO - Processing file /home/airflow/.local/lib/python3.7/site-packages/airflow/example_dags/example_short_circuit_operator.py for tasks to queue
[2022-11-22T00:59:54.999+0000] {logging_mixin.py:137} INFO - [2022-11-22T00:59:54.999+0000] {dagbag.py:537} INFO - Filling up the DagBag from /home/airflow/.local/lib/python3.7/site-packages/airflow/example_dags/example_short_circuit_operator.py
[2022-11-22T00:59:55.016+0000] {processor.py:766} INFO - DAG(s) dict_keys(['example_short_circuit_operator']) retrieved from /home/airflow/.local/lib/python3.7/site-packages/airflow/example_dags/example_short_circuit_operator.py
[2022-11-22T00:59:55.058+0000] {logging_mixin.py:137} INFO - [2022-11-22T00:59:55.058+0000] {dag.py:2585} INFO - Sync 1 DAGs
[2022-11-22T00:59:55.089+0000] {logging_mixin.py:137} INFO - [2022-11-22T00:59:55.089+0000] {dag.py:3340} INFO - Setting next_dagrun for example_short_circuit_operator to 2022-11-21T00:59:55.088757+00:00, run_after=2022-11-22T00:59:55.088757+00:00
[2022-11-22T00:59:55.113+0000] {processor.py:176} INFO - Processing /home/airflow/.local/lib/python3.7/site-packages/airflow/example_dags/example_short_circuit_operator.py took 0.117 seconds
[2022-11-22T01:00:25.150+0000] {processor.py:154} INFO - Started process (PID=4267) to work on /home/airflow/.local/lib/python3.7/site-packages/airflow/example_dags/example_short_circuit_operator.py
[2022-11-22T01:00:25.151+0000] {processor.py:756} INFO - Processing file /home/airflow/.local/lib/python3.7/site-packages/airflow/example_dags/example_short_circuit_operator.py for tasks to queue
[2022-11-22T01:00:25.152+0000] {logging_mixin.py:137} INFO - [2022-11-22T01:00:25.152+0000] {dagbag.py:537} INFO - Filling up the DagBag from /home/airflow/.local/lib/python3.7/site-packages/airflow/example_dags/example_short_circuit_operator.py
[2022-11-22T01:00:25.167+0000] {processor.py:766} INFO - DAG(s) dict_keys(['example_short_circuit_operator']) retrieved from /home/airflow/.local/lib/python3.7/site-packages/airflow/example_dags/example_short_circuit_operator.py
[2022-11-22T01:00:25.212+0000] {logging_mixin.py:137} INFO - [2022-11-22T01:00:25.212+0000] {dag.py:2585} INFO - Sync 1 DAGs
[2022-11-22T01:00:25.243+0000] {logging_mixin.py:137} INFO - [2022-11-22T01:00:25.243+0000] {dag.py:3340} INFO - Setting next_dagrun for example_short_circuit_operator to 2022-11-21T01:00:25.243260+00:00, run_after=2022-11-22T01:00:25.243260+00:00
[2022-11-22T01:00:25.268+0000] {processor.py:176} INFO - Processing /home/airflow/.local/lib/python3.7/site-packages/airflow/example_dags/example_short_circuit_operator.py took 0.120 seconds
[2022-11-22T01:00:55.369+0000] {processor.py:154} INFO - Started process (PID=4474) to work on /home/airflow/.local/lib/python3.7/site-packages/airflow/example_dags/example_short_circuit_operator.py
[2022-11-22T01:00:55.370+0000] {processor.py:756} INFO - Processing file /home/airflow/.local/lib/python3.7/site-packages/airflow/example_dags/example_short_circuit_operator.py for tasks to queue
[2022-11-22T01:00:55.370+0000] {logging_mixin.py:137} INFO - [2022-11-22T01:00:55.370+0000] {dagbag.py:537} INFO - Filling up the DagBag from /home/airflow/.local/lib/python3.7/site-packages/airflow/example_dags/example_short_circuit_operator.py
[2022-11-22T01:00:55.389+0000] {processor.py:766} INFO - DAG(s) dict_keys(['example_short_circuit_operator']) retrieved from /home/airflow/.local/lib/python3.7/site-packages/airflow/example_dags/example_short_circuit_operator.py
[2022-11-22T01:00:55.433+0000] {logging_mixin.py:137} INFO - [2022-11-22T01:00:55.433+0000] {dag.py:2585} INFO - Sync 1 DAGs
[2022-11-22T01:00:55.463+0000] {logging_mixin.py:137} INFO - [2022-11-22T01:00:55.462+0000] {dag.py:3340} INFO - Setting next_dagrun for example_short_circuit_operator to 2022-11-21T01:00:55.462748+00:00, run_after=2022-11-22T01:00:55.462748+00:00
[2022-11-22T01:00:55.490+0000] {processor.py:176} INFO - Processing /home/airflow/.local/lib/python3.7/site-packages/airflow/example_dags/example_short_circuit_operator.py took 0.124 seconds
[2022-11-22T01:01:25.720+0000] {processor.py:154} INFO - Started process (PID=4667) to work on /home/airflow/.local/lib/python3.7/site-packages/airflow/example_dags/example_short_circuit_operator.py
[2022-11-22T01:01:25.720+0000] {processor.py:756} INFO - Processing file /home/airflow/.local/lib/python3.7/site-packages/airflow/example_dags/example_short_circuit_operator.py for tasks to queue
[2022-11-22T01:01:25.721+0000] {logging_mixin.py:137} INFO - [2022-11-22T01:01:25.721+0000] {dagbag.py:537} INFO - Filling up the DagBag from /home/airflow/.local/lib/python3.7/site-packages/airflow/example_dags/example_short_circuit_operator.py
[2022-11-22T01:01:25.738+0000] {processor.py:766} INFO - DAG(s) dict_keys(['example_short_circuit_operator']) retrieved from /home/airflow/.local/lib/python3.7/site-packages/airflow/example_dags/example_short_circuit_operator.py
[2022-11-22T01:01:25.783+0000] {logging_mixin.py:137} INFO - [2022-11-22T01:01:25.783+0000] {dag.py:2585} INFO - Sync 1 DAGs
[2022-11-22T01:01:25.818+0000] {logging_mixin.py:137} INFO - [2022-11-22T01:01:25.818+0000] {dag.py:3340} INFO - Setting next_dagrun for example_short_circuit_operator to 2022-11-21T01:01:25.818151+00:00, run_after=2022-11-22T01:01:25.818151+00:00
[2022-11-22T01:01:25.842+0000] {processor.py:176} INFO - Processing /home/airflow/.local/lib/python3.7/site-packages/airflow/example_dags/example_short_circuit_operator.py took 0.125 seconds
