[2022-11-22T00:50:19.094+0000] {processor.py:154} INFO - Started process (PID=248) to work on /home/airflow/.local/lib/python3.7/site-packages/airflow/example_dags/example_bash_operator.py
[2022-11-22T00:50:19.095+0000] {processor.py:756} INFO - Processing file /home/airflow/.local/lib/python3.7/site-packages/airflow/example_dags/example_bash_operator.py for tasks to queue
[2022-11-22T00:50:19.095+0000] {logging_mixin.py:137} INFO - [2022-11-22T00:50:19.095+0000] {dagbag.py:537} INFO - Filling up the DagBag from /home/airflow/.local/lib/python3.7/site-packages/airflow/example_dags/example_bash_operator.py
[2022-11-22T00:50:19.124+0000] {processor.py:766} INFO - DAG(s) dict_keys(['example_bash_operator']) retrieved from /home/airflow/.local/lib/python3.7/site-packages/airflow/example_dags/example_bash_operator.py
[2022-11-22T00:50:19.163+0000] {logging_mixin.py:137} INFO - [2022-11-22T00:50:19.163+0000] {dag.py:2585} INFO - Sync 1 DAGs
[2022-11-22T00:50:19.197+0000] {logging_mixin.py:137} INFO - [2022-11-22T00:50:19.197+0000] {dag.py:3340} INFO - Setting next_dagrun for example_bash_operator to 2022-11-21T00:00:00+00:00, run_after=2022-11-22T00:00:00+00:00
[2022-11-22T00:50:19.223+0000] {processor.py:176} INFO - Processing /home/airflow/.local/lib/python3.7/site-packages/airflow/example_dags/example_bash_operator.py took 0.131 seconds
[2022-11-22T00:50:50.156+0000] {processor.py:154} INFO - Started process (PID=446) to work on /home/airflow/.local/lib/python3.7/site-packages/airflow/example_dags/example_bash_operator.py
[2022-11-22T00:50:50.158+0000] {processor.py:756} INFO - Processing file /home/airflow/.local/lib/python3.7/site-packages/airflow/example_dags/example_bash_operator.py for tasks to queue
[2022-11-22T00:50:50.158+0000] {logging_mixin.py:137} INFO - [2022-11-22T00:50:50.158+0000] {dagbag.py:537} INFO - Filling up the DagBag from /home/airflow/.local/lib/python3.7/site-packages/airflow/example_dags/example_bash_operator.py
[2022-11-22T00:50:50.184+0000] {processor.py:766} INFO - DAG(s) dict_keys(['example_bash_operator']) retrieved from /home/airflow/.local/lib/python3.7/site-packages/airflow/example_dags/example_bash_operator.py
[2022-11-22T00:50:50.237+0000] {logging_mixin.py:137} INFO - [2022-11-22T00:50:50.237+0000] {dag.py:2585} INFO - Sync 1 DAGs
[2022-11-22T00:50:50.270+0000] {logging_mixin.py:137} INFO - [2022-11-22T00:50:50.269+0000] {dag.py:3340} INFO - Setting next_dagrun for example_bash_operator to 2022-11-21T00:00:00+00:00, run_after=2022-11-22T00:00:00+00:00
[2022-11-22T00:50:50.294+0000] {processor.py:176} INFO - Processing /home/airflow/.local/lib/python3.7/site-packages/airflow/example_dags/example_bash_operator.py took 0.140 seconds
[2022-11-22T00:51:20.412+0000] {processor.py:154} INFO - Started process (PID=656) to work on /home/airflow/.local/lib/python3.7/site-packages/airflow/example_dags/example_bash_operator.py
[2022-11-22T00:51:20.413+0000] {processor.py:756} INFO - Processing file /home/airflow/.local/lib/python3.7/site-packages/airflow/example_dags/example_bash_operator.py for tasks to queue
[2022-11-22T00:51:20.413+0000] {logging_mixin.py:137} INFO - [2022-11-22T00:51:20.413+0000] {dagbag.py:537} INFO - Filling up the DagBag from /home/airflow/.local/lib/python3.7/site-packages/airflow/example_dags/example_bash_operator.py
[2022-11-22T00:51:20.434+0000] {processor.py:766} INFO - DAG(s) dict_keys(['example_bash_operator']) retrieved from /home/airflow/.local/lib/python3.7/site-packages/airflow/example_dags/example_bash_operator.py
[2022-11-22T00:51:20.480+0000] {logging_mixin.py:137} INFO - [2022-11-22T00:51:20.480+0000] {dag.py:2585} INFO - Sync 1 DAGs
[2022-11-22T00:51:20.512+0000] {logging_mixin.py:137} INFO - [2022-11-22T00:51:20.512+0000] {dag.py:3340} INFO - Setting next_dagrun for example_bash_operator to 2022-11-21T00:00:00+00:00, run_after=2022-11-22T00:00:00+00:00
[2022-11-22T00:51:20.534+0000] {processor.py:176} INFO - Processing /home/airflow/.local/lib/python3.7/site-packages/airflow/example_dags/example_bash_operator.py took 0.125 seconds
[2022-11-22T00:51:50.792+0000] {processor.py:154} INFO - Started process (PID=864) to work on /home/airflow/.local/lib/python3.7/site-packages/airflow/example_dags/example_bash_operator.py
[2022-11-22T00:51:50.793+0000] {processor.py:756} INFO - Processing file /home/airflow/.local/lib/python3.7/site-packages/airflow/example_dags/example_bash_operator.py for tasks to queue
[2022-11-22T00:51:50.794+0000] {logging_mixin.py:137} INFO - [2022-11-22T00:51:50.794+0000] {dagbag.py:537} INFO - Filling up the DagBag from /home/airflow/.local/lib/python3.7/site-packages/airflow/example_dags/example_bash_operator.py
[2022-11-22T00:51:50.828+0000] {processor.py:766} INFO - DAG(s) dict_keys(['example_bash_operator']) retrieved from /home/airflow/.local/lib/python3.7/site-packages/airflow/example_dags/example_bash_operator.py
[2022-11-22T00:51:50.904+0000] {logging_mixin.py:137} INFO - [2022-11-22T00:51:50.904+0000] {dag.py:2585} INFO - Sync 1 DAGs
[2022-11-22T00:51:50.945+0000] {logging_mixin.py:137} INFO - [2022-11-22T00:51:50.945+0000] {dag.py:3340} INFO - Setting next_dagrun for example_bash_operator to 2022-11-21T00:00:00+00:00, run_after=2022-11-22T00:00:00+00:00
[2022-11-22T00:51:50.974+0000] {processor.py:176} INFO - Processing /home/airflow/.local/lib/python3.7/site-packages/airflow/example_dags/example_bash_operator.py took 0.190 seconds
[2022-11-22T00:52:21.408+0000] {processor.py:154} INFO - Started process (PID=1064) to work on /home/airflow/.local/lib/python3.7/site-packages/airflow/example_dags/example_bash_operator.py
[2022-11-22T00:52:21.409+0000] {processor.py:756} INFO - Processing file /home/airflow/.local/lib/python3.7/site-packages/airflow/example_dags/example_bash_operator.py for tasks to queue
[2022-11-22T00:52:21.409+0000] {logging_mixin.py:137} INFO - [2022-11-22T00:52:21.409+0000] {dagbag.py:537} INFO - Filling up the DagBag from /home/airflow/.local/lib/python3.7/site-packages/airflow/example_dags/example_bash_operator.py
[2022-11-22T00:52:21.429+0000] {processor.py:766} INFO - DAG(s) dict_keys(['example_bash_operator']) retrieved from /home/airflow/.local/lib/python3.7/site-packages/airflow/example_dags/example_bash_operator.py
[2022-11-22T00:52:21.489+0000] {logging_mixin.py:137} INFO - [2022-11-22T00:52:21.489+0000] {dag.py:2585} INFO - Sync 1 DAGs
[2022-11-22T00:52:21.525+0000] {logging_mixin.py:137} INFO - [2022-11-22T00:52:21.525+0000] {dag.py:3340} INFO - Setting next_dagrun for example_bash_operator to 2022-11-21T00:00:00+00:00, run_after=2022-11-22T00:00:00+00:00
[2022-11-22T00:52:21.552+0000] {processor.py:176} INFO - Processing /home/airflow/.local/lib/python3.7/site-packages/airflow/example_dags/example_bash_operator.py took 0.147 seconds
[2022-11-22T00:52:51.610+0000] {processor.py:154} INFO - Started process (PID=1271) to work on /home/airflow/.local/lib/python3.7/site-packages/airflow/example_dags/example_bash_operator.py
[2022-11-22T00:52:51.611+0000] {processor.py:756} INFO - Processing file /home/airflow/.local/lib/python3.7/site-packages/airflow/example_dags/example_bash_operator.py for tasks to queue
[2022-11-22T00:52:51.612+0000] {logging_mixin.py:137} INFO - [2022-11-22T00:52:51.612+0000] {dagbag.py:537} INFO - Filling up the DagBag from /home/airflow/.local/lib/python3.7/site-packages/airflow/example_dags/example_bash_operator.py
[2022-11-22T00:52:51.635+0000] {processor.py:766} INFO - DAG(s) dict_keys(['example_bash_operator']) retrieved from /home/airflow/.local/lib/python3.7/site-packages/airflow/example_dags/example_bash_operator.py
[2022-11-22T00:52:51.686+0000] {logging_mixin.py:137} INFO - [2022-11-22T00:52:51.686+0000] {dag.py:2585} INFO - Sync 1 DAGs
[2022-11-22T00:52:51.721+0000] {logging_mixin.py:137} INFO - [2022-11-22T00:52:51.721+0000] {dag.py:3340} INFO - Setting next_dagrun for example_bash_operator to 2022-11-21T00:00:00+00:00, run_after=2022-11-22T00:00:00+00:00
[2022-11-22T00:52:51.742+0000] {processor.py:176} INFO - Processing /home/airflow/.local/lib/python3.7/site-packages/airflow/example_dags/example_bash_operator.py took 0.135 seconds
[2022-11-22T00:53:22.062+0000] {processor.py:154} INFO - Started process (PID=1465) to work on /home/airflow/.local/lib/python3.7/site-packages/airflow/example_dags/example_bash_operator.py
[2022-11-22T00:53:22.063+0000] {processor.py:756} INFO - Processing file /home/airflow/.local/lib/python3.7/site-packages/airflow/example_dags/example_bash_operator.py for tasks to queue
[2022-11-22T00:53:22.064+0000] {logging_mixin.py:137} INFO - [2022-11-22T00:53:22.063+0000] {dagbag.py:537} INFO - Filling up the DagBag from /home/airflow/.local/lib/python3.7/site-packages/airflow/example_dags/example_bash_operator.py
[2022-11-22T00:53:22.088+0000] {processor.py:766} INFO - DAG(s) dict_keys(['example_bash_operator']) retrieved from /home/airflow/.local/lib/python3.7/site-packages/airflow/example_dags/example_bash_operator.py
[2022-11-22T00:53:22.141+0000] {logging_mixin.py:137} INFO - [2022-11-22T00:53:22.141+0000] {dag.py:2585} INFO - Sync 1 DAGs
[2022-11-22T00:53:22.175+0000] {logging_mixin.py:137} INFO - [2022-11-22T00:53:22.175+0000] {dag.py:3340} INFO - Setting next_dagrun for example_bash_operator to 2022-11-21T00:00:00+00:00, run_after=2022-11-22T00:00:00+00:00
[2022-11-22T00:53:22.200+0000] {processor.py:176} INFO - Processing /home/airflow/.local/lib/python3.7/site-packages/airflow/example_dags/example_bash_operator.py took 0.140 seconds
[2022-11-22T00:53:53.153+0000] {processor.py:154} INFO - Started process (PID=1677) to work on /home/airflow/.local/lib/python3.7/site-packages/airflow/example_dags/example_bash_operator.py
[2022-11-22T00:53:53.154+0000] {processor.py:756} INFO - Processing file /home/airflow/.local/lib/python3.7/site-packages/airflow/example_dags/example_bash_operator.py for tasks to queue
[2022-11-22T00:53:53.154+0000] {logging_mixin.py:137} INFO - [2022-11-22T00:53:53.154+0000] {dagbag.py:537} INFO - Filling up the DagBag from /home/airflow/.local/lib/python3.7/site-packages/airflow/example_dags/example_bash_operator.py
[2022-11-22T00:53:53.177+0000] {processor.py:766} INFO - DAG(s) dict_keys(['example_bash_operator']) retrieved from /home/airflow/.local/lib/python3.7/site-packages/airflow/example_dags/example_bash_operator.py
[2022-11-22T00:53:53.231+0000] {logging_mixin.py:137} INFO - [2022-11-22T00:53:53.230+0000] {dag.py:2585} INFO - Sync 1 DAGs
[2022-11-22T00:53:53.263+0000] {logging_mixin.py:137} INFO - [2022-11-22T00:53:53.263+0000] {dag.py:3340} INFO - Setting next_dagrun for example_bash_operator to 2022-11-21T00:00:00+00:00, run_after=2022-11-22T00:00:00+00:00
[2022-11-22T00:53:53.288+0000] {processor.py:176} INFO - Processing /home/airflow/.local/lib/python3.7/site-packages/airflow/example_dags/example_bash_operator.py took 0.139 seconds
[2022-11-22T00:54:23.589+0000] {processor.py:154} INFO - Started process (PID=1884) to work on /home/airflow/.local/lib/python3.7/site-packages/airflow/example_dags/example_bash_operator.py
[2022-11-22T00:54:23.590+0000] {processor.py:756} INFO - Processing file /home/airflow/.local/lib/python3.7/site-packages/airflow/example_dags/example_bash_operator.py for tasks to queue
[2022-11-22T00:54:23.591+0000] {logging_mixin.py:137} INFO - [2022-11-22T00:54:23.590+0000] {dagbag.py:537} INFO - Filling up the DagBag from /home/airflow/.local/lib/python3.7/site-packages/airflow/example_dags/example_bash_operator.py
[2022-11-22T00:54:23.612+0000] {processor.py:766} INFO - DAG(s) dict_keys(['example_bash_operator']) retrieved from /home/airflow/.local/lib/python3.7/site-packages/airflow/example_dags/example_bash_operator.py
[2022-11-22T00:54:23.662+0000] {logging_mixin.py:137} INFO - [2022-11-22T00:54:23.662+0000] {dag.py:2585} INFO - Sync 1 DAGs
[2022-11-22T00:54:23.692+0000] {logging_mixin.py:137} INFO - [2022-11-22T00:54:23.692+0000] {dag.py:3340} INFO - Setting next_dagrun for example_bash_operator to 2022-11-21T00:00:00+00:00, run_after=2022-11-22T00:00:00+00:00
[2022-11-22T00:54:23.713+0000] {processor.py:176} INFO - Processing /home/airflow/.local/lib/python3.7/site-packages/airflow/example_dags/example_bash_operator.py took 0.127 seconds
[2022-11-22T00:54:54.781+0000] {processor.py:154} INFO - Started process (PID=2080) to work on /home/airflow/.local/lib/python3.7/site-packages/airflow/example_dags/example_bash_operator.py
[2022-11-22T00:54:54.782+0000] {processor.py:756} INFO - Processing file /home/airflow/.local/lib/python3.7/site-packages/airflow/example_dags/example_bash_operator.py for tasks to queue
[2022-11-22T00:54:54.783+0000] {logging_mixin.py:137} INFO - [2022-11-22T00:54:54.783+0000] {dagbag.py:537} INFO - Filling up the DagBag from /home/airflow/.local/lib/python3.7/site-packages/airflow/example_dags/example_bash_operator.py
[2022-11-22T00:54:54.812+0000] {processor.py:766} INFO - DAG(s) dict_keys(['example_bash_operator']) retrieved from /home/airflow/.local/lib/python3.7/site-packages/airflow/example_dags/example_bash_operator.py
[2022-11-22T00:54:54.888+0000] {logging_mixin.py:137} INFO - [2022-11-22T00:54:54.888+0000] {dag.py:2585} INFO - Sync 1 DAGs
[2022-11-22T00:54:54.927+0000] {logging_mixin.py:137} INFO - [2022-11-22T00:54:54.927+0000] {dag.py:3340} INFO - Setting next_dagrun for example_bash_operator to 2022-11-21T00:00:00+00:00, run_after=2022-11-22T00:00:00+00:00
[2022-11-22T00:54:54.952+0000] {processor.py:176} INFO - Processing /home/airflow/.local/lib/python3.7/site-packages/airflow/example_dags/example_bash_operator.py took 0.174 seconds
[2022-11-22T00:55:25.371+0000] {processor.py:154} INFO - Started process (PID=2288) to work on /home/airflow/.local/lib/python3.7/site-packages/airflow/example_dags/example_bash_operator.py
[2022-11-22T00:55:25.372+0000] {processor.py:756} INFO - Processing file /home/airflow/.local/lib/python3.7/site-packages/airflow/example_dags/example_bash_operator.py for tasks to queue
[2022-11-22T00:55:25.373+0000] {logging_mixin.py:137} INFO - [2022-11-22T00:55:25.373+0000] {dagbag.py:537} INFO - Filling up the DagBag from /home/airflow/.local/lib/python3.7/site-packages/airflow/example_dags/example_bash_operator.py
[2022-11-22T00:55:25.397+0000] {processor.py:766} INFO - DAG(s) dict_keys(['example_bash_operator']) retrieved from /home/airflow/.local/lib/python3.7/site-packages/airflow/example_dags/example_bash_operator.py
[2022-11-22T00:55:25.453+0000] {logging_mixin.py:137} INFO - [2022-11-22T00:55:25.453+0000] {dag.py:2585} INFO - Sync 1 DAGs
[2022-11-22T00:55:25.489+0000] {logging_mixin.py:137} INFO - [2022-11-22T00:55:25.489+0000] {dag.py:3340} INFO - Setting next_dagrun for example_bash_operator to 2022-11-21T00:00:00+00:00, run_after=2022-11-22T00:00:00+00:00
[2022-11-22T00:55:25.511+0000] {processor.py:176} INFO - Processing /home/airflow/.local/lib/python3.7/site-packages/airflow/example_dags/example_bash_operator.py took 0.146 seconds
[2022-11-22T00:55:56.301+0000] {processor.py:154} INFO - Started process (PID=2492) to work on /home/airflow/.local/lib/python3.7/site-packages/airflow/example_dags/example_bash_operator.py
[2022-11-22T00:55:56.302+0000] {processor.py:756} INFO - Processing file /home/airflow/.local/lib/python3.7/site-packages/airflow/example_dags/example_bash_operator.py for tasks to queue
[2022-11-22T00:55:56.303+0000] {logging_mixin.py:137} INFO - [2022-11-22T00:55:56.303+0000] {dagbag.py:537} INFO - Filling up the DagBag from /home/airflow/.local/lib/python3.7/site-packages/airflow/example_dags/example_bash_operator.py
[2022-11-22T00:55:56.326+0000] {processor.py:766} INFO - DAG(s) dict_keys(['example_bash_operator']) retrieved from /home/airflow/.local/lib/python3.7/site-packages/airflow/example_dags/example_bash_operator.py
[2022-11-22T00:55:56.381+0000] {logging_mixin.py:137} INFO - [2022-11-22T00:55:56.381+0000] {dag.py:2585} INFO - Sync 1 DAGs
[2022-11-22T00:55:56.415+0000] {logging_mixin.py:137} INFO - [2022-11-22T00:55:56.415+0000] {dag.py:3340} INFO - Setting next_dagrun for example_bash_operator to 2022-11-21T00:00:00+00:00, run_after=2022-11-22T00:00:00+00:00
[2022-11-22T00:55:56.438+0000] {processor.py:176} INFO - Processing /home/airflow/.local/lib/python3.7/site-packages/airflow/example_dags/example_bash_operator.py took 0.139 seconds
[2022-11-22T00:56:27.683+0000] {processor.py:154} INFO - Started process (PID=2697) to work on /home/airflow/.local/lib/python3.7/site-packages/airflow/example_dags/example_bash_operator.py
[2022-11-22T00:56:27.684+0000] {processor.py:756} INFO - Processing file /home/airflow/.local/lib/python3.7/site-packages/airflow/example_dags/example_bash_operator.py for tasks to queue
[2022-11-22T00:56:27.685+0000] {logging_mixin.py:137} INFO - [2022-11-22T00:56:27.685+0000] {dagbag.py:537} INFO - Filling up the DagBag from /home/airflow/.local/lib/python3.7/site-packages/airflow/example_dags/example_bash_operator.py
[2022-11-22T00:56:27.712+0000] {processor.py:766} INFO - DAG(s) dict_keys(['example_bash_operator']) retrieved from /home/airflow/.local/lib/python3.7/site-packages/airflow/example_dags/example_bash_operator.py
[2022-11-22T00:56:27.784+0000] {logging_mixin.py:137} INFO - [2022-11-22T00:56:27.784+0000] {dag.py:2585} INFO - Sync 1 DAGs
[2022-11-22T00:56:27.825+0000] {logging_mixin.py:137} INFO - [2022-11-22T00:56:27.825+0000] {dag.py:3340} INFO - Setting next_dagrun for example_bash_operator to 2022-11-21T00:00:00+00:00, run_after=2022-11-22T00:00:00+00:00
[2022-11-22T00:56:27.855+0000] {processor.py:176} INFO - Processing /home/airflow/.local/lib/python3.7/site-packages/airflow/example_dags/example_bash_operator.py took 0.177 seconds
[2022-11-22T00:56:57.957+0000] {processor.py:154} INFO - Started process (PID=2897) to work on /home/airflow/.local/lib/python3.7/site-packages/airflow/example_dags/example_bash_operator.py
[2022-11-22T00:56:57.958+0000] {processor.py:756} INFO - Processing file /home/airflow/.local/lib/python3.7/site-packages/airflow/example_dags/example_bash_operator.py for tasks to queue
[2022-11-22T00:56:57.959+0000] {logging_mixin.py:137} INFO - [2022-11-22T00:56:57.958+0000] {dagbag.py:537} INFO - Filling up the DagBag from /home/airflow/.local/lib/python3.7/site-packages/airflow/example_dags/example_bash_operator.py
[2022-11-22T00:56:57.979+0000] {processor.py:766} INFO - DAG(s) dict_keys(['example_bash_operator']) retrieved from /home/airflow/.local/lib/python3.7/site-packages/airflow/example_dags/example_bash_operator.py
[2022-11-22T00:56:58.027+0000] {logging_mixin.py:137} INFO - [2022-11-22T00:56:58.026+0000] {dag.py:2585} INFO - Sync 1 DAGs
[2022-11-22T00:56:58.058+0000] {logging_mixin.py:137} INFO - [2022-11-22T00:56:58.058+0000] {dag.py:3340} INFO - Setting next_dagrun for example_bash_operator to 2022-11-21T00:00:00+00:00, run_after=2022-11-22T00:00:00+00:00
[2022-11-22T00:56:58.078+0000] {processor.py:176} INFO - Processing /home/airflow/.local/lib/python3.7/site-packages/airflow/example_dags/example_bash_operator.py took 0.123 seconds
[2022-11-22T00:57:28.930+0000] {processor.py:154} INFO - Started process (PID=3105) to work on /home/airflow/.local/lib/python3.7/site-packages/airflow/example_dags/example_bash_operator.py
[2022-11-22T00:57:28.931+0000] {processor.py:756} INFO - Processing file /home/airflow/.local/lib/python3.7/site-packages/airflow/example_dags/example_bash_operator.py for tasks to queue
[2022-11-22T00:57:28.931+0000] {logging_mixin.py:137} INFO - [2022-11-22T00:57:28.931+0000] {dagbag.py:537} INFO - Filling up the DagBag from /home/airflow/.local/lib/python3.7/site-packages/airflow/example_dags/example_bash_operator.py
[2022-11-22T00:57:28.955+0000] {processor.py:766} INFO - DAG(s) dict_keys(['example_bash_operator']) retrieved from /home/airflow/.local/lib/python3.7/site-packages/airflow/example_dags/example_bash_operator.py
[2022-11-22T00:57:29.007+0000] {logging_mixin.py:137} INFO - [2022-11-22T00:57:29.007+0000] {dag.py:2585} INFO - Sync 1 DAGs
[2022-11-22T00:57:29.041+0000] {logging_mixin.py:137} INFO - [2022-11-22T00:57:29.041+0000] {dag.py:3340} INFO - Setting next_dagrun for example_bash_operator to 2022-11-21T00:00:00+00:00, run_after=2022-11-22T00:00:00+00:00
[2022-11-22T00:57:29.064+0000] {processor.py:176} INFO - Processing /home/airflow/.local/lib/python3.7/site-packages/airflow/example_dags/example_bash_operator.py took 0.137 seconds
[2022-11-22T00:57:59.728+0000] {processor.py:154} INFO - Started process (PID=3303) to work on /home/airflow/.local/lib/python3.7/site-packages/airflow/example_dags/example_bash_operator.py
[2022-11-22T00:57:59.729+0000] {processor.py:756} INFO - Processing file /home/airflow/.local/lib/python3.7/site-packages/airflow/example_dags/example_bash_operator.py for tasks to queue
[2022-11-22T00:57:59.729+0000] {logging_mixin.py:137} INFO - [2022-11-22T00:57:59.729+0000] {dagbag.py:537} INFO - Filling up the DagBag from /home/airflow/.local/lib/python3.7/site-packages/airflow/example_dags/example_bash_operator.py
[2022-11-22T00:57:59.751+0000] {processor.py:766} INFO - DAG(s) dict_keys(['example_bash_operator']) retrieved from /home/airflow/.local/lib/python3.7/site-packages/airflow/example_dags/example_bash_operator.py
[2022-11-22T00:57:59.801+0000] {logging_mixin.py:137} INFO - [2022-11-22T00:57:59.801+0000] {dag.py:2585} INFO - Sync 1 DAGs
[2022-11-22T00:57:59.829+0000] {logging_mixin.py:137} INFO - [2022-11-22T00:57:59.829+0000] {dag.py:3340} INFO - Setting next_dagrun for example_bash_operator to 2022-11-21T00:00:00+00:00, run_after=2022-11-22T00:00:00+00:00
[2022-11-22T00:57:59.852+0000] {processor.py:176} INFO - Processing /home/airflow/.local/lib/python3.7/site-packages/airflow/example_dags/example_bash_operator.py took 0.126 seconds
[2022-11-22T00:58:30.128+0000] {processor.py:154} INFO - Started process (PID=3509) to work on /home/airflow/.local/lib/python3.7/site-packages/airflow/example_dags/example_bash_operator.py
[2022-11-22T00:58:30.129+0000] {processor.py:756} INFO - Processing file /home/airflow/.local/lib/python3.7/site-packages/airflow/example_dags/example_bash_operator.py for tasks to queue
[2022-11-22T00:58:30.130+0000] {logging_mixin.py:137} INFO - [2022-11-22T00:58:30.129+0000] {dagbag.py:537} INFO - Filling up the DagBag from /home/airflow/.local/lib/python3.7/site-packages/airflow/example_dags/example_bash_operator.py
[2022-11-22T00:58:30.154+0000] {processor.py:766} INFO - DAG(s) dict_keys(['example_bash_operator']) retrieved from /home/airflow/.local/lib/python3.7/site-packages/airflow/example_dags/example_bash_operator.py
[2022-11-22T00:58:30.206+0000] {logging_mixin.py:137} INFO - [2022-11-22T00:58:30.206+0000] {dag.py:2585} INFO - Sync 1 DAGs
[2022-11-22T00:58:30.236+0000] {logging_mixin.py:137} INFO - [2022-11-22T00:58:30.236+0000] {dag.py:3340} INFO - Setting next_dagrun for example_bash_operator to 2022-11-21T00:00:00+00:00, run_after=2022-11-22T00:00:00+00:00
[2022-11-22T00:58:30.257+0000] {processor.py:176} INFO - Processing /home/airflow/.local/lib/python3.7/site-packages/airflow/example_dags/example_bash_operator.py took 0.132 seconds
[2022-11-22T00:59:01.310+0000] {processor.py:154} INFO - Started process (PID=3715) to work on /home/airflow/.local/lib/python3.7/site-packages/airflow/example_dags/example_bash_operator.py
[2022-11-22T00:59:01.311+0000] {processor.py:756} INFO - Processing file /home/airflow/.local/lib/python3.7/site-packages/airflow/example_dags/example_bash_operator.py for tasks to queue
[2022-11-22T00:59:01.311+0000] {logging_mixin.py:137} INFO - [2022-11-22T00:59:01.311+0000] {dagbag.py:537} INFO - Filling up the DagBag from /home/airflow/.local/lib/python3.7/site-packages/airflow/example_dags/example_bash_operator.py
[2022-11-22T00:59:01.332+0000] {processor.py:766} INFO - DAG(s) dict_keys(['example_bash_operator']) retrieved from /home/airflow/.local/lib/python3.7/site-packages/airflow/example_dags/example_bash_operator.py
[2022-11-22T00:59:01.379+0000] {logging_mixin.py:137} INFO - [2022-11-22T00:59:01.379+0000] {dag.py:2585} INFO - Sync 1 DAGs
[2022-11-22T00:59:01.408+0000] {logging_mixin.py:137} INFO - [2022-11-22T00:59:01.408+0000] {dag.py:3340} INFO - Setting next_dagrun for example_bash_operator to 2022-11-21T00:00:00+00:00, run_after=2022-11-22T00:00:00+00:00
[2022-11-22T00:59:01.430+0000] {processor.py:176} INFO - Processing /home/airflow/.local/lib/python3.7/site-packages/airflow/example_dags/example_bash_operator.py took 0.125 seconds
[2022-11-22T00:59:31.705+0000] {processor.py:154} INFO - Started process (PID=3914) to work on /home/airflow/.local/lib/python3.7/site-packages/airflow/example_dags/example_bash_operator.py
[2022-11-22T00:59:31.706+0000] {processor.py:756} INFO - Processing file /home/airflow/.local/lib/python3.7/site-packages/airflow/example_dags/example_bash_operator.py for tasks to queue
[2022-11-22T00:59:31.707+0000] {logging_mixin.py:137} INFO - [2022-11-22T00:59:31.707+0000] {dagbag.py:537} INFO - Filling up the DagBag from /home/airflow/.local/lib/python3.7/site-packages/airflow/example_dags/example_bash_operator.py
[2022-11-22T00:59:31.731+0000] {processor.py:766} INFO - DAG(s) dict_keys(['example_bash_operator']) retrieved from /home/airflow/.local/lib/python3.7/site-packages/airflow/example_dags/example_bash_operator.py
[2022-11-22T00:59:31.786+0000] {logging_mixin.py:137} INFO - [2022-11-22T00:59:31.786+0000] {dag.py:2585} INFO - Sync 1 DAGs
[2022-11-22T00:59:31.822+0000] {logging_mixin.py:137} INFO - [2022-11-22T00:59:31.821+0000] {dag.py:3340} INFO - Setting next_dagrun for example_bash_operator to 2022-11-21T00:00:00+00:00, run_after=2022-11-22T00:00:00+00:00
[2022-11-22T00:59:31.845+0000] {processor.py:176} INFO - Processing /home/airflow/.local/lib/python3.7/site-packages/airflow/example_dags/example_bash_operator.py took 0.142 seconds
[2022-11-22T01:00:02.956+0000] {processor.py:154} INFO - Started process (PID=4120) to work on /home/airflow/.local/lib/python3.7/site-packages/airflow/example_dags/example_bash_operator.py
[2022-11-22T01:00:02.956+0000] {processor.py:756} INFO - Processing file /home/airflow/.local/lib/python3.7/site-packages/airflow/example_dags/example_bash_operator.py for tasks to queue
[2022-11-22T01:00:02.957+0000] {logging_mixin.py:137} INFO - [2022-11-22T01:00:02.957+0000] {dagbag.py:537} INFO - Filling up the DagBag from /home/airflow/.local/lib/python3.7/site-packages/airflow/example_dags/example_bash_operator.py
[2022-11-22T01:00:02.995+0000] {processor.py:766} INFO - DAG(s) dict_keys(['example_bash_operator']) retrieved from /home/airflow/.local/lib/python3.7/site-packages/airflow/example_dags/example_bash_operator.py
[2022-11-22T01:00:03.069+0000] {logging_mixin.py:137} INFO - [2022-11-22T01:00:03.069+0000] {dag.py:2585} INFO - Sync 1 DAGs
[2022-11-22T01:00:03.108+0000] {logging_mixin.py:137} INFO - [2022-11-22T01:00:03.107+0000] {dag.py:3340} INFO - Setting next_dagrun for example_bash_operator to 2022-11-21T00:00:00+00:00, run_after=2022-11-22T00:00:00+00:00
[2022-11-22T01:00:03.137+0000] {processor.py:176} INFO - Processing /home/airflow/.local/lib/python3.7/site-packages/airflow/example_dags/example_bash_operator.py took 0.185 seconds
[2022-11-22T01:00:34.111+0000] {processor.py:154} INFO - Started process (PID=4326) to work on /home/airflow/.local/lib/python3.7/site-packages/airflow/example_dags/example_bash_operator.py
[2022-11-22T01:00:34.112+0000] {processor.py:756} INFO - Processing file /home/airflow/.local/lib/python3.7/site-packages/airflow/example_dags/example_bash_operator.py for tasks to queue
[2022-11-22T01:00:34.113+0000] {logging_mixin.py:137} INFO - [2022-11-22T01:00:34.113+0000] {dagbag.py:537} INFO - Filling up the DagBag from /home/airflow/.local/lib/python3.7/site-packages/airflow/example_dags/example_bash_operator.py
[2022-11-22T01:00:34.135+0000] {processor.py:766} INFO - DAG(s) dict_keys(['example_bash_operator']) retrieved from /home/airflow/.local/lib/python3.7/site-packages/airflow/example_dags/example_bash_operator.py
[2022-11-22T01:00:34.182+0000] {logging_mixin.py:137} INFO - [2022-11-22T01:00:34.182+0000] {dag.py:2585} INFO - Sync 1 DAGs
[2022-11-22T01:00:34.214+0000] {logging_mixin.py:137} INFO - [2022-11-22T01:00:34.213+0000] {dag.py:3340} INFO - Setting next_dagrun for example_bash_operator to 2022-11-21T00:00:00+00:00, run_after=2022-11-22T00:00:00+00:00
[2022-11-22T01:00:34.243+0000] {processor.py:176} INFO - Processing /home/airflow/.local/lib/python3.7/site-packages/airflow/example_dags/example_bash_operator.py took 0.134 seconds
[2022-11-22T01:01:04.627+0000] {processor.py:154} INFO - Started process (PID=4524) to work on /home/airflow/.local/lib/python3.7/site-packages/airflow/example_dags/example_bash_operator.py
[2022-11-22T01:01:04.628+0000] {processor.py:756} INFO - Processing file /home/airflow/.local/lib/python3.7/site-packages/airflow/example_dags/example_bash_operator.py for tasks to queue
[2022-11-22T01:01:04.628+0000] {logging_mixin.py:137} INFO - [2022-11-22T01:01:04.628+0000] {dagbag.py:537} INFO - Filling up the DagBag from /home/airflow/.local/lib/python3.7/site-packages/airflow/example_dags/example_bash_operator.py
[2022-11-22T01:01:04.652+0000] {processor.py:766} INFO - DAG(s) dict_keys(['example_bash_operator']) retrieved from /home/airflow/.local/lib/python3.7/site-packages/airflow/example_dags/example_bash_operator.py
[2022-11-22T01:01:04.706+0000] {logging_mixin.py:137} INFO - [2022-11-22T01:01:04.706+0000] {dag.py:2585} INFO - Sync 1 DAGs
[2022-11-22T01:01:04.741+0000] {logging_mixin.py:137} INFO - [2022-11-22T01:01:04.740+0000] {dag.py:3340} INFO - Setting next_dagrun for example_bash_operator to 2022-11-21T00:00:00+00:00, run_after=2022-11-22T00:00:00+00:00
[2022-11-22T01:01:04.764+0000] {processor.py:176} INFO - Processing /home/airflow/.local/lib/python3.7/site-packages/airflow/example_dags/example_bash_operator.py took 0.140 seconds
[2022-11-22T01:01:35.561+0000] {processor.py:154} INFO - Started process (PID=4730) to work on /home/airflow/.local/lib/python3.7/site-packages/airflow/example_dags/example_bash_operator.py
[2022-11-22T01:01:35.562+0000] {processor.py:756} INFO - Processing file /home/airflow/.local/lib/python3.7/site-packages/airflow/example_dags/example_bash_operator.py for tasks to queue
[2022-11-22T01:01:35.562+0000] {logging_mixin.py:137} INFO - [2022-11-22T01:01:35.562+0000] {dagbag.py:537} INFO - Filling up the DagBag from /home/airflow/.local/lib/python3.7/site-packages/airflow/example_dags/example_bash_operator.py
[2022-11-22T01:01:35.586+0000] {processor.py:766} INFO - DAG(s) dict_keys(['example_bash_operator']) retrieved from /home/airflow/.local/lib/python3.7/site-packages/airflow/example_dags/example_bash_operator.py
[2022-11-22T01:01:35.644+0000] {logging_mixin.py:137} INFO - [2022-11-22T01:01:35.644+0000] {dag.py:2585} INFO - Sync 1 DAGs
[2022-11-22T01:01:35.677+0000] {logging_mixin.py:137} INFO - [2022-11-22T01:01:35.677+0000] {dag.py:3340} INFO - Setting next_dagrun for example_bash_operator to 2022-11-21T00:00:00+00:00, run_after=2022-11-22T00:00:00+00:00
[2022-11-22T01:01:35.699+0000] {processor.py:176} INFO - Processing /home/airflow/.local/lib/python3.7/site-packages/airflow/example_dags/example_bash_operator.py took 0.140 seconds
