[2022-11-22T00:50:17.193+0000] {processor.py:154} INFO - Started process (PID=181) to work on /home/airflow/.local/lib/python3.7/site-packages/airflow/example_dags/example_short_circuit_decorator.py
[2022-11-22T00:50:17.194+0000] {processor.py:756} INFO - Processing file /home/airflow/.local/lib/python3.7/site-packages/airflow/example_dags/example_short_circuit_decorator.py for tasks to queue
[2022-11-22T00:50:17.194+0000] {logging_mixin.py:137} INFO - [2022-11-22T00:50:17.194+0000] {dagbag.py:537} INFO - Filling up the DagBag from /home/airflow/.local/lib/python3.7/site-packages/airflow/example_dags/example_short_circuit_decorator.py
[2022-11-22T00:50:17.288+0000] {processor.py:766} INFO - DAG(s) dict_keys(['example_short_circuit_decorator']) retrieved from /home/airflow/.local/lib/python3.7/site-packages/airflow/example_dags/example_short_circuit_decorator.py
[2022-11-22T00:50:17.350+0000] {logging_mixin.py:137} INFO - [2022-11-22T00:50:17.349+0000] {dag.py:2585} INFO - Sync 1 DAGs
[2022-11-22T00:50:17.401+0000] {logging_mixin.py:137} INFO - [2022-11-22T00:50:17.401+0000] {dag.py:3340} INFO - Setting next_dagrun for example_short_circuit_decorator to 2022-11-21T00:50:17.400868+00:00, run_after=2022-11-22T00:50:17.400868+00:00
[2022-11-22T00:50:17.449+0000] {processor.py:176} INFO - Processing /home/airflow/.local/lib/python3.7/site-packages/airflow/example_dags/example_short_circuit_decorator.py took 0.263 seconds
[2022-11-22T00:50:47.924+0000] {processor.py:154} INFO - Started process (PID=381) to work on /home/airflow/.local/lib/python3.7/site-packages/airflow/example_dags/example_short_circuit_decorator.py
[2022-11-22T00:50:47.925+0000] {processor.py:756} INFO - Processing file /home/airflow/.local/lib/python3.7/site-packages/airflow/example_dags/example_short_circuit_decorator.py for tasks to queue
[2022-11-22T00:50:47.925+0000] {logging_mixin.py:137} INFO - [2022-11-22T00:50:47.925+0000] {dagbag.py:537} INFO - Filling up the DagBag from /home/airflow/.local/lib/python3.7/site-packages/airflow/example_dags/example_short_circuit_decorator.py
[2022-11-22T00:50:47.953+0000] {processor.py:766} INFO - DAG(s) dict_keys(['example_short_circuit_decorator']) retrieved from /home/airflow/.local/lib/python3.7/site-packages/airflow/example_dags/example_short_circuit_decorator.py
[2022-11-22T00:50:48.001+0000] {logging_mixin.py:137} INFO - [2022-11-22T00:50:48.001+0000] {dag.py:2585} INFO - Sync 1 DAGs
[2022-11-22T00:50:48.033+0000] {logging_mixin.py:137} INFO - [2022-11-22T00:50:48.033+0000] {dag.py:3340} INFO - Setting next_dagrun for example_short_circuit_decorator to 2022-11-21T00:50:48.033440+00:00, run_after=2022-11-22T00:50:48.033440+00:00
[2022-11-22T00:50:48.057+0000] {processor.py:176} INFO - Processing /home/airflow/.local/lib/python3.7/site-packages/airflow/example_dags/example_short_circuit_decorator.py took 0.136 seconds
[2022-11-22T00:51:18.260+0000] {processor.py:154} INFO - Started process (PID=593) to work on /home/airflow/.local/lib/python3.7/site-packages/airflow/example_dags/example_short_circuit_decorator.py
[2022-11-22T00:51:18.261+0000] {processor.py:756} INFO - Processing file /home/airflow/.local/lib/python3.7/site-packages/airflow/example_dags/example_short_circuit_decorator.py for tasks to queue
[2022-11-22T00:51:18.261+0000] {logging_mixin.py:137} INFO - [2022-11-22T00:51:18.261+0000] {dagbag.py:537} INFO - Filling up the DagBag from /home/airflow/.local/lib/python3.7/site-packages/airflow/example_dags/example_short_circuit_decorator.py
[2022-11-22T00:51:18.287+0000] {processor.py:766} INFO - DAG(s) dict_keys(['example_short_circuit_decorator']) retrieved from /home/airflow/.local/lib/python3.7/site-packages/airflow/example_dags/example_short_circuit_decorator.py
[2022-11-22T00:51:18.327+0000] {logging_mixin.py:137} INFO - [2022-11-22T00:51:18.327+0000] {dag.py:2585} INFO - Sync 1 DAGs
[2022-11-22T00:51:18.355+0000] {logging_mixin.py:137} INFO - [2022-11-22T00:51:18.355+0000] {dag.py:3340} INFO - Setting next_dagrun for example_short_circuit_decorator to 2022-11-21T00:51:18.355450+00:00, run_after=2022-11-22T00:51:18.355450+00:00
[2022-11-22T00:51:18.379+0000] {processor.py:176} INFO - Processing /home/airflow/.local/lib/python3.7/site-packages/airflow/example_dags/example_short_circuit_decorator.py took 0.122 seconds
[2022-11-22T00:51:48.533+0000] {processor.py:154} INFO - Started process (PID=789) to work on /home/airflow/.local/lib/python3.7/site-packages/airflow/example_dags/example_short_circuit_decorator.py
[2022-11-22T00:51:48.534+0000] {processor.py:756} INFO - Processing file /home/airflow/.local/lib/python3.7/site-packages/airflow/example_dags/example_short_circuit_decorator.py for tasks to queue
[2022-11-22T00:51:48.534+0000] {logging_mixin.py:137} INFO - [2022-11-22T00:51:48.534+0000] {dagbag.py:537} INFO - Filling up the DagBag from /home/airflow/.local/lib/python3.7/site-packages/airflow/example_dags/example_short_circuit_decorator.py
[2022-11-22T00:51:48.559+0000] {processor.py:766} INFO - DAG(s) dict_keys(['example_short_circuit_decorator']) retrieved from /home/airflow/.local/lib/python3.7/site-packages/airflow/example_dags/example_short_circuit_decorator.py
[2022-11-22T00:51:48.603+0000] {logging_mixin.py:137} INFO - [2022-11-22T00:51:48.603+0000] {dag.py:2585} INFO - Sync 1 DAGs
[2022-11-22T00:51:48.633+0000] {logging_mixin.py:137} INFO - [2022-11-22T00:51:48.633+0000] {dag.py:3340} INFO - Setting next_dagrun for example_short_circuit_decorator to 2022-11-21T00:51:48.633433+00:00, run_after=2022-11-22T00:51:48.633433+00:00
[2022-11-22T00:51:48.657+0000] {processor.py:176} INFO - Processing /home/airflow/.local/lib/python3.7/site-packages/airflow/example_dags/example_short_circuit_decorator.py took 0.126 seconds
[2022-11-22T00:52:19.104+0000] {processor.py:154} INFO - Started process (PID=999) to work on /home/airflow/.local/lib/python3.7/site-packages/airflow/example_dags/example_short_circuit_decorator.py
[2022-11-22T00:52:19.105+0000] {processor.py:756} INFO - Processing file /home/airflow/.local/lib/python3.7/site-packages/airflow/example_dags/example_short_circuit_decorator.py for tasks to queue
[2022-11-22T00:52:19.105+0000] {logging_mixin.py:137} INFO - [2022-11-22T00:52:19.105+0000] {dagbag.py:537} INFO - Filling up the DagBag from /home/airflow/.local/lib/python3.7/site-packages/airflow/example_dags/example_short_circuit_decorator.py
[2022-11-22T00:52:19.130+0000] {processor.py:766} INFO - DAG(s) dict_keys(['example_short_circuit_decorator']) retrieved from /home/airflow/.local/lib/python3.7/site-packages/airflow/example_dags/example_short_circuit_decorator.py
[2022-11-22T00:52:19.232+0000] {logging_mixin.py:137} INFO - [2022-11-22T00:52:19.231+0000] {dag.py:2585} INFO - Sync 1 DAGs
[2022-11-22T00:52:19.292+0000] {logging_mixin.py:137} INFO - [2022-11-22T00:52:19.292+0000] {dag.py:3340} INFO - Setting next_dagrun for example_short_circuit_decorator to 2022-11-21T00:52:19.292223+00:00, run_after=2022-11-22T00:52:19.292223+00:00
[2022-11-22T00:52:19.338+0000] {processor.py:176} INFO - Processing /home/airflow/.local/lib/python3.7/site-packages/airflow/example_dags/example_short_circuit_decorator.py took 0.236 seconds
[2022-11-22T00:52:49.520+0000] {processor.py:154} INFO - Started process (PID=1206) to work on /home/airflow/.local/lib/python3.7/site-packages/airflow/example_dags/example_short_circuit_decorator.py
[2022-11-22T00:52:49.520+0000] {processor.py:756} INFO - Processing file /home/airflow/.local/lib/python3.7/site-packages/airflow/example_dags/example_short_circuit_decorator.py for tasks to queue
[2022-11-22T00:52:49.521+0000] {logging_mixin.py:137} INFO - [2022-11-22T00:52:49.521+0000] {dagbag.py:537} INFO - Filling up the DagBag from /home/airflow/.local/lib/python3.7/site-packages/airflow/example_dags/example_short_circuit_decorator.py
[2022-11-22T00:52:49.554+0000] {processor.py:766} INFO - DAG(s) dict_keys(['example_short_circuit_decorator']) retrieved from /home/airflow/.local/lib/python3.7/site-packages/airflow/example_dags/example_short_circuit_decorator.py
[2022-11-22T00:52:49.608+0000] {logging_mixin.py:137} INFO - [2022-11-22T00:52:49.608+0000] {dag.py:2585} INFO - Sync 1 DAGs
[2022-11-22T00:52:49.648+0000] {logging_mixin.py:137} INFO - [2022-11-22T00:52:49.647+0000] {dag.py:3340} INFO - Setting next_dagrun for example_short_circuit_decorator to 2022-11-21T00:52:49.647674+00:00, run_after=2022-11-22T00:52:49.647674+00:00
[2022-11-22T00:52:49.672+0000] {processor.py:176} INFO - Processing /home/airflow/.local/lib/python3.7/site-packages/airflow/example_dags/example_short_circuit_decorator.py took 0.155 seconds
[2022-11-22T00:53:19.859+0000] {processor.py:154} INFO - Started process (PID=1405) to work on /home/airflow/.local/lib/python3.7/site-packages/airflow/example_dags/example_short_circuit_decorator.py
[2022-11-22T00:53:19.860+0000] {processor.py:756} INFO - Processing file /home/airflow/.local/lib/python3.7/site-packages/airflow/example_dags/example_short_circuit_decorator.py for tasks to queue
[2022-11-22T00:53:19.861+0000] {logging_mixin.py:137} INFO - [2022-11-22T00:53:19.861+0000] {dagbag.py:537} INFO - Filling up the DagBag from /home/airflow/.local/lib/python3.7/site-packages/airflow/example_dags/example_short_circuit_decorator.py
[2022-11-22T00:53:19.890+0000] {processor.py:766} INFO - DAG(s) dict_keys(['example_short_circuit_decorator']) retrieved from /home/airflow/.local/lib/python3.7/site-packages/airflow/example_dags/example_short_circuit_decorator.py
[2022-11-22T00:53:19.937+0000] {logging_mixin.py:137} INFO - [2022-11-22T00:53:19.937+0000] {dag.py:2585} INFO - Sync 1 DAGs
[2022-11-22T00:53:19.969+0000] {logging_mixin.py:137} INFO - [2022-11-22T00:53:19.968+0000] {dag.py:3340} INFO - Setting next_dagrun for example_short_circuit_decorator to 2022-11-21T00:53:19.968734+00:00, run_after=2022-11-22T00:53:19.968734+00:00
[2022-11-22T00:53:19.993+0000] {processor.py:176} INFO - Processing /home/airflow/.local/lib/python3.7/site-packages/airflow/example_dags/example_short_circuit_decorator.py took 0.136 seconds
[2022-11-22T00:53:50.152+0000] {processor.py:154} INFO - Started process (PID=1612) to work on /home/airflow/.local/lib/python3.7/site-packages/airflow/example_dags/example_short_circuit_decorator.py
[2022-11-22T00:53:50.152+0000] {processor.py:756} INFO - Processing file /home/airflow/.local/lib/python3.7/site-packages/airflow/example_dags/example_short_circuit_decorator.py for tasks to queue
[2022-11-22T00:53:50.153+0000] {logging_mixin.py:137} INFO - [2022-11-22T00:53:50.153+0000] {dagbag.py:537} INFO - Filling up the DagBag from /home/airflow/.local/lib/python3.7/site-packages/airflow/example_dags/example_short_circuit_decorator.py
[2022-11-22T00:53:50.180+0000] {processor.py:766} INFO - DAG(s) dict_keys(['example_short_circuit_decorator']) retrieved from /home/airflow/.local/lib/python3.7/site-packages/airflow/example_dags/example_short_circuit_decorator.py
[2022-11-22T00:53:50.231+0000] {logging_mixin.py:137} INFO - [2022-11-22T00:53:50.231+0000] {dag.py:2585} INFO - Sync 1 DAGs
[2022-11-22T00:53:50.263+0000] {logging_mixin.py:137} INFO - [2022-11-22T00:53:50.263+0000] {dag.py:3340} INFO - Setting next_dagrun for example_short_circuit_decorator to 2022-11-21T00:53:50.262741+00:00, run_after=2022-11-22T00:53:50.262741+00:00
[2022-11-22T00:53:50.287+0000] {processor.py:176} INFO - Processing /home/airflow/.local/lib/python3.7/site-packages/airflow/example_dags/example_short_circuit_decorator.py took 0.138 seconds
[2022-11-22T00:54:20.395+0000] {processor.py:154} INFO - Started process (PID=1810) to work on /home/airflow/.local/lib/python3.7/site-packages/airflow/example_dags/example_short_circuit_decorator.py
[2022-11-22T00:54:20.395+0000] {processor.py:756} INFO - Processing file /home/airflow/.local/lib/python3.7/site-packages/airflow/example_dags/example_short_circuit_decorator.py for tasks to queue
[2022-11-22T00:54:20.396+0000] {logging_mixin.py:137} INFO - [2022-11-22T00:54:20.396+0000] {dagbag.py:537} INFO - Filling up the DagBag from /home/airflow/.local/lib/python3.7/site-packages/airflow/example_dags/example_short_circuit_decorator.py
[2022-11-22T00:54:20.429+0000] {processor.py:766} INFO - DAG(s) dict_keys(['example_short_circuit_decorator']) retrieved from /home/airflow/.local/lib/python3.7/site-packages/airflow/example_dags/example_short_circuit_decorator.py
[2022-11-22T00:54:20.487+0000] {logging_mixin.py:137} INFO - [2022-11-22T00:54:20.487+0000] {dag.py:2585} INFO - Sync 1 DAGs
[2022-11-22T00:54:20.530+0000] {logging_mixin.py:137} INFO - [2022-11-22T00:54:20.529+0000] {dag.py:3340} INFO - Setting next_dagrun for example_short_circuit_decorator to 2022-11-21T00:54:20.529672+00:00, run_after=2022-11-22T00:54:20.529672+00:00
[2022-11-22T00:54:20.561+0000] {processor.py:176} INFO - Processing /home/airflow/.local/lib/python3.7/site-packages/airflow/example_dags/example_short_circuit_decorator.py took 0.169 seconds
[2022-11-22T00:54:50.619+0000] {processor.py:154} INFO - Started process (PID=2015) to work on /home/airflow/.local/lib/python3.7/site-packages/airflow/example_dags/example_short_circuit_decorator.py
[2022-11-22T00:54:50.620+0000] {processor.py:756} INFO - Processing file /home/airflow/.local/lib/python3.7/site-packages/airflow/example_dags/example_short_circuit_decorator.py for tasks to queue
[2022-11-22T00:54:50.621+0000] {logging_mixin.py:137} INFO - [2022-11-22T00:54:50.621+0000] {dagbag.py:537} INFO - Filling up the DagBag from /home/airflow/.local/lib/python3.7/site-packages/airflow/example_dags/example_short_circuit_decorator.py
[2022-11-22T00:54:50.648+0000] {processor.py:766} INFO - DAG(s) dict_keys(['example_short_circuit_decorator']) retrieved from /home/airflow/.local/lib/python3.7/site-packages/airflow/example_dags/example_short_circuit_decorator.py
[2022-11-22T00:54:50.694+0000] {logging_mixin.py:137} INFO - [2022-11-22T00:54:50.694+0000] {dag.py:2585} INFO - Sync 1 DAGs
[2022-11-22T00:54:50.726+0000] {logging_mixin.py:137} INFO - [2022-11-22T00:54:50.726+0000] {dag.py:3340} INFO - Setting next_dagrun for example_short_circuit_decorator to 2022-11-21T00:54:50.725107+00:00, run_after=2022-11-22T00:54:50.725107+00:00
[2022-11-22T00:54:50.750+0000] {processor.py:176} INFO - Processing /home/airflow/.local/lib/python3.7/site-packages/airflow/example_dags/example_short_circuit_decorator.py took 0.134 seconds
[2022-11-22T00:55:20.872+0000] {processor.py:154} INFO - Started process (PID=2221) to work on /home/airflow/.local/lib/python3.7/site-packages/airflow/example_dags/example_short_circuit_decorator.py
[2022-11-22T00:55:20.873+0000] {processor.py:756} INFO - Processing file /home/airflow/.local/lib/python3.7/site-packages/airflow/example_dags/example_short_circuit_decorator.py for tasks to queue
[2022-11-22T00:55:20.873+0000] {logging_mixin.py:137} INFO - [2022-11-22T00:55:20.873+0000] {dagbag.py:537} INFO - Filling up the DagBag from /home/airflow/.local/lib/python3.7/site-packages/airflow/example_dags/example_short_circuit_decorator.py
[2022-11-22T00:55:20.898+0000] {processor.py:766} INFO - DAG(s) dict_keys(['example_short_circuit_decorator']) retrieved from /home/airflow/.local/lib/python3.7/site-packages/airflow/example_dags/example_short_circuit_decorator.py
[2022-11-22T00:55:20.939+0000] {logging_mixin.py:137} INFO - [2022-11-22T00:55:20.938+0000] {dag.py:2585} INFO - Sync 1 DAGs
[2022-11-22T00:55:20.971+0000] {logging_mixin.py:137} INFO - [2022-11-22T00:55:20.971+0000] {dag.py:3340} INFO - Setting next_dagrun for example_short_circuit_decorator to 2022-11-21T00:55:20.971266+00:00, run_after=2022-11-22T00:55:20.971266+00:00
[2022-11-22T00:55:20.994+0000] {processor.py:176} INFO - Processing /home/airflow/.local/lib/python3.7/site-packages/airflow/example_dags/example_short_circuit_decorator.py took 0.124 seconds
[2022-11-22T00:55:51.126+0000] {processor.py:154} INFO - Started process (PID=2418) to work on /home/airflow/.local/lib/python3.7/site-packages/airflow/example_dags/example_short_circuit_decorator.py
[2022-11-22T00:55:51.127+0000] {processor.py:756} INFO - Processing file /home/airflow/.local/lib/python3.7/site-packages/airflow/example_dags/example_short_circuit_decorator.py for tasks to queue
[2022-11-22T00:55:51.129+0000] {logging_mixin.py:137} INFO - [2022-11-22T00:55:51.128+0000] {dagbag.py:537} INFO - Filling up the DagBag from /home/airflow/.local/lib/python3.7/site-packages/airflow/example_dags/example_short_circuit_decorator.py
[2022-11-22T00:55:51.164+0000] {processor.py:766} INFO - DAG(s) dict_keys(['example_short_circuit_decorator']) retrieved from /home/airflow/.local/lib/python3.7/site-packages/airflow/example_dags/example_short_circuit_decorator.py
[2022-11-22T00:55:51.208+0000] {logging_mixin.py:137} INFO - [2022-11-22T00:55:51.207+0000] {dag.py:2585} INFO - Sync 1 DAGs
[2022-11-22T00:55:51.240+0000] {logging_mixin.py:137} INFO - [2022-11-22T00:55:51.240+0000] {dag.py:3340} INFO - Setting next_dagrun for example_short_circuit_decorator to 2022-11-21T00:55:51.240273+00:00, run_after=2022-11-22T00:55:51.240273+00:00
[2022-11-22T00:55:51.264+0000] {processor.py:176} INFO - Processing /home/airflow/.local/lib/python3.7/site-packages/airflow/example_dags/example_short_circuit_decorator.py took 0.143 seconds
[2022-11-22T00:56:21.390+0000] {processor.py:154} INFO - Started process (PID=2625) to work on /home/airflow/.local/lib/python3.7/site-packages/airflow/example_dags/example_short_circuit_decorator.py
[2022-11-22T00:56:21.391+0000] {processor.py:756} INFO - Processing file /home/airflow/.local/lib/python3.7/site-packages/airflow/example_dags/example_short_circuit_decorator.py for tasks to queue
[2022-11-22T00:56:21.391+0000] {logging_mixin.py:137} INFO - [2022-11-22T00:56:21.391+0000] {dagbag.py:537} INFO - Filling up the DagBag from /home/airflow/.local/lib/python3.7/site-packages/airflow/example_dags/example_short_circuit_decorator.py
[2022-11-22T00:56:21.417+0000] {processor.py:766} INFO - DAG(s) dict_keys(['example_short_circuit_decorator']) retrieved from /home/airflow/.local/lib/python3.7/site-packages/airflow/example_dags/example_short_circuit_decorator.py
[2022-11-22T00:56:21.466+0000] {logging_mixin.py:137} INFO - [2022-11-22T00:56:21.466+0000] {dag.py:2585} INFO - Sync 1 DAGs
[2022-11-22T00:56:21.501+0000] {logging_mixin.py:137} INFO - [2022-11-22T00:56:21.501+0000] {dag.py:3340} INFO - Setting next_dagrun for example_short_circuit_decorator to 2022-11-21T00:56:21.501495+00:00, run_after=2022-11-22T00:56:21.501495+00:00
[2022-11-22T00:56:21.525+0000] {processor.py:176} INFO - Processing /home/airflow/.local/lib/python3.7/site-packages/airflow/example_dags/example_short_circuit_decorator.py took 0.138 seconds
[2022-11-22T00:56:51.716+0000] {processor.py:154} INFO - Started process (PID=2830) to work on /home/airflow/.local/lib/python3.7/site-packages/airflow/example_dags/example_short_circuit_decorator.py
[2022-11-22T00:56:51.720+0000] {processor.py:756} INFO - Processing file /home/airflow/.local/lib/python3.7/site-packages/airflow/example_dags/example_short_circuit_decorator.py for tasks to queue
[2022-11-22T00:56:51.721+0000] {logging_mixin.py:137} INFO - [2022-11-22T00:56:51.721+0000] {dagbag.py:537} INFO - Filling up the DagBag from /home/airflow/.local/lib/python3.7/site-packages/airflow/example_dags/example_short_circuit_decorator.py
[2022-11-22T00:56:51.772+0000] {processor.py:766} INFO - DAG(s) dict_keys(['example_short_circuit_decorator']) retrieved from /home/airflow/.local/lib/python3.7/site-packages/airflow/example_dags/example_short_circuit_decorator.py
[2022-11-22T00:56:51.822+0000] {logging_mixin.py:137} INFO - [2022-11-22T00:56:51.822+0000] {dag.py:2585} INFO - Sync 1 DAGs
[2022-11-22T00:56:51.857+0000] {logging_mixin.py:137} INFO - [2022-11-22T00:56:51.857+0000] {dag.py:3340} INFO - Setting next_dagrun for example_short_circuit_decorator to 2022-11-21T00:56:51.857207+00:00, run_after=2022-11-22T00:56:51.857207+00:00
[2022-11-22T00:56:51.891+0000] {processor.py:176} INFO - Processing /home/airflow/.local/lib/python3.7/site-packages/airflow/example_dags/example_short_circuit_decorator.py took 0.178 seconds
[2022-11-22T00:57:22.767+0000] {processor.py:154} INFO - Started process (PID=3030) to work on /home/airflow/.local/lib/python3.7/site-packages/airflow/example_dags/example_short_circuit_decorator.py
[2022-11-22T00:57:22.767+0000] {processor.py:756} INFO - Processing file /home/airflow/.local/lib/python3.7/site-packages/airflow/example_dags/example_short_circuit_decorator.py for tasks to queue
[2022-11-22T00:57:22.768+0000] {logging_mixin.py:137} INFO - [2022-11-22T00:57:22.768+0000] {dagbag.py:537} INFO - Filling up the DagBag from /home/airflow/.local/lib/python3.7/site-packages/airflow/example_dags/example_short_circuit_decorator.py
[2022-11-22T00:57:22.794+0000] {processor.py:766} INFO - DAG(s) dict_keys(['example_short_circuit_decorator']) retrieved from /home/airflow/.local/lib/python3.7/site-packages/airflow/example_dags/example_short_circuit_decorator.py
[2022-11-22T00:57:22.838+0000] {logging_mixin.py:137} INFO - [2022-11-22T00:57:22.838+0000] {dag.py:2585} INFO - Sync 1 DAGs
[2022-11-22T00:57:22.871+0000] {logging_mixin.py:137} INFO - [2022-11-22T00:57:22.871+0000] {dag.py:3340} INFO - Setting next_dagrun for example_short_circuit_decorator to 2022-11-21T00:57:22.870847+00:00, run_after=2022-11-22T00:57:22.870847+00:00
[2022-11-22T00:57:22.901+0000] {processor.py:176} INFO - Processing /home/airflow/.local/lib/python3.7/site-packages/airflow/example_dags/example_short_circuit_decorator.py took 0.137 seconds
[2022-11-22T00:57:53.563+0000] {processor.py:154} INFO - Started process (PID=3238) to work on /home/airflow/.local/lib/python3.7/site-packages/airflow/example_dags/example_short_circuit_decorator.py
[2022-11-22T00:57:53.563+0000] {processor.py:756} INFO - Processing file /home/airflow/.local/lib/python3.7/site-packages/airflow/example_dags/example_short_circuit_decorator.py for tasks to queue
[2022-11-22T00:57:53.564+0000] {logging_mixin.py:137} INFO - [2022-11-22T00:57:53.563+0000] {dagbag.py:537} INFO - Filling up the DagBag from /home/airflow/.local/lib/python3.7/site-packages/airflow/example_dags/example_short_circuit_decorator.py
[2022-11-22T00:57:53.590+0000] {processor.py:766} INFO - DAG(s) dict_keys(['example_short_circuit_decorator']) retrieved from /home/airflow/.local/lib/python3.7/site-packages/airflow/example_dags/example_short_circuit_decorator.py
[2022-11-22T00:57:53.637+0000] {logging_mixin.py:137} INFO - [2022-11-22T00:57:53.637+0000] {dag.py:2585} INFO - Sync 1 DAGs
[2022-11-22T00:57:53.668+0000] {logging_mixin.py:137} INFO - [2022-11-22T00:57:53.668+0000] {dag.py:3340} INFO - Setting next_dagrun for example_short_circuit_decorator to 2022-11-21T00:57:53.668250+00:00, run_after=2022-11-22T00:57:53.668250+00:00
[2022-11-22T00:57:53.694+0000] {processor.py:176} INFO - Processing /home/airflow/.local/lib/python3.7/site-packages/airflow/example_dags/example_short_circuit_decorator.py took 0.134 seconds
[2022-11-22T00:58:23.824+0000] {processor.py:154} INFO - Started process (PID=3442) to work on /home/airflow/.local/lib/python3.7/site-packages/airflow/example_dags/example_short_circuit_decorator.py
[2022-11-22T00:58:23.826+0000] {processor.py:756} INFO - Processing file /home/airflow/.local/lib/python3.7/site-packages/airflow/example_dags/example_short_circuit_decorator.py for tasks to queue
[2022-11-22T00:58:23.826+0000] {logging_mixin.py:137} INFO - [2022-11-22T00:58:23.826+0000] {dagbag.py:537} INFO - Filling up the DagBag from /home/airflow/.local/lib/python3.7/site-packages/airflow/example_dags/example_short_circuit_decorator.py
[2022-11-22T00:58:23.862+0000] {processor.py:766} INFO - DAG(s) dict_keys(['example_short_circuit_decorator']) retrieved from /home/airflow/.local/lib/python3.7/site-packages/airflow/example_dags/example_short_circuit_decorator.py
[2022-11-22T00:58:23.922+0000] {logging_mixin.py:137} INFO - [2022-11-22T00:58:23.922+0000] {dag.py:2585} INFO - Sync 1 DAGs
[2022-11-22T00:58:23.972+0000] {logging_mixin.py:137} INFO - [2022-11-22T00:58:23.972+0000] {dag.py:3340} INFO - Setting next_dagrun for example_short_circuit_decorator to 2022-11-21T00:58:23.970511+00:00, run_after=2022-11-22T00:58:23.970511+00:00
[2022-11-22T00:58:24.004+0000] {processor.py:176} INFO - Processing /home/airflow/.local/lib/python3.7/site-packages/airflow/example_dags/example_short_circuit_decorator.py took 0.186 seconds
[2022-11-22T00:58:54.121+0000] {processor.py:154} INFO - Started process (PID=3639) to work on /home/airflow/.local/lib/python3.7/site-packages/airflow/example_dags/example_short_circuit_decorator.py
[2022-11-22T00:58:54.122+0000] {processor.py:756} INFO - Processing file /home/airflow/.local/lib/python3.7/site-packages/airflow/example_dags/example_short_circuit_decorator.py for tasks to queue
[2022-11-22T00:58:54.123+0000] {logging_mixin.py:137} INFO - [2022-11-22T00:58:54.122+0000] {dagbag.py:537} INFO - Filling up the DagBag from /home/airflow/.local/lib/python3.7/site-packages/airflow/example_dags/example_short_circuit_decorator.py
[2022-11-22T00:58:54.149+0000] {processor.py:766} INFO - DAG(s) dict_keys(['example_short_circuit_decorator']) retrieved from /home/airflow/.local/lib/python3.7/site-packages/airflow/example_dags/example_short_circuit_decorator.py
[2022-11-22T00:58:54.193+0000] {logging_mixin.py:137} INFO - [2022-11-22T00:58:54.192+0000] {dag.py:2585} INFO - Sync 1 DAGs
[2022-11-22T00:58:54.226+0000] {logging_mixin.py:137} INFO - [2022-11-22T00:58:54.226+0000] {dag.py:3340} INFO - Setting next_dagrun for example_short_circuit_decorator to 2022-11-21T00:58:54.226127+00:00, run_after=2022-11-22T00:58:54.226127+00:00
[2022-11-22T00:58:54.250+0000] {processor.py:176} INFO - Processing /home/airflow/.local/lib/python3.7/site-packages/airflow/example_dags/example_short_circuit_decorator.py took 0.133 seconds
[2022-11-22T00:59:24.324+0000] {processor.py:154} INFO - Started process (PID=3846) to work on /home/airflow/.local/lib/python3.7/site-packages/airflow/example_dags/example_short_circuit_decorator.py
[2022-11-22T00:59:24.325+0000] {processor.py:756} INFO - Processing file /home/airflow/.local/lib/python3.7/site-packages/airflow/example_dags/example_short_circuit_decorator.py for tasks to queue
[2022-11-22T00:59:24.326+0000] {logging_mixin.py:137} INFO - [2022-11-22T00:59:24.326+0000] {dagbag.py:537} INFO - Filling up the DagBag from /home/airflow/.local/lib/python3.7/site-packages/airflow/example_dags/example_short_circuit_decorator.py
[2022-11-22T00:59:24.352+0000] {processor.py:766} INFO - DAG(s) dict_keys(['example_short_circuit_decorator']) retrieved from /home/airflow/.local/lib/python3.7/site-packages/airflow/example_dags/example_short_circuit_decorator.py
[2022-11-22T00:59:24.395+0000] {logging_mixin.py:137} INFO - [2022-11-22T00:59:24.395+0000] {dag.py:2585} INFO - Sync 1 DAGs
[2022-11-22T00:59:24.427+0000] {logging_mixin.py:137} INFO - [2022-11-22T00:59:24.427+0000] {dag.py:3340} INFO - Setting next_dagrun for example_short_circuit_decorator to 2022-11-21T00:59:24.427335+00:00, run_after=2022-11-22T00:59:24.427335+00:00
[2022-11-22T00:59:24.450+0000] {processor.py:176} INFO - Processing /home/airflow/.local/lib/python3.7/site-packages/airflow/example_dags/example_short_circuit_decorator.py took 0.129 seconds
[2022-11-22T00:59:54.534+0000] {processor.py:154} INFO - Started process (PID=4043) to work on /home/airflow/.local/lib/python3.7/site-packages/airflow/example_dags/example_short_circuit_decorator.py
[2022-11-22T00:59:54.535+0000] {processor.py:756} INFO - Processing file /home/airflow/.local/lib/python3.7/site-packages/airflow/example_dags/example_short_circuit_decorator.py for tasks to queue
[2022-11-22T00:59:54.536+0000] {logging_mixin.py:137} INFO - [2022-11-22T00:59:54.536+0000] {dagbag.py:537} INFO - Filling up the DagBag from /home/airflow/.local/lib/python3.7/site-packages/airflow/example_dags/example_short_circuit_decorator.py
[2022-11-22T00:59:54.565+0000] {processor.py:766} INFO - DAG(s) dict_keys(['example_short_circuit_decorator']) retrieved from /home/airflow/.local/lib/python3.7/site-packages/airflow/example_dags/example_short_circuit_decorator.py
[2022-11-22T00:59:54.610+0000] {logging_mixin.py:137} INFO - [2022-11-22T00:59:54.610+0000] {dag.py:2585} INFO - Sync 1 DAGs
[2022-11-22T00:59:54.642+0000] {logging_mixin.py:137} INFO - [2022-11-22T00:59:54.642+0000] {dag.py:3340} INFO - Setting next_dagrun for example_short_circuit_decorator to 2022-11-21T00:59:54.642242+00:00, run_after=2022-11-22T00:59:54.642242+00:00
[2022-11-22T00:59:54.665+0000] {processor.py:176} INFO - Processing /home/airflow/.local/lib/python3.7/site-packages/airflow/example_dags/example_short_circuit_decorator.py took 0.137 seconds
[2022-11-22T01:00:24.746+0000] {processor.py:154} INFO - Started process (PID=4249) to work on /home/airflow/.local/lib/python3.7/site-packages/airflow/example_dags/example_short_circuit_decorator.py
[2022-11-22T01:00:24.747+0000] {processor.py:756} INFO - Processing file /home/airflow/.local/lib/python3.7/site-packages/airflow/example_dags/example_short_circuit_decorator.py for tasks to queue
[2022-11-22T01:00:24.747+0000] {logging_mixin.py:137} INFO - [2022-11-22T01:00:24.747+0000] {dagbag.py:537} INFO - Filling up the DagBag from /home/airflow/.local/lib/python3.7/site-packages/airflow/example_dags/example_short_circuit_decorator.py
[2022-11-22T01:00:24.777+0000] {processor.py:766} INFO - DAG(s) dict_keys(['example_short_circuit_decorator']) retrieved from /home/airflow/.local/lib/python3.7/site-packages/airflow/example_dags/example_short_circuit_decorator.py
[2022-11-22T01:00:24.840+0000] {logging_mixin.py:137} INFO - [2022-11-22T01:00:24.840+0000] {dag.py:2585} INFO - Sync 1 DAGs
[2022-11-22T01:00:24.875+0000] {logging_mixin.py:137} INFO - [2022-11-22T01:00:24.875+0000] {dag.py:3340} INFO - Setting next_dagrun for example_short_circuit_decorator to 2022-11-21T01:00:24.875256+00:00, run_after=2022-11-22T01:00:24.875256+00:00
[2022-11-22T01:00:24.901+0000] {processor.py:176} INFO - Processing /home/airflow/.local/lib/python3.7/site-packages/airflow/example_dags/example_short_circuit_decorator.py took 0.158 seconds
[2022-11-22T01:00:55.035+0000] {processor.py:154} INFO - Started process (PID=4456) to work on /home/airflow/.local/lib/python3.7/site-packages/airflow/example_dags/example_short_circuit_decorator.py
[2022-11-22T01:00:55.036+0000] {processor.py:756} INFO - Processing file /home/airflow/.local/lib/python3.7/site-packages/airflow/example_dags/example_short_circuit_decorator.py for tasks to queue
[2022-11-22T01:00:55.036+0000] {logging_mixin.py:137} INFO - [2022-11-22T01:00:55.036+0000] {dagbag.py:537} INFO - Filling up the DagBag from /home/airflow/.local/lib/python3.7/site-packages/airflow/example_dags/example_short_circuit_decorator.py
[2022-11-22T01:00:55.067+0000] {processor.py:766} INFO - DAG(s) dict_keys(['example_short_circuit_decorator']) retrieved from /home/airflow/.local/lib/python3.7/site-packages/airflow/example_dags/example_short_circuit_decorator.py
[2022-11-22T01:00:55.120+0000] {logging_mixin.py:137} INFO - [2022-11-22T01:00:55.120+0000] {dag.py:2585} INFO - Sync 1 DAGs
[2022-11-22T01:00:55.158+0000] {logging_mixin.py:137} INFO - [2022-11-22T01:00:55.158+0000] {dag.py:3340} INFO - Setting next_dagrun for example_short_circuit_decorator to 2022-11-21T01:00:55.158582+00:00, run_after=2022-11-22T01:00:55.158582+00:00
[2022-11-22T01:00:55.202+0000] {processor.py:176} INFO - Processing /home/airflow/.local/lib/python3.7/site-packages/airflow/example_dags/example_short_circuit_decorator.py took 0.169 seconds
[2022-11-22T01:01:25.563+0000] {processor.py:154} INFO - Started process (PID=4654) to work on /home/airflow/.local/lib/python3.7/site-packages/airflow/example_dags/example_short_circuit_decorator.py
[2022-11-22T01:01:25.564+0000] {processor.py:756} INFO - Processing file /home/airflow/.local/lib/python3.7/site-packages/airflow/example_dags/example_short_circuit_decorator.py for tasks to queue
[2022-11-22T01:01:25.565+0000] {logging_mixin.py:137} INFO - [2022-11-22T01:01:25.565+0000] {dagbag.py:537} INFO - Filling up the DagBag from /home/airflow/.local/lib/python3.7/site-packages/airflow/example_dags/example_short_circuit_decorator.py
[2022-11-22T01:01:25.593+0000] {processor.py:766} INFO - DAG(s) dict_keys(['example_short_circuit_decorator']) retrieved from /home/airflow/.local/lib/python3.7/site-packages/airflow/example_dags/example_short_circuit_decorator.py
[2022-11-22T01:01:25.636+0000] {logging_mixin.py:137} INFO - [2022-11-22T01:01:25.636+0000] {dag.py:2585} INFO - Sync 1 DAGs
[2022-11-22T01:01:25.668+0000] {logging_mixin.py:137} INFO - [2022-11-22T01:01:25.668+0000] {dag.py:3340} INFO - Setting next_dagrun for example_short_circuit_decorator to 2022-11-21T01:01:25.668171+00:00, run_after=2022-11-22T01:01:25.668171+00:00
[2022-11-22T01:01:25.693+0000] {processor.py:176} INFO - Processing /home/airflow/.local/lib/python3.7/site-packages/airflow/example_dags/example_short_circuit_decorator.py took 0.132 seconds
