[2022-11-22T00:50:19.471+0000] {processor.py:154} INFO - Started process (PID=273) to work on /home/airflow/.local/lib/python3.7/site-packages/airflow/example_dags/example_branch_datetime_operator.py
[2022-11-22T00:50:19.472+0000] {processor.py:756} INFO - Processing file /home/airflow/.local/lib/python3.7/site-packages/airflow/example_dags/example_branch_datetime_operator.py for tasks to queue
[2022-11-22T00:50:19.472+0000] {logging_mixin.py:137} INFO - [2022-11-22T00:50:19.472+0000] {dagbag.py:537} INFO - Filling up the DagBag from /home/airflow/.local/lib/python3.7/site-packages/airflow/example_dags/example_branch_datetime_operator.py
[2022-11-22T00:50:19.496+0000] {processor.py:766} INFO - DAG(s) dict_keys(['example_branch_datetime_operator_2', 'example_branch_datetime_operator_3', 'example_branch_datetime_operator']) retrieved from /home/airflow/.local/lib/python3.7/site-packages/airflow/example_dags/example_branch_datetime_operator.py
[2022-11-22T00:50:19.529+0000] {logging_mixin.py:137} INFO - [2022-11-22T00:50:19.528+0000] {dag.py:2585} INFO - Sync 3 DAGs
[2022-11-22T00:50:19.563+0000] {logging_mixin.py:137} INFO - [2022-11-22T00:50:19.562+0000] {dag.py:3340} INFO - Setting next_dagrun for example_branch_datetime_operator to 2022-11-21T00:00:00+00:00, run_after=2022-11-22T00:00:00+00:00
[2022-11-22T00:50:19.569+0000] {logging_mixin.py:137} INFO - [2022-11-22T00:50:19.568+0000] {dag.py:3340} INFO - Setting next_dagrun for example_branch_datetime_operator_2 to 2022-11-21T00:00:00+00:00, run_after=2022-11-22T00:00:00+00:00
[2022-11-22T00:50:19.572+0000] {logging_mixin.py:137} INFO - [2022-11-22T00:50:19.572+0000] {dag.py:3340} INFO - Setting next_dagrun for example_branch_datetime_operator_3 to 2022-11-21T00:00:00+00:00, run_after=2022-11-22T00:00:00+00:00
[2022-11-22T00:50:19.592+0000] {processor.py:176} INFO - Processing /home/airflow/.local/lib/python3.7/site-packages/airflow/example_dags/example_branch_datetime_operator.py took 0.124 seconds
[2022-11-22T00:50:50.513+0000] {processor.py:154} INFO - Started process (PID=471) to work on /home/airflow/.local/lib/python3.7/site-packages/airflow/example_dags/example_branch_datetime_operator.py
[2022-11-22T00:50:50.514+0000] {processor.py:756} INFO - Processing file /home/airflow/.local/lib/python3.7/site-packages/airflow/example_dags/example_branch_datetime_operator.py for tasks to queue
[2022-11-22T00:50:50.515+0000] {logging_mixin.py:137} INFO - [2022-11-22T00:50:50.515+0000] {dagbag.py:537} INFO - Filling up the DagBag from /home/airflow/.local/lib/python3.7/site-packages/airflow/example_dags/example_branch_datetime_operator.py
[2022-11-22T00:50:50.536+0000] {processor.py:766} INFO - DAG(s) dict_keys(['example_branch_datetime_operator_3', 'example_branch_datetime_operator', 'example_branch_datetime_operator_2']) retrieved from /home/airflow/.local/lib/python3.7/site-packages/airflow/example_dags/example_branch_datetime_operator.py
[2022-11-22T00:50:50.589+0000] {logging_mixin.py:137} INFO - [2022-11-22T00:50:50.589+0000] {dag.py:2585} INFO - Sync 3 DAGs
[2022-11-22T00:50:50.624+0000] {logging_mixin.py:137} INFO - [2022-11-22T00:50:50.624+0000] {dag.py:3340} INFO - Setting next_dagrun for example_branch_datetime_operator to 2022-11-21T00:00:00+00:00, run_after=2022-11-22T00:00:00+00:00
[2022-11-22T00:50:50.632+0000] {logging_mixin.py:137} INFO - [2022-11-22T00:50:50.632+0000] {dag.py:3340} INFO - Setting next_dagrun for example_branch_datetime_operator_2 to 2022-11-21T00:00:00+00:00, run_after=2022-11-22T00:00:00+00:00
[2022-11-22T00:50:50.636+0000] {logging_mixin.py:137} INFO - [2022-11-22T00:50:50.635+0000] {dag.py:3340} INFO - Setting next_dagrun for example_branch_datetime_operator_3 to 2022-11-21T00:00:00+00:00, run_after=2022-11-22T00:00:00+00:00
[2022-11-22T00:50:50.662+0000] {processor.py:176} INFO - Processing /home/airflow/.local/lib/python3.7/site-packages/airflow/example_dags/example_branch_datetime_operator.py took 0.154 seconds
[2022-11-22T00:51:20.792+0000] {processor.py:154} INFO - Started process (PID=681) to work on /home/airflow/.local/lib/python3.7/site-packages/airflow/example_dags/example_branch_datetime_operator.py
[2022-11-22T00:51:20.793+0000] {processor.py:756} INFO - Processing file /home/airflow/.local/lib/python3.7/site-packages/airflow/example_dags/example_branch_datetime_operator.py for tasks to queue
[2022-11-22T00:51:20.794+0000] {logging_mixin.py:137} INFO - [2022-11-22T00:51:20.793+0000] {dagbag.py:537} INFO - Filling up the DagBag from /home/airflow/.local/lib/python3.7/site-packages/airflow/example_dags/example_branch_datetime_operator.py
[2022-11-22T00:51:20.811+0000] {processor.py:766} INFO - DAG(s) dict_keys(['example_branch_datetime_operator_3', 'example_branch_datetime_operator', 'example_branch_datetime_operator_2']) retrieved from /home/airflow/.local/lib/python3.7/site-packages/airflow/example_dags/example_branch_datetime_operator.py
[2022-11-22T00:51:20.853+0000] {logging_mixin.py:137} INFO - [2022-11-22T00:51:20.853+0000] {dag.py:2585} INFO - Sync 3 DAGs
[2022-11-22T00:51:20.883+0000] {logging_mixin.py:137} INFO - [2022-11-22T00:51:20.883+0000] {dag.py:3340} INFO - Setting next_dagrun for example_branch_datetime_operator to 2022-11-21T00:00:00+00:00, run_after=2022-11-22T00:00:00+00:00
[2022-11-22T00:51:20.888+0000] {logging_mixin.py:137} INFO - [2022-11-22T00:51:20.888+0000] {dag.py:3340} INFO - Setting next_dagrun for example_branch_datetime_operator_2 to 2022-11-21T00:00:00+00:00, run_after=2022-11-22T00:00:00+00:00
[2022-11-22T00:51:20.891+0000] {logging_mixin.py:137} INFO - [2022-11-22T00:51:20.891+0000] {dag.py:3340} INFO - Setting next_dagrun for example_branch_datetime_operator_3 to 2022-11-21T00:00:00+00:00, run_after=2022-11-22T00:00:00+00:00
[2022-11-22T00:51:20.911+0000] {processor.py:176} INFO - Processing /home/airflow/.local/lib/python3.7/site-packages/airflow/example_dags/example_branch_datetime_operator.py took 0.122 seconds
[2022-11-22T00:51:51.222+0000] {processor.py:154} INFO - Started process (PID=889) to work on /home/airflow/.local/lib/python3.7/site-packages/airflow/example_dags/example_branch_datetime_operator.py
[2022-11-22T00:51:51.223+0000] {processor.py:756} INFO - Processing file /home/airflow/.local/lib/python3.7/site-packages/airflow/example_dags/example_branch_datetime_operator.py for tasks to queue
[2022-11-22T00:51:51.224+0000] {logging_mixin.py:137} INFO - [2022-11-22T00:51:51.224+0000] {dagbag.py:537} INFO - Filling up the DagBag from /home/airflow/.local/lib/python3.7/site-packages/airflow/example_dags/example_branch_datetime_operator.py
[2022-11-22T00:51:51.258+0000] {processor.py:766} INFO - DAG(s) dict_keys(['example_branch_datetime_operator_3', 'example_branch_datetime_operator_2', 'example_branch_datetime_operator']) retrieved from /home/airflow/.local/lib/python3.7/site-packages/airflow/example_dags/example_branch_datetime_operator.py
[2022-11-22T00:51:51.322+0000] {logging_mixin.py:137} INFO - [2022-11-22T00:51:51.322+0000] {dag.py:2585} INFO - Sync 3 DAGs
[2022-11-22T00:51:51.355+0000] {logging_mixin.py:137} INFO - [2022-11-22T00:51:51.355+0000] {dag.py:3340} INFO - Setting next_dagrun for example_branch_datetime_operator to 2022-11-21T00:00:00+00:00, run_after=2022-11-22T00:00:00+00:00
[2022-11-22T00:51:51.362+0000] {logging_mixin.py:137} INFO - [2022-11-22T00:51:51.362+0000] {dag.py:3340} INFO - Setting next_dagrun for example_branch_datetime_operator_2 to 2022-11-21T00:00:00+00:00, run_after=2022-11-22T00:00:00+00:00
[2022-11-22T00:51:51.366+0000] {logging_mixin.py:137} INFO - [2022-11-22T00:51:51.366+0000] {dag.py:3340} INFO - Setting next_dagrun for example_branch_datetime_operator_3 to 2022-11-21T00:00:00+00:00, run_after=2022-11-22T00:00:00+00:00
[2022-11-22T00:51:51.424+0000] {processor.py:176} INFO - Processing /home/airflow/.local/lib/python3.7/site-packages/airflow/example_dags/example_branch_datetime_operator.py took 0.205 seconds
[2022-11-22T00:52:21.802+0000] {processor.py:154} INFO - Started process (PID=1089) to work on /home/airflow/.local/lib/python3.7/site-packages/airflow/example_dags/example_branch_datetime_operator.py
[2022-11-22T00:52:21.803+0000] {processor.py:756} INFO - Processing file /home/airflow/.local/lib/python3.7/site-packages/airflow/example_dags/example_branch_datetime_operator.py for tasks to queue
[2022-11-22T00:52:21.804+0000] {logging_mixin.py:137} INFO - [2022-11-22T00:52:21.803+0000] {dagbag.py:537} INFO - Filling up the DagBag from /home/airflow/.local/lib/python3.7/site-packages/airflow/example_dags/example_branch_datetime_operator.py
[2022-11-22T00:52:21.825+0000] {processor.py:766} INFO - DAG(s) dict_keys(['example_branch_datetime_operator_3', 'example_branch_datetime_operator_2', 'example_branch_datetime_operator']) retrieved from /home/airflow/.local/lib/python3.7/site-packages/airflow/example_dags/example_branch_datetime_operator.py
[2022-11-22T00:52:21.893+0000] {logging_mixin.py:137} INFO - [2022-11-22T00:52:21.893+0000] {dag.py:2585} INFO - Sync 3 DAGs
[2022-11-22T00:52:21.928+0000] {logging_mixin.py:137} INFO - [2022-11-22T00:52:21.928+0000] {dag.py:3340} INFO - Setting next_dagrun for example_branch_datetime_operator to 2022-11-21T00:00:00+00:00, run_after=2022-11-22T00:00:00+00:00
[2022-11-22T00:52:21.937+0000] {logging_mixin.py:137} INFO - [2022-11-22T00:52:21.937+0000] {dag.py:3340} INFO - Setting next_dagrun for example_branch_datetime_operator_2 to 2022-11-21T00:00:00+00:00, run_after=2022-11-22T00:00:00+00:00
[2022-11-22T00:52:21.941+0000] {logging_mixin.py:137} INFO - [2022-11-22T00:52:21.941+0000] {dag.py:3340} INFO - Setting next_dagrun for example_branch_datetime_operator_3 to 2022-11-21T00:00:00+00:00, run_after=2022-11-22T00:00:00+00:00
[2022-11-22T00:52:21.963+0000] {processor.py:176} INFO - Processing /home/airflow/.local/lib/python3.7/site-packages/airflow/example_dags/example_branch_datetime_operator.py took 0.165 seconds
[2022-11-22T00:52:52.082+0000] {processor.py:154} INFO - Started process (PID=1296) to work on /home/airflow/.local/lib/python3.7/site-packages/airflow/example_dags/example_branch_datetime_operator.py
[2022-11-22T00:52:52.083+0000] {processor.py:756} INFO - Processing file /home/airflow/.local/lib/python3.7/site-packages/airflow/example_dags/example_branch_datetime_operator.py for tasks to queue
[2022-11-22T00:52:52.084+0000] {logging_mixin.py:137} INFO - [2022-11-22T00:52:52.084+0000] {dagbag.py:537} INFO - Filling up the DagBag from /home/airflow/.local/lib/python3.7/site-packages/airflow/example_dags/example_branch_datetime_operator.py
[2022-11-22T00:52:52.104+0000] {processor.py:766} INFO - DAG(s) dict_keys(['example_branch_datetime_operator_2', 'example_branch_datetime_operator_3', 'example_branch_datetime_operator']) retrieved from /home/airflow/.local/lib/python3.7/site-packages/airflow/example_dags/example_branch_datetime_operator.py
[2022-11-22T00:52:52.162+0000] {logging_mixin.py:137} INFO - [2022-11-22T00:52:52.162+0000] {dag.py:2585} INFO - Sync 3 DAGs
[2022-11-22T00:52:52.196+0000] {logging_mixin.py:137} INFO - [2022-11-22T00:52:52.196+0000] {dag.py:3340} INFO - Setting next_dagrun for example_branch_datetime_operator to 2022-11-21T00:00:00+00:00, run_after=2022-11-22T00:00:00+00:00
[2022-11-22T00:52:52.202+0000] {logging_mixin.py:137} INFO - [2022-11-22T00:52:52.202+0000] {dag.py:3340} INFO - Setting next_dagrun for example_branch_datetime_operator_2 to 2022-11-21T00:00:00+00:00, run_after=2022-11-22T00:00:00+00:00
[2022-11-22T00:52:52.206+0000] {logging_mixin.py:137} INFO - [2022-11-22T00:52:52.206+0000] {dag.py:3340} INFO - Setting next_dagrun for example_branch_datetime_operator_3 to 2022-11-21T00:00:00+00:00, run_after=2022-11-22T00:00:00+00:00
[2022-11-22T00:52:52.227+0000] {processor.py:176} INFO - Processing /home/airflow/.local/lib/python3.7/site-packages/airflow/example_dags/example_branch_datetime_operator.py took 0.148 seconds
[2022-11-22T00:53:22.628+0000] {processor.py:154} INFO - Started process (PID=1495) to work on /home/airflow/.local/lib/python3.7/site-packages/airflow/example_dags/example_branch_datetime_operator.py
[2022-11-22T00:53:22.628+0000] {processor.py:756} INFO - Processing file /home/airflow/.local/lib/python3.7/site-packages/airflow/example_dags/example_branch_datetime_operator.py for tasks to queue
[2022-11-22T00:53:22.629+0000] {logging_mixin.py:137} INFO - [2022-11-22T00:53:22.629+0000] {dagbag.py:537} INFO - Filling up the DagBag from /home/airflow/.local/lib/python3.7/site-packages/airflow/example_dags/example_branch_datetime_operator.py
[2022-11-22T00:53:22.647+0000] {processor.py:766} INFO - DAG(s) dict_keys(['example_branch_datetime_operator', 'example_branch_datetime_operator_2', 'example_branch_datetime_operator_3']) retrieved from /home/airflow/.local/lib/python3.7/site-packages/airflow/example_dags/example_branch_datetime_operator.py
[2022-11-22T00:53:22.703+0000] {logging_mixin.py:137} INFO - [2022-11-22T00:53:22.702+0000] {dag.py:2585} INFO - Sync 3 DAGs
[2022-11-22T00:53:22.737+0000] {logging_mixin.py:137} INFO - [2022-11-22T00:53:22.736+0000] {dag.py:3340} INFO - Setting next_dagrun for example_branch_datetime_operator to 2022-11-21T00:00:00+00:00, run_after=2022-11-22T00:00:00+00:00
[2022-11-22T00:53:22.742+0000] {logging_mixin.py:137} INFO - [2022-11-22T00:53:22.742+0000] {dag.py:3340} INFO - Setting next_dagrun for example_branch_datetime_operator_2 to 2022-11-21T00:00:00+00:00, run_after=2022-11-22T00:00:00+00:00
[2022-11-22T00:53:22.746+0000] {logging_mixin.py:137} INFO - [2022-11-22T00:53:22.746+0000] {dag.py:3340} INFO - Setting next_dagrun for example_branch_datetime_operator_3 to 2022-11-21T00:00:00+00:00, run_after=2022-11-22T00:00:00+00:00
[2022-11-22T00:53:22.772+0000] {processor.py:176} INFO - Processing /home/airflow/.local/lib/python3.7/site-packages/airflow/example_dags/example_branch_datetime_operator.py took 0.148 seconds
[2022-11-22T00:53:53.597+0000] {processor.py:154} INFO - Started process (PID=1702) to work on /home/airflow/.local/lib/python3.7/site-packages/airflow/example_dags/example_branch_datetime_operator.py
[2022-11-22T00:53:53.598+0000] {processor.py:756} INFO - Processing file /home/airflow/.local/lib/python3.7/site-packages/airflow/example_dags/example_branch_datetime_operator.py for tasks to queue
[2022-11-22T00:53:53.598+0000] {logging_mixin.py:137} INFO - [2022-11-22T00:53:53.598+0000] {dagbag.py:537} INFO - Filling up the DagBag from /home/airflow/.local/lib/python3.7/site-packages/airflow/example_dags/example_branch_datetime_operator.py
[2022-11-22T00:53:53.617+0000] {processor.py:766} INFO - DAG(s) dict_keys(['example_branch_datetime_operator_3', 'example_branch_datetime_operator', 'example_branch_datetime_operator_2']) retrieved from /home/airflow/.local/lib/python3.7/site-packages/airflow/example_dags/example_branch_datetime_operator.py
[2022-11-22T00:53:53.671+0000] {logging_mixin.py:137} INFO - [2022-11-22T00:53:53.671+0000] {dag.py:2585} INFO - Sync 3 DAGs
[2022-11-22T00:53:53.704+0000] {logging_mixin.py:137} INFO - [2022-11-22T00:53:53.704+0000] {dag.py:3340} INFO - Setting next_dagrun for example_branch_datetime_operator to 2022-11-21T00:00:00+00:00, run_after=2022-11-22T00:00:00+00:00
[2022-11-22T00:53:53.712+0000] {logging_mixin.py:137} INFO - [2022-11-22T00:53:53.711+0000] {dag.py:3340} INFO - Setting next_dagrun for example_branch_datetime_operator_2 to 2022-11-21T00:00:00+00:00, run_after=2022-11-22T00:00:00+00:00
[2022-11-22T00:53:53.715+0000] {logging_mixin.py:137} INFO - [2022-11-22T00:53:53.715+0000] {dag.py:3340} INFO - Setting next_dagrun for example_branch_datetime_operator_3 to 2022-11-21T00:00:00+00:00, run_after=2022-11-22T00:00:00+00:00
[2022-11-22T00:53:53.742+0000] {processor.py:176} INFO - Processing /home/airflow/.local/lib/python3.7/site-packages/airflow/example_dags/example_branch_datetime_operator.py took 0.149 seconds
[2022-11-22T00:54:23.984+0000] {processor.py:154} INFO - Started process (PID=1911) to work on /home/airflow/.local/lib/python3.7/site-packages/airflow/example_dags/example_branch_datetime_operator.py
[2022-11-22T00:54:23.985+0000] {processor.py:756} INFO - Processing file /home/airflow/.local/lib/python3.7/site-packages/airflow/example_dags/example_branch_datetime_operator.py for tasks to queue
[2022-11-22T00:54:23.985+0000] {logging_mixin.py:137} INFO - [2022-11-22T00:54:23.985+0000] {dagbag.py:537} INFO - Filling up the DagBag from /home/airflow/.local/lib/python3.7/site-packages/airflow/example_dags/example_branch_datetime_operator.py
[2022-11-22T00:54:24.002+0000] {processor.py:766} INFO - DAG(s) dict_keys(['example_branch_datetime_operator', 'example_branch_datetime_operator_3', 'example_branch_datetime_operator_2']) retrieved from /home/airflow/.local/lib/python3.7/site-packages/airflow/example_dags/example_branch_datetime_operator.py
[2022-11-22T00:54:24.049+0000] {logging_mixin.py:137} INFO - [2022-11-22T00:54:24.049+0000] {dag.py:2585} INFO - Sync 3 DAGs
[2022-11-22T00:54:24.080+0000] {logging_mixin.py:137} INFO - [2022-11-22T00:54:24.080+0000] {dag.py:3340} INFO - Setting next_dagrun for example_branch_datetime_operator to 2022-11-21T00:00:00+00:00, run_after=2022-11-22T00:00:00+00:00
[2022-11-22T00:54:24.085+0000] {logging_mixin.py:137} INFO - [2022-11-22T00:54:24.085+0000] {dag.py:3340} INFO - Setting next_dagrun for example_branch_datetime_operator_2 to 2022-11-21T00:00:00+00:00, run_after=2022-11-22T00:00:00+00:00
[2022-11-22T00:54:24.089+0000] {logging_mixin.py:137} INFO - [2022-11-22T00:54:24.089+0000] {dag.py:3340} INFO - Setting next_dagrun for example_branch_datetime_operator_3 to 2022-11-21T00:00:00+00:00, run_after=2022-11-22T00:00:00+00:00
[2022-11-22T00:54:24.108+0000] {processor.py:176} INFO - Processing /home/airflow/.local/lib/python3.7/site-packages/airflow/example_dags/example_branch_datetime_operator.py took 0.127 seconds
[2022-11-22T00:54:55.243+0000] {processor.py:154} INFO - Started process (PID=2105) to work on /home/airflow/.local/lib/python3.7/site-packages/airflow/example_dags/example_branch_datetime_operator.py
[2022-11-22T00:54:55.244+0000] {processor.py:756} INFO - Processing file /home/airflow/.local/lib/python3.7/site-packages/airflow/example_dags/example_branch_datetime_operator.py for tasks to queue
[2022-11-22T00:54:55.245+0000] {logging_mixin.py:137} INFO - [2022-11-22T00:54:55.245+0000] {dagbag.py:537} INFO - Filling up the DagBag from /home/airflow/.local/lib/python3.7/site-packages/airflow/example_dags/example_branch_datetime_operator.py
[2022-11-22T00:54:55.267+0000] {processor.py:766} INFO - DAG(s) dict_keys(['example_branch_datetime_operator', 'example_branch_datetime_operator_2', 'example_branch_datetime_operator_3']) retrieved from /home/airflow/.local/lib/python3.7/site-packages/airflow/example_dags/example_branch_datetime_operator.py
[2022-11-22T00:54:55.327+0000] {logging_mixin.py:137} INFO - [2022-11-22T00:54:55.327+0000] {dag.py:2585} INFO - Sync 3 DAGs
[2022-11-22T00:54:55.362+0000] {logging_mixin.py:137} INFO - [2022-11-22T00:54:55.362+0000] {dag.py:3340} INFO - Setting next_dagrun for example_branch_datetime_operator to 2022-11-21T00:00:00+00:00, run_after=2022-11-22T00:00:00+00:00
[2022-11-22T00:54:55.368+0000] {logging_mixin.py:137} INFO - [2022-11-22T00:54:55.368+0000] {dag.py:3340} INFO - Setting next_dagrun for example_branch_datetime_operator_2 to 2022-11-21T00:00:00+00:00, run_after=2022-11-22T00:00:00+00:00
[2022-11-22T00:54:55.374+0000] {logging_mixin.py:137} INFO - [2022-11-22T00:54:55.374+0000] {dag.py:3340} INFO - Setting next_dagrun for example_branch_datetime_operator_3 to 2022-11-21T00:00:00+00:00, run_after=2022-11-22T00:00:00+00:00
[2022-11-22T00:54:55.398+0000] {processor.py:176} INFO - Processing /home/airflow/.local/lib/python3.7/site-packages/airflow/example_dags/example_branch_datetime_operator.py took 0.158 seconds
[2022-11-22T00:55:25.683+0000] {processor.py:154} INFO - Started process (PID=2311) to work on /home/airflow/.local/lib/python3.7/site-packages/airflow/example_dags/example_branch_datetime_operator.py
[2022-11-22T00:55:25.684+0000] {processor.py:756} INFO - Processing file /home/airflow/.local/lib/python3.7/site-packages/airflow/example_dags/example_branch_datetime_operator.py for tasks to queue
[2022-11-22T00:55:25.684+0000] {logging_mixin.py:137} INFO - [2022-11-22T00:55:25.684+0000] {dagbag.py:537} INFO - Filling up the DagBag from /home/airflow/.local/lib/python3.7/site-packages/airflow/example_dags/example_branch_datetime_operator.py
[2022-11-22T00:55:25.703+0000] {processor.py:766} INFO - DAG(s) dict_keys(['example_branch_datetime_operator', 'example_branch_datetime_operator_2', 'example_branch_datetime_operator_3']) retrieved from /home/airflow/.local/lib/python3.7/site-packages/airflow/example_dags/example_branch_datetime_operator.py
[2022-11-22T00:55:25.752+0000] {logging_mixin.py:137} INFO - [2022-11-22T00:55:25.751+0000] {dag.py:2585} INFO - Sync 3 DAGs
[2022-11-22T00:55:25.783+0000] {logging_mixin.py:137} INFO - [2022-11-22T00:55:25.782+0000] {dag.py:3340} INFO - Setting next_dagrun for example_branch_datetime_operator to 2022-11-21T00:00:00+00:00, run_after=2022-11-22T00:00:00+00:00
[2022-11-22T00:55:25.788+0000] {logging_mixin.py:137} INFO - [2022-11-22T00:55:25.788+0000] {dag.py:3340} INFO - Setting next_dagrun for example_branch_datetime_operator_2 to 2022-11-21T00:00:00+00:00, run_after=2022-11-22T00:00:00+00:00
[2022-11-22T00:55:25.791+0000] {logging_mixin.py:137} INFO - [2022-11-22T00:55:25.791+0000] {dag.py:3340} INFO - Setting next_dagrun for example_branch_datetime_operator_3 to 2022-11-21T00:00:00+00:00, run_after=2022-11-22T00:00:00+00:00
[2022-11-22T00:55:25.811+0000] {processor.py:176} INFO - Processing /home/airflow/.local/lib/python3.7/site-packages/airflow/example_dags/example_branch_datetime_operator.py took 0.130 seconds
[2022-11-22T00:55:56.743+0000] {processor.py:154} INFO - Started process (PID=2517) to work on /home/airflow/.local/lib/python3.7/site-packages/airflow/example_dags/example_branch_datetime_operator.py
[2022-11-22T00:55:56.744+0000] {processor.py:756} INFO - Processing file /home/airflow/.local/lib/python3.7/site-packages/airflow/example_dags/example_branch_datetime_operator.py for tasks to queue
[2022-11-22T00:55:56.745+0000] {logging_mixin.py:137} INFO - [2022-11-22T00:55:56.745+0000] {dagbag.py:537} INFO - Filling up the DagBag from /home/airflow/.local/lib/python3.7/site-packages/airflow/example_dags/example_branch_datetime_operator.py
[2022-11-22T00:55:56.766+0000] {processor.py:766} INFO - DAG(s) dict_keys(['example_branch_datetime_operator', 'example_branch_datetime_operator_2', 'example_branch_datetime_operator_3']) retrieved from /home/airflow/.local/lib/python3.7/site-packages/airflow/example_dags/example_branch_datetime_operator.py
[2022-11-22T00:55:56.818+0000] {logging_mixin.py:137} INFO - [2022-11-22T00:55:56.818+0000] {dag.py:2585} INFO - Sync 3 DAGs
[2022-11-22T00:55:56.849+0000] {logging_mixin.py:137} INFO - [2022-11-22T00:55:56.848+0000] {dag.py:3340} INFO - Setting next_dagrun for example_branch_datetime_operator to 2022-11-21T00:00:00+00:00, run_after=2022-11-22T00:00:00+00:00
[2022-11-22T00:55:56.854+0000] {logging_mixin.py:137} INFO - [2022-11-22T00:55:56.854+0000] {dag.py:3340} INFO - Setting next_dagrun for example_branch_datetime_operator_2 to 2022-11-21T00:00:00+00:00, run_after=2022-11-22T00:00:00+00:00
[2022-11-22T00:55:56.858+0000] {logging_mixin.py:137} INFO - [2022-11-22T00:55:56.857+0000] {dag.py:3340} INFO - Setting next_dagrun for example_branch_datetime_operator_3 to 2022-11-21T00:00:00+00:00, run_after=2022-11-22T00:00:00+00:00
[2022-11-22T00:55:56.877+0000] {processor.py:176} INFO - Processing /home/airflow/.local/lib/python3.7/site-packages/airflow/example_dags/example_branch_datetime_operator.py took 0.136 seconds
[2022-11-22T00:56:28.134+0000] {processor.py:154} INFO - Started process (PID=2724) to work on /home/airflow/.local/lib/python3.7/site-packages/airflow/example_dags/example_branch_datetime_operator.py
[2022-11-22T00:56:28.135+0000] {processor.py:756} INFO - Processing file /home/airflow/.local/lib/python3.7/site-packages/airflow/example_dags/example_branch_datetime_operator.py for tasks to queue
[2022-11-22T00:56:28.136+0000] {logging_mixin.py:137} INFO - [2022-11-22T00:56:28.136+0000] {dagbag.py:537} INFO - Filling up the DagBag from /home/airflow/.local/lib/python3.7/site-packages/airflow/example_dags/example_branch_datetime_operator.py
[2022-11-22T00:56:28.155+0000] {processor.py:766} INFO - DAG(s) dict_keys(['example_branch_datetime_operator_3', 'example_branch_datetime_operator_2', 'example_branch_datetime_operator']) retrieved from /home/airflow/.local/lib/python3.7/site-packages/airflow/example_dags/example_branch_datetime_operator.py
[2022-11-22T00:56:28.242+0000] {logging_mixin.py:137} INFO - [2022-11-22T00:56:28.241+0000] {dag.py:2585} INFO - Sync 3 DAGs
[2022-11-22T00:56:28.284+0000] {logging_mixin.py:137} INFO - [2022-11-22T00:56:28.284+0000] {dag.py:3340} INFO - Setting next_dagrun for example_branch_datetime_operator to 2022-11-21T00:00:00+00:00, run_after=2022-11-22T00:00:00+00:00
[2022-11-22T00:56:28.291+0000] {logging_mixin.py:137} INFO - [2022-11-22T00:56:28.291+0000] {dag.py:3340} INFO - Setting next_dagrun for example_branch_datetime_operator_2 to 2022-11-21T00:00:00+00:00, run_after=2022-11-22T00:00:00+00:00
[2022-11-22T00:56:28.294+0000] {logging_mixin.py:137} INFO - [2022-11-22T00:56:28.294+0000] {dag.py:3340} INFO - Setting next_dagrun for example_branch_datetime_operator_3 to 2022-11-21T00:00:00+00:00, run_after=2022-11-22T00:00:00+00:00
[2022-11-22T00:56:28.321+0000] {processor.py:176} INFO - Processing /home/airflow/.local/lib/python3.7/site-packages/airflow/example_dags/example_branch_datetime_operator.py took 0.189 seconds
[2022-11-22T00:56:58.350+0000] {processor.py:154} INFO - Started process (PID=2924) to work on /home/airflow/.local/lib/python3.7/site-packages/airflow/example_dags/example_branch_datetime_operator.py
[2022-11-22T00:56:58.351+0000] {processor.py:756} INFO - Processing file /home/airflow/.local/lib/python3.7/site-packages/airflow/example_dags/example_branch_datetime_operator.py for tasks to queue
[2022-11-22T00:56:58.352+0000] {logging_mixin.py:137} INFO - [2022-11-22T00:56:58.352+0000] {dagbag.py:537} INFO - Filling up the DagBag from /home/airflow/.local/lib/python3.7/site-packages/airflow/example_dags/example_branch_datetime_operator.py
[2022-11-22T00:56:58.370+0000] {processor.py:766} INFO - DAG(s) dict_keys(['example_branch_datetime_operator_3', 'example_branch_datetime_operator_2', 'example_branch_datetime_operator']) retrieved from /home/airflow/.local/lib/python3.7/site-packages/airflow/example_dags/example_branch_datetime_operator.py
[2022-11-22T00:56:58.417+0000] {logging_mixin.py:137} INFO - [2022-11-22T00:56:58.416+0000] {dag.py:2585} INFO - Sync 3 DAGs
[2022-11-22T00:56:58.447+0000] {logging_mixin.py:137} INFO - [2022-11-22T00:56:58.447+0000] {dag.py:3340} INFO - Setting next_dagrun for example_branch_datetime_operator to 2022-11-21T00:00:00+00:00, run_after=2022-11-22T00:00:00+00:00
[2022-11-22T00:56:58.453+0000] {logging_mixin.py:137} INFO - [2022-11-22T00:56:58.453+0000] {dag.py:3340} INFO - Setting next_dagrun for example_branch_datetime_operator_2 to 2022-11-21T00:00:00+00:00, run_after=2022-11-22T00:00:00+00:00
[2022-11-22T00:56:58.456+0000] {logging_mixin.py:137} INFO - [2022-11-22T00:56:58.456+0000] {dag.py:3340} INFO - Setting next_dagrun for example_branch_datetime_operator_3 to 2022-11-21T00:00:00+00:00, run_after=2022-11-22T00:00:00+00:00
[2022-11-22T00:56:58.476+0000] {processor.py:176} INFO - Processing /home/airflow/.local/lib/python3.7/site-packages/airflow/example_dags/example_branch_datetime_operator.py took 0.129 seconds
[2022-11-22T00:57:29.298+0000] {processor.py:154} INFO - Started process (PID=3130) to work on /home/airflow/.local/lib/python3.7/site-packages/airflow/example_dags/example_branch_datetime_operator.py
[2022-11-22T00:57:29.299+0000] {processor.py:756} INFO - Processing file /home/airflow/.local/lib/python3.7/site-packages/airflow/example_dags/example_branch_datetime_operator.py for tasks to queue
[2022-11-22T00:57:29.300+0000] {logging_mixin.py:137} INFO - [2022-11-22T00:57:29.300+0000] {dagbag.py:537} INFO - Filling up the DagBag from /home/airflow/.local/lib/python3.7/site-packages/airflow/example_dags/example_branch_datetime_operator.py
[2022-11-22T00:57:29.322+0000] {processor.py:766} INFO - DAG(s) dict_keys(['example_branch_datetime_operator', 'example_branch_datetime_operator_3', 'example_branch_datetime_operator_2']) retrieved from /home/airflow/.local/lib/python3.7/site-packages/airflow/example_dags/example_branch_datetime_operator.py
[2022-11-22T00:57:29.373+0000] {logging_mixin.py:137} INFO - [2022-11-22T00:57:29.373+0000] {dag.py:2585} INFO - Sync 3 DAGs
[2022-11-22T00:57:29.411+0000] {logging_mixin.py:137} INFO - [2022-11-22T00:57:29.411+0000] {dag.py:3340} INFO - Setting next_dagrun for example_branch_datetime_operator to 2022-11-21T00:00:00+00:00, run_after=2022-11-22T00:00:00+00:00
[2022-11-22T00:57:29.417+0000] {logging_mixin.py:137} INFO - [2022-11-22T00:57:29.417+0000] {dag.py:3340} INFO - Setting next_dagrun for example_branch_datetime_operator_2 to 2022-11-21T00:00:00+00:00, run_after=2022-11-22T00:00:00+00:00
[2022-11-22T00:57:29.422+0000] {logging_mixin.py:137} INFO - [2022-11-22T00:57:29.421+0000] {dag.py:3340} INFO - Setting next_dagrun for example_branch_datetime_operator_3 to 2022-11-21T00:00:00+00:00, run_after=2022-11-22T00:00:00+00:00
[2022-11-22T00:57:29.444+0000] {processor.py:176} INFO - Processing /home/airflow/.local/lib/python3.7/site-packages/airflow/example_dags/example_branch_datetime_operator.py took 0.148 seconds
[2022-11-22T00:58:00.175+0000] {processor.py:154} INFO - Started process (PID=3328) to work on /home/airflow/.local/lib/python3.7/site-packages/airflow/example_dags/example_branch_datetime_operator.py
[2022-11-22T00:58:00.176+0000] {processor.py:756} INFO - Processing file /home/airflow/.local/lib/python3.7/site-packages/airflow/example_dags/example_branch_datetime_operator.py for tasks to queue
[2022-11-22T00:58:00.176+0000] {logging_mixin.py:137} INFO - [2022-11-22T00:58:00.176+0000] {dagbag.py:537} INFO - Filling up the DagBag from /home/airflow/.local/lib/python3.7/site-packages/airflow/example_dags/example_branch_datetime_operator.py
[2022-11-22T00:58:00.196+0000] {processor.py:766} INFO - DAG(s) dict_keys(['example_branch_datetime_operator_3', 'example_branch_datetime_operator_2', 'example_branch_datetime_operator']) retrieved from /home/airflow/.local/lib/python3.7/site-packages/airflow/example_dags/example_branch_datetime_operator.py
[2022-11-22T00:58:00.250+0000] {logging_mixin.py:137} INFO - [2022-11-22T00:58:00.250+0000] {dag.py:2585} INFO - Sync 3 DAGs
[2022-11-22T00:58:00.280+0000] {logging_mixin.py:137} INFO - [2022-11-22T00:58:00.280+0000] {dag.py:3340} INFO - Setting next_dagrun for example_branch_datetime_operator to 2022-11-21T00:00:00+00:00, run_after=2022-11-22T00:00:00+00:00
[2022-11-22T00:58:00.286+0000] {logging_mixin.py:137} INFO - [2022-11-22T00:58:00.285+0000] {dag.py:3340} INFO - Setting next_dagrun for example_branch_datetime_operator_2 to 2022-11-21T00:00:00+00:00, run_after=2022-11-22T00:00:00+00:00
[2022-11-22T00:58:00.289+0000] {logging_mixin.py:137} INFO - [2022-11-22T00:58:00.289+0000] {dag.py:3340} INFO - Setting next_dagrun for example_branch_datetime_operator_3 to 2022-11-21T00:00:00+00:00, run_after=2022-11-22T00:00:00+00:00
[2022-11-22T00:58:00.313+0000] {processor.py:176} INFO - Processing /home/airflow/.local/lib/python3.7/site-packages/airflow/example_dags/example_branch_datetime_operator.py took 0.140 seconds
[2022-11-22T00:58:30.461+0000] {processor.py:154} INFO - Started process (PID=3534) to work on /home/airflow/.local/lib/python3.7/site-packages/airflow/example_dags/example_branch_datetime_operator.py
[2022-11-22T00:58:30.462+0000] {processor.py:756} INFO - Processing file /home/airflow/.local/lib/python3.7/site-packages/airflow/example_dags/example_branch_datetime_operator.py for tasks to queue
[2022-11-22T00:58:30.462+0000] {logging_mixin.py:137} INFO - [2022-11-22T00:58:30.462+0000] {dagbag.py:537} INFO - Filling up the DagBag from /home/airflow/.local/lib/python3.7/site-packages/airflow/example_dags/example_branch_datetime_operator.py
[2022-11-22T00:58:30.480+0000] {processor.py:766} INFO - DAG(s) dict_keys(['example_branch_datetime_operator_2', 'example_branch_datetime_operator_3', 'example_branch_datetime_operator']) retrieved from /home/airflow/.local/lib/python3.7/site-packages/airflow/example_dags/example_branch_datetime_operator.py
[2022-11-22T00:58:30.531+0000] {logging_mixin.py:137} INFO - [2022-11-22T00:58:30.531+0000] {dag.py:2585} INFO - Sync 3 DAGs
[2022-11-22T00:58:30.560+0000] {logging_mixin.py:137} INFO - [2022-11-22T00:58:30.559+0000] {dag.py:3340} INFO - Setting next_dagrun for example_branch_datetime_operator to 2022-11-21T00:00:00+00:00, run_after=2022-11-22T00:00:00+00:00
[2022-11-22T00:58:30.566+0000] {logging_mixin.py:137} INFO - [2022-11-22T00:58:30.566+0000] {dag.py:3340} INFO - Setting next_dagrun for example_branch_datetime_operator_2 to 2022-11-21T00:00:00+00:00, run_after=2022-11-22T00:00:00+00:00
[2022-11-22T00:58:30.569+0000] {logging_mixin.py:137} INFO - [2022-11-22T00:58:30.569+0000] {dag.py:3340} INFO - Setting next_dagrun for example_branch_datetime_operator_3 to 2022-11-21T00:00:00+00:00, run_after=2022-11-22T00:00:00+00:00
[2022-11-22T00:58:30.586+0000] {processor.py:176} INFO - Processing /home/airflow/.local/lib/python3.7/site-packages/airflow/example_dags/example_branch_datetime_operator.py took 0.127 seconds
[2022-11-22T00:59:01.710+0000] {processor.py:154} INFO - Started process (PID=3742) to work on /home/airflow/.local/lib/python3.7/site-packages/airflow/example_dags/example_branch_datetime_operator.py
[2022-11-22T00:59:01.711+0000] {processor.py:756} INFO - Processing file /home/airflow/.local/lib/python3.7/site-packages/airflow/example_dags/example_branch_datetime_operator.py for tasks to queue
[2022-11-22T00:59:01.711+0000] {logging_mixin.py:137} INFO - [2022-11-22T00:59:01.711+0000] {dagbag.py:537} INFO - Filling up the DagBag from /home/airflow/.local/lib/python3.7/site-packages/airflow/example_dags/example_branch_datetime_operator.py
[2022-11-22T00:59:01.730+0000] {processor.py:766} INFO - DAG(s) dict_keys(['example_branch_datetime_operator_2', 'example_branch_datetime_operator', 'example_branch_datetime_operator_3']) retrieved from /home/airflow/.local/lib/python3.7/site-packages/airflow/example_dags/example_branch_datetime_operator.py
[2022-11-22T00:59:01.775+0000] {logging_mixin.py:137} INFO - [2022-11-22T00:59:01.775+0000] {dag.py:2585} INFO - Sync 3 DAGs
[2022-11-22T00:59:01.805+0000] {logging_mixin.py:137} INFO - [2022-11-22T00:59:01.805+0000] {dag.py:3340} INFO - Setting next_dagrun for example_branch_datetime_operator to 2022-11-21T00:00:00+00:00, run_after=2022-11-22T00:00:00+00:00
[2022-11-22T00:59:01.811+0000] {logging_mixin.py:137} INFO - [2022-11-22T00:59:01.811+0000] {dag.py:3340} INFO - Setting next_dagrun for example_branch_datetime_operator_2 to 2022-11-21T00:00:00+00:00, run_after=2022-11-22T00:00:00+00:00
[2022-11-22T00:59:01.814+0000] {logging_mixin.py:137} INFO - [2022-11-22T00:59:01.814+0000] {dag.py:3340} INFO - Setting next_dagrun for example_branch_datetime_operator_3 to 2022-11-21T00:00:00+00:00, run_after=2022-11-22T00:00:00+00:00
[2022-11-22T00:59:01.835+0000] {processor.py:176} INFO - Processing /home/airflow/.local/lib/python3.7/site-packages/airflow/example_dags/example_branch_datetime_operator.py took 0.127 seconds
[2022-11-22T00:59:32.108+0000] {processor.py:154} INFO - Started process (PID=3939) to work on /home/airflow/.local/lib/python3.7/site-packages/airflow/example_dags/example_branch_datetime_operator.py
[2022-11-22T00:59:32.108+0000] {processor.py:756} INFO - Processing file /home/airflow/.local/lib/python3.7/site-packages/airflow/example_dags/example_branch_datetime_operator.py for tasks to queue
[2022-11-22T00:59:32.109+0000] {logging_mixin.py:137} INFO - [2022-11-22T00:59:32.109+0000] {dagbag.py:537} INFO - Filling up the DagBag from /home/airflow/.local/lib/python3.7/site-packages/airflow/example_dags/example_branch_datetime_operator.py
[2022-11-22T00:59:32.134+0000] {processor.py:766} INFO - DAG(s) dict_keys(['example_branch_datetime_operator', 'example_branch_datetime_operator_2', 'example_branch_datetime_operator_3']) retrieved from /home/airflow/.local/lib/python3.7/site-packages/airflow/example_dags/example_branch_datetime_operator.py
[2022-11-22T00:59:32.188+0000] {logging_mixin.py:137} INFO - [2022-11-22T00:59:32.188+0000] {dag.py:2585} INFO - Sync 3 DAGs
[2022-11-22T00:59:32.223+0000] {logging_mixin.py:137} INFO - [2022-11-22T00:59:32.223+0000] {dag.py:3340} INFO - Setting next_dagrun for example_branch_datetime_operator to 2022-11-21T00:00:00+00:00, run_after=2022-11-22T00:00:00+00:00
[2022-11-22T00:59:32.230+0000] {logging_mixin.py:137} INFO - [2022-11-22T00:59:32.229+0000] {dag.py:3340} INFO - Setting next_dagrun for example_branch_datetime_operator_2 to 2022-11-21T00:00:00+00:00, run_after=2022-11-22T00:00:00+00:00
[2022-11-22T00:59:32.233+0000] {logging_mixin.py:137} INFO - [2022-11-22T00:59:32.233+0000] {dag.py:3340} INFO - Setting next_dagrun for example_branch_datetime_operator_3 to 2022-11-21T00:00:00+00:00, run_after=2022-11-22T00:00:00+00:00
[2022-11-22T00:59:32.256+0000] {processor.py:176} INFO - Processing /home/airflow/.local/lib/python3.7/site-packages/airflow/example_dags/example_branch_datetime_operator.py took 0.151 seconds
[2022-11-22T01:00:03.392+0000] {processor.py:154} INFO - Started process (PID=4145) to work on /home/airflow/.local/lib/python3.7/site-packages/airflow/example_dags/example_branch_datetime_operator.py
[2022-11-22T01:00:03.393+0000] {processor.py:756} INFO - Processing file /home/airflow/.local/lib/python3.7/site-packages/airflow/example_dags/example_branch_datetime_operator.py for tasks to queue
[2022-11-22T01:00:03.393+0000] {logging_mixin.py:137} INFO - [2022-11-22T01:00:03.393+0000] {dagbag.py:537} INFO - Filling up the DagBag from /home/airflow/.local/lib/python3.7/site-packages/airflow/example_dags/example_branch_datetime_operator.py
[2022-11-22T01:00:03.413+0000] {processor.py:766} INFO - DAG(s) dict_keys(['example_branch_datetime_operator_3', 'example_branch_datetime_operator_2', 'example_branch_datetime_operator']) retrieved from /home/airflow/.local/lib/python3.7/site-packages/airflow/example_dags/example_branch_datetime_operator.py
[2022-11-22T01:00:03.466+0000] {logging_mixin.py:137} INFO - [2022-11-22T01:00:03.466+0000] {dag.py:2585} INFO - Sync 3 DAGs
[2022-11-22T01:00:03.503+0000] {logging_mixin.py:137} INFO - [2022-11-22T01:00:03.503+0000] {dag.py:3340} INFO - Setting next_dagrun for example_branch_datetime_operator to 2022-11-21T00:00:00+00:00, run_after=2022-11-22T00:00:00+00:00
[2022-11-22T01:00:03.509+0000] {logging_mixin.py:137} INFO - [2022-11-22T01:00:03.509+0000] {dag.py:3340} INFO - Setting next_dagrun for example_branch_datetime_operator_2 to 2022-11-21T00:00:00+00:00, run_after=2022-11-22T00:00:00+00:00
[2022-11-22T01:00:03.512+0000] {logging_mixin.py:137} INFO - [2022-11-22T01:00:03.512+0000] {dag.py:3340} INFO - Setting next_dagrun for example_branch_datetime_operator_3 to 2022-11-21T00:00:00+00:00, run_after=2022-11-22T00:00:00+00:00
[2022-11-22T01:00:03.533+0000] {processor.py:176} INFO - Processing /home/airflow/.local/lib/python3.7/site-packages/airflow/example_dags/example_branch_datetime_operator.py took 0.144 seconds
[2022-11-22T01:00:34.451+0000] {processor.py:154} INFO - Started process (PID=4351) to work on /home/airflow/.local/lib/python3.7/site-packages/airflow/example_dags/example_branch_datetime_operator.py
[2022-11-22T01:00:34.452+0000] {processor.py:756} INFO - Processing file /home/airflow/.local/lib/python3.7/site-packages/airflow/example_dags/example_branch_datetime_operator.py for tasks to queue
[2022-11-22T01:00:34.452+0000] {logging_mixin.py:137} INFO - [2022-11-22T01:00:34.452+0000] {dagbag.py:537} INFO - Filling up the DagBag from /home/airflow/.local/lib/python3.7/site-packages/airflow/example_dags/example_branch_datetime_operator.py
[2022-11-22T01:00:34.473+0000] {processor.py:766} INFO - DAG(s) dict_keys(['example_branch_datetime_operator_2', 'example_branch_datetime_operator', 'example_branch_datetime_operator_3']) retrieved from /home/airflow/.local/lib/python3.7/site-packages/airflow/example_dags/example_branch_datetime_operator.py
[2022-11-22T01:00:34.527+0000] {logging_mixin.py:137} INFO - [2022-11-22T01:00:34.527+0000] {dag.py:2585} INFO - Sync 3 DAGs
[2022-11-22T01:00:34.562+0000] {logging_mixin.py:137} INFO - [2022-11-22T01:00:34.562+0000] {dag.py:3340} INFO - Setting next_dagrun for example_branch_datetime_operator to 2022-11-21T00:00:00+00:00, run_after=2022-11-22T00:00:00+00:00
[2022-11-22T01:00:34.568+0000] {logging_mixin.py:137} INFO - [2022-11-22T01:00:34.568+0000] {dag.py:3340} INFO - Setting next_dagrun for example_branch_datetime_operator_2 to 2022-11-21T00:00:00+00:00, run_after=2022-11-22T00:00:00+00:00
[2022-11-22T01:00:34.572+0000] {logging_mixin.py:137} INFO - [2022-11-22T01:00:34.572+0000] {dag.py:3340} INFO - Setting next_dagrun for example_branch_datetime_operator_3 to 2022-11-21T00:00:00+00:00, run_after=2022-11-22T00:00:00+00:00
[2022-11-22T01:00:34.596+0000] {processor.py:176} INFO - Processing /home/airflow/.local/lib/python3.7/site-packages/airflow/example_dags/example_branch_datetime_operator.py took 0.150 seconds
[2022-11-22T01:01:05.003+0000] {processor.py:154} INFO - Started process (PID=4549) to work on /home/airflow/.local/lib/python3.7/site-packages/airflow/example_dags/example_branch_datetime_operator.py
[2022-11-22T01:01:05.004+0000] {processor.py:756} INFO - Processing file /home/airflow/.local/lib/python3.7/site-packages/airflow/example_dags/example_branch_datetime_operator.py for tasks to queue
[2022-11-22T01:01:05.004+0000] {logging_mixin.py:137} INFO - [2022-11-22T01:01:05.004+0000] {dagbag.py:537} INFO - Filling up the DagBag from /home/airflow/.local/lib/python3.7/site-packages/airflow/example_dags/example_branch_datetime_operator.py
[2022-11-22T01:01:05.024+0000] {processor.py:766} INFO - DAG(s) dict_keys(['example_branch_datetime_operator_3', 'example_branch_datetime_operator', 'example_branch_datetime_operator_2']) retrieved from /home/airflow/.local/lib/python3.7/site-packages/airflow/example_dags/example_branch_datetime_operator.py
[2022-11-22T01:01:05.082+0000] {logging_mixin.py:137} INFO - [2022-11-22T01:01:05.081+0000] {dag.py:2585} INFO - Sync 3 DAGs
[2022-11-22T01:01:05.117+0000] {logging_mixin.py:137} INFO - [2022-11-22T01:01:05.116+0000] {dag.py:3340} INFO - Setting next_dagrun for example_branch_datetime_operator to 2022-11-21T00:00:00+00:00, run_after=2022-11-22T00:00:00+00:00
[2022-11-22T01:01:05.124+0000] {logging_mixin.py:137} INFO - [2022-11-22T01:01:05.123+0000] {dag.py:3340} INFO - Setting next_dagrun for example_branch_datetime_operator_2 to 2022-11-21T00:00:00+00:00, run_after=2022-11-22T00:00:00+00:00
[2022-11-22T01:01:05.127+0000] {logging_mixin.py:137} INFO - [2022-11-22T01:01:05.127+0000] {dag.py:3340} INFO - Setting next_dagrun for example_branch_datetime_operator_3 to 2022-11-21T00:00:00+00:00, run_after=2022-11-22T00:00:00+00:00
[2022-11-22T01:01:05.149+0000] {processor.py:176} INFO - Processing /home/airflow/.local/lib/python3.7/site-packages/airflow/example_dags/example_branch_datetime_operator.py took 0.149 seconds
[2022-11-22T01:01:35.994+0000] {processor.py:154} INFO - Started process (PID=4757) to work on /home/airflow/.local/lib/python3.7/site-packages/airflow/example_dags/example_branch_datetime_operator.py
[2022-11-22T01:01:35.994+0000] {processor.py:756} INFO - Processing file /home/airflow/.local/lib/python3.7/site-packages/airflow/example_dags/example_branch_datetime_operator.py for tasks to queue
[2022-11-22T01:01:35.995+0000] {logging_mixin.py:137} INFO - [2022-11-22T01:01:35.995+0000] {dagbag.py:537} INFO - Filling up the DagBag from /home/airflow/.local/lib/python3.7/site-packages/airflow/example_dags/example_branch_datetime_operator.py
[2022-11-22T01:01:36.011+0000] {processor.py:766} INFO - DAG(s) dict_keys(['example_branch_datetime_operator', 'example_branch_datetime_operator_3', 'example_branch_datetime_operator_2']) retrieved from /home/airflow/.local/lib/python3.7/site-packages/airflow/example_dags/example_branch_datetime_operator.py
[2022-11-22T01:01:36.055+0000] {logging_mixin.py:137} INFO - [2022-11-22T01:01:36.055+0000] {dag.py:2585} INFO - Sync 3 DAGs
[2022-11-22T01:01:36.086+0000] {logging_mixin.py:137} INFO - [2022-11-22T01:01:36.085+0000] {dag.py:3340} INFO - Setting next_dagrun for example_branch_datetime_operator to 2022-11-21T00:00:00+00:00, run_after=2022-11-22T00:00:00+00:00
[2022-11-22T01:01:36.091+0000] {logging_mixin.py:137} INFO - [2022-11-22T01:01:36.091+0000] {dag.py:3340} INFO - Setting next_dagrun for example_branch_datetime_operator_2 to 2022-11-21T00:00:00+00:00, run_after=2022-11-22T00:00:00+00:00
[2022-11-22T01:01:36.094+0000] {logging_mixin.py:137} INFO - [2022-11-22T01:01:36.094+0000] {dag.py:3340} INFO - Setting next_dagrun for example_branch_datetime_operator_3 to 2022-11-21T00:00:00+00:00, run_after=2022-11-22T00:00:00+00:00
[2022-11-22T01:01:36.112+0000] {processor.py:176} INFO - Processing /home/airflow/.local/lib/python3.7/site-packages/airflow/example_dags/example_branch_datetime_operator.py took 0.121 seconds
