[2022-11-22T00:50:19.551+0000] {processor.py:154} INFO - Started process (PID=278) to work on /home/airflow/.local/lib/python3.7/site-packages/airflow/example_dags/example_datasets.py
[2022-11-22T00:50:19.552+0000] {processor.py:756} INFO - Processing file /home/airflow/.local/lib/python3.7/site-packages/airflow/example_dags/example_datasets.py for tasks to queue
[2022-11-22T00:50:19.553+0000] {logging_mixin.py:137} INFO - [2022-11-22T00:50:19.553+0000] {dagbag.py:537} INFO - Filling up the DagBag from /home/airflow/.local/lib/python3.7/site-packages/airflow/example_dags/example_datasets.py
[2022-11-22T00:50:19.578+0000] {processor.py:766} INFO - DAG(s) dict_keys(['dataset_consumes_1_and_2', 'dataset_produces_1', 'dataset_consumes_unknown_never_scheduled', 'dataset_consumes_1_never_scheduled', 'dataset_consumes_1', 'dataset_produces_2']) retrieved from /home/airflow/.local/lib/python3.7/site-packages/airflow/example_dags/example_datasets.py
[2022-11-22T00:50:19.618+0000] {logging_mixin.py:137} INFO - [2022-11-22T00:50:19.618+0000] {dag.py:2585} INFO - Sync 6 DAGs
[2022-11-22T00:50:19.659+0000] {logging_mixin.py:137} INFO - [2022-11-22T00:50:19.659+0000] {dag.py:3340} INFO - Setting next_dagrun for dataset_consumes_1 to None, run_after=None
[2022-11-22T00:50:19.665+0000] {logging_mixin.py:137} INFO - [2022-11-22T00:50:19.664+0000] {dag.py:3340} INFO - Setting next_dagrun for dataset_consumes_1_and_2 to None, run_after=None
[2022-11-22T00:50:19.666+0000] {logging_mixin.py:137} INFO - [2022-11-22T00:50:19.666+0000] {dag.py:3340} INFO - Setting next_dagrun for dataset_consumes_1_never_scheduled to None, run_after=None
[2022-11-22T00:50:19.668+0000] {logging_mixin.py:137} INFO - [2022-11-22T00:50:19.668+0000] {dag.py:3340} INFO - Setting next_dagrun for dataset_consumes_unknown_never_scheduled to None, run_after=None
[2022-11-22T00:50:19.673+0000] {logging_mixin.py:137} INFO - [2022-11-22T00:50:19.673+0000] {dag.py:3340} INFO - Setting next_dagrun for dataset_produces_1 to 2022-11-21T00:00:00+00:00, run_after=2022-11-22T00:00:00+00:00
[2022-11-22T00:50:19.675+0000] {logging_mixin.py:137} INFO - [2022-11-22T00:50:19.675+0000] {dag.py:3340} INFO - Setting next_dagrun for dataset_produces_2 to None, run_after=None
[2022-11-22T00:50:19.728+0000] {processor.py:176} INFO - Processing /home/airflow/.local/lib/python3.7/site-packages/airflow/example_dags/example_datasets.py took 0.179 seconds
[2022-11-22T00:50:50.608+0000] {processor.py:154} INFO - Started process (PID=476) to work on /home/airflow/.local/lib/python3.7/site-packages/airflow/example_dags/example_datasets.py
[2022-11-22T00:50:50.609+0000] {processor.py:756} INFO - Processing file /home/airflow/.local/lib/python3.7/site-packages/airflow/example_dags/example_datasets.py for tasks to queue
[2022-11-22T00:50:50.610+0000] {logging_mixin.py:137} INFO - [2022-11-22T00:50:50.610+0000] {dagbag.py:537} INFO - Filling up the DagBag from /home/airflow/.local/lib/python3.7/site-packages/airflow/example_dags/example_datasets.py
[2022-11-22T00:50:50.630+0000] {processor.py:766} INFO - DAG(s) dict_keys(['dataset_consumes_1', 'dataset_produces_1', 'dataset_consumes_1_and_2', 'dataset_consumes_unknown_never_scheduled', 'dataset_consumes_1_never_scheduled', 'dataset_produces_2']) retrieved from /home/airflow/.local/lib/python3.7/site-packages/airflow/example_dags/example_datasets.py
[2022-11-22T00:50:50.763+0000] {logging_mixin.py:137} INFO - [2022-11-22T00:50:50.763+0000] {dag.py:2585} INFO - Sync 6 DAGs
[2022-11-22T00:50:50.795+0000] {logging_mixin.py:137} INFO - [2022-11-22T00:50:50.795+0000] {dag.py:3340} INFO - Setting next_dagrun for dataset_consumes_1 to None, run_after=None
[2022-11-22T00:50:50.799+0000] {logging_mixin.py:137} INFO - [2022-11-22T00:50:50.799+0000] {dag.py:3340} INFO - Setting next_dagrun for dataset_consumes_1_and_2 to None, run_after=None
[2022-11-22T00:50:50.800+0000] {logging_mixin.py:137} INFO - [2022-11-22T00:50:50.800+0000] {dag.py:3340} INFO - Setting next_dagrun for dataset_consumes_1_never_scheduled to None, run_after=None
[2022-11-22T00:50:50.802+0000] {logging_mixin.py:137} INFO - [2022-11-22T00:50:50.802+0000] {dag.py:3340} INFO - Setting next_dagrun for dataset_consumes_unknown_never_scheduled to None, run_after=None
[2022-11-22T00:50:50.805+0000] {logging_mixin.py:137} INFO - [2022-11-22T00:50:50.805+0000] {dag.py:3340} INFO - Setting next_dagrun for dataset_produces_1 to 2022-11-21T00:00:00+00:00, run_after=2022-11-22T00:00:00+00:00
[2022-11-22T00:50:50.807+0000] {logging_mixin.py:137} INFO - [2022-11-22T00:50:50.807+0000] {dag.py:3340} INFO - Setting next_dagrun for dataset_produces_2 to None, run_after=None
[2022-11-22T00:50:50.849+0000] {processor.py:176} INFO - Processing /home/airflow/.local/lib/python3.7/site-packages/airflow/example_dags/example_datasets.py took 0.244 seconds
[2022-11-22T00:51:20.934+0000] {processor.py:154} INFO - Started process (PID=688) to work on /home/airflow/.local/lib/python3.7/site-packages/airflow/example_dags/example_datasets.py
[2022-11-22T00:51:20.934+0000] {processor.py:756} INFO - Processing file /home/airflow/.local/lib/python3.7/site-packages/airflow/example_dags/example_datasets.py for tasks to queue
[2022-11-22T00:51:20.935+0000] {logging_mixin.py:137} INFO - [2022-11-22T00:51:20.935+0000] {dagbag.py:537} INFO - Filling up the DagBag from /home/airflow/.local/lib/python3.7/site-packages/airflow/example_dags/example_datasets.py
[2022-11-22T00:51:20.952+0000] {processor.py:766} INFO - DAG(s) dict_keys(['dataset_consumes_1_never_scheduled', 'dataset_produces_1', 'dataset_consumes_1_and_2', 'dataset_produces_2', 'dataset_consumes_1', 'dataset_consumes_unknown_never_scheduled']) retrieved from /home/airflow/.local/lib/python3.7/site-packages/airflow/example_dags/example_datasets.py
[2022-11-22T00:51:21.017+0000] {logging_mixin.py:137} INFO - [2022-11-22T00:51:21.017+0000] {dag.py:2585} INFO - Sync 6 DAGs
[2022-11-22T00:51:21.051+0000] {logging_mixin.py:137} INFO - [2022-11-22T00:51:21.050+0000] {dag.py:3340} INFO - Setting next_dagrun for dataset_consumes_1 to None, run_after=None
[2022-11-22T00:51:21.054+0000] {logging_mixin.py:137} INFO - [2022-11-22T00:51:21.054+0000] {dag.py:3340} INFO - Setting next_dagrun for dataset_consumes_1_and_2 to None, run_after=None
[2022-11-22T00:51:21.056+0000] {logging_mixin.py:137} INFO - [2022-11-22T00:51:21.056+0000] {dag.py:3340} INFO - Setting next_dagrun for dataset_consumes_1_never_scheduled to None, run_after=None
[2022-11-22T00:51:21.058+0000] {logging_mixin.py:137} INFO - [2022-11-22T00:51:21.057+0000] {dag.py:3340} INFO - Setting next_dagrun for dataset_consumes_unknown_never_scheduled to None, run_after=None
[2022-11-22T00:51:21.063+0000] {logging_mixin.py:137} INFO - [2022-11-22T00:51:21.062+0000] {dag.py:3340} INFO - Setting next_dagrun for dataset_produces_1 to 2022-11-21T00:00:00+00:00, run_after=2022-11-22T00:00:00+00:00
[2022-11-22T00:51:21.064+0000] {logging_mixin.py:137} INFO - [2022-11-22T00:51:21.064+0000] {dag.py:3340} INFO - Setting next_dagrun for dataset_produces_2 to None, run_after=None
[2022-11-22T00:51:21.105+0000] {processor.py:176} INFO - Processing /home/airflow/.local/lib/python3.7/site-packages/airflow/example_dags/example_datasets.py took 0.174 seconds
[2022-11-22T00:51:51.437+0000] {processor.py:154} INFO - Started process (PID=894) to work on /home/airflow/.local/lib/python3.7/site-packages/airflow/example_dags/example_datasets.py
[2022-11-22T00:51:51.437+0000] {processor.py:756} INFO - Processing file /home/airflow/.local/lib/python3.7/site-packages/airflow/example_dags/example_datasets.py for tasks to queue
[2022-11-22T00:51:51.438+0000] {logging_mixin.py:137} INFO - [2022-11-22T00:51:51.438+0000] {dagbag.py:537} INFO - Filling up the DagBag from /home/airflow/.local/lib/python3.7/site-packages/airflow/example_dags/example_datasets.py
[2022-11-22T00:51:51.465+0000] {processor.py:766} INFO - DAG(s) dict_keys(['dataset_consumes_unknown_never_scheduled', 'dataset_produces_2', 'dataset_consumes_1_never_scheduled', 'dataset_consumes_1', 'dataset_produces_1', 'dataset_consumes_1_and_2']) retrieved from /home/airflow/.local/lib/python3.7/site-packages/airflow/example_dags/example_datasets.py
[2022-11-22T00:51:51.532+0000] {logging_mixin.py:137} INFO - [2022-11-22T00:51:51.532+0000] {dag.py:2585} INFO - Sync 6 DAGs
[2022-11-22T00:51:51.566+0000] {logging_mixin.py:137} INFO - [2022-11-22T00:51:51.566+0000] {dag.py:3340} INFO - Setting next_dagrun for dataset_consumes_1 to None, run_after=None
[2022-11-22T00:51:51.571+0000] {logging_mixin.py:137} INFO - [2022-11-22T00:51:51.570+0000] {dag.py:3340} INFO - Setting next_dagrun for dataset_consumes_1_and_2 to None, run_after=None
[2022-11-22T00:51:51.572+0000] {logging_mixin.py:137} INFO - [2022-11-22T00:51:51.572+0000] {dag.py:3340} INFO - Setting next_dagrun for dataset_consumes_1_never_scheduled to None, run_after=None
[2022-11-22T00:51:51.574+0000] {logging_mixin.py:137} INFO - [2022-11-22T00:51:51.574+0000] {dag.py:3340} INFO - Setting next_dagrun for dataset_consumes_unknown_never_scheduled to None, run_after=None
[2022-11-22T00:51:51.578+0000] {logging_mixin.py:137} INFO - [2022-11-22T00:51:51.577+0000] {dag.py:3340} INFO - Setting next_dagrun for dataset_produces_1 to 2022-11-21T00:00:00+00:00, run_after=2022-11-22T00:00:00+00:00
[2022-11-22T00:51:51.579+0000] {logging_mixin.py:137} INFO - [2022-11-22T00:51:51.579+0000] {dag.py:3340} INFO - Setting next_dagrun for dataset_produces_2 to None, run_after=None
[2022-11-22T00:51:51.616+0000] {processor.py:176} INFO - Processing /home/airflow/.local/lib/python3.7/site-packages/airflow/example_dags/example_datasets.py took 0.183 seconds
[2022-11-22T00:52:21.903+0000] {processor.py:154} INFO - Started process (PID=1094) to work on /home/airflow/.local/lib/python3.7/site-packages/airflow/example_dags/example_datasets.py
[2022-11-22T00:52:21.904+0000] {processor.py:756} INFO - Processing file /home/airflow/.local/lib/python3.7/site-packages/airflow/example_dags/example_datasets.py for tasks to queue
[2022-11-22T00:52:21.905+0000] {logging_mixin.py:137} INFO - [2022-11-22T00:52:21.905+0000] {dagbag.py:537} INFO - Filling up the DagBag from /home/airflow/.local/lib/python3.7/site-packages/airflow/example_dags/example_datasets.py
[2022-11-22T00:52:21.928+0000] {processor.py:766} INFO - DAG(s) dict_keys(['dataset_consumes_1', 'dataset_produces_2', 'dataset_consumes_1_and_2', 'dataset_produces_1', 'dataset_consumes_unknown_never_scheduled', 'dataset_consumes_1_never_scheduled']) retrieved from /home/airflow/.local/lib/python3.7/site-packages/airflow/example_dags/example_datasets.py
[2022-11-22T00:52:22.000+0000] {logging_mixin.py:137} INFO - [2022-11-22T00:52:22.000+0000] {dag.py:2585} INFO - Sync 6 DAGs
[2022-11-22T00:52:22.034+0000] {logging_mixin.py:137} INFO - [2022-11-22T00:52:22.034+0000] {dag.py:3340} INFO - Setting next_dagrun for dataset_consumes_1 to None, run_after=None
[2022-11-22T00:52:22.039+0000] {logging_mixin.py:137} INFO - [2022-11-22T00:52:22.038+0000] {dag.py:3340} INFO - Setting next_dagrun for dataset_consumes_1_and_2 to None, run_after=None
[2022-11-22T00:52:22.041+0000] {logging_mixin.py:137} INFO - [2022-11-22T00:52:22.040+0000] {dag.py:3340} INFO - Setting next_dagrun for dataset_consumes_1_never_scheduled to None, run_after=None
[2022-11-22T00:52:22.042+0000] {logging_mixin.py:137} INFO - [2022-11-22T00:52:22.042+0000] {dag.py:3340} INFO - Setting next_dagrun for dataset_consumes_unknown_never_scheduled to None, run_after=None
[2022-11-22T00:52:22.046+0000] {logging_mixin.py:137} INFO - [2022-11-22T00:52:22.046+0000] {dag.py:3340} INFO - Setting next_dagrun for dataset_produces_1 to 2022-11-21T00:00:00+00:00, run_after=2022-11-22T00:00:00+00:00
[2022-11-22T00:52:22.048+0000] {logging_mixin.py:137} INFO - [2022-11-22T00:52:22.047+0000] {dag.py:3340} INFO - Setting next_dagrun for dataset_produces_2 to None, run_after=None
[2022-11-22T00:52:22.085+0000] {processor.py:176} INFO - Processing /home/airflow/.local/lib/python3.7/site-packages/airflow/example_dags/example_datasets.py took 0.184 seconds
[2022-11-22T00:52:52.152+0000] {processor.py:154} INFO - Started process (PID=1301) to work on /home/airflow/.local/lib/python3.7/site-packages/airflow/example_dags/example_datasets.py
[2022-11-22T00:52:52.153+0000] {processor.py:756} INFO - Processing file /home/airflow/.local/lib/python3.7/site-packages/airflow/example_dags/example_datasets.py for tasks to queue
[2022-11-22T00:52:52.153+0000] {logging_mixin.py:137} INFO - [2022-11-22T00:52:52.153+0000] {dagbag.py:537} INFO - Filling up the DagBag from /home/airflow/.local/lib/python3.7/site-packages/airflow/example_dags/example_datasets.py
[2022-11-22T00:52:52.172+0000] {processor.py:766} INFO - DAG(s) dict_keys(['dataset_consumes_unknown_never_scheduled', 'dataset_produces_1', 'dataset_produces_2', 'dataset_consumes_1', 'dataset_consumes_1_and_2', 'dataset_consumes_1_never_scheduled']) retrieved from /home/airflow/.local/lib/python3.7/site-packages/airflow/example_dags/example_datasets.py
[2022-11-22T00:52:52.237+0000] {logging_mixin.py:137} INFO - [2022-11-22T00:52:52.237+0000] {dag.py:2585} INFO - Sync 6 DAGs
[2022-11-22T00:52:52.270+0000] {logging_mixin.py:137} INFO - [2022-11-22T00:52:52.270+0000] {dag.py:3340} INFO - Setting next_dagrun for dataset_consumes_1 to None, run_after=None
[2022-11-22T00:52:52.276+0000] {logging_mixin.py:137} INFO - [2022-11-22T00:52:52.276+0000] {dag.py:3340} INFO - Setting next_dagrun for dataset_consumes_1_and_2 to None, run_after=None
[2022-11-22T00:52:52.277+0000] {logging_mixin.py:137} INFO - [2022-11-22T00:52:52.277+0000] {dag.py:3340} INFO - Setting next_dagrun for dataset_consumes_1_never_scheduled to None, run_after=None
[2022-11-22T00:52:52.279+0000] {logging_mixin.py:137} INFO - [2022-11-22T00:52:52.279+0000] {dag.py:3340} INFO - Setting next_dagrun for dataset_consumes_unknown_never_scheduled to None, run_after=None
[2022-11-22T00:52:52.284+0000] {logging_mixin.py:137} INFO - [2022-11-22T00:52:52.284+0000] {dag.py:3340} INFO - Setting next_dagrun for dataset_produces_1 to 2022-11-21T00:00:00+00:00, run_after=2022-11-22T00:00:00+00:00
[2022-11-22T00:52:52.285+0000] {logging_mixin.py:137} INFO - [2022-11-22T00:52:52.285+0000] {dag.py:3340} INFO - Setting next_dagrun for dataset_produces_2 to None, run_after=None
[2022-11-22T00:52:52.322+0000] {processor.py:176} INFO - Processing /home/airflow/.local/lib/python3.7/site-packages/airflow/example_dags/example_datasets.py took 0.173 seconds
[2022-11-22T00:53:22.728+0000] {processor.py:154} INFO - Started process (PID=1500) to work on /home/airflow/.local/lib/python3.7/site-packages/airflow/example_dags/example_datasets.py
[2022-11-22T00:53:22.729+0000] {processor.py:756} INFO - Processing file /home/airflow/.local/lib/python3.7/site-packages/airflow/example_dags/example_datasets.py for tasks to queue
[2022-11-22T00:53:22.730+0000] {logging_mixin.py:137} INFO - [2022-11-22T00:53:22.730+0000] {dagbag.py:537} INFO - Filling up the DagBag from /home/airflow/.local/lib/python3.7/site-packages/airflow/example_dags/example_datasets.py
[2022-11-22T00:53:22.751+0000] {processor.py:766} INFO - DAG(s) dict_keys(['dataset_consumes_1_and_2', 'dataset_produces_2', 'dataset_consumes_1', 'dataset_consumes_1_never_scheduled', 'dataset_consumes_unknown_never_scheduled', 'dataset_produces_1']) retrieved from /home/airflow/.local/lib/python3.7/site-packages/airflow/example_dags/example_datasets.py
[2022-11-22T00:53:22.826+0000] {logging_mixin.py:137} INFO - [2022-11-22T00:53:22.826+0000] {dag.py:2585} INFO - Sync 6 DAGs
[2022-11-22T00:53:22.862+0000] {logging_mixin.py:137} INFO - [2022-11-22T00:53:22.861+0000] {dag.py:3340} INFO - Setting next_dagrun for dataset_consumes_1 to None, run_after=None
[2022-11-22T00:53:22.866+0000] {logging_mixin.py:137} INFO - [2022-11-22T00:53:22.865+0000] {dag.py:3340} INFO - Setting next_dagrun for dataset_consumes_1_and_2 to None, run_after=None
[2022-11-22T00:53:22.870+0000] {logging_mixin.py:137} INFO - [2022-11-22T00:53:22.869+0000] {dag.py:3340} INFO - Setting next_dagrun for dataset_consumes_1_never_scheduled to None, run_after=None
[2022-11-22T00:53:22.871+0000] {logging_mixin.py:137} INFO - [2022-11-22T00:53:22.871+0000] {dag.py:3340} INFO - Setting next_dagrun for dataset_consumes_unknown_never_scheduled to None, run_after=None
[2022-11-22T00:53:22.874+0000] {logging_mixin.py:137} INFO - [2022-11-22T00:53:22.874+0000] {dag.py:3340} INFO - Setting next_dagrun for dataset_produces_1 to 2022-11-21T00:00:00+00:00, run_after=2022-11-22T00:00:00+00:00
[2022-11-22T00:53:22.875+0000] {logging_mixin.py:137} INFO - [2022-11-22T00:53:22.875+0000] {dag.py:3340} INFO - Setting next_dagrun for dataset_produces_2 to None, run_after=None
[2022-11-22T00:53:22.912+0000] {processor.py:176} INFO - Processing /home/airflow/.local/lib/python3.7/site-packages/airflow/example_dags/example_datasets.py took 0.188 seconds
[2022-11-22T00:53:53.745+0000] {processor.py:154} INFO - Started process (PID=1707) to work on /home/airflow/.local/lib/python3.7/site-packages/airflow/example_dags/example_datasets.py
[2022-11-22T00:53:53.746+0000] {processor.py:756} INFO - Processing file /home/airflow/.local/lib/python3.7/site-packages/airflow/example_dags/example_datasets.py for tasks to queue
[2022-11-22T00:53:53.746+0000] {logging_mixin.py:137} INFO - [2022-11-22T00:53:53.746+0000] {dagbag.py:537} INFO - Filling up the DagBag from /home/airflow/.local/lib/python3.7/site-packages/airflow/example_dags/example_datasets.py
[2022-11-22T00:53:53.766+0000] {processor.py:766} INFO - DAG(s) dict_keys(['dataset_produces_1', 'dataset_consumes_1', 'dataset_consumes_unknown_never_scheduled', 'dataset_produces_2', 'dataset_consumes_1_and_2', 'dataset_consumes_1_never_scheduled']) retrieved from /home/airflow/.local/lib/python3.7/site-packages/airflow/example_dags/example_datasets.py
[2022-11-22T00:53:53.833+0000] {logging_mixin.py:137} INFO - [2022-11-22T00:53:53.833+0000] {dag.py:2585} INFO - Sync 6 DAGs
[2022-11-22T00:53:53.865+0000] {logging_mixin.py:137} INFO - [2022-11-22T00:53:53.865+0000] {dag.py:3340} INFO - Setting next_dagrun for dataset_consumes_1 to None, run_after=None
[2022-11-22T00:53:53.869+0000] {logging_mixin.py:137} INFO - [2022-11-22T00:53:53.869+0000] {dag.py:3340} INFO - Setting next_dagrun for dataset_consumes_1_and_2 to None, run_after=None
[2022-11-22T00:53:53.871+0000] {logging_mixin.py:137} INFO - [2022-11-22T00:53:53.871+0000] {dag.py:3340} INFO - Setting next_dagrun for dataset_consumes_1_never_scheduled to None, run_after=None
[2022-11-22T00:53:53.872+0000] {logging_mixin.py:137} INFO - [2022-11-22T00:53:53.872+0000] {dag.py:3340} INFO - Setting next_dagrun for dataset_consumes_unknown_never_scheduled to None, run_after=None
[2022-11-22T00:53:53.876+0000] {logging_mixin.py:137} INFO - [2022-11-22T00:53:53.876+0000] {dag.py:3340} INFO - Setting next_dagrun for dataset_produces_1 to 2022-11-21T00:00:00+00:00, run_after=2022-11-22T00:00:00+00:00
[2022-11-22T00:53:53.877+0000] {logging_mixin.py:137} INFO - [2022-11-22T00:53:53.877+0000] {dag.py:3340} INFO - Setting next_dagrun for dataset_produces_2 to None, run_after=None
[2022-11-22T00:53:53.913+0000] {processor.py:176} INFO - Processing /home/airflow/.local/lib/python3.7/site-packages/airflow/example_dags/example_datasets.py took 0.172 seconds
[2022-11-22T00:54:24.129+0000] {processor.py:154} INFO - Started process (PID=1916) to work on /home/airflow/.local/lib/python3.7/site-packages/airflow/example_dags/example_datasets.py
[2022-11-22T00:54:24.129+0000] {processor.py:756} INFO - Processing file /home/airflow/.local/lib/python3.7/site-packages/airflow/example_dags/example_datasets.py for tasks to queue
[2022-11-22T00:54:24.130+0000] {logging_mixin.py:137} INFO - [2022-11-22T00:54:24.130+0000] {dagbag.py:537} INFO - Filling up the DagBag from /home/airflow/.local/lib/python3.7/site-packages/airflow/example_dags/example_datasets.py
[2022-11-22T00:54:24.146+0000] {processor.py:766} INFO - DAG(s) dict_keys(['dataset_consumes_1_never_scheduled', 'dataset_consumes_1', 'dataset_consumes_unknown_never_scheduled', 'dataset_produces_1', 'dataset_consumes_1_and_2', 'dataset_produces_2']) retrieved from /home/airflow/.local/lib/python3.7/site-packages/airflow/example_dags/example_datasets.py
[2022-11-22T00:54:24.205+0000] {logging_mixin.py:137} INFO - [2022-11-22T00:54:24.204+0000] {dag.py:2585} INFO - Sync 6 DAGs
[2022-11-22T00:54:24.234+0000] {logging_mixin.py:137} INFO - [2022-11-22T00:54:24.234+0000] {dag.py:3340} INFO - Setting next_dagrun for dataset_consumes_1 to None, run_after=None
[2022-11-22T00:54:24.238+0000] {logging_mixin.py:137} INFO - [2022-11-22T00:54:24.238+0000] {dag.py:3340} INFO - Setting next_dagrun for dataset_consumes_1_and_2 to None, run_after=None
[2022-11-22T00:54:24.239+0000] {logging_mixin.py:137} INFO - [2022-11-22T00:54:24.239+0000] {dag.py:3340} INFO - Setting next_dagrun for dataset_consumes_1_never_scheduled to None, run_after=None
[2022-11-22T00:54:24.241+0000] {logging_mixin.py:137} INFO - [2022-11-22T00:54:24.241+0000] {dag.py:3340} INFO - Setting next_dagrun for dataset_consumes_unknown_never_scheduled to None, run_after=None
[2022-11-22T00:54:24.244+0000] {logging_mixin.py:137} INFO - [2022-11-22T00:54:24.244+0000] {dag.py:3340} INFO - Setting next_dagrun for dataset_produces_1 to 2022-11-21T00:00:00+00:00, run_after=2022-11-22T00:00:00+00:00
[2022-11-22T00:54:24.245+0000] {logging_mixin.py:137} INFO - [2022-11-22T00:54:24.245+0000] {dag.py:3340} INFO - Setting next_dagrun for dataset_produces_2 to None, run_after=None
[2022-11-22T00:54:24.280+0000] {processor.py:176} INFO - Processing /home/airflow/.local/lib/python3.7/site-packages/airflow/example_dags/example_datasets.py took 0.154 seconds
[2022-11-22T00:54:55.311+0000] {processor.py:154} INFO - Started process (PID=2110) to work on /home/airflow/.local/lib/python3.7/site-packages/airflow/example_dags/example_datasets.py
[2022-11-22T00:54:55.312+0000] {processor.py:756} INFO - Processing file /home/airflow/.local/lib/python3.7/site-packages/airflow/example_dags/example_datasets.py for tasks to queue
[2022-11-22T00:54:55.314+0000] {logging_mixin.py:137} INFO - [2022-11-22T00:54:55.312+0000] {dagbag.py:537} INFO - Filling up the DagBag from /home/airflow/.local/lib/python3.7/site-packages/airflow/example_dags/example_datasets.py
[2022-11-22T00:54:55.336+0000] {processor.py:766} INFO - DAG(s) dict_keys(['dataset_consumes_1', 'dataset_consumes_1_never_scheduled', 'dataset_produces_2', 'dataset_consumes_1_and_2', 'dataset_consumes_unknown_never_scheduled', 'dataset_produces_1']) retrieved from /home/airflow/.local/lib/python3.7/site-packages/airflow/example_dags/example_datasets.py
[2022-11-22T00:54:55.407+0000] {logging_mixin.py:137} INFO - [2022-11-22T00:54:55.406+0000] {dag.py:2585} INFO - Sync 6 DAGs
[2022-11-22T00:54:55.444+0000] {logging_mixin.py:137} INFO - [2022-11-22T00:54:55.444+0000] {dag.py:3340} INFO - Setting next_dagrun for dataset_consumes_1 to None, run_after=None
[2022-11-22T00:54:55.450+0000] {logging_mixin.py:137} INFO - [2022-11-22T00:54:55.450+0000] {dag.py:3340} INFO - Setting next_dagrun for dataset_consumes_1_and_2 to None, run_after=None
[2022-11-22T00:54:55.451+0000] {logging_mixin.py:137} INFO - [2022-11-22T00:54:55.451+0000] {dag.py:3340} INFO - Setting next_dagrun for dataset_consumes_1_never_scheduled to None, run_after=None
[2022-11-22T00:54:55.453+0000] {logging_mixin.py:137} INFO - [2022-11-22T00:54:55.452+0000] {dag.py:3340} INFO - Setting next_dagrun for dataset_consumes_unknown_never_scheduled to None, run_after=None
[2022-11-22T00:54:55.457+0000] {logging_mixin.py:137} INFO - [2022-11-22T00:54:55.456+0000] {dag.py:3340} INFO - Setting next_dagrun for dataset_produces_1 to 2022-11-21T00:00:00+00:00, run_after=2022-11-22T00:00:00+00:00
[2022-11-22T00:54:55.458+0000] {logging_mixin.py:137} INFO - [2022-11-22T00:54:55.458+0000] {dag.py:3340} INFO - Setting next_dagrun for dataset_produces_2 to None, run_after=None
[2022-11-22T00:54:55.496+0000] {processor.py:176} INFO - Processing /home/airflow/.local/lib/python3.7/site-packages/airflow/example_dags/example_datasets.py took 0.188 seconds
[2022-11-22T00:55:25.803+0000] {processor.py:154} INFO - Started process (PID=2316) to work on /home/airflow/.local/lib/python3.7/site-packages/airflow/example_dags/example_datasets.py
[2022-11-22T00:55:25.804+0000] {processor.py:756} INFO - Processing file /home/airflow/.local/lib/python3.7/site-packages/airflow/example_dags/example_datasets.py for tasks to queue
[2022-11-22T00:55:25.804+0000] {logging_mixin.py:137} INFO - [2022-11-22T00:55:25.804+0000] {dagbag.py:537} INFO - Filling up the DagBag from /home/airflow/.local/lib/python3.7/site-packages/airflow/example_dags/example_datasets.py
[2022-11-22T00:55:25.819+0000] {processor.py:766} INFO - DAG(s) dict_keys(['dataset_consumes_1_never_scheduled', 'dataset_produces_1', 'dataset_consumes_1_and_2', 'dataset_consumes_1', 'dataset_produces_2', 'dataset_consumes_unknown_never_scheduled']) retrieved from /home/airflow/.local/lib/python3.7/site-packages/airflow/example_dags/example_datasets.py
[2022-11-22T00:55:25.876+0000] {logging_mixin.py:137} INFO - [2022-11-22T00:55:25.875+0000] {dag.py:2585} INFO - Sync 6 DAGs
[2022-11-22T00:55:25.905+0000] {logging_mixin.py:137} INFO - [2022-11-22T00:55:25.905+0000] {dag.py:3340} INFO - Setting next_dagrun for dataset_consumes_1 to None, run_after=None
[2022-11-22T00:55:25.909+0000] {logging_mixin.py:137} INFO - [2022-11-22T00:55:25.909+0000] {dag.py:3340} INFO - Setting next_dagrun for dataset_consumes_1_and_2 to None, run_after=None
[2022-11-22T00:55:25.911+0000] {logging_mixin.py:137} INFO - [2022-11-22T00:55:25.911+0000] {dag.py:3340} INFO - Setting next_dagrun for dataset_consumes_1_never_scheduled to None, run_after=None
[2022-11-22T00:55:25.912+0000] {logging_mixin.py:137} INFO - [2022-11-22T00:55:25.912+0000] {dag.py:3340} INFO - Setting next_dagrun for dataset_consumes_unknown_never_scheduled to None, run_after=None
[2022-11-22T00:55:25.916+0000] {logging_mixin.py:137} INFO - [2022-11-22T00:55:25.915+0000] {dag.py:3340} INFO - Setting next_dagrun for dataset_produces_1 to 2022-11-21T00:00:00+00:00, run_after=2022-11-22T00:00:00+00:00
[2022-11-22T00:55:25.917+0000] {logging_mixin.py:137} INFO - [2022-11-22T00:55:25.917+0000] {dag.py:3340} INFO - Setting next_dagrun for dataset_produces_2 to None, run_after=None
[2022-11-22T00:55:25.955+0000] {processor.py:176} INFO - Processing /home/airflow/.local/lib/python3.7/site-packages/airflow/example_dags/example_datasets.py took 0.154 seconds
[2022-11-22T00:55:56.890+0000] {processor.py:154} INFO - Started process (PID=2524) to work on /home/airflow/.local/lib/python3.7/site-packages/airflow/example_dags/example_datasets.py
[2022-11-22T00:55:56.891+0000] {processor.py:756} INFO - Processing file /home/airflow/.local/lib/python3.7/site-packages/airflow/example_dags/example_datasets.py for tasks to queue
[2022-11-22T00:55:56.891+0000] {logging_mixin.py:137} INFO - [2022-11-22T00:55:56.891+0000] {dagbag.py:537} INFO - Filling up the DagBag from /home/airflow/.local/lib/python3.7/site-packages/airflow/example_dags/example_datasets.py
[2022-11-22T00:55:56.907+0000] {processor.py:766} INFO - DAG(s) dict_keys(['dataset_produces_2', 'dataset_consumes_1', 'dataset_consumes_1_and_2', 'dataset_produces_1', 'dataset_consumes_unknown_never_scheduled', 'dataset_consumes_1_never_scheduled']) retrieved from /home/airflow/.local/lib/python3.7/site-packages/airflow/example_dags/example_datasets.py
[2022-11-22T00:55:56.971+0000] {logging_mixin.py:137} INFO - [2022-11-22T00:55:56.971+0000] {dag.py:2585} INFO - Sync 6 DAGs
[2022-11-22T00:55:57.000+0000] {logging_mixin.py:137} INFO - [2022-11-22T00:55:57.000+0000] {dag.py:3340} INFO - Setting next_dagrun for dataset_consumes_1 to None, run_after=None
[2022-11-22T00:55:57.004+0000] {logging_mixin.py:137} INFO - [2022-11-22T00:55:57.004+0000] {dag.py:3340} INFO - Setting next_dagrun for dataset_consumes_1_and_2 to None, run_after=None
[2022-11-22T00:55:57.005+0000] {logging_mixin.py:137} INFO - [2022-11-22T00:55:57.005+0000] {dag.py:3340} INFO - Setting next_dagrun for dataset_consumes_1_never_scheduled to None, run_after=None
[2022-11-22T00:55:57.007+0000] {logging_mixin.py:137} INFO - [2022-11-22T00:55:57.006+0000] {dag.py:3340} INFO - Setting next_dagrun for dataset_consumes_unknown_never_scheduled to None, run_after=None
[2022-11-22T00:55:57.010+0000] {logging_mixin.py:137} INFO - [2022-11-22T00:55:57.009+0000] {dag.py:3340} INFO - Setting next_dagrun for dataset_produces_1 to 2022-11-21T00:00:00+00:00, run_after=2022-11-22T00:00:00+00:00
[2022-11-22T00:55:57.011+0000] {logging_mixin.py:137} INFO - [2022-11-22T00:55:57.011+0000] {dag.py:3340} INFO - Setting next_dagrun for dataset_produces_2 to None, run_after=None
[2022-11-22T00:55:57.044+0000] {processor.py:176} INFO - Processing /home/airflow/.local/lib/python3.7/site-packages/airflow/example_dags/example_datasets.py took 0.156 seconds
[2022-11-22T00:56:28.235+0000] {processor.py:154} INFO - Started process (PID=2729) to work on /home/airflow/.local/lib/python3.7/site-packages/airflow/example_dags/example_datasets.py
[2022-11-22T00:56:28.236+0000] {processor.py:756} INFO - Processing file /home/airflow/.local/lib/python3.7/site-packages/airflow/example_dags/example_datasets.py for tasks to queue
[2022-11-22T00:56:28.236+0000] {logging_mixin.py:137} INFO - [2022-11-22T00:56:28.236+0000] {dagbag.py:537} INFO - Filling up the DagBag from /home/airflow/.local/lib/python3.7/site-packages/airflow/example_dags/example_datasets.py
[2022-11-22T00:56:28.253+0000] {processor.py:766} INFO - DAG(s) dict_keys(['dataset_consumes_unknown_never_scheduled', 'dataset_produces_1', 'dataset_consumes_1_and_2', 'dataset_consumes_1', 'dataset_produces_2', 'dataset_consumes_1_never_scheduled']) retrieved from /home/airflow/.local/lib/python3.7/site-packages/airflow/example_dags/example_datasets.py
[2022-11-22T00:56:28.316+0000] {logging_mixin.py:137} INFO - [2022-11-22T00:56:28.315+0000] {dag.py:2585} INFO - Sync 6 DAGs
[2022-11-22T00:56:28.352+0000] {logging_mixin.py:137} INFO - [2022-11-22T00:56:28.352+0000] {dag.py:3340} INFO - Setting next_dagrun for dataset_consumes_1 to None, run_after=None
[2022-11-22T00:56:28.356+0000] {logging_mixin.py:137} INFO - [2022-11-22T00:56:28.356+0000] {dag.py:3340} INFO - Setting next_dagrun for dataset_consumes_1_and_2 to None, run_after=None
[2022-11-22T00:56:28.358+0000] {logging_mixin.py:137} INFO - [2022-11-22T00:56:28.358+0000] {dag.py:3340} INFO - Setting next_dagrun for dataset_consumes_1_never_scheduled to None, run_after=None
[2022-11-22T00:56:28.359+0000] {logging_mixin.py:137} INFO - [2022-11-22T00:56:28.359+0000] {dag.py:3340} INFO - Setting next_dagrun for dataset_consumes_unknown_never_scheduled to None, run_after=None
[2022-11-22T00:56:28.363+0000] {logging_mixin.py:137} INFO - [2022-11-22T00:56:28.363+0000] {dag.py:3340} INFO - Setting next_dagrun for dataset_produces_1 to 2022-11-21T00:00:00+00:00, run_after=2022-11-22T00:00:00+00:00
[2022-11-22T00:56:28.365+0000] {logging_mixin.py:137} INFO - [2022-11-22T00:56:28.365+0000] {dag.py:3340} INFO - Setting next_dagrun for dataset_produces_2 to None, run_after=None
[2022-11-22T00:56:28.401+0000] {processor.py:176} INFO - Processing /home/airflow/.local/lib/python3.7/site-packages/airflow/example_dags/example_datasets.py took 0.169 seconds
[2022-11-22T00:56:58.497+0000] {processor.py:154} INFO - Started process (PID=2929) to work on /home/airflow/.local/lib/python3.7/site-packages/airflow/example_dags/example_datasets.py
[2022-11-22T00:56:58.498+0000] {processor.py:756} INFO - Processing file /home/airflow/.local/lib/python3.7/site-packages/airflow/example_dags/example_datasets.py for tasks to queue
[2022-11-22T00:56:58.498+0000] {logging_mixin.py:137} INFO - [2022-11-22T00:56:58.498+0000] {dagbag.py:537} INFO - Filling up the DagBag from /home/airflow/.local/lib/python3.7/site-packages/airflow/example_dags/example_datasets.py
[2022-11-22T00:56:58.514+0000] {processor.py:766} INFO - DAG(s) dict_keys(['dataset_consumes_1', 'dataset_consumes_unknown_never_scheduled', 'dataset_consumes_1_never_scheduled', 'dataset_produces_2', 'dataset_consumes_1_and_2', 'dataset_produces_1']) retrieved from /home/airflow/.local/lib/python3.7/site-packages/airflow/example_dags/example_datasets.py
[2022-11-22T00:56:58.569+0000] {logging_mixin.py:137} INFO - [2022-11-22T00:56:58.569+0000] {dag.py:2585} INFO - Sync 6 DAGs
[2022-11-22T00:56:58.598+0000] {logging_mixin.py:137} INFO - [2022-11-22T00:56:58.598+0000] {dag.py:3340} INFO - Setting next_dagrun for dataset_consumes_1 to None, run_after=None
[2022-11-22T00:56:58.604+0000] {logging_mixin.py:137} INFO - [2022-11-22T00:56:58.604+0000] {dag.py:3340} INFO - Setting next_dagrun for dataset_consumes_1_and_2 to None, run_after=None
[2022-11-22T00:56:58.605+0000] {logging_mixin.py:137} INFO - [2022-11-22T00:56:58.605+0000] {dag.py:3340} INFO - Setting next_dagrun for dataset_consumes_1_never_scheduled to None, run_after=None
[2022-11-22T00:56:58.606+0000] {logging_mixin.py:137} INFO - [2022-11-22T00:56:58.606+0000] {dag.py:3340} INFO - Setting next_dagrun for dataset_consumes_unknown_never_scheduled to None, run_after=None
[2022-11-22T00:56:58.609+0000] {logging_mixin.py:137} INFO - [2022-11-22T00:56:58.609+0000] {dag.py:3340} INFO - Setting next_dagrun for dataset_produces_1 to 2022-11-21T00:00:00+00:00, run_after=2022-11-22T00:00:00+00:00
[2022-11-22T00:56:58.610+0000] {logging_mixin.py:137} INFO - [2022-11-22T00:56:58.610+0000] {dag.py:3340} INFO - Setting next_dagrun for dataset_produces_2 to None, run_after=None
[2022-11-22T00:56:58.640+0000] {processor.py:176} INFO - Processing /home/airflow/.local/lib/python3.7/site-packages/airflow/example_dags/example_datasets.py took 0.146 seconds
[2022-11-22T00:57:29.399+0000] {processor.py:154} INFO - Started process (PID=3135) to work on /home/airflow/.local/lib/python3.7/site-packages/airflow/example_dags/example_datasets.py
[2022-11-22T00:57:29.400+0000] {processor.py:756} INFO - Processing file /home/airflow/.local/lib/python3.7/site-packages/airflow/example_dags/example_datasets.py for tasks to queue
[2022-11-22T00:57:29.400+0000] {logging_mixin.py:137} INFO - [2022-11-22T00:57:29.400+0000] {dagbag.py:537} INFO - Filling up the DagBag from /home/airflow/.local/lib/python3.7/site-packages/airflow/example_dags/example_datasets.py
[2022-11-22T00:57:29.420+0000] {processor.py:766} INFO - DAG(s) dict_keys(['dataset_consumes_unknown_never_scheduled', 'dataset_consumes_1', 'dataset_consumes_1_never_scheduled', 'dataset_produces_1', 'dataset_consumes_1_and_2', 'dataset_produces_2']) retrieved from /home/airflow/.local/lib/python3.7/site-packages/airflow/example_dags/example_datasets.py
[2022-11-22T00:57:29.489+0000] {logging_mixin.py:137} INFO - [2022-11-22T00:57:29.489+0000] {dag.py:2585} INFO - Sync 6 DAGs
[2022-11-22T00:57:29.525+0000] {logging_mixin.py:137} INFO - [2022-11-22T00:57:29.525+0000] {dag.py:3340} INFO - Setting next_dagrun for dataset_consumes_1 to None, run_after=None
[2022-11-22T00:57:29.529+0000] {logging_mixin.py:137} INFO - [2022-11-22T00:57:29.529+0000] {dag.py:3340} INFO - Setting next_dagrun for dataset_consumes_1_and_2 to None, run_after=None
[2022-11-22T00:57:29.531+0000] {logging_mixin.py:137} INFO - [2022-11-22T00:57:29.531+0000] {dag.py:3340} INFO - Setting next_dagrun for dataset_consumes_1_never_scheduled to None, run_after=None
[2022-11-22T00:57:29.532+0000] {logging_mixin.py:137} INFO - [2022-11-22T00:57:29.532+0000] {dag.py:3340} INFO - Setting next_dagrun for dataset_consumes_unknown_never_scheduled to None, run_after=None
[2022-11-22T00:57:29.538+0000] {logging_mixin.py:137} INFO - [2022-11-22T00:57:29.538+0000] {dag.py:3340} INFO - Setting next_dagrun for dataset_produces_1 to 2022-11-21T00:00:00+00:00, run_after=2022-11-22T00:00:00+00:00
[2022-11-22T00:57:29.540+0000] {logging_mixin.py:137} INFO - [2022-11-22T00:57:29.540+0000] {dag.py:3340} INFO - Setting next_dagrun for dataset_produces_2 to None, run_after=None
[2022-11-22T00:57:29.579+0000] {processor.py:176} INFO - Processing /home/airflow/.local/lib/python3.7/site-packages/airflow/example_dags/example_datasets.py took 0.183 seconds
[2022-11-22T00:58:00.333+0000] {processor.py:154} INFO - Started process (PID=3335) to work on /home/airflow/.local/lib/python3.7/site-packages/airflow/example_dags/example_datasets.py
[2022-11-22T00:58:00.334+0000] {processor.py:756} INFO - Processing file /home/airflow/.local/lib/python3.7/site-packages/airflow/example_dags/example_datasets.py for tasks to queue
[2022-11-22T00:58:00.334+0000] {logging_mixin.py:137} INFO - [2022-11-22T00:58:00.334+0000] {dagbag.py:537} INFO - Filling up the DagBag from /home/airflow/.local/lib/python3.7/site-packages/airflow/example_dags/example_datasets.py
[2022-11-22T00:58:00.352+0000] {processor.py:766} INFO - DAG(s) dict_keys(['dataset_consumes_unknown_never_scheduled', 'dataset_consumes_1_and_2', 'dataset_produces_1', 'dataset_produces_2', 'dataset_consumes_1_never_scheduled', 'dataset_consumes_1']) retrieved from /home/airflow/.local/lib/python3.7/site-packages/airflow/example_dags/example_datasets.py
[2022-11-22T00:58:00.434+0000] {logging_mixin.py:137} INFO - [2022-11-22T00:58:00.434+0000] {dag.py:2585} INFO - Sync 6 DAGs
[2022-11-22T00:58:00.463+0000] {logging_mixin.py:137} INFO - [2022-11-22T00:58:00.463+0000] {dag.py:3340} INFO - Setting next_dagrun for dataset_consumes_1 to None, run_after=None
[2022-11-22T00:58:00.468+0000] {logging_mixin.py:137} INFO - [2022-11-22T00:58:00.467+0000] {dag.py:3340} INFO - Setting next_dagrun for dataset_consumes_1_and_2 to None, run_after=None
[2022-11-22T00:58:00.469+0000] {logging_mixin.py:137} INFO - [2022-11-22T00:58:00.469+0000] {dag.py:3340} INFO - Setting next_dagrun for dataset_consumes_1_never_scheduled to None, run_after=None
[2022-11-22T00:58:00.472+0000] {logging_mixin.py:137} INFO - [2022-11-22T00:58:00.472+0000] {dag.py:3340} INFO - Setting next_dagrun for dataset_consumes_unknown_never_scheduled to None, run_after=None
[2022-11-22T00:58:00.476+0000] {logging_mixin.py:137} INFO - [2022-11-22T00:58:00.476+0000] {dag.py:3340} INFO - Setting next_dagrun for dataset_produces_1 to 2022-11-21T00:00:00+00:00, run_after=2022-11-22T00:00:00+00:00
[2022-11-22T00:58:00.481+0000] {logging_mixin.py:137} INFO - [2022-11-22T00:58:00.481+0000] {dag.py:3340} INFO - Setting next_dagrun for dataset_produces_2 to None, run_after=None
[2022-11-22T00:58:00.528+0000] {processor.py:176} INFO - Processing /home/airflow/.local/lib/python3.7/site-packages/airflow/example_dags/example_datasets.py took 0.197 seconds
[2022-11-22T00:58:30.606+0000] {processor.py:154} INFO - Started process (PID=3541) to work on /home/airflow/.local/lib/python3.7/site-packages/airflow/example_dags/example_datasets.py
[2022-11-22T00:58:30.607+0000] {processor.py:756} INFO - Processing file /home/airflow/.local/lib/python3.7/site-packages/airflow/example_dags/example_datasets.py for tasks to queue
[2022-11-22T00:58:30.608+0000] {logging_mixin.py:137} INFO - [2022-11-22T00:58:30.608+0000] {dagbag.py:537} INFO - Filling up the DagBag from /home/airflow/.local/lib/python3.7/site-packages/airflow/example_dags/example_datasets.py
[2022-11-22T00:58:30.622+0000] {processor.py:766} INFO - DAG(s) dict_keys(['dataset_produces_2', 'dataset_consumes_1_and_2', 'dataset_consumes_unknown_never_scheduled', 'dataset_produces_1', 'dataset_consumes_1', 'dataset_consumes_1_never_scheduled']) retrieved from /home/airflow/.local/lib/python3.7/site-packages/airflow/example_dags/example_datasets.py
[2022-11-22T00:58:30.678+0000] {logging_mixin.py:137} INFO - [2022-11-22T00:58:30.678+0000] {dag.py:2585} INFO - Sync 6 DAGs
[2022-11-22T00:58:30.706+0000] {logging_mixin.py:137} INFO - [2022-11-22T00:58:30.706+0000] {dag.py:3340} INFO - Setting next_dagrun for dataset_consumes_1 to None, run_after=None
[2022-11-22T00:58:30.711+0000] {logging_mixin.py:137} INFO - [2022-11-22T00:58:30.711+0000] {dag.py:3340} INFO - Setting next_dagrun for dataset_consumes_1_and_2 to None, run_after=None
[2022-11-22T00:58:30.712+0000] {logging_mixin.py:137} INFO - [2022-11-22T00:58:30.712+0000] {dag.py:3340} INFO - Setting next_dagrun for dataset_consumes_1_never_scheduled to None, run_after=None
[2022-11-22T00:58:30.714+0000] {logging_mixin.py:137} INFO - [2022-11-22T00:58:30.714+0000] {dag.py:3340} INFO - Setting next_dagrun for dataset_consumes_unknown_never_scheduled to None, run_after=None
[2022-11-22T00:58:30.717+0000] {logging_mixin.py:137} INFO - [2022-11-22T00:58:30.717+0000] {dag.py:3340} INFO - Setting next_dagrun for dataset_produces_1 to 2022-11-21T00:00:00+00:00, run_after=2022-11-22T00:00:00+00:00
[2022-11-22T00:58:30.718+0000] {logging_mixin.py:137} INFO - [2022-11-22T00:58:30.718+0000] {dag.py:3340} INFO - Setting next_dagrun for dataset_produces_2 to None, run_after=None
[2022-11-22T00:58:30.750+0000] {processor.py:176} INFO - Processing /home/airflow/.local/lib/python3.7/site-packages/airflow/example_dags/example_datasets.py took 0.147 seconds
[2022-11-22T00:59:01.723+0000] {processor.py:154} INFO - Started process (PID=3745) to work on /home/airflow/.local/lib/python3.7/site-packages/airflow/example_dags/example_datasets.py
[2022-11-22T00:59:01.724+0000] {processor.py:756} INFO - Processing file /home/airflow/.local/lib/python3.7/site-packages/airflow/example_dags/example_datasets.py for tasks to queue
[2022-11-22T00:59:01.724+0000] {logging_mixin.py:137} INFO - [2022-11-22T00:59:01.724+0000] {dagbag.py:537} INFO - Filling up the DagBag from /home/airflow/.local/lib/python3.7/site-packages/airflow/example_dags/example_datasets.py
[2022-11-22T00:59:01.740+0000] {processor.py:766} INFO - DAG(s) dict_keys(['dataset_consumes_1_never_scheduled', 'dataset_consumes_unknown_never_scheduled', 'dataset_produces_1', 'dataset_consumes_1', 'dataset_produces_2', 'dataset_consumes_1_and_2']) retrieved from /home/airflow/.local/lib/python3.7/site-packages/airflow/example_dags/example_datasets.py
[2022-11-22T00:59:01.800+0000] {logging_mixin.py:137} INFO - [2022-11-22T00:59:01.800+0000] {dag.py:2585} INFO - Sync 6 DAGs
[2022-11-22T00:59:01.830+0000] {logging_mixin.py:137} INFO - [2022-11-22T00:59:01.829+0000] {dag.py:3340} INFO - Setting next_dagrun for dataset_consumes_1 to None, run_after=None
[2022-11-22T00:59:01.834+0000] {logging_mixin.py:137} INFO - [2022-11-22T00:59:01.834+0000] {dag.py:3340} INFO - Setting next_dagrun for dataset_consumes_1_and_2 to None, run_after=None
[2022-11-22T00:59:01.836+0000] {logging_mixin.py:137} INFO - [2022-11-22T00:59:01.836+0000] {dag.py:3340} INFO - Setting next_dagrun for dataset_consumes_1_never_scheduled to None, run_after=None
[2022-11-22T00:59:01.837+0000] {logging_mixin.py:137} INFO - [2022-11-22T00:59:01.837+0000] {dag.py:3340} INFO - Setting next_dagrun for dataset_consumes_unknown_never_scheduled to None, run_after=None
[2022-11-22T00:59:01.840+0000] {logging_mixin.py:137} INFO - [2022-11-22T00:59:01.840+0000] {dag.py:3340} INFO - Setting next_dagrun for dataset_produces_1 to 2022-11-21T00:00:00+00:00, run_after=2022-11-22T00:00:00+00:00
[2022-11-22T00:59:01.843+0000] {logging_mixin.py:137} INFO - [2022-11-22T00:59:01.842+0000] {dag.py:3340} INFO - Setting next_dagrun for dataset_produces_2 to None, run_after=None
[2022-11-22T00:59:01.874+0000] {processor.py:176} INFO - Processing /home/airflow/.local/lib/python3.7/site-packages/airflow/example_dags/example_datasets.py took 0.153 seconds
[2022-11-22T00:59:32.160+0000] {processor.py:154} INFO - Started process (PID=3944) to work on /home/airflow/.local/lib/python3.7/site-packages/airflow/example_dags/example_datasets.py
[2022-11-22T00:59:32.162+0000] {processor.py:756} INFO - Processing file /home/airflow/.local/lib/python3.7/site-packages/airflow/example_dags/example_datasets.py for tasks to queue
[2022-11-22T00:59:32.162+0000] {logging_mixin.py:137} INFO - [2022-11-22T00:59:32.162+0000] {dagbag.py:537} INFO - Filling up the DagBag from /home/airflow/.local/lib/python3.7/site-packages/airflow/example_dags/example_datasets.py
[2022-11-22T00:59:32.182+0000] {processor.py:766} INFO - DAG(s) dict_keys(['dataset_consumes_1_and_2', 'dataset_consumes_1_never_scheduled', 'dataset_produces_1', 'dataset_consumes_unknown_never_scheduled', 'dataset_consumes_1', 'dataset_produces_2']) retrieved from /home/airflow/.local/lib/python3.7/site-packages/airflow/example_dags/example_datasets.py
[2022-11-22T00:59:32.251+0000] {logging_mixin.py:137} INFO - [2022-11-22T00:59:32.251+0000] {dag.py:2585} INFO - Sync 6 DAGs
[2022-11-22T00:59:32.286+0000] {logging_mixin.py:137} INFO - [2022-11-22T00:59:32.286+0000] {dag.py:3340} INFO - Setting next_dagrun for dataset_consumes_1 to None, run_after=None
[2022-11-22T00:59:32.292+0000] {logging_mixin.py:137} INFO - [2022-11-22T00:59:32.290+0000] {dag.py:3340} INFO - Setting next_dagrun for dataset_consumes_1_and_2 to None, run_after=None
[2022-11-22T00:59:32.293+0000] {logging_mixin.py:137} INFO - [2022-11-22T00:59:32.293+0000] {dag.py:3340} INFO - Setting next_dagrun for dataset_consumes_1_never_scheduled to None, run_after=None
[2022-11-22T00:59:32.296+0000] {logging_mixin.py:137} INFO - [2022-11-22T00:59:32.296+0000] {dag.py:3340} INFO - Setting next_dagrun for dataset_consumes_unknown_never_scheduled to None, run_after=None
[2022-11-22T00:59:32.300+0000] {logging_mixin.py:137} INFO - [2022-11-22T00:59:32.299+0000] {dag.py:3340} INFO - Setting next_dagrun for dataset_produces_1 to 2022-11-21T00:00:00+00:00, run_after=2022-11-22T00:00:00+00:00
[2022-11-22T00:59:32.301+0000] {logging_mixin.py:137} INFO - [2022-11-22T00:59:32.301+0000] {dag.py:3340} INFO - Setting next_dagrun for dataset_produces_2 to None, run_after=None
[2022-11-22T00:59:32.339+0000] {processor.py:176} INFO - Processing /home/airflow/.local/lib/python3.7/site-packages/airflow/example_dags/example_datasets.py took 0.182 seconds
[2022-11-22T01:00:03.460+0000] {processor.py:154} INFO - Started process (PID=4150) to work on /home/airflow/.local/lib/python3.7/site-packages/airflow/example_dags/example_datasets.py
[2022-11-22T01:00:03.461+0000] {processor.py:756} INFO - Processing file /home/airflow/.local/lib/python3.7/site-packages/airflow/example_dags/example_datasets.py for tasks to queue
[2022-11-22T01:00:03.462+0000] {logging_mixin.py:137} INFO - [2022-11-22T01:00:03.462+0000] {dagbag.py:537} INFO - Filling up the DagBag from /home/airflow/.local/lib/python3.7/site-packages/airflow/example_dags/example_datasets.py
[2022-11-22T01:00:03.480+0000] {processor.py:766} INFO - DAG(s) dict_keys(['dataset_consumes_unknown_never_scheduled', 'dataset_consumes_1_and_2', 'dataset_consumes_1_never_scheduled', 'dataset_consumes_1', 'dataset_produces_1', 'dataset_produces_2']) retrieved from /home/airflow/.local/lib/python3.7/site-packages/airflow/example_dags/example_datasets.py
[2022-11-22T01:00:03.546+0000] {logging_mixin.py:137} INFO - [2022-11-22T01:00:03.546+0000] {dag.py:2585} INFO - Sync 6 DAGs
[2022-11-22T01:00:03.581+0000] {logging_mixin.py:137} INFO - [2022-11-22T01:00:03.581+0000] {dag.py:3340} INFO - Setting next_dagrun for dataset_consumes_1 to None, run_after=None
[2022-11-22T01:00:03.587+0000] {logging_mixin.py:137} INFO - [2022-11-22T01:00:03.586+0000] {dag.py:3340} INFO - Setting next_dagrun for dataset_consumes_1_and_2 to None, run_after=None
[2022-11-22T01:00:03.588+0000] {logging_mixin.py:137} INFO - [2022-11-22T01:00:03.588+0000] {dag.py:3340} INFO - Setting next_dagrun for dataset_consumes_1_never_scheduled to None, run_after=None
[2022-11-22T01:00:03.590+0000] {logging_mixin.py:137} INFO - [2022-11-22T01:00:03.589+0000] {dag.py:3340} INFO - Setting next_dagrun for dataset_consumes_unknown_never_scheduled to None, run_after=None
[2022-11-22T01:00:03.593+0000] {logging_mixin.py:137} INFO - [2022-11-22T01:00:03.593+0000] {dag.py:3340} INFO - Setting next_dagrun for dataset_produces_1 to 2022-11-21T00:00:00+00:00, run_after=2022-11-22T00:00:00+00:00
[2022-11-22T01:00:03.595+0000] {logging_mixin.py:137} INFO - [2022-11-22T01:00:03.595+0000] {dag.py:3340} INFO - Setting next_dagrun for dataset_produces_2 to None, run_after=None
[2022-11-22T01:00:03.630+0000] {processor.py:176} INFO - Processing /home/airflow/.local/lib/python3.7/site-packages/airflow/example_dags/example_datasets.py took 0.174 seconds
[2022-11-22T01:00:34.550+0000] {processor.py:154} INFO - Started process (PID=4356) to work on /home/airflow/.local/lib/python3.7/site-packages/airflow/example_dags/example_datasets.py
[2022-11-22T01:00:34.551+0000] {processor.py:756} INFO - Processing file /home/airflow/.local/lib/python3.7/site-packages/airflow/example_dags/example_datasets.py for tasks to queue
[2022-11-22T01:00:34.552+0000] {logging_mixin.py:137} INFO - [2022-11-22T01:00:34.551+0000] {dagbag.py:537} INFO - Filling up the DagBag from /home/airflow/.local/lib/python3.7/site-packages/airflow/example_dags/example_datasets.py
[2022-11-22T01:00:34.570+0000] {processor.py:766} INFO - DAG(s) dict_keys(['dataset_consumes_1_and_2', 'dataset_consumes_unknown_never_scheduled', 'dataset_produces_2', 'dataset_consumes_1', 'dataset_produces_1', 'dataset_consumes_1_never_scheduled']) retrieved from /home/airflow/.local/lib/python3.7/site-packages/airflow/example_dags/example_datasets.py
[2022-11-22T01:00:34.637+0000] {logging_mixin.py:137} INFO - [2022-11-22T01:00:34.637+0000] {dag.py:2585} INFO - Sync 6 DAGs
[2022-11-22T01:00:34.671+0000] {logging_mixin.py:137} INFO - [2022-11-22T01:00:34.670+0000] {dag.py:3340} INFO - Setting next_dagrun for dataset_consumes_1 to None, run_after=None
[2022-11-22T01:00:34.675+0000] {logging_mixin.py:137} INFO - [2022-11-22T01:00:34.675+0000] {dag.py:3340} INFO - Setting next_dagrun for dataset_consumes_1_and_2 to None, run_after=None
[2022-11-22T01:00:34.677+0000] {logging_mixin.py:137} INFO - [2022-11-22T01:00:34.677+0000] {dag.py:3340} INFO - Setting next_dagrun for dataset_consumes_1_never_scheduled to None, run_after=None
[2022-11-22T01:00:34.678+0000] {logging_mixin.py:137} INFO - [2022-11-22T01:00:34.678+0000] {dag.py:3340} INFO - Setting next_dagrun for dataset_consumes_unknown_never_scheduled to None, run_after=None
[2022-11-22T01:00:34.681+0000] {logging_mixin.py:137} INFO - [2022-11-22T01:00:34.681+0000] {dag.py:3340} INFO - Setting next_dagrun for dataset_produces_1 to 2022-11-21T00:00:00+00:00, run_after=2022-11-22T00:00:00+00:00
[2022-11-22T01:00:34.684+0000] {logging_mixin.py:137} INFO - [2022-11-22T01:00:34.684+0000] {dag.py:3340} INFO - Setting next_dagrun for dataset_produces_2 to None, run_after=None
[2022-11-22T01:00:34.719+0000] {processor.py:176} INFO - Processing /home/airflow/.local/lib/python3.7/site-packages/airflow/example_dags/example_datasets.py took 0.173 seconds
[2022-11-22T01:01:05.085+0000] {processor.py:154} INFO - Started process (PID=4554) to work on /home/airflow/.local/lib/python3.7/site-packages/airflow/example_dags/example_datasets.py
[2022-11-22T01:01:05.086+0000] {processor.py:756} INFO - Processing file /home/airflow/.local/lib/python3.7/site-packages/airflow/example_dags/example_datasets.py for tasks to queue
[2022-11-22T01:01:05.087+0000] {logging_mixin.py:137} INFO - [2022-11-22T01:01:05.087+0000] {dagbag.py:537} INFO - Filling up the DagBag from /home/airflow/.local/lib/python3.7/site-packages/airflow/example_dags/example_datasets.py
[2022-11-22T01:01:05.107+0000] {processor.py:766} INFO - DAG(s) dict_keys(['dataset_consumes_1_and_2', 'dataset_produces_1', 'dataset_produces_2', 'dataset_consumes_unknown_never_scheduled', 'dataset_consumes_1_never_scheduled', 'dataset_consumes_1']) retrieved from /home/airflow/.local/lib/python3.7/site-packages/airflow/example_dags/example_datasets.py
[2022-11-22T01:01:05.175+0000] {logging_mixin.py:137} INFO - [2022-11-22T01:01:05.175+0000] {dag.py:2585} INFO - Sync 6 DAGs
[2022-11-22T01:01:05.211+0000] {logging_mixin.py:137} INFO - [2022-11-22T01:01:05.211+0000] {dag.py:3340} INFO - Setting next_dagrun for dataset_consumes_1 to None, run_after=None
[2022-11-22T01:01:05.215+0000] {logging_mixin.py:137} INFO - [2022-11-22T01:01:05.215+0000] {dag.py:3340} INFO - Setting next_dagrun for dataset_consumes_1_and_2 to None, run_after=None
[2022-11-22T01:01:05.217+0000] {logging_mixin.py:137} INFO - [2022-11-22T01:01:05.216+0000] {dag.py:3340} INFO - Setting next_dagrun for dataset_consumes_1_never_scheduled to None, run_after=None
[2022-11-22T01:01:05.218+0000] {logging_mixin.py:137} INFO - [2022-11-22T01:01:05.218+0000] {dag.py:3340} INFO - Setting next_dagrun for dataset_consumes_unknown_never_scheduled to None, run_after=None
[2022-11-22T01:01:05.222+0000] {logging_mixin.py:137} INFO - [2022-11-22T01:01:05.222+0000] {dag.py:3340} INFO - Setting next_dagrun for dataset_produces_1 to 2022-11-21T00:00:00+00:00, run_after=2022-11-22T00:00:00+00:00
[2022-11-22T01:01:05.224+0000] {logging_mixin.py:137} INFO - [2022-11-22T01:01:05.224+0000] {dag.py:3340} INFO - Setting next_dagrun for dataset_produces_2 to None, run_after=None
[2022-11-22T01:01:05.262+0000] {processor.py:176} INFO - Processing /home/airflow/.local/lib/python3.7/site-packages/airflow/example_dags/example_datasets.py took 0.180 seconds
[2022-11-22T01:01:36.133+0000] {processor.py:154} INFO - Started process (PID=4762) to work on /home/airflow/.local/lib/python3.7/site-packages/airflow/example_dags/example_datasets.py
[2022-11-22T01:01:36.134+0000] {processor.py:756} INFO - Processing file /home/airflow/.local/lib/python3.7/site-packages/airflow/example_dags/example_datasets.py for tasks to queue
[2022-11-22T01:01:36.135+0000] {logging_mixin.py:137} INFO - [2022-11-22T01:01:36.135+0000] {dagbag.py:537} INFO - Filling up the DagBag from /home/airflow/.local/lib/python3.7/site-packages/airflow/example_dags/example_datasets.py
[2022-11-22T01:01:36.154+0000] {processor.py:766} INFO - DAG(s) dict_keys(['dataset_consumes_unknown_never_scheduled', 'dataset_consumes_1_and_2', 'dataset_produces_1', 'dataset_consumes_1', 'dataset_consumes_1_never_scheduled', 'dataset_produces_2']) retrieved from /home/airflow/.local/lib/python3.7/site-packages/airflow/example_dags/example_datasets.py
[2022-11-22T01:01:36.226+0000] {logging_mixin.py:137} INFO - [2022-11-22T01:01:36.226+0000] {dag.py:2585} INFO - Sync 6 DAGs
[2022-11-22T01:01:36.261+0000] {logging_mixin.py:137} INFO - [2022-11-22T01:01:36.260+0000] {dag.py:3340} INFO - Setting next_dagrun for dataset_consumes_1 to None, run_after=None
[2022-11-22T01:01:36.265+0000] {logging_mixin.py:137} INFO - [2022-11-22T01:01:36.265+0000] {dag.py:3340} INFO - Setting next_dagrun for dataset_consumes_1_and_2 to None, run_after=None
[2022-11-22T01:01:36.267+0000] {logging_mixin.py:137} INFO - [2022-11-22T01:01:36.266+0000] {dag.py:3340} INFO - Setting next_dagrun for dataset_consumes_1_never_scheduled to None, run_after=None
[2022-11-22T01:01:36.268+0000] {logging_mixin.py:137} INFO - [2022-11-22T01:01:36.268+0000] {dag.py:3340} INFO - Setting next_dagrun for dataset_consumes_unknown_never_scheduled to None, run_after=None
[2022-11-22T01:01:36.272+0000] {logging_mixin.py:137} INFO - [2022-11-22T01:01:36.272+0000] {dag.py:3340} INFO - Setting next_dagrun for dataset_produces_1 to 2022-11-21T00:00:00+00:00, run_after=2022-11-22T00:00:00+00:00
[2022-11-22T01:01:36.274+0000] {logging_mixin.py:137} INFO - [2022-11-22T01:01:36.274+0000] {dag.py:3340} INFO - Setting next_dagrun for dataset_produces_2 to None, run_after=None
[2022-11-22T01:01:36.311+0000] {processor.py:176} INFO - Processing /home/airflow/.local/lib/python3.7/site-packages/airflow/example_dags/example_datasets.py took 0.181 seconds
