[2022-11-22T00:50:18.863+0000] {processor.py:154} INFO - Started process (PID=234) to work on /home/airflow/.local/lib/python3.7/site-packages/airflow/example_dags/example_task_group_decorator.py
[2022-11-22T00:50:18.864+0000] {processor.py:756} INFO - Processing file /home/airflow/.local/lib/python3.7/site-packages/airflow/example_dags/example_task_group_decorator.py for tasks to queue
[2022-11-22T00:50:18.865+0000] {logging_mixin.py:137} INFO - [2022-11-22T00:50:18.864+0000] {dagbag.py:537} INFO - Filling up the DagBag from /home/airflow/.local/lib/python3.7/site-packages/airflow/example_dags/example_task_group_decorator.py
[2022-11-22T00:50:18.895+0000] {processor.py:766} INFO - DAG(s) dict_keys(['example_task_group_decorator']) retrieved from /home/airflow/.local/lib/python3.7/site-packages/airflow/example_dags/example_task_group_decorator.py
[2022-11-22T00:50:18.922+0000] {logging_mixin.py:137} INFO - [2022-11-22T00:50:18.922+0000] {dag.py:2585} INFO - Sync 1 DAGs
[2022-11-22T00:50:18.955+0000] {logging_mixin.py:137} INFO - [2022-11-22T00:50:18.955+0000] {dag.py:3340} INFO - Setting next_dagrun for example_task_group_decorator to 2022-11-21T00:50:18.955418+00:00, run_after=2022-11-22T00:50:18.955418+00:00
[2022-11-22T00:50:18.984+0000] {processor.py:176} INFO - Processing /home/airflow/.local/lib/python3.7/site-packages/airflow/example_dags/example_task_group_decorator.py took 0.123 seconds
[2022-11-22T00:50:49.842+0000] {processor.py:154} INFO - Started process (PID=431) to work on /home/airflow/.local/lib/python3.7/site-packages/airflow/example_dags/example_task_group_decorator.py
[2022-11-22T00:50:49.842+0000] {processor.py:756} INFO - Processing file /home/airflow/.local/lib/python3.7/site-packages/airflow/example_dags/example_task_group_decorator.py for tasks to queue
[2022-11-22T00:50:49.843+0000] {logging_mixin.py:137} INFO - [2022-11-22T00:50:49.843+0000] {dagbag.py:537} INFO - Filling up the DagBag from /home/airflow/.local/lib/python3.7/site-packages/airflow/example_dags/example_task_group_decorator.py
[2022-11-22T00:50:49.876+0000] {processor.py:766} INFO - DAG(s) dict_keys(['example_task_group_decorator']) retrieved from /home/airflow/.local/lib/python3.7/site-packages/airflow/example_dags/example_task_group_decorator.py
[2022-11-22T00:50:49.920+0000] {logging_mixin.py:137} INFO - [2022-11-22T00:50:49.920+0000] {dag.py:2585} INFO - Sync 1 DAGs
[2022-11-22T00:50:49.952+0000] {logging_mixin.py:137} INFO - [2022-11-22T00:50:49.952+0000] {dag.py:3340} INFO - Setting next_dagrun for example_task_group_decorator to 2022-11-21T00:50:49.951961+00:00, run_after=2022-11-22T00:50:49.951961+00:00
[2022-11-22T00:50:49.974+0000] {processor.py:176} INFO - Processing /home/airflow/.local/lib/python3.7/site-packages/airflow/example_dags/example_task_group_decorator.py took 0.136 seconds
[2022-11-22T00:51:20.096+0000] {processor.py:154} INFO - Started process (PID=641) to work on /home/airflow/.local/lib/python3.7/site-packages/airflow/example_dags/example_task_group_decorator.py
[2022-11-22T00:51:20.097+0000] {processor.py:756} INFO - Processing file /home/airflow/.local/lib/python3.7/site-packages/airflow/example_dags/example_task_group_decorator.py for tasks to queue
[2022-11-22T00:51:20.098+0000] {logging_mixin.py:137} INFO - [2022-11-22T00:51:20.098+0000] {dagbag.py:537} INFO - Filling up the DagBag from /home/airflow/.local/lib/python3.7/site-packages/airflow/example_dags/example_task_group_decorator.py
[2022-11-22T00:51:20.126+0000] {processor.py:766} INFO - DAG(s) dict_keys(['example_task_group_decorator']) retrieved from /home/airflow/.local/lib/python3.7/site-packages/airflow/example_dags/example_task_group_decorator.py
[2022-11-22T00:51:20.168+0000] {logging_mixin.py:137} INFO - [2022-11-22T00:51:20.168+0000] {dag.py:2585} INFO - Sync 1 DAGs
[2022-11-22T00:51:20.195+0000] {logging_mixin.py:137} INFO - [2022-11-22T00:51:20.195+0000] {dag.py:3340} INFO - Setting next_dagrun for example_task_group_decorator to 2022-11-21T00:51:20.195088+00:00, run_after=2022-11-22T00:51:20.195088+00:00
[2022-11-22T00:51:20.217+0000] {processor.py:176} INFO - Processing /home/airflow/.local/lib/python3.7/site-packages/airflow/example_dags/example_task_group_decorator.py took 0.123 seconds
[2022-11-22T00:51:50.286+0000] {processor.py:154} INFO - Started process (PID=836) to work on /home/airflow/.local/lib/python3.7/site-packages/airflow/example_dags/example_task_group_decorator.py
[2022-11-22T00:51:50.287+0000] {processor.py:756} INFO - Processing file /home/airflow/.local/lib/python3.7/site-packages/airflow/example_dags/example_task_group_decorator.py for tasks to queue
[2022-11-22T00:51:50.287+0000] {logging_mixin.py:137} INFO - [2022-11-22T00:51:50.287+0000] {dagbag.py:537} INFO - Filling up the DagBag from /home/airflow/.local/lib/python3.7/site-packages/airflow/example_dags/example_task_group_decorator.py
[2022-11-22T00:51:50.315+0000] {processor.py:766} INFO - DAG(s) dict_keys(['example_task_group_decorator']) retrieved from /home/airflow/.local/lib/python3.7/site-packages/airflow/example_dags/example_task_group_decorator.py
[2022-11-22T00:51:50.360+0000] {logging_mixin.py:137} INFO - [2022-11-22T00:51:50.360+0000] {dag.py:2585} INFO - Sync 1 DAGs
[2022-11-22T00:51:50.388+0000] {logging_mixin.py:137} INFO - [2022-11-22T00:51:50.387+0000] {dag.py:3340} INFO - Setting next_dagrun for example_task_group_decorator to 2022-11-21T00:51:50.387786+00:00, run_after=2022-11-22T00:51:50.387786+00:00
[2022-11-22T00:51:50.408+0000] {processor.py:176} INFO - Processing /home/airflow/.local/lib/python3.7/site-packages/airflow/example_dags/example_task_group_decorator.py took 0.124 seconds
[2022-11-22T00:52:20.927+0000] {processor.py:154} INFO - Started process (PID=1044) to work on /home/airflow/.local/lib/python3.7/site-packages/airflow/example_dags/example_task_group_decorator.py
[2022-11-22T00:52:20.928+0000] {processor.py:756} INFO - Processing file /home/airflow/.local/lib/python3.7/site-packages/airflow/example_dags/example_task_group_decorator.py for tasks to queue
[2022-11-22T00:52:20.929+0000] {logging_mixin.py:137} INFO - [2022-11-22T00:52:20.929+0000] {dagbag.py:537} INFO - Filling up the DagBag from /home/airflow/.local/lib/python3.7/site-packages/airflow/example_dags/example_task_group_decorator.py
[2022-11-22T00:52:20.962+0000] {processor.py:766} INFO - DAG(s) dict_keys(['example_task_group_decorator']) retrieved from /home/airflow/.local/lib/python3.7/site-packages/airflow/example_dags/example_task_group_decorator.py
[2022-11-22T00:52:21.009+0000] {logging_mixin.py:137} INFO - [2022-11-22T00:52:21.009+0000] {dag.py:2585} INFO - Sync 1 DAGs
[2022-11-22T00:52:21.042+0000] {logging_mixin.py:137} INFO - [2022-11-22T00:52:21.042+0000] {dag.py:3340} INFO - Setting next_dagrun for example_task_group_decorator to 2022-11-21T00:52:21.041767+00:00, run_after=2022-11-22T00:52:21.041767+00:00
[2022-11-22T00:52:21.076+0000] {processor.py:176} INFO - Processing /home/airflow/.local/lib/python3.7/site-packages/airflow/example_dags/example_task_group_decorator.py took 0.151 seconds
[2022-11-22T00:52:51.303+0000] {processor.py:154} INFO - Started process (PID=1251) to work on /home/airflow/.local/lib/python3.7/site-packages/airflow/example_dags/example_task_group_decorator.py
[2022-11-22T00:52:51.304+0000] {processor.py:756} INFO - Processing file /home/airflow/.local/lib/python3.7/site-packages/airflow/example_dags/example_task_group_decorator.py for tasks to queue
[2022-11-22T00:52:51.304+0000] {logging_mixin.py:137} INFO - [2022-11-22T00:52:51.304+0000] {dagbag.py:537} INFO - Filling up the DagBag from /home/airflow/.local/lib/python3.7/site-packages/airflow/example_dags/example_task_group_decorator.py
[2022-11-22T00:52:51.337+0000] {processor.py:766} INFO - DAG(s) dict_keys(['example_task_group_decorator']) retrieved from /home/airflow/.local/lib/python3.7/site-packages/airflow/example_dags/example_task_group_decorator.py
[2022-11-22T00:52:51.386+0000] {logging_mixin.py:137} INFO - [2022-11-22T00:52:51.386+0000] {dag.py:2585} INFO - Sync 1 DAGs
[2022-11-22T00:52:51.419+0000] {logging_mixin.py:137} INFO - [2022-11-22T00:52:51.419+0000] {dag.py:3340} INFO - Setting next_dagrun for example_task_group_decorator to 2022-11-21T00:52:51.418954+00:00, run_after=2022-11-22T00:52:51.418954+00:00
[2022-11-22T00:52:51.441+0000] {processor.py:176} INFO - Processing /home/airflow/.local/lib/python3.7/site-packages/airflow/example_dags/example_task_group_decorator.py took 0.140 seconds
[2022-11-22T00:53:21.779+0000] {processor.py:154} INFO - Started process (PID=1450) to work on /home/airflow/.local/lib/python3.7/site-packages/airflow/example_dags/example_task_group_decorator.py
[2022-11-22T00:53:21.780+0000] {processor.py:756} INFO - Processing file /home/airflow/.local/lib/python3.7/site-packages/airflow/example_dags/example_task_group_decorator.py for tasks to queue
[2022-11-22T00:53:21.781+0000] {logging_mixin.py:137} INFO - [2022-11-22T00:53:21.781+0000] {dagbag.py:537} INFO - Filling up the DagBag from /home/airflow/.local/lib/python3.7/site-packages/airflow/example_dags/example_task_group_decorator.py
[2022-11-22T00:53:21.813+0000] {processor.py:766} INFO - DAG(s) dict_keys(['example_task_group_decorator']) retrieved from /home/airflow/.local/lib/python3.7/site-packages/airflow/example_dags/example_task_group_decorator.py
[2022-11-22T00:53:21.862+0000] {logging_mixin.py:137} INFO - [2022-11-22T00:53:21.862+0000] {dag.py:2585} INFO - Sync 1 DAGs
[2022-11-22T00:53:21.895+0000] {logging_mixin.py:137} INFO - [2022-11-22T00:53:21.895+0000] {dag.py:3340} INFO - Setting next_dagrun for example_task_group_decorator to 2022-11-21T00:53:21.895227+00:00, run_after=2022-11-22T00:53:21.895227+00:00
[2022-11-22T00:53:21.924+0000] {processor.py:176} INFO - Processing /home/airflow/.local/lib/python3.7/site-packages/airflow/example_dags/example_task_group_decorator.py took 0.147 seconds
[2022-11-22T00:53:52.993+0000] {processor.py:154} INFO - Started process (PID=1664) to work on /home/airflow/.local/lib/python3.7/site-packages/airflow/example_dags/example_task_group_decorator.py
[2022-11-22T00:53:52.993+0000] {processor.py:756} INFO - Processing file /home/airflow/.local/lib/python3.7/site-packages/airflow/example_dags/example_task_group_decorator.py for tasks to queue
[2022-11-22T00:53:52.994+0000] {logging_mixin.py:137} INFO - [2022-11-22T00:53:52.994+0000] {dagbag.py:537} INFO - Filling up the DagBag from /home/airflow/.local/lib/python3.7/site-packages/airflow/example_dags/example_task_group_decorator.py
[2022-11-22T00:53:53.025+0000] {processor.py:766} INFO - DAG(s) dict_keys(['example_task_group_decorator']) retrieved from /home/airflow/.local/lib/python3.7/site-packages/airflow/example_dags/example_task_group_decorator.py
[2022-11-22T00:53:53.070+0000] {logging_mixin.py:137} INFO - [2022-11-22T00:53:53.070+0000] {dag.py:2585} INFO - Sync 1 DAGs
[2022-11-22T00:53:53.101+0000] {logging_mixin.py:137} INFO - [2022-11-22T00:53:53.100+0000] {dag.py:3340} INFO - Setting next_dagrun for example_task_group_decorator to 2022-11-21T00:53:53.100634+00:00, run_after=2022-11-22T00:53:53.100634+00:00
[2022-11-22T00:53:53.128+0000] {processor.py:176} INFO - Processing /home/airflow/.local/lib/python3.7/site-packages/airflow/example_dags/example_task_group_decorator.py took 0.138 seconds
[2022-11-22T00:54:23.429+0000] {processor.py:154} INFO - Started process (PID=1869) to work on /home/airflow/.local/lib/python3.7/site-packages/airflow/example_dags/example_task_group_decorator.py
[2022-11-22T00:54:23.430+0000] {processor.py:756} INFO - Processing file /home/airflow/.local/lib/python3.7/site-packages/airflow/example_dags/example_task_group_decorator.py for tasks to queue
[2022-11-22T00:54:23.430+0000] {logging_mixin.py:137} INFO - [2022-11-22T00:54:23.430+0000] {dagbag.py:537} INFO - Filling up the DagBag from /home/airflow/.local/lib/python3.7/site-packages/airflow/example_dags/example_task_group_decorator.py
[2022-11-22T00:54:23.459+0000] {processor.py:766} INFO - DAG(s) dict_keys(['example_task_group_decorator']) retrieved from /home/airflow/.local/lib/python3.7/site-packages/airflow/example_dags/example_task_group_decorator.py
[2022-11-22T00:54:23.501+0000] {logging_mixin.py:137} INFO - [2022-11-22T00:54:23.501+0000] {dag.py:2585} INFO - Sync 1 DAGs
[2022-11-22T00:54:23.530+0000] {logging_mixin.py:137} INFO - [2022-11-22T00:54:23.530+0000] {dag.py:3340} INFO - Setting next_dagrun for example_task_group_decorator to 2022-11-21T00:54:23.530227+00:00, run_after=2022-11-22T00:54:23.530227+00:00
[2022-11-22T00:54:23.550+0000] {processor.py:176} INFO - Processing /home/airflow/.local/lib/python3.7/site-packages/airflow/example_dags/example_task_group_decorator.py took 0.123 seconds
[2022-11-22T00:54:54.518+0000] {processor.py:154} INFO - Started process (PID=2065) to work on /home/airflow/.local/lib/python3.7/site-packages/airflow/example_dags/example_task_group_decorator.py
[2022-11-22T00:54:54.519+0000] {processor.py:756} INFO - Processing file /home/airflow/.local/lib/python3.7/site-packages/airflow/example_dags/example_task_group_decorator.py for tasks to queue
[2022-11-22T00:54:54.520+0000] {logging_mixin.py:137} INFO - [2022-11-22T00:54:54.519+0000] {dagbag.py:537} INFO - Filling up the DagBag from /home/airflow/.local/lib/python3.7/site-packages/airflow/example_dags/example_task_group_decorator.py
[2022-11-22T00:54:54.553+0000] {processor.py:766} INFO - DAG(s) dict_keys(['example_task_group_decorator']) retrieved from /home/airflow/.local/lib/python3.7/site-packages/airflow/example_dags/example_task_group_decorator.py
[2022-11-22T00:54:54.601+0000] {logging_mixin.py:137} INFO - [2022-11-22T00:54:54.601+0000] {dag.py:2585} INFO - Sync 1 DAGs
[2022-11-22T00:54:54.634+0000] {logging_mixin.py:137} INFO - [2022-11-22T00:54:54.634+0000] {dag.py:3340} INFO - Setting next_dagrun for example_task_group_decorator to 2022-11-21T00:54:54.634438+00:00, run_after=2022-11-22T00:54:54.634438+00:00
[2022-11-22T00:54:54.663+0000] {processor.py:176} INFO - Processing /home/airflow/.local/lib/python3.7/site-packages/airflow/example_dags/example_task_group_decorator.py took 0.147 seconds
[2022-11-22T00:55:24.936+0000] {processor.py:154} INFO - Started process (PID=2271) to work on /home/airflow/.local/lib/python3.7/site-packages/airflow/example_dags/example_task_group_decorator.py
[2022-11-22T00:55:24.937+0000] {processor.py:756} INFO - Processing file /home/airflow/.local/lib/python3.7/site-packages/airflow/example_dags/example_task_group_decorator.py for tasks to queue
[2022-11-22T00:55:24.937+0000] {logging_mixin.py:137} INFO - [2022-11-22T00:55:24.937+0000] {dagbag.py:537} INFO - Filling up the DagBag from /home/airflow/.local/lib/python3.7/site-packages/airflow/example_dags/example_task_group_decorator.py
[2022-11-22T00:55:24.966+0000] {processor.py:766} INFO - DAG(s) dict_keys(['example_task_group_decorator']) retrieved from /home/airflow/.local/lib/python3.7/site-packages/airflow/example_dags/example_task_group_decorator.py
[2022-11-22T00:55:25.014+0000] {logging_mixin.py:137} INFO - [2022-11-22T00:55:25.014+0000] {dag.py:2585} INFO - Sync 1 DAGs
[2022-11-22T00:55:25.048+0000] {logging_mixin.py:137} INFO - [2022-11-22T00:55:25.047+0000] {dag.py:3340} INFO - Setting next_dagrun for example_task_group_decorator to 2022-11-21T00:55:25.047645+00:00, run_after=2022-11-22T00:55:25.047645+00:00
[2022-11-22T00:55:25.072+0000] {processor.py:176} INFO - Processing /home/airflow/.local/lib/python3.7/site-packages/airflow/example_dags/example_task_group_decorator.py took 0.138 seconds
[2022-11-22T00:55:56.136+0000] {processor.py:154} INFO - Started process (PID=2479) to work on /home/airflow/.local/lib/python3.7/site-packages/airflow/example_dags/example_task_group_decorator.py
[2022-11-22T00:55:56.137+0000] {processor.py:756} INFO - Processing file /home/airflow/.local/lib/python3.7/site-packages/airflow/example_dags/example_task_group_decorator.py for tasks to queue
[2022-11-22T00:55:56.138+0000] {logging_mixin.py:137} INFO - [2022-11-22T00:55:56.138+0000] {dagbag.py:537} INFO - Filling up the DagBag from /home/airflow/.local/lib/python3.7/site-packages/airflow/example_dags/example_task_group_decorator.py
[2022-11-22T00:55:56.169+0000] {processor.py:766} INFO - DAG(s) dict_keys(['example_task_group_decorator']) retrieved from /home/airflow/.local/lib/python3.7/site-packages/airflow/example_dags/example_task_group_decorator.py
[2022-11-22T00:55:56.217+0000] {logging_mixin.py:137} INFO - [2022-11-22T00:55:56.217+0000] {dag.py:2585} INFO - Sync 1 DAGs
[2022-11-22T00:55:56.249+0000] {logging_mixin.py:137} INFO - [2022-11-22T00:55:56.249+0000] {dag.py:3340} INFO - Setting next_dagrun for example_task_group_decorator to 2022-11-21T00:55:56.249144+00:00, run_after=2022-11-22T00:55:56.249144+00:00
[2022-11-22T00:55:56.276+0000] {processor.py:176} INFO - Processing /home/airflow/.local/lib/python3.7/site-packages/airflow/example_dags/example_task_group_decorator.py took 0.143 seconds
[2022-11-22T00:56:27.325+0000] {processor.py:154} INFO - Started process (PID=2675) to work on /home/airflow/.local/lib/python3.7/site-packages/airflow/example_dags/example_task_group_decorator.py
[2022-11-22T00:56:27.326+0000] {processor.py:756} INFO - Processing file /home/airflow/.local/lib/python3.7/site-packages/airflow/example_dags/example_task_group_decorator.py for tasks to queue
[2022-11-22T00:56:27.327+0000] {logging_mixin.py:137} INFO - [2022-11-22T00:56:27.327+0000] {dagbag.py:537} INFO - Filling up the DagBag from /home/airflow/.local/lib/python3.7/site-packages/airflow/example_dags/example_task_group_decorator.py
[2022-11-22T00:56:27.367+0000] {processor.py:766} INFO - DAG(s) dict_keys(['example_task_group_decorator']) retrieved from /home/airflow/.local/lib/python3.7/site-packages/airflow/example_dags/example_task_group_decorator.py
[2022-11-22T00:56:27.425+0000] {logging_mixin.py:137} INFO - [2022-11-22T00:56:27.425+0000] {dag.py:2585} INFO - Sync 1 DAGs
[2022-11-22T00:56:27.465+0000] {logging_mixin.py:137} INFO - [2022-11-22T00:56:27.464+0000] {dag.py:3340} INFO - Setting next_dagrun for example_task_group_decorator to 2022-11-21T00:56:27.464647+00:00, run_after=2022-11-22T00:56:27.464647+00:00
[2022-11-22T00:56:27.517+0000] {processor.py:176} INFO - Processing /home/airflow/.local/lib/python3.7/site-packages/airflow/example_dags/example_task_group_decorator.py took 0.197 seconds
[2022-11-22T00:56:57.708+0000] {processor.py:154} INFO - Started process (PID=2882) to work on /home/airflow/.local/lib/python3.7/site-packages/airflow/example_dags/example_task_group_decorator.py
[2022-11-22T00:56:57.708+0000] {processor.py:756} INFO - Processing file /home/airflow/.local/lib/python3.7/site-packages/airflow/example_dags/example_task_group_decorator.py for tasks to queue
[2022-11-22T00:56:57.709+0000] {logging_mixin.py:137} INFO - [2022-11-22T00:56:57.709+0000] {dagbag.py:537} INFO - Filling up the DagBag from /home/airflow/.local/lib/python3.7/site-packages/airflow/example_dags/example_task_group_decorator.py
[2022-11-22T00:56:57.737+0000] {processor.py:766} INFO - DAG(s) dict_keys(['example_task_group_decorator']) retrieved from /home/airflow/.local/lib/python3.7/site-packages/airflow/example_dags/example_task_group_decorator.py
[2022-11-22T00:56:57.778+0000] {logging_mixin.py:137} INFO - [2022-11-22T00:56:57.777+0000] {dag.py:2585} INFO - Sync 1 DAGs
[2022-11-22T00:56:57.807+0000] {logging_mixin.py:137} INFO - [2022-11-22T00:56:57.807+0000] {dag.py:3340} INFO - Setting next_dagrun for example_task_group_decorator to 2022-11-21T00:56:57.806875+00:00, run_after=2022-11-22T00:56:57.806875+00:00
[2022-11-22T00:56:57.828+0000] {processor.py:176} INFO - Processing /home/airflow/.local/lib/python3.7/site-packages/airflow/example_dags/example_task_group_decorator.py took 0.123 seconds
[2022-11-22T00:57:28.656+0000] {processor.py:154} INFO - Started process (PID=3090) to work on /home/airflow/.local/lib/python3.7/site-packages/airflow/example_dags/example_task_group_decorator.py
[2022-11-22T00:57:28.657+0000] {processor.py:756} INFO - Processing file /home/airflow/.local/lib/python3.7/site-packages/airflow/example_dags/example_task_group_decorator.py for tasks to queue
[2022-11-22T00:57:28.657+0000] {logging_mixin.py:137} INFO - [2022-11-22T00:57:28.657+0000] {dagbag.py:537} INFO - Filling up the DagBag from /home/airflow/.local/lib/python3.7/site-packages/airflow/example_dags/example_task_group_decorator.py
[2022-11-22T00:57:28.689+0000] {processor.py:766} INFO - DAG(s) dict_keys(['example_task_group_decorator']) retrieved from /home/airflow/.local/lib/python3.7/site-packages/airflow/example_dags/example_task_group_decorator.py
[2022-11-22T00:57:28.736+0000] {logging_mixin.py:137} INFO - [2022-11-22T00:57:28.735+0000] {dag.py:2585} INFO - Sync 1 DAGs
[2022-11-22T00:57:28.770+0000] {logging_mixin.py:137} INFO - [2022-11-22T00:57:28.769+0000] {dag.py:3340} INFO - Setting next_dagrun for example_task_group_decorator to 2022-11-21T00:57:28.769604+00:00, run_after=2022-11-22T00:57:28.769604+00:00
[2022-11-22T00:57:28.795+0000] {processor.py:176} INFO - Processing /home/airflow/.local/lib/python3.7/site-packages/airflow/example_dags/example_task_group_decorator.py took 0.141 seconds
[2022-11-22T00:57:59.583+0000] {processor.py:154} INFO - Started process (PID=3290) to work on /home/airflow/.local/lib/python3.7/site-packages/airflow/example_dags/example_task_group_decorator.py
[2022-11-22T00:57:59.584+0000] {processor.py:756} INFO - Processing file /home/airflow/.local/lib/python3.7/site-packages/airflow/example_dags/example_task_group_decorator.py for tasks to queue
[2022-11-22T00:57:59.584+0000] {logging_mixin.py:137} INFO - [2022-11-22T00:57:59.584+0000] {dagbag.py:537} INFO - Filling up the DagBag from /home/airflow/.local/lib/python3.7/site-packages/airflow/example_dags/example_task_group_decorator.py
[2022-11-22T00:57:59.613+0000] {processor.py:766} INFO - DAG(s) dict_keys(['example_task_group_decorator']) retrieved from /home/airflow/.local/lib/python3.7/site-packages/airflow/example_dags/example_task_group_decorator.py
[2022-11-22T00:57:59.657+0000] {logging_mixin.py:137} INFO - [2022-11-22T00:57:59.657+0000] {dag.py:2585} INFO - Sync 1 DAGs
[2022-11-22T00:57:59.685+0000] {logging_mixin.py:137} INFO - [2022-11-22T00:57:59.684+0000] {dag.py:3340} INFO - Setting next_dagrun for example_task_group_decorator to 2022-11-21T00:57:59.684759+00:00, run_after=2022-11-22T00:57:59.684759+00:00
[2022-11-22T00:57:59.707+0000] {processor.py:176} INFO - Processing /home/airflow/.local/lib/python3.7/site-packages/airflow/example_dags/example_task_group_decorator.py took 0.127 seconds
[2022-11-22T00:58:29.854+0000] {processor.py:154} INFO - Started process (PID=3494) to work on /home/airflow/.local/lib/python3.7/site-packages/airflow/example_dags/example_task_group_decorator.py
[2022-11-22T00:58:29.855+0000] {processor.py:756} INFO - Processing file /home/airflow/.local/lib/python3.7/site-packages/airflow/example_dags/example_task_group_decorator.py for tasks to queue
[2022-11-22T00:58:29.856+0000] {logging_mixin.py:137} INFO - [2022-11-22T00:58:29.856+0000] {dagbag.py:537} INFO - Filling up the DagBag from /home/airflow/.local/lib/python3.7/site-packages/airflow/example_dags/example_task_group_decorator.py
[2022-11-22T00:58:29.888+0000] {processor.py:766} INFO - DAG(s) dict_keys(['example_task_group_decorator']) retrieved from /home/airflow/.local/lib/python3.7/site-packages/airflow/example_dags/example_task_group_decorator.py
[2022-11-22T00:58:29.934+0000] {logging_mixin.py:137} INFO - [2022-11-22T00:58:29.934+0000] {dag.py:2585} INFO - Sync 1 DAGs
[2022-11-22T00:58:29.966+0000] {logging_mixin.py:137} INFO - [2022-11-22T00:58:29.966+0000] {dag.py:3340} INFO - Setting next_dagrun for example_task_group_decorator to 2022-11-21T00:58:29.966292+00:00, run_after=2022-11-22T00:58:29.966292+00:00
[2022-11-22T00:58:29.990+0000] {processor.py:176} INFO - Processing /home/airflow/.local/lib/python3.7/site-packages/airflow/example_dags/example_task_group_decorator.py took 0.138 seconds
[2022-11-22T00:59:01.152+0000] {processor.py:154} INFO - Started process (PID=3702) to work on /home/airflow/.local/lib/python3.7/site-packages/airflow/example_dags/example_task_group_decorator.py
[2022-11-22T00:59:01.153+0000] {processor.py:756} INFO - Processing file /home/airflow/.local/lib/python3.7/site-packages/airflow/example_dags/example_task_group_decorator.py for tasks to queue
[2022-11-22T00:59:01.153+0000] {logging_mixin.py:137} INFO - [2022-11-22T00:59:01.153+0000] {dagbag.py:537} INFO - Filling up the DagBag from /home/airflow/.local/lib/python3.7/site-packages/airflow/example_dags/example_task_group_decorator.py
[2022-11-22T00:59:01.187+0000] {processor.py:766} INFO - DAG(s) dict_keys(['example_task_group_decorator']) retrieved from /home/airflow/.local/lib/python3.7/site-packages/airflow/example_dags/example_task_group_decorator.py
[2022-11-22T00:59:01.232+0000] {logging_mixin.py:137} INFO - [2022-11-22T00:59:01.232+0000] {dag.py:2585} INFO - Sync 1 DAGs
[2022-11-22T00:59:01.263+0000] {logging_mixin.py:137} INFO - [2022-11-22T00:59:01.262+0000] {dag.py:3340} INFO - Setting next_dagrun for example_task_group_decorator to 2022-11-21T00:59:01.262619+00:00, run_after=2022-11-22T00:59:01.262619+00:00
[2022-11-22T00:59:01.285+0000] {processor.py:176} INFO - Processing /home/airflow/.local/lib/python3.7/site-packages/airflow/example_dags/example_task_group_decorator.py took 0.136 seconds
[2022-11-22T00:59:31.438+0000] {processor.py:154} INFO - Started process (PID=3899) to work on /home/airflow/.local/lib/python3.7/site-packages/airflow/example_dags/example_task_group_decorator.py
[2022-11-22T00:59:31.439+0000] {processor.py:756} INFO - Processing file /home/airflow/.local/lib/python3.7/site-packages/airflow/example_dags/example_task_group_decorator.py for tasks to queue
[2022-11-22T00:59:31.439+0000] {logging_mixin.py:137} INFO - [2022-11-22T00:59:31.439+0000] {dagbag.py:537} INFO - Filling up the DagBag from /home/airflow/.local/lib/python3.7/site-packages/airflow/example_dags/example_task_group_decorator.py
[2022-11-22T00:59:31.471+0000] {processor.py:766} INFO - DAG(s) dict_keys(['example_task_group_decorator']) retrieved from /home/airflow/.local/lib/python3.7/site-packages/airflow/example_dags/example_task_group_decorator.py
[2022-11-22T00:59:31.525+0000] {logging_mixin.py:137} INFO - [2022-11-22T00:59:31.525+0000] {dag.py:2585} INFO - Sync 1 DAGs
[2022-11-22T00:59:31.558+0000] {logging_mixin.py:137} INFO - [2022-11-22T00:59:31.558+0000] {dag.py:3340} INFO - Setting next_dagrun for example_task_group_decorator to 2022-11-21T00:59:31.558562+00:00, run_after=2022-11-22T00:59:31.558562+00:00
[2022-11-22T00:59:31.583+0000] {processor.py:176} INFO - Processing /home/airflow/.local/lib/python3.7/site-packages/airflow/example_dags/example_task_group_decorator.py took 0.148 seconds
[2022-11-22T01:00:02.669+0000] {processor.py:154} INFO - Started process (PID=4105) to work on /home/airflow/.local/lib/python3.7/site-packages/airflow/example_dags/example_task_group_decorator.py
[2022-11-22T01:00:02.669+0000] {processor.py:756} INFO - Processing file /home/airflow/.local/lib/python3.7/site-packages/airflow/example_dags/example_task_group_decorator.py for tasks to queue
[2022-11-22T01:00:02.670+0000] {logging_mixin.py:137} INFO - [2022-11-22T01:00:02.670+0000] {dagbag.py:537} INFO - Filling up the DagBag from /home/airflow/.local/lib/python3.7/site-packages/airflow/example_dags/example_task_group_decorator.py
[2022-11-22T01:00:02.704+0000] {processor.py:766} INFO - DAG(s) dict_keys(['example_task_group_decorator']) retrieved from /home/airflow/.local/lib/python3.7/site-packages/airflow/example_dags/example_task_group_decorator.py
[2022-11-22T01:00:02.758+0000] {logging_mixin.py:137} INFO - [2022-11-22T01:00:02.757+0000] {dag.py:2585} INFO - Sync 1 DAGs
[2022-11-22T01:00:02.789+0000] {logging_mixin.py:137} INFO - [2022-11-22T01:00:02.789+0000] {dag.py:3340} INFO - Setting next_dagrun for example_task_group_decorator to 2022-11-21T01:00:02.789433+00:00, run_after=2022-11-22T01:00:02.789433+00:00
[2022-11-22T01:00:02.815+0000] {processor.py:176} INFO - Processing /home/airflow/.local/lib/python3.7/site-packages/airflow/example_dags/example_task_group_decorator.py took 0.149 seconds
[2022-11-22T01:00:33.841+0000] {processor.py:154} INFO - Started process (PID=4311) to work on /home/airflow/.local/lib/python3.7/site-packages/airflow/example_dags/example_task_group_decorator.py
[2022-11-22T01:00:33.842+0000] {processor.py:756} INFO - Processing file /home/airflow/.local/lib/python3.7/site-packages/airflow/example_dags/example_task_group_decorator.py for tasks to queue
[2022-11-22T01:00:33.843+0000] {logging_mixin.py:137} INFO - [2022-11-22T01:00:33.843+0000] {dagbag.py:537} INFO - Filling up the DagBag from /home/airflow/.local/lib/python3.7/site-packages/airflow/example_dags/example_task_group_decorator.py
[2022-11-22T01:00:33.875+0000] {processor.py:766} INFO - DAG(s) dict_keys(['example_task_group_decorator']) retrieved from /home/airflow/.local/lib/python3.7/site-packages/airflow/example_dags/example_task_group_decorator.py
[2022-11-22T01:00:33.925+0000] {logging_mixin.py:137} INFO - [2022-11-22T01:00:33.925+0000] {dag.py:2585} INFO - Sync 1 DAGs
[2022-11-22T01:00:33.957+0000] {logging_mixin.py:137} INFO - [2022-11-22T01:00:33.957+0000] {dag.py:3340} INFO - Setting next_dagrun for example_task_group_decorator to 2022-11-21T01:00:33.957470+00:00, run_after=2022-11-22T01:00:33.957470+00:00
[2022-11-22T01:00:33.982+0000] {processor.py:176} INFO - Processing /home/airflow/.local/lib/python3.7/site-packages/airflow/example_dags/example_task_group_decorator.py took 0.144 seconds
[2022-11-22T01:01:04.316+0000] {processor.py:154} INFO - Started process (PID=4509) to work on /home/airflow/.local/lib/python3.7/site-packages/airflow/example_dags/example_task_group_decorator.py
[2022-11-22T01:01:04.317+0000] {processor.py:756} INFO - Processing file /home/airflow/.local/lib/python3.7/site-packages/airflow/example_dags/example_task_group_decorator.py for tasks to queue
[2022-11-22T01:01:04.318+0000] {logging_mixin.py:137} INFO - [2022-11-22T01:01:04.318+0000] {dagbag.py:537} INFO - Filling up the DagBag from /home/airflow/.local/lib/python3.7/site-packages/airflow/example_dags/example_task_group_decorator.py
[2022-11-22T01:01:04.350+0000] {processor.py:766} INFO - DAG(s) dict_keys(['example_task_group_decorator']) retrieved from /home/airflow/.local/lib/python3.7/site-packages/airflow/example_dags/example_task_group_decorator.py
[2022-11-22T01:01:04.396+0000] {logging_mixin.py:137} INFO - [2022-11-22T01:01:04.396+0000] {dag.py:2585} INFO - Sync 1 DAGs
[2022-11-22T01:01:04.428+0000] {logging_mixin.py:137} INFO - [2022-11-22T01:01:04.428+0000] {dag.py:3340} INFO - Setting next_dagrun for example_task_group_decorator to 2022-11-21T01:01:04.428535+00:00, run_after=2022-11-22T01:01:04.428535+00:00
[2022-11-22T01:01:04.453+0000] {processor.py:176} INFO - Processing /home/airflow/.local/lib/python3.7/site-packages/airflow/example_dags/example_task_group_decorator.py took 0.139 seconds
[2022-11-22T01:01:35.395+0000] {processor.py:154} INFO - Started process (PID=4717) to work on /home/airflow/.local/lib/python3.7/site-packages/airflow/example_dags/example_task_group_decorator.py
[2022-11-22T01:01:35.396+0000] {processor.py:756} INFO - Processing file /home/airflow/.local/lib/python3.7/site-packages/airflow/example_dags/example_task_group_decorator.py for tasks to queue
[2022-11-22T01:01:35.397+0000] {logging_mixin.py:137} INFO - [2022-11-22T01:01:35.397+0000] {dagbag.py:537} INFO - Filling up the DagBag from /home/airflow/.local/lib/python3.7/site-packages/airflow/example_dags/example_task_group_decorator.py
[2022-11-22T01:01:35.431+0000] {processor.py:766} INFO - DAG(s) dict_keys(['example_task_group_decorator']) retrieved from /home/airflow/.local/lib/python3.7/site-packages/airflow/example_dags/example_task_group_decorator.py
[2022-11-22T01:01:35.476+0000] {logging_mixin.py:137} INFO - [2022-11-22T01:01:35.476+0000] {dag.py:2585} INFO - Sync 1 DAGs
[2022-11-22T01:01:35.509+0000] {logging_mixin.py:137} INFO - [2022-11-22T01:01:35.509+0000] {dag.py:3340} INFO - Setting next_dagrun for example_task_group_decorator to 2022-11-21T01:01:35.508729+00:00, run_after=2022-11-22T01:01:35.508729+00:00
[2022-11-22T01:01:35.535+0000] {processor.py:176} INFO - Processing /home/airflow/.local/lib/python3.7/site-packages/airflow/example_dags/example_task_group_decorator.py took 0.143 seconds
