[2022-11-22T00:50:19.152+0000] {processor.py:154} INFO - Started process (PID=253) to work on /home/airflow/.local/lib/python3.7/site-packages/airflow/example_dags/example_complex.py
[2022-11-22T00:50:19.152+0000] {processor.py:756} INFO - Processing file /home/airflow/.local/lib/python3.7/site-packages/airflow/example_dags/example_complex.py for tasks to queue
[2022-11-22T00:50:19.153+0000] {logging_mixin.py:137} INFO - [2022-11-22T00:50:19.153+0000] {dagbag.py:537} INFO - Filling up the DagBag from /home/airflow/.local/lib/python3.7/site-packages/airflow/example_dags/example_complex.py
[2022-11-22T00:50:19.169+0000] {logging_mixin.py:137} INFO - [2022-11-22T00:50:19.169+0000] {taskmixin.py:205} WARNING - Dependency <Task(BashOperator): create_entry_group>, delete_entry_group already registered for DAG: example_complex
[2022-11-22T00:50:19.169+0000] {logging_mixin.py:137} INFO - [2022-11-22T00:50:19.169+0000] {taskmixin.py:205} WARNING - Dependency <Task(BashOperator): delete_entry_group>, create_entry_group already registered for DAG: example_complex
[2022-11-22T00:50:19.170+0000] {logging_mixin.py:137} INFO - [2022-11-22T00:50:19.170+0000] {taskmixin.py:205} WARNING - Dependency <Task(BashOperator): create_entry_gcs>, delete_entry already registered for DAG: example_complex
[2022-11-22T00:50:19.172+0000] {logging_mixin.py:137} INFO - [2022-11-22T00:50:19.172+0000] {taskmixin.py:205} WARNING - Dependency <Task(BashOperator): delete_entry>, create_entry_gcs already registered for DAG: example_complex
[2022-11-22T00:50:19.172+0000] {logging_mixin.py:137} INFO - [2022-11-22T00:50:19.172+0000] {taskmixin.py:205} WARNING - Dependency <Task(BashOperator): create_tag>, delete_tag already registered for DAG: example_complex
[2022-11-22T00:50:19.172+0000] {logging_mixin.py:137} INFO - [2022-11-22T00:50:19.172+0000] {taskmixin.py:205} WARNING - Dependency <Task(BashOperator): delete_tag>, create_tag already registered for DAG: example_complex
[2022-11-22T00:50:19.181+0000] {processor.py:766} INFO - DAG(s) dict_keys(['example_complex']) retrieved from /home/airflow/.local/lib/python3.7/site-packages/airflow/example_dags/example_complex.py
[2022-11-22T00:50:19.211+0000] {logging_mixin.py:137} INFO - [2022-11-22T00:50:19.211+0000] {dag.py:2585} INFO - Sync 1 DAGs
[2022-11-22T00:50:19.245+0000] {logging_mixin.py:137} INFO - [2022-11-22T00:50:19.245+0000] {dag.py:3340} INFO - Setting next_dagrun for example_complex to None, run_after=None
[2022-11-22T00:50:19.268+0000] {processor.py:176} INFO - Processing /home/airflow/.local/lib/python3.7/site-packages/airflow/example_dags/example_complex.py took 0.118 seconds
[2022-11-22T00:50:50.209+0000] {processor.py:154} INFO - Started process (PID=451) to work on /home/airflow/.local/lib/python3.7/site-packages/airflow/example_dags/example_complex.py
[2022-11-22T00:50:50.210+0000] {processor.py:756} INFO - Processing file /home/airflow/.local/lib/python3.7/site-packages/airflow/example_dags/example_complex.py for tasks to queue
[2022-11-22T00:50:50.210+0000] {logging_mixin.py:137} INFO - [2022-11-22T00:50:50.210+0000] {dagbag.py:537} INFO - Filling up the DagBag from /home/airflow/.local/lib/python3.7/site-packages/airflow/example_dags/example_complex.py
[2022-11-22T00:50:50.222+0000] {logging_mixin.py:137} INFO - [2022-11-22T00:50:50.222+0000] {taskmixin.py:205} WARNING - Dependency <Task(BashOperator): create_entry_group>, delete_entry_group already registered for DAG: example_complex
[2022-11-22T00:50:50.223+0000] {logging_mixin.py:137} INFO - [2022-11-22T00:50:50.222+0000] {taskmixin.py:205} WARNING - Dependency <Task(BashOperator): delete_entry_group>, create_entry_group already registered for DAG: example_complex
[2022-11-22T00:50:50.223+0000] {logging_mixin.py:137} INFO - [2022-11-22T00:50:50.223+0000] {taskmixin.py:205} WARNING - Dependency <Task(BashOperator): create_entry_gcs>, delete_entry already registered for DAG: example_complex
[2022-11-22T00:50:50.223+0000] {logging_mixin.py:137} INFO - [2022-11-22T00:50:50.223+0000] {taskmixin.py:205} WARNING - Dependency <Task(BashOperator): delete_entry>, create_entry_gcs already registered for DAG: example_complex
[2022-11-22T00:50:50.224+0000] {logging_mixin.py:137} INFO - [2022-11-22T00:50:50.223+0000] {taskmixin.py:205} WARNING - Dependency <Task(BashOperator): create_tag>, delete_tag already registered for DAG: example_complex
[2022-11-22T00:50:50.224+0000] {logging_mixin.py:137} INFO - [2022-11-22T00:50:50.224+0000] {taskmixin.py:205} WARNING - Dependency <Task(BashOperator): delete_tag>, create_tag already registered for DAG: example_complex
[2022-11-22T00:50:50.232+0000] {processor.py:766} INFO - DAG(s) dict_keys(['example_complex']) retrieved from /home/airflow/.local/lib/python3.7/site-packages/airflow/example_dags/example_complex.py
[2022-11-22T00:50:50.278+0000] {logging_mixin.py:137} INFO - [2022-11-22T00:50:50.278+0000] {dag.py:2585} INFO - Sync 1 DAGs
[2022-11-22T00:50:50.309+0000] {logging_mixin.py:137} INFO - [2022-11-22T00:50:50.309+0000] {dag.py:3340} INFO - Setting next_dagrun for example_complex to None, run_after=None
[2022-11-22T00:50:50.335+0000] {processor.py:176} INFO - Processing /home/airflow/.local/lib/python3.7/site-packages/airflow/example_dags/example_complex.py took 0.128 seconds
[2022-11-22T00:51:20.515+0000] {processor.py:154} INFO - Started process (PID=661) to work on /home/airflow/.local/lib/python3.7/site-packages/airflow/example_dags/example_complex.py
[2022-11-22T00:51:20.516+0000] {processor.py:756} INFO - Processing file /home/airflow/.local/lib/python3.7/site-packages/airflow/example_dags/example_complex.py for tasks to queue
[2022-11-22T00:51:20.516+0000] {logging_mixin.py:137} INFO - [2022-11-22T00:51:20.516+0000] {dagbag.py:537} INFO - Filling up the DagBag from /home/airflow/.local/lib/python3.7/site-packages/airflow/example_dags/example_complex.py
[2022-11-22T00:51:20.528+0000] {logging_mixin.py:137} INFO - [2022-11-22T00:51:20.528+0000] {taskmixin.py:205} WARNING - Dependency <Task(BashOperator): create_entry_group>, delete_entry_group already registered for DAG: example_complex
[2022-11-22T00:51:20.528+0000] {logging_mixin.py:137} INFO - [2022-11-22T00:51:20.528+0000] {taskmixin.py:205} WARNING - Dependency <Task(BashOperator): delete_entry_group>, create_entry_group already registered for DAG: example_complex
[2022-11-22T00:51:20.528+0000] {logging_mixin.py:137} INFO - [2022-11-22T00:51:20.528+0000] {taskmixin.py:205} WARNING - Dependency <Task(BashOperator): create_entry_gcs>, delete_entry already registered for DAG: example_complex
[2022-11-22T00:51:20.528+0000] {logging_mixin.py:137} INFO - [2022-11-22T00:51:20.528+0000] {taskmixin.py:205} WARNING - Dependency <Task(BashOperator): delete_entry>, create_entry_gcs already registered for DAG: example_complex
[2022-11-22T00:51:20.529+0000] {logging_mixin.py:137} INFO - [2022-11-22T00:51:20.529+0000] {taskmixin.py:205} WARNING - Dependency <Task(BashOperator): create_tag>, delete_tag already registered for DAG: example_complex
[2022-11-22T00:51:20.529+0000] {logging_mixin.py:137} INFO - [2022-11-22T00:51:20.529+0000] {taskmixin.py:205} WARNING - Dependency <Task(BashOperator): delete_tag>, create_tag already registered for DAG: example_complex
[2022-11-22T00:51:20.536+0000] {processor.py:766} INFO - DAG(s) dict_keys(['example_complex']) retrieved from /home/airflow/.local/lib/python3.7/site-packages/airflow/example_dags/example_complex.py
[2022-11-22T00:51:20.581+0000] {logging_mixin.py:137} INFO - [2022-11-22T00:51:20.581+0000] {dag.py:2585} INFO - Sync 1 DAGs
[2022-11-22T00:51:20.610+0000] {logging_mixin.py:137} INFO - [2022-11-22T00:51:20.609+0000] {dag.py:3340} INFO - Setting next_dagrun for example_complex to None, run_after=None
[2022-11-22T00:51:20.631+0000] {processor.py:176} INFO - Processing /home/airflow/.local/lib/python3.7/site-packages/airflow/example_dags/example_complex.py took 0.118 seconds
[2022-11-22T00:51:50.797+0000] {processor.py:154} INFO - Started process (PID=867) to work on /home/airflow/.local/lib/python3.7/site-packages/airflow/example_dags/example_complex.py
[2022-11-22T00:51:50.798+0000] {processor.py:756} INFO - Processing file /home/airflow/.local/lib/python3.7/site-packages/airflow/example_dags/example_complex.py for tasks to queue
[2022-11-22T00:51:50.799+0000] {logging_mixin.py:137} INFO - [2022-11-22T00:51:50.799+0000] {dagbag.py:537} INFO - Filling up the DagBag from /home/airflow/.local/lib/python3.7/site-packages/airflow/example_dags/example_complex.py
[2022-11-22T00:51:50.815+0000] {logging_mixin.py:137} INFO - [2022-11-22T00:51:50.815+0000] {taskmixin.py:205} WARNING - Dependency <Task(BashOperator): create_entry_group>, delete_entry_group already registered for DAG: example_complex
[2022-11-22T00:51:50.815+0000] {logging_mixin.py:137} INFO - [2022-11-22T00:51:50.815+0000] {taskmixin.py:205} WARNING - Dependency <Task(BashOperator): delete_entry_group>, create_entry_group already registered for DAG: example_complex
[2022-11-22T00:51:50.815+0000] {logging_mixin.py:137} INFO - [2022-11-22T00:51:50.815+0000] {taskmixin.py:205} WARNING - Dependency <Task(BashOperator): create_entry_gcs>, delete_entry already registered for DAG: example_complex
[2022-11-22T00:51:50.815+0000] {logging_mixin.py:137} INFO - [2022-11-22T00:51:50.815+0000] {taskmixin.py:205} WARNING - Dependency <Task(BashOperator): delete_entry>, create_entry_gcs already registered for DAG: example_complex
[2022-11-22T00:51:50.816+0000] {logging_mixin.py:137} INFO - [2022-11-22T00:51:50.816+0000] {taskmixin.py:205} WARNING - Dependency <Task(BashOperator): create_tag>, delete_tag already registered for DAG: example_complex
[2022-11-22T00:51:50.816+0000] {logging_mixin.py:137} INFO - [2022-11-22T00:51:50.816+0000] {taskmixin.py:205} WARNING - Dependency <Task(BashOperator): delete_tag>, create_tag already registered for DAG: example_complex
[2022-11-22T00:51:50.826+0000] {processor.py:766} INFO - DAG(s) dict_keys(['example_complex']) retrieved from /home/airflow/.local/lib/python3.7/site-packages/airflow/example_dags/example_complex.py
[2022-11-22T00:51:50.880+0000] {logging_mixin.py:137} INFO - [2022-11-22T00:51:50.880+0000] {dag.py:2585} INFO - Sync 1 DAGs
[2022-11-22T00:51:50.912+0000] {logging_mixin.py:137} INFO - [2022-11-22T00:51:50.912+0000] {dag.py:3340} INFO - Setting next_dagrun for example_complex to None, run_after=None
[2022-11-22T00:51:50.935+0000] {processor.py:176} INFO - Processing /home/airflow/.local/lib/python3.7/site-packages/airflow/example_dags/example_complex.py took 0.141 seconds
[2022-11-22T00:52:21.477+0000] {processor.py:154} INFO - Started process (PID=1069) to work on /home/airflow/.local/lib/python3.7/site-packages/airflow/example_dags/example_complex.py
[2022-11-22T00:52:21.478+0000] {processor.py:756} INFO - Processing file /home/airflow/.local/lib/python3.7/site-packages/airflow/example_dags/example_complex.py for tasks to queue
[2022-11-22T00:52:21.479+0000] {logging_mixin.py:137} INFO - [2022-11-22T00:52:21.479+0000] {dagbag.py:537} INFO - Filling up the DagBag from /home/airflow/.local/lib/python3.7/site-packages/airflow/example_dags/example_complex.py
[2022-11-22T00:52:21.492+0000] {logging_mixin.py:137} INFO - [2022-11-22T00:52:21.492+0000] {taskmixin.py:205} WARNING - Dependency <Task(BashOperator): create_entry_group>, delete_entry_group already registered for DAG: example_complex
[2022-11-22T00:52:21.493+0000] {logging_mixin.py:137} INFO - [2022-11-22T00:52:21.493+0000] {taskmixin.py:205} WARNING - Dependency <Task(BashOperator): delete_entry_group>, create_entry_group already registered for DAG: example_complex
[2022-11-22T00:52:21.493+0000] {logging_mixin.py:137} INFO - [2022-11-22T00:52:21.493+0000] {taskmixin.py:205} WARNING - Dependency <Task(BashOperator): create_entry_gcs>, delete_entry already registered for DAG: example_complex
[2022-11-22T00:52:21.493+0000] {logging_mixin.py:137} INFO - [2022-11-22T00:52:21.493+0000] {taskmixin.py:205} WARNING - Dependency <Task(BashOperator): delete_entry>, create_entry_gcs already registered for DAG: example_complex
[2022-11-22T00:52:21.494+0000] {logging_mixin.py:137} INFO - [2022-11-22T00:52:21.493+0000] {taskmixin.py:205} WARNING - Dependency <Task(BashOperator): create_tag>, delete_tag already registered for DAG: example_complex
[2022-11-22T00:52:21.494+0000] {logging_mixin.py:137} INFO - [2022-11-22T00:52:21.494+0000] {taskmixin.py:205} WARNING - Dependency <Task(BashOperator): delete_tag>, create_tag already registered for DAG: example_complex
[2022-11-22T00:52:21.503+0000] {processor.py:766} INFO - DAG(s) dict_keys(['example_complex']) retrieved from /home/airflow/.local/lib/python3.7/site-packages/airflow/example_dags/example_complex.py
[2022-11-22T00:52:21.572+0000] {logging_mixin.py:137} INFO - [2022-11-22T00:52:21.572+0000] {dag.py:2585} INFO - Sync 1 DAGs
[2022-11-22T00:52:21.604+0000] {logging_mixin.py:137} INFO - [2022-11-22T00:52:21.604+0000] {dag.py:3340} INFO - Setting next_dagrun for example_complex to None, run_after=None
[2022-11-22T00:52:21.628+0000] {processor.py:176} INFO - Processing /home/airflow/.local/lib/python3.7/site-packages/airflow/example_dags/example_complex.py took 0.153 seconds
[2022-11-22T00:52:51.765+0000] {processor.py:154} INFO - Started process (PID=1276) to work on /home/airflow/.local/lib/python3.7/site-packages/airflow/example_dags/example_complex.py
[2022-11-22T00:52:51.767+0000] {processor.py:756} INFO - Processing file /home/airflow/.local/lib/python3.7/site-packages/airflow/example_dags/example_complex.py for tasks to queue
[2022-11-22T00:52:51.768+0000] {logging_mixin.py:137} INFO - [2022-11-22T00:52:51.768+0000] {dagbag.py:537} INFO - Filling up the DagBag from /home/airflow/.local/lib/python3.7/site-packages/airflow/example_dags/example_complex.py
[2022-11-22T00:52:51.781+0000] {logging_mixin.py:137} INFO - [2022-11-22T00:52:51.781+0000] {taskmixin.py:205} WARNING - Dependency <Task(BashOperator): create_entry_group>, delete_entry_group already registered for DAG: example_complex
[2022-11-22T00:52:51.782+0000] {logging_mixin.py:137} INFO - [2022-11-22T00:52:51.782+0000] {taskmixin.py:205} WARNING - Dependency <Task(BashOperator): delete_entry_group>, create_entry_group already registered for DAG: example_complex
[2022-11-22T00:52:51.782+0000] {logging_mixin.py:137} INFO - [2022-11-22T00:52:51.782+0000] {taskmixin.py:205} WARNING - Dependency <Task(BashOperator): create_entry_gcs>, delete_entry already registered for DAG: example_complex
[2022-11-22T00:52:51.782+0000] {logging_mixin.py:137} INFO - [2022-11-22T00:52:51.782+0000] {taskmixin.py:205} WARNING - Dependency <Task(BashOperator): delete_entry>, create_entry_gcs already registered for DAG: example_complex
[2022-11-22T00:52:51.783+0000] {logging_mixin.py:137} INFO - [2022-11-22T00:52:51.783+0000] {taskmixin.py:205} WARNING - Dependency <Task(BashOperator): create_tag>, delete_tag already registered for DAG: example_complex
[2022-11-22T00:52:51.783+0000] {logging_mixin.py:137} INFO - [2022-11-22T00:52:51.783+0000] {taskmixin.py:205} WARNING - Dependency <Task(BashOperator): delete_tag>, create_tag already registered for DAG: example_complex
[2022-11-22T00:52:51.791+0000] {processor.py:766} INFO - DAG(s) dict_keys(['example_complex']) retrieved from /home/airflow/.local/lib/python3.7/site-packages/airflow/example_dags/example_complex.py
[2022-11-22T00:52:51.845+0000] {logging_mixin.py:137} INFO - [2022-11-22T00:52:51.845+0000] {dag.py:2585} INFO - Sync 1 DAGs
[2022-11-22T00:52:51.877+0000] {logging_mixin.py:137} INFO - [2022-11-22T00:52:51.876+0000] {dag.py:3340} INFO - Setting next_dagrun for example_complex to None, run_after=None
[2022-11-22T00:52:51.903+0000] {processor.py:176} INFO - Processing /home/airflow/.local/lib/python3.7/site-packages/airflow/example_dags/example_complex.py took 0.141 seconds
[2022-11-22T00:53:22.221+0000] {processor.py:154} INFO - Started process (PID=1475) to work on /home/airflow/.local/lib/python3.7/site-packages/airflow/example_dags/example_complex.py
[2022-11-22T00:53:22.221+0000] {processor.py:756} INFO - Processing file /home/airflow/.local/lib/python3.7/site-packages/airflow/example_dags/example_complex.py for tasks to queue
[2022-11-22T00:53:22.222+0000] {logging_mixin.py:137} INFO - [2022-11-22T00:53:22.222+0000] {dagbag.py:537} INFO - Filling up the DagBag from /home/airflow/.local/lib/python3.7/site-packages/airflow/example_dags/example_complex.py
[2022-11-22T00:53:22.234+0000] {logging_mixin.py:137} INFO - [2022-11-22T00:53:22.233+0000] {taskmixin.py:205} WARNING - Dependency <Task(BashOperator): create_entry_group>, delete_entry_group already registered for DAG: example_complex
[2022-11-22T00:53:22.234+0000] {logging_mixin.py:137} INFO - [2022-11-22T00:53:22.234+0000] {taskmixin.py:205} WARNING - Dependency <Task(BashOperator): delete_entry_group>, create_entry_group already registered for DAG: example_complex
[2022-11-22T00:53:22.234+0000] {logging_mixin.py:137} INFO - [2022-11-22T00:53:22.234+0000] {taskmixin.py:205} WARNING - Dependency <Task(BashOperator): create_entry_gcs>, delete_entry already registered for DAG: example_complex
[2022-11-22T00:53:22.234+0000] {logging_mixin.py:137} INFO - [2022-11-22T00:53:22.234+0000] {taskmixin.py:205} WARNING - Dependency <Task(BashOperator): delete_entry>, create_entry_gcs already registered for DAG: example_complex
[2022-11-22T00:53:22.235+0000] {logging_mixin.py:137} INFO - [2022-11-22T00:53:22.234+0000] {taskmixin.py:205} WARNING - Dependency <Task(BashOperator): create_tag>, delete_tag already registered for DAG: example_complex
[2022-11-22T00:53:22.235+0000] {logging_mixin.py:137} INFO - [2022-11-22T00:53:22.235+0000] {taskmixin.py:205} WARNING - Dependency <Task(BashOperator): delete_tag>, create_tag already registered for DAG: example_complex
[2022-11-22T00:53:22.242+0000] {processor.py:766} INFO - DAG(s) dict_keys(['example_complex']) retrieved from /home/airflow/.local/lib/python3.7/site-packages/airflow/example_dags/example_complex.py
[2022-11-22T00:53:22.308+0000] {logging_mixin.py:137} INFO - [2022-11-22T00:53:22.307+0000] {dag.py:2585} INFO - Sync 1 DAGs
[2022-11-22T00:53:22.341+0000] {logging_mixin.py:137} INFO - [2022-11-22T00:53:22.341+0000] {dag.py:3340} INFO - Setting next_dagrun for example_complex to None, run_after=None
[2022-11-22T00:53:22.369+0000] {processor.py:176} INFO - Processing /home/airflow/.local/lib/python3.7/site-packages/airflow/example_dags/example_complex.py took 0.151 seconds
[2022-11-22T00:53:53.291+0000] {processor.py:154} INFO - Started process (PID=1682) to work on /home/airflow/.local/lib/python3.7/site-packages/airflow/example_dags/example_complex.py
[2022-11-22T00:53:53.292+0000] {processor.py:756} INFO - Processing file /home/airflow/.local/lib/python3.7/site-packages/airflow/example_dags/example_complex.py for tasks to queue
[2022-11-22T00:53:53.293+0000] {logging_mixin.py:137} INFO - [2022-11-22T00:53:53.293+0000] {dagbag.py:537} INFO - Filling up the DagBag from /home/airflow/.local/lib/python3.7/site-packages/airflow/example_dags/example_complex.py
[2022-11-22T00:53:53.305+0000] {logging_mixin.py:137} INFO - [2022-11-22T00:53:53.305+0000] {taskmixin.py:205} WARNING - Dependency <Task(BashOperator): create_entry_group>, delete_entry_group already registered for DAG: example_complex
[2022-11-22T00:53:53.306+0000] {logging_mixin.py:137} INFO - [2022-11-22T00:53:53.306+0000] {taskmixin.py:205} WARNING - Dependency <Task(BashOperator): delete_entry_group>, create_entry_group already registered for DAG: example_complex
[2022-11-22T00:53:53.306+0000] {logging_mixin.py:137} INFO - [2022-11-22T00:53:53.306+0000] {taskmixin.py:205} WARNING - Dependency <Task(BashOperator): create_entry_gcs>, delete_entry already registered for DAG: example_complex
[2022-11-22T00:53:53.306+0000] {logging_mixin.py:137} INFO - [2022-11-22T00:53:53.306+0000] {taskmixin.py:205} WARNING - Dependency <Task(BashOperator): delete_entry>, create_entry_gcs already registered for DAG: example_complex
[2022-11-22T00:53:53.307+0000] {logging_mixin.py:137} INFO - [2022-11-22T00:53:53.307+0000] {taskmixin.py:205} WARNING - Dependency <Task(BashOperator): create_tag>, delete_tag already registered for DAG: example_complex
[2022-11-22T00:53:53.307+0000] {logging_mixin.py:137} INFO - [2022-11-22T00:53:53.307+0000] {taskmixin.py:205} WARNING - Dependency <Task(BashOperator): delete_tag>, create_tag already registered for DAG: example_complex
[2022-11-22T00:53:53.315+0000] {processor.py:766} INFO - DAG(s) dict_keys(['example_complex']) retrieved from /home/airflow/.local/lib/python3.7/site-packages/airflow/example_dags/example_complex.py
[2022-11-22T00:53:53.367+0000] {logging_mixin.py:137} INFO - [2022-11-22T00:53:53.367+0000] {dag.py:2585} INFO - Sync 1 DAGs
[2022-11-22T00:53:53.401+0000] {logging_mixin.py:137} INFO - [2022-11-22T00:53:53.401+0000] {dag.py:3340} INFO - Setting next_dagrun for example_complex to None, run_after=None
[2022-11-22T00:53:53.426+0000] {processor.py:176} INFO - Processing /home/airflow/.local/lib/python3.7/site-packages/airflow/example_dags/example_complex.py took 0.139 seconds
[2022-11-22T00:54:23.702+0000] {processor.py:154} INFO - Started process (PID=1889) to work on /home/airflow/.local/lib/python3.7/site-packages/airflow/example_dags/example_complex.py
[2022-11-22T00:54:23.702+0000] {processor.py:756} INFO - Processing file /home/airflow/.local/lib/python3.7/site-packages/airflow/example_dags/example_complex.py for tasks to queue
[2022-11-22T00:54:23.703+0000] {logging_mixin.py:137} INFO - [2022-11-22T00:54:23.702+0000] {dagbag.py:537} INFO - Filling up the DagBag from /home/airflow/.local/lib/python3.7/site-packages/airflow/example_dags/example_complex.py
[2022-11-22T00:54:23.715+0000] {logging_mixin.py:137} INFO - [2022-11-22T00:54:23.715+0000] {taskmixin.py:205} WARNING - Dependency <Task(BashOperator): create_entry_group>, delete_entry_group already registered for DAG: example_complex
[2022-11-22T00:54:23.715+0000] {logging_mixin.py:137} INFO - [2022-11-22T00:54:23.715+0000] {taskmixin.py:205} WARNING - Dependency <Task(BashOperator): delete_entry_group>, create_entry_group already registered for DAG: example_complex
[2022-11-22T00:54:23.716+0000] {logging_mixin.py:137} INFO - [2022-11-22T00:54:23.716+0000] {taskmixin.py:205} WARNING - Dependency <Task(BashOperator): create_entry_gcs>, delete_entry already registered for DAG: example_complex
[2022-11-22T00:54:23.716+0000] {logging_mixin.py:137} INFO - [2022-11-22T00:54:23.716+0000] {taskmixin.py:205} WARNING - Dependency <Task(BashOperator): delete_entry>, create_entry_gcs already registered for DAG: example_complex
[2022-11-22T00:54:23.716+0000] {logging_mixin.py:137} INFO - [2022-11-22T00:54:23.716+0000] {taskmixin.py:205} WARNING - Dependency <Task(BashOperator): create_tag>, delete_tag already registered for DAG: example_complex
[2022-11-22T00:54:23.716+0000] {logging_mixin.py:137} INFO - [2022-11-22T00:54:23.716+0000] {taskmixin.py:205} WARNING - Dependency <Task(BashOperator): delete_tag>, create_tag already registered for DAG: example_complex
[2022-11-22T00:54:23.725+0000] {processor.py:766} INFO - DAG(s) dict_keys(['example_complex']) retrieved from /home/airflow/.local/lib/python3.7/site-packages/airflow/example_dags/example_complex.py
[2022-11-22T00:54:23.774+0000] {logging_mixin.py:137} INFO - [2022-11-22T00:54:23.774+0000] {dag.py:2585} INFO - Sync 1 DAGs
[2022-11-22T00:54:23.801+0000] {logging_mixin.py:137} INFO - [2022-11-22T00:54:23.801+0000] {dag.py:3340} INFO - Setting next_dagrun for example_complex to None, run_after=None
[2022-11-22T00:54:23.823+0000] {processor.py:176} INFO - Processing /home/airflow/.local/lib/python3.7/site-packages/airflow/example_dags/example_complex.py took 0.124 seconds
[2022-11-22T00:54:54.859+0000] {processor.py:154} INFO - Started process (PID=2085) to work on /home/airflow/.local/lib/python3.7/site-packages/airflow/example_dags/example_complex.py
[2022-11-22T00:54:54.860+0000] {processor.py:756} INFO - Processing file /home/airflow/.local/lib/python3.7/site-packages/airflow/example_dags/example_complex.py for tasks to queue
[2022-11-22T00:54:54.861+0000] {logging_mixin.py:137} INFO - [2022-11-22T00:54:54.860+0000] {dagbag.py:537} INFO - Filling up the DagBag from /home/airflow/.local/lib/python3.7/site-packages/airflow/example_dags/example_complex.py
[2022-11-22T00:54:54.873+0000] {logging_mixin.py:137} INFO - [2022-11-22T00:54:54.873+0000] {taskmixin.py:205} WARNING - Dependency <Task(BashOperator): create_entry_group>, delete_entry_group already registered for DAG: example_complex
[2022-11-22T00:54:54.874+0000] {logging_mixin.py:137} INFO - [2022-11-22T00:54:54.873+0000] {taskmixin.py:205} WARNING - Dependency <Task(BashOperator): delete_entry_group>, create_entry_group already registered for DAG: example_complex
[2022-11-22T00:54:54.874+0000] {logging_mixin.py:137} INFO - [2022-11-22T00:54:54.874+0000] {taskmixin.py:205} WARNING - Dependency <Task(BashOperator): create_entry_gcs>, delete_entry already registered for DAG: example_complex
[2022-11-22T00:54:54.874+0000] {logging_mixin.py:137} INFO - [2022-11-22T00:54:54.874+0000] {taskmixin.py:205} WARNING - Dependency <Task(BashOperator): delete_entry>, create_entry_gcs already registered for DAG: example_complex
[2022-11-22T00:54:54.875+0000] {logging_mixin.py:137} INFO - [2022-11-22T00:54:54.874+0000] {taskmixin.py:205} WARNING - Dependency <Task(BashOperator): create_tag>, delete_tag already registered for DAG: example_complex
[2022-11-22T00:54:54.875+0000] {logging_mixin.py:137} INFO - [2022-11-22T00:54:54.875+0000] {taskmixin.py:205} WARNING - Dependency <Task(BashOperator): delete_tag>, create_tag already registered for DAG: example_complex
[2022-11-22T00:54:54.884+0000] {processor.py:766} INFO - DAG(s) dict_keys(['example_complex']) retrieved from /home/airflow/.local/lib/python3.7/site-packages/airflow/example_dags/example_complex.py
[2022-11-22T00:54:54.939+0000] {logging_mixin.py:137} INFO - [2022-11-22T00:54:54.939+0000] {dag.py:2585} INFO - Sync 1 DAGs
[2022-11-22T00:54:54.977+0000] {logging_mixin.py:137} INFO - [2022-11-22T00:54:54.977+0000] {dag.py:3340} INFO - Setting next_dagrun for example_complex to None, run_after=None
[2022-11-22T00:54:55.010+0000] {processor.py:176} INFO - Processing /home/airflow/.local/lib/python3.7/site-packages/airflow/example_dags/example_complex.py took 0.154 seconds
[2022-11-22T00:55:25.374+0000] {processor.py:154} INFO - Started process (PID=2291) to work on /home/airflow/.local/lib/python3.7/site-packages/airflow/example_dags/example_complex.py
[2022-11-22T00:55:25.374+0000] {processor.py:756} INFO - Processing file /home/airflow/.local/lib/python3.7/site-packages/airflow/example_dags/example_complex.py for tasks to queue
[2022-11-22T00:55:25.375+0000] {logging_mixin.py:137} INFO - [2022-11-22T00:55:25.375+0000] {dagbag.py:537} INFO - Filling up the DagBag from /home/airflow/.local/lib/python3.7/site-packages/airflow/example_dags/example_complex.py
[2022-11-22T00:55:25.387+0000] {logging_mixin.py:137} INFO - [2022-11-22T00:55:25.387+0000] {taskmixin.py:205} WARNING - Dependency <Task(BashOperator): create_entry_group>, delete_entry_group already registered for DAG: example_complex
[2022-11-22T00:55:25.388+0000] {logging_mixin.py:137} INFO - [2022-11-22T00:55:25.387+0000] {taskmixin.py:205} WARNING - Dependency <Task(BashOperator): delete_entry_group>, create_entry_group already registered for DAG: example_complex
[2022-11-22T00:55:25.388+0000] {logging_mixin.py:137} INFO - [2022-11-22T00:55:25.388+0000] {taskmixin.py:205} WARNING - Dependency <Task(BashOperator): create_entry_gcs>, delete_entry already registered for DAG: example_complex
[2022-11-22T00:55:25.388+0000] {logging_mixin.py:137} INFO - [2022-11-22T00:55:25.388+0000] {taskmixin.py:205} WARNING - Dependency <Task(BashOperator): delete_entry>, create_entry_gcs already registered for DAG: example_complex
[2022-11-22T00:55:25.388+0000] {logging_mixin.py:137} INFO - [2022-11-22T00:55:25.388+0000] {taskmixin.py:205} WARNING - Dependency <Task(BashOperator): create_tag>, delete_tag already registered for DAG: example_complex
[2022-11-22T00:55:25.389+0000] {logging_mixin.py:137} INFO - [2022-11-22T00:55:25.389+0000] {taskmixin.py:205} WARNING - Dependency <Task(BashOperator): delete_tag>, create_tag already registered for DAG: example_complex
[2022-11-22T00:55:25.397+0000] {processor.py:766} INFO - DAG(s) dict_keys(['example_complex']) retrieved from /home/airflow/.local/lib/python3.7/site-packages/airflow/example_dags/example_complex.py
[2022-11-22T00:55:25.445+0000] {logging_mixin.py:137} INFO - [2022-11-22T00:55:25.445+0000] {dag.py:2585} INFO - Sync 1 DAGs
[2022-11-22T00:55:25.477+0000] {logging_mixin.py:137} INFO - [2022-11-22T00:55:25.476+0000] {dag.py:3340} INFO - Setting next_dagrun for example_complex to None, run_after=None
[2022-11-22T00:55:25.499+0000] {processor.py:176} INFO - Processing /home/airflow/.local/lib/python3.7/site-packages/airflow/example_dags/example_complex.py took 0.127 seconds
[2022-11-22T00:55:56.435+0000] {processor.py:154} INFO - Started process (PID=2497) to work on /home/airflow/.local/lib/python3.7/site-packages/airflow/example_dags/example_complex.py
[2022-11-22T00:55:56.435+0000] {processor.py:756} INFO - Processing file /home/airflow/.local/lib/python3.7/site-packages/airflow/example_dags/example_complex.py for tasks to queue
[2022-11-22T00:55:56.436+0000] {logging_mixin.py:137} INFO - [2022-11-22T00:55:56.436+0000] {dagbag.py:537} INFO - Filling up the DagBag from /home/airflow/.local/lib/python3.7/site-packages/airflow/example_dags/example_complex.py
[2022-11-22T00:55:56.449+0000] {logging_mixin.py:137} INFO - [2022-11-22T00:55:56.449+0000] {taskmixin.py:205} WARNING - Dependency <Task(BashOperator): create_entry_group>, delete_entry_group already registered for DAG: example_complex
[2022-11-22T00:55:56.449+0000] {logging_mixin.py:137} INFO - [2022-11-22T00:55:56.449+0000] {taskmixin.py:205} WARNING - Dependency <Task(BashOperator): delete_entry_group>, create_entry_group already registered for DAG: example_complex
[2022-11-22T00:55:56.450+0000] {logging_mixin.py:137} INFO - [2022-11-22T00:55:56.450+0000] {taskmixin.py:205} WARNING - Dependency <Task(BashOperator): create_entry_gcs>, delete_entry already registered for DAG: example_complex
[2022-11-22T00:55:56.450+0000] {logging_mixin.py:137} INFO - [2022-11-22T00:55:56.450+0000] {taskmixin.py:205} WARNING - Dependency <Task(BashOperator): delete_entry>, create_entry_gcs already registered for DAG: example_complex
[2022-11-22T00:55:56.450+0000] {logging_mixin.py:137} INFO - [2022-11-22T00:55:56.450+0000] {taskmixin.py:205} WARNING - Dependency <Task(BashOperator): create_tag>, delete_tag already registered for DAG: example_complex
[2022-11-22T00:55:56.451+0000] {logging_mixin.py:137} INFO - [2022-11-22T00:55:56.451+0000] {taskmixin.py:205} WARNING - Dependency <Task(BashOperator): delete_tag>, create_tag already registered for DAG: example_complex
[2022-11-22T00:55:56.459+0000] {processor.py:766} INFO - DAG(s) dict_keys(['example_complex']) retrieved from /home/airflow/.local/lib/python3.7/site-packages/airflow/example_dags/example_complex.py
[2022-11-22T00:55:56.513+0000] {logging_mixin.py:137} INFO - [2022-11-22T00:55:56.512+0000] {dag.py:2585} INFO - Sync 1 DAGs
[2022-11-22T00:55:56.544+0000] {logging_mixin.py:137} INFO - [2022-11-22T00:55:56.544+0000] {dag.py:3340} INFO - Setting next_dagrun for example_complex to None, run_after=None
[2022-11-22T00:55:56.569+0000] {processor.py:176} INFO - Processing /home/airflow/.local/lib/python3.7/site-packages/airflow/example_dags/example_complex.py took 0.137 seconds
[2022-11-22T00:56:27.749+0000] {processor.py:154} INFO - Started process (PID=2702) to work on /home/airflow/.local/lib/python3.7/site-packages/airflow/example_dags/example_complex.py
[2022-11-22T00:56:27.750+0000] {processor.py:756} INFO - Processing file /home/airflow/.local/lib/python3.7/site-packages/airflow/example_dags/example_complex.py for tasks to queue
[2022-11-22T00:56:27.751+0000] {logging_mixin.py:137} INFO - [2022-11-22T00:56:27.751+0000] {dagbag.py:537} INFO - Filling up the DagBag from /home/airflow/.local/lib/python3.7/site-packages/airflow/example_dags/example_complex.py
[2022-11-22T00:56:27.768+0000] {logging_mixin.py:137} INFO - [2022-11-22T00:56:27.767+0000] {taskmixin.py:205} WARNING - Dependency <Task(BashOperator): create_entry_group>, delete_entry_group already registered for DAG: example_complex
[2022-11-22T00:56:27.768+0000] {logging_mixin.py:137} INFO - [2022-11-22T00:56:27.768+0000] {taskmixin.py:205} WARNING - Dependency <Task(BashOperator): delete_entry_group>, create_entry_group already registered for DAG: example_complex
[2022-11-22T00:56:27.768+0000] {logging_mixin.py:137} INFO - [2022-11-22T00:56:27.768+0000] {taskmixin.py:205} WARNING - Dependency <Task(BashOperator): create_entry_gcs>, delete_entry already registered for DAG: example_complex
[2022-11-22T00:56:27.768+0000] {logging_mixin.py:137} INFO - [2022-11-22T00:56:27.768+0000] {taskmixin.py:205} WARNING - Dependency <Task(BashOperator): delete_entry>, create_entry_gcs already registered for DAG: example_complex
[2022-11-22T00:56:27.769+0000] {logging_mixin.py:137} INFO - [2022-11-22T00:56:27.769+0000] {taskmixin.py:205} WARNING - Dependency <Task(BashOperator): create_tag>, delete_tag already registered for DAG: example_complex
[2022-11-22T00:56:27.769+0000] {logging_mixin.py:137} INFO - [2022-11-22T00:56:27.769+0000] {taskmixin.py:205} WARNING - Dependency <Task(BashOperator): delete_tag>, create_tag already registered for DAG: example_complex
[2022-11-22T00:56:27.778+0000] {processor.py:766} INFO - DAG(s) dict_keys(['example_complex']) retrieved from /home/airflow/.local/lib/python3.7/site-packages/airflow/example_dags/example_complex.py
[2022-11-22T00:56:27.848+0000] {logging_mixin.py:137} INFO - [2022-11-22T00:56:27.848+0000] {dag.py:2585} INFO - Sync 1 DAGs
[2022-11-22T00:56:27.888+0000] {logging_mixin.py:137} INFO - [2022-11-22T00:56:27.888+0000] {dag.py:3340} INFO - Setting next_dagrun for example_complex to None, run_after=None
[2022-11-22T00:56:27.920+0000] {processor.py:176} INFO - Processing /home/airflow/.local/lib/python3.7/site-packages/airflow/example_dags/example_complex.py took 0.176 seconds
[2022-11-22T00:56:57.992+0000] {processor.py:154} INFO - Started process (PID=2902) to work on /home/airflow/.local/lib/python3.7/site-packages/airflow/example_dags/example_complex.py
[2022-11-22T00:56:57.993+0000] {processor.py:756} INFO - Processing file /home/airflow/.local/lib/python3.7/site-packages/airflow/example_dags/example_complex.py for tasks to queue
[2022-11-22T00:56:57.994+0000] {logging_mixin.py:137} INFO - [2022-11-22T00:56:57.994+0000] {dagbag.py:537} INFO - Filling up the DagBag from /home/airflow/.local/lib/python3.7/site-packages/airflow/example_dags/example_complex.py
[2022-11-22T00:56:58.005+0000] {logging_mixin.py:137} INFO - [2022-11-22T00:56:58.005+0000] {taskmixin.py:205} WARNING - Dependency <Task(BashOperator): create_entry_group>, delete_entry_group already registered for DAG: example_complex
[2022-11-22T00:56:58.006+0000] {logging_mixin.py:137} INFO - [2022-11-22T00:56:58.006+0000] {taskmixin.py:205} WARNING - Dependency <Task(BashOperator): delete_entry_group>, create_entry_group already registered for DAG: example_complex
[2022-11-22T00:56:58.006+0000] {logging_mixin.py:137} INFO - [2022-11-22T00:56:58.006+0000] {taskmixin.py:205} WARNING - Dependency <Task(BashOperator): create_entry_gcs>, delete_entry already registered for DAG: example_complex
[2022-11-22T00:56:58.006+0000] {logging_mixin.py:137} INFO - [2022-11-22T00:56:58.006+0000] {taskmixin.py:205} WARNING - Dependency <Task(BashOperator): delete_entry>, create_entry_gcs already registered for DAG: example_complex
[2022-11-22T00:56:58.006+0000] {logging_mixin.py:137} INFO - [2022-11-22T00:56:58.006+0000] {taskmixin.py:205} WARNING - Dependency <Task(BashOperator): create_tag>, delete_tag already registered for DAG: example_complex
[2022-11-22T00:56:58.007+0000] {logging_mixin.py:137} INFO - [2022-11-22T00:56:58.006+0000] {taskmixin.py:205} WARNING - Dependency <Task(BashOperator): delete_tag>, create_tag already registered for DAG: example_complex
[2022-11-22T00:56:58.014+0000] {processor.py:766} INFO - DAG(s) dict_keys(['example_complex']) retrieved from /home/airflow/.local/lib/python3.7/site-packages/airflow/example_dags/example_complex.py
[2022-11-22T00:56:58.060+0000] {logging_mixin.py:137} INFO - [2022-11-22T00:56:58.060+0000] {dag.py:2585} INFO - Sync 1 DAGs
[2022-11-22T00:56:58.088+0000] {logging_mixin.py:137} INFO - [2022-11-22T00:56:58.088+0000] {dag.py:3340} INFO - Setting next_dagrun for example_complex to None, run_after=None
[2022-11-22T00:56:58.110+0000] {processor.py:176} INFO - Processing /home/airflow/.local/lib/python3.7/site-packages/airflow/example_dags/example_complex.py took 0.120 seconds
[2022-11-22T00:57:28.977+0000] {processor.py:154} INFO - Started process (PID=3110) to work on /home/airflow/.local/lib/python3.7/site-packages/airflow/example_dags/example_complex.py
[2022-11-22T00:57:28.978+0000] {processor.py:756} INFO - Processing file /home/airflow/.local/lib/python3.7/site-packages/airflow/example_dags/example_complex.py for tasks to queue
[2022-11-22T00:57:28.979+0000] {logging_mixin.py:137} INFO - [2022-11-22T00:57:28.978+0000] {dagbag.py:537} INFO - Filling up the DagBag from /home/airflow/.local/lib/python3.7/site-packages/airflow/example_dags/example_complex.py
[2022-11-22T00:57:28.992+0000] {logging_mixin.py:137} INFO - [2022-11-22T00:57:28.992+0000] {taskmixin.py:205} WARNING - Dependency <Task(BashOperator): create_entry_group>, delete_entry_group already registered for DAG: example_complex
[2022-11-22T00:57:28.992+0000] {logging_mixin.py:137} INFO - [2022-11-22T00:57:28.992+0000] {taskmixin.py:205} WARNING - Dependency <Task(BashOperator): delete_entry_group>, create_entry_group already registered for DAG: example_complex
[2022-11-22T00:57:28.992+0000] {logging_mixin.py:137} INFO - [2022-11-22T00:57:28.992+0000] {taskmixin.py:205} WARNING - Dependency <Task(BashOperator): create_entry_gcs>, delete_entry already registered for DAG: example_complex
[2022-11-22T00:57:28.993+0000] {logging_mixin.py:137} INFO - [2022-11-22T00:57:28.992+0000] {taskmixin.py:205} WARNING - Dependency <Task(BashOperator): delete_entry>, create_entry_gcs already registered for DAG: example_complex
[2022-11-22T00:57:28.993+0000] {logging_mixin.py:137} INFO - [2022-11-22T00:57:28.993+0000] {taskmixin.py:205} WARNING - Dependency <Task(BashOperator): create_tag>, delete_tag already registered for DAG: example_complex
[2022-11-22T00:57:28.993+0000] {logging_mixin.py:137} INFO - [2022-11-22T00:57:28.993+0000] {taskmixin.py:205} WARNING - Dependency <Task(BashOperator): delete_tag>, create_tag already registered for DAG: example_complex
[2022-11-22T00:57:29.003+0000] {processor.py:766} INFO - DAG(s) dict_keys(['example_complex']) retrieved from /home/airflow/.local/lib/python3.7/site-packages/airflow/example_dags/example_complex.py
[2022-11-22T00:57:29.053+0000] {logging_mixin.py:137} INFO - [2022-11-22T00:57:29.053+0000] {dag.py:2585} INFO - Sync 1 DAGs
[2022-11-22T00:57:29.087+0000] {logging_mixin.py:137} INFO - [2022-11-22T00:57:29.087+0000] {dag.py:3340} INFO - Setting next_dagrun for example_complex to None, run_after=None
[2022-11-22T00:57:29.112+0000] {processor.py:176} INFO - Processing /home/airflow/.local/lib/python3.7/site-packages/airflow/example_dags/example_complex.py took 0.138 seconds
[2022-11-22T00:57:59.851+0000] {processor.py:154} INFO - Started process (PID=3308) to work on /home/airflow/.local/lib/python3.7/site-packages/airflow/example_dags/example_complex.py
[2022-11-22T00:57:59.851+0000] {processor.py:756} INFO - Processing file /home/airflow/.local/lib/python3.7/site-packages/airflow/example_dags/example_complex.py for tasks to queue
[2022-11-22T00:57:59.852+0000] {logging_mixin.py:137} INFO - [2022-11-22T00:57:59.852+0000] {dagbag.py:537} INFO - Filling up the DagBag from /home/airflow/.local/lib/python3.7/site-packages/airflow/example_dags/example_complex.py
[2022-11-22T00:57:59.867+0000] {logging_mixin.py:137} INFO - [2022-11-22T00:57:59.867+0000] {taskmixin.py:205} WARNING - Dependency <Task(BashOperator): create_entry_group>, delete_entry_group already registered for DAG: example_complex
[2022-11-22T00:57:59.867+0000] {logging_mixin.py:137} INFO - [2022-11-22T00:57:59.867+0000] {taskmixin.py:205} WARNING - Dependency <Task(BashOperator): delete_entry_group>, create_entry_group already registered for DAG: example_complex
[2022-11-22T00:57:59.867+0000] {logging_mixin.py:137} INFO - [2022-11-22T00:57:59.867+0000] {taskmixin.py:205} WARNING - Dependency <Task(BashOperator): create_entry_gcs>, delete_entry already registered for DAG: example_complex
[2022-11-22T00:57:59.867+0000] {logging_mixin.py:137} INFO - [2022-11-22T00:57:59.867+0000] {taskmixin.py:205} WARNING - Dependency <Task(BashOperator): delete_entry>, create_entry_gcs already registered for DAG: example_complex
[2022-11-22T00:57:59.868+0000] {logging_mixin.py:137} INFO - [2022-11-22T00:57:59.868+0000] {taskmixin.py:205} WARNING - Dependency <Task(BashOperator): create_tag>, delete_tag already registered for DAG: example_complex
[2022-11-22T00:57:59.868+0000] {logging_mixin.py:137} INFO - [2022-11-22T00:57:59.868+0000] {taskmixin.py:205} WARNING - Dependency <Task(BashOperator): delete_tag>, create_tag already registered for DAG: example_complex
[2022-11-22T00:57:59.877+0000] {processor.py:766} INFO - DAG(s) dict_keys(['example_complex']) retrieved from /home/airflow/.local/lib/python3.7/site-packages/airflow/example_dags/example_complex.py
[2022-11-22T00:57:59.945+0000] {logging_mixin.py:137} INFO - [2022-11-22T00:57:59.945+0000] {dag.py:2585} INFO - Sync 1 DAGs
[2022-11-22T00:57:59.977+0000] {logging_mixin.py:137} INFO - [2022-11-22T00:57:59.976+0000] {dag.py:3340} INFO - Setting next_dagrun for example_complex to None, run_after=None
[2022-11-22T00:57:59.999+0000] {processor.py:176} INFO - Processing /home/airflow/.local/lib/python3.7/site-packages/airflow/example_dags/example_complex.py took 0.151 seconds
[2022-11-22T00:58:30.164+0000] {processor.py:154} INFO - Started process (PID=3514) to work on /home/airflow/.local/lib/python3.7/site-packages/airflow/example_dags/example_complex.py
[2022-11-22T00:58:30.165+0000] {processor.py:756} INFO - Processing file /home/airflow/.local/lib/python3.7/site-packages/airflow/example_dags/example_complex.py for tasks to queue
[2022-11-22T00:58:30.165+0000] {logging_mixin.py:137} INFO - [2022-11-22T00:58:30.165+0000] {dagbag.py:537} INFO - Filling up the DagBag from /home/airflow/.local/lib/python3.7/site-packages/airflow/example_dags/example_complex.py
[2022-11-22T00:58:30.177+0000] {logging_mixin.py:137} INFO - [2022-11-22T00:58:30.177+0000] {taskmixin.py:205} WARNING - Dependency <Task(BashOperator): create_entry_group>, delete_entry_group already registered for DAG: example_complex
[2022-11-22T00:58:30.177+0000] {logging_mixin.py:137} INFO - [2022-11-22T00:58:30.177+0000] {taskmixin.py:205} WARNING - Dependency <Task(BashOperator): delete_entry_group>, create_entry_group already registered for DAG: example_complex
[2022-11-22T00:58:30.178+0000] {logging_mixin.py:137} INFO - [2022-11-22T00:58:30.178+0000] {taskmixin.py:205} WARNING - Dependency <Task(BashOperator): create_entry_gcs>, delete_entry already registered for DAG: example_complex
[2022-11-22T00:58:30.178+0000] {logging_mixin.py:137} INFO - [2022-11-22T00:58:30.178+0000] {taskmixin.py:205} WARNING - Dependency <Task(BashOperator): delete_entry>, create_entry_gcs already registered for DAG: example_complex
[2022-11-22T00:58:30.178+0000] {logging_mixin.py:137} INFO - [2022-11-22T00:58:30.178+0000] {taskmixin.py:205} WARNING - Dependency <Task(BashOperator): create_tag>, delete_tag already registered for DAG: example_complex
[2022-11-22T00:58:30.178+0000] {logging_mixin.py:137} INFO - [2022-11-22T00:58:30.178+0000] {taskmixin.py:205} WARNING - Dependency <Task(BashOperator): delete_tag>, create_tag already registered for DAG: example_complex
[2022-11-22T00:58:30.187+0000] {processor.py:766} INFO - DAG(s) dict_keys(['example_complex']) retrieved from /home/airflow/.local/lib/python3.7/site-packages/airflow/example_dags/example_complex.py
[2022-11-22T00:58:30.234+0000] {logging_mixin.py:137} INFO - [2022-11-22T00:58:30.234+0000] {dag.py:2585} INFO - Sync 1 DAGs
[2022-11-22T00:58:30.263+0000] {logging_mixin.py:137} INFO - [2022-11-22T00:58:30.263+0000] {dag.py:3340} INFO - Setting next_dagrun for example_complex to None, run_after=None
[2022-11-22T00:58:30.284+0000] {processor.py:176} INFO - Processing /home/airflow/.local/lib/python3.7/site-packages/airflow/example_dags/example_complex.py took 0.124 seconds
[2022-11-22T00:59:01.440+0000] {processor.py:154} INFO - Started process (PID=3722) to work on /home/airflow/.local/lib/python3.7/site-packages/airflow/example_dags/example_complex.py
[2022-11-22T00:59:01.441+0000] {processor.py:756} INFO - Processing file /home/airflow/.local/lib/python3.7/site-packages/airflow/example_dags/example_complex.py for tasks to queue
[2022-11-22T00:59:01.442+0000] {logging_mixin.py:137} INFO - [2022-11-22T00:59:01.442+0000] {dagbag.py:537} INFO - Filling up the DagBag from /home/airflow/.local/lib/python3.7/site-packages/airflow/example_dags/example_complex.py
[2022-11-22T00:59:01.454+0000] {logging_mixin.py:137} INFO - [2022-11-22T00:59:01.454+0000] {taskmixin.py:205} WARNING - Dependency <Task(BashOperator): create_entry_group>, delete_entry_group already registered for DAG: example_complex
[2022-11-22T00:59:01.454+0000] {logging_mixin.py:137} INFO - [2022-11-22T00:59:01.454+0000] {taskmixin.py:205} WARNING - Dependency <Task(BashOperator): delete_entry_group>, create_entry_group already registered for DAG: example_complex
[2022-11-22T00:59:01.454+0000] {logging_mixin.py:137} INFO - [2022-11-22T00:59:01.454+0000] {taskmixin.py:205} WARNING - Dependency <Task(BashOperator): create_entry_gcs>, delete_entry already registered for DAG: example_complex
[2022-11-22T00:59:01.454+0000] {logging_mixin.py:137} INFO - [2022-11-22T00:59:01.454+0000] {taskmixin.py:205} WARNING - Dependency <Task(BashOperator): delete_entry>, create_entry_gcs already registered for DAG: example_complex
[2022-11-22T00:59:01.455+0000] {logging_mixin.py:137} INFO - [2022-11-22T00:59:01.455+0000] {taskmixin.py:205} WARNING - Dependency <Task(BashOperator): create_tag>, delete_tag already registered for DAG: example_complex
[2022-11-22T00:59:01.455+0000] {logging_mixin.py:137} INFO - [2022-11-22T00:59:01.455+0000] {taskmixin.py:205} WARNING - Dependency <Task(BashOperator): delete_tag>, create_tag already registered for DAG: example_complex
[2022-11-22T00:59:01.463+0000] {processor.py:766} INFO - DAG(s) dict_keys(['example_complex']) retrieved from /home/airflow/.local/lib/python3.7/site-packages/airflow/example_dags/example_complex.py
[2022-11-22T00:59:01.508+0000] {logging_mixin.py:137} INFO - [2022-11-22T00:59:01.508+0000] {dag.py:2585} INFO - Sync 1 DAGs
[2022-11-22T00:59:01.536+0000] {logging_mixin.py:137} INFO - [2022-11-22T00:59:01.536+0000] {dag.py:3340} INFO - Setting next_dagrun for example_complex to None, run_after=None
[2022-11-22T00:59:01.561+0000] {processor.py:176} INFO - Processing /home/airflow/.local/lib/python3.7/site-packages/airflow/example_dags/example_complex.py took 0.123 seconds
[2022-11-22T00:59:31.765+0000] {processor.py:154} INFO - Started process (PID=3919) to work on /home/airflow/.local/lib/python3.7/site-packages/airflow/example_dags/example_complex.py
[2022-11-22T00:59:31.766+0000] {processor.py:756} INFO - Processing file /home/airflow/.local/lib/python3.7/site-packages/airflow/example_dags/example_complex.py for tasks to queue
[2022-11-22T00:59:31.767+0000] {logging_mixin.py:137} INFO - [2022-11-22T00:59:31.767+0000] {dagbag.py:537} INFO - Filling up the DagBag from /home/airflow/.local/lib/python3.7/site-packages/airflow/example_dags/example_complex.py
[2022-11-22T00:59:31.780+0000] {logging_mixin.py:137} INFO - [2022-11-22T00:59:31.779+0000] {taskmixin.py:205} WARNING - Dependency <Task(BashOperator): create_entry_group>, delete_entry_group already registered for DAG: example_complex
[2022-11-22T00:59:31.780+0000] {logging_mixin.py:137} INFO - [2022-11-22T00:59:31.780+0000] {taskmixin.py:205} WARNING - Dependency <Task(BashOperator): delete_entry_group>, create_entry_group already registered for DAG: example_complex
[2022-11-22T00:59:31.780+0000] {logging_mixin.py:137} INFO - [2022-11-22T00:59:31.780+0000] {taskmixin.py:205} WARNING - Dependency <Task(BashOperator): create_entry_gcs>, delete_entry already registered for DAG: example_complex
[2022-11-22T00:59:31.780+0000] {logging_mixin.py:137} INFO - [2022-11-22T00:59:31.780+0000] {taskmixin.py:205} WARNING - Dependency <Task(BashOperator): delete_entry>, create_entry_gcs already registered for DAG: example_complex
[2022-11-22T00:59:31.781+0000] {logging_mixin.py:137} INFO - [2022-11-22T00:59:31.781+0000] {taskmixin.py:205} WARNING - Dependency <Task(BashOperator): create_tag>, delete_tag already registered for DAG: example_complex
[2022-11-22T00:59:31.781+0000] {logging_mixin.py:137} INFO - [2022-11-22T00:59:31.781+0000] {taskmixin.py:205} WARNING - Dependency <Task(BashOperator): delete_tag>, create_tag already registered for DAG: example_complex
[2022-11-22T00:59:31.789+0000] {processor.py:766} INFO - DAG(s) dict_keys(['example_complex']) retrieved from /home/airflow/.local/lib/python3.7/site-packages/airflow/example_dags/example_complex.py
[2022-11-22T00:59:31.846+0000] {logging_mixin.py:137} INFO - [2022-11-22T00:59:31.846+0000] {dag.py:2585} INFO - Sync 1 DAGs
[2022-11-22T00:59:31.882+0000] {logging_mixin.py:137} INFO - [2022-11-22T00:59:31.882+0000] {dag.py:3340} INFO - Setting next_dagrun for example_complex to None, run_after=None
[2022-11-22T00:59:31.907+0000] {processor.py:176} INFO - Processing /home/airflow/.local/lib/python3.7/site-packages/airflow/example_dags/example_complex.py took 0.145 seconds
[2022-11-22T01:00:03.060+0000] {processor.py:154} INFO - Started process (PID=4125) to work on /home/airflow/.local/lib/python3.7/site-packages/airflow/example_dags/example_complex.py
[2022-11-22T01:00:03.061+0000] {processor.py:756} INFO - Processing file /home/airflow/.local/lib/python3.7/site-packages/airflow/example_dags/example_complex.py for tasks to queue
[2022-11-22T01:00:03.062+0000] {logging_mixin.py:137} INFO - [2022-11-22T01:00:03.061+0000] {dagbag.py:537} INFO - Filling up the DagBag from /home/airflow/.local/lib/python3.7/site-packages/airflow/example_dags/example_complex.py
[2022-11-22T01:00:03.076+0000] {logging_mixin.py:137} INFO - [2022-11-22T01:00:03.076+0000] {taskmixin.py:205} WARNING - Dependency <Task(BashOperator): create_entry_group>, delete_entry_group already registered for DAG: example_complex
[2022-11-22T01:00:03.076+0000] {logging_mixin.py:137} INFO - [2022-11-22T01:00:03.076+0000] {taskmixin.py:205} WARNING - Dependency <Task(BashOperator): delete_entry_group>, create_entry_group already registered for DAG: example_complex
[2022-11-22T01:00:03.076+0000] {logging_mixin.py:137} INFO - [2022-11-22T01:00:03.076+0000] {taskmixin.py:205} WARNING - Dependency <Task(BashOperator): create_entry_gcs>, delete_entry already registered for DAG: example_complex
[2022-11-22T01:00:03.077+0000] {logging_mixin.py:137} INFO - [2022-11-22T01:00:03.076+0000] {taskmixin.py:205} WARNING - Dependency <Task(BashOperator): delete_entry>, create_entry_gcs already registered for DAG: example_complex
[2022-11-22T01:00:03.077+0000] {logging_mixin.py:137} INFO - [2022-11-22T01:00:03.077+0000] {taskmixin.py:205} WARNING - Dependency <Task(BashOperator): create_tag>, delete_tag already registered for DAG: example_complex
[2022-11-22T01:00:03.077+0000] {logging_mixin.py:137} INFO - [2022-11-22T01:00:03.077+0000] {taskmixin.py:205} WARNING - Dependency <Task(BashOperator): delete_tag>, create_tag already registered for DAG: example_complex
[2022-11-22T01:00:03.088+0000] {processor.py:766} INFO - DAG(s) dict_keys(['example_complex']) retrieved from /home/airflow/.local/lib/python3.7/site-packages/airflow/example_dags/example_complex.py
[2022-11-22T01:00:03.152+0000] {logging_mixin.py:137} INFO - [2022-11-22T01:00:03.152+0000] {dag.py:2585} INFO - Sync 1 DAGs
[2022-11-22T01:00:03.189+0000] {logging_mixin.py:137} INFO - [2022-11-22T01:00:03.189+0000] {dag.py:3340} INFO - Setting next_dagrun for example_complex to None, run_after=None
[2022-11-22T01:00:03.212+0000] {processor.py:176} INFO - Processing /home/airflow/.local/lib/python3.7/site-packages/airflow/example_dags/example_complex.py took 0.164 seconds
[2022-11-22T01:00:34.146+0000] {processor.py:154} INFO - Started process (PID=4331) to work on /home/airflow/.local/lib/python3.7/site-packages/airflow/example_dags/example_complex.py
[2022-11-22T01:00:34.147+0000] {processor.py:756} INFO - Processing file /home/airflow/.local/lib/python3.7/site-packages/airflow/example_dags/example_complex.py for tasks to queue
[2022-11-22T01:00:34.147+0000] {logging_mixin.py:137} INFO - [2022-11-22T01:00:34.147+0000] {dagbag.py:537} INFO - Filling up the DagBag from /home/airflow/.local/lib/python3.7/site-packages/airflow/example_dags/example_complex.py
[2022-11-22T01:00:34.160+0000] {logging_mixin.py:137} INFO - [2022-11-22T01:00:34.160+0000] {taskmixin.py:205} WARNING - Dependency <Task(BashOperator): create_entry_group>, delete_entry_group already registered for DAG: example_complex
[2022-11-22T01:00:34.160+0000] {logging_mixin.py:137} INFO - [2022-11-22T01:00:34.160+0000] {taskmixin.py:205} WARNING - Dependency <Task(BashOperator): delete_entry_group>, create_entry_group already registered for DAG: example_complex
[2022-11-22T01:00:34.161+0000] {logging_mixin.py:137} INFO - [2022-11-22T01:00:34.160+0000] {taskmixin.py:205} WARNING - Dependency <Task(BashOperator): create_entry_gcs>, delete_entry already registered for DAG: example_complex
[2022-11-22T01:00:34.161+0000] {logging_mixin.py:137} INFO - [2022-11-22T01:00:34.161+0000] {taskmixin.py:205} WARNING - Dependency <Task(BashOperator): delete_entry>, create_entry_gcs already registered for DAG: example_complex
[2022-11-22T01:00:34.161+0000] {logging_mixin.py:137} INFO - [2022-11-22T01:00:34.161+0000] {taskmixin.py:205} WARNING - Dependency <Task(BashOperator): create_tag>, delete_tag already registered for DAG: example_complex
[2022-11-22T01:00:34.161+0000] {logging_mixin.py:137} INFO - [2022-11-22T01:00:34.161+0000] {taskmixin.py:205} WARNING - Dependency <Task(BashOperator): delete_tag>, create_tag already registered for DAG: example_complex
[2022-11-22T01:00:34.169+0000] {processor.py:766} INFO - DAG(s) dict_keys(['example_complex']) retrieved from /home/airflow/.local/lib/python3.7/site-packages/airflow/example_dags/example_complex.py
[2022-11-22T01:00:34.218+0000] {logging_mixin.py:137} INFO - [2022-11-22T01:00:34.218+0000] {dag.py:2585} INFO - Sync 1 DAGs
[2022-11-22T01:00:34.247+0000] {logging_mixin.py:137} INFO - [2022-11-22T01:00:34.247+0000] {dag.py:3340} INFO - Setting next_dagrun for example_complex to None, run_after=None
[2022-11-22T01:00:34.271+0000] {processor.py:176} INFO - Processing /home/airflow/.local/lib/python3.7/site-packages/airflow/example_dags/example_complex.py took 0.127 seconds
[2022-11-22T01:01:04.683+0000] {processor.py:154} INFO - Started process (PID=4529) to work on /home/airflow/.local/lib/python3.7/site-packages/airflow/example_dags/example_complex.py
[2022-11-22T01:01:04.684+0000] {processor.py:756} INFO - Processing file /home/airflow/.local/lib/python3.7/site-packages/airflow/example_dags/example_complex.py for tasks to queue
[2022-11-22T01:01:04.685+0000] {logging_mixin.py:137} INFO - [2022-11-22T01:01:04.685+0000] {dagbag.py:537} INFO - Filling up the DagBag from /home/airflow/.local/lib/python3.7/site-packages/airflow/example_dags/example_complex.py
[2022-11-22T01:01:04.699+0000] {logging_mixin.py:137} INFO - [2022-11-22T01:01:04.698+0000] {taskmixin.py:205} WARNING - Dependency <Task(BashOperator): create_entry_group>, delete_entry_group already registered for DAG: example_complex
[2022-11-22T01:01:04.699+0000] {logging_mixin.py:137} INFO - [2022-11-22T01:01:04.699+0000] {taskmixin.py:205} WARNING - Dependency <Task(BashOperator): delete_entry_group>, create_entry_group already registered for DAG: example_complex
[2022-11-22T01:01:04.699+0000] {logging_mixin.py:137} INFO - [2022-11-22T01:01:04.699+0000] {taskmixin.py:205} WARNING - Dependency <Task(BashOperator): create_entry_gcs>, delete_entry already registered for DAG: example_complex
[2022-11-22T01:01:04.699+0000] {logging_mixin.py:137} INFO - [2022-11-22T01:01:04.699+0000] {taskmixin.py:205} WARNING - Dependency <Task(BashOperator): delete_entry>, create_entry_gcs already registered for DAG: example_complex
[2022-11-22T01:01:04.700+0000] {logging_mixin.py:137} INFO - [2022-11-22T01:01:04.700+0000] {taskmixin.py:205} WARNING - Dependency <Task(BashOperator): create_tag>, delete_tag already registered for DAG: example_complex
[2022-11-22T01:01:04.700+0000] {logging_mixin.py:137} INFO - [2022-11-22T01:01:04.700+0000] {taskmixin.py:205} WARNING - Dependency <Task(BashOperator): delete_tag>, create_tag already registered for DAG: example_complex
[2022-11-22T01:01:04.711+0000] {processor.py:766} INFO - DAG(s) dict_keys(['example_complex']) retrieved from /home/airflow/.local/lib/python3.7/site-packages/airflow/example_dags/example_complex.py
[2022-11-22T01:01:04.765+0000] {logging_mixin.py:137} INFO - [2022-11-22T01:01:04.765+0000] {dag.py:2585} INFO - Sync 1 DAGs
[2022-11-22T01:01:04.797+0000] {logging_mixin.py:137} INFO - [2022-11-22T01:01:04.797+0000] {dag.py:3340} INFO - Setting next_dagrun for example_complex to None, run_after=None
[2022-11-22T01:01:04.823+0000] {processor.py:176} INFO - Processing /home/airflow/.local/lib/python3.7/site-packages/airflow/example_dags/example_complex.py took 0.143 seconds
[2022-11-22T01:01:35.685+0000] {processor.py:154} INFO - Started process (PID=4735) to work on /home/airflow/.local/lib/python3.7/site-packages/airflow/example_dags/example_complex.py
[2022-11-22T01:01:35.686+0000] {processor.py:756} INFO - Processing file /home/airflow/.local/lib/python3.7/site-packages/airflow/example_dags/example_complex.py for tasks to queue
[2022-11-22T01:01:35.686+0000] {logging_mixin.py:137} INFO - [2022-11-22T01:01:35.686+0000] {dagbag.py:537} INFO - Filling up the DagBag from /home/airflow/.local/lib/python3.7/site-packages/airflow/example_dags/example_complex.py
[2022-11-22T01:01:35.698+0000] {logging_mixin.py:137} INFO - [2022-11-22T01:01:35.698+0000] {taskmixin.py:205} WARNING - Dependency <Task(BashOperator): create_entry_group>, delete_entry_group already registered for DAG: example_complex
[2022-11-22T01:01:35.698+0000] {logging_mixin.py:137} INFO - [2022-11-22T01:01:35.698+0000] {taskmixin.py:205} WARNING - Dependency <Task(BashOperator): delete_entry_group>, create_entry_group already registered for DAG: example_complex
[2022-11-22T01:01:35.698+0000] {logging_mixin.py:137} INFO - [2022-11-22T01:01:35.698+0000] {taskmixin.py:205} WARNING - Dependency <Task(BashOperator): create_entry_gcs>, delete_entry already registered for DAG: example_complex
[2022-11-22T01:01:35.698+0000] {logging_mixin.py:137} INFO - [2022-11-22T01:01:35.698+0000] {taskmixin.py:205} WARNING - Dependency <Task(BashOperator): delete_entry>, create_entry_gcs already registered for DAG: example_complex
[2022-11-22T01:01:35.699+0000] {logging_mixin.py:137} INFO - [2022-11-22T01:01:35.699+0000] {taskmixin.py:205} WARNING - Dependency <Task(BashOperator): create_tag>, delete_tag already registered for DAG: example_complex
[2022-11-22T01:01:35.699+0000] {logging_mixin.py:137} INFO - [2022-11-22T01:01:35.699+0000] {taskmixin.py:205} WARNING - Dependency <Task(BashOperator): delete_tag>, create_tag already registered for DAG: example_complex
[2022-11-22T01:01:35.708+0000] {processor.py:766} INFO - DAG(s) dict_keys(['example_complex']) retrieved from /home/airflow/.local/lib/python3.7/site-packages/airflow/example_dags/example_complex.py
[2022-11-22T01:01:35.762+0000] {logging_mixin.py:137} INFO - [2022-11-22T01:01:35.761+0000] {dag.py:2585} INFO - Sync 1 DAGs
[2022-11-22T01:01:35.795+0000] {logging_mixin.py:137} INFO - [2022-11-22T01:01:35.795+0000] {dag.py:3340} INFO - Setting next_dagrun for example_complex to None, run_after=None
[2022-11-22T01:01:35.819+0000] {processor.py:176} INFO - Processing /home/airflow/.local/lib/python3.7/site-packages/airflow/example_dags/example_complex.py took 0.137 seconds
