[2022-11-22T00:50:19.973+0000] {processor.py:154} INFO - Started process (PID=303) to work on /home/airflow/.local/lib/python3.7/site-packages/airflow/example_dags/example_local_kubernetes_executor.py
[2022-11-22T00:50:19.973+0000] {processor.py:756} INFO - Processing file /home/airflow/.local/lib/python3.7/site-packages/airflow/example_dags/example_local_kubernetes_executor.py for tasks to queue
[2022-11-22T00:50:19.974+0000] {logging_mixin.py:137} INFO - [2022-11-22T00:50:19.974+0000] {dagbag.py:537} INFO - Filling up the DagBag from /home/airflow/.local/lib/python3.7/site-packages/airflow/example_dags/example_local_kubernetes_executor.py
[2022-11-22T00:50:20.001+0000] {processor.py:766} INFO - DAG(s) dict_keys(['example_local_kubernetes_executor']) retrieved from /home/airflow/.local/lib/python3.7/site-packages/airflow/example_dags/example_local_kubernetes_executor.py
[2022-11-22T00:50:20.030+0000] {logging_mixin.py:137} INFO - [2022-11-22T00:50:20.030+0000] {dag.py:2585} INFO - Sync 1 DAGs
[2022-11-22T00:50:20.061+0000] {logging_mixin.py:137} INFO - [2022-11-22T00:50:20.061+0000] {dag.py:3340} INFO - Setting next_dagrun for example_local_kubernetes_executor to None, run_after=None
[2022-11-22T00:50:20.091+0000] {processor.py:176} INFO - Processing /home/airflow/.local/lib/python3.7/site-packages/airflow/example_dags/example_local_kubernetes_executor.py took 0.122 seconds
[2022-11-22T00:50:51.061+0000] {processor.py:154} INFO - Started process (PID=501) to work on /home/airflow/.local/lib/python3.7/site-packages/airflow/example_dags/example_local_kubernetes_executor.py
[2022-11-22T00:50:51.062+0000] {processor.py:756} INFO - Processing file /home/airflow/.local/lib/python3.7/site-packages/airflow/example_dags/example_local_kubernetes_executor.py for tasks to queue
[2022-11-22T00:50:51.062+0000] {logging_mixin.py:137} INFO - [2022-11-22T00:50:51.062+0000] {dagbag.py:537} INFO - Filling up the DagBag from /home/airflow/.local/lib/python3.7/site-packages/airflow/example_dags/example_local_kubernetes_executor.py
[2022-11-22T00:50:51.089+0000] {processor.py:766} INFO - DAG(s) dict_keys(['example_local_kubernetes_executor']) retrieved from /home/airflow/.local/lib/python3.7/site-packages/airflow/example_dags/example_local_kubernetes_executor.py
[2022-11-22T00:50:51.139+0000] {logging_mixin.py:137} INFO - [2022-11-22T00:50:51.139+0000] {dag.py:2585} INFO - Sync 1 DAGs
[2022-11-22T00:50:51.175+0000] {logging_mixin.py:137} INFO - [2022-11-22T00:50:51.175+0000] {dag.py:3340} INFO - Setting next_dagrun for example_local_kubernetes_executor to None, run_after=None
[2022-11-22T00:50:51.199+0000] {processor.py:176} INFO - Processing /home/airflow/.local/lib/python3.7/site-packages/airflow/example_dags/example_local_kubernetes_executor.py took 0.150 seconds
[2022-11-22T00:51:21.288+0000] {processor.py:154} INFO - Started process (PID=711) to work on /home/airflow/.local/lib/python3.7/site-packages/airflow/example_dags/example_local_kubernetes_executor.py
[2022-11-22T00:51:21.289+0000] {processor.py:756} INFO - Processing file /home/airflow/.local/lib/python3.7/site-packages/airflow/example_dags/example_local_kubernetes_executor.py for tasks to queue
[2022-11-22T00:51:21.289+0000] {logging_mixin.py:137} INFO - [2022-11-22T00:51:21.289+0000] {dagbag.py:537} INFO - Filling up the DagBag from /home/airflow/.local/lib/python3.7/site-packages/airflow/example_dags/example_local_kubernetes_executor.py
[2022-11-22T00:51:21.316+0000] {processor.py:766} INFO - DAG(s) dict_keys(['example_local_kubernetes_executor']) retrieved from /home/airflow/.local/lib/python3.7/site-packages/airflow/example_dags/example_local_kubernetes_executor.py
[2022-11-22T00:51:21.363+0000] {logging_mixin.py:137} INFO - [2022-11-22T00:51:21.362+0000] {dag.py:2585} INFO - Sync 1 DAGs
[2022-11-22T00:51:21.397+0000] {logging_mixin.py:137} INFO - [2022-11-22T00:51:21.397+0000] {dag.py:3340} INFO - Setting next_dagrun for example_local_kubernetes_executor to None, run_after=None
[2022-11-22T00:51:21.420+0000] {processor.py:176} INFO - Processing /home/airflow/.local/lib/python3.7/site-packages/airflow/example_dags/example_local_kubernetes_executor.py took 0.135 seconds
[2022-11-22T00:51:51.808+0000] {processor.py:154} INFO - Started process (PID=919) to work on /home/airflow/.local/lib/python3.7/site-packages/airflow/example_dags/example_local_kubernetes_executor.py
[2022-11-22T00:51:51.809+0000] {processor.py:756} INFO - Processing file /home/airflow/.local/lib/python3.7/site-packages/airflow/example_dags/example_local_kubernetes_executor.py for tasks to queue
[2022-11-22T00:51:51.810+0000] {logging_mixin.py:137} INFO - [2022-11-22T00:51:51.810+0000] {dagbag.py:537} INFO - Filling up the DagBag from /home/airflow/.local/lib/python3.7/site-packages/airflow/example_dags/example_local_kubernetes_executor.py
[2022-11-22T00:51:51.832+0000] {processor.py:766} INFO - DAG(s) dict_keys(['example_local_kubernetes_executor']) retrieved from /home/airflow/.local/lib/python3.7/site-packages/airflow/example_dags/example_local_kubernetes_executor.py
[2022-11-22T00:51:51.870+0000] {logging_mixin.py:137} INFO - [2022-11-22T00:51:51.870+0000] {dag.py:2585} INFO - Sync 1 DAGs
[2022-11-22T00:51:51.898+0000] {logging_mixin.py:137} INFO - [2022-11-22T00:51:51.898+0000] {dag.py:3340} INFO - Setting next_dagrun for example_local_kubernetes_executor to None, run_after=None
[2022-11-22T00:51:51.920+0000] {processor.py:176} INFO - Processing /home/airflow/.local/lib/python3.7/site-packages/airflow/example_dags/example_local_kubernetes_executor.py took 0.114 seconds
[2022-11-22T00:52:22.293+0000] {processor.py:154} INFO - Started process (PID=1119) to work on /home/airflow/.local/lib/python3.7/site-packages/airflow/example_dags/example_local_kubernetes_executor.py
[2022-11-22T00:52:22.294+0000] {processor.py:756} INFO - Processing file /home/airflow/.local/lib/python3.7/site-packages/airflow/example_dags/example_local_kubernetes_executor.py for tasks to queue
[2022-11-22T00:52:22.294+0000] {logging_mixin.py:137} INFO - [2022-11-22T00:52:22.294+0000] {dagbag.py:537} INFO - Filling up the DagBag from /home/airflow/.local/lib/python3.7/site-packages/airflow/example_dags/example_local_kubernetes_executor.py
[2022-11-22T00:52:22.318+0000] {processor.py:766} INFO - DAG(s) dict_keys(['example_local_kubernetes_executor']) retrieved from /home/airflow/.local/lib/python3.7/site-packages/airflow/example_dags/example_local_kubernetes_executor.py
[2022-11-22T00:52:22.362+0000] {logging_mixin.py:137} INFO - [2022-11-22T00:52:22.362+0000] {dag.py:2585} INFO - Sync 1 DAGs
[2022-11-22T00:52:22.396+0000] {logging_mixin.py:137} INFO - [2022-11-22T00:52:22.396+0000] {dag.py:3340} INFO - Setting next_dagrun for example_local_kubernetes_executor to None, run_after=None
[2022-11-22T00:52:22.422+0000] {processor.py:176} INFO - Processing /home/airflow/.local/lib/python3.7/site-packages/airflow/example_dags/example_local_kubernetes_executor.py took 0.131 seconds
[2022-11-22T00:52:52.578+0000] {processor.py:154} INFO - Started process (PID=1326) to work on /home/airflow/.local/lib/python3.7/site-packages/airflow/example_dags/example_local_kubernetes_executor.py
[2022-11-22T00:52:52.579+0000] {processor.py:756} INFO - Processing file /home/airflow/.local/lib/python3.7/site-packages/airflow/example_dags/example_local_kubernetes_executor.py for tasks to queue
[2022-11-22T00:52:52.580+0000] {logging_mixin.py:137} INFO - [2022-11-22T00:52:52.580+0000] {dagbag.py:537} INFO - Filling up the DagBag from /home/airflow/.local/lib/python3.7/site-packages/airflow/example_dags/example_local_kubernetes_executor.py
[2022-11-22T00:52:52.603+0000] {processor.py:766} INFO - DAG(s) dict_keys(['example_local_kubernetes_executor']) retrieved from /home/airflow/.local/lib/python3.7/site-packages/airflow/example_dags/example_local_kubernetes_executor.py
[2022-11-22T00:52:52.645+0000] {logging_mixin.py:137} INFO - [2022-11-22T00:52:52.645+0000] {dag.py:2585} INFO - Sync 1 DAGs
[2022-11-22T00:52:52.678+0000] {logging_mixin.py:137} INFO - [2022-11-22T00:52:52.678+0000] {dag.py:3340} INFO - Setting next_dagrun for example_local_kubernetes_executor to None, run_after=None
[2022-11-22T00:52:52.702+0000] {processor.py:176} INFO - Processing /home/airflow/.local/lib/python3.7/site-packages/airflow/example_dags/example_local_kubernetes_executor.py took 0.127 seconds
[2022-11-22T00:53:23.122+0000] {processor.py:154} INFO - Started process (PID=1525) to work on /home/airflow/.local/lib/python3.7/site-packages/airflow/example_dags/example_local_kubernetes_executor.py
[2022-11-22T00:53:23.123+0000] {processor.py:756} INFO - Processing file /home/airflow/.local/lib/python3.7/site-packages/airflow/example_dags/example_local_kubernetes_executor.py for tasks to queue
[2022-11-22T00:53:23.124+0000] {logging_mixin.py:137} INFO - [2022-11-22T00:53:23.124+0000] {dagbag.py:537} INFO - Filling up the DagBag from /home/airflow/.local/lib/python3.7/site-packages/airflow/example_dags/example_local_kubernetes_executor.py
[2022-11-22T00:53:23.147+0000] {processor.py:766} INFO - DAG(s) dict_keys(['example_local_kubernetes_executor']) retrieved from /home/airflow/.local/lib/python3.7/site-packages/airflow/example_dags/example_local_kubernetes_executor.py
[2022-11-22T00:53:23.193+0000] {logging_mixin.py:137} INFO - [2022-11-22T00:53:23.193+0000] {dag.py:2585} INFO - Sync 1 DAGs
[2022-11-22T00:53:23.230+0000] {logging_mixin.py:137} INFO - [2022-11-22T00:53:23.230+0000] {dag.py:3340} INFO - Setting next_dagrun for example_local_kubernetes_executor to None, run_after=None
[2022-11-22T00:53:23.259+0000] {processor.py:176} INFO - Processing /home/airflow/.local/lib/python3.7/site-packages/airflow/example_dags/example_local_kubernetes_executor.py took 0.139 seconds
[2022-11-22T00:53:54.082+0000] {processor.py:154} INFO - Started process (PID=1732) to work on /home/airflow/.local/lib/python3.7/site-packages/airflow/example_dags/example_local_kubernetes_executor.py
[2022-11-22T00:53:54.083+0000] {processor.py:756} INFO - Processing file /home/airflow/.local/lib/python3.7/site-packages/airflow/example_dags/example_local_kubernetes_executor.py for tasks to queue
[2022-11-22T00:53:54.083+0000] {logging_mixin.py:137} INFO - [2022-11-22T00:53:54.083+0000] {dagbag.py:537} INFO - Filling up the DagBag from /home/airflow/.local/lib/python3.7/site-packages/airflow/example_dags/example_local_kubernetes_executor.py
[2022-11-22T00:53:54.105+0000] {processor.py:766} INFO - DAG(s) dict_keys(['example_local_kubernetes_executor']) retrieved from /home/airflow/.local/lib/python3.7/site-packages/airflow/example_dags/example_local_kubernetes_executor.py
[2022-11-22T00:53:54.148+0000] {logging_mixin.py:137} INFO - [2022-11-22T00:53:54.147+0000] {dag.py:2585} INFO - Sync 1 DAGs
[2022-11-22T00:53:54.178+0000] {logging_mixin.py:137} INFO - [2022-11-22T00:53:54.178+0000] {dag.py:3340} INFO - Setting next_dagrun for example_local_kubernetes_executor to None, run_after=None
[2022-11-22T00:53:54.200+0000] {processor.py:176} INFO - Processing /home/airflow/.local/lib/python3.7/site-packages/airflow/example_dags/example_local_kubernetes_executor.py took 0.120 seconds
[2022-11-22T00:54:24.448+0000] {processor.py:154} INFO - Started process (PID=1939) to work on /home/airflow/.local/lib/python3.7/site-packages/airflow/example_dags/example_local_kubernetes_executor.py
[2022-11-22T00:54:24.449+0000] {processor.py:756} INFO - Processing file /home/airflow/.local/lib/python3.7/site-packages/airflow/example_dags/example_local_kubernetes_executor.py for tasks to queue
[2022-11-22T00:54:24.449+0000] {logging_mixin.py:137} INFO - [2022-11-22T00:54:24.449+0000] {dagbag.py:537} INFO - Filling up the DagBag from /home/airflow/.local/lib/python3.7/site-packages/airflow/example_dags/example_local_kubernetes_executor.py
[2022-11-22T00:54:24.470+0000] {processor.py:766} INFO - DAG(s) dict_keys(['example_local_kubernetes_executor']) retrieved from /home/airflow/.local/lib/python3.7/site-packages/airflow/example_dags/example_local_kubernetes_executor.py
[2022-11-22T00:54:24.508+0000] {logging_mixin.py:137} INFO - [2022-11-22T00:54:24.508+0000] {dag.py:2585} INFO - Sync 1 DAGs
[2022-11-22T00:54:24.538+0000] {logging_mixin.py:137} INFO - [2022-11-22T00:54:24.538+0000] {dag.py:3340} INFO - Setting next_dagrun for example_local_kubernetes_executor to None, run_after=None
[2022-11-22T00:54:24.560+0000] {processor.py:176} INFO - Processing /home/airflow/.local/lib/python3.7/site-packages/airflow/example_dags/example_local_kubernetes_executor.py took 0.114 seconds
[2022-11-22T00:54:55.796+0000] {processor.py:154} INFO - Started process (PID=2142) to work on /home/airflow/.local/lib/python3.7/site-packages/airflow/example_dags/example_local_kubernetes_executor.py
[2022-11-22T00:54:55.797+0000] {processor.py:756} INFO - Processing file /home/airflow/.local/lib/python3.7/site-packages/airflow/example_dags/example_local_kubernetes_executor.py for tasks to queue
[2022-11-22T00:54:55.798+0000] {logging_mixin.py:137} INFO - [2022-11-22T00:54:55.798+0000] {dagbag.py:537} INFO - Filling up the DagBag from /home/airflow/.local/lib/python3.7/site-packages/airflow/example_dags/example_local_kubernetes_executor.py
[2022-11-22T00:54:55.826+0000] {processor.py:766} INFO - DAG(s) dict_keys(['example_local_kubernetes_executor']) retrieved from /home/airflow/.local/lib/python3.7/site-packages/airflow/example_dags/example_local_kubernetes_executor.py
[2022-11-22T00:54:55.884+0000] {logging_mixin.py:137} INFO - [2022-11-22T00:54:55.884+0000] {dag.py:2585} INFO - Sync 1 DAGs
[2022-11-22T00:54:55.919+0000] {logging_mixin.py:137} INFO - [2022-11-22T00:54:55.918+0000] {dag.py:3340} INFO - Setting next_dagrun for example_local_kubernetes_executor to None, run_after=None
[2022-11-22T00:54:55.948+0000] {processor.py:176} INFO - Processing /home/airflow/.local/lib/python3.7/site-packages/airflow/example_dags/example_local_kubernetes_executor.py took 0.156 seconds
[2022-11-22T00:55:26.259+0000] {processor.py:154} INFO - Started process (PID=2343) to work on /home/airflow/.local/lib/python3.7/site-packages/airflow/example_dags/example_local_kubernetes_executor.py
[2022-11-22T00:55:26.259+0000] {processor.py:756} INFO - Processing file /home/airflow/.local/lib/python3.7/site-packages/airflow/example_dags/example_local_kubernetes_executor.py for tasks to queue
[2022-11-22T00:55:26.260+0000] {logging_mixin.py:137} INFO - [2022-11-22T00:55:26.260+0000] {dagbag.py:537} INFO - Filling up the DagBag from /home/airflow/.local/lib/python3.7/site-packages/airflow/example_dags/example_local_kubernetes_executor.py
[2022-11-22T00:55:26.282+0000] {processor.py:766} INFO - DAG(s) dict_keys(['example_local_kubernetes_executor']) retrieved from /home/airflow/.local/lib/python3.7/site-packages/airflow/example_dags/example_local_kubernetes_executor.py
[2022-11-22T00:55:26.321+0000] {logging_mixin.py:137} INFO - [2022-11-22T00:55:26.320+0000] {dag.py:2585} INFO - Sync 1 DAGs
[2022-11-22T00:55:26.351+0000] {logging_mixin.py:137} INFO - [2022-11-22T00:55:26.351+0000] {dag.py:3340} INFO - Setting next_dagrun for example_local_kubernetes_executor to None, run_after=None
[2022-11-22T00:55:26.374+0000] {processor.py:176} INFO - Processing /home/airflow/.local/lib/python3.7/site-packages/airflow/example_dags/example_local_kubernetes_executor.py took 0.118 seconds
[2022-11-22T00:55:57.212+0000] {processor.py:154} INFO - Started process (PID=2547) to work on /home/airflow/.local/lib/python3.7/site-packages/airflow/example_dags/example_local_kubernetes_executor.py
[2022-11-22T00:55:57.212+0000] {processor.py:756} INFO - Processing file /home/airflow/.local/lib/python3.7/site-packages/airflow/example_dags/example_local_kubernetes_executor.py for tasks to queue
[2022-11-22T00:55:57.213+0000] {logging_mixin.py:137} INFO - [2022-11-22T00:55:57.213+0000] {dagbag.py:537} INFO - Filling up the DagBag from /home/airflow/.local/lib/python3.7/site-packages/airflow/example_dags/example_local_kubernetes_executor.py
[2022-11-22T00:55:57.234+0000] {processor.py:766} INFO - DAG(s) dict_keys(['example_local_kubernetes_executor']) retrieved from /home/airflow/.local/lib/python3.7/site-packages/airflow/example_dags/example_local_kubernetes_executor.py
[2022-11-22T00:55:57.271+0000] {logging_mixin.py:137} INFO - [2022-11-22T00:55:57.271+0000] {dag.py:2585} INFO - Sync 1 DAGs
[2022-11-22T00:55:57.298+0000] {logging_mixin.py:137} INFO - [2022-11-22T00:55:57.298+0000] {dag.py:3340} INFO - Setting next_dagrun for example_local_kubernetes_executor to None, run_after=None
[2022-11-22T00:55:57.320+0000] {processor.py:176} INFO - Processing /home/airflow/.local/lib/python3.7/site-packages/airflow/example_dags/example_local_kubernetes_executor.py took 0.111 seconds
[2022-11-22T00:56:28.743+0000] {processor.py:154} INFO - Started process (PID=2754) to work on /home/airflow/.local/lib/python3.7/site-packages/airflow/example_dags/example_local_kubernetes_executor.py
[2022-11-22T00:56:28.744+0000] {processor.py:756} INFO - Processing file /home/airflow/.local/lib/python3.7/site-packages/airflow/example_dags/example_local_kubernetes_executor.py for tasks to queue
[2022-11-22T00:56:28.744+0000] {logging_mixin.py:137} INFO - [2022-11-22T00:56:28.744+0000] {dagbag.py:537} INFO - Filling up the DagBag from /home/airflow/.local/lib/python3.7/site-packages/airflow/example_dags/example_local_kubernetes_executor.py
[2022-11-22T00:56:28.773+0000] {processor.py:766} INFO - DAG(s) dict_keys(['example_local_kubernetes_executor']) retrieved from /home/airflow/.local/lib/python3.7/site-packages/airflow/example_dags/example_local_kubernetes_executor.py
[2022-11-22T00:56:28.817+0000] {logging_mixin.py:137} INFO - [2022-11-22T00:56:28.817+0000] {dag.py:2585} INFO - Sync 1 DAGs
[2022-11-22T00:56:28.850+0000] {logging_mixin.py:137} INFO - [2022-11-22T00:56:28.850+0000] {dag.py:3340} INFO - Setting next_dagrun for example_local_kubernetes_executor to None, run_after=None
[2022-11-22T00:56:28.876+0000] {processor.py:176} INFO - Processing /home/airflow/.local/lib/python3.7/site-packages/airflow/example_dags/example_local_kubernetes_executor.py took 0.136 seconds
[2022-11-22T00:56:58.942+0000] {processor.py:154} INFO - Started process (PID=2952) to work on /home/airflow/.local/lib/python3.7/site-packages/airflow/example_dags/example_local_kubernetes_executor.py
[2022-11-22T00:56:58.942+0000] {processor.py:756} INFO - Processing file /home/airflow/.local/lib/python3.7/site-packages/airflow/example_dags/example_local_kubernetes_executor.py for tasks to queue
[2022-11-22T00:56:58.943+0000] {logging_mixin.py:137} INFO - [2022-11-22T00:56:58.943+0000] {dagbag.py:537} INFO - Filling up the DagBag from /home/airflow/.local/lib/python3.7/site-packages/airflow/example_dags/example_local_kubernetes_executor.py
[2022-11-22T00:56:58.964+0000] {processor.py:766} INFO - DAG(s) dict_keys(['example_local_kubernetes_executor']) retrieved from /home/airflow/.local/lib/python3.7/site-packages/airflow/example_dags/example_local_kubernetes_executor.py
[2022-11-22T00:56:59.004+0000] {logging_mixin.py:137} INFO - [2022-11-22T00:56:59.004+0000] {dag.py:2585} INFO - Sync 1 DAGs
[2022-11-22T00:56:59.033+0000] {logging_mixin.py:137} INFO - [2022-11-22T00:56:59.032+0000] {dag.py:3340} INFO - Setting next_dagrun for example_local_kubernetes_executor to None, run_after=None
[2022-11-22T00:56:59.056+0000] {processor.py:176} INFO - Processing /home/airflow/.local/lib/python3.7/site-packages/airflow/example_dags/example_local_kubernetes_executor.py took 0.116 seconds
[2022-11-22T00:57:29.777+0000] {processor.py:154} INFO - Started process (PID=3160) to work on /home/airflow/.local/lib/python3.7/site-packages/airflow/example_dags/example_local_kubernetes_executor.py
[2022-11-22T00:57:29.778+0000] {processor.py:756} INFO - Processing file /home/airflow/.local/lib/python3.7/site-packages/airflow/example_dags/example_local_kubernetes_executor.py for tasks to queue
[2022-11-22T00:57:29.778+0000] {logging_mixin.py:137} INFO - [2022-11-22T00:57:29.778+0000] {dagbag.py:537} INFO - Filling up the DagBag from /home/airflow/.local/lib/python3.7/site-packages/airflow/example_dags/example_local_kubernetes_executor.py
[2022-11-22T00:57:29.799+0000] {processor.py:766} INFO - DAG(s) dict_keys(['example_local_kubernetes_executor']) retrieved from /home/airflow/.local/lib/python3.7/site-packages/airflow/example_dags/example_local_kubernetes_executor.py
[2022-11-22T00:57:29.840+0000] {logging_mixin.py:137} INFO - [2022-11-22T00:57:29.840+0000] {dag.py:2585} INFO - Sync 1 DAGs
[2022-11-22T00:57:29.870+0000] {logging_mixin.py:137} INFO - [2022-11-22T00:57:29.870+0000] {dag.py:3340} INFO - Setting next_dagrun for example_local_kubernetes_executor to None, run_after=None
[2022-11-22T00:57:29.893+0000] {processor.py:176} INFO - Processing /home/airflow/.local/lib/python3.7/site-packages/airflow/example_dags/example_local_kubernetes_executor.py took 0.118 seconds
[2022-11-22T00:58:00.900+0000] {processor.py:154} INFO - Started process (PID=3367) to work on /home/airflow/.local/lib/python3.7/site-packages/airflow/example_dags/example_local_kubernetes_executor.py
[2022-11-22T00:58:00.900+0000] {processor.py:756} INFO - Processing file /home/airflow/.local/lib/python3.7/site-packages/airflow/example_dags/example_local_kubernetes_executor.py for tasks to queue
[2022-11-22T00:58:00.901+0000] {logging_mixin.py:137} INFO - [2022-11-22T00:58:00.901+0000] {dagbag.py:537} INFO - Filling up the DagBag from /home/airflow/.local/lib/python3.7/site-packages/airflow/example_dags/example_local_kubernetes_executor.py
[2022-11-22T00:58:00.924+0000] {processor.py:766} INFO - DAG(s) dict_keys(['example_local_kubernetes_executor']) retrieved from /home/airflow/.local/lib/python3.7/site-packages/airflow/example_dags/example_local_kubernetes_executor.py
[2022-11-22T00:58:00.969+0000] {logging_mixin.py:137} INFO - [2022-11-22T00:58:00.968+0000] {dag.py:2585} INFO - Sync 1 DAGs
[2022-11-22T00:58:01.003+0000] {logging_mixin.py:137} INFO - [2022-11-22T00:58:01.003+0000] {dag.py:3340} INFO - Setting next_dagrun for example_local_kubernetes_executor to None, run_after=None
[2022-11-22T00:58:01.029+0000] {processor.py:176} INFO - Processing /home/airflow/.local/lib/python3.7/site-packages/airflow/example_dags/example_local_kubernetes_executor.py took 0.132 seconds
[2022-11-22T00:58:31.188+0000] {processor.py:154} INFO - Started process (PID=3566) to work on /home/airflow/.local/lib/python3.7/site-packages/airflow/example_dags/example_local_kubernetes_executor.py
[2022-11-22T00:58:31.189+0000] {processor.py:756} INFO - Processing file /home/airflow/.local/lib/python3.7/site-packages/airflow/example_dags/example_local_kubernetes_executor.py for tasks to queue
[2022-11-22T00:58:31.189+0000] {logging_mixin.py:137} INFO - [2022-11-22T00:58:31.189+0000] {dagbag.py:537} INFO - Filling up the DagBag from /home/airflow/.local/lib/python3.7/site-packages/airflow/example_dags/example_local_kubernetes_executor.py
[2022-11-22T00:58:31.213+0000] {processor.py:766} INFO - DAG(s) dict_keys(['example_local_kubernetes_executor']) retrieved from /home/airflow/.local/lib/python3.7/site-packages/airflow/example_dags/example_local_kubernetes_executor.py
[2022-11-22T00:58:31.256+0000] {logging_mixin.py:137} INFO - [2022-11-22T00:58:31.256+0000] {dag.py:2585} INFO - Sync 1 DAGs
[2022-11-22T00:58:31.286+0000] {logging_mixin.py:137} INFO - [2022-11-22T00:58:31.286+0000] {dag.py:3340} INFO - Setting next_dagrun for example_local_kubernetes_executor to None, run_after=None
[2022-11-22T00:58:31.309+0000] {processor.py:176} INFO - Processing /home/airflow/.local/lib/python3.7/site-packages/airflow/example_dags/example_local_kubernetes_executor.py took 0.123 seconds
[2022-11-22T00:59:02.138+0000] {processor.py:154} INFO - Started process (PID=3770) to work on /home/airflow/.local/lib/python3.7/site-packages/airflow/example_dags/example_local_kubernetes_executor.py
[2022-11-22T00:59:02.138+0000] {processor.py:756} INFO - Processing file /home/airflow/.local/lib/python3.7/site-packages/airflow/example_dags/example_local_kubernetes_executor.py for tasks to queue
[2022-11-22T00:59:02.139+0000] {logging_mixin.py:137} INFO - [2022-11-22T00:59:02.139+0000] {dagbag.py:537} INFO - Filling up the DagBag from /home/airflow/.local/lib/python3.7/site-packages/airflow/example_dags/example_local_kubernetes_executor.py
[2022-11-22T00:59:02.162+0000] {processor.py:766} INFO - DAG(s) dict_keys(['example_local_kubernetes_executor']) retrieved from /home/airflow/.local/lib/python3.7/site-packages/airflow/example_dags/example_local_kubernetes_executor.py
[2022-11-22T00:59:02.199+0000] {logging_mixin.py:137} INFO - [2022-11-22T00:59:02.199+0000] {dag.py:2585} INFO - Sync 1 DAGs
[2022-11-22T00:59:02.230+0000] {logging_mixin.py:137} INFO - [2022-11-22T00:59:02.230+0000] {dag.py:3340} INFO - Setting next_dagrun for example_local_kubernetes_executor to None, run_after=None
[2022-11-22T00:59:02.263+0000] {processor.py:176} INFO - Processing /home/airflow/.local/lib/python3.7/site-packages/airflow/example_dags/example_local_kubernetes_executor.py took 0.128 seconds
[2022-11-22T00:59:32.636+0000] {processor.py:154} INFO - Started process (PID=3969) to work on /home/airflow/.local/lib/python3.7/site-packages/airflow/example_dags/example_local_kubernetes_executor.py
[2022-11-22T00:59:32.637+0000] {processor.py:756} INFO - Processing file /home/airflow/.local/lib/python3.7/site-packages/airflow/example_dags/example_local_kubernetes_executor.py for tasks to queue
[2022-11-22T00:59:32.638+0000] {logging_mixin.py:137} INFO - [2022-11-22T00:59:32.637+0000] {dagbag.py:537} INFO - Filling up the DagBag from /home/airflow/.local/lib/python3.7/site-packages/airflow/example_dags/example_local_kubernetes_executor.py
[2022-11-22T00:59:32.685+0000] {processor.py:766} INFO - DAG(s) dict_keys(['example_local_kubernetes_executor']) retrieved from /home/airflow/.local/lib/python3.7/site-packages/airflow/example_dags/example_local_kubernetes_executor.py
[2022-11-22T00:59:32.735+0000] {logging_mixin.py:137} INFO - [2022-11-22T00:59:32.735+0000] {dag.py:2585} INFO - Sync 1 DAGs
[2022-11-22T00:59:32.776+0000] {logging_mixin.py:137} INFO - [2022-11-22T00:59:32.776+0000] {dag.py:3340} INFO - Setting next_dagrun for example_local_kubernetes_executor to None, run_after=None
[2022-11-22T00:59:32.804+0000] {processor.py:176} INFO - Processing /home/airflow/.local/lib/python3.7/site-packages/airflow/example_dags/example_local_kubernetes_executor.py took 0.171 seconds
[2022-11-22T01:00:03.877+0000] {processor.py:154} INFO - Started process (PID=4175) to work on /home/airflow/.local/lib/python3.7/site-packages/airflow/example_dags/example_local_kubernetes_executor.py
[2022-11-22T01:00:03.878+0000] {processor.py:756} INFO - Processing file /home/airflow/.local/lib/python3.7/site-packages/airflow/example_dags/example_local_kubernetes_executor.py for tasks to queue
[2022-11-22T01:00:03.879+0000] {logging_mixin.py:137} INFO - [2022-11-22T01:00:03.878+0000] {dagbag.py:537} INFO - Filling up the DagBag from /home/airflow/.local/lib/python3.7/site-packages/airflow/example_dags/example_local_kubernetes_executor.py
[2022-11-22T01:00:03.903+0000] {processor.py:766} INFO - DAG(s) dict_keys(['example_local_kubernetes_executor']) retrieved from /home/airflow/.local/lib/python3.7/site-packages/airflow/example_dags/example_local_kubernetes_executor.py
[2022-11-22T01:00:03.945+0000] {logging_mixin.py:137} INFO - [2022-11-22T01:00:03.945+0000] {dag.py:2585} INFO - Sync 1 DAGs
[2022-11-22T01:00:03.978+0000] {logging_mixin.py:137} INFO - [2022-11-22T01:00:03.978+0000] {dag.py:3340} INFO - Setting next_dagrun for example_local_kubernetes_executor to None, run_after=None
[2022-11-22T01:00:04.008+0000] {processor.py:176} INFO - Processing /home/airflow/.local/lib/python3.7/site-packages/airflow/example_dags/example_local_kubernetes_executor.py took 0.133 seconds
[2022-11-22T01:00:34.913+0000] {processor.py:154} INFO - Started process (PID=4381) to work on /home/airflow/.local/lib/python3.7/site-packages/airflow/example_dags/example_local_kubernetes_executor.py
[2022-11-22T01:00:34.914+0000] {processor.py:756} INFO - Processing file /home/airflow/.local/lib/python3.7/site-packages/airflow/example_dags/example_local_kubernetes_executor.py for tasks to queue
[2022-11-22T01:00:34.914+0000] {logging_mixin.py:137} INFO - [2022-11-22T01:00:34.914+0000] {dagbag.py:537} INFO - Filling up the DagBag from /home/airflow/.local/lib/python3.7/site-packages/airflow/example_dags/example_local_kubernetes_executor.py
[2022-11-22T01:00:34.937+0000] {processor.py:766} INFO - DAG(s) dict_keys(['example_local_kubernetes_executor']) retrieved from /home/airflow/.local/lib/python3.7/site-packages/airflow/example_dags/example_local_kubernetes_executor.py
[2022-11-22T01:00:34.975+0000] {logging_mixin.py:137} INFO - [2022-11-22T01:00:34.975+0000] {dag.py:2585} INFO - Sync 1 DAGs
[2022-11-22T01:00:35.004+0000] {logging_mixin.py:137} INFO - [2022-11-22T01:00:35.004+0000] {dag.py:3340} INFO - Setting next_dagrun for example_local_kubernetes_executor to None, run_after=None
[2022-11-22T01:00:35.048+0000] {processor.py:176} INFO - Processing /home/airflow/.local/lib/python3.7/site-packages/airflow/example_dags/example_local_kubernetes_executor.py took 0.137 seconds
[2022-11-22T01:01:05.504+0000] {processor.py:154} INFO - Started process (PID=4579) to work on /home/airflow/.local/lib/python3.7/site-packages/airflow/example_dags/example_local_kubernetes_executor.py
[2022-11-22T01:01:05.506+0000] {processor.py:756} INFO - Processing file /home/airflow/.local/lib/python3.7/site-packages/airflow/example_dags/example_local_kubernetes_executor.py for tasks to queue
[2022-11-22T01:01:05.507+0000] {logging_mixin.py:137} INFO - [2022-11-22T01:01:05.507+0000] {dagbag.py:537} INFO - Filling up the DagBag from /home/airflow/.local/lib/python3.7/site-packages/airflow/example_dags/example_local_kubernetes_executor.py
[2022-11-22T01:01:05.531+0000] {processor.py:766} INFO - DAG(s) dict_keys(['example_local_kubernetes_executor']) retrieved from /home/airflow/.local/lib/python3.7/site-packages/airflow/example_dags/example_local_kubernetes_executor.py
[2022-11-22T01:01:05.581+0000] {logging_mixin.py:137} INFO - [2022-11-22T01:01:05.581+0000] {dag.py:2585} INFO - Sync 1 DAGs
[2022-11-22T01:01:05.624+0000] {logging_mixin.py:137} INFO - [2022-11-22T01:01:05.624+0000] {dag.py:3340} INFO - Setting next_dagrun for example_local_kubernetes_executor to None, run_after=None
[2022-11-22T01:01:05.660+0000] {processor.py:176} INFO - Processing /home/airflow/.local/lib/python3.7/site-packages/airflow/example_dags/example_local_kubernetes_executor.py took 0.161 seconds
[2022-11-22T01:01:36.497+0000] {processor.py:154} INFO - Started process (PID=4785) to work on /home/airflow/.local/lib/python3.7/site-packages/airflow/example_dags/example_local_kubernetes_executor.py
[2022-11-22T01:01:36.498+0000] {processor.py:756} INFO - Processing file /home/airflow/.local/lib/python3.7/site-packages/airflow/example_dags/example_local_kubernetes_executor.py for tasks to queue
[2022-11-22T01:01:36.498+0000] {logging_mixin.py:137} INFO - [2022-11-22T01:01:36.498+0000] {dagbag.py:537} INFO - Filling up the DagBag from /home/airflow/.local/lib/python3.7/site-packages/airflow/example_dags/example_local_kubernetes_executor.py
[2022-11-22T01:01:36.523+0000] {processor.py:766} INFO - DAG(s) dict_keys(['example_local_kubernetes_executor']) retrieved from /home/airflow/.local/lib/python3.7/site-packages/airflow/example_dags/example_local_kubernetes_executor.py
[2022-11-22T01:01:36.574+0000] {logging_mixin.py:137} INFO - [2022-11-22T01:01:36.573+0000] {dag.py:2585} INFO - Sync 1 DAGs
[2022-11-22T01:01:36.606+0000] {logging_mixin.py:137} INFO - [2022-11-22T01:01:36.606+0000] {dag.py:3340} INFO - Setting next_dagrun for example_local_kubernetes_executor to None, run_after=None
[2022-11-22T01:01:36.632+0000] {processor.py:176} INFO - Processing /home/airflow/.local/lib/python3.7/site-packages/airflow/example_dags/example_local_kubernetes_executor.py took 0.137 seconds
