[2022-11-22T00:50:19.624+0000] {processor.py:154} INFO - Started process (PID=283) to work on /home/airflow/.local/lib/python3.7/site-packages/airflow/example_dags/example_branch_operator_decorator.py
[2022-11-22T00:50:19.625+0000] {processor.py:756} INFO - Processing file /home/airflow/.local/lib/python3.7/site-packages/airflow/example_dags/example_branch_operator_decorator.py for tasks to queue
[2022-11-22T00:50:19.625+0000] {logging_mixin.py:137} INFO - [2022-11-22T00:50:19.625+0000] {dagbag.py:537} INFO - Filling up the DagBag from /home/airflow/.local/lib/python3.7/site-packages/airflow/example_dags/example_branch_operator_decorator.py
[2022-11-22T00:50:19.659+0000] {processor.py:766} INFO - DAG(s) dict_keys(['example_branch_python_operator_decorator']) retrieved from /home/airflow/.local/lib/python3.7/site-packages/airflow/example_dags/example_branch_operator_decorator.py
[2022-11-22T00:50:19.692+0000] {logging_mixin.py:137} INFO - [2022-11-22T00:50:19.692+0000] {dag.py:2585} INFO - Sync 1 DAGs
[2022-11-22T00:50:19.728+0000] {logging_mixin.py:137} INFO - [2022-11-22T00:50:19.728+0000] {dag.py:3340} INFO - Setting next_dagrun for example_branch_python_operator_decorator to 2022-11-21T00:00:00+00:00, run_after=2022-11-22T00:00:00+00:00
[2022-11-22T00:50:19.754+0000] {processor.py:176} INFO - Processing /home/airflow/.local/lib/python3.7/site-packages/airflow/example_dags/example_branch_operator_decorator.py took 0.136 seconds
[2022-11-22T00:50:50.685+0000] {processor.py:154} INFO - Started process (PID=481) to work on /home/airflow/.local/lib/python3.7/site-packages/airflow/example_dags/example_branch_operator_decorator.py
[2022-11-22T00:50:50.686+0000] {processor.py:756} INFO - Processing file /home/airflow/.local/lib/python3.7/site-packages/airflow/example_dags/example_branch_operator_decorator.py for tasks to queue
[2022-11-22T00:50:50.686+0000] {logging_mixin.py:137} INFO - [2022-11-22T00:50:50.686+0000] {dagbag.py:537} INFO - Filling up the DagBag from /home/airflow/.local/lib/python3.7/site-packages/airflow/example_dags/example_branch_operator_decorator.py
[2022-11-22T00:50:50.716+0000] {processor.py:766} INFO - DAG(s) dict_keys(['example_branch_python_operator_decorator']) retrieved from /home/airflow/.local/lib/python3.7/site-packages/airflow/example_dags/example_branch_operator_decorator.py
[2022-11-22T00:50:50.761+0000] {logging_mixin.py:137} INFO - [2022-11-22T00:50:50.761+0000] {dag.py:2585} INFO - Sync 1 DAGs
[2022-11-22T00:50:50.797+0000] {logging_mixin.py:137} INFO - [2022-11-22T00:50:50.797+0000] {dag.py:3340} INFO - Setting next_dagrun for example_branch_python_operator_decorator to 2022-11-21T00:00:00+00:00, run_after=2022-11-22T00:00:00+00:00
[2022-11-22T00:50:50.820+0000] {processor.py:176} INFO - Processing /home/airflow/.local/lib/python3.7/site-packages/airflow/example_dags/example_branch_operator_decorator.py took 0.138 seconds
[2022-11-22T00:51:20.938+0000] {processor.py:154} INFO - Started process (PID=691) to work on /home/airflow/.local/lib/python3.7/site-packages/airflow/example_dags/example_branch_operator_decorator.py
[2022-11-22T00:51:20.939+0000] {processor.py:756} INFO - Processing file /home/airflow/.local/lib/python3.7/site-packages/airflow/example_dags/example_branch_operator_decorator.py for tasks to queue
[2022-11-22T00:51:20.939+0000] {logging_mixin.py:137} INFO - [2022-11-22T00:51:20.939+0000] {dagbag.py:537} INFO - Filling up the DagBag from /home/airflow/.local/lib/python3.7/site-packages/airflow/example_dags/example_branch_operator_decorator.py
[2022-11-22T00:51:20.967+0000] {processor.py:766} INFO - DAG(s) dict_keys(['example_branch_python_operator_decorator']) retrieved from /home/airflow/.local/lib/python3.7/site-packages/airflow/example_dags/example_branch_operator_decorator.py
[2022-11-22T00:51:21.016+0000] {logging_mixin.py:137} INFO - [2022-11-22T00:51:21.016+0000] {dag.py:2585} INFO - Sync 1 DAGs
[2022-11-22T00:51:21.052+0000] {logging_mixin.py:137} INFO - [2022-11-22T00:51:21.052+0000] {dag.py:3340} INFO - Setting next_dagrun for example_branch_python_operator_decorator to 2022-11-21T00:00:00+00:00, run_after=2022-11-22T00:00:00+00:00
[2022-11-22T00:51:21.079+0000] {processor.py:176} INFO - Processing /home/airflow/.local/lib/python3.7/site-packages/airflow/example_dags/example_branch_operator_decorator.py took 0.144 seconds
[2022-11-22T00:51:51.461+0000] {processor.py:154} INFO - Started process (PID=899) to work on /home/airflow/.local/lib/python3.7/site-packages/airflow/example_dags/example_branch_operator_decorator.py
[2022-11-22T00:51:51.462+0000] {processor.py:756} INFO - Processing file /home/airflow/.local/lib/python3.7/site-packages/airflow/example_dags/example_branch_operator_decorator.py for tasks to queue
[2022-11-22T00:51:51.462+0000] {logging_mixin.py:137} INFO - [2022-11-22T00:51:51.462+0000] {dagbag.py:537} INFO - Filling up the DagBag from /home/airflow/.local/lib/python3.7/site-packages/airflow/example_dags/example_branch_operator_decorator.py
[2022-11-22T00:51:51.486+0000] {processor.py:766} INFO - DAG(s) dict_keys(['example_branch_python_operator_decorator']) retrieved from /home/airflow/.local/lib/python3.7/site-packages/airflow/example_dags/example_branch_operator_decorator.py
[2022-11-22T00:51:51.533+0000] {logging_mixin.py:137} INFO - [2022-11-22T00:51:51.533+0000] {dag.py:2585} INFO - Sync 1 DAGs
[2022-11-22T00:51:51.567+0000] {logging_mixin.py:137} INFO - [2022-11-22T00:51:51.567+0000] {dag.py:3340} INFO - Setting next_dagrun for example_branch_python_operator_decorator to 2022-11-21T00:00:00+00:00, run_after=2022-11-22T00:00:00+00:00
[2022-11-22T00:51:51.597+0000] {processor.py:176} INFO - Processing /home/airflow/.local/lib/python3.7/site-packages/airflow/example_dags/example_branch_operator_decorator.py took 0.140 seconds
[2022-11-22T00:52:21.998+0000] {processor.py:154} INFO - Started process (PID=1099) to work on /home/airflow/.local/lib/python3.7/site-packages/airflow/example_dags/example_branch_operator_decorator.py
[2022-11-22T00:52:21.999+0000] {processor.py:756} INFO - Processing file /home/airflow/.local/lib/python3.7/site-packages/airflow/example_dags/example_branch_operator_decorator.py for tasks to queue
[2022-11-22T00:52:22.000+0000] {logging_mixin.py:137} INFO - [2022-11-22T00:52:22.000+0000] {dagbag.py:537} INFO - Filling up the DagBag from /home/airflow/.local/lib/python3.7/site-packages/airflow/example_dags/example_branch_operator_decorator.py
[2022-11-22T00:52:22.029+0000] {processor.py:766} INFO - DAG(s) dict_keys(['example_branch_python_operator_decorator']) retrieved from /home/airflow/.local/lib/python3.7/site-packages/airflow/example_dags/example_branch_operator_decorator.py
[2022-11-22T00:52:22.078+0000] {logging_mixin.py:137} INFO - [2022-11-22T00:52:22.077+0000] {dag.py:2585} INFO - Sync 1 DAGs
[2022-11-22T00:52:22.110+0000] {logging_mixin.py:137} INFO - [2022-11-22T00:52:22.110+0000] {dag.py:3340} INFO - Setting next_dagrun for example_branch_python_operator_decorator to 2022-11-21T00:00:00+00:00, run_after=2022-11-22T00:00:00+00:00
[2022-11-22T00:52:22.132+0000] {processor.py:176} INFO - Processing /home/airflow/.local/lib/python3.7/site-packages/airflow/example_dags/example_branch_operator_decorator.py took 0.137 seconds
[2022-11-22T00:52:52.253+0000] {processor.py:154} INFO - Started process (PID=1306) to work on /home/airflow/.local/lib/python3.7/site-packages/airflow/example_dags/example_branch_operator_decorator.py
[2022-11-22T00:52:52.254+0000] {processor.py:756} INFO - Processing file /home/airflow/.local/lib/python3.7/site-packages/airflow/example_dags/example_branch_operator_decorator.py for tasks to queue
[2022-11-22T00:52:52.254+0000] {logging_mixin.py:137} INFO - [2022-11-22T00:52:52.254+0000] {dagbag.py:537} INFO - Filling up the DagBag from /home/airflow/.local/lib/python3.7/site-packages/airflow/example_dags/example_branch_operator_decorator.py
[2022-11-22T00:52:52.283+0000] {processor.py:766} INFO - DAG(s) dict_keys(['example_branch_python_operator_decorator']) retrieved from /home/airflow/.local/lib/python3.7/site-packages/airflow/example_dags/example_branch_operator_decorator.py
[2022-11-22T00:52:52.326+0000] {logging_mixin.py:137} INFO - [2022-11-22T00:52:52.326+0000] {dag.py:2585} INFO - Sync 1 DAGs
[2022-11-22T00:52:52.365+0000] {logging_mixin.py:137} INFO - [2022-11-22T00:52:52.364+0000] {dag.py:3340} INFO - Setting next_dagrun for example_branch_python_operator_decorator to 2022-11-21T00:00:00+00:00, run_after=2022-11-22T00:00:00+00:00
[2022-11-22T00:52:52.389+0000] {processor.py:176} INFO - Processing /home/airflow/.local/lib/python3.7/site-packages/airflow/example_dags/example_branch_operator_decorator.py took 0.139 seconds
[2022-11-22T00:53:22.796+0000] {processor.py:154} INFO - Started process (PID=1505) to work on /home/airflow/.local/lib/python3.7/site-packages/airflow/example_dags/example_branch_operator_decorator.py
[2022-11-22T00:53:22.797+0000] {processor.py:756} INFO - Processing file /home/airflow/.local/lib/python3.7/site-packages/airflow/example_dags/example_branch_operator_decorator.py for tasks to queue
[2022-11-22T00:53:22.797+0000] {logging_mixin.py:137} INFO - [2022-11-22T00:53:22.797+0000] {dagbag.py:537} INFO - Filling up the DagBag from /home/airflow/.local/lib/python3.7/site-packages/airflow/example_dags/example_branch_operator_decorator.py
[2022-11-22T00:53:22.822+0000] {processor.py:766} INFO - DAG(s) dict_keys(['example_branch_python_operator_decorator']) retrieved from /home/airflow/.local/lib/python3.7/site-packages/airflow/example_dags/example_branch_operator_decorator.py
[2022-11-22T00:53:22.866+0000] {logging_mixin.py:137} INFO - [2022-11-22T00:53:22.865+0000] {dag.py:2585} INFO - Sync 1 DAGs
[2022-11-22T00:53:22.903+0000] {logging_mixin.py:137} INFO - [2022-11-22T00:53:22.902+0000] {dag.py:3340} INFO - Setting next_dagrun for example_branch_python_operator_decorator to 2022-11-21T00:00:00+00:00, run_after=2022-11-22T00:00:00+00:00
[2022-11-22T00:53:22.926+0000] {processor.py:176} INFO - Processing /home/airflow/.local/lib/python3.7/site-packages/airflow/example_dags/example_branch_operator_decorator.py took 0.133 seconds
[2022-11-22T00:53:53.769+0000] {processor.py:154} INFO - Started process (PID=1712) to work on /home/airflow/.local/lib/python3.7/site-packages/airflow/example_dags/example_branch_operator_decorator.py
[2022-11-22T00:53:53.769+0000] {processor.py:756} INFO - Processing file /home/airflow/.local/lib/python3.7/site-packages/airflow/example_dags/example_branch_operator_decorator.py for tasks to queue
[2022-11-22T00:53:53.770+0000] {logging_mixin.py:137} INFO - [2022-11-22T00:53:53.770+0000] {dagbag.py:537} INFO - Filling up the DagBag from /home/airflow/.local/lib/python3.7/site-packages/airflow/example_dags/example_branch_operator_decorator.py
[2022-11-22T00:53:53.797+0000] {processor.py:766} INFO - DAG(s) dict_keys(['example_branch_python_operator_decorator']) retrieved from /home/airflow/.local/lib/python3.7/site-packages/airflow/example_dags/example_branch_operator_decorator.py
[2022-11-22T00:53:53.844+0000] {logging_mixin.py:137} INFO - [2022-11-22T00:53:53.844+0000] {dag.py:2585} INFO - Sync 1 DAGs
[2022-11-22T00:53:53.879+0000] {logging_mixin.py:137} INFO - [2022-11-22T00:53:53.878+0000] {dag.py:3340} INFO - Setting next_dagrun for example_branch_python_operator_decorator to 2022-11-21T00:00:00+00:00, run_after=2022-11-22T00:00:00+00:00
[2022-11-22T00:53:53.905+0000] {processor.py:176} INFO - Processing /home/airflow/.local/lib/python3.7/site-packages/airflow/example_dags/example_branch_operator_decorator.py took 0.140 seconds
[2022-11-22T00:54:24.133+0000] {processor.py:154} INFO - Started process (PID=1919) to work on /home/airflow/.local/lib/python3.7/site-packages/airflow/example_dags/example_branch_operator_decorator.py
[2022-11-22T00:54:24.134+0000] {processor.py:756} INFO - Processing file /home/airflow/.local/lib/python3.7/site-packages/airflow/example_dags/example_branch_operator_decorator.py for tasks to queue
[2022-11-22T00:54:24.134+0000] {logging_mixin.py:137} INFO - [2022-11-22T00:54:24.134+0000] {dagbag.py:537} INFO - Filling up the DagBag from /home/airflow/.local/lib/python3.7/site-packages/airflow/example_dags/example_branch_operator_decorator.py
[2022-11-22T00:54:24.159+0000] {processor.py:766} INFO - DAG(s) dict_keys(['example_branch_python_operator_decorator']) retrieved from /home/airflow/.local/lib/python3.7/site-packages/airflow/example_dags/example_branch_operator_decorator.py
[2022-11-22T00:54:24.200+0000] {logging_mixin.py:137} INFO - [2022-11-22T00:54:24.200+0000] {dag.py:2585} INFO - Sync 1 DAGs
[2022-11-22T00:54:24.229+0000] {logging_mixin.py:137} INFO - [2022-11-22T00:54:24.229+0000] {dag.py:3340} INFO - Setting next_dagrun for example_branch_python_operator_decorator to 2022-11-21T00:00:00+00:00, run_after=2022-11-22T00:00:00+00:00
[2022-11-22T00:54:24.250+0000] {processor.py:176} INFO - Processing /home/airflow/.local/lib/python3.7/site-packages/airflow/example_dags/example_branch_operator_decorator.py took 0.119 seconds
[2022-11-22T00:54:55.434+0000] {processor.py:154} INFO - Started process (PID=2115) to work on /home/airflow/.local/lib/python3.7/site-packages/airflow/example_dags/example_branch_operator_decorator.py
[2022-11-22T00:54:55.435+0000] {processor.py:756} INFO - Processing file /home/airflow/.local/lib/python3.7/site-packages/airflow/example_dags/example_branch_operator_decorator.py for tasks to queue
[2022-11-22T00:54:55.435+0000] {logging_mixin.py:137} INFO - [2022-11-22T00:54:55.435+0000] {dagbag.py:537} INFO - Filling up the DagBag from /home/airflow/.local/lib/python3.7/site-packages/airflow/example_dags/example_branch_operator_decorator.py
[2022-11-22T00:54:55.465+0000] {processor.py:766} INFO - DAG(s) dict_keys(['example_branch_python_operator_decorator']) retrieved from /home/airflow/.local/lib/python3.7/site-packages/airflow/example_dags/example_branch_operator_decorator.py
[2022-11-22T00:54:55.512+0000] {logging_mixin.py:137} INFO - [2022-11-22T00:54:55.512+0000] {dag.py:2585} INFO - Sync 1 DAGs
[2022-11-22T00:54:55.549+0000] {logging_mixin.py:137} INFO - [2022-11-22T00:54:55.549+0000] {dag.py:3340} INFO - Setting next_dagrun for example_branch_python_operator_decorator to 2022-11-21T00:00:00+00:00, run_after=2022-11-22T00:00:00+00:00
[2022-11-22T00:54:55.576+0000] {processor.py:176} INFO - Processing /home/airflow/.local/lib/python3.7/site-packages/airflow/example_dags/example_branch_operator_decorator.py took 0.145 seconds
[2022-11-22T00:55:25.833+0000] {processor.py:154} INFO - Started process (PID=2321) to work on /home/airflow/.local/lib/python3.7/site-packages/airflow/example_dags/example_branch_operator_decorator.py
[2022-11-22T00:55:25.833+0000] {processor.py:756} INFO - Processing file /home/airflow/.local/lib/python3.7/site-packages/airflow/example_dags/example_branch_operator_decorator.py for tasks to queue
[2022-11-22T00:55:25.834+0000] {logging_mixin.py:137} INFO - [2022-11-22T00:55:25.833+0000] {dagbag.py:537} INFO - Filling up the DagBag from /home/airflow/.local/lib/python3.7/site-packages/airflow/example_dags/example_branch_operator_decorator.py
[2022-11-22T00:55:25.856+0000] {processor.py:766} INFO - DAG(s) dict_keys(['example_branch_python_operator_decorator']) retrieved from /home/airflow/.local/lib/python3.7/site-packages/airflow/example_dags/example_branch_operator_decorator.py
[2022-11-22T00:55:25.894+0000] {logging_mixin.py:137} INFO - [2022-11-22T00:55:25.894+0000] {dag.py:2585} INFO - Sync 1 DAGs
[2022-11-22T00:55:25.923+0000] {logging_mixin.py:137} INFO - [2022-11-22T00:55:25.923+0000] {dag.py:3340} INFO - Setting next_dagrun for example_branch_python_operator_decorator to 2022-11-21T00:00:00+00:00, run_after=2022-11-22T00:00:00+00:00
[2022-11-22T00:55:25.946+0000] {processor.py:176} INFO - Processing /home/airflow/.local/lib/python3.7/site-packages/airflow/example_dags/example_branch_operator_decorator.py took 0.115 seconds
[2022-11-22T00:55:56.900+0000] {processor.py:154} INFO - Started process (PID=2527) to work on /home/airflow/.local/lib/python3.7/site-packages/airflow/example_dags/example_branch_operator_decorator.py
[2022-11-22T00:55:56.901+0000] {processor.py:756} INFO - Processing file /home/airflow/.local/lib/python3.7/site-packages/airflow/example_dags/example_branch_operator_decorator.py for tasks to queue
[2022-11-22T00:55:56.902+0000] {logging_mixin.py:137} INFO - [2022-11-22T00:55:56.901+0000] {dagbag.py:537} INFO - Filling up the DagBag from /home/airflow/.local/lib/python3.7/site-packages/airflow/example_dags/example_branch_operator_decorator.py
[2022-11-22T00:55:56.927+0000] {processor.py:766} INFO - DAG(s) dict_keys(['example_branch_python_operator_decorator']) retrieved from /home/airflow/.local/lib/python3.7/site-packages/airflow/example_dags/example_branch_operator_decorator.py
[2022-11-22T00:55:56.970+0000] {logging_mixin.py:137} INFO - [2022-11-22T00:55:56.969+0000] {dag.py:2585} INFO - Sync 1 DAGs
[2022-11-22T00:55:56.999+0000] {logging_mixin.py:137} INFO - [2022-11-22T00:55:56.999+0000] {dag.py:3340} INFO - Setting next_dagrun for example_branch_python_operator_decorator to 2022-11-21T00:00:00+00:00, run_after=2022-11-22T00:00:00+00:00
[2022-11-22T00:55:57.019+0000] {processor.py:176} INFO - Processing /home/airflow/.local/lib/python3.7/site-packages/airflow/example_dags/example_branch_operator_decorator.py took 0.121 seconds
[2022-11-22T00:56:28.354+0000] {processor.py:154} INFO - Started process (PID=2734) to work on /home/airflow/.local/lib/python3.7/site-packages/airflow/example_dags/example_branch_operator_decorator.py
[2022-11-22T00:56:28.356+0000] {processor.py:756} INFO - Processing file /home/airflow/.local/lib/python3.7/site-packages/airflow/example_dags/example_branch_operator_decorator.py for tasks to queue
[2022-11-22T00:56:28.357+0000] {logging_mixin.py:137} INFO - [2022-11-22T00:56:28.357+0000] {dagbag.py:537} INFO - Filling up the DagBag from /home/airflow/.local/lib/python3.7/site-packages/airflow/example_dags/example_branch_operator_decorator.py
[2022-11-22T00:56:28.392+0000] {processor.py:766} INFO - DAG(s) dict_keys(['example_branch_python_operator_decorator']) retrieved from /home/airflow/.local/lib/python3.7/site-packages/airflow/example_dags/example_branch_operator_decorator.py
[2022-11-22T00:56:28.445+0000] {logging_mixin.py:137} INFO - [2022-11-22T00:56:28.445+0000] {dag.py:2585} INFO - Sync 1 DAGs
[2022-11-22T00:56:28.479+0000] {logging_mixin.py:137} INFO - [2022-11-22T00:56:28.479+0000] {dag.py:3340} INFO - Setting next_dagrun for example_branch_python_operator_decorator to 2022-11-21T00:00:00+00:00, run_after=2022-11-22T00:00:00+00:00
[2022-11-22T00:56:28.509+0000] {processor.py:176} INFO - Processing /home/airflow/.local/lib/python3.7/site-packages/airflow/example_dags/example_branch_operator_decorator.py took 0.158 seconds
[2022-11-22T00:56:58.661+0000] {processor.py:154} INFO - Started process (PID=2934) to work on /home/airflow/.local/lib/python3.7/site-packages/airflow/example_dags/example_branch_operator_decorator.py
[2022-11-22T00:56:58.662+0000] {processor.py:756} INFO - Processing file /home/airflow/.local/lib/python3.7/site-packages/airflow/example_dags/example_branch_operator_decorator.py for tasks to queue
[2022-11-22T00:56:58.662+0000] {logging_mixin.py:137} INFO - [2022-11-22T00:56:58.662+0000] {dagbag.py:537} INFO - Filling up the DagBag from /home/airflow/.local/lib/python3.7/site-packages/airflow/example_dags/example_branch_operator_decorator.py
[2022-11-22T00:56:58.687+0000] {processor.py:766} INFO - DAG(s) dict_keys(['example_branch_python_operator_decorator']) retrieved from /home/airflow/.local/lib/python3.7/site-packages/airflow/example_dags/example_branch_operator_decorator.py
[2022-11-22T00:56:58.726+0000] {logging_mixin.py:137} INFO - [2022-11-22T00:56:58.726+0000] {dag.py:2585} INFO - Sync 1 DAGs
[2022-11-22T00:56:58.760+0000] {logging_mixin.py:137} INFO - [2022-11-22T00:56:58.760+0000] {dag.py:3340} INFO - Setting next_dagrun for example_branch_python_operator_decorator to 2022-11-21T00:00:00+00:00, run_after=2022-11-22T00:00:00+00:00
[2022-11-22T00:56:58.785+0000] {processor.py:176} INFO - Processing /home/airflow/.local/lib/python3.7/site-packages/airflow/example_dags/example_branch_operator_decorator.py took 0.126 seconds
[2022-11-22T00:57:29.467+0000] {processor.py:154} INFO - Started process (PID=3140) to work on /home/airflow/.local/lib/python3.7/site-packages/airflow/example_dags/example_branch_operator_decorator.py
[2022-11-22T00:57:29.468+0000] {processor.py:756} INFO - Processing file /home/airflow/.local/lib/python3.7/site-packages/airflow/example_dags/example_branch_operator_decorator.py for tasks to queue
[2022-11-22T00:57:29.469+0000] {logging_mixin.py:137} INFO - [2022-11-22T00:57:29.469+0000] {dagbag.py:537} INFO - Filling up the DagBag from /home/airflow/.local/lib/python3.7/site-packages/airflow/example_dags/example_branch_operator_decorator.py
[2022-11-22T00:57:29.498+0000] {processor.py:766} INFO - DAG(s) dict_keys(['example_branch_python_operator_decorator']) retrieved from /home/airflow/.local/lib/python3.7/site-packages/airflow/example_dags/example_branch_operator_decorator.py
[2022-11-22T00:57:29.542+0000] {logging_mixin.py:137} INFO - [2022-11-22T00:57:29.542+0000] {dag.py:2585} INFO - Sync 1 DAGs
[2022-11-22T00:57:29.577+0000] {logging_mixin.py:137} INFO - [2022-11-22T00:57:29.577+0000] {dag.py:3340} INFO - Setting next_dagrun for example_branch_python_operator_decorator to 2022-11-21T00:00:00+00:00, run_after=2022-11-22T00:00:00+00:00
[2022-11-22T00:57:29.600+0000] {processor.py:176} INFO - Processing /home/airflow/.local/lib/python3.7/site-packages/airflow/example_dags/example_branch_operator_decorator.py took 0.136 seconds
[2022-11-22T00:58:00.556+0000] {processor.py:154} INFO - Started process (PID=3347) to work on /home/airflow/.local/lib/python3.7/site-packages/airflow/example_dags/example_branch_operator_decorator.py
[2022-11-22T00:58:00.557+0000] {processor.py:756} INFO - Processing file /home/airflow/.local/lib/python3.7/site-packages/airflow/example_dags/example_branch_operator_decorator.py for tasks to queue
[2022-11-22T00:58:00.558+0000] {logging_mixin.py:137} INFO - [2022-11-22T00:58:00.558+0000] {dagbag.py:537} INFO - Filling up the DagBag from /home/airflow/.local/lib/python3.7/site-packages/airflow/example_dags/example_branch_operator_decorator.py
[2022-11-22T00:58:00.592+0000] {processor.py:766} INFO - DAG(s) dict_keys(['example_branch_python_operator_decorator']) retrieved from /home/airflow/.local/lib/python3.7/site-packages/airflow/example_dags/example_branch_operator_decorator.py
[2022-11-22T00:58:00.647+0000] {logging_mixin.py:137} INFO - [2022-11-22T00:58:00.647+0000] {dag.py:2585} INFO - Sync 1 DAGs
[2022-11-22T00:58:00.689+0000] {logging_mixin.py:137} INFO - [2022-11-22T00:58:00.688+0000] {dag.py:3340} INFO - Setting next_dagrun for example_branch_python_operator_decorator to 2022-11-21T00:00:00+00:00, run_after=2022-11-22T00:00:00+00:00
[2022-11-22T00:58:00.714+0000] {processor.py:176} INFO - Processing /home/airflow/.local/lib/python3.7/site-packages/airflow/example_dags/example_branch_operator_decorator.py took 0.163 seconds
[2022-11-22T00:58:30.770+0000] {processor.py:154} INFO - Started process (PID=3546) to work on /home/airflow/.local/lib/python3.7/site-packages/airflow/example_dags/example_branch_operator_decorator.py
[2022-11-22T00:58:30.771+0000] {processor.py:756} INFO - Processing file /home/airflow/.local/lib/python3.7/site-packages/airflow/example_dags/example_branch_operator_decorator.py for tasks to queue
[2022-11-22T00:58:30.772+0000] {logging_mixin.py:137} INFO - [2022-11-22T00:58:30.772+0000] {dagbag.py:537} INFO - Filling up the DagBag from /home/airflow/.local/lib/python3.7/site-packages/airflow/example_dags/example_branch_operator_decorator.py
[2022-11-22T00:58:30.796+0000] {processor.py:766} INFO - DAG(s) dict_keys(['example_branch_python_operator_decorator']) retrieved from /home/airflow/.local/lib/python3.7/site-packages/airflow/example_dags/example_branch_operator_decorator.py
[2022-11-22T00:58:30.842+0000] {logging_mixin.py:137} INFO - [2022-11-22T00:58:30.842+0000] {dag.py:2585} INFO - Sync 1 DAGs
[2022-11-22T00:58:30.872+0000] {logging_mixin.py:137} INFO - [2022-11-22T00:58:30.872+0000] {dag.py:3340} INFO - Setting next_dagrun for example_branch_python_operator_decorator to 2022-11-21T00:00:00+00:00, run_after=2022-11-22T00:00:00+00:00
[2022-11-22T00:58:30.894+0000] {processor.py:176} INFO - Processing /home/airflow/.local/lib/python3.7/site-packages/airflow/example_dags/example_branch_operator_decorator.py took 0.126 seconds
[2022-11-22T00:59:01.856+0000] {processor.py:154} INFO - Started process (PID=3750) to work on /home/airflow/.local/lib/python3.7/site-packages/airflow/example_dags/example_branch_operator_decorator.py
[2022-11-22T00:59:01.857+0000] {processor.py:756} INFO - Processing file /home/airflow/.local/lib/python3.7/site-packages/airflow/example_dags/example_branch_operator_decorator.py for tasks to queue
[2022-11-22T00:59:01.857+0000] {logging_mixin.py:137} INFO - [2022-11-22T00:59:01.857+0000] {dagbag.py:537} INFO - Filling up the DagBag from /home/airflow/.local/lib/python3.7/site-packages/airflow/example_dags/example_branch_operator_decorator.py
[2022-11-22T00:59:01.883+0000] {processor.py:766} INFO - DAG(s) dict_keys(['example_branch_python_operator_decorator']) retrieved from /home/airflow/.local/lib/python3.7/site-packages/airflow/example_dags/example_branch_operator_decorator.py
[2022-11-22T00:59:01.924+0000] {logging_mixin.py:137} INFO - [2022-11-22T00:59:01.924+0000] {dag.py:2585} INFO - Sync 1 DAGs
[2022-11-22T00:59:01.954+0000] {logging_mixin.py:137} INFO - [2022-11-22T00:59:01.954+0000] {dag.py:3340} INFO - Setting next_dagrun for example_branch_python_operator_decorator to 2022-11-21T00:00:00+00:00, run_after=2022-11-22T00:00:00+00:00
[2022-11-22T00:59:01.974+0000] {processor.py:176} INFO - Processing /home/airflow/.local/lib/python3.7/site-packages/airflow/example_dags/example_branch_operator_decorator.py took 0.120 seconds
[2022-11-22T00:59:32.284+0000] {processor.py:154} INFO - Started process (PID=3949) to work on /home/airflow/.local/lib/python3.7/site-packages/airflow/example_dags/example_branch_operator_decorator.py
[2022-11-22T00:59:32.284+0000] {processor.py:756} INFO - Processing file /home/airflow/.local/lib/python3.7/site-packages/airflow/example_dags/example_branch_operator_decorator.py for tasks to queue
[2022-11-22T00:59:32.285+0000] {logging_mixin.py:137} INFO - [2022-11-22T00:59:32.285+0000] {dagbag.py:537} INFO - Filling up the DagBag from /home/airflow/.local/lib/python3.7/site-packages/airflow/example_dags/example_branch_operator_decorator.py
[2022-11-22T00:59:32.312+0000] {processor.py:766} INFO - DAG(s) dict_keys(['example_branch_python_operator_decorator']) retrieved from /home/airflow/.local/lib/python3.7/site-packages/airflow/example_dags/example_branch_operator_decorator.py
[2022-11-22T00:59:32.364+0000] {logging_mixin.py:137} INFO - [2022-11-22T00:59:32.364+0000] {dag.py:2585} INFO - Sync 1 DAGs
[2022-11-22T00:59:32.400+0000] {logging_mixin.py:137} INFO - [2022-11-22T00:59:32.400+0000] {dag.py:3340} INFO - Setting next_dagrun for example_branch_python_operator_decorator to 2022-11-21T00:00:00+00:00, run_after=2022-11-22T00:00:00+00:00
[2022-11-22T00:59:32.422+0000] {processor.py:176} INFO - Processing /home/airflow/.local/lib/python3.7/site-packages/airflow/example_dags/example_branch_operator_decorator.py took 0.141 seconds
[2022-11-22T01:00:03.555+0000] {processor.py:154} INFO - Started process (PID=4155) to work on /home/airflow/.local/lib/python3.7/site-packages/airflow/example_dags/example_branch_operator_decorator.py
[2022-11-22T01:00:03.556+0000] {processor.py:756} INFO - Processing file /home/airflow/.local/lib/python3.7/site-packages/airflow/example_dags/example_branch_operator_decorator.py for tasks to queue
[2022-11-22T01:00:03.557+0000] {logging_mixin.py:137} INFO - [2022-11-22T01:00:03.557+0000] {dagbag.py:537} INFO - Filling up the DagBag from /home/airflow/.local/lib/python3.7/site-packages/airflow/example_dags/example_branch_operator_decorator.py
[2022-11-22T01:00:03.584+0000] {processor.py:766} INFO - DAG(s) dict_keys(['example_branch_python_operator_decorator']) retrieved from /home/airflow/.local/lib/python3.7/site-packages/airflow/example_dags/example_branch_operator_decorator.py
[2022-11-22T01:00:03.629+0000] {logging_mixin.py:137} INFO - [2022-11-22T01:00:03.629+0000] {dag.py:2585} INFO - Sync 1 DAGs
[2022-11-22T01:00:03.663+0000] {logging_mixin.py:137} INFO - [2022-11-22T01:00:03.663+0000] {dag.py:3340} INFO - Setting next_dagrun for example_branch_python_operator_decorator to 2022-11-21T00:00:00+00:00, run_after=2022-11-22T00:00:00+00:00
[2022-11-22T01:00:03.686+0000] {processor.py:176} INFO - Processing /home/airflow/.local/lib/python3.7/site-packages/airflow/example_dags/example_branch_operator_decorator.py took 0.133 seconds
[2022-11-22T01:00:34.623+0000] {processor.py:154} INFO - Started process (PID=4361) to work on /home/airflow/.local/lib/python3.7/site-packages/airflow/example_dags/example_branch_operator_decorator.py
[2022-11-22T01:00:34.624+0000] {processor.py:756} INFO - Processing file /home/airflow/.local/lib/python3.7/site-packages/airflow/example_dags/example_branch_operator_decorator.py for tasks to queue
[2022-11-22T01:00:34.626+0000] {logging_mixin.py:137} INFO - [2022-11-22T01:00:34.625+0000] {dagbag.py:537} INFO - Filling up the DagBag from /home/airflow/.local/lib/python3.7/site-packages/airflow/example_dags/example_branch_operator_decorator.py
[2022-11-22T01:00:34.652+0000] {processor.py:766} INFO - DAG(s) dict_keys(['example_branch_python_operator_decorator']) retrieved from /home/airflow/.local/lib/python3.7/site-packages/airflow/example_dags/example_branch_operator_decorator.py
[2022-11-22T01:00:34.694+0000] {logging_mixin.py:137} INFO - [2022-11-22T01:00:34.694+0000] {dag.py:2585} INFO - Sync 1 DAGs
[2022-11-22T01:00:34.725+0000] {logging_mixin.py:137} INFO - [2022-11-22T01:00:34.725+0000] {dag.py:3340} INFO - Setting next_dagrun for example_branch_python_operator_decorator to 2022-11-21T00:00:00+00:00, run_after=2022-11-22T00:00:00+00:00
[2022-11-22T01:00:34.747+0000] {processor.py:176} INFO - Processing /home/airflow/.local/lib/python3.7/site-packages/airflow/example_dags/example_branch_operator_decorator.py took 0.126 seconds
[2022-11-22T01:01:05.175+0000] {processor.py:154} INFO - Started process (PID=4559) to work on /home/airflow/.local/lib/python3.7/site-packages/airflow/example_dags/example_branch_operator_decorator.py
[2022-11-22T01:01:05.176+0000] {processor.py:756} INFO - Processing file /home/airflow/.local/lib/python3.7/site-packages/airflow/example_dags/example_branch_operator_decorator.py for tasks to queue
[2022-11-22T01:01:05.176+0000] {logging_mixin.py:137} INFO - [2022-11-22T01:01:05.176+0000] {dagbag.py:537} INFO - Filling up the DagBag from /home/airflow/.local/lib/python3.7/site-packages/airflow/example_dags/example_branch_operator_decorator.py
[2022-11-22T01:01:05.205+0000] {processor.py:766} INFO - DAG(s) dict_keys(['example_branch_python_operator_decorator']) retrieved from /home/airflow/.local/lib/python3.7/site-packages/airflow/example_dags/example_branch_operator_decorator.py
[2022-11-22T01:01:05.249+0000] {logging_mixin.py:137} INFO - [2022-11-22T01:01:05.249+0000] {dag.py:2585} INFO - Sync 1 DAGs
[2022-11-22T01:01:05.285+0000] {logging_mixin.py:137} INFO - [2022-11-22T01:01:05.285+0000] {dag.py:3340} INFO - Setting next_dagrun for example_branch_python_operator_decorator to 2022-11-21T00:00:00+00:00, run_after=2022-11-22T00:00:00+00:00
[2022-11-22T01:01:05.309+0000] {processor.py:176} INFO - Processing /home/airflow/.local/lib/python3.7/site-packages/airflow/example_dags/example_branch_operator_decorator.py took 0.137 seconds
[2022-11-22T01:01:36.139+0000] {processor.py:154} INFO - Started process (PID=4765) to work on /home/airflow/.local/lib/python3.7/site-packages/airflow/example_dags/example_branch_operator_decorator.py
[2022-11-22T01:01:36.140+0000] {processor.py:756} INFO - Processing file /home/airflow/.local/lib/python3.7/site-packages/airflow/example_dags/example_branch_operator_decorator.py for tasks to queue
[2022-11-22T01:01:36.140+0000] {logging_mixin.py:137} INFO - [2022-11-22T01:01:36.140+0000] {dagbag.py:537} INFO - Filling up the DagBag from /home/airflow/.local/lib/python3.7/site-packages/airflow/example_dags/example_branch_operator_decorator.py
[2022-11-22T01:01:36.167+0000] {processor.py:766} INFO - DAG(s) dict_keys(['example_branch_python_operator_decorator']) retrieved from /home/airflow/.local/lib/python3.7/site-packages/airflow/example_dags/example_branch_operator_decorator.py
[2022-11-22T01:01:36.215+0000] {logging_mixin.py:137} INFO - [2022-11-22T01:01:36.215+0000] {dag.py:2585} INFO - Sync 1 DAGs
[2022-11-22T01:01:36.250+0000] {logging_mixin.py:137} INFO - [2022-11-22T01:01:36.250+0000] {dag.py:3340} INFO - Setting next_dagrun for example_branch_python_operator_decorator to 2022-11-21T00:00:00+00:00, run_after=2022-11-22T00:00:00+00:00
[2022-11-22T01:01:36.277+0000] {processor.py:176} INFO - Processing /home/airflow/.local/lib/python3.7/site-packages/airflow/example_dags/example_branch_operator_decorator.py took 0.142 seconds
