[2022-11-22T00:50:17.375+0000] {processor.py:154} INFO - Started process (PID=186) to work on /home/airflow/.local/lib/python3.7/site-packages/airflow/example_dags/example_trigger_controller_dag.py
[2022-11-22T00:50:17.377+0000] {processor.py:756} INFO - Processing file /home/airflow/.local/lib/python3.7/site-packages/airflow/example_dags/example_trigger_controller_dag.py for tasks to queue
[2022-11-22T00:50:17.378+0000] {logging_mixin.py:137} INFO - [2022-11-22T00:50:17.378+0000] {dagbag.py:537} INFO - Filling up the DagBag from /home/airflow/.local/lib/python3.7/site-packages/airflow/example_dags/example_trigger_controller_dag.py
[2022-11-22T00:50:17.411+0000] {processor.py:766} INFO - DAG(s) dict_keys(['example_trigger_controller_dag']) retrieved from /home/airflow/.local/lib/python3.7/site-packages/airflow/example_dags/example_trigger_controller_dag.py
[2022-11-22T00:50:17.482+0000] {logging_mixin.py:137} INFO - [2022-11-22T00:50:17.482+0000] {dag.py:2585} INFO - Sync 1 DAGs
[2022-11-22T00:50:17.592+0000] {logging_mixin.py:137} INFO - [2022-11-22T00:50:17.592+0000] {dag.py:3340} INFO - Setting next_dagrun for example_trigger_controller_dag to 2021-01-01T00:00:00+00:00, run_after=2021-01-01T00:00:00+00:00
[2022-11-22T00:50:17.644+0000] {processor.py:176} INFO - Processing /home/airflow/.local/lib/python3.7/site-packages/airflow/example_dags/example_trigger_controller_dag.py took 0.272 seconds
[2022-11-22T00:50:47.973+0000] {processor.py:154} INFO - Started process (PID=386) to work on /home/airflow/.local/lib/python3.7/site-packages/airflow/example_dags/example_trigger_controller_dag.py
[2022-11-22T00:50:47.974+0000] {processor.py:756} INFO - Processing file /home/airflow/.local/lib/python3.7/site-packages/airflow/example_dags/example_trigger_controller_dag.py for tasks to queue
[2022-11-22T00:50:47.975+0000] {logging_mixin.py:137} INFO - [2022-11-22T00:50:47.974+0000] {dagbag.py:537} INFO - Filling up the DagBag from /home/airflow/.local/lib/python3.7/site-packages/airflow/example_dags/example_trigger_controller_dag.py
[2022-11-22T00:50:47.987+0000] {processor.py:766} INFO - DAG(s) dict_keys(['example_trigger_controller_dag']) retrieved from /home/airflow/.local/lib/python3.7/site-packages/airflow/example_dags/example_trigger_controller_dag.py
[2022-11-22T00:50:48.033+0000] {logging_mixin.py:137} INFO - [2022-11-22T00:50:48.033+0000] {dag.py:2585} INFO - Sync 1 DAGs
[2022-11-22T00:50:48.067+0000] {logging_mixin.py:137} INFO - [2022-11-22T00:50:48.067+0000] {dag.py:3340} INFO - Setting next_dagrun for example_trigger_controller_dag to 2021-01-01T00:00:00+00:00, run_after=2021-01-01T00:00:00+00:00
[2022-11-22T00:50:48.093+0000] {processor.py:176} INFO - Processing /home/airflow/.local/lib/python3.7/site-packages/airflow/example_dags/example_trigger_controller_dag.py took 0.122 seconds
[2022-11-22T00:51:18.260+0000] {processor.py:154} INFO - Started process (PID=594) to work on /home/airflow/.local/lib/python3.7/site-packages/airflow/example_dags/example_trigger_controller_dag.py
[2022-11-22T00:51:18.263+0000] {processor.py:756} INFO - Processing file /home/airflow/.local/lib/python3.7/site-packages/airflow/example_dags/example_trigger_controller_dag.py for tasks to queue
[2022-11-22T00:51:18.263+0000] {logging_mixin.py:137} INFO - [2022-11-22T00:51:18.263+0000] {dagbag.py:537} INFO - Filling up the DagBag from /home/airflow/.local/lib/python3.7/site-packages/airflow/example_dags/example_trigger_controller_dag.py
[2022-11-22T00:51:18.275+0000] {processor.py:766} INFO - DAG(s) dict_keys(['example_trigger_controller_dag']) retrieved from /home/airflow/.local/lib/python3.7/site-packages/airflow/example_dags/example_trigger_controller_dag.py
[2022-11-22T00:51:18.315+0000] {logging_mixin.py:137} INFO - [2022-11-22T00:51:18.315+0000] {dag.py:2585} INFO - Sync 1 DAGs
[2022-11-22T00:51:18.345+0000] {logging_mixin.py:137} INFO - [2022-11-22T00:51:18.345+0000] {dag.py:3340} INFO - Setting next_dagrun for example_trigger_controller_dag to 2021-01-01T00:00:00+00:00, run_after=2021-01-01T00:00:00+00:00
[2022-11-22T00:51:18.367+0000] {processor.py:176} INFO - Processing /home/airflow/.local/lib/python3.7/site-packages/airflow/example_dags/example_trigger_controller_dag.py took 0.109 seconds
[2022-11-22T00:51:48.594+0000] {processor.py:154} INFO - Started process (PID=794) to work on /home/airflow/.local/lib/python3.7/site-packages/airflow/example_dags/example_trigger_controller_dag.py
[2022-11-22T00:51:48.595+0000] {processor.py:756} INFO - Processing file /home/airflow/.local/lib/python3.7/site-packages/airflow/example_dags/example_trigger_controller_dag.py for tasks to queue
[2022-11-22T00:51:48.596+0000] {logging_mixin.py:137} INFO - [2022-11-22T00:51:48.596+0000] {dagbag.py:537} INFO - Filling up the DagBag from /home/airflow/.local/lib/python3.7/site-packages/airflow/example_dags/example_trigger_controller_dag.py
[2022-11-22T00:51:48.606+0000] {processor.py:766} INFO - DAG(s) dict_keys(['example_trigger_controller_dag']) retrieved from /home/airflow/.local/lib/python3.7/site-packages/airflow/example_dags/example_trigger_controller_dag.py
[2022-11-22T00:51:48.645+0000] {logging_mixin.py:137} INFO - [2022-11-22T00:51:48.645+0000] {dag.py:2585} INFO - Sync 1 DAGs
[2022-11-22T00:51:48.680+0000] {logging_mixin.py:137} INFO - [2022-11-22T00:51:48.680+0000] {dag.py:3340} INFO - Setting next_dagrun for example_trigger_controller_dag to 2021-01-01T00:00:00+00:00, run_after=2021-01-01T00:00:00+00:00
[2022-11-22T00:51:48.703+0000] {processor.py:176} INFO - Processing /home/airflow/.local/lib/python3.7/site-packages/airflow/example_dags/example_trigger_controller_dag.py took 0.111 seconds
[2022-11-22T00:52:19.172+0000] {processor.py:154} INFO - Started process (PID=1004) to work on /home/airflow/.local/lib/python3.7/site-packages/airflow/example_dags/example_trigger_controller_dag.py
[2022-11-22T00:52:19.173+0000] {processor.py:756} INFO - Processing file /home/airflow/.local/lib/python3.7/site-packages/airflow/example_dags/example_trigger_controller_dag.py for tasks to queue
[2022-11-22T00:52:19.173+0000] {logging_mixin.py:137} INFO - [2022-11-22T00:52:19.173+0000] {dagbag.py:537} INFO - Filling up the DagBag from /home/airflow/.local/lib/python3.7/site-packages/airflow/example_dags/example_trigger_controller_dag.py
[2022-11-22T00:52:19.201+0000] {processor.py:766} INFO - DAG(s) dict_keys(['example_trigger_controller_dag']) retrieved from /home/airflow/.local/lib/python3.7/site-packages/airflow/example_dags/example_trigger_controller_dag.py
[2022-11-22T00:52:19.289+0000] {logging_mixin.py:137} INFO - [2022-11-22T00:52:19.288+0000] {dag.py:2585} INFO - Sync 1 DAGs
[2022-11-22T00:52:19.329+0000] {logging_mixin.py:137} INFO - [2022-11-22T00:52:19.329+0000] {dag.py:3340} INFO - Setting next_dagrun for example_trigger_controller_dag to 2021-01-01T00:00:00+00:00, run_after=2021-01-01T00:00:00+00:00
[2022-11-22T00:52:19.361+0000] {processor.py:176} INFO - Processing /home/airflow/.local/lib/python3.7/site-packages/airflow/example_dags/example_trigger_controller_dag.py took 0.193 seconds
[2022-11-22T00:52:49.584+0000] {processor.py:154} INFO - Started process (PID=1211) to work on /home/airflow/.local/lib/python3.7/site-packages/airflow/example_dags/example_trigger_controller_dag.py
[2022-11-22T00:52:49.586+0000] {processor.py:756} INFO - Processing file /home/airflow/.local/lib/python3.7/site-packages/airflow/example_dags/example_trigger_controller_dag.py for tasks to queue
[2022-11-22T00:52:49.587+0000] {logging_mixin.py:137} INFO - [2022-11-22T00:52:49.587+0000] {dagbag.py:537} INFO - Filling up the DagBag from /home/airflow/.local/lib/python3.7/site-packages/airflow/example_dags/example_trigger_controller_dag.py
[2022-11-22T00:52:49.600+0000] {processor.py:766} INFO - DAG(s) dict_keys(['example_trigger_controller_dag']) retrieved from /home/airflow/.local/lib/python3.7/site-packages/airflow/example_dags/example_trigger_controller_dag.py
[2022-11-22T00:52:49.652+0000] {logging_mixin.py:137} INFO - [2022-11-22T00:52:49.652+0000] {dag.py:2585} INFO - Sync 1 DAGs
[2022-11-22T00:52:49.688+0000] {logging_mixin.py:137} INFO - [2022-11-22T00:52:49.688+0000] {dag.py:3340} INFO - Setting next_dagrun for example_trigger_controller_dag to 2021-01-01T00:00:00+00:00, run_after=2021-01-01T00:00:00+00:00
[2022-11-22T00:52:49.712+0000] {processor.py:176} INFO - Processing /home/airflow/.local/lib/python3.7/site-packages/airflow/example_dags/example_trigger_controller_dag.py took 0.130 seconds
[2022-11-22T00:53:19.896+0000] {processor.py:154} INFO - Started process (PID=1410) to work on /home/airflow/.local/lib/python3.7/site-packages/airflow/example_dags/example_trigger_controller_dag.py
[2022-11-22T00:53:19.899+0000] {processor.py:756} INFO - Processing file /home/airflow/.local/lib/python3.7/site-packages/airflow/example_dags/example_trigger_controller_dag.py for tasks to queue
[2022-11-22T00:53:19.900+0000] {logging_mixin.py:137} INFO - [2022-11-22T00:53:19.900+0000] {dagbag.py:537} INFO - Filling up the DagBag from /home/airflow/.local/lib/python3.7/site-packages/airflow/example_dags/example_trigger_controller_dag.py
[2022-11-22T00:53:19.912+0000] {processor.py:766} INFO - DAG(s) dict_keys(['example_trigger_controller_dag']) retrieved from /home/airflow/.local/lib/python3.7/site-packages/airflow/example_dags/example_trigger_controller_dag.py
[2022-11-22T00:53:19.956+0000] {logging_mixin.py:137} INFO - [2022-11-22T00:53:19.956+0000] {dag.py:2585} INFO - Sync 1 DAGs
[2022-11-22T00:53:19.988+0000] {logging_mixin.py:137} INFO - [2022-11-22T00:53:19.988+0000] {dag.py:3340} INFO - Setting next_dagrun for example_trigger_controller_dag to 2021-01-01T00:00:00+00:00, run_after=2021-01-01T00:00:00+00:00
[2022-11-22T00:53:20.011+0000] {processor.py:176} INFO - Processing /home/airflow/.local/lib/python3.7/site-packages/airflow/example_dags/example_trigger_controller_dag.py took 0.117 seconds
[2022-11-22T00:53:50.198+0000] {processor.py:154} INFO - Started process (PID=1617) to work on /home/airflow/.local/lib/python3.7/site-packages/airflow/example_dags/example_trigger_controller_dag.py
[2022-11-22T00:53:50.199+0000] {processor.py:756} INFO - Processing file /home/airflow/.local/lib/python3.7/site-packages/airflow/example_dags/example_trigger_controller_dag.py for tasks to queue
[2022-11-22T00:53:50.200+0000] {logging_mixin.py:137} INFO - [2022-11-22T00:53:50.200+0000] {dagbag.py:537} INFO - Filling up the DagBag from /home/airflow/.local/lib/python3.7/site-packages/airflow/example_dags/example_trigger_controller_dag.py
[2022-11-22T00:53:50.212+0000] {processor.py:766} INFO - DAG(s) dict_keys(['example_trigger_controller_dag']) retrieved from /home/airflow/.local/lib/python3.7/site-packages/airflow/example_dags/example_trigger_controller_dag.py
[2022-11-22T00:53:50.258+0000] {logging_mixin.py:137} INFO - [2022-11-22T00:53:50.257+0000] {dag.py:2585} INFO - Sync 1 DAGs
[2022-11-22T00:53:50.290+0000] {logging_mixin.py:137} INFO - [2022-11-22T00:53:50.290+0000] {dag.py:3340} INFO - Setting next_dagrun for example_trigger_controller_dag to 2021-01-01T00:00:00+00:00, run_after=2021-01-01T00:00:00+00:00
[2022-11-22T00:53:50.316+0000] {processor.py:176} INFO - Processing /home/airflow/.local/lib/python3.7/site-packages/airflow/example_dags/example_trigger_controller_dag.py took 0.121 seconds
[2022-11-22T00:54:20.481+0000] {processor.py:154} INFO - Started process (PID=1815) to work on /home/airflow/.local/lib/python3.7/site-packages/airflow/example_dags/example_trigger_controller_dag.py
[2022-11-22T00:54:20.481+0000] {processor.py:756} INFO - Processing file /home/airflow/.local/lib/python3.7/site-packages/airflow/example_dags/example_trigger_controller_dag.py for tasks to queue
[2022-11-22T00:54:20.482+0000] {logging_mixin.py:137} INFO - [2022-11-22T00:54:20.482+0000] {dagbag.py:537} INFO - Filling up the DagBag from /home/airflow/.local/lib/python3.7/site-packages/airflow/example_dags/example_trigger_controller_dag.py
[2022-11-22T00:54:20.497+0000] {processor.py:766} INFO - DAG(s) dict_keys(['example_trigger_controller_dag']) retrieved from /home/airflow/.local/lib/python3.7/site-packages/airflow/example_dags/example_trigger_controller_dag.py
[2022-11-22T00:54:20.547+0000] {logging_mixin.py:137} INFO - [2022-11-22T00:54:20.547+0000] {dag.py:2585} INFO - Sync 1 DAGs
[2022-11-22T00:54:20.581+0000] {logging_mixin.py:137} INFO - [2022-11-22T00:54:20.581+0000] {dag.py:3340} INFO - Setting next_dagrun for example_trigger_controller_dag to 2021-01-01T00:00:00+00:00, run_after=2021-01-01T00:00:00+00:00
[2022-11-22T00:54:20.607+0000] {processor.py:176} INFO - Processing /home/airflow/.local/lib/python3.7/site-packages/airflow/example_dags/example_trigger_controller_dag.py took 0.129 seconds
[2022-11-22T00:54:50.775+0000] {processor.py:154} INFO - Started process (PID=2020) to work on /home/airflow/.local/lib/python3.7/site-packages/airflow/example_dags/example_trigger_controller_dag.py
[2022-11-22T00:54:50.776+0000] {processor.py:756} INFO - Processing file /home/airflow/.local/lib/python3.7/site-packages/airflow/example_dags/example_trigger_controller_dag.py for tasks to queue
[2022-11-22T00:54:50.776+0000] {logging_mixin.py:137} INFO - [2022-11-22T00:54:50.776+0000] {dagbag.py:537} INFO - Filling up the DagBag from /home/airflow/.local/lib/python3.7/site-packages/airflow/example_dags/example_trigger_controller_dag.py
[2022-11-22T00:54:50.789+0000] {processor.py:766} INFO - DAG(s) dict_keys(['example_trigger_controller_dag']) retrieved from /home/airflow/.local/lib/python3.7/site-packages/airflow/example_dags/example_trigger_controller_dag.py
[2022-11-22T00:54:50.834+0000] {logging_mixin.py:137} INFO - [2022-11-22T00:54:50.833+0000] {dag.py:2585} INFO - Sync 1 DAGs
[2022-11-22T00:54:50.867+0000] {logging_mixin.py:137} INFO - [2022-11-22T00:54:50.867+0000] {dag.py:3340} INFO - Setting next_dagrun for example_trigger_controller_dag to 2021-01-01T00:00:00+00:00, run_after=2021-01-01T00:00:00+00:00
[2022-11-22T00:54:50.891+0000] {processor.py:176} INFO - Processing /home/airflow/.local/lib/python3.7/site-packages/airflow/example_dags/example_trigger_controller_dag.py took 0.119 seconds
[2022-11-22T00:55:21.014+0000] {processor.py:154} INFO - Started process (PID=2226) to work on /home/airflow/.local/lib/python3.7/site-packages/airflow/example_dags/example_trigger_controller_dag.py
[2022-11-22T00:55:21.015+0000] {processor.py:756} INFO - Processing file /home/airflow/.local/lib/python3.7/site-packages/airflow/example_dags/example_trigger_controller_dag.py for tasks to queue
[2022-11-22T00:55:21.016+0000] {logging_mixin.py:137} INFO - [2022-11-22T00:55:21.015+0000] {dagbag.py:537} INFO - Filling up the DagBag from /home/airflow/.local/lib/python3.7/site-packages/airflow/example_dags/example_trigger_controller_dag.py
[2022-11-22T00:55:21.027+0000] {processor.py:766} INFO - DAG(s) dict_keys(['example_trigger_controller_dag']) retrieved from /home/airflow/.local/lib/python3.7/site-packages/airflow/example_dags/example_trigger_controller_dag.py
[2022-11-22T00:55:21.067+0000] {logging_mixin.py:137} INFO - [2022-11-22T00:55:21.067+0000] {dag.py:2585} INFO - Sync 1 DAGs
[2022-11-22T00:55:21.097+0000] {logging_mixin.py:137} INFO - [2022-11-22T00:55:21.097+0000] {dag.py:3340} INFO - Setting next_dagrun for example_trigger_controller_dag to 2021-01-01T00:00:00+00:00, run_after=2021-01-01T00:00:00+00:00
[2022-11-22T00:55:21.119+0000] {processor.py:176} INFO - Processing /home/airflow/.local/lib/python3.7/site-packages/airflow/example_dags/example_trigger_controller_dag.py took 0.107 seconds
[2022-11-22T00:55:51.287+0000] {processor.py:154} INFO - Started process (PID=2423) to work on /home/airflow/.local/lib/python3.7/site-packages/airflow/example_dags/example_trigger_controller_dag.py
[2022-11-22T00:55:51.287+0000] {processor.py:756} INFO - Processing file /home/airflow/.local/lib/python3.7/site-packages/airflow/example_dags/example_trigger_controller_dag.py for tasks to queue
[2022-11-22T00:55:51.288+0000] {logging_mixin.py:137} INFO - [2022-11-22T00:55:51.288+0000] {dagbag.py:537} INFO - Filling up the DagBag from /home/airflow/.local/lib/python3.7/site-packages/airflow/example_dags/example_trigger_controller_dag.py
[2022-11-22T00:55:51.299+0000] {processor.py:766} INFO - DAG(s) dict_keys(['example_trigger_controller_dag']) retrieved from /home/airflow/.local/lib/python3.7/site-packages/airflow/example_dags/example_trigger_controller_dag.py
[2022-11-22T00:55:51.337+0000] {logging_mixin.py:137} INFO - [2022-11-22T00:55:51.337+0000] {dag.py:2585} INFO - Sync 1 DAGs
[2022-11-22T00:55:51.371+0000] {logging_mixin.py:137} INFO - [2022-11-22T00:55:51.370+0000] {dag.py:3340} INFO - Setting next_dagrun for example_trigger_controller_dag to 2021-01-01T00:00:00+00:00, run_after=2021-01-01T00:00:00+00:00
[2022-11-22T00:55:51.394+0000] {processor.py:176} INFO - Processing /home/airflow/.local/lib/python3.7/site-packages/airflow/example_dags/example_trigger_controller_dag.py took 0.110 seconds
[2022-11-22T00:56:21.561+0000] {processor.py:154} INFO - Started process (PID=2630) to work on /home/airflow/.local/lib/python3.7/site-packages/airflow/example_dags/example_trigger_controller_dag.py
[2022-11-22T00:56:21.562+0000] {processor.py:756} INFO - Processing file /home/airflow/.local/lib/python3.7/site-packages/airflow/example_dags/example_trigger_controller_dag.py for tasks to queue
[2022-11-22T00:56:21.563+0000] {logging_mixin.py:137} INFO - [2022-11-22T00:56:21.562+0000] {dagbag.py:537} INFO - Filling up the DagBag from /home/airflow/.local/lib/python3.7/site-packages/airflow/example_dags/example_trigger_controller_dag.py
[2022-11-22T00:56:21.576+0000] {processor.py:766} INFO - DAG(s) dict_keys(['example_trigger_controller_dag']) retrieved from /home/airflow/.local/lib/python3.7/site-packages/airflow/example_dags/example_trigger_controller_dag.py
[2022-11-22T00:56:21.620+0000] {logging_mixin.py:137} INFO - [2022-11-22T00:56:21.620+0000] {dag.py:2585} INFO - Sync 1 DAGs
[2022-11-22T00:56:21.651+0000] {logging_mixin.py:137} INFO - [2022-11-22T00:56:21.651+0000] {dag.py:3340} INFO - Setting next_dagrun for example_trigger_controller_dag to 2021-01-01T00:00:00+00:00, run_after=2021-01-01T00:00:00+00:00
[2022-11-22T00:56:21.674+0000] {processor.py:176} INFO - Processing /home/airflow/.local/lib/python3.7/site-packages/airflow/example_dags/example_trigger_controller_dag.py took 0.116 seconds
[2022-11-22T00:56:51.927+0000] {processor.py:154} INFO - Started process (PID=2837) to work on /home/airflow/.local/lib/python3.7/site-packages/airflow/example_dags/example_trigger_controller_dag.py
[2022-11-22T00:56:51.930+0000] {processor.py:756} INFO - Processing file /home/airflow/.local/lib/python3.7/site-packages/airflow/example_dags/example_trigger_controller_dag.py for tasks to queue
[2022-11-22T00:56:51.931+0000] {logging_mixin.py:137} INFO - [2022-11-22T00:56:51.931+0000] {dagbag.py:537} INFO - Filling up the DagBag from /home/airflow/.local/lib/python3.7/site-packages/airflow/example_dags/example_trigger_controller_dag.py
[2022-11-22T00:56:51.944+0000] {processor.py:766} INFO - DAG(s) dict_keys(['example_trigger_controller_dag']) retrieved from /home/airflow/.local/lib/python3.7/site-packages/airflow/example_dags/example_trigger_controller_dag.py
[2022-11-22T00:56:52.004+0000] {logging_mixin.py:137} INFO - [2022-11-22T00:56:52.003+0000] {dag.py:2585} INFO - Sync 1 DAGs
[2022-11-22T00:56:52.043+0000] {logging_mixin.py:137} INFO - [2022-11-22T00:56:52.042+0000] {dag.py:3340} INFO - Setting next_dagrun for example_trigger_controller_dag to 2021-01-01T00:00:00+00:00, run_after=2021-01-01T00:00:00+00:00
[2022-11-22T00:56:52.074+0000] {processor.py:176} INFO - Processing /home/airflow/.local/lib/python3.7/site-packages/airflow/example_dags/example_trigger_controller_dag.py took 0.150 seconds
[2022-11-22T00:57:22.923+0000] {processor.py:154} INFO - Started process (PID=3035) to work on /home/airflow/.local/lib/python3.7/site-packages/airflow/example_dags/example_trigger_controller_dag.py
[2022-11-22T00:57:22.924+0000] {processor.py:756} INFO - Processing file /home/airflow/.local/lib/python3.7/site-packages/airflow/example_dags/example_trigger_controller_dag.py for tasks to queue
[2022-11-22T00:57:22.924+0000] {logging_mixin.py:137} INFO - [2022-11-22T00:57:22.924+0000] {dagbag.py:537} INFO - Filling up the DagBag from /home/airflow/.local/lib/python3.7/site-packages/airflow/example_dags/example_trigger_controller_dag.py
[2022-11-22T00:57:22.937+0000] {processor.py:766} INFO - DAG(s) dict_keys(['example_trigger_controller_dag']) retrieved from /home/airflow/.local/lib/python3.7/site-packages/airflow/example_dags/example_trigger_controller_dag.py
[2022-11-22T00:57:22.979+0000] {logging_mixin.py:137} INFO - [2022-11-22T00:57:22.978+0000] {dag.py:2585} INFO - Sync 1 DAGs
[2022-11-22T00:57:23.013+0000] {logging_mixin.py:137} INFO - [2022-11-22T00:57:23.012+0000] {dag.py:3340} INFO - Setting next_dagrun for example_trigger_controller_dag to 2021-01-01T00:00:00+00:00, run_after=2021-01-01T00:00:00+00:00
[2022-11-22T00:57:23.038+0000] {processor.py:176} INFO - Processing /home/airflow/.local/lib/python3.7/site-packages/airflow/example_dags/example_trigger_controller_dag.py took 0.118 seconds
[2022-11-22T00:57:53.718+0000] {processor.py:154} INFO - Started process (PID=3243) to work on /home/airflow/.local/lib/python3.7/site-packages/airflow/example_dags/example_trigger_controller_dag.py
[2022-11-22T00:57:53.719+0000] {processor.py:756} INFO - Processing file /home/airflow/.local/lib/python3.7/site-packages/airflow/example_dags/example_trigger_controller_dag.py for tasks to queue
[2022-11-22T00:57:53.720+0000] {logging_mixin.py:137} INFO - [2022-11-22T00:57:53.720+0000] {dagbag.py:537} INFO - Filling up the DagBag from /home/airflow/.local/lib/python3.7/site-packages/airflow/example_dags/example_trigger_controller_dag.py
[2022-11-22T00:57:53.731+0000] {processor.py:766} INFO - DAG(s) dict_keys(['example_trigger_controller_dag']) retrieved from /home/airflow/.local/lib/python3.7/site-packages/airflow/example_dags/example_trigger_controller_dag.py
[2022-11-22T00:57:53.774+0000] {logging_mixin.py:137} INFO - [2022-11-22T00:57:53.773+0000] {dag.py:2585} INFO - Sync 1 DAGs
[2022-11-22T00:57:53.808+0000] {logging_mixin.py:137} INFO - [2022-11-22T00:57:53.808+0000] {dag.py:3340} INFO - Setting next_dagrun for example_trigger_controller_dag to 2021-01-01T00:00:00+00:00, run_after=2021-01-01T00:00:00+00:00
[2022-11-22T00:57:53.830+0000] {processor.py:176} INFO - Processing /home/airflow/.local/lib/python3.7/site-packages/airflow/example_dags/example_trigger_controller_dag.py took 0.115 seconds
[2022-11-22T00:58:24.037+0000] {processor.py:154} INFO - Started process (PID=3449) to work on /home/airflow/.local/lib/python3.7/site-packages/airflow/example_dags/example_trigger_controller_dag.py
[2022-11-22T00:58:24.044+0000] {processor.py:756} INFO - Processing file /home/airflow/.local/lib/python3.7/site-packages/airflow/example_dags/example_trigger_controller_dag.py for tasks to queue
[2022-11-22T00:58:24.045+0000] {logging_mixin.py:137} INFO - [2022-11-22T00:58:24.044+0000] {dagbag.py:537} INFO - Filling up the DagBag from /home/airflow/.local/lib/python3.7/site-packages/airflow/example_dags/example_trigger_controller_dag.py
[2022-11-22T00:58:24.058+0000] {processor.py:766} INFO - DAG(s) dict_keys(['example_trigger_controller_dag']) retrieved from /home/airflow/.local/lib/python3.7/site-packages/airflow/example_dags/example_trigger_controller_dag.py
[2022-11-22T00:58:24.118+0000] {logging_mixin.py:137} INFO - [2022-11-22T00:58:24.118+0000] {dag.py:2585} INFO - Sync 1 DAGs
[2022-11-22T00:58:24.161+0000] {logging_mixin.py:137} INFO - [2022-11-22T00:58:24.161+0000] {dag.py:3340} INFO - Setting next_dagrun for example_trigger_controller_dag to 2021-01-01T00:00:00+00:00, run_after=2021-01-01T00:00:00+00:00
[2022-11-22T00:58:24.190+0000] {processor.py:176} INFO - Processing /home/airflow/.local/lib/python3.7/site-packages/airflow/example_dags/example_trigger_controller_dag.py took 0.156 seconds
[2022-11-22T00:58:54.277+0000] {processor.py:154} INFO - Started process (PID=3646) to work on /home/airflow/.local/lib/python3.7/site-packages/airflow/example_dags/example_trigger_controller_dag.py
[2022-11-22T00:58:54.278+0000] {processor.py:756} INFO - Processing file /home/airflow/.local/lib/python3.7/site-packages/airflow/example_dags/example_trigger_controller_dag.py for tasks to queue
[2022-11-22T00:58:54.278+0000] {logging_mixin.py:137} INFO - [2022-11-22T00:58:54.278+0000] {dagbag.py:537} INFO - Filling up the DagBag from /home/airflow/.local/lib/python3.7/site-packages/airflow/example_dags/example_trigger_controller_dag.py
[2022-11-22T00:58:54.290+0000] {processor.py:766} INFO - DAG(s) dict_keys(['example_trigger_controller_dag']) retrieved from /home/airflow/.local/lib/python3.7/site-packages/airflow/example_dags/example_trigger_controller_dag.py
[2022-11-22T00:58:54.332+0000] {logging_mixin.py:137} INFO - [2022-11-22T00:58:54.332+0000] {dag.py:2585} INFO - Sync 1 DAGs
[2022-11-22T00:58:54.363+0000] {logging_mixin.py:137} INFO - [2022-11-22T00:58:54.362+0000] {dag.py:3340} INFO - Setting next_dagrun for example_trigger_controller_dag to 2021-01-01T00:00:00+00:00, run_after=2021-01-01T00:00:00+00:00
[2022-11-22T00:58:54.390+0000] {processor.py:176} INFO - Processing /home/airflow/.local/lib/python3.7/site-packages/airflow/example_dags/example_trigger_controller_dag.py took 0.116 seconds
[2022-11-22T00:59:24.478+0000] {processor.py:154} INFO - Started process (PID=3854) to work on /home/airflow/.local/lib/python3.7/site-packages/airflow/example_dags/example_trigger_controller_dag.py
[2022-11-22T00:59:24.479+0000] {processor.py:756} INFO - Processing file /home/airflow/.local/lib/python3.7/site-packages/airflow/example_dags/example_trigger_controller_dag.py for tasks to queue
[2022-11-22T00:59:24.479+0000] {logging_mixin.py:137} INFO - [2022-11-22T00:59:24.479+0000] {dagbag.py:537} INFO - Filling up the DagBag from /home/airflow/.local/lib/python3.7/site-packages/airflow/example_dags/example_trigger_controller_dag.py
[2022-11-22T00:59:24.491+0000] {processor.py:766} INFO - DAG(s) dict_keys(['example_trigger_controller_dag']) retrieved from /home/airflow/.local/lib/python3.7/site-packages/airflow/example_dags/example_trigger_controller_dag.py
[2022-11-22T00:59:24.531+0000] {logging_mixin.py:137} INFO - [2022-11-22T00:59:24.531+0000] {dag.py:2585} INFO - Sync 1 DAGs
[2022-11-22T00:59:24.567+0000] {logging_mixin.py:137} INFO - [2022-11-22T00:59:24.567+0000] {dag.py:3340} INFO - Setting next_dagrun for example_trigger_controller_dag to 2021-01-01T00:00:00+00:00, run_after=2021-01-01T00:00:00+00:00
[2022-11-22T00:59:24.594+0000] {processor.py:176} INFO - Processing /home/airflow/.local/lib/python3.7/site-packages/airflow/example_dags/example_trigger_controller_dag.py took 0.119 seconds
[2022-11-22T00:59:54.699+0000] {processor.py:154} INFO - Started process (PID=4048) to work on /home/airflow/.local/lib/python3.7/site-packages/airflow/example_dags/example_trigger_controller_dag.py
[2022-11-22T00:59:54.700+0000] {processor.py:756} INFO - Processing file /home/airflow/.local/lib/python3.7/site-packages/airflow/example_dags/example_trigger_controller_dag.py for tasks to queue
[2022-11-22T00:59:54.701+0000] {logging_mixin.py:137} INFO - [2022-11-22T00:59:54.701+0000] {dagbag.py:537} INFO - Filling up the DagBag from /home/airflow/.local/lib/python3.7/site-packages/airflow/example_dags/example_trigger_controller_dag.py
[2022-11-22T00:59:54.724+0000] {processor.py:766} INFO - DAG(s) dict_keys(['example_trigger_controller_dag']) retrieved from /home/airflow/.local/lib/python3.7/site-packages/airflow/example_dags/example_trigger_controller_dag.py
[2022-11-22T00:59:54.773+0000] {logging_mixin.py:137} INFO - [2022-11-22T00:59:54.773+0000] {dag.py:2585} INFO - Sync 1 DAGs
[2022-11-22T00:59:54.806+0000] {logging_mixin.py:137} INFO - [2022-11-22T00:59:54.806+0000] {dag.py:3340} INFO - Setting next_dagrun for example_trigger_controller_dag to 2021-01-01T00:00:00+00:00, run_after=2021-01-01T00:00:00+00:00
[2022-11-22T00:59:54.827+0000] {processor.py:176} INFO - Processing /home/airflow/.local/lib/python3.7/site-packages/airflow/example_dags/example_trigger_controller_dag.py took 0.135 seconds
[2022-11-22T01:00:24.891+0000] {processor.py:154} INFO - Started process (PID=4252) to work on /home/airflow/.local/lib/python3.7/site-packages/airflow/example_dags/example_trigger_controller_dag.py
[2022-11-22T01:00:24.892+0000] {processor.py:756} INFO - Processing file /home/airflow/.local/lib/python3.7/site-packages/airflow/example_dags/example_trigger_controller_dag.py for tasks to queue
[2022-11-22T01:00:24.893+0000] {logging_mixin.py:137} INFO - [2022-11-22T01:00:24.893+0000] {dagbag.py:537} INFO - Filling up the DagBag from /home/airflow/.local/lib/python3.7/site-packages/airflow/example_dags/example_trigger_controller_dag.py
[2022-11-22T01:00:24.907+0000] {processor.py:766} INFO - DAG(s) dict_keys(['example_trigger_controller_dag']) retrieved from /home/airflow/.local/lib/python3.7/site-packages/airflow/example_dags/example_trigger_controller_dag.py
[2022-11-22T01:00:24.948+0000] {logging_mixin.py:137} INFO - [2022-11-22T01:00:24.948+0000] {dag.py:2585} INFO - Sync 1 DAGs
[2022-11-22T01:00:24.978+0000] {logging_mixin.py:137} INFO - [2022-11-22T01:00:24.978+0000] {dag.py:3340} INFO - Setting next_dagrun for example_trigger_controller_dag to 2021-01-01T00:00:00+00:00, run_after=2021-01-01T00:00:00+00:00
[2022-11-22T01:00:25.000+0000] {processor.py:176} INFO - Processing /home/airflow/.local/lib/python3.7/site-packages/airflow/example_dags/example_trigger_controller_dag.py took 0.112 seconds
[2022-11-22T01:00:55.041+0000] {processor.py:154} INFO - Started process (PID=4457) to work on /home/airflow/.local/lib/python3.7/site-packages/airflow/example_dags/example_trigger_controller_dag.py
[2022-11-22T01:00:55.042+0000] {processor.py:756} INFO - Processing file /home/airflow/.local/lib/python3.7/site-packages/airflow/example_dags/example_trigger_controller_dag.py for tasks to queue
[2022-11-22T01:00:55.042+0000] {logging_mixin.py:137} INFO - [2022-11-22T01:00:55.042+0000] {dagbag.py:537} INFO - Filling up the DagBag from /home/airflow/.local/lib/python3.7/site-packages/airflow/example_dags/example_trigger_controller_dag.py
[2022-11-22T01:00:55.057+0000] {processor.py:766} INFO - DAG(s) dict_keys(['example_trigger_controller_dag']) retrieved from /home/airflow/.local/lib/python3.7/site-packages/airflow/example_dags/example_trigger_controller_dag.py
[2022-11-22T01:00:55.110+0000] {logging_mixin.py:137} INFO - [2022-11-22T01:00:55.110+0000] {dag.py:2585} INFO - Sync 1 DAGs
[2022-11-22T01:00:55.148+0000] {logging_mixin.py:137} INFO - [2022-11-22T01:00:55.148+0000] {dag.py:3340} INFO - Setting next_dagrun for example_trigger_controller_dag to 2021-01-01T00:00:00+00:00, run_after=2021-01-01T00:00:00+00:00
[2022-11-22T01:00:55.175+0000] {processor.py:176} INFO - Processing /home/airflow/.local/lib/python3.7/site-packages/airflow/example_dags/example_trigger_controller_dag.py took 0.136 seconds
[2022-11-22T01:01:25.567+0000] {processor.py:154} INFO - Started process (PID=4657) to work on /home/airflow/.local/lib/python3.7/site-packages/airflow/example_dags/example_trigger_controller_dag.py
[2022-11-22T01:01:25.568+0000] {processor.py:756} INFO - Processing file /home/airflow/.local/lib/python3.7/site-packages/airflow/example_dags/example_trigger_controller_dag.py for tasks to queue
[2022-11-22T01:01:25.569+0000] {logging_mixin.py:137} INFO - [2022-11-22T01:01:25.569+0000] {dagbag.py:537} INFO - Filling up the DagBag from /home/airflow/.local/lib/python3.7/site-packages/airflow/example_dags/example_trigger_controller_dag.py
[2022-11-22T01:01:25.580+0000] {processor.py:766} INFO - DAG(s) dict_keys(['example_trigger_controller_dag']) retrieved from /home/airflow/.local/lib/python3.7/site-packages/airflow/example_dags/example_trigger_controller_dag.py
[2022-11-22T01:01:25.625+0000] {logging_mixin.py:137} INFO - [2022-11-22T01:01:25.625+0000] {dag.py:2585} INFO - Sync 1 DAGs
[2022-11-22T01:01:25.659+0000] {logging_mixin.py:137} INFO - [2022-11-22T01:01:25.659+0000] {dag.py:3340} INFO - Setting next_dagrun for example_trigger_controller_dag to 2021-01-01T00:00:00+00:00, run_after=2021-01-01T00:00:00+00:00
[2022-11-22T01:01:25.683+0000] {processor.py:176} INFO - Processing /home/airflow/.local/lib/python3.7/site-packages/airflow/example_dags/example_trigger_controller_dag.py took 0.118 seconds
