[2022-11-22T00:50:19.764+0000] {processor.py:154} INFO - Started process (PID=288) to work on /home/airflow/.local/lib/python3.7/site-packages/airflow/example_dags/example_branch_labels.py
[2022-11-22T00:50:19.764+0000] {processor.py:756} INFO - Processing file /home/airflow/.local/lib/python3.7/site-packages/airflow/example_dags/example_branch_labels.py for tasks to queue
[2022-11-22T00:50:19.765+0000] {logging_mixin.py:137} INFO - [2022-11-22T00:50:19.765+0000] {dagbag.py:537} INFO - Filling up the DagBag from /home/airflow/.local/lib/python3.7/site-packages/airflow/example_dags/example_branch_labels.py
[2022-11-22T00:50:19.784+0000] {processor.py:766} INFO - DAG(s) dict_keys(['example_branch_labels']) retrieved from /home/airflow/.local/lib/python3.7/site-packages/airflow/example_dags/example_branch_labels.py
[2022-11-22T00:50:19.815+0000] {logging_mixin.py:137} INFO - [2022-11-22T00:50:19.815+0000] {dag.py:2585} INFO - Sync 1 DAGs
[2022-11-22T00:50:19.852+0000] {logging_mixin.py:137} INFO - [2022-11-22T00:50:19.852+0000] {dag.py:3340} INFO - Setting next_dagrun for example_branch_labels to 2022-11-21T00:00:00+00:00, run_after=2022-11-22T00:00:00+00:00
[2022-11-22T00:50:19.877+0000] {processor.py:176} INFO - Processing /home/airflow/.local/lib/python3.7/site-packages/airflow/example_dags/example_branch_labels.py took 0.116 seconds
[2022-11-22T00:50:50.842+0000] {processor.py:154} INFO - Started process (PID=486) to work on /home/airflow/.local/lib/python3.7/site-packages/airflow/example_dags/example_branch_labels.py
[2022-11-22T00:50:50.843+0000] {processor.py:756} INFO - Processing file /home/airflow/.local/lib/python3.7/site-packages/airflow/example_dags/example_branch_labels.py for tasks to queue
[2022-11-22T00:50:50.844+0000] {logging_mixin.py:137} INFO - [2022-11-22T00:50:50.844+0000] {dagbag.py:537} INFO - Filling up the DagBag from /home/airflow/.local/lib/python3.7/site-packages/airflow/example_dags/example_branch_labels.py
[2022-11-22T00:50:50.861+0000] {processor.py:766} INFO - DAG(s) dict_keys(['example_branch_labels']) retrieved from /home/airflow/.local/lib/python3.7/site-packages/airflow/example_dags/example_branch_labels.py
[2022-11-22T00:50:50.904+0000] {logging_mixin.py:137} INFO - [2022-11-22T00:50:50.904+0000] {dag.py:2585} INFO - Sync 1 DAGs
[2022-11-22T00:50:50.938+0000] {logging_mixin.py:137} INFO - [2022-11-22T00:50:50.937+0000] {dag.py:3340} INFO - Setting next_dagrun for example_branch_labels to 2022-11-21T00:00:00+00:00, run_after=2022-11-22T00:00:00+00:00
[2022-11-22T00:50:50.963+0000] {processor.py:176} INFO - Processing /home/airflow/.local/lib/python3.7/site-packages/airflow/example_dags/example_branch_labels.py took 0.125 seconds
[2022-11-22T00:51:21.106+0000] {processor.py:154} INFO - Started process (PID=696) to work on /home/airflow/.local/lib/python3.7/site-packages/airflow/example_dags/example_branch_labels.py
[2022-11-22T00:51:21.107+0000] {processor.py:756} INFO - Processing file /home/airflow/.local/lib/python3.7/site-packages/airflow/example_dags/example_branch_labels.py for tasks to queue
[2022-11-22T00:51:21.107+0000] {logging_mixin.py:137} INFO - [2022-11-22T00:51:21.107+0000] {dagbag.py:537} INFO - Filling up the DagBag from /home/airflow/.local/lib/python3.7/site-packages/airflow/example_dags/example_branch_labels.py
[2022-11-22T00:51:21.126+0000] {processor.py:766} INFO - DAG(s) dict_keys(['example_branch_labels']) retrieved from /home/airflow/.local/lib/python3.7/site-packages/airflow/example_dags/example_branch_labels.py
[2022-11-22T00:51:21.169+0000] {logging_mixin.py:137} INFO - [2022-11-22T00:51:21.169+0000] {dag.py:2585} INFO - Sync 1 DAGs
[2022-11-22T00:51:21.205+0000] {logging_mixin.py:137} INFO - [2022-11-22T00:51:21.205+0000] {dag.py:3340} INFO - Setting next_dagrun for example_branch_labels to 2022-11-21T00:00:00+00:00, run_after=2022-11-22T00:00:00+00:00
[2022-11-22T00:51:21.230+0000] {processor.py:176} INFO - Processing /home/airflow/.local/lib/python3.7/site-packages/airflow/example_dags/example_branch_labels.py took 0.127 seconds
[2022-11-22T00:51:51.631+0000] {processor.py:154} INFO - Started process (PID=906) to work on /home/airflow/.local/lib/python3.7/site-packages/airflow/example_dags/example_branch_labels.py
[2022-11-22T00:51:51.632+0000] {processor.py:756} INFO - Processing file /home/airflow/.local/lib/python3.7/site-packages/airflow/example_dags/example_branch_labels.py for tasks to queue
[2022-11-22T00:51:51.633+0000] {logging_mixin.py:137} INFO - [2022-11-22T00:51:51.633+0000] {dagbag.py:537} INFO - Filling up the DagBag from /home/airflow/.local/lib/python3.7/site-packages/airflow/example_dags/example_branch_labels.py
[2022-11-22T00:51:51.651+0000] {processor.py:766} INFO - DAG(s) dict_keys(['example_branch_labels']) retrieved from /home/airflow/.local/lib/python3.7/site-packages/airflow/example_dags/example_branch_labels.py
[2022-11-22T00:51:51.694+0000] {logging_mixin.py:137} INFO - [2022-11-22T00:51:51.694+0000] {dag.py:2585} INFO - Sync 1 DAGs
[2022-11-22T00:51:51.730+0000] {logging_mixin.py:137} INFO - [2022-11-22T00:51:51.730+0000] {dag.py:3340} INFO - Setting next_dagrun for example_branch_labels to 2022-11-21T00:00:00+00:00, run_after=2022-11-22T00:00:00+00:00
[2022-11-22T00:51:51.754+0000] {processor.py:176} INFO - Processing /home/airflow/.local/lib/python3.7/site-packages/airflow/example_dags/example_branch_labels.py took 0.126 seconds
[2022-11-22T00:52:22.107+0000] {processor.py:154} INFO - Started process (PID=1104) to work on /home/airflow/.local/lib/python3.7/site-packages/airflow/example_dags/example_branch_labels.py
[2022-11-22T00:52:22.108+0000] {processor.py:756} INFO - Processing file /home/airflow/.local/lib/python3.7/site-packages/airflow/example_dags/example_branch_labels.py for tasks to queue
[2022-11-22T00:52:22.109+0000] {logging_mixin.py:137} INFO - [2022-11-22T00:52:22.109+0000] {dagbag.py:537} INFO - Filling up the DagBag from /home/airflow/.local/lib/python3.7/site-packages/airflow/example_dags/example_branch_labels.py
[2022-11-22T00:52:22.123+0000] {processor.py:766} INFO - DAG(s) dict_keys(['example_branch_labels']) retrieved from /home/airflow/.local/lib/python3.7/site-packages/airflow/example_dags/example_branch_labels.py
[2022-11-22T00:52:22.163+0000] {logging_mixin.py:137} INFO - [2022-11-22T00:52:22.163+0000] {dag.py:2585} INFO - Sync 1 DAGs
[2022-11-22T00:52:22.197+0000] {logging_mixin.py:137} INFO - [2022-11-22T00:52:22.197+0000] {dag.py:3340} INFO - Setting next_dagrun for example_branch_labels to 2022-11-21T00:00:00+00:00, run_after=2022-11-22T00:00:00+00:00
[2022-11-22T00:52:22.215+0000] {processor.py:176} INFO - Processing /home/airflow/.local/lib/python3.7/site-packages/airflow/example_dags/example_branch_labels.py took 0.111 seconds
[2022-11-22T00:52:52.344+0000] {processor.py:154} INFO - Started process (PID=1311) to work on /home/airflow/.local/lib/python3.7/site-packages/airflow/example_dags/example_branch_labels.py
[2022-11-22T00:52:52.346+0000] {processor.py:756} INFO - Processing file /home/airflow/.local/lib/python3.7/site-packages/airflow/example_dags/example_branch_labels.py for tasks to queue
[2022-11-22T00:52:52.347+0000] {logging_mixin.py:137} INFO - [2022-11-22T00:52:52.346+0000] {dagbag.py:537} INFO - Filling up the DagBag from /home/airflow/.local/lib/python3.7/site-packages/airflow/example_dags/example_branch_labels.py
[2022-11-22T00:52:52.362+0000] {processor.py:766} INFO - DAG(s) dict_keys(['example_branch_labels']) retrieved from /home/airflow/.local/lib/python3.7/site-packages/airflow/example_dags/example_branch_labels.py
[2022-11-22T00:52:52.408+0000] {logging_mixin.py:137} INFO - [2022-11-22T00:52:52.408+0000] {dag.py:2585} INFO - Sync 1 DAGs
[2022-11-22T00:52:52.442+0000] {logging_mixin.py:137} INFO - [2022-11-22T00:52:52.442+0000] {dag.py:3340} INFO - Setting next_dagrun for example_branch_labels to 2022-11-21T00:00:00+00:00, run_after=2022-11-22T00:00:00+00:00
[2022-11-22T00:52:52.469+0000] {processor.py:176} INFO - Processing /home/airflow/.local/lib/python3.7/site-packages/airflow/example_dags/example_branch_labels.py took 0.127 seconds
[2022-11-22T00:53:22.939+0000] {processor.py:154} INFO - Started process (PID=1512) to work on /home/airflow/.local/lib/python3.7/site-packages/airflow/example_dags/example_branch_labels.py
[2022-11-22T00:53:22.940+0000] {processor.py:756} INFO - Processing file /home/airflow/.local/lib/python3.7/site-packages/airflow/example_dags/example_branch_labels.py for tasks to queue
[2022-11-22T00:53:22.940+0000] {logging_mixin.py:137} INFO - [2022-11-22T00:53:22.940+0000] {dagbag.py:537} INFO - Filling up the DagBag from /home/airflow/.local/lib/python3.7/site-packages/airflow/example_dags/example_branch_labels.py
[2022-11-22T00:53:22.956+0000] {processor.py:766} INFO - DAG(s) dict_keys(['example_branch_labels']) retrieved from /home/airflow/.local/lib/python3.7/site-packages/airflow/example_dags/example_branch_labels.py
[2022-11-22T00:53:23.002+0000] {logging_mixin.py:137} INFO - [2022-11-22T00:53:23.002+0000] {dag.py:2585} INFO - Sync 1 DAGs
[2022-11-22T00:53:23.039+0000] {logging_mixin.py:137} INFO - [2022-11-22T00:53:23.039+0000] {dag.py:3340} INFO - Setting next_dagrun for example_branch_labels to 2022-11-21T00:00:00+00:00, run_after=2022-11-22T00:00:00+00:00
[2022-11-22T00:53:23.062+0000] {processor.py:176} INFO - Processing /home/airflow/.local/lib/python3.7/site-packages/airflow/example_dags/example_branch_labels.py took 0.125 seconds
[2022-11-22T00:53:53.928+0000] {processor.py:154} INFO - Started process (PID=1719) to work on /home/airflow/.local/lib/python3.7/site-packages/airflow/example_dags/example_branch_labels.py
[2022-11-22T00:53:53.929+0000] {processor.py:756} INFO - Processing file /home/airflow/.local/lib/python3.7/site-packages/airflow/example_dags/example_branch_labels.py for tasks to queue
[2022-11-22T00:53:53.930+0000] {logging_mixin.py:137} INFO - [2022-11-22T00:53:53.930+0000] {dagbag.py:537} INFO - Filling up the DagBag from /home/airflow/.local/lib/python3.7/site-packages/airflow/example_dags/example_branch_labels.py
[2022-11-22T00:53:53.946+0000] {processor.py:766} INFO - DAG(s) dict_keys(['example_branch_labels']) retrieved from /home/airflow/.local/lib/python3.7/site-packages/airflow/example_dags/example_branch_labels.py
[2022-11-22T00:53:53.987+0000] {logging_mixin.py:137} INFO - [2022-11-22T00:53:53.987+0000] {dag.py:2585} INFO - Sync 1 DAGs
[2022-11-22T00:53:54.019+0000] {logging_mixin.py:137} INFO - [2022-11-22T00:53:54.019+0000] {dag.py:3340} INFO - Setting next_dagrun for example_branch_labels to 2022-11-21T00:00:00+00:00, run_after=2022-11-22T00:00:00+00:00
[2022-11-22T00:53:54.040+0000] {processor.py:176} INFO - Processing /home/airflow/.local/lib/python3.7/site-packages/airflow/example_dags/example_branch_labels.py took 0.113 seconds
[2022-11-22T00:54:24.270+0000] {processor.py:154} INFO - Started process (PID=1924) to work on /home/airflow/.local/lib/python3.7/site-packages/airflow/example_dags/example_branch_labels.py
[2022-11-22T00:54:24.271+0000] {processor.py:756} INFO - Processing file /home/airflow/.local/lib/python3.7/site-packages/airflow/example_dags/example_branch_labels.py for tasks to queue
[2022-11-22T00:54:24.272+0000] {logging_mixin.py:137} INFO - [2022-11-22T00:54:24.271+0000] {dagbag.py:537} INFO - Filling up the DagBag from /home/airflow/.local/lib/python3.7/site-packages/airflow/example_dags/example_branch_labels.py
[2022-11-22T00:54:24.285+0000] {processor.py:766} INFO - DAG(s) dict_keys(['example_branch_labels']) retrieved from /home/airflow/.local/lib/python3.7/site-packages/airflow/example_dags/example_branch_labels.py
[2022-11-22T00:54:24.326+0000] {logging_mixin.py:137} INFO - [2022-11-22T00:54:24.326+0000] {dag.py:2585} INFO - Sync 1 DAGs
[2022-11-22T00:54:24.356+0000] {logging_mixin.py:137} INFO - [2022-11-22T00:54:24.356+0000] {dag.py:3340} INFO - Setting next_dagrun for example_branch_labels to 2022-11-21T00:00:00+00:00, run_after=2022-11-22T00:00:00+00:00
[2022-11-22T00:54:24.378+0000] {processor.py:176} INFO - Processing /home/airflow/.local/lib/python3.7/site-packages/airflow/example_dags/example_branch_labels.py took 0.110 seconds
[2022-11-22T00:54:55.523+0000] {processor.py:154} INFO - Started process (PID=2120) to work on /home/airflow/.local/lib/python3.7/site-packages/airflow/example_dags/example_branch_labels.py
[2022-11-22T00:54:55.524+0000] {processor.py:756} INFO - Processing file /home/airflow/.local/lib/python3.7/site-packages/airflow/example_dags/example_branch_labels.py for tasks to queue
[2022-11-22T00:54:55.525+0000] {logging_mixin.py:137} INFO - [2022-11-22T00:54:55.525+0000] {dagbag.py:537} INFO - Filling up the DagBag from /home/airflow/.local/lib/python3.7/site-packages/airflow/example_dags/example_branch_labels.py
[2022-11-22T00:54:55.541+0000] {processor.py:766} INFO - DAG(s) dict_keys(['example_branch_labels']) retrieved from /home/airflow/.local/lib/python3.7/site-packages/airflow/example_dags/example_branch_labels.py
[2022-11-22T00:54:55.584+0000] {logging_mixin.py:137} INFO - [2022-11-22T00:54:55.583+0000] {dag.py:2585} INFO - Sync 1 DAGs
[2022-11-22T00:54:55.617+0000] {logging_mixin.py:137} INFO - [2022-11-22T00:54:55.617+0000] {dag.py:3340} INFO - Setting next_dagrun for example_branch_labels to 2022-11-21T00:00:00+00:00, run_after=2022-11-22T00:00:00+00:00
[2022-11-22T00:54:55.645+0000] {processor.py:176} INFO - Processing /home/airflow/.local/lib/python3.7/site-packages/airflow/example_dags/example_branch_labels.py took 0.127 seconds
[2022-11-22T00:55:25.970+0000] {processor.py:154} INFO - Started process (PID=2328) to work on /home/airflow/.local/lib/python3.7/site-packages/airflow/example_dags/example_branch_labels.py
[2022-11-22T00:55:25.971+0000] {processor.py:756} INFO - Processing file /home/airflow/.local/lib/python3.7/site-packages/airflow/example_dags/example_branch_labels.py for tasks to queue
[2022-11-22T00:55:25.971+0000] {logging_mixin.py:137} INFO - [2022-11-22T00:55:25.971+0000] {dagbag.py:537} INFO - Filling up the DagBag from /home/airflow/.local/lib/python3.7/site-packages/airflow/example_dags/example_branch_labels.py
[2022-11-22T00:55:25.986+0000] {processor.py:766} INFO - DAG(s) dict_keys(['example_branch_labels']) retrieved from /home/airflow/.local/lib/python3.7/site-packages/airflow/example_dags/example_branch_labels.py
[2022-11-22T00:55:26.028+0000] {logging_mixin.py:137} INFO - [2022-11-22T00:55:26.028+0000] {dag.py:2585} INFO - Sync 1 DAGs
[2022-11-22T00:55:26.062+0000] {logging_mixin.py:137} INFO - [2022-11-22T00:55:26.062+0000] {dag.py:3340} INFO - Setting next_dagrun for example_branch_labels to 2022-11-21T00:00:00+00:00, run_after=2022-11-22T00:00:00+00:00
[2022-11-22T00:55:26.086+0000] {processor.py:176} INFO - Processing /home/airflow/.local/lib/python3.7/site-packages/airflow/example_dags/example_branch_labels.py took 0.118 seconds
[2022-11-22T00:55:57.042+0000] {processor.py:154} INFO - Started process (PID=2532) to work on /home/airflow/.local/lib/python3.7/site-packages/airflow/example_dags/example_branch_labels.py
[2022-11-22T00:55:57.042+0000] {processor.py:756} INFO - Processing file /home/airflow/.local/lib/python3.7/site-packages/airflow/example_dags/example_branch_labels.py for tasks to queue
[2022-11-22T00:55:57.043+0000] {logging_mixin.py:137} INFO - [2022-11-22T00:55:57.043+0000] {dagbag.py:537} INFO - Filling up the DagBag from /home/airflow/.local/lib/python3.7/site-packages/airflow/example_dags/example_branch_labels.py
[2022-11-22T00:55:57.058+0000] {processor.py:766} INFO - DAG(s) dict_keys(['example_branch_labels']) retrieved from /home/airflow/.local/lib/python3.7/site-packages/airflow/example_dags/example_branch_labels.py
[2022-11-22T00:55:57.099+0000] {logging_mixin.py:137} INFO - [2022-11-22T00:55:57.099+0000] {dag.py:2585} INFO - Sync 1 DAGs
[2022-11-22T00:55:57.128+0000] {logging_mixin.py:137} INFO - [2022-11-22T00:55:57.127+0000] {dag.py:3340} INFO - Setting next_dagrun for example_branch_labels to 2022-11-21T00:00:00+00:00, run_after=2022-11-22T00:00:00+00:00
[2022-11-22T00:55:57.148+0000] {processor.py:176} INFO - Processing /home/airflow/.local/lib/python3.7/site-packages/airflow/example_dags/example_branch_labels.py took 0.109 seconds
[2022-11-22T00:56:28.429+0000] {processor.py:154} INFO - Started process (PID=2739) to work on /home/airflow/.local/lib/python3.7/site-packages/airflow/example_dags/example_branch_labels.py
[2022-11-22T00:56:28.433+0000] {processor.py:756} INFO - Processing file /home/airflow/.local/lib/python3.7/site-packages/airflow/example_dags/example_branch_labels.py for tasks to queue
[2022-11-22T00:56:28.433+0000] {logging_mixin.py:137} INFO - [2022-11-22T00:56:28.433+0000] {dagbag.py:537} INFO - Filling up the DagBag from /home/airflow/.local/lib/python3.7/site-packages/airflow/example_dags/example_branch_labels.py
[2022-11-22T00:56:28.451+0000] {processor.py:766} INFO - DAG(s) dict_keys(['example_branch_labels']) retrieved from /home/airflow/.local/lib/python3.7/site-packages/airflow/example_dags/example_branch_labels.py
[2022-11-22T00:56:28.498+0000] {logging_mixin.py:137} INFO - [2022-11-22T00:56:28.496+0000] {dag.py:2585} INFO - Sync 1 DAGs
[2022-11-22T00:56:28.537+0000] {logging_mixin.py:137} INFO - [2022-11-22T00:56:28.537+0000] {dag.py:3340} INFO - Setting next_dagrun for example_branch_labels to 2022-11-21T00:00:00+00:00, run_after=2022-11-22T00:00:00+00:00
[2022-11-22T00:56:28.567+0000] {processor.py:176} INFO - Processing /home/airflow/.local/lib/python3.7/site-packages/airflow/example_dags/example_branch_labels.py took 0.140 seconds
[2022-11-22T00:56:58.668+0000] {processor.py:154} INFO - Started process (PID=2937) to work on /home/airflow/.local/lib/python3.7/site-packages/airflow/example_dags/example_branch_labels.py
[2022-11-22T00:56:58.669+0000] {processor.py:756} INFO - Processing file /home/airflow/.local/lib/python3.7/site-packages/airflow/example_dags/example_branch_labels.py for tasks to queue
[2022-11-22T00:56:58.669+0000] {logging_mixin.py:137} INFO - [2022-11-22T00:56:58.669+0000] {dagbag.py:537} INFO - Filling up the DagBag from /home/airflow/.local/lib/python3.7/site-packages/airflow/example_dags/example_branch_labels.py
[2022-11-22T00:56:58.685+0000] {processor.py:766} INFO - DAG(s) dict_keys(['example_branch_labels']) retrieved from /home/airflow/.local/lib/python3.7/site-packages/airflow/example_dags/example_branch_labels.py
[2022-11-22T00:56:58.726+0000] {logging_mixin.py:137} INFO - [2022-11-22T00:56:58.726+0000] {dag.py:2585} INFO - Sync 1 DAGs
[2022-11-22T00:56:58.757+0000] {logging_mixin.py:137} INFO - [2022-11-22T00:56:58.756+0000] {dag.py:3340} INFO - Setting next_dagrun for example_branch_labels to 2022-11-21T00:00:00+00:00, run_after=2022-11-22T00:00:00+00:00
[2022-11-22T00:56:58.777+0000] {processor.py:176} INFO - Processing /home/airflow/.local/lib/python3.7/site-packages/airflow/example_dags/example_branch_labels.py took 0.114 seconds
[2022-11-22T00:57:29.602+0000] {processor.py:154} INFO - Started process (PID=3145) to work on /home/airflow/.local/lib/python3.7/site-packages/airflow/example_dags/example_branch_labels.py
[2022-11-22T00:57:29.604+0000] {processor.py:756} INFO - Processing file /home/airflow/.local/lib/python3.7/site-packages/airflow/example_dags/example_branch_labels.py for tasks to queue
[2022-11-22T00:57:29.604+0000] {logging_mixin.py:137} INFO - [2022-11-22T00:57:29.604+0000] {dagbag.py:537} INFO - Filling up the DagBag from /home/airflow/.local/lib/python3.7/site-packages/airflow/example_dags/example_branch_labels.py
[2022-11-22T00:57:29.620+0000] {processor.py:766} INFO - DAG(s) dict_keys(['example_branch_labels']) retrieved from /home/airflow/.local/lib/python3.7/site-packages/airflow/example_dags/example_branch_labels.py
[2022-11-22T00:57:29.663+0000] {logging_mixin.py:137} INFO - [2022-11-22T00:57:29.663+0000] {dag.py:2585} INFO - Sync 1 DAGs
[2022-11-22T00:57:29.699+0000] {logging_mixin.py:137} INFO - [2022-11-22T00:57:29.699+0000] {dag.py:3340} INFO - Setting next_dagrun for example_branch_labels to 2022-11-21T00:00:00+00:00, run_after=2022-11-22T00:00:00+00:00
[2022-11-22T00:57:29.723+0000] {processor.py:176} INFO - Processing /home/airflow/.local/lib/python3.7/site-packages/airflow/example_dags/example_branch_labels.py took 0.124 seconds
[2022-11-22T00:58:00.562+0000] {processor.py:154} INFO - Started process (PID=3350) to work on /home/airflow/.local/lib/python3.7/site-packages/airflow/example_dags/example_branch_labels.py
[2022-11-22T00:58:00.563+0000] {processor.py:756} INFO - Processing file /home/airflow/.local/lib/python3.7/site-packages/airflow/example_dags/example_branch_labels.py for tasks to queue
[2022-11-22T00:58:00.563+0000] {logging_mixin.py:137} INFO - [2022-11-22T00:58:00.563+0000] {dagbag.py:537} INFO - Filling up the DagBag from /home/airflow/.local/lib/python3.7/site-packages/airflow/example_dags/example_branch_labels.py
[2022-11-22T00:58:00.582+0000] {processor.py:766} INFO - DAG(s) dict_keys(['example_branch_labels']) retrieved from /home/airflow/.local/lib/python3.7/site-packages/airflow/example_dags/example_branch_labels.py
[2022-11-22T00:58:00.637+0000] {logging_mixin.py:137} INFO - [2022-11-22T00:58:00.636+0000] {dag.py:2585} INFO - Sync 1 DAGs
[2022-11-22T00:58:00.674+0000] {logging_mixin.py:137} INFO - [2022-11-22T00:58:00.674+0000] {dag.py:3340} INFO - Setting next_dagrun for example_branch_labels to 2022-11-21T00:00:00+00:00, run_after=2022-11-22T00:00:00+00:00
[2022-11-22T00:58:00.701+0000] {processor.py:176} INFO - Processing /home/airflow/.local/lib/python3.7/site-packages/airflow/example_dags/example_branch_labels.py took 0.142 seconds
[2022-11-22T00:58:30.775+0000] {processor.py:154} INFO - Started process (PID=3549) to work on /home/airflow/.local/lib/python3.7/site-packages/airflow/example_dags/example_branch_labels.py
[2022-11-22T00:58:30.776+0000] {processor.py:756} INFO - Processing file /home/airflow/.local/lib/python3.7/site-packages/airflow/example_dags/example_branch_labels.py for tasks to queue
[2022-11-22T00:58:30.777+0000] {logging_mixin.py:137} INFO - [2022-11-22T00:58:30.777+0000] {dagbag.py:537} INFO - Filling up the DagBag from /home/airflow/.local/lib/python3.7/site-packages/airflow/example_dags/example_branch_labels.py
[2022-11-22T00:58:30.791+0000] {processor.py:766} INFO - DAG(s) dict_keys(['example_branch_labels']) retrieved from /home/airflow/.local/lib/python3.7/site-packages/airflow/example_dags/example_branch_labels.py
[2022-11-22T00:58:30.832+0000] {logging_mixin.py:137} INFO - [2022-11-22T00:58:30.832+0000] {dag.py:2585} INFO - Sync 1 DAGs
[2022-11-22T00:58:30.864+0000] {logging_mixin.py:137} INFO - [2022-11-22T00:58:30.864+0000] {dag.py:3340} INFO - Setting next_dagrun for example_branch_labels to 2022-11-21T00:00:00+00:00, run_after=2022-11-22T00:00:00+00:00
[2022-11-22T00:58:30.885+0000] {processor.py:176} INFO - Processing /home/airflow/.local/lib/python3.7/site-packages/airflow/example_dags/example_branch_labels.py took 0.112 seconds
[2022-11-22T00:59:01.900+0000] {processor.py:154} INFO - Started process (PID=3755) to work on /home/airflow/.local/lib/python3.7/site-packages/airflow/example_dags/example_branch_labels.py
[2022-11-22T00:59:01.901+0000] {processor.py:756} INFO - Processing file /home/airflow/.local/lib/python3.7/site-packages/airflow/example_dags/example_branch_labels.py for tasks to queue
[2022-11-22T00:59:01.901+0000] {logging_mixin.py:137} INFO - [2022-11-22T00:59:01.901+0000] {dagbag.py:537} INFO - Filling up the DagBag from /home/airflow/.local/lib/python3.7/site-packages/airflow/example_dags/example_branch_labels.py
[2022-11-22T00:59:01.917+0000] {processor.py:766} INFO - DAG(s) dict_keys(['example_branch_labels']) retrieved from /home/airflow/.local/lib/python3.7/site-packages/airflow/example_dags/example_branch_labels.py
[2022-11-22T00:59:01.955+0000] {logging_mixin.py:137} INFO - [2022-11-22T00:59:01.955+0000] {dag.py:2585} INFO - Sync 1 DAGs
[2022-11-22T00:59:01.986+0000] {logging_mixin.py:137} INFO - [2022-11-22T00:59:01.986+0000] {dag.py:3340} INFO - Setting next_dagrun for example_branch_labels to 2022-11-21T00:00:00+00:00, run_after=2022-11-22T00:00:00+00:00
[2022-11-22T00:59:02.007+0000] {processor.py:176} INFO - Processing /home/airflow/.local/lib/python3.7/site-packages/airflow/example_dags/example_branch_labels.py took 0.110 seconds
[2022-11-22T00:59:32.368+0000] {processor.py:154} INFO - Started process (PID=3954) to work on /home/airflow/.local/lib/python3.7/site-packages/airflow/example_dags/example_branch_labels.py
[2022-11-22T00:59:32.369+0000] {processor.py:756} INFO - Processing file /home/airflow/.local/lib/python3.7/site-packages/airflow/example_dags/example_branch_labels.py for tasks to queue
[2022-11-22T00:59:32.370+0000] {logging_mixin.py:137} INFO - [2022-11-22T00:59:32.370+0000] {dagbag.py:537} INFO - Filling up the DagBag from /home/airflow/.local/lib/python3.7/site-packages/airflow/example_dags/example_branch_labels.py
[2022-11-22T00:59:32.385+0000] {processor.py:766} INFO - DAG(s) dict_keys(['example_branch_labels']) retrieved from /home/airflow/.local/lib/python3.7/site-packages/airflow/example_dags/example_branch_labels.py
[2022-11-22T00:59:32.422+0000] {logging_mixin.py:137} INFO - [2022-11-22T00:59:32.422+0000] {dag.py:2585} INFO - Sync 1 DAGs
[2022-11-22T00:59:32.454+0000] {logging_mixin.py:137} INFO - [2022-11-22T00:59:32.454+0000] {dag.py:3340} INFO - Setting next_dagrun for example_branch_labels to 2022-11-21T00:00:00+00:00, run_after=2022-11-22T00:00:00+00:00
[2022-11-22T00:59:32.473+0000] {processor.py:176} INFO - Processing /home/airflow/.local/lib/python3.7/site-packages/airflow/example_dags/example_branch_labels.py took 0.109 seconds
[2022-11-22T01:00:03.655+0000] {processor.py:154} INFO - Started process (PID=4160) to work on /home/airflow/.local/lib/python3.7/site-packages/airflow/example_dags/example_branch_labels.py
[2022-11-22T01:00:03.656+0000] {processor.py:756} INFO - Processing file /home/airflow/.local/lib/python3.7/site-packages/airflow/example_dags/example_branch_labels.py for tasks to queue
[2022-11-22T01:00:03.656+0000] {logging_mixin.py:137} INFO - [2022-11-22T01:00:03.656+0000] {dagbag.py:537} INFO - Filling up the DagBag from /home/airflow/.local/lib/python3.7/site-packages/airflow/example_dags/example_branch_labels.py
[2022-11-22T01:00:03.672+0000] {processor.py:766} INFO - DAG(s) dict_keys(['example_branch_labels']) retrieved from /home/airflow/.local/lib/python3.7/site-packages/airflow/example_dags/example_branch_labels.py
[2022-11-22T01:00:03.719+0000] {logging_mixin.py:137} INFO - [2022-11-22T01:00:03.719+0000] {dag.py:2585} INFO - Sync 1 DAGs
[2022-11-22T01:00:03.755+0000] {logging_mixin.py:137} INFO - [2022-11-22T01:00:03.754+0000] {dag.py:3340} INFO - Setting next_dagrun for example_branch_labels to 2022-11-21T00:00:00+00:00, run_after=2022-11-22T00:00:00+00:00
[2022-11-22T01:00:03.783+0000] {processor.py:176} INFO - Processing /home/airflow/.local/lib/python3.7/site-packages/airflow/example_dags/example_branch_labels.py took 0.130 seconds
[2022-11-22T01:00:34.743+0000] {processor.py:154} INFO - Started process (PID=4366) to work on /home/airflow/.local/lib/python3.7/site-packages/airflow/example_dags/example_branch_labels.py
[2022-11-22T01:00:34.743+0000] {processor.py:756} INFO - Processing file /home/airflow/.local/lib/python3.7/site-packages/airflow/example_dags/example_branch_labels.py for tasks to queue
[2022-11-22T01:00:34.744+0000] {logging_mixin.py:137} INFO - [2022-11-22T01:00:34.744+0000] {dagbag.py:537} INFO - Filling up the DagBag from /home/airflow/.local/lib/python3.7/site-packages/airflow/example_dags/example_branch_labels.py
[2022-11-22T01:00:34.758+0000] {processor.py:766} INFO - DAG(s) dict_keys(['example_branch_labels']) retrieved from /home/airflow/.local/lib/python3.7/site-packages/airflow/example_dags/example_branch_labels.py
[2022-11-22T01:00:34.795+0000] {logging_mixin.py:137} INFO - [2022-11-22T01:00:34.795+0000] {dag.py:2585} INFO - Sync 1 DAGs
[2022-11-22T01:00:34.825+0000] {logging_mixin.py:137} INFO - [2022-11-22T01:00:34.825+0000] {dag.py:3340} INFO - Setting next_dagrun for example_branch_labels to 2022-11-21T00:00:00+00:00, run_after=2022-11-22T00:00:00+00:00
[2022-11-22T01:00:34.845+0000] {processor.py:176} INFO - Processing /home/airflow/.local/lib/python3.7/site-packages/airflow/example_dags/example_branch_labels.py took 0.106 seconds
[2022-11-22T01:01:05.289+0000] {processor.py:154} INFO - Started process (PID=4564) to work on /home/airflow/.local/lib/python3.7/site-packages/airflow/example_dags/example_branch_labels.py
[2022-11-22T01:01:05.289+0000] {processor.py:756} INFO - Processing file /home/airflow/.local/lib/python3.7/site-packages/airflow/example_dags/example_branch_labels.py for tasks to queue
[2022-11-22T01:01:05.290+0000] {logging_mixin.py:137} INFO - [2022-11-22T01:01:05.290+0000] {dagbag.py:537} INFO - Filling up the DagBag from /home/airflow/.local/lib/python3.7/site-packages/airflow/example_dags/example_branch_labels.py
[2022-11-22T01:01:05.306+0000] {processor.py:766} INFO - DAG(s) dict_keys(['example_branch_labels']) retrieved from /home/airflow/.local/lib/python3.7/site-packages/airflow/example_dags/example_branch_labels.py
[2022-11-22T01:01:05.349+0000] {logging_mixin.py:137} INFO - [2022-11-22T01:01:05.349+0000] {dag.py:2585} INFO - Sync 1 DAGs
[2022-11-22T01:01:05.395+0000] {logging_mixin.py:137} INFO - [2022-11-22T01:01:05.395+0000] {dag.py:3340} INFO - Setting next_dagrun for example_branch_labels to 2022-11-21T00:00:00+00:00, run_after=2022-11-22T00:00:00+00:00
[2022-11-22T01:01:05.422+0000] {processor.py:176} INFO - Processing /home/airflow/.local/lib/python3.7/site-packages/airflow/example_dags/example_branch_labels.py took 0.137 seconds
[2022-11-22T01:01:36.302+0000] {processor.py:154} INFO - Started process (PID=4770) to work on /home/airflow/.local/lib/python3.7/site-packages/airflow/example_dags/example_branch_labels.py
[2022-11-22T01:01:36.303+0000] {processor.py:756} INFO - Processing file /home/airflow/.local/lib/python3.7/site-packages/airflow/example_dags/example_branch_labels.py for tasks to queue
[2022-11-22T01:01:36.304+0000] {logging_mixin.py:137} INFO - [2022-11-22T01:01:36.303+0000] {dagbag.py:537} INFO - Filling up the DagBag from /home/airflow/.local/lib/python3.7/site-packages/airflow/example_dags/example_branch_labels.py
[2022-11-22T01:01:36.321+0000] {processor.py:766} INFO - DAG(s) dict_keys(['example_branch_labels']) retrieved from /home/airflow/.local/lib/python3.7/site-packages/airflow/example_dags/example_branch_labels.py
[2022-11-22T01:01:36.363+0000] {logging_mixin.py:137} INFO - [2022-11-22T01:01:36.362+0000] {dag.py:2585} INFO - Sync 1 DAGs
[2022-11-22T01:01:36.397+0000] {logging_mixin.py:137} INFO - [2022-11-22T01:01:36.397+0000] {dag.py:3340} INFO - Setting next_dagrun for example_branch_labels to 2022-11-21T00:00:00+00:00, run_after=2022-11-22T00:00:00+00:00
[2022-11-22T01:01:36.418+0000] {processor.py:176} INFO - Processing /home/airflow/.local/lib/python3.7/site-packages/airflow/example_dags/example_branch_labels.py took 0.119 seconds
