[2022-11-22T00:50:18.473+0000] {processor.py:154} INFO - Started process (PID=220) to work on /home/airflow/.local/lib/python3.7/site-packages/airflow/example_dags/example_latest_only_with_trigger.py
[2022-11-22T00:50:18.474+0000] {processor.py:756} INFO - Processing file /home/airflow/.local/lib/python3.7/site-packages/airflow/example_dags/example_latest_only_with_trigger.py for tasks to queue
[2022-11-22T00:50:18.475+0000] {logging_mixin.py:137} INFO - [2022-11-22T00:50:18.474+0000] {dagbag.py:537} INFO - Filling up the DagBag from /home/airflow/.local/lib/python3.7/site-packages/airflow/example_dags/example_latest_only_with_trigger.py
[2022-11-22T00:50:18.493+0000] {processor.py:766} INFO - DAG(s) dict_keys(['latest_only_with_trigger']) retrieved from /home/airflow/.local/lib/python3.7/site-packages/airflow/example_dags/example_latest_only_with_trigger.py
[2022-11-22T00:50:18.527+0000] {logging_mixin.py:137} INFO - [2022-11-22T00:50:18.527+0000] {dag.py:2585} INFO - Sync 1 DAGs
[2022-11-22T00:50:18.562+0000] {logging_mixin.py:137} INFO - [2022-11-22T00:50:18.562+0000] {dag.py:3340} INFO - Setting next_dagrun for latest_only_with_trigger to 2022-11-21T20:50:18.562009+00:00, run_after=2022-11-22T00:50:18.562009+00:00
[2022-11-22T00:50:18.592+0000] {processor.py:176} INFO - Processing /home/airflow/.local/lib/python3.7/site-packages/airflow/example_dags/example_latest_only_with_trigger.py took 0.124 seconds
[2022-11-22T00:50:49.559+0000] {processor.py:154} INFO - Started process (PID=418) to work on /home/airflow/.local/lib/python3.7/site-packages/airflow/example_dags/example_latest_only_with_trigger.py
[2022-11-22T00:50:49.560+0000] {processor.py:756} INFO - Processing file /home/airflow/.local/lib/python3.7/site-packages/airflow/example_dags/example_latest_only_with_trigger.py for tasks to queue
[2022-11-22T00:50:49.561+0000] {logging_mixin.py:137} INFO - [2022-11-22T00:50:49.561+0000] {dagbag.py:537} INFO - Filling up the DagBag from /home/airflow/.local/lib/python3.7/site-packages/airflow/example_dags/example_latest_only_with_trigger.py
[2022-11-22T00:50:49.576+0000] {processor.py:766} INFO - DAG(s) dict_keys(['latest_only_with_trigger']) retrieved from /home/airflow/.local/lib/python3.7/site-packages/airflow/example_dags/example_latest_only_with_trigger.py
[2022-11-22T00:50:49.616+0000] {logging_mixin.py:137} INFO - [2022-11-22T00:50:49.616+0000] {dag.py:2585} INFO - Sync 1 DAGs
[2022-11-22T00:50:49.648+0000] {logging_mixin.py:137} INFO - [2022-11-22T00:50:49.648+0000] {dag.py:3340} INFO - Setting next_dagrun for latest_only_with_trigger to 2022-11-21T20:50:49.647839+00:00, run_after=2022-11-22T00:50:49.647839+00:00
[2022-11-22T00:50:49.670+0000] {processor.py:176} INFO - Processing /home/airflow/.local/lib/python3.7/site-packages/airflow/example_dags/example_latest_only_with_trigger.py took 0.114 seconds
[2022-11-22T00:51:19.844+0000] {processor.py:154} INFO - Started process (PID=628) to work on /home/airflow/.local/lib/python3.7/site-packages/airflow/example_dags/example_latest_only_with_trigger.py
[2022-11-22T00:51:19.844+0000] {processor.py:756} INFO - Processing file /home/airflow/.local/lib/python3.7/site-packages/airflow/example_dags/example_latest_only_with_trigger.py for tasks to queue
[2022-11-22T00:51:19.845+0000] {logging_mixin.py:137} INFO - [2022-11-22T00:51:19.845+0000] {dagbag.py:537} INFO - Filling up the DagBag from /home/airflow/.local/lib/python3.7/site-packages/airflow/example_dags/example_latest_only_with_trigger.py
[2022-11-22T00:51:19.858+0000] {processor.py:766} INFO - DAG(s) dict_keys(['latest_only_with_trigger']) retrieved from /home/airflow/.local/lib/python3.7/site-packages/airflow/example_dags/example_latest_only_with_trigger.py
[2022-11-22T00:51:19.897+0000] {logging_mixin.py:137} INFO - [2022-11-22T00:51:19.897+0000] {dag.py:2585} INFO - Sync 1 DAGs
[2022-11-22T00:51:19.927+0000] {logging_mixin.py:137} INFO - [2022-11-22T00:51:19.927+0000] {dag.py:3340} INFO - Setting next_dagrun for latest_only_with_trigger to 2022-11-21T20:51:19.926777+00:00, run_after=2022-11-22T00:51:19.926777+00:00
[2022-11-22T00:51:19.948+0000] {processor.py:176} INFO - Processing /home/airflow/.local/lib/python3.7/site-packages/airflow/example_dags/example_latest_only_with_trigger.py took 0.108 seconds
[2022-11-22T00:51:50.040+0000] {processor.py:154} INFO - Started process (PID=826) to work on /home/airflow/.local/lib/python3.7/site-packages/airflow/example_dags/example_latest_only_with_trigger.py
[2022-11-22T00:51:50.041+0000] {processor.py:756} INFO - Processing file /home/airflow/.local/lib/python3.7/site-packages/airflow/example_dags/example_latest_only_with_trigger.py for tasks to queue
[2022-11-22T00:51:50.042+0000] {logging_mixin.py:137} INFO - [2022-11-22T00:51:50.041+0000] {dagbag.py:537} INFO - Filling up the DagBag from /home/airflow/.local/lib/python3.7/site-packages/airflow/example_dags/example_latest_only_with_trigger.py
[2022-11-22T00:51:50.054+0000] {processor.py:766} INFO - DAG(s) dict_keys(['latest_only_with_trigger']) retrieved from /home/airflow/.local/lib/python3.7/site-packages/airflow/example_dags/example_latest_only_with_trigger.py
[2022-11-22T00:51:50.093+0000] {logging_mixin.py:137} INFO - [2022-11-22T00:51:50.092+0000] {dag.py:2585} INFO - Sync 1 DAGs
[2022-11-22T00:51:50.120+0000] {logging_mixin.py:137} INFO - [2022-11-22T00:51:50.120+0000] {dag.py:3340} INFO - Setting next_dagrun for latest_only_with_trigger to 2022-11-21T20:51:50.119939+00:00, run_after=2022-11-22T00:51:50.119939+00:00
[2022-11-22T00:51:50.142+0000] {processor.py:176} INFO - Processing /home/airflow/.local/lib/python3.7/site-packages/airflow/example_dags/example_latest_only_with_trigger.py took 0.104 seconds
[2022-11-22T00:52:20.780+0000] {processor.py:154} INFO - Started process (PID=1036) to work on /home/airflow/.local/lib/python3.7/site-packages/airflow/example_dags/example_latest_only_with_trigger.py
[2022-11-22T00:52:20.781+0000] {processor.py:756} INFO - Processing file /home/airflow/.local/lib/python3.7/site-packages/airflow/example_dags/example_latest_only_with_trigger.py for tasks to queue
[2022-11-22T00:52:20.782+0000] {logging_mixin.py:137} INFO - [2022-11-22T00:52:20.782+0000] {dagbag.py:537} INFO - Filling up the DagBag from /home/airflow/.local/lib/python3.7/site-packages/airflow/example_dags/example_latest_only_with_trigger.py
[2022-11-22T00:52:20.797+0000] {processor.py:766} INFO - DAG(s) dict_keys(['latest_only_with_trigger']) retrieved from /home/airflow/.local/lib/python3.7/site-packages/airflow/example_dags/example_latest_only_with_trigger.py
[2022-11-22T00:52:20.840+0000] {logging_mixin.py:137} INFO - [2022-11-22T00:52:20.840+0000] {dag.py:2585} INFO - Sync 1 DAGs
[2022-11-22T00:52:20.873+0000] {logging_mixin.py:137} INFO - [2022-11-22T00:52:20.872+0000] {dag.py:3340} INFO - Setting next_dagrun for latest_only_with_trigger to 2022-11-21T20:52:20.872663+00:00, run_after=2022-11-22T00:52:20.872663+00:00
[2022-11-22T00:52:20.897+0000] {processor.py:176} INFO - Processing /home/airflow/.local/lib/python3.7/site-packages/airflow/example_dags/example_latest_only_with_trigger.py took 0.120 seconds
[2022-11-22T00:52:51.152+0000] {processor.py:154} INFO - Started process (PID=1241) to work on /home/airflow/.local/lib/python3.7/site-packages/airflow/example_dags/example_latest_only_with_trigger.py
[2022-11-22T00:52:51.153+0000] {processor.py:756} INFO - Processing file /home/airflow/.local/lib/python3.7/site-packages/airflow/example_dags/example_latest_only_with_trigger.py for tasks to queue
[2022-11-22T00:52:51.153+0000] {logging_mixin.py:137} INFO - [2022-11-22T00:52:51.153+0000] {dagbag.py:537} INFO - Filling up the DagBag from /home/airflow/.local/lib/python3.7/site-packages/airflow/example_dags/example_latest_only_with_trigger.py
[2022-11-22T00:52:51.169+0000] {processor.py:766} INFO - DAG(s) dict_keys(['latest_only_with_trigger']) retrieved from /home/airflow/.local/lib/python3.7/site-packages/airflow/example_dags/example_latest_only_with_trigger.py
[2022-11-22T00:52:51.216+0000] {logging_mixin.py:137} INFO - [2022-11-22T00:52:51.216+0000] {dag.py:2585} INFO - Sync 1 DAGs
[2022-11-22T00:52:51.251+0000] {logging_mixin.py:137} INFO - [2022-11-22T00:52:51.250+0000] {dag.py:3340} INFO - Setting next_dagrun for latest_only_with_trigger to 2022-11-21T20:52:51.250648+00:00, run_after=2022-11-22T00:52:51.250648+00:00
[2022-11-22T00:52:51.276+0000] {processor.py:176} INFO - Processing /home/airflow/.local/lib/python3.7/site-packages/airflow/example_dags/example_latest_only_with_trigger.py took 0.127 seconds
[2022-11-22T00:53:21.643+0000] {processor.py:154} INFO - Started process (PID=1442) to work on /home/airflow/.local/lib/python3.7/site-packages/airflow/example_dags/example_latest_only_with_trigger.py
[2022-11-22T00:53:21.644+0000] {processor.py:756} INFO - Processing file /home/airflow/.local/lib/python3.7/site-packages/airflow/example_dags/example_latest_only_with_trigger.py for tasks to queue
[2022-11-22T00:53:21.645+0000] {logging_mixin.py:137} INFO - [2022-11-22T00:53:21.645+0000] {dagbag.py:537} INFO - Filling up the DagBag from /home/airflow/.local/lib/python3.7/site-packages/airflow/example_dags/example_latest_only_with_trigger.py
[2022-11-22T00:53:21.658+0000] {processor.py:766} INFO - DAG(s) dict_keys(['latest_only_with_trigger']) retrieved from /home/airflow/.local/lib/python3.7/site-packages/airflow/example_dags/example_latest_only_with_trigger.py
[2022-11-22T00:53:21.699+0000] {logging_mixin.py:137} INFO - [2022-11-22T00:53:21.699+0000] {dag.py:2585} INFO - Sync 1 DAGs
[2022-11-22T00:53:21.731+0000] {logging_mixin.py:137} INFO - [2022-11-22T00:53:21.731+0000] {dag.py:3340} INFO - Setting next_dagrun for latest_only_with_trigger to 2022-11-21T20:53:21.731180+00:00, run_after=2022-11-22T00:53:21.731180+00:00
[2022-11-22T00:53:21.753+0000] {processor.py:176} INFO - Processing /home/airflow/.local/lib/python3.7/site-packages/airflow/example_dags/example_latest_only_with_trigger.py took 0.112 seconds
[2022-11-22T00:53:52.503+0000] {processor.py:154} INFO - Started process (PID=1647) to work on /home/airflow/.local/lib/python3.7/site-packages/airflow/example_dags/example_latest_only_with_trigger.py
[2022-11-22T00:53:52.504+0000] {processor.py:756} INFO - Processing file /home/airflow/.local/lib/python3.7/site-packages/airflow/example_dags/example_latest_only_with_trigger.py for tasks to queue
[2022-11-22T00:53:52.505+0000] {logging_mixin.py:137} INFO - [2022-11-22T00:53:52.505+0000] {dagbag.py:537} INFO - Filling up the DagBag from /home/airflow/.local/lib/python3.7/site-packages/airflow/example_dags/example_latest_only_with_trigger.py
[2022-11-22T00:53:52.525+0000] {processor.py:766} INFO - DAG(s) dict_keys(['latest_only_with_trigger']) retrieved from /home/airflow/.local/lib/python3.7/site-packages/airflow/example_dags/example_latest_only_with_trigger.py
[2022-11-22T00:53:52.573+0000] {logging_mixin.py:137} INFO - [2022-11-22T00:53:52.573+0000] {dag.py:2585} INFO - Sync 1 DAGs
[2022-11-22T00:53:52.605+0000] {logging_mixin.py:137} INFO - [2022-11-22T00:53:52.604+0000] {dag.py:3340} INFO - Setting next_dagrun for latest_only_with_trigger to 2022-11-21T20:53:52.604662+00:00, run_after=2022-11-22T00:53:52.604662+00:00
[2022-11-22T00:53:52.627+0000] {processor.py:176} INFO - Processing /home/airflow/.local/lib/python3.7/site-packages/airflow/example_dags/example_latest_only_with_trigger.py took 0.128 seconds
[2022-11-22T00:54:22.964+0000] {processor.py:154} INFO - Started process (PID=1854) to work on /home/airflow/.local/lib/python3.7/site-packages/airflow/example_dags/example_latest_only_with_trigger.py
[2022-11-22T00:54:22.965+0000] {processor.py:756} INFO - Processing file /home/airflow/.local/lib/python3.7/site-packages/airflow/example_dags/example_latest_only_with_trigger.py for tasks to queue
[2022-11-22T00:54:22.965+0000] {logging_mixin.py:137} INFO - [2022-11-22T00:54:22.965+0000] {dagbag.py:537} INFO - Filling up the DagBag from /home/airflow/.local/lib/python3.7/site-packages/airflow/example_dags/example_latest_only_with_trigger.py
[2022-11-22T00:54:22.980+0000] {processor.py:766} INFO - DAG(s) dict_keys(['latest_only_with_trigger']) retrieved from /home/airflow/.local/lib/python3.7/site-packages/airflow/example_dags/example_latest_only_with_trigger.py
[2022-11-22T00:54:23.025+0000] {logging_mixin.py:137} INFO - [2022-11-22T00:54:23.025+0000] {dag.py:2585} INFO - Sync 1 DAGs
[2022-11-22T00:54:23.057+0000] {logging_mixin.py:137} INFO - [2022-11-22T00:54:23.057+0000] {dag.py:3340} INFO - Setting next_dagrun for latest_only_with_trigger to 2022-11-21T20:54:23.057262+00:00, run_after=2022-11-22T00:54:23.057262+00:00
[2022-11-22T00:54:23.080+0000] {processor.py:176} INFO - Processing /home/airflow/.local/lib/python3.7/site-packages/airflow/example_dags/example_latest_only_with_trigger.py took 0.118 seconds
[2022-11-22T00:54:53.146+0000] {processor.py:154} INFO - Started process (PID=2047) to work on /home/airflow/.local/lib/python3.7/site-packages/airflow/example_dags/example_latest_only_with_trigger.py
[2022-11-22T00:54:53.147+0000] {processor.py:756} INFO - Processing file /home/airflow/.local/lib/python3.7/site-packages/airflow/example_dags/example_latest_only_with_trigger.py for tasks to queue
[2022-11-22T00:54:53.148+0000] {logging_mixin.py:137} INFO - [2022-11-22T00:54:53.147+0000] {dagbag.py:537} INFO - Filling up the DagBag from /home/airflow/.local/lib/python3.7/site-packages/airflow/example_dags/example_latest_only_with_trigger.py
[2022-11-22T00:54:53.162+0000] {processor.py:766} INFO - DAG(s) dict_keys(['latest_only_with_trigger']) retrieved from /home/airflow/.local/lib/python3.7/site-packages/airflow/example_dags/example_latest_only_with_trigger.py
[2022-11-22T00:54:53.206+0000] {logging_mixin.py:137} INFO - [2022-11-22T00:54:53.206+0000] {dag.py:2585} INFO - Sync 1 DAGs
[2022-11-22T00:54:53.237+0000] {logging_mixin.py:137} INFO - [2022-11-22T00:54:53.237+0000] {dag.py:3340} INFO - Setting next_dagrun for latest_only_with_trigger to 2022-11-21T20:54:53.237290+00:00, run_after=2022-11-22T00:54:53.237290+00:00
[2022-11-22T00:54:53.261+0000] {processor.py:176} INFO - Processing /home/airflow/.local/lib/python3.7/site-packages/airflow/example_dags/example_latest_only_with_trigger.py took 0.118 seconds
[2022-11-22T00:55:23.408+0000] {processor.py:154} INFO - Started process (PID=2253) to work on /home/airflow/.local/lib/python3.7/site-packages/airflow/example_dags/example_latest_only_with_trigger.py
[2022-11-22T00:55:23.409+0000] {processor.py:756} INFO - Processing file /home/airflow/.local/lib/python3.7/site-packages/airflow/example_dags/example_latest_only_with_trigger.py for tasks to queue
[2022-11-22T00:55:23.411+0000] {logging_mixin.py:137} INFO - [2022-11-22T00:55:23.410+0000] {dagbag.py:537} INFO - Filling up the DagBag from /home/airflow/.local/lib/python3.7/site-packages/airflow/example_dags/example_latest_only_with_trigger.py
[2022-11-22T00:55:23.438+0000] {processor.py:766} INFO - DAG(s) dict_keys(['latest_only_with_trigger']) retrieved from /home/airflow/.local/lib/python3.7/site-packages/airflow/example_dags/example_latest_only_with_trigger.py
[2022-11-22T00:55:23.483+0000] {logging_mixin.py:137} INFO - [2022-11-22T00:55:23.483+0000] {dag.py:2585} INFO - Sync 1 DAGs
[2022-11-22T00:55:23.516+0000] {logging_mixin.py:137} INFO - [2022-11-22T00:55:23.516+0000] {dag.py:3340} INFO - Setting next_dagrun for latest_only_with_trigger to 2022-11-21T20:55:23.516050+00:00, run_after=2022-11-22T00:55:23.516050+00:00
[2022-11-22T00:55:23.540+0000] {processor.py:176} INFO - Processing /home/airflow/.local/lib/python3.7/site-packages/airflow/example_dags/example_latest_only_with_trigger.py took 0.136 seconds
[2022-11-22T00:55:53.634+0000] {processor.py:154} INFO - Started process (PID=2459) to work on /home/airflow/.local/lib/python3.7/site-packages/airflow/example_dags/example_latest_only_with_trigger.py
[2022-11-22T00:55:53.635+0000] {processor.py:756} INFO - Processing file /home/airflow/.local/lib/python3.7/site-packages/airflow/example_dags/example_latest_only_with_trigger.py for tasks to queue
[2022-11-22T00:55:53.635+0000] {logging_mixin.py:137} INFO - [2022-11-22T00:55:53.635+0000] {dagbag.py:537} INFO - Filling up the DagBag from /home/airflow/.local/lib/python3.7/site-packages/airflow/example_dags/example_latest_only_with_trigger.py
[2022-11-22T00:55:53.649+0000] {processor.py:766} INFO - DAG(s) dict_keys(['latest_only_with_trigger']) retrieved from /home/airflow/.local/lib/python3.7/site-packages/airflow/example_dags/example_latest_only_with_trigger.py
[2022-11-22T00:55:53.694+0000] {logging_mixin.py:137} INFO - [2022-11-22T00:55:53.694+0000] {dag.py:2585} INFO - Sync 1 DAGs
[2022-11-22T00:55:53.725+0000] {logging_mixin.py:137} INFO - [2022-11-22T00:55:53.724+0000] {dag.py:3340} INFO - Setting next_dagrun for latest_only_with_trigger to 2022-11-21T20:55:53.724664+00:00, run_after=2022-11-22T00:55:53.724664+00:00
[2022-11-22T00:55:53.750+0000] {processor.py:176} INFO - Processing /home/airflow/.local/lib/python3.7/site-packages/airflow/example_dags/example_latest_only_with_trigger.py took 0.118 seconds
[2022-11-22T00:56:23.849+0000] {processor.py:154} INFO - Started process (PID=2657) to work on /home/airflow/.local/lib/python3.7/site-packages/airflow/example_dags/example_latest_only_with_trigger.py
[2022-11-22T00:56:23.850+0000] {processor.py:756} INFO - Processing file /home/airflow/.local/lib/python3.7/site-packages/airflow/example_dags/example_latest_only_with_trigger.py for tasks to queue
[2022-11-22T00:56:23.851+0000] {logging_mixin.py:137} INFO - [2022-11-22T00:56:23.851+0000] {dagbag.py:537} INFO - Filling up the DagBag from /home/airflow/.local/lib/python3.7/site-packages/airflow/example_dags/example_latest_only_with_trigger.py
[2022-11-22T00:56:23.865+0000] {processor.py:766} INFO - DAG(s) dict_keys(['latest_only_with_trigger']) retrieved from /home/airflow/.local/lib/python3.7/site-packages/airflow/example_dags/example_latest_only_with_trigger.py
[2022-11-22T00:56:23.906+0000] {logging_mixin.py:137} INFO - [2022-11-22T00:56:23.906+0000] {dag.py:2585} INFO - Sync 1 DAGs
[2022-11-22T00:56:23.936+0000] {logging_mixin.py:137} INFO - [2022-11-22T00:56:23.936+0000] {dag.py:3340} INFO - Setting next_dagrun for latest_only_with_trigger to 2022-11-21T20:56:23.935974+00:00, run_after=2022-11-22T00:56:23.935974+00:00
[2022-11-22T00:56:23.957+0000] {processor.py:176} INFO - Processing /home/airflow/.local/lib/python3.7/site-packages/airflow/example_dags/example_latest_only_with_trigger.py took 0.111 seconds
[2022-11-22T00:56:54.277+0000] {processor.py:154} INFO - Started process (PID=2864) to work on /home/airflow/.local/lib/python3.7/site-packages/airflow/example_dags/example_latest_only_with_trigger.py
[2022-11-22T00:56:54.277+0000] {processor.py:756} INFO - Processing file /home/airflow/.local/lib/python3.7/site-packages/airflow/example_dags/example_latest_only_with_trigger.py for tasks to queue
[2022-11-22T00:56:54.278+0000] {logging_mixin.py:137} INFO - [2022-11-22T00:56:54.278+0000] {dagbag.py:537} INFO - Filling up the DagBag from /home/airflow/.local/lib/python3.7/site-packages/airflow/example_dags/example_latest_only_with_trigger.py
[2022-11-22T00:56:54.292+0000] {processor.py:766} INFO - DAG(s) dict_keys(['latest_only_with_trigger']) retrieved from /home/airflow/.local/lib/python3.7/site-packages/airflow/example_dags/example_latest_only_with_trigger.py
[2022-11-22T00:56:54.337+0000] {logging_mixin.py:137} INFO - [2022-11-22T00:56:54.337+0000] {dag.py:2585} INFO - Sync 1 DAGs
[2022-11-22T00:56:54.367+0000] {logging_mixin.py:137} INFO - [2022-11-22T00:56:54.367+0000] {dag.py:3340} INFO - Setting next_dagrun for latest_only_with_trigger to 2022-11-21T20:56:54.367494+00:00, run_after=2022-11-22T00:56:54.367494+00:00
[2022-11-22T00:56:54.391+0000] {processor.py:176} INFO - Processing /home/airflow/.local/lib/python3.7/site-packages/airflow/example_dags/example_latest_only_with_trigger.py took 0.116 seconds
[2022-11-22T00:57:25.213+0000] {processor.py:154} INFO - Started process (PID=3062) to work on /home/airflow/.local/lib/python3.7/site-packages/airflow/example_dags/example_latest_only_with_trigger.py
[2022-11-22T00:57:25.214+0000] {processor.py:756} INFO - Processing file /home/airflow/.local/lib/python3.7/site-packages/airflow/example_dags/example_latest_only_with_trigger.py for tasks to queue
[2022-11-22T00:57:25.214+0000] {logging_mixin.py:137} INFO - [2022-11-22T00:57:25.214+0000] {dagbag.py:537} INFO - Filling up the DagBag from /home/airflow/.local/lib/python3.7/site-packages/airflow/example_dags/example_latest_only_with_trigger.py
[2022-11-22T00:57:25.235+0000] {processor.py:766} INFO - DAG(s) dict_keys(['latest_only_with_trigger']) retrieved from /home/airflow/.local/lib/python3.7/site-packages/airflow/example_dags/example_latest_only_with_trigger.py
[2022-11-22T00:57:25.278+0000] {logging_mixin.py:137} INFO - [2022-11-22T00:57:25.278+0000] {dag.py:2585} INFO - Sync 1 DAGs
[2022-11-22T00:57:25.311+0000] {logging_mixin.py:137} INFO - [2022-11-22T00:57:25.311+0000] {dag.py:3340} INFO - Setting next_dagrun for latest_only_with_trigger to 2022-11-21T20:57:25.311072+00:00, run_after=2022-11-22T00:57:25.311072+00:00
[2022-11-22T00:57:25.334+0000] {processor.py:176} INFO - Processing /home/airflow/.local/lib/python3.7/site-packages/airflow/example_dags/example_latest_only_with_trigger.py took 0.127 seconds
[2022-11-22T00:57:56.008+0000] {processor.py:154} INFO - Started process (PID=3270) to work on /home/airflow/.local/lib/python3.7/site-packages/airflow/example_dags/example_latest_only_with_trigger.py
[2022-11-22T00:57:56.008+0000] {processor.py:756} INFO - Processing file /home/airflow/.local/lib/python3.7/site-packages/airflow/example_dags/example_latest_only_with_trigger.py for tasks to queue
[2022-11-22T00:57:56.009+0000] {logging_mixin.py:137} INFO - [2022-11-22T00:57:56.009+0000] {dagbag.py:537} INFO - Filling up the DagBag from /home/airflow/.local/lib/python3.7/site-packages/airflow/example_dags/example_latest_only_with_trigger.py
[2022-11-22T00:57:56.023+0000] {processor.py:766} INFO - DAG(s) dict_keys(['latest_only_with_trigger']) retrieved from /home/airflow/.local/lib/python3.7/site-packages/airflow/example_dags/example_latest_only_with_trigger.py
[2022-11-22T00:57:56.064+0000] {logging_mixin.py:137} INFO - [2022-11-22T00:57:56.064+0000] {dag.py:2585} INFO - Sync 1 DAGs
[2022-11-22T00:57:56.094+0000] {logging_mixin.py:137} INFO - [2022-11-22T00:57:56.094+0000] {dag.py:3340} INFO - Setting next_dagrun for latest_only_with_trigger to 2022-11-21T20:57:56.094424+00:00, run_after=2022-11-22T00:57:56.094424+00:00
[2022-11-22T00:57:56.117+0000] {processor.py:176} INFO - Processing /home/airflow/.local/lib/python3.7/site-packages/airflow/example_dags/example_latest_only_with_trigger.py took 0.112 seconds
[2022-11-22T00:58:26.413+0000] {processor.py:154} INFO - Started process (PID=3476) to work on /home/airflow/.local/lib/python3.7/site-packages/airflow/example_dags/example_latest_only_with_trigger.py
[2022-11-22T00:58:26.413+0000] {processor.py:756} INFO - Processing file /home/airflow/.local/lib/python3.7/site-packages/airflow/example_dags/example_latest_only_with_trigger.py for tasks to queue
[2022-11-22T00:58:26.414+0000] {logging_mixin.py:137} INFO - [2022-11-22T00:58:26.414+0000] {dagbag.py:537} INFO - Filling up the DagBag from /home/airflow/.local/lib/python3.7/site-packages/airflow/example_dags/example_latest_only_with_trigger.py
[2022-11-22T00:58:26.428+0000] {processor.py:766} INFO - DAG(s) dict_keys(['latest_only_with_trigger']) retrieved from /home/airflow/.local/lib/python3.7/site-packages/airflow/example_dags/example_latest_only_with_trigger.py
[2022-11-22T00:58:26.469+0000] {logging_mixin.py:137} INFO - [2022-11-22T00:58:26.469+0000] {dag.py:2585} INFO - Sync 1 DAGs
[2022-11-22T00:58:26.499+0000] {logging_mixin.py:137} INFO - [2022-11-22T00:58:26.499+0000] {dag.py:3340} INFO - Setting next_dagrun for latest_only_with_trigger to 2022-11-21T20:58:26.498866+00:00, run_after=2022-11-22T00:58:26.498866+00:00
[2022-11-22T00:58:26.521+0000] {processor.py:176} INFO - Processing /home/airflow/.local/lib/python3.7/site-packages/airflow/example_dags/example_latest_only_with_trigger.py took 0.111 seconds
[2022-11-22T00:58:56.571+0000] {processor.py:154} INFO - Started process (PID=3673) to work on /home/airflow/.local/lib/python3.7/site-packages/airflow/example_dags/example_latest_only_with_trigger.py
[2022-11-22T00:58:56.572+0000] {processor.py:756} INFO - Processing file /home/airflow/.local/lib/python3.7/site-packages/airflow/example_dags/example_latest_only_with_trigger.py for tasks to queue
[2022-11-22T00:58:56.573+0000] {logging_mixin.py:137} INFO - [2022-11-22T00:58:56.573+0000] {dagbag.py:537} INFO - Filling up the DagBag from /home/airflow/.local/lib/python3.7/site-packages/airflow/example_dags/example_latest_only_with_trigger.py
[2022-11-22T00:58:56.586+0000] {processor.py:766} INFO - DAG(s) dict_keys(['latest_only_with_trigger']) retrieved from /home/airflow/.local/lib/python3.7/site-packages/airflow/example_dags/example_latest_only_with_trigger.py
[2022-11-22T00:58:56.627+0000] {logging_mixin.py:137} INFO - [2022-11-22T00:58:56.626+0000] {dag.py:2585} INFO - Sync 1 DAGs
[2022-11-22T00:58:56.658+0000] {logging_mixin.py:137} INFO - [2022-11-22T00:58:56.657+0000] {dag.py:3340} INFO - Setting next_dagrun for latest_only_with_trigger to 2022-11-21T20:58:56.657695+00:00, run_after=2022-11-22T00:58:56.657695+00:00
[2022-11-22T00:58:56.678+0000] {processor.py:176} INFO - Processing /home/airflow/.local/lib/python3.7/site-packages/airflow/example_dags/example_latest_only_with_trigger.py took 0.110 seconds
[2022-11-22T00:59:26.921+0000] {processor.py:154} INFO - Started process (PID=3881) to work on /home/airflow/.local/lib/python3.7/site-packages/airflow/example_dags/example_latest_only_with_trigger.py
[2022-11-22T00:59:26.922+0000] {processor.py:756} INFO - Processing file /home/airflow/.local/lib/python3.7/site-packages/airflow/example_dags/example_latest_only_with_trigger.py for tasks to queue
[2022-11-22T00:59:26.923+0000] {logging_mixin.py:137} INFO - [2022-11-22T00:59:26.923+0000] {dagbag.py:537} INFO - Filling up the DagBag from /home/airflow/.local/lib/python3.7/site-packages/airflow/example_dags/example_latest_only_with_trigger.py
[2022-11-22T00:59:26.937+0000] {processor.py:766} INFO - DAG(s) dict_keys(['latest_only_with_trigger']) retrieved from /home/airflow/.local/lib/python3.7/site-packages/airflow/example_dags/example_latest_only_with_trigger.py
[2022-11-22T00:59:26.977+0000] {logging_mixin.py:137} INFO - [2022-11-22T00:59:26.977+0000] {dag.py:2585} INFO - Sync 1 DAGs
[2022-11-22T00:59:27.010+0000] {logging_mixin.py:137} INFO - [2022-11-22T00:59:27.010+0000] {dag.py:3340} INFO - Setting next_dagrun for latest_only_with_trigger to 2022-11-21T20:59:27.010165+00:00, run_after=2022-11-22T00:59:27.010165+00:00
[2022-11-22T00:59:27.032+0000] {processor.py:176} INFO - Processing /home/airflow/.local/lib/python3.7/site-packages/airflow/example_dags/example_latest_only_with_trigger.py took 0.113 seconds
[2022-11-22T00:59:57.164+0000] {processor.py:154} INFO - Started process (PID=4087) to work on /home/airflow/.local/lib/python3.7/site-packages/airflow/example_dags/example_latest_only_with_trigger.py
[2022-11-22T00:59:57.165+0000] {processor.py:756} INFO - Processing file /home/airflow/.local/lib/python3.7/site-packages/airflow/example_dags/example_latest_only_with_trigger.py for tasks to queue
[2022-11-22T00:59:57.166+0000] {logging_mixin.py:137} INFO - [2022-11-22T00:59:57.166+0000] {dagbag.py:537} INFO - Filling up the DagBag from /home/airflow/.local/lib/python3.7/site-packages/airflow/example_dags/example_latest_only_with_trigger.py
[2022-11-22T00:59:57.183+0000] {processor.py:766} INFO - DAG(s) dict_keys(['latest_only_with_trigger']) retrieved from /home/airflow/.local/lib/python3.7/site-packages/airflow/example_dags/example_latest_only_with_trigger.py
[2022-11-22T00:59:57.257+0000] {logging_mixin.py:137} INFO - [2022-11-22T00:59:57.257+0000] {dag.py:2585} INFO - Sync 1 DAGs
[2022-11-22T00:59:57.299+0000] {logging_mixin.py:137} INFO - [2022-11-22T00:59:57.298+0000] {dag.py:3340} INFO - Setting next_dagrun for latest_only_with_trigger to 2022-11-21T20:59:57.298585+00:00, run_after=2022-11-22T00:59:57.298585+00:00
[2022-11-22T00:59:57.326+0000] {processor.py:176} INFO - Processing /home/airflow/.local/lib/python3.7/site-packages/airflow/example_dags/example_latest_only_with_trigger.py took 0.167 seconds
[2022-11-22T01:00:27.371+0000] {processor.py:154} INFO - Started process (PID=4284) to work on /home/airflow/.local/lib/python3.7/site-packages/airflow/example_dags/example_latest_only_with_trigger.py
[2022-11-22T01:00:27.372+0000] {processor.py:756} INFO - Processing file /home/airflow/.local/lib/python3.7/site-packages/airflow/example_dags/example_latest_only_with_trigger.py for tasks to queue
[2022-11-22T01:00:27.372+0000] {logging_mixin.py:137} INFO - [2022-11-22T01:00:27.372+0000] {dagbag.py:537} INFO - Filling up the DagBag from /home/airflow/.local/lib/python3.7/site-packages/airflow/example_dags/example_latest_only_with_trigger.py
[2022-11-22T01:00:27.386+0000] {processor.py:766} INFO - DAG(s) dict_keys(['latest_only_with_trigger']) retrieved from /home/airflow/.local/lib/python3.7/site-packages/airflow/example_dags/example_latest_only_with_trigger.py
[2022-11-22T01:00:27.426+0000] {logging_mixin.py:137} INFO - [2022-11-22T01:00:27.426+0000] {dag.py:2585} INFO - Sync 1 DAGs
[2022-11-22T01:00:27.457+0000] {logging_mixin.py:137} INFO - [2022-11-22T01:00:27.457+0000] {dag.py:3340} INFO - Setting next_dagrun for latest_only_with_trigger to 2022-11-21T21:00:27.456773+00:00, run_after=2022-11-22T01:00:27.456773+00:00
[2022-11-22T01:00:27.478+0000] {processor.py:176} INFO - Processing /home/airflow/.local/lib/python3.7/site-packages/airflow/example_dags/example_latest_only_with_trigger.py took 0.111 seconds
[2022-11-22T01:00:57.678+0000] {processor.py:154} INFO - Started process (PID=4491) to work on /home/airflow/.local/lib/python3.7/site-packages/airflow/example_dags/example_latest_only_with_trigger.py
[2022-11-22T01:00:57.679+0000] {processor.py:756} INFO - Processing file /home/airflow/.local/lib/python3.7/site-packages/airflow/example_dags/example_latest_only_with_trigger.py for tasks to queue
[2022-11-22T01:00:57.679+0000] {logging_mixin.py:137} INFO - [2022-11-22T01:00:57.679+0000] {dagbag.py:537} INFO - Filling up the DagBag from /home/airflow/.local/lib/python3.7/site-packages/airflow/example_dags/example_latest_only_with_trigger.py
[2022-11-22T01:00:57.694+0000] {processor.py:766} INFO - DAG(s) dict_keys(['latest_only_with_trigger']) retrieved from /home/airflow/.local/lib/python3.7/site-packages/airflow/example_dags/example_latest_only_with_trigger.py
[2022-11-22T01:00:57.735+0000] {logging_mixin.py:137} INFO - [2022-11-22T01:00:57.735+0000] {dag.py:2585} INFO - Sync 1 DAGs
[2022-11-22T01:00:57.766+0000] {logging_mixin.py:137} INFO - [2022-11-22T01:00:57.765+0000] {dag.py:3340} INFO - Setting next_dagrun for latest_only_with_trigger to 2022-11-21T21:00:57.765557+00:00, run_after=2022-11-22T01:00:57.765557+00:00
[2022-11-22T01:00:57.789+0000] {processor.py:176} INFO - Processing /home/airflow/.local/lib/python3.7/site-packages/airflow/example_dags/example_latest_only_with_trigger.py took 0.114 seconds
[2022-11-22T01:01:27.886+0000] {processor.py:154} INFO - Started process (PID=4689) to work on /home/airflow/.local/lib/python3.7/site-packages/airflow/example_dags/example_latest_only_with_trigger.py
[2022-11-22T01:01:27.886+0000] {processor.py:756} INFO - Processing file /home/airflow/.local/lib/python3.7/site-packages/airflow/example_dags/example_latest_only_with_trigger.py for tasks to queue
[2022-11-22T01:01:27.887+0000] {logging_mixin.py:137} INFO - [2022-11-22T01:01:27.887+0000] {dagbag.py:537} INFO - Filling up the DagBag from /home/airflow/.local/lib/python3.7/site-packages/airflow/example_dags/example_latest_only_with_trigger.py
[2022-11-22T01:01:27.900+0000] {processor.py:766} INFO - DAG(s) dict_keys(['latest_only_with_trigger']) retrieved from /home/airflow/.local/lib/python3.7/site-packages/airflow/example_dags/example_latest_only_with_trigger.py
[2022-11-22T01:01:27.940+0000] {logging_mixin.py:137} INFO - [2022-11-22T01:01:27.940+0000] {dag.py:2585} INFO - Sync 1 DAGs
[2022-11-22T01:01:27.972+0000] {logging_mixin.py:137} INFO - [2022-11-22T01:01:27.972+0000] {dag.py:3340} INFO - Setting next_dagrun for latest_only_with_trigger to 2022-11-21T21:01:27.971835+00:00, run_after=2022-11-22T01:01:27.971835+00:00
[2022-11-22T01:01:27.993+0000] {processor.py:176} INFO - Processing /home/airflow/.local/lib/python3.7/site-packages/airflow/example_dags/example_latest_only_with_trigger.py took 0.110 seconds
