[2022-11-22T00:50:20.116+0000] {processor.py:154} INFO - Started process (PID=313) to work on /home/airflow/.local/lib/python3.7/site-packages/airflow/example_dags/example_branch_day_of_week_operator.py
[2022-11-22T00:50:20.117+0000] {processor.py:756} INFO - Processing file /home/airflow/.local/lib/python3.7/site-packages/airflow/example_dags/example_branch_day_of_week_operator.py for tasks to queue
[2022-11-22T00:50:20.117+0000] {logging_mixin.py:137} INFO - [2022-11-22T00:50:20.117+0000] {dagbag.py:537} INFO - Filling up the DagBag from /home/airflow/.local/lib/python3.7/site-packages/airflow/example_dags/example_branch_day_of_week_operator.py
[2022-11-22T00:50:20.136+0000] {processor.py:766} INFO - DAG(s) dict_keys(['example_weekday_branch_operator']) retrieved from /home/airflow/.local/lib/python3.7/site-packages/airflow/example_dags/example_branch_day_of_week_operator.py
[2022-11-22T00:50:20.165+0000] {logging_mixin.py:137} INFO - [2022-11-22T00:50:20.164+0000] {dag.py:2585} INFO - Sync 1 DAGs
[2022-11-22T00:50:20.200+0000] {logging_mixin.py:137} INFO - [2022-11-22T00:50:20.200+0000] {dag.py:3340} INFO - Setting next_dagrun for example_weekday_branch_operator to 2022-11-21T00:00:00+00:00, run_after=2022-11-22T00:00:00+00:00
[2022-11-22T00:50:20.226+0000] {processor.py:176} INFO - Processing /home/airflow/.local/lib/python3.7/site-packages/airflow/example_dags/example_branch_day_of_week_operator.py took 0.113 seconds
[2022-11-22T00:50:51.225+0000] {processor.py:154} INFO - Started process (PID=511) to work on /home/airflow/.local/lib/python3.7/site-packages/airflow/example_dags/example_branch_day_of_week_operator.py
[2022-11-22T00:50:51.226+0000] {processor.py:756} INFO - Processing file /home/airflow/.local/lib/python3.7/site-packages/airflow/example_dags/example_branch_day_of_week_operator.py for tasks to queue
[2022-11-22T00:50:51.226+0000] {logging_mixin.py:137} INFO - [2022-11-22T00:50:51.226+0000] {dagbag.py:537} INFO - Filling up the DagBag from /home/airflow/.local/lib/python3.7/site-packages/airflow/example_dags/example_branch_day_of_week_operator.py
[2022-11-22T00:50:51.245+0000] {processor.py:766} INFO - DAG(s) dict_keys(['example_weekday_branch_operator']) retrieved from /home/airflow/.local/lib/python3.7/site-packages/airflow/example_dags/example_branch_day_of_week_operator.py
[2022-11-22T00:50:51.288+0000] {logging_mixin.py:137} INFO - [2022-11-22T00:50:51.288+0000] {dag.py:2585} INFO - Sync 1 DAGs
[2022-11-22T00:50:51.321+0000] {logging_mixin.py:137} INFO - [2022-11-22T00:50:51.321+0000] {dag.py:3340} INFO - Setting next_dagrun for example_weekday_branch_operator to 2022-11-21T00:00:00+00:00, run_after=2022-11-22T00:00:00+00:00
[2022-11-22T00:50:51.347+0000] {processor.py:176} INFO - Processing /home/airflow/.local/lib/python3.7/site-packages/airflow/example_dags/example_branch_day_of_week_operator.py took 0.126 seconds
[2022-11-22T00:51:21.443+0000] {processor.py:154} INFO - Started process (PID=721) to work on /home/airflow/.local/lib/python3.7/site-packages/airflow/example_dags/example_branch_day_of_week_operator.py
[2022-11-22T00:51:21.444+0000] {processor.py:756} INFO - Processing file /home/airflow/.local/lib/python3.7/site-packages/airflow/example_dags/example_branch_day_of_week_operator.py for tasks to queue
[2022-11-22T00:51:21.445+0000] {logging_mixin.py:137} INFO - [2022-11-22T00:51:21.445+0000] {dagbag.py:537} INFO - Filling up the DagBag from /home/airflow/.local/lib/python3.7/site-packages/airflow/example_dags/example_branch_day_of_week_operator.py
[2022-11-22T00:51:21.463+0000] {processor.py:766} INFO - DAG(s) dict_keys(['example_weekday_branch_operator']) retrieved from /home/airflow/.local/lib/python3.7/site-packages/airflow/example_dags/example_branch_day_of_week_operator.py
[2022-11-22T00:51:21.506+0000] {logging_mixin.py:137} INFO - [2022-11-22T00:51:21.506+0000] {dag.py:2585} INFO - Sync 1 DAGs
[2022-11-22T00:51:21.540+0000] {logging_mixin.py:137} INFO - [2022-11-22T00:51:21.540+0000] {dag.py:3340} INFO - Setting next_dagrun for example_weekday_branch_operator to 2022-11-21T00:00:00+00:00, run_after=2022-11-22T00:00:00+00:00
[2022-11-22T00:51:21.571+0000] {processor.py:176} INFO - Processing /home/airflow/.local/lib/python3.7/site-packages/airflow/example_dags/example_branch_day_of_week_operator.py took 0.131 seconds
[2022-11-22T00:51:52.070+0000] {processor.py:154} INFO - Started process (PID=931) to work on /home/airflow/.local/lib/python3.7/site-packages/airflow/example_dags/example_branch_day_of_week_operator.py
[2022-11-22T00:51:52.071+0000] {processor.py:756} INFO - Processing file /home/airflow/.local/lib/python3.7/site-packages/airflow/example_dags/example_branch_day_of_week_operator.py for tasks to queue
[2022-11-22T00:51:52.071+0000] {logging_mixin.py:137} INFO - [2022-11-22T00:51:52.071+0000] {dagbag.py:537} INFO - Filling up the DagBag from /home/airflow/.local/lib/python3.7/site-packages/airflow/example_dags/example_branch_day_of_week_operator.py
[2022-11-22T00:51:52.090+0000] {processor.py:766} INFO - DAG(s) dict_keys(['example_weekday_branch_operator']) retrieved from /home/airflow/.local/lib/python3.7/site-packages/airflow/example_dags/example_branch_day_of_week_operator.py
[2022-11-22T00:51:52.139+0000] {logging_mixin.py:137} INFO - [2022-11-22T00:51:52.139+0000] {dag.py:2585} INFO - Sync 1 DAGs
[2022-11-22T00:51:52.171+0000] {logging_mixin.py:137} INFO - [2022-11-22T00:51:52.171+0000] {dag.py:3340} INFO - Setting next_dagrun for example_weekday_branch_operator to 2022-11-21T00:00:00+00:00, run_after=2022-11-22T00:00:00+00:00
[2022-11-22T00:51:52.193+0000] {processor.py:176} INFO - Processing /home/airflow/.local/lib/python3.7/site-packages/airflow/example_dags/example_branch_day_of_week_operator.py took 0.126 seconds
[2022-11-22T00:52:22.444+0000] {processor.py:154} INFO - Started process (PID=1129) to work on /home/airflow/.local/lib/python3.7/site-packages/airflow/example_dags/example_branch_day_of_week_operator.py
[2022-11-22T00:52:22.445+0000] {processor.py:756} INFO - Processing file /home/airflow/.local/lib/python3.7/site-packages/airflow/example_dags/example_branch_day_of_week_operator.py for tasks to queue
[2022-11-22T00:52:22.445+0000] {logging_mixin.py:137} INFO - [2022-11-22T00:52:22.445+0000] {dagbag.py:537} INFO - Filling up the DagBag from /home/airflow/.local/lib/python3.7/site-packages/airflow/example_dags/example_branch_day_of_week_operator.py
[2022-11-22T00:52:22.462+0000] {processor.py:766} INFO - DAG(s) dict_keys(['example_weekday_branch_operator']) retrieved from /home/airflow/.local/lib/python3.7/site-packages/airflow/example_dags/example_branch_day_of_week_operator.py
[2022-11-22T00:52:22.503+0000] {logging_mixin.py:137} INFO - [2022-11-22T00:52:22.503+0000] {dag.py:2585} INFO - Sync 1 DAGs
[2022-11-22T00:52:22.535+0000] {logging_mixin.py:137} INFO - [2022-11-22T00:52:22.535+0000] {dag.py:3340} INFO - Setting next_dagrun for example_weekday_branch_operator to 2022-11-21T00:00:00+00:00, run_after=2022-11-22T00:00:00+00:00
[2022-11-22T00:52:22.557+0000] {processor.py:176} INFO - Processing /home/airflow/.local/lib/python3.7/site-packages/airflow/example_dags/example_branch_day_of_week_operator.py took 0.116 seconds
[2022-11-22T00:52:52.726+0000] {processor.py:154} INFO - Started process (PID=1336) to work on /home/airflow/.local/lib/python3.7/site-packages/airflow/example_dags/example_branch_day_of_week_operator.py
[2022-11-22T00:52:52.727+0000] {processor.py:756} INFO - Processing file /home/airflow/.local/lib/python3.7/site-packages/airflow/example_dags/example_branch_day_of_week_operator.py for tasks to queue
[2022-11-22T00:52:52.728+0000] {logging_mixin.py:137} INFO - [2022-11-22T00:52:52.728+0000] {dagbag.py:537} INFO - Filling up the DagBag from /home/airflow/.local/lib/python3.7/site-packages/airflow/example_dags/example_branch_day_of_week_operator.py
[2022-11-22T00:52:52.747+0000] {processor.py:766} INFO - DAG(s) dict_keys(['example_weekday_branch_operator']) retrieved from /home/airflow/.local/lib/python3.7/site-packages/airflow/example_dags/example_branch_day_of_week_operator.py
[2022-11-22T00:52:52.790+0000] {logging_mixin.py:137} INFO - [2022-11-22T00:52:52.790+0000] {dag.py:2585} INFO - Sync 1 DAGs
[2022-11-22T00:52:52.823+0000] {logging_mixin.py:137} INFO - [2022-11-22T00:52:52.823+0000] {dag.py:3340} INFO - Setting next_dagrun for example_weekday_branch_operator to 2022-11-21T00:00:00+00:00, run_after=2022-11-22T00:00:00+00:00
[2022-11-22T00:52:52.847+0000] {processor.py:176} INFO - Processing /home/airflow/.local/lib/python3.7/site-packages/airflow/example_dags/example_branch_day_of_week_operator.py took 0.124 seconds
[2022-11-22T00:53:23.290+0000] {processor.py:154} INFO - Started process (PID=1535) to work on /home/airflow/.local/lib/python3.7/site-packages/airflow/example_dags/example_branch_day_of_week_operator.py
[2022-11-22T00:53:23.291+0000] {processor.py:756} INFO - Processing file /home/airflow/.local/lib/python3.7/site-packages/airflow/example_dags/example_branch_day_of_week_operator.py for tasks to queue
[2022-11-22T00:53:23.292+0000] {logging_mixin.py:137} INFO - [2022-11-22T00:53:23.292+0000] {dagbag.py:537} INFO - Filling up the DagBag from /home/airflow/.local/lib/python3.7/site-packages/airflow/example_dags/example_branch_day_of_week_operator.py
[2022-11-22T00:53:23.313+0000] {processor.py:766} INFO - DAG(s) dict_keys(['example_weekday_branch_operator']) retrieved from /home/airflow/.local/lib/python3.7/site-packages/airflow/example_dags/example_branch_day_of_week_operator.py
[2022-11-22T00:53:23.356+0000] {logging_mixin.py:137} INFO - [2022-11-22T00:53:23.356+0000] {dag.py:2585} INFO - Sync 1 DAGs
[2022-11-22T00:53:23.397+0000] {logging_mixin.py:137} INFO - [2022-11-22T00:53:23.397+0000] {dag.py:3340} INFO - Setting next_dagrun for example_weekday_branch_operator to 2022-11-21T00:00:00+00:00, run_after=2022-11-22T00:00:00+00:00
[2022-11-22T00:53:23.422+0000] {processor.py:176} INFO - Processing /home/airflow/.local/lib/python3.7/site-packages/airflow/example_dags/example_branch_day_of_week_operator.py took 0.134 seconds
[2022-11-22T00:53:54.228+0000] {processor.py:154} INFO - Started process (PID=1742) to work on /home/airflow/.local/lib/python3.7/site-packages/airflow/example_dags/example_branch_day_of_week_operator.py
[2022-11-22T00:53:54.229+0000] {processor.py:756} INFO - Processing file /home/airflow/.local/lib/python3.7/site-packages/airflow/example_dags/example_branch_day_of_week_operator.py for tasks to queue
[2022-11-22T00:53:54.230+0000] {logging_mixin.py:137} INFO - [2022-11-22T00:53:54.230+0000] {dagbag.py:537} INFO - Filling up the DagBag from /home/airflow/.local/lib/python3.7/site-packages/airflow/example_dags/example_branch_day_of_week_operator.py
[2022-11-22T00:53:54.247+0000] {processor.py:766} INFO - DAG(s) dict_keys(['example_weekday_branch_operator']) retrieved from /home/airflow/.local/lib/python3.7/site-packages/airflow/example_dags/example_branch_day_of_week_operator.py
[2022-11-22T00:53:54.293+0000] {logging_mixin.py:137} INFO - [2022-11-22T00:53:54.293+0000] {dag.py:2585} INFO - Sync 1 DAGs
[2022-11-22T00:53:54.327+0000] {logging_mixin.py:137} INFO - [2022-11-22T00:53:54.327+0000] {dag.py:3340} INFO - Setting next_dagrun for example_weekday_branch_operator to 2022-11-21T00:00:00+00:00, run_after=2022-11-22T00:00:00+00:00
[2022-11-22T00:53:54.350+0000] {processor.py:176} INFO - Processing /home/airflow/.local/lib/python3.7/site-packages/airflow/example_dags/example_branch_day_of_week_operator.py took 0.125 seconds
[2022-11-22T00:54:24.583+0000] {processor.py:154} INFO - Started process (PID=1949) to work on /home/airflow/.local/lib/python3.7/site-packages/airflow/example_dags/example_branch_day_of_week_operator.py
[2022-11-22T00:54:24.584+0000] {processor.py:756} INFO - Processing file /home/airflow/.local/lib/python3.7/site-packages/airflow/example_dags/example_branch_day_of_week_operator.py for tasks to queue
[2022-11-22T00:54:24.584+0000] {logging_mixin.py:137} INFO - [2022-11-22T00:54:24.584+0000] {dagbag.py:537} INFO - Filling up the DagBag from /home/airflow/.local/lib/python3.7/site-packages/airflow/example_dags/example_branch_day_of_week_operator.py
[2022-11-22T00:54:24.600+0000] {processor.py:766} INFO - DAG(s) dict_keys(['example_weekday_branch_operator']) retrieved from /home/airflow/.local/lib/python3.7/site-packages/airflow/example_dags/example_branch_day_of_week_operator.py
[2022-11-22T00:54:24.640+0000] {logging_mixin.py:137} INFO - [2022-11-22T00:54:24.639+0000] {dag.py:2585} INFO - Sync 1 DAGs
[2022-11-22T00:54:24.668+0000] {logging_mixin.py:137} INFO - [2022-11-22T00:54:24.668+0000] {dag.py:3340} INFO - Setting next_dagrun for example_weekday_branch_operator to 2022-11-21T00:00:00+00:00, run_after=2022-11-22T00:00:00+00:00
[2022-11-22T00:54:24.689+0000] {processor.py:176} INFO - Processing /home/airflow/.local/lib/python3.7/site-packages/airflow/example_dags/example_branch_day_of_week_operator.py took 0.108 seconds
[2022-11-22T00:54:55.993+0000] {processor.py:154} INFO - Started process (PID=2152) to work on /home/airflow/.local/lib/python3.7/site-packages/airflow/example_dags/example_branch_day_of_week_operator.py
[2022-11-22T00:54:55.994+0000] {processor.py:756} INFO - Processing file /home/airflow/.local/lib/python3.7/site-packages/airflow/example_dags/example_branch_day_of_week_operator.py for tasks to queue
[2022-11-22T00:54:55.995+0000] {logging_mixin.py:137} INFO - [2022-11-22T00:54:55.995+0000] {dagbag.py:537} INFO - Filling up the DagBag from /home/airflow/.local/lib/python3.7/site-packages/airflow/example_dags/example_branch_day_of_week_operator.py
[2022-11-22T00:54:56.016+0000] {processor.py:766} INFO - DAG(s) dict_keys(['example_weekday_branch_operator']) retrieved from /home/airflow/.local/lib/python3.7/site-packages/airflow/example_dags/example_branch_day_of_week_operator.py
[2022-11-22T00:54:56.065+0000] {logging_mixin.py:137} INFO - [2022-11-22T00:54:56.065+0000] {dag.py:2585} INFO - Sync 1 DAGs
[2022-11-22T00:54:56.101+0000] {logging_mixin.py:137} INFO - [2022-11-22T00:54:56.101+0000] {dag.py:3340} INFO - Setting next_dagrun for example_weekday_branch_operator to 2022-11-21T00:00:00+00:00, run_after=2022-11-22T00:00:00+00:00
[2022-11-22T00:54:56.131+0000] {processor.py:176} INFO - Processing /home/airflow/.local/lib/python3.7/site-packages/airflow/example_dags/example_branch_day_of_week_operator.py took 0.142 seconds
[2022-11-22T00:55:26.397+0000] {processor.py:154} INFO - Started process (PID=2353) to work on /home/airflow/.local/lib/python3.7/site-packages/airflow/example_dags/example_branch_day_of_week_operator.py
[2022-11-22T00:55:26.397+0000] {processor.py:756} INFO - Processing file /home/airflow/.local/lib/python3.7/site-packages/airflow/example_dags/example_branch_day_of_week_operator.py for tasks to queue
[2022-11-22T00:55:26.398+0000] {logging_mixin.py:137} INFO - [2022-11-22T00:55:26.398+0000] {dagbag.py:537} INFO - Filling up the DagBag from /home/airflow/.local/lib/python3.7/site-packages/airflow/example_dags/example_branch_day_of_week_operator.py
[2022-11-22T00:55:26.414+0000] {processor.py:766} INFO - DAG(s) dict_keys(['example_weekday_branch_operator']) retrieved from /home/airflow/.local/lib/python3.7/site-packages/airflow/example_dags/example_branch_day_of_week_operator.py
[2022-11-22T00:55:26.460+0000] {logging_mixin.py:137} INFO - [2022-11-22T00:55:26.460+0000] {dag.py:2585} INFO - Sync 1 DAGs
[2022-11-22T00:55:26.493+0000] {logging_mixin.py:137} INFO - [2022-11-22T00:55:26.493+0000] {dag.py:3340} INFO - Setting next_dagrun for example_weekday_branch_operator to 2022-11-21T00:00:00+00:00, run_after=2022-11-22T00:00:00+00:00
[2022-11-22T00:55:26.515+0000] {processor.py:176} INFO - Processing /home/airflow/.local/lib/python3.7/site-packages/airflow/example_dags/example_branch_day_of_week_operator.py took 0.120 seconds
[2022-11-22T00:55:57.342+0000] {processor.py:154} INFO - Started process (PID=2557) to work on /home/airflow/.local/lib/python3.7/site-packages/airflow/example_dags/example_branch_day_of_week_operator.py
[2022-11-22T00:55:57.343+0000] {processor.py:756} INFO - Processing file /home/airflow/.local/lib/python3.7/site-packages/airflow/example_dags/example_branch_day_of_week_operator.py for tasks to queue
[2022-11-22T00:55:57.343+0000] {logging_mixin.py:137} INFO - [2022-11-22T00:55:57.343+0000] {dagbag.py:537} INFO - Filling up the DagBag from /home/airflow/.local/lib/python3.7/site-packages/airflow/example_dags/example_branch_day_of_week_operator.py
[2022-11-22T00:55:57.359+0000] {processor.py:766} INFO - DAG(s) dict_keys(['example_weekday_branch_operator']) retrieved from /home/airflow/.local/lib/python3.7/site-packages/airflow/example_dags/example_branch_day_of_week_operator.py
[2022-11-22T00:55:57.399+0000] {logging_mixin.py:137} INFO - [2022-11-22T00:55:57.399+0000] {dag.py:2585} INFO - Sync 1 DAGs
[2022-11-22T00:55:57.429+0000] {logging_mixin.py:137} INFO - [2022-11-22T00:55:57.429+0000] {dag.py:3340} INFO - Setting next_dagrun for example_weekday_branch_operator to 2022-11-21T00:00:00+00:00, run_after=2022-11-22T00:00:00+00:00
[2022-11-22T00:55:57.450+0000] {processor.py:176} INFO - Processing /home/airflow/.local/lib/python3.7/site-packages/airflow/example_dags/example_branch_day_of_week_operator.py took 0.110 seconds
[2022-11-22T00:56:28.904+0000] {processor.py:154} INFO - Started process (PID=2764) to work on /home/airflow/.local/lib/python3.7/site-packages/airflow/example_dags/example_branch_day_of_week_operator.py
[2022-11-22T00:56:28.905+0000] {processor.py:756} INFO - Processing file /home/airflow/.local/lib/python3.7/site-packages/airflow/example_dags/example_branch_day_of_week_operator.py for tasks to queue
[2022-11-22T00:56:28.905+0000] {logging_mixin.py:137} INFO - [2022-11-22T00:56:28.905+0000] {dagbag.py:537} INFO - Filling up the DagBag from /home/airflow/.local/lib/python3.7/site-packages/airflow/example_dags/example_branch_day_of_week_operator.py
[2022-11-22T00:56:28.924+0000] {processor.py:766} INFO - DAG(s) dict_keys(['example_weekday_branch_operator']) retrieved from /home/airflow/.local/lib/python3.7/site-packages/airflow/example_dags/example_branch_day_of_week_operator.py
[2022-11-22T00:56:28.969+0000] {logging_mixin.py:137} INFO - [2022-11-22T00:56:28.968+0000] {dag.py:2585} INFO - Sync 1 DAGs
[2022-11-22T00:56:29.000+0000] {logging_mixin.py:137} INFO - [2022-11-22T00:56:29.000+0000] {dag.py:3340} INFO - Setting next_dagrun for example_weekday_branch_operator to 2022-11-21T00:00:00+00:00, run_after=2022-11-22T00:00:00+00:00
[2022-11-22T00:56:29.023+0000] {processor.py:176} INFO - Processing /home/airflow/.local/lib/python3.7/site-packages/airflow/example_dags/example_branch_day_of_week_operator.py took 0.121 seconds
[2022-11-22T00:56:59.077+0000] {processor.py:154} INFO - Started process (PID=2964) to work on /home/airflow/.local/lib/python3.7/site-packages/airflow/example_dags/example_branch_day_of_week_operator.py
[2022-11-22T00:56:59.078+0000] {processor.py:756} INFO - Processing file /home/airflow/.local/lib/python3.7/site-packages/airflow/example_dags/example_branch_day_of_week_operator.py for tasks to queue
[2022-11-22T00:56:59.078+0000] {logging_mixin.py:137} INFO - [2022-11-22T00:56:59.078+0000] {dagbag.py:537} INFO - Filling up the DagBag from /home/airflow/.local/lib/python3.7/site-packages/airflow/example_dags/example_branch_day_of_week_operator.py
[2022-11-22T00:56:59.093+0000] {processor.py:766} INFO - DAG(s) dict_keys(['example_weekday_branch_operator']) retrieved from /home/airflow/.local/lib/python3.7/site-packages/airflow/example_dags/example_branch_day_of_week_operator.py
[2022-11-22T00:56:59.128+0000] {logging_mixin.py:137} INFO - [2022-11-22T00:56:59.128+0000] {dag.py:2585} INFO - Sync 1 DAGs
[2022-11-22T00:56:59.157+0000] {logging_mixin.py:137} INFO - [2022-11-22T00:56:59.157+0000] {dag.py:3340} INFO - Setting next_dagrun for example_weekday_branch_operator to 2022-11-21T00:00:00+00:00, run_after=2022-11-22T00:00:00+00:00
[2022-11-22T00:56:59.179+0000] {processor.py:176} INFO - Processing /home/airflow/.local/lib/python3.7/site-packages/airflow/example_dags/example_branch_day_of_week_operator.py took 0.104 seconds
[2022-11-22T00:57:29.915+0000] {processor.py:154} INFO - Started process (PID=3170) to work on /home/airflow/.local/lib/python3.7/site-packages/airflow/example_dags/example_branch_day_of_week_operator.py
[2022-11-22T00:57:29.915+0000] {processor.py:756} INFO - Processing file /home/airflow/.local/lib/python3.7/site-packages/airflow/example_dags/example_branch_day_of_week_operator.py for tasks to queue
[2022-11-22T00:57:29.916+0000] {logging_mixin.py:137} INFO - [2022-11-22T00:57:29.916+0000] {dagbag.py:537} INFO - Filling up the DagBag from /home/airflow/.local/lib/python3.7/site-packages/airflow/example_dags/example_branch_day_of_week_operator.py
[2022-11-22T00:57:29.931+0000] {processor.py:766} INFO - DAG(s) dict_keys(['example_weekday_branch_operator']) retrieved from /home/airflow/.local/lib/python3.7/site-packages/airflow/example_dags/example_branch_day_of_week_operator.py
[2022-11-22T00:57:29.973+0000] {logging_mixin.py:137} INFO - [2022-11-22T00:57:29.973+0000] {dag.py:2585} INFO - Sync 1 DAGs
[2022-11-22T00:57:30.006+0000] {logging_mixin.py:137} INFO - [2022-11-22T00:57:30.006+0000] {dag.py:3340} INFO - Setting next_dagrun for example_weekday_branch_operator to 2022-11-21T00:00:00+00:00, run_after=2022-11-22T00:00:00+00:00
[2022-11-22T00:57:30.031+0000] {processor.py:176} INFO - Processing /home/airflow/.local/lib/python3.7/site-packages/airflow/example_dags/example_branch_day_of_week_operator.py took 0.118 seconds
[2022-11-22T00:58:01.069+0000] {processor.py:154} INFO - Started process (PID=3377) to work on /home/airflow/.local/lib/python3.7/site-packages/airflow/example_dags/example_branch_day_of_week_operator.py
[2022-11-22T00:58:01.069+0000] {processor.py:756} INFO - Processing file /home/airflow/.local/lib/python3.7/site-packages/airflow/example_dags/example_branch_day_of_week_operator.py for tasks to queue
[2022-11-22T00:58:01.070+0000] {logging_mixin.py:137} INFO - [2022-11-22T00:58:01.070+0000] {dagbag.py:537} INFO - Filling up the DagBag from /home/airflow/.local/lib/python3.7/site-packages/airflow/example_dags/example_branch_day_of_week_operator.py
[2022-11-22T00:58:01.097+0000] {processor.py:766} INFO - DAG(s) dict_keys(['example_weekday_branch_operator']) retrieved from /home/airflow/.local/lib/python3.7/site-packages/airflow/example_dags/example_branch_day_of_week_operator.py
[2022-11-22T00:58:01.162+0000] {logging_mixin.py:137} INFO - [2022-11-22T00:58:01.162+0000] {dag.py:2585} INFO - Sync 1 DAGs
[2022-11-22T00:58:01.197+0000] {logging_mixin.py:137} INFO - [2022-11-22T00:58:01.197+0000] {dag.py:3340} INFO - Setting next_dagrun for example_weekday_branch_operator to 2022-11-21T00:00:00+00:00, run_after=2022-11-22T00:00:00+00:00
[2022-11-22T00:58:01.223+0000] {processor.py:176} INFO - Processing /home/airflow/.local/lib/python3.7/site-packages/airflow/example_dags/example_branch_day_of_week_operator.py took 0.159 seconds
[2022-11-22T00:58:31.329+0000] {processor.py:154} INFO - Started process (PID=3576) to work on /home/airflow/.local/lib/python3.7/site-packages/airflow/example_dags/example_branch_day_of_week_operator.py
[2022-11-22T00:58:31.329+0000] {processor.py:756} INFO - Processing file /home/airflow/.local/lib/python3.7/site-packages/airflow/example_dags/example_branch_day_of_week_operator.py for tasks to queue
[2022-11-22T00:58:31.330+0000] {logging_mixin.py:137} INFO - [2022-11-22T00:58:31.330+0000] {dagbag.py:537} INFO - Filling up the DagBag from /home/airflow/.local/lib/python3.7/site-packages/airflow/example_dags/example_branch_day_of_week_operator.py
[2022-11-22T00:58:31.344+0000] {processor.py:766} INFO - DAG(s) dict_keys(['example_weekday_branch_operator']) retrieved from /home/airflow/.local/lib/python3.7/site-packages/airflow/example_dags/example_branch_day_of_week_operator.py
[2022-11-22T00:58:31.382+0000] {logging_mixin.py:137} INFO - [2022-11-22T00:58:31.382+0000] {dag.py:2585} INFO - Sync 1 DAGs
[2022-11-22T00:58:31.412+0000] {logging_mixin.py:137} INFO - [2022-11-22T00:58:31.411+0000] {dag.py:3340} INFO - Setting next_dagrun for example_weekday_branch_operator to 2022-11-21T00:00:00+00:00, run_after=2022-11-22T00:00:00+00:00
[2022-11-22T00:58:31.432+0000] {processor.py:176} INFO - Processing /home/airflow/.local/lib/python3.7/site-packages/airflow/example_dags/example_branch_day_of_week_operator.py took 0.105 seconds
[2022-11-22T00:59:02.298+0000] {processor.py:154} INFO - Started process (PID=3780) to work on /home/airflow/.local/lib/python3.7/site-packages/airflow/example_dags/example_branch_day_of_week_operator.py
[2022-11-22T00:59:02.299+0000] {processor.py:756} INFO - Processing file /home/airflow/.local/lib/python3.7/site-packages/airflow/example_dags/example_branch_day_of_week_operator.py for tasks to queue
[2022-11-22T00:59:02.300+0000] {logging_mixin.py:137} INFO - [2022-11-22T00:59:02.300+0000] {dagbag.py:537} INFO - Filling up the DagBag from /home/airflow/.local/lib/python3.7/site-packages/airflow/example_dags/example_branch_day_of_week_operator.py
[2022-11-22T00:59:02.326+0000] {processor.py:766} INFO - DAG(s) dict_keys(['example_weekday_branch_operator']) retrieved from /home/airflow/.local/lib/python3.7/site-packages/airflow/example_dags/example_branch_day_of_week_operator.py
[2022-11-22T00:59:02.367+0000] {logging_mixin.py:137} INFO - [2022-11-22T00:59:02.366+0000] {dag.py:2585} INFO - Sync 1 DAGs
[2022-11-22T00:59:02.395+0000] {logging_mixin.py:137} INFO - [2022-11-22T00:59:02.395+0000] {dag.py:3340} INFO - Setting next_dagrun for example_weekday_branch_operator to 2022-11-21T00:00:00+00:00, run_after=2022-11-22T00:00:00+00:00
[2022-11-22T00:59:02.418+0000] {processor.py:176} INFO - Processing /home/airflow/.local/lib/python3.7/site-packages/airflow/example_dags/example_branch_day_of_week_operator.py took 0.122 seconds
[2022-11-22T00:59:32.870+0000] {processor.py:154} INFO - Started process (PID=3979) to work on /home/airflow/.local/lib/python3.7/site-packages/airflow/example_dags/example_branch_day_of_week_operator.py
[2022-11-22T00:59:32.871+0000] {processor.py:756} INFO - Processing file /home/airflow/.local/lib/python3.7/site-packages/airflow/example_dags/example_branch_day_of_week_operator.py for tasks to queue
[2022-11-22T00:59:32.871+0000] {logging_mixin.py:137} INFO - [2022-11-22T00:59:32.871+0000] {dagbag.py:537} INFO - Filling up the DagBag from /home/airflow/.local/lib/python3.7/site-packages/airflow/example_dags/example_branch_day_of_week_operator.py
[2022-11-22T00:59:32.891+0000] {processor.py:766} INFO - DAG(s) dict_keys(['example_weekday_branch_operator']) retrieved from /home/airflow/.local/lib/python3.7/site-packages/airflow/example_dags/example_branch_day_of_week_operator.py
[2022-11-22T00:59:32.936+0000] {logging_mixin.py:137} INFO - [2022-11-22T00:59:32.935+0000] {dag.py:2585} INFO - Sync 1 DAGs
[2022-11-22T00:59:32.968+0000] {logging_mixin.py:137} INFO - [2022-11-22T00:59:32.968+0000] {dag.py:3340} INFO - Setting next_dagrun for example_weekday_branch_operator to 2022-11-21T00:00:00+00:00, run_after=2022-11-22T00:00:00+00:00
[2022-11-22T00:59:32.989+0000] {processor.py:176} INFO - Processing /home/airflow/.local/lib/python3.7/site-packages/airflow/example_dags/example_branch_day_of_week_operator.py took 0.129 seconds
[2022-11-22T01:00:04.032+0000] {processor.py:154} INFO - Started process (PID=4185) to work on /home/airflow/.local/lib/python3.7/site-packages/airflow/example_dags/example_branch_day_of_week_operator.py
[2022-11-22T01:00:04.033+0000] {processor.py:756} INFO - Processing file /home/airflow/.local/lib/python3.7/site-packages/airflow/example_dags/example_branch_day_of_week_operator.py for tasks to queue
[2022-11-22T01:00:04.034+0000] {logging_mixin.py:137} INFO - [2022-11-22T01:00:04.034+0000] {dagbag.py:537} INFO - Filling up the DagBag from /home/airflow/.local/lib/python3.7/site-packages/airflow/example_dags/example_branch_day_of_week_operator.py
[2022-11-22T01:00:04.052+0000] {processor.py:766} INFO - DAG(s) dict_keys(['example_weekday_branch_operator']) retrieved from /home/airflow/.local/lib/python3.7/site-packages/airflow/example_dags/example_branch_day_of_week_operator.py
[2022-11-22T01:00:04.094+0000] {logging_mixin.py:137} INFO - [2022-11-22T01:00:04.094+0000] {dag.py:2585} INFO - Sync 1 DAGs
[2022-11-22T01:00:04.128+0000] {logging_mixin.py:137} INFO - [2022-11-22T01:00:04.128+0000] {dag.py:3340} INFO - Setting next_dagrun for example_weekday_branch_operator to 2022-11-21T00:00:00+00:00, run_after=2022-11-22T00:00:00+00:00
[2022-11-22T01:00:04.152+0000] {processor.py:176} INFO - Processing /home/airflow/.local/lib/python3.7/site-packages/airflow/example_dags/example_branch_day_of_week_operator.py took 0.123 seconds
[2022-11-22T01:00:35.077+0000] {processor.py:154} INFO - Started process (PID=4391) to work on /home/airflow/.local/lib/python3.7/site-packages/airflow/example_dags/example_branch_day_of_week_operator.py
[2022-11-22T01:00:35.078+0000] {processor.py:756} INFO - Processing file /home/airflow/.local/lib/python3.7/site-packages/airflow/example_dags/example_branch_day_of_week_operator.py for tasks to queue
[2022-11-22T01:00:35.078+0000] {logging_mixin.py:137} INFO - [2022-11-22T01:00:35.078+0000] {dagbag.py:537} INFO - Filling up the DagBag from /home/airflow/.local/lib/python3.7/site-packages/airflow/example_dags/example_branch_day_of_week_operator.py
[2022-11-22T01:00:35.093+0000] {processor.py:766} INFO - DAG(s) dict_keys(['example_weekday_branch_operator']) retrieved from /home/airflow/.local/lib/python3.7/site-packages/airflow/example_dags/example_branch_day_of_week_operator.py
[2022-11-22T01:00:35.138+0000] {logging_mixin.py:137} INFO - [2022-11-22T01:00:35.138+0000] {dag.py:2585} INFO - Sync 1 DAGs
[2022-11-22T01:00:35.173+0000] {logging_mixin.py:137} INFO - [2022-11-22T01:00:35.173+0000] {dag.py:3340} INFO - Setting next_dagrun for example_weekday_branch_operator to 2022-11-21T00:00:00+00:00, run_after=2022-11-22T00:00:00+00:00
[2022-11-22T01:00:35.195+0000] {processor.py:176} INFO - Processing /home/airflow/.local/lib/python3.7/site-packages/airflow/example_dags/example_branch_day_of_week_operator.py took 0.120 seconds
[2022-11-22T01:01:05.696+0000] {processor.py:154} INFO - Started process (PID=4596) to work on /home/airflow/.local/lib/python3.7/site-packages/airflow/example_dags/example_branch_day_of_week_operator.py
[2022-11-22T01:01:05.697+0000] {processor.py:756} INFO - Processing file /home/airflow/.local/lib/python3.7/site-packages/airflow/example_dags/example_branch_day_of_week_operator.py for tasks to queue
[2022-11-22T01:01:05.697+0000] {logging_mixin.py:137} INFO - [2022-11-22T01:01:05.697+0000] {dagbag.py:537} INFO - Filling up the DagBag from /home/airflow/.local/lib/python3.7/site-packages/airflow/example_dags/example_branch_day_of_week_operator.py
[2022-11-22T01:01:05.717+0000] {processor.py:766} INFO - DAG(s) dict_keys(['example_weekday_branch_operator']) retrieved from /home/airflow/.local/lib/python3.7/site-packages/airflow/example_dags/example_branch_day_of_week_operator.py
[2022-11-22T01:01:05.799+0000] {logging_mixin.py:137} INFO - [2022-11-22T01:01:05.799+0000] {dag.py:2585} INFO - Sync 1 DAGs
[2022-11-22T01:01:05.835+0000] {logging_mixin.py:137} INFO - [2022-11-22T01:01:05.835+0000] {dag.py:3340} INFO - Setting next_dagrun for example_weekday_branch_operator to 2022-11-21T00:00:00+00:00, run_after=2022-11-22T00:00:00+00:00
[2022-11-22T01:01:05.865+0000] {processor.py:176} INFO - Processing /home/airflow/.local/lib/python3.7/site-packages/airflow/example_dags/example_branch_day_of_week_operator.py took 0.172 seconds
[2022-11-22T01:01:36.661+0000] {processor.py:154} INFO - Started process (PID=4795) to work on /home/airflow/.local/lib/python3.7/site-packages/airflow/example_dags/example_branch_day_of_week_operator.py
[2022-11-22T01:01:36.661+0000] {processor.py:756} INFO - Processing file /home/airflow/.local/lib/python3.7/site-packages/airflow/example_dags/example_branch_day_of_week_operator.py for tasks to queue
[2022-11-22T01:01:36.662+0000] {logging_mixin.py:137} INFO - [2022-11-22T01:01:36.662+0000] {dagbag.py:537} INFO - Filling up the DagBag from /home/airflow/.local/lib/python3.7/site-packages/airflow/example_dags/example_branch_day_of_week_operator.py
[2022-11-22T01:01:36.678+0000] {processor.py:766} INFO - DAG(s) dict_keys(['example_weekday_branch_operator']) retrieved from /home/airflow/.local/lib/python3.7/site-packages/airflow/example_dags/example_branch_day_of_week_operator.py
[2022-11-22T01:01:36.721+0000] {logging_mixin.py:137} INFO - [2022-11-22T01:01:36.721+0000] {dag.py:2585} INFO - Sync 1 DAGs
[2022-11-22T01:01:36.756+0000] {logging_mixin.py:137} INFO - [2022-11-22T01:01:36.756+0000] {dag.py:3340} INFO - Setting next_dagrun for example_weekday_branch_operator to 2022-11-21T00:00:00+00:00, run_after=2022-11-22T00:00:00+00:00
[2022-11-22T01:01:36.780+0000] {processor.py:176} INFO - Processing /home/airflow/.local/lib/python3.7/site-packages/airflow/example_dags/example_branch_day_of_week_operator.py took 0.122 seconds
