[2022-11-22T00:50:20.438+0000] {processor.py:154} INFO - Started process (PID=333) to work on /home/airflow/.local/lib/python3.7/site-packages/airflow/example_dags/example_subdag_operator.py
[2022-11-22T00:50:20.440+0000] {processor.py:756} INFO - Processing file /home/airflow/.local/lib/python3.7/site-packages/airflow/example_dags/example_subdag_operator.py for tasks to queue
[2022-11-22T00:50:20.440+0000] {logging_mixin.py:137} INFO - [2022-11-22T00:50:20.440+0000] {dagbag.py:537} INFO - Filling up the DagBag from /home/airflow/.local/lib/python3.7/site-packages/airflow/example_dags/example_subdag_operator.py
[2022-11-22T00:50:20.473+0000] {processor.py:766} INFO - DAG(s) dict_keys(['example_subdag_operator.section-1', 'example_subdag_operator.section-2', 'example_subdag_operator']) retrieved from /home/airflow/.local/lib/python3.7/site-packages/airflow/example_dags/example_subdag_operator.py
[2022-11-22T00:50:20.492+0000] {logging_mixin.py:137} INFO - [2022-11-22T00:50:20.492+0000] {dag.py:2585} INFO - Sync 3 DAGs
[2022-11-22T00:50:20.522+0000] {logging_mixin.py:137} INFO - [2022-11-22T00:50:20.522+0000] {dag.py:3340} INFO - Setting next_dagrun for example_subdag_operator to 2022-01-01T00:00:00+00:00, run_after=2022-01-01T00:00:00+00:00
[2022-11-22T00:50:20.528+0000] {logging_mixin.py:137} INFO - [2022-11-22T00:50:20.527+0000] {dag.py:3340} INFO - Setting next_dagrun for example_subdag_operator.section-1 to None, run_after=None
[2022-11-22T00:50:20.529+0000] {logging_mixin.py:137} INFO - [2022-11-22T00:50:20.529+0000] {dag.py:3340} INFO - Setting next_dagrun for example_subdag_operator.section-2 to None, run_after=None
[2022-11-22T00:50:20.538+0000] {logging_mixin.py:137} INFO - [2022-11-22T00:50:20.538+0000] {dag.py:2585} INFO - Sync 2 DAGs
[2022-11-22T00:50:20.545+0000] {logging_mixin.py:137} INFO - [2022-11-22T00:50:20.545+0000] {dag.py:3340} INFO - Setting next_dagrun for example_subdag_operator.section-1 to None, run_after=None
[2022-11-22T00:50:20.545+0000] {logging_mixin.py:137} INFO - [2022-11-22T00:50:20.545+0000] {dag.py:3340} INFO - Setting next_dagrun for example_subdag_operator.section-2 to None, run_after=None
[2022-11-22T00:50:20.562+0000] {processor.py:176} INFO - Processing /home/airflow/.local/lib/python3.7/site-packages/airflow/example_dags/example_subdag_operator.py took 0.126 seconds
[2022-11-22T00:50:51.516+0000] {processor.py:154} INFO - Started process (PID=531) to work on /home/airflow/.local/lib/python3.7/site-packages/airflow/example_dags/example_subdag_operator.py
[2022-11-22T00:50:51.517+0000] {processor.py:756} INFO - Processing file /home/airflow/.local/lib/python3.7/site-packages/airflow/example_dags/example_subdag_operator.py for tasks to queue
[2022-11-22T00:50:51.518+0000] {logging_mixin.py:137} INFO - [2022-11-22T00:50:51.517+0000] {dagbag.py:537} INFO - Filling up the DagBag from /home/airflow/.local/lib/python3.7/site-packages/airflow/example_dags/example_subdag_operator.py
[2022-11-22T00:50:51.553+0000] {processor.py:766} INFO - DAG(s) dict_keys(['example_subdag_operator.section-1', 'example_subdag_operator.section-2', 'example_subdag_operator']) retrieved from /home/airflow/.local/lib/python3.7/site-packages/airflow/example_dags/example_subdag_operator.py
[2022-11-22T00:50:51.799+0000] {logging_mixin.py:137} INFO - [2022-11-22T00:50:51.798+0000] {dag.py:2585} INFO - Sync 3 DAGs
[2022-11-22T00:50:51.830+0000] {logging_mixin.py:137} INFO - [2022-11-22T00:50:51.829+0000] {dag.py:3340} INFO - Setting next_dagrun for example_subdag_operator to 2022-01-01T00:00:00+00:00, run_after=2022-01-01T00:00:00+00:00
[2022-11-22T00:50:51.834+0000] {logging_mixin.py:137} INFO - [2022-11-22T00:50:51.834+0000] {dag.py:3340} INFO - Setting next_dagrun for example_subdag_operator.section-1 to None, run_after=None
[2022-11-22T00:50:51.835+0000] {logging_mixin.py:137} INFO - [2022-11-22T00:50:51.835+0000] {dag.py:3340} INFO - Setting next_dagrun for example_subdag_operator.section-2 to None, run_after=None
[2022-11-22T00:50:51.845+0000] {logging_mixin.py:137} INFO - [2022-11-22T00:50:51.845+0000] {dag.py:2585} INFO - Sync 2 DAGs
[2022-11-22T00:50:51.853+0000] {logging_mixin.py:137} INFO - [2022-11-22T00:50:51.853+0000] {dag.py:3340} INFO - Setting next_dagrun for example_subdag_operator.section-1 to None, run_after=None
[2022-11-22T00:50:51.853+0000] {logging_mixin.py:137} INFO - [2022-11-22T00:50:51.853+0000] {dag.py:3340} INFO - Setting next_dagrun for example_subdag_operator.section-2 to None, run_after=None
[2022-11-22T00:50:51.868+0000] {processor.py:176} INFO - Processing /home/airflow/.local/lib/python3.7/site-packages/airflow/example_dags/example_subdag_operator.py took 0.354 seconds
[2022-11-22T00:51:21.949+0000] {processor.py:154} INFO - Started process (PID=756) to work on /home/airflow/.local/lib/python3.7/site-packages/airflow/example_dags/example_subdag_operator.py
[2022-11-22T00:51:21.950+0000] {processor.py:756} INFO - Processing file /home/airflow/.local/lib/python3.7/site-packages/airflow/example_dags/example_subdag_operator.py for tasks to queue
[2022-11-22T00:51:21.951+0000] {logging_mixin.py:137} INFO - [2022-11-22T00:51:21.950+0000] {dagbag.py:537} INFO - Filling up the DagBag from /home/airflow/.local/lib/python3.7/site-packages/airflow/example_dags/example_subdag_operator.py
[2022-11-22T00:51:21.980+0000] {processor.py:766} INFO - DAG(s) dict_keys(['example_subdag_operator.section-1', 'example_subdag_operator.section-2', 'example_subdag_operator']) retrieved from /home/airflow/.local/lib/python3.7/site-packages/airflow/example_dags/example_subdag_operator.py
[2022-11-22T00:51:22.182+0000] {logging_mixin.py:137} INFO - [2022-11-22T00:51:22.182+0000] {dag.py:2585} INFO - Sync 3 DAGs
[2022-11-22T00:51:22.209+0000] {logging_mixin.py:137} INFO - [2022-11-22T00:51:22.208+0000] {dag.py:3340} INFO - Setting next_dagrun for example_subdag_operator to 2022-01-01T00:00:00+00:00, run_after=2022-01-01T00:00:00+00:00
[2022-11-22T00:51:22.213+0000] {logging_mixin.py:137} INFO - [2022-11-22T00:51:22.213+0000] {dag.py:3340} INFO - Setting next_dagrun for example_subdag_operator.section-1 to None, run_after=None
[2022-11-22T00:51:22.215+0000] {logging_mixin.py:137} INFO - [2022-11-22T00:51:22.215+0000] {dag.py:3340} INFO - Setting next_dagrun for example_subdag_operator.section-2 to None, run_after=None
[2022-11-22T00:51:22.223+0000] {logging_mixin.py:137} INFO - [2022-11-22T00:51:22.223+0000] {dag.py:2585} INFO - Sync 2 DAGs
[2022-11-22T00:51:22.232+0000] {logging_mixin.py:137} INFO - [2022-11-22T00:51:22.232+0000] {dag.py:3340} INFO - Setting next_dagrun for example_subdag_operator.section-1 to None, run_after=None
[2022-11-22T00:51:22.232+0000] {logging_mixin.py:137} INFO - [2022-11-22T00:51:22.232+0000] {dag.py:3340} INFO - Setting next_dagrun for example_subdag_operator.section-2 to None, run_after=None
[2022-11-22T00:51:22.246+0000] {processor.py:176} INFO - Processing /home/airflow/.local/lib/python3.7/site-packages/airflow/example_dags/example_subdag_operator.py took 0.299 seconds
[2022-11-22T00:51:52.726+0000] {processor.py:154} INFO - Started process (PID=964) to work on /home/airflow/.local/lib/python3.7/site-packages/airflow/example_dags/example_subdag_operator.py
[2022-11-22T00:51:52.735+0000] {processor.py:756} INFO - Processing file /home/airflow/.local/lib/python3.7/site-packages/airflow/example_dags/example_subdag_operator.py for tasks to queue
[2022-11-22T00:51:52.737+0000] {logging_mixin.py:137} INFO - [2022-11-22T00:51:52.736+0000] {dagbag.py:537} INFO - Filling up the DagBag from /home/airflow/.local/lib/python3.7/site-packages/airflow/example_dags/example_subdag_operator.py
[2022-11-22T00:51:52.815+0000] {processor.py:766} INFO - DAG(s) dict_keys(['example_subdag_operator.section-1', 'example_subdag_operator.section-2', 'example_subdag_operator']) retrieved from /home/airflow/.local/lib/python3.7/site-packages/airflow/example_dags/example_subdag_operator.py
[2022-11-22T00:51:53.102+0000] {logging_mixin.py:137} INFO - [2022-11-22T00:51:53.101+0000] {dag.py:2585} INFO - Sync 3 DAGs
[2022-11-22T00:51:53.131+0000] {logging_mixin.py:137} INFO - [2022-11-22T00:51:53.130+0000] {dag.py:3340} INFO - Setting next_dagrun for example_subdag_operator to 2022-01-01T00:00:00+00:00, run_after=2022-01-01T00:00:00+00:00
[2022-11-22T00:51:53.134+0000] {logging_mixin.py:137} INFO - [2022-11-22T00:51:53.134+0000] {dag.py:3340} INFO - Setting next_dagrun for example_subdag_operator.section-1 to None, run_after=None
[2022-11-22T00:51:53.136+0000] {logging_mixin.py:137} INFO - [2022-11-22T00:51:53.136+0000] {dag.py:3340} INFO - Setting next_dagrun for example_subdag_operator.section-2 to None, run_after=None
[2022-11-22T00:51:53.144+0000] {logging_mixin.py:137} INFO - [2022-11-22T00:51:53.144+0000] {dag.py:2585} INFO - Sync 2 DAGs
[2022-11-22T00:51:53.153+0000] {logging_mixin.py:137} INFO - [2022-11-22T00:51:53.153+0000] {dag.py:3340} INFO - Setting next_dagrun for example_subdag_operator.section-1 to None, run_after=None
[2022-11-22T00:51:53.154+0000] {logging_mixin.py:137} INFO - [2022-11-22T00:51:53.154+0000] {dag.py:3340} INFO - Setting next_dagrun for example_subdag_operator.section-2 to None, run_after=None
[2022-11-22T00:51:53.167+0000] {processor.py:176} INFO - Processing /home/airflow/.local/lib/python3.7/site-packages/airflow/example_dags/example_subdag_operator.py took 0.444 seconds
[2022-11-22T00:52:23.843+0000] {processor.py:154} INFO - Started process (PID=1166) to work on /home/airflow/.local/lib/python3.7/site-packages/airflow/example_dags/example_subdag_operator.py
[2022-11-22T00:52:23.844+0000] {processor.py:756} INFO - Processing file /home/airflow/.local/lib/python3.7/site-packages/airflow/example_dags/example_subdag_operator.py for tasks to queue
[2022-11-22T00:52:23.845+0000] {logging_mixin.py:137} INFO - [2022-11-22T00:52:23.845+0000] {dagbag.py:537} INFO - Filling up the DagBag from /home/airflow/.local/lib/python3.7/site-packages/airflow/example_dags/example_subdag_operator.py
[2022-11-22T00:52:23.877+0000] {processor.py:766} INFO - DAG(s) dict_keys(['example_subdag_operator.section-1', 'example_subdag_operator.section-2', 'example_subdag_operator']) retrieved from /home/airflow/.local/lib/python3.7/site-packages/airflow/example_dags/example_subdag_operator.py
[2022-11-22T00:52:24.114+0000] {logging_mixin.py:137} INFO - [2022-11-22T00:52:24.113+0000] {dag.py:2585} INFO - Sync 3 DAGs
[2022-11-22T00:52:24.145+0000] {logging_mixin.py:137} INFO - [2022-11-22T00:52:24.144+0000] {dag.py:3340} INFO - Setting next_dagrun for example_subdag_operator to 2022-01-01T00:00:00+00:00, run_after=2022-01-01T00:00:00+00:00
[2022-11-22T00:52:24.149+0000] {logging_mixin.py:137} INFO - [2022-11-22T00:52:24.149+0000] {dag.py:3340} INFO - Setting next_dagrun for example_subdag_operator.section-1 to None, run_after=None
[2022-11-22T00:52:24.150+0000] {logging_mixin.py:137} INFO - [2022-11-22T00:52:24.150+0000] {dag.py:3340} INFO - Setting next_dagrun for example_subdag_operator.section-2 to None, run_after=None
[2022-11-22T00:52:24.159+0000] {logging_mixin.py:137} INFO - [2022-11-22T00:52:24.158+0000] {dag.py:2585} INFO - Sync 2 DAGs
[2022-11-22T00:52:24.168+0000] {logging_mixin.py:137} INFO - [2022-11-22T00:52:24.167+0000] {dag.py:3340} INFO - Setting next_dagrun for example_subdag_operator.section-1 to None, run_after=None
[2022-11-22T00:52:24.168+0000] {logging_mixin.py:137} INFO - [2022-11-22T00:52:24.168+0000] {dag.py:3340} INFO - Setting next_dagrun for example_subdag_operator.section-2 to None, run_after=None
[2022-11-22T00:52:24.182+0000] {processor.py:176} INFO - Processing /home/airflow/.local/lib/python3.7/site-packages/airflow/example_dags/example_subdag_operator.py took 0.341 seconds
[2022-11-22T00:52:55.176+0000] {processor.py:154} INFO - Started process (PID=1373) to work on /home/airflow/.local/lib/python3.7/site-packages/airflow/example_dags/example_subdag_operator.py
[2022-11-22T00:52:55.177+0000] {processor.py:756} INFO - Processing file /home/airflow/.local/lib/python3.7/site-packages/airflow/example_dags/example_subdag_operator.py for tasks to queue
[2022-11-22T00:52:55.177+0000] {logging_mixin.py:137} INFO - [2022-11-22T00:52:55.177+0000] {dagbag.py:537} INFO - Filling up the DagBag from /home/airflow/.local/lib/python3.7/site-packages/airflow/example_dags/example_subdag_operator.py
[2022-11-22T00:52:55.209+0000] {processor.py:766} INFO - DAG(s) dict_keys(['example_subdag_operator.section-1', 'example_subdag_operator.section-2', 'example_subdag_operator']) retrieved from /home/airflow/.local/lib/python3.7/site-packages/airflow/example_dags/example_subdag_operator.py
[2022-11-22T00:52:55.449+0000] {logging_mixin.py:137} INFO - [2022-11-22T00:52:55.449+0000] {dag.py:2585} INFO - Sync 3 DAGs
[2022-11-22T00:52:55.481+0000] {logging_mixin.py:137} INFO - [2022-11-22T00:52:55.481+0000] {dag.py:3340} INFO - Setting next_dagrun for example_subdag_operator to 2022-01-01T00:00:00+00:00, run_after=2022-01-01T00:00:00+00:00
[2022-11-22T00:52:55.486+0000] {logging_mixin.py:137} INFO - [2022-11-22T00:52:55.485+0000] {dag.py:3340} INFO - Setting next_dagrun for example_subdag_operator.section-1 to None, run_after=None
[2022-11-22T00:52:55.487+0000] {logging_mixin.py:137} INFO - [2022-11-22T00:52:55.487+0000] {dag.py:3340} INFO - Setting next_dagrun for example_subdag_operator.section-2 to None, run_after=None
[2022-11-22T00:52:55.495+0000] {logging_mixin.py:137} INFO - [2022-11-22T00:52:55.495+0000] {dag.py:2585} INFO - Sync 2 DAGs
[2022-11-22T00:52:55.502+0000] {logging_mixin.py:137} INFO - [2022-11-22T00:52:55.502+0000] {dag.py:3340} INFO - Setting next_dagrun for example_subdag_operator.section-1 to None, run_after=None
[2022-11-22T00:52:55.503+0000] {logging_mixin.py:137} INFO - [2022-11-22T00:52:55.503+0000] {dag.py:3340} INFO - Setting next_dagrun for example_subdag_operator.section-2 to None, run_after=None
[2022-11-22T00:52:55.514+0000] {processor.py:176} INFO - Processing /home/airflow/.local/lib/python3.7/site-packages/airflow/example_dags/example_subdag_operator.py took 0.342 seconds
[2022-11-22T00:53:25.854+0000] {processor.py:154} INFO - Started process (PID=1581) to work on /home/airflow/.local/lib/python3.7/site-packages/airflow/example_dags/example_subdag_operator.py
[2022-11-22T00:53:25.854+0000] {processor.py:756} INFO - Processing file /home/airflow/.local/lib/python3.7/site-packages/airflow/example_dags/example_subdag_operator.py for tasks to queue
[2022-11-22T00:53:25.855+0000] {logging_mixin.py:137} INFO - [2022-11-22T00:53:25.855+0000] {dagbag.py:537} INFO - Filling up the DagBag from /home/airflow/.local/lib/python3.7/site-packages/airflow/example_dags/example_subdag_operator.py
[2022-11-22T00:53:25.888+0000] {processor.py:766} INFO - DAG(s) dict_keys(['example_subdag_operator.section-1', 'example_subdag_operator.section-2', 'example_subdag_operator']) retrieved from /home/airflow/.local/lib/python3.7/site-packages/airflow/example_dags/example_subdag_operator.py
[2022-11-22T00:53:26.122+0000] {logging_mixin.py:137} INFO - [2022-11-22T00:53:26.122+0000] {dag.py:2585} INFO - Sync 3 DAGs
[2022-11-22T00:53:26.150+0000] {logging_mixin.py:137} INFO - [2022-11-22T00:53:26.150+0000] {dag.py:3340} INFO - Setting next_dagrun for example_subdag_operator to 2022-01-01T00:00:00+00:00, run_after=2022-01-01T00:00:00+00:00
[2022-11-22T00:53:26.155+0000] {logging_mixin.py:137} INFO - [2022-11-22T00:53:26.155+0000] {dag.py:3340} INFO - Setting next_dagrun for example_subdag_operator.section-1 to None, run_after=None
[2022-11-22T00:53:26.156+0000] {logging_mixin.py:137} INFO - [2022-11-22T00:53:26.156+0000] {dag.py:3340} INFO - Setting next_dagrun for example_subdag_operator.section-2 to None, run_after=None
[2022-11-22T00:53:26.164+0000] {logging_mixin.py:137} INFO - [2022-11-22T00:53:26.164+0000] {dag.py:2585} INFO - Sync 2 DAGs
[2022-11-22T00:53:26.171+0000] {logging_mixin.py:137} INFO - [2022-11-22T00:53:26.171+0000] {dag.py:3340} INFO - Setting next_dagrun for example_subdag_operator.section-1 to None, run_after=None
[2022-11-22T00:53:26.171+0000] {logging_mixin.py:137} INFO - [2022-11-22T00:53:26.171+0000] {dag.py:3340} INFO - Setting next_dagrun for example_subdag_operator.section-2 to None, run_after=None
[2022-11-22T00:53:26.182+0000] {processor.py:176} INFO - Processing /home/airflow/.local/lib/python3.7/site-packages/airflow/example_dags/example_subdag_operator.py took 0.331 seconds
[2022-11-22T00:53:56.761+0000] {processor.py:154} INFO - Started process (PID=1779) to work on /home/airflow/.local/lib/python3.7/site-packages/airflow/example_dags/example_subdag_operator.py
[2022-11-22T00:53:56.762+0000] {processor.py:756} INFO - Processing file /home/airflow/.local/lib/python3.7/site-packages/airflow/example_dags/example_subdag_operator.py for tasks to queue
[2022-11-22T00:53:56.763+0000] {logging_mixin.py:137} INFO - [2022-11-22T00:53:56.763+0000] {dagbag.py:537} INFO - Filling up the DagBag from /home/airflow/.local/lib/python3.7/site-packages/airflow/example_dags/example_subdag_operator.py
[2022-11-22T00:53:56.794+0000] {processor.py:766} INFO - DAG(s) dict_keys(['example_subdag_operator.section-1', 'example_subdag_operator.section-2', 'example_subdag_operator']) retrieved from /home/airflow/.local/lib/python3.7/site-packages/airflow/example_dags/example_subdag_operator.py
[2022-11-22T00:53:57.037+0000] {logging_mixin.py:137} INFO - [2022-11-22T00:53:57.037+0000] {dag.py:2585} INFO - Sync 3 DAGs
[2022-11-22T00:53:57.064+0000] {logging_mixin.py:137} INFO - [2022-11-22T00:53:57.064+0000] {dag.py:3340} INFO - Setting next_dagrun for example_subdag_operator to 2022-01-01T00:00:00+00:00, run_after=2022-01-01T00:00:00+00:00
[2022-11-22T00:53:57.068+0000] {logging_mixin.py:137} INFO - [2022-11-22T00:53:57.067+0000] {dag.py:3340} INFO - Setting next_dagrun for example_subdag_operator.section-1 to None, run_after=None
[2022-11-22T00:53:57.069+0000] {logging_mixin.py:137} INFO - [2022-11-22T00:53:57.069+0000] {dag.py:3340} INFO - Setting next_dagrun for example_subdag_operator.section-2 to None, run_after=None
[2022-11-22T00:53:57.078+0000] {logging_mixin.py:137} INFO - [2022-11-22T00:53:57.077+0000] {dag.py:2585} INFO - Sync 2 DAGs
[2022-11-22T00:53:57.084+0000] {logging_mixin.py:137} INFO - [2022-11-22T00:53:57.084+0000] {dag.py:3340} INFO - Setting next_dagrun for example_subdag_operator.section-1 to None, run_after=None
[2022-11-22T00:53:57.085+0000] {logging_mixin.py:137} INFO - [2022-11-22T00:53:57.085+0000] {dag.py:3340} INFO - Setting next_dagrun for example_subdag_operator.section-2 to None, run_after=None
[2022-11-22T00:53:57.099+0000] {processor.py:176} INFO - Processing /home/airflow/.local/lib/python3.7/site-packages/airflow/example_dags/example_subdag_operator.py took 0.340 seconds
[2022-11-22T00:54:28.015+0000] {processor.py:154} INFO - Started process (PID=1986) to work on /home/airflow/.local/lib/python3.7/site-packages/airflow/example_dags/example_subdag_operator.py
[2022-11-22T00:54:28.016+0000] {processor.py:756} INFO - Processing file /home/airflow/.local/lib/python3.7/site-packages/airflow/example_dags/example_subdag_operator.py for tasks to queue
[2022-11-22T00:54:28.016+0000] {logging_mixin.py:137} INFO - [2022-11-22T00:54:28.016+0000] {dagbag.py:537} INFO - Filling up the DagBag from /home/airflow/.local/lib/python3.7/site-packages/airflow/example_dags/example_subdag_operator.py
[2022-11-22T00:54:28.048+0000] {processor.py:766} INFO - DAG(s) dict_keys(['example_subdag_operator.section-1', 'example_subdag_operator.section-2', 'example_subdag_operator']) retrieved from /home/airflow/.local/lib/python3.7/site-packages/airflow/example_dags/example_subdag_operator.py
[2022-11-22T00:54:28.266+0000] {logging_mixin.py:137} INFO - [2022-11-22T00:54:28.265+0000] {dag.py:2585} INFO - Sync 3 DAGs
[2022-11-22T00:54:28.292+0000] {logging_mixin.py:137} INFO - [2022-11-22T00:54:28.292+0000] {dag.py:3340} INFO - Setting next_dagrun for example_subdag_operator to 2022-01-01T00:00:00+00:00, run_after=2022-01-01T00:00:00+00:00
[2022-11-22T00:54:28.296+0000] {logging_mixin.py:137} INFO - [2022-11-22T00:54:28.296+0000] {dag.py:3340} INFO - Setting next_dagrun for example_subdag_operator.section-1 to None, run_after=None
[2022-11-22T00:54:28.297+0000] {logging_mixin.py:137} INFO - [2022-11-22T00:54:28.297+0000] {dag.py:3340} INFO - Setting next_dagrun for example_subdag_operator.section-2 to None, run_after=None
[2022-11-22T00:54:28.304+0000] {logging_mixin.py:137} INFO - [2022-11-22T00:54:28.304+0000] {dag.py:2585} INFO - Sync 2 DAGs
[2022-11-22T00:54:28.311+0000] {logging_mixin.py:137} INFO - [2022-11-22T00:54:28.311+0000] {dag.py:3340} INFO - Setting next_dagrun for example_subdag_operator.section-1 to None, run_after=None
[2022-11-22T00:54:28.312+0000] {logging_mixin.py:137} INFO - [2022-11-22T00:54:28.311+0000] {dag.py:3340} INFO - Setting next_dagrun for example_subdag_operator.section-2 to None, run_after=None
[2022-11-22T00:54:28.323+0000] {processor.py:176} INFO - Processing /home/airflow/.local/lib/python3.7/site-packages/airflow/example_dags/example_subdag_operator.py took 0.310 seconds
[2022-11-22T00:54:58.531+0000] {processor.py:154} INFO - Started process (PID=2191) to work on /home/airflow/.local/lib/python3.7/site-packages/airflow/example_dags/example_subdag_operator.py
[2022-11-22T00:54:58.532+0000] {processor.py:756} INFO - Processing file /home/airflow/.local/lib/python3.7/site-packages/airflow/example_dags/example_subdag_operator.py for tasks to queue
[2022-11-22T00:54:58.532+0000] {logging_mixin.py:137} INFO - [2022-11-22T00:54:58.532+0000] {dagbag.py:537} INFO - Filling up the DagBag from /home/airflow/.local/lib/python3.7/site-packages/airflow/example_dags/example_subdag_operator.py
[2022-11-22T00:54:58.563+0000] {processor.py:766} INFO - DAG(s) dict_keys(['example_subdag_operator.section-1', 'example_subdag_operator.section-2', 'example_subdag_operator']) retrieved from /home/airflow/.local/lib/python3.7/site-packages/airflow/example_dags/example_subdag_operator.py
[2022-11-22T00:54:58.800+0000] {logging_mixin.py:137} INFO - [2022-11-22T00:54:58.800+0000] {dag.py:2585} INFO - Sync 3 DAGs
[2022-11-22T00:54:58.832+0000] {logging_mixin.py:137} INFO - [2022-11-22T00:54:58.832+0000] {dag.py:3340} INFO - Setting next_dagrun for example_subdag_operator to 2022-01-01T00:00:00+00:00, run_after=2022-01-01T00:00:00+00:00
[2022-11-22T00:54:58.836+0000] {logging_mixin.py:137} INFO - [2022-11-22T00:54:58.836+0000] {dag.py:3340} INFO - Setting next_dagrun for example_subdag_operator.section-1 to None, run_after=None
[2022-11-22T00:54:58.837+0000] {logging_mixin.py:137} INFO - [2022-11-22T00:54:58.837+0000] {dag.py:3340} INFO - Setting next_dagrun for example_subdag_operator.section-2 to None, run_after=None
[2022-11-22T00:54:58.846+0000] {logging_mixin.py:137} INFO - [2022-11-22T00:54:58.846+0000] {dag.py:2585} INFO - Sync 2 DAGs
[2022-11-22T00:54:58.853+0000] {logging_mixin.py:137} INFO - [2022-11-22T00:54:58.853+0000] {dag.py:3340} INFO - Setting next_dagrun for example_subdag_operator.section-1 to None, run_after=None
[2022-11-22T00:54:58.853+0000] {logging_mixin.py:137} INFO - [2022-11-22T00:54:58.853+0000] {dag.py:3340} INFO - Setting next_dagrun for example_subdag_operator.section-2 to None, run_after=None
[2022-11-22T00:54:58.866+0000] {processor.py:176} INFO - Processing /home/airflow/.local/lib/python3.7/site-packages/airflow/example_dags/example_subdag_operator.py took 0.337 seconds
[2022-11-22T00:55:29.804+0000] {processor.py:154} INFO - Started process (PID=2388) to work on /home/airflow/.local/lib/python3.7/site-packages/airflow/example_dags/example_subdag_operator.py
[2022-11-22T00:55:29.805+0000] {processor.py:756} INFO - Processing file /home/airflow/.local/lib/python3.7/site-packages/airflow/example_dags/example_subdag_operator.py for tasks to queue
[2022-11-22T00:55:29.805+0000] {logging_mixin.py:137} INFO - [2022-11-22T00:55:29.805+0000] {dagbag.py:537} INFO - Filling up the DagBag from /home/airflow/.local/lib/python3.7/site-packages/airflow/example_dags/example_subdag_operator.py
[2022-11-22T00:55:29.836+0000] {processor.py:766} INFO - DAG(s) dict_keys(['example_subdag_operator.section-1', 'example_subdag_operator.section-2', 'example_subdag_operator']) retrieved from /home/airflow/.local/lib/python3.7/site-packages/airflow/example_dags/example_subdag_operator.py
[2022-11-22T00:55:30.071+0000] {logging_mixin.py:137} INFO - [2022-11-22T00:55:30.071+0000] {dag.py:2585} INFO - Sync 3 DAGs
[2022-11-22T00:55:30.108+0000] {logging_mixin.py:137} INFO - [2022-11-22T00:55:30.107+0000] {dag.py:3340} INFO - Setting next_dagrun for example_subdag_operator to 2022-01-01T00:00:00+00:00, run_after=2022-01-01T00:00:00+00:00
[2022-11-22T00:55:30.116+0000] {logging_mixin.py:137} INFO - [2022-11-22T00:55:30.116+0000] {dag.py:3340} INFO - Setting next_dagrun for example_subdag_operator.section-1 to None, run_after=None
[2022-11-22T00:55:30.118+0000] {logging_mixin.py:137} INFO - [2022-11-22T00:55:30.118+0000] {dag.py:3340} INFO - Setting next_dagrun for example_subdag_operator.section-2 to None, run_after=None
[2022-11-22T00:55:30.127+0000] {logging_mixin.py:137} INFO - [2022-11-22T00:55:30.127+0000] {dag.py:2585} INFO - Sync 2 DAGs
[2022-11-22T00:55:30.155+0000] {logging_mixin.py:137} INFO - [2022-11-22T00:55:30.154+0000] {dag.py:3340} INFO - Setting next_dagrun for example_subdag_operator.section-1 to None, run_after=None
[2022-11-22T00:55:30.155+0000] {logging_mixin.py:137} INFO - [2022-11-22T00:55:30.155+0000] {dag.py:3340} INFO - Setting next_dagrun for example_subdag_operator.section-2 to None, run_after=None
[2022-11-22T00:55:30.172+0000] {processor.py:176} INFO - Processing /home/airflow/.local/lib/python3.7/site-packages/airflow/example_dags/example_subdag_operator.py took 0.371 seconds
[2022-11-22T00:56:00.776+0000] {processor.py:154} INFO - Started process (PID=2594) to work on /home/airflow/.local/lib/python3.7/site-packages/airflow/example_dags/example_subdag_operator.py
[2022-11-22T00:56:00.777+0000] {processor.py:756} INFO - Processing file /home/airflow/.local/lib/python3.7/site-packages/airflow/example_dags/example_subdag_operator.py for tasks to queue
[2022-11-22T00:56:00.778+0000] {logging_mixin.py:137} INFO - [2022-11-22T00:56:00.777+0000] {dagbag.py:537} INFO - Filling up the DagBag from /home/airflow/.local/lib/python3.7/site-packages/airflow/example_dags/example_subdag_operator.py
[2022-11-22T00:56:00.812+0000] {processor.py:766} INFO - DAG(s) dict_keys(['example_subdag_operator.section-1', 'example_subdag_operator.section-2', 'example_subdag_operator']) retrieved from /home/airflow/.local/lib/python3.7/site-packages/airflow/example_dags/example_subdag_operator.py
[2022-11-22T00:56:01.035+0000] {logging_mixin.py:137} INFO - [2022-11-22T00:56:01.035+0000] {dag.py:2585} INFO - Sync 3 DAGs
[2022-11-22T00:56:01.066+0000] {logging_mixin.py:137} INFO - [2022-11-22T00:56:01.066+0000] {dag.py:3340} INFO - Setting next_dagrun for example_subdag_operator to 2022-01-01T00:00:00+00:00, run_after=2022-01-01T00:00:00+00:00
[2022-11-22T00:56:01.070+0000] {logging_mixin.py:137} INFO - [2022-11-22T00:56:01.070+0000] {dag.py:3340} INFO - Setting next_dagrun for example_subdag_operator.section-1 to None, run_after=None
[2022-11-22T00:56:01.071+0000] {logging_mixin.py:137} INFO - [2022-11-22T00:56:01.071+0000] {dag.py:3340} INFO - Setting next_dagrun for example_subdag_operator.section-2 to None, run_after=None
[2022-11-22T00:56:01.079+0000] {logging_mixin.py:137} INFO - [2022-11-22T00:56:01.079+0000] {dag.py:2585} INFO - Sync 2 DAGs
[2022-11-22T00:56:01.087+0000] {logging_mixin.py:137} INFO - [2022-11-22T00:56:01.087+0000] {dag.py:3340} INFO - Setting next_dagrun for example_subdag_operator.section-1 to None, run_after=None
[2022-11-22T00:56:01.088+0000] {logging_mixin.py:137} INFO - [2022-11-22T00:56:01.088+0000] {dag.py:3340} INFO - Setting next_dagrun for example_subdag_operator.section-2 to None, run_after=None
[2022-11-22T00:56:01.102+0000] {processor.py:176} INFO - Processing /home/airflow/.local/lib/python3.7/site-packages/airflow/example_dags/example_subdag_operator.py took 0.329 seconds
[2022-11-22T00:56:31.390+0000] {processor.py:154} INFO - Started process (PID=2801) to work on /home/airflow/.local/lib/python3.7/site-packages/airflow/example_dags/example_subdag_operator.py
[2022-11-22T00:56:31.390+0000] {processor.py:756} INFO - Processing file /home/airflow/.local/lib/python3.7/site-packages/airflow/example_dags/example_subdag_operator.py for tasks to queue
[2022-11-22T00:56:31.391+0000] {logging_mixin.py:137} INFO - [2022-11-22T00:56:31.391+0000] {dagbag.py:537} INFO - Filling up the DagBag from /home/airflow/.local/lib/python3.7/site-packages/airflow/example_dags/example_subdag_operator.py
[2022-11-22T00:56:31.427+0000] {processor.py:766} INFO - DAG(s) dict_keys(['example_subdag_operator.section-1', 'example_subdag_operator.section-2', 'example_subdag_operator']) retrieved from /home/airflow/.local/lib/python3.7/site-packages/airflow/example_dags/example_subdag_operator.py
[2022-11-22T00:56:31.673+0000] {logging_mixin.py:137} INFO - [2022-11-22T00:56:31.673+0000] {dag.py:2585} INFO - Sync 3 DAGs
[2022-11-22T00:56:31.704+0000] {logging_mixin.py:137} INFO - [2022-11-22T00:56:31.704+0000] {dag.py:3340} INFO - Setting next_dagrun for example_subdag_operator to 2022-01-01T00:00:00+00:00, run_after=2022-01-01T00:00:00+00:00
[2022-11-22T00:56:31.708+0000] {logging_mixin.py:137} INFO - [2022-11-22T00:56:31.708+0000] {dag.py:3340} INFO - Setting next_dagrun for example_subdag_operator.section-1 to None, run_after=None
[2022-11-22T00:56:31.709+0000] {logging_mixin.py:137} INFO - [2022-11-22T00:56:31.709+0000] {dag.py:3340} INFO - Setting next_dagrun for example_subdag_operator.section-2 to None, run_after=None
[2022-11-22T00:56:31.719+0000] {logging_mixin.py:137} INFO - [2022-11-22T00:56:31.718+0000] {dag.py:2585} INFO - Sync 2 DAGs
[2022-11-22T00:56:31.726+0000] {logging_mixin.py:137} INFO - [2022-11-22T00:56:31.726+0000] {dag.py:3340} INFO - Setting next_dagrun for example_subdag_operator.section-1 to None, run_after=None
[2022-11-22T00:56:31.726+0000] {logging_mixin.py:137} INFO - [2022-11-22T00:56:31.726+0000] {dag.py:3340} INFO - Setting next_dagrun for example_subdag_operator.section-2 to None, run_after=None
[2022-11-22T00:56:31.739+0000] {processor.py:176} INFO - Processing /home/airflow/.local/lib/python3.7/site-packages/airflow/example_dags/example_subdag_operator.py took 0.353 seconds
[2022-11-22T00:57:02.601+0000] {processor.py:154} INFO - Started process (PID=2999) to work on /home/airflow/.local/lib/python3.7/site-packages/airflow/example_dags/example_subdag_operator.py
[2022-11-22T00:57:02.602+0000] {processor.py:756} INFO - Processing file /home/airflow/.local/lib/python3.7/site-packages/airflow/example_dags/example_subdag_operator.py for tasks to queue
[2022-11-22T00:57:02.603+0000] {logging_mixin.py:137} INFO - [2022-11-22T00:57:02.603+0000] {dagbag.py:537} INFO - Filling up the DagBag from /home/airflow/.local/lib/python3.7/site-packages/airflow/example_dags/example_subdag_operator.py
[2022-11-22T00:57:02.636+0000] {processor.py:766} INFO - DAG(s) dict_keys(['example_subdag_operator.section-1', 'example_subdag_operator.section-2', 'example_subdag_operator']) retrieved from /home/airflow/.local/lib/python3.7/site-packages/airflow/example_dags/example_subdag_operator.py
[2022-11-22T00:57:02.895+0000] {logging_mixin.py:137} INFO - [2022-11-22T00:57:02.895+0000] {dag.py:2585} INFO - Sync 3 DAGs
[2022-11-22T00:57:02.928+0000] {logging_mixin.py:137} INFO - [2022-11-22T00:57:02.928+0000] {dag.py:3340} INFO - Setting next_dagrun for example_subdag_operator to 2022-01-01T00:00:00+00:00, run_after=2022-01-01T00:00:00+00:00
[2022-11-22T00:57:02.932+0000] {logging_mixin.py:137} INFO - [2022-11-22T00:57:02.932+0000] {dag.py:3340} INFO - Setting next_dagrun for example_subdag_operator.section-1 to None, run_after=None
[2022-11-22T00:57:02.933+0000] {logging_mixin.py:137} INFO - [2022-11-22T00:57:02.933+0000] {dag.py:3340} INFO - Setting next_dagrun for example_subdag_operator.section-2 to None, run_after=None
[2022-11-22T00:57:02.949+0000] {logging_mixin.py:137} INFO - [2022-11-22T00:57:02.948+0000] {dag.py:2585} INFO - Sync 2 DAGs
[2022-11-22T00:57:02.959+0000] {logging_mixin.py:137} INFO - [2022-11-22T00:57:02.959+0000] {dag.py:3340} INFO - Setting next_dagrun for example_subdag_operator.section-1 to None, run_after=None
[2022-11-22T00:57:02.960+0000] {logging_mixin.py:137} INFO - [2022-11-22T00:57:02.960+0000] {dag.py:3340} INFO - Setting next_dagrun for example_subdag_operator.section-2 to None, run_after=None
[2022-11-22T00:57:02.974+0000] {processor.py:176} INFO - Processing /home/airflow/.local/lib/python3.7/site-packages/airflow/example_dags/example_subdag_operator.py took 0.375 seconds
[2022-11-22T00:57:33.410+0000] {processor.py:154} INFO - Started process (PID=3207) to work on /home/airflow/.local/lib/python3.7/site-packages/airflow/example_dags/example_subdag_operator.py
[2022-11-22T00:57:33.411+0000] {processor.py:756} INFO - Processing file /home/airflow/.local/lib/python3.7/site-packages/airflow/example_dags/example_subdag_operator.py for tasks to queue
[2022-11-22T00:57:33.411+0000] {logging_mixin.py:137} INFO - [2022-11-22T00:57:33.411+0000] {dagbag.py:537} INFO - Filling up the DagBag from /home/airflow/.local/lib/python3.7/site-packages/airflow/example_dags/example_subdag_operator.py
[2022-11-22T00:57:33.437+0000] {processor.py:766} INFO - DAG(s) dict_keys(['example_subdag_operator.section-1', 'example_subdag_operator.section-2', 'example_subdag_operator']) retrieved from /home/airflow/.local/lib/python3.7/site-packages/airflow/example_dags/example_subdag_operator.py
[2022-11-22T00:57:33.681+0000] {logging_mixin.py:137} INFO - [2022-11-22T00:57:33.681+0000] {dag.py:2585} INFO - Sync 3 DAGs
[2022-11-22T00:57:33.711+0000] {logging_mixin.py:137} INFO - [2022-11-22T00:57:33.711+0000] {dag.py:3340} INFO - Setting next_dagrun for example_subdag_operator to 2022-01-01T00:00:00+00:00, run_after=2022-01-01T00:00:00+00:00
[2022-11-22T00:57:33.715+0000] {logging_mixin.py:137} INFO - [2022-11-22T00:57:33.715+0000] {dag.py:3340} INFO - Setting next_dagrun for example_subdag_operator.section-1 to None, run_after=None
[2022-11-22T00:57:33.717+0000] {logging_mixin.py:137} INFO - [2022-11-22T00:57:33.716+0000] {dag.py:3340} INFO - Setting next_dagrun for example_subdag_operator.section-2 to None, run_after=None
[2022-11-22T00:57:33.726+0000] {logging_mixin.py:137} INFO - [2022-11-22T00:57:33.725+0000] {dag.py:2585} INFO - Sync 2 DAGs
[2022-11-22T00:57:33.732+0000] {logging_mixin.py:137} INFO - [2022-11-22T00:57:33.732+0000] {dag.py:3340} INFO - Setting next_dagrun for example_subdag_operator.section-1 to None, run_after=None
[2022-11-22T00:57:33.733+0000] {logging_mixin.py:137} INFO - [2022-11-22T00:57:33.733+0000] {dag.py:3340} INFO - Setting next_dagrun for example_subdag_operator.section-2 to None, run_after=None
[2022-11-22T00:57:33.746+0000] {processor.py:176} INFO - Processing /home/airflow/.local/lib/python3.7/site-packages/airflow/example_dags/example_subdag_operator.py took 0.338 seconds
[2022-11-22T00:58:04.648+0000] {processor.py:154} INFO - Started process (PID=3414) to work on /home/airflow/.local/lib/python3.7/site-packages/airflow/example_dags/example_subdag_operator.py
[2022-11-22T00:58:04.649+0000] {processor.py:756} INFO - Processing file /home/airflow/.local/lib/python3.7/site-packages/airflow/example_dags/example_subdag_operator.py for tasks to queue
[2022-11-22T00:58:04.650+0000] {logging_mixin.py:137} INFO - [2022-11-22T00:58:04.650+0000] {dagbag.py:537} INFO - Filling up the DagBag from /home/airflow/.local/lib/python3.7/site-packages/airflow/example_dags/example_subdag_operator.py
[2022-11-22T00:58:04.684+0000] {processor.py:766} INFO - DAG(s) dict_keys(['example_subdag_operator.section-1', 'example_subdag_operator.section-2', 'example_subdag_operator']) retrieved from /home/airflow/.local/lib/python3.7/site-packages/airflow/example_dags/example_subdag_operator.py
[2022-11-22T00:58:04.923+0000] {logging_mixin.py:137} INFO - [2022-11-22T00:58:04.923+0000] {dag.py:2585} INFO - Sync 3 DAGs
[2022-11-22T00:58:04.954+0000] {logging_mixin.py:137} INFO - [2022-11-22T00:58:04.954+0000] {dag.py:3340} INFO - Setting next_dagrun for example_subdag_operator to 2022-01-01T00:00:00+00:00, run_after=2022-01-01T00:00:00+00:00
[2022-11-22T00:58:04.959+0000] {logging_mixin.py:137} INFO - [2022-11-22T00:58:04.959+0000] {dag.py:3340} INFO - Setting next_dagrun for example_subdag_operator.section-1 to None, run_after=None
[2022-11-22T00:58:04.961+0000] {logging_mixin.py:137} INFO - [2022-11-22T00:58:04.961+0000] {dag.py:3340} INFO - Setting next_dagrun for example_subdag_operator.section-2 to None, run_after=None
[2022-11-22T00:58:04.970+0000] {logging_mixin.py:137} INFO - [2022-11-22T00:58:04.970+0000] {dag.py:2585} INFO - Sync 2 DAGs
[2022-11-22T00:58:04.977+0000] {logging_mixin.py:137} INFO - [2022-11-22T00:58:04.977+0000] {dag.py:3340} INFO - Setting next_dagrun for example_subdag_operator.section-1 to None, run_after=None
[2022-11-22T00:58:04.977+0000] {logging_mixin.py:137} INFO - [2022-11-22T00:58:04.977+0000] {dag.py:3340} INFO - Setting next_dagrun for example_subdag_operator.section-2 to None, run_after=None
[2022-11-22T00:58:04.990+0000] {processor.py:176} INFO - Processing /home/airflow/.local/lib/python3.7/site-packages/airflow/example_dags/example_subdag_operator.py took 0.345 seconds
[2022-11-22T00:58:35.824+0000] {processor.py:154} INFO - Started process (PID=3620) to work on /home/airflow/.local/lib/python3.7/site-packages/airflow/example_dags/example_subdag_operator.py
[2022-11-22T00:58:35.825+0000] {processor.py:756} INFO - Processing file /home/airflow/.local/lib/python3.7/site-packages/airflow/example_dags/example_subdag_operator.py for tasks to queue
[2022-11-22T00:58:35.825+0000] {logging_mixin.py:137} INFO - [2022-11-22T00:58:35.825+0000] {dagbag.py:537} INFO - Filling up the DagBag from /home/airflow/.local/lib/python3.7/site-packages/airflow/example_dags/example_subdag_operator.py
[2022-11-22T00:58:35.864+0000] {processor.py:766} INFO - DAG(s) dict_keys(['example_subdag_operator.section-1', 'example_subdag_operator.section-2', 'example_subdag_operator']) retrieved from /home/airflow/.local/lib/python3.7/site-packages/airflow/example_dags/example_subdag_operator.py
[2022-11-22T00:58:36.124+0000] {logging_mixin.py:137} INFO - [2022-11-22T00:58:36.124+0000] {dag.py:2585} INFO - Sync 3 DAGs
[2022-11-22T00:58:36.157+0000] {logging_mixin.py:137} INFO - [2022-11-22T00:58:36.157+0000] {dag.py:3340} INFO - Setting next_dagrun for example_subdag_operator to 2022-01-01T00:00:00+00:00, run_after=2022-01-01T00:00:00+00:00
[2022-11-22T00:58:36.162+0000] {logging_mixin.py:137} INFO - [2022-11-22T00:58:36.162+0000] {dag.py:3340} INFO - Setting next_dagrun for example_subdag_operator.section-1 to None, run_after=None
[2022-11-22T00:58:36.164+0000] {logging_mixin.py:137} INFO - [2022-11-22T00:58:36.164+0000] {dag.py:3340} INFO - Setting next_dagrun for example_subdag_operator.section-2 to None, run_after=None
[2022-11-22T00:58:36.181+0000] {logging_mixin.py:137} INFO - [2022-11-22T00:58:36.181+0000] {dag.py:2585} INFO - Sync 2 DAGs
[2022-11-22T00:58:36.190+0000] {logging_mixin.py:137} INFO - [2022-11-22T00:58:36.190+0000] {dag.py:3340} INFO - Setting next_dagrun for example_subdag_operator.section-1 to None, run_after=None
[2022-11-22T00:58:36.190+0000] {logging_mixin.py:137} INFO - [2022-11-22T00:58:36.190+0000] {dag.py:3340} INFO - Setting next_dagrun for example_subdag_operator.section-2 to None, run_after=None
[2022-11-22T00:58:36.208+0000] {processor.py:176} INFO - Processing /home/airflow/.local/lib/python3.7/site-packages/airflow/example_dags/example_subdag_operator.py took 0.387 seconds
[2022-11-22T00:59:06.754+0000] {processor.py:154} INFO - Started process (PID=3817) to work on /home/airflow/.local/lib/python3.7/site-packages/airflow/example_dags/example_subdag_operator.py
[2022-11-22T00:59:06.754+0000] {processor.py:756} INFO - Processing file /home/airflow/.local/lib/python3.7/site-packages/airflow/example_dags/example_subdag_operator.py for tasks to queue
[2022-11-22T00:59:06.755+0000] {logging_mixin.py:137} INFO - [2022-11-22T00:59:06.755+0000] {dagbag.py:537} INFO - Filling up the DagBag from /home/airflow/.local/lib/python3.7/site-packages/airflow/example_dags/example_subdag_operator.py
[2022-11-22T00:59:06.788+0000] {processor.py:766} INFO - DAG(s) dict_keys(['example_subdag_operator.section-1', 'example_subdag_operator.section-2', 'example_subdag_operator']) retrieved from /home/airflow/.local/lib/python3.7/site-packages/airflow/example_dags/example_subdag_operator.py
[2022-11-22T00:59:07.026+0000] {logging_mixin.py:137} INFO - [2022-11-22T00:59:07.026+0000] {dag.py:2585} INFO - Sync 3 DAGs
[2022-11-22T00:59:07.059+0000] {logging_mixin.py:137} INFO - [2022-11-22T00:59:07.058+0000] {dag.py:3340} INFO - Setting next_dagrun for example_subdag_operator to 2022-01-01T00:00:00+00:00, run_after=2022-01-01T00:00:00+00:00
[2022-11-22T00:59:07.063+0000] {logging_mixin.py:137} INFO - [2022-11-22T00:59:07.063+0000] {dag.py:3340} INFO - Setting next_dagrun for example_subdag_operator.section-1 to None, run_after=None
[2022-11-22T00:59:07.065+0000] {logging_mixin.py:137} INFO - [2022-11-22T00:59:07.064+0000] {dag.py:3340} INFO - Setting next_dagrun for example_subdag_operator.section-2 to None, run_after=None
[2022-11-22T00:59:07.074+0000] {logging_mixin.py:137} INFO - [2022-11-22T00:59:07.073+0000] {dag.py:2585} INFO - Sync 2 DAGs
[2022-11-22T00:59:07.080+0000] {logging_mixin.py:137} INFO - [2022-11-22T00:59:07.080+0000] {dag.py:3340} INFO - Setting next_dagrun for example_subdag_operator.section-1 to None, run_after=None
[2022-11-22T00:59:07.081+0000] {logging_mixin.py:137} INFO - [2022-11-22T00:59:07.081+0000] {dag.py:3340} INFO - Setting next_dagrun for example_subdag_operator.section-2 to None, run_after=None
[2022-11-22T00:59:07.093+0000] {processor.py:176} INFO - Processing /home/airflow/.local/lib/python3.7/site-packages/airflow/example_dags/example_subdag_operator.py took 0.342 seconds
[2022-11-22T00:59:37.389+0000] {processor.py:154} INFO - Started process (PID=4024) to work on /home/airflow/.local/lib/python3.7/site-packages/airflow/example_dags/example_subdag_operator.py
[2022-11-22T00:59:37.390+0000] {processor.py:756} INFO - Processing file /home/airflow/.local/lib/python3.7/site-packages/airflow/example_dags/example_subdag_operator.py for tasks to queue
[2022-11-22T00:59:37.390+0000] {logging_mixin.py:137} INFO - [2022-11-22T00:59:37.390+0000] {dagbag.py:537} INFO - Filling up the DagBag from /home/airflow/.local/lib/python3.7/site-packages/airflow/example_dags/example_subdag_operator.py
[2022-11-22T00:59:37.424+0000] {processor.py:766} INFO - DAG(s) dict_keys(['example_subdag_operator.section-1', 'example_subdag_operator.section-2', 'example_subdag_operator']) retrieved from /home/airflow/.local/lib/python3.7/site-packages/airflow/example_dags/example_subdag_operator.py
[2022-11-22T00:59:37.647+0000] {logging_mixin.py:137} INFO - [2022-11-22T00:59:37.647+0000] {dag.py:2585} INFO - Sync 3 DAGs
[2022-11-22T00:59:37.673+0000] {logging_mixin.py:137} INFO - [2022-11-22T00:59:37.673+0000] {dag.py:3340} INFO - Setting next_dagrun for example_subdag_operator to 2022-01-01T00:00:00+00:00, run_after=2022-01-01T00:00:00+00:00
[2022-11-22T00:59:37.676+0000] {logging_mixin.py:137} INFO - [2022-11-22T00:59:37.676+0000] {dag.py:3340} INFO - Setting next_dagrun for example_subdag_operator.section-1 to None, run_after=None
[2022-11-22T00:59:37.678+0000] {logging_mixin.py:137} INFO - [2022-11-22T00:59:37.677+0000] {dag.py:3340} INFO - Setting next_dagrun for example_subdag_operator.section-2 to None, run_after=None
[2022-11-22T00:59:37.686+0000] {logging_mixin.py:137} INFO - [2022-11-22T00:59:37.685+0000] {dag.py:2585} INFO - Sync 2 DAGs
[2022-11-22T00:59:37.692+0000] {logging_mixin.py:137} INFO - [2022-11-22T00:59:37.692+0000] {dag.py:3340} INFO - Setting next_dagrun for example_subdag_operator.section-1 to None, run_after=None
[2022-11-22T00:59:37.692+0000] {logging_mixin.py:137} INFO - [2022-11-22T00:59:37.692+0000] {dag.py:3340} INFO - Setting next_dagrun for example_subdag_operator.section-2 to None, run_after=None
[2022-11-22T00:59:37.706+0000] {processor.py:176} INFO - Processing /home/airflow/.local/lib/python3.7/site-packages/airflow/example_dags/example_subdag_operator.py took 0.320 seconds
[2022-11-22T01:00:08.593+0000] {processor.py:154} INFO - Started process (PID=4231) to work on /home/airflow/.local/lib/python3.7/site-packages/airflow/example_dags/example_subdag_operator.py
[2022-11-22T01:00:08.595+0000] {processor.py:756} INFO - Processing file /home/airflow/.local/lib/python3.7/site-packages/airflow/example_dags/example_subdag_operator.py for tasks to queue
[2022-11-22T01:00:08.596+0000] {logging_mixin.py:137} INFO - [2022-11-22T01:00:08.596+0000] {dagbag.py:537} INFO - Filling up the DagBag from /home/airflow/.local/lib/python3.7/site-packages/airflow/example_dags/example_subdag_operator.py
[2022-11-22T01:00:08.643+0000] {processor.py:766} INFO - DAG(s) dict_keys(['example_subdag_operator.section-1', 'example_subdag_operator.section-2', 'example_subdag_operator']) retrieved from /home/airflow/.local/lib/python3.7/site-packages/airflow/example_dags/example_subdag_operator.py
[2022-11-22T01:00:08.941+0000] {logging_mixin.py:137} INFO - [2022-11-22T01:00:08.941+0000] {dag.py:2585} INFO - Sync 3 DAGs
[2022-11-22T01:00:08.987+0000] {logging_mixin.py:137} INFO - [2022-11-22T01:00:08.987+0000] {dag.py:3340} INFO - Setting next_dagrun for example_subdag_operator to 2022-01-01T00:00:00+00:00, run_after=2022-01-01T00:00:00+00:00
[2022-11-22T01:00:08.992+0000] {logging_mixin.py:137} INFO - [2022-11-22T01:00:08.992+0000] {dag.py:3340} INFO - Setting next_dagrun for example_subdag_operator.section-1 to None, run_after=None
[2022-11-22T01:00:08.993+0000] {logging_mixin.py:137} INFO - [2022-11-22T01:00:08.993+0000] {dag.py:3340} INFO - Setting next_dagrun for example_subdag_operator.section-2 to None, run_after=None
[2022-11-22T01:00:09.007+0000] {logging_mixin.py:137} INFO - [2022-11-22T01:00:09.007+0000] {dag.py:2585} INFO - Sync 2 DAGs
[2022-11-22T01:00:09.016+0000] {logging_mixin.py:137} INFO - [2022-11-22T01:00:09.016+0000] {dag.py:3340} INFO - Setting next_dagrun for example_subdag_operator.section-1 to None, run_after=None
[2022-11-22T01:00:09.018+0000] {logging_mixin.py:137} INFO - [2022-11-22T01:00:09.017+0000] {dag.py:3340} INFO - Setting next_dagrun for example_subdag_operator.section-2 to None, run_after=None
[2022-11-22T01:00:09.038+0000] {processor.py:176} INFO - Processing /home/airflow/.local/lib/python3.7/site-packages/airflow/example_dags/example_subdag_operator.py took 0.448 seconds
[2022-11-22T01:00:39.580+0000] {processor.py:154} INFO - Started process (PID=4428) to work on /home/airflow/.local/lib/python3.7/site-packages/airflow/example_dags/example_subdag_operator.py
[2022-11-22T01:00:39.581+0000] {processor.py:756} INFO - Processing file /home/airflow/.local/lib/python3.7/site-packages/airflow/example_dags/example_subdag_operator.py for tasks to queue
[2022-11-22T01:00:39.581+0000] {logging_mixin.py:137} INFO - [2022-11-22T01:00:39.581+0000] {dagbag.py:537} INFO - Filling up the DagBag from /home/airflow/.local/lib/python3.7/site-packages/airflow/example_dags/example_subdag_operator.py
[2022-11-22T01:00:39.614+0000] {processor.py:766} INFO - DAG(s) dict_keys(['example_subdag_operator.section-1', 'example_subdag_operator.section-2', 'example_subdag_operator']) retrieved from /home/airflow/.local/lib/python3.7/site-packages/airflow/example_dags/example_subdag_operator.py
[2022-11-22T01:00:39.854+0000] {logging_mixin.py:137} INFO - [2022-11-22T01:00:39.853+0000] {dag.py:2585} INFO - Sync 3 DAGs
[2022-11-22T01:00:39.885+0000] {logging_mixin.py:137} INFO - [2022-11-22T01:00:39.885+0000] {dag.py:3340} INFO - Setting next_dagrun for example_subdag_operator to 2022-01-01T00:00:00+00:00, run_after=2022-01-01T00:00:00+00:00
[2022-11-22T01:00:39.890+0000] {logging_mixin.py:137} INFO - [2022-11-22T01:00:39.890+0000] {dag.py:3340} INFO - Setting next_dagrun for example_subdag_operator.section-1 to None, run_after=None
[2022-11-22T01:00:39.891+0000] {logging_mixin.py:137} INFO - [2022-11-22T01:00:39.891+0000] {dag.py:3340} INFO - Setting next_dagrun for example_subdag_operator.section-2 to None, run_after=None
[2022-11-22T01:00:39.900+0000] {logging_mixin.py:137} INFO - [2022-11-22T01:00:39.900+0000] {dag.py:2585} INFO - Sync 2 DAGs
[2022-11-22T01:00:39.910+0000] {logging_mixin.py:137} INFO - [2022-11-22T01:00:39.910+0000] {dag.py:3340} INFO - Setting next_dagrun for example_subdag_operator.section-1 to None, run_after=None
[2022-11-22T01:00:39.910+0000] {logging_mixin.py:137} INFO - [2022-11-22T01:00:39.910+0000] {dag.py:3340} INFO - Setting next_dagrun for example_subdag_operator.section-2 to None, run_after=None
[2022-11-22T01:00:39.924+0000] {processor.py:176} INFO - Processing /home/airflow/.local/lib/python3.7/site-packages/airflow/example_dags/example_subdag_operator.py took 0.347 seconds
[2022-11-22T01:01:10.408+0000] {processor.py:154} INFO - Started process (PID=4635) to work on /home/airflow/.local/lib/python3.7/site-packages/airflow/example_dags/example_subdag_operator.py
[2022-11-22T01:01:10.408+0000] {processor.py:756} INFO - Processing file /home/airflow/.local/lib/python3.7/site-packages/airflow/example_dags/example_subdag_operator.py for tasks to queue
[2022-11-22T01:01:10.409+0000] {logging_mixin.py:137} INFO - [2022-11-22T01:01:10.409+0000] {dagbag.py:537} INFO - Filling up the DagBag from /home/airflow/.local/lib/python3.7/site-packages/airflow/example_dags/example_subdag_operator.py
[2022-11-22T01:01:10.441+0000] {processor.py:766} INFO - DAG(s) dict_keys(['example_subdag_operator.section-1', 'example_subdag_operator.section-2', 'example_subdag_operator']) retrieved from /home/airflow/.local/lib/python3.7/site-packages/airflow/example_dags/example_subdag_operator.py
[2022-11-22T01:01:10.680+0000] {logging_mixin.py:137} INFO - [2022-11-22T01:01:10.680+0000] {dag.py:2585} INFO - Sync 3 DAGs
[2022-11-22T01:01:10.712+0000] {logging_mixin.py:137} INFO - [2022-11-22T01:01:10.711+0000] {dag.py:3340} INFO - Setting next_dagrun for example_subdag_operator to 2022-01-01T00:00:00+00:00, run_after=2022-01-01T00:00:00+00:00
[2022-11-22T01:01:10.715+0000] {logging_mixin.py:137} INFO - [2022-11-22T01:01:10.715+0000] {dag.py:3340} INFO - Setting next_dagrun for example_subdag_operator.section-1 to None, run_after=None
[2022-11-22T01:01:10.717+0000] {logging_mixin.py:137} INFO - [2022-11-22T01:01:10.717+0000] {dag.py:3340} INFO - Setting next_dagrun for example_subdag_operator.section-2 to None, run_after=None
[2022-11-22T01:01:10.726+0000] {logging_mixin.py:137} INFO - [2022-11-22T01:01:10.726+0000] {dag.py:2585} INFO - Sync 2 DAGs
[2022-11-22T01:01:10.733+0000] {logging_mixin.py:137} INFO - [2022-11-22T01:01:10.733+0000] {dag.py:3340} INFO - Setting next_dagrun for example_subdag_operator.section-1 to None, run_after=None
[2022-11-22T01:01:10.733+0000] {logging_mixin.py:137} INFO - [2022-11-22T01:01:10.733+0000] {dag.py:3340} INFO - Setting next_dagrun for example_subdag_operator.section-2 to None, run_after=None
[2022-11-22T01:01:10.746+0000] {processor.py:176} INFO - Processing /home/airflow/.local/lib/python3.7/site-packages/airflow/example_dags/example_subdag_operator.py took 0.342 seconds
[2022-11-22T01:01:41.137+0000] {processor.py:154} INFO - Started process (PID=4841) to work on /home/airflow/.local/lib/python3.7/site-packages/airflow/example_dags/example_subdag_operator.py
[2022-11-22T01:01:41.137+0000] {processor.py:756} INFO - Processing file /home/airflow/.local/lib/python3.7/site-packages/airflow/example_dags/example_subdag_operator.py for tasks to queue
[2022-11-22T01:01:41.138+0000] {logging_mixin.py:137} INFO - [2022-11-22T01:01:41.138+0000] {dagbag.py:537} INFO - Filling up the DagBag from /home/airflow/.local/lib/python3.7/site-packages/airflow/example_dags/example_subdag_operator.py
[2022-11-22T01:01:41.173+0000] {processor.py:766} INFO - DAG(s) dict_keys(['example_subdag_operator.section-1', 'example_subdag_operator.section-2', 'example_subdag_operator']) retrieved from /home/airflow/.local/lib/python3.7/site-packages/airflow/example_dags/example_subdag_operator.py
[2022-11-22T01:01:41.460+0000] {logging_mixin.py:137} INFO - [2022-11-22T01:01:41.460+0000] {dag.py:2585} INFO - Sync 3 DAGs
[2022-11-22T01:01:41.494+0000] {logging_mixin.py:137} INFO - [2022-11-22T01:01:41.494+0000] {dag.py:3340} INFO - Setting next_dagrun for example_subdag_operator to 2022-01-01T00:00:00+00:00, run_after=2022-01-01T00:00:00+00:00
[2022-11-22T01:01:41.499+0000] {logging_mixin.py:137} INFO - [2022-11-22T01:01:41.499+0000] {dag.py:3340} INFO - Setting next_dagrun for example_subdag_operator.section-1 to None, run_after=None
[2022-11-22T01:01:41.501+0000] {logging_mixin.py:137} INFO - [2022-11-22T01:01:41.500+0000] {dag.py:3340} INFO - Setting next_dagrun for example_subdag_operator.section-2 to None, run_after=None
[2022-11-22T01:01:41.513+0000] {logging_mixin.py:137} INFO - [2022-11-22T01:01:41.512+0000] {dag.py:2585} INFO - Sync 2 DAGs
[2022-11-22T01:01:41.520+0000] {logging_mixin.py:137} INFO - [2022-11-22T01:01:41.520+0000] {dag.py:3340} INFO - Setting next_dagrun for example_subdag_operator.section-1 to None, run_after=None
[2022-11-22T01:01:41.521+0000] {logging_mixin.py:137} INFO - [2022-11-22T01:01:41.521+0000] {dag.py:3340} INFO - Setting next_dagrun for example_subdag_operator.section-2 to None, run_after=None
[2022-11-22T01:01:41.537+0000] {processor.py:176} INFO - Processing /home/airflow/.local/lib/python3.7/site-packages/airflow/example_dags/example_subdag_operator.py took 0.403 seconds
