[2022-11-22T00:50:16.931+0000] {processor.py:154} INFO - Started process (PID=172) to work on /home/airflow/.local/lib/python3.7/site-packages/airflow/example_dags/example_dag_decorator.py
[2022-11-22T00:50:16.931+0000] {processor.py:756} INFO - Processing file /home/airflow/.local/lib/python3.7/site-packages/airflow/example_dags/example_dag_decorator.py for tasks to queue
[2022-11-22T00:50:16.932+0000] {logging_mixin.py:137} INFO - [2022-11-22T00:50:16.931+0000] {dagbag.py:537} INFO - Filling up the DagBag from /home/airflow/.local/lib/python3.7/site-packages/airflow/example_dags/example_dag_decorator.py
[2022-11-22T00:50:17.029+0000] {logging_mixin.py:137} INFO - [2022-11-22T00:50:17.029+0000] {taskmixin.py:205} WARNING - Dependency <Task(_PythonDecoratedOperator): prepare_email>, send_email already registered for DAG: example_dag_decorator
[2022-11-22T00:50:17.029+0000] {logging_mixin.py:137} INFO - [2022-11-22T00:50:17.029+0000] {taskmixin.py:205} WARNING - Dependency <Task(EmailOperator): send_email>, prepare_email already registered for DAG: example_dag_decorator
[2022-11-22T00:50:17.118+0000] {processor.py:766} INFO - DAG(s) dict_keys(['example_dag_decorator']) retrieved from /home/airflow/.local/lib/python3.7/site-packages/airflow/example_dags/example_dag_decorator.py
[2022-11-22T00:50:17.191+0000] {logging_mixin.py:137} INFO - [2022-11-22T00:50:17.191+0000] {dag.py:2585} INFO - Sync 1 DAGs
[2022-11-22T00:50:17.271+0000] {logging_mixin.py:137} INFO - [2022-11-22T00:50:17.271+0000] {dag.py:3340} INFO - Setting next_dagrun for example_dag_decorator to None, run_after=None
[2022-11-22T00:50:17.317+0000] {processor.py:176} INFO - Processing /home/airflow/.local/lib/python3.7/site-packages/airflow/example_dags/example_dag_decorator.py took 0.394 seconds
[2022-11-22T00:50:47.753+0000] {processor.py:154} INFO - Started process (PID=373) to work on /home/airflow/.local/lib/python3.7/site-packages/airflow/example_dags/example_dag_decorator.py
[2022-11-22T00:50:47.753+0000] {processor.py:756} INFO - Processing file /home/airflow/.local/lib/python3.7/site-packages/airflow/example_dags/example_dag_decorator.py for tasks to queue
[2022-11-22T00:50:47.754+0000] {logging_mixin.py:137} INFO - [2022-11-22T00:50:47.754+0000] {dagbag.py:537} INFO - Filling up the DagBag from /home/airflow/.local/lib/python3.7/site-packages/airflow/example_dags/example_dag_decorator.py
[2022-11-22T00:50:47.770+0000] {logging_mixin.py:137} INFO - [2022-11-22T00:50:47.770+0000] {taskmixin.py:205} WARNING - Dependency <Task(_PythonDecoratedOperator): prepare_email>, send_email already registered for DAG: example_dag_decorator
[2022-11-22T00:50:47.770+0000] {logging_mixin.py:137} INFO - [2022-11-22T00:50:47.770+0000] {taskmixin.py:205} WARNING - Dependency <Task(EmailOperator): send_email>, prepare_email already registered for DAG: example_dag_decorator
[2022-11-22T00:50:47.785+0000] {processor.py:766} INFO - DAG(s) dict_keys(['example_dag_decorator']) retrieved from /home/airflow/.local/lib/python3.7/site-packages/airflow/example_dags/example_dag_decorator.py
[2022-11-22T00:50:47.889+0000] {logging_mixin.py:137} INFO - [2022-11-22T00:50:47.889+0000] {dag.py:2585} INFO - Sync 1 DAGs
[2022-11-22T00:50:47.918+0000] {logging_mixin.py:137} INFO - [2022-11-22T00:50:47.918+0000] {dag.py:3340} INFO - Setting next_dagrun for example_dag_decorator to None, run_after=None
[2022-11-22T00:50:47.946+0000] {processor.py:176} INFO - Processing /home/airflow/.local/lib/python3.7/site-packages/airflow/example_dags/example_dag_decorator.py took 0.196 seconds
[2022-11-22T00:51:18.026+0000] {processor.py:154} INFO - Started process (PID=583) to work on /home/airflow/.local/lib/python3.7/site-packages/airflow/example_dags/example_dag_decorator.py
[2022-11-22T00:51:18.028+0000] {processor.py:756} INFO - Processing file /home/airflow/.local/lib/python3.7/site-packages/airflow/example_dags/example_dag_decorator.py for tasks to queue
[2022-11-22T00:51:18.028+0000] {logging_mixin.py:137} INFO - [2022-11-22T00:51:18.028+0000] {dagbag.py:537} INFO - Filling up the DagBag from /home/airflow/.local/lib/python3.7/site-packages/airflow/example_dags/example_dag_decorator.py
[2022-11-22T00:51:18.045+0000] {logging_mixin.py:137} INFO - [2022-11-22T00:51:18.045+0000] {taskmixin.py:205} WARNING - Dependency <Task(_PythonDecoratedOperator): prepare_email>, send_email already registered for DAG: example_dag_decorator
[2022-11-22T00:51:18.046+0000] {logging_mixin.py:137} INFO - [2022-11-22T00:51:18.045+0000] {taskmixin.py:205} WARNING - Dependency <Task(EmailOperator): send_email>, prepare_email already registered for DAG: example_dag_decorator
[2022-11-22T00:51:18.060+0000] {processor.py:766} INFO - DAG(s) dict_keys(['example_dag_decorator']) retrieved from /home/airflow/.local/lib/python3.7/site-packages/airflow/example_dags/example_dag_decorator.py
[2022-11-22T00:51:18.162+0000] {logging_mixin.py:137} INFO - [2022-11-22T00:51:18.162+0000] {dag.py:2585} INFO - Sync 1 DAGs
[2022-11-22T00:51:18.193+0000] {logging_mixin.py:137} INFO - [2022-11-22T00:51:18.192+0000] {dag.py:3340} INFO - Setting next_dagrun for example_dag_decorator to None, run_after=None
[2022-11-22T00:51:18.226+0000] {processor.py:176} INFO - Processing /home/airflow/.local/lib/python3.7/site-packages/airflow/example_dags/example_dag_decorator.py took 0.202 seconds
[2022-11-22T00:51:48.395+0000] {processor.py:154} INFO - Started process (PID=781) to work on /home/airflow/.local/lib/python3.7/site-packages/airflow/example_dags/example_dag_decorator.py
[2022-11-22T00:51:48.397+0000] {processor.py:756} INFO - Processing file /home/airflow/.local/lib/python3.7/site-packages/airflow/example_dags/example_dag_decorator.py for tasks to queue
[2022-11-22T00:51:48.398+0000] {logging_mixin.py:137} INFO - [2022-11-22T00:51:48.398+0000] {dagbag.py:537} INFO - Filling up the DagBag from /home/airflow/.local/lib/python3.7/site-packages/airflow/example_dags/example_dag_decorator.py
[2022-11-22T00:51:48.426+0000] {logging_mixin.py:137} INFO - [2022-11-22T00:51:48.425+0000] {taskmixin.py:205} WARNING - Dependency <Task(_PythonDecoratedOperator): prepare_email>, send_email already registered for DAG: example_dag_decorator
[2022-11-22T00:51:48.426+0000] {logging_mixin.py:137} INFO - [2022-11-22T00:51:48.426+0000] {taskmixin.py:205} WARNING - Dependency <Task(EmailOperator): send_email>, prepare_email already registered for DAG: example_dag_decorator
[2022-11-22T00:51:48.437+0000] {processor.py:766} INFO - DAG(s) dict_keys(['example_dag_decorator']) retrieved from /home/airflow/.local/lib/python3.7/site-packages/airflow/example_dags/example_dag_decorator.py
[2022-11-22T00:51:48.521+0000] {logging_mixin.py:137} INFO - [2022-11-22T00:51:48.520+0000] {dag.py:2585} INFO - Sync 1 DAGs
[2022-11-22T00:51:48.550+0000] {logging_mixin.py:137} INFO - [2022-11-22T00:51:48.550+0000] {dag.py:3340} INFO - Setting next_dagrun for example_dag_decorator to None, run_after=None
[2022-11-22T00:51:48.573+0000] {processor.py:176} INFO - Processing /home/airflow/.local/lib/python3.7/site-packages/airflow/example_dags/example_dag_decorator.py took 0.183 seconds
[2022-11-22T00:52:18.889+0000] {processor.py:154} INFO - Started process (PID=991) to work on /home/airflow/.local/lib/python3.7/site-packages/airflow/example_dags/example_dag_decorator.py
[2022-11-22T00:52:18.891+0000] {processor.py:756} INFO - Processing file /home/airflow/.local/lib/python3.7/site-packages/airflow/example_dags/example_dag_decorator.py for tasks to queue
[2022-11-22T00:52:18.892+0000] {logging_mixin.py:137} INFO - [2022-11-22T00:52:18.892+0000] {dagbag.py:537} INFO - Filling up the DagBag from /home/airflow/.local/lib/python3.7/site-packages/airflow/example_dags/example_dag_decorator.py
[2022-11-22T00:52:18.909+0000] {logging_mixin.py:137} INFO - [2022-11-22T00:52:18.909+0000] {taskmixin.py:205} WARNING - Dependency <Task(_PythonDecoratedOperator): prepare_email>, send_email already registered for DAG: example_dag_decorator
[2022-11-22T00:52:18.910+0000] {logging_mixin.py:137} INFO - [2022-11-22T00:52:18.910+0000] {taskmixin.py:205} WARNING - Dependency <Task(EmailOperator): send_email>, prepare_email already registered for DAG: example_dag_decorator
[2022-11-22T00:52:18.924+0000] {processor.py:766} INFO - DAG(s) dict_keys(['example_dag_decorator']) retrieved from /home/airflow/.local/lib/python3.7/site-packages/airflow/example_dags/example_dag_decorator.py
[2022-11-22T00:52:19.066+0000] {logging_mixin.py:137} INFO - [2022-11-22T00:52:19.065+0000] {dag.py:2585} INFO - Sync 1 DAGs
[2022-11-22T00:52:19.097+0000] {logging_mixin.py:137} INFO - [2022-11-22T00:52:19.096+0000] {dag.py:3340} INFO - Setting next_dagrun for example_dag_decorator to None, run_after=None
[2022-11-22T00:52:19.132+0000] {processor.py:176} INFO - Processing /home/airflow/.local/lib/python3.7/site-packages/airflow/example_dags/example_dag_decorator.py took 0.245 seconds
[2022-11-22T00:52:49.332+0000] {processor.py:154} INFO - Started process (PID=1198) to work on /home/airflow/.local/lib/python3.7/site-packages/airflow/example_dags/example_dag_decorator.py
[2022-11-22T00:52:49.333+0000] {processor.py:756} INFO - Processing file /home/airflow/.local/lib/python3.7/site-packages/airflow/example_dags/example_dag_decorator.py for tasks to queue
[2022-11-22T00:52:49.334+0000] {logging_mixin.py:137} INFO - [2022-11-22T00:52:49.334+0000] {dagbag.py:537} INFO - Filling up the DagBag from /home/airflow/.local/lib/python3.7/site-packages/airflow/example_dags/example_dag_decorator.py
[2022-11-22T00:52:49.352+0000] {logging_mixin.py:137} INFO - [2022-11-22T00:52:49.352+0000] {taskmixin.py:205} WARNING - Dependency <Task(_PythonDecoratedOperator): prepare_email>, send_email already registered for DAG: example_dag_decorator
[2022-11-22T00:52:49.352+0000] {logging_mixin.py:137} INFO - [2022-11-22T00:52:49.352+0000] {taskmixin.py:205} WARNING - Dependency <Task(EmailOperator): send_email>, prepare_email already registered for DAG: example_dag_decorator
[2022-11-22T00:52:49.369+0000] {processor.py:766} INFO - DAG(s) dict_keys(['example_dag_decorator']) retrieved from /home/airflow/.local/lib/python3.7/site-packages/airflow/example_dags/example_dag_decorator.py
[2022-11-22T00:52:49.488+0000] {logging_mixin.py:137} INFO - [2022-11-22T00:52:49.488+0000] {dag.py:2585} INFO - Sync 1 DAGs
[2022-11-22T00:52:49.525+0000] {logging_mixin.py:137} INFO - [2022-11-22T00:52:49.525+0000] {dag.py:3340} INFO - Setting next_dagrun for example_dag_decorator to None, run_after=None
[2022-11-22T00:52:49.553+0000] {processor.py:176} INFO - Processing /home/airflow/.local/lib/python3.7/site-packages/airflow/example_dags/example_dag_decorator.py took 0.224 seconds
[2022-11-22T00:53:19.654+0000] {processor.py:154} INFO - Started process (PID=1397) to work on /home/airflow/.local/lib/python3.7/site-packages/airflow/example_dags/example_dag_decorator.py
[2022-11-22T00:53:19.655+0000] {processor.py:756} INFO - Processing file /home/airflow/.local/lib/python3.7/site-packages/airflow/example_dags/example_dag_decorator.py for tasks to queue
[2022-11-22T00:53:19.655+0000] {logging_mixin.py:137} INFO - [2022-11-22T00:53:19.655+0000] {dagbag.py:537} INFO - Filling up the DagBag from /home/airflow/.local/lib/python3.7/site-packages/airflow/example_dags/example_dag_decorator.py
[2022-11-22T00:53:19.672+0000] {logging_mixin.py:137} INFO - [2022-11-22T00:53:19.671+0000] {taskmixin.py:205} WARNING - Dependency <Task(_PythonDecoratedOperator): prepare_email>, send_email already registered for DAG: example_dag_decorator
[2022-11-22T00:53:19.672+0000] {logging_mixin.py:137} INFO - [2022-11-22T00:53:19.672+0000] {taskmixin.py:205} WARNING - Dependency <Task(EmailOperator): send_email>, prepare_email already registered for DAG: example_dag_decorator
[2022-11-22T00:53:19.685+0000] {processor.py:766} INFO - DAG(s) dict_keys(['example_dag_decorator']) retrieved from /home/airflow/.local/lib/python3.7/site-packages/airflow/example_dags/example_dag_decorator.py
[2022-11-22T00:53:19.791+0000] {logging_mixin.py:137} INFO - [2022-11-22T00:53:19.791+0000] {dag.py:2585} INFO - Sync 1 DAGs
[2022-11-22T00:53:19.832+0000] {logging_mixin.py:137} INFO - [2022-11-22T00:53:19.832+0000] {dag.py:3340} INFO - Setting next_dagrun for example_dag_decorator to None, run_after=None
[2022-11-22T00:53:19.862+0000] {processor.py:176} INFO - Processing /home/airflow/.local/lib/python3.7/site-packages/airflow/example_dags/example_dag_decorator.py took 0.211 seconds
[2022-11-22T00:53:49.979+0000] {processor.py:154} INFO - Started process (PID=1604) to work on /home/airflow/.local/lib/python3.7/site-packages/airflow/example_dags/example_dag_decorator.py
[2022-11-22T00:53:49.980+0000] {processor.py:756} INFO - Processing file /home/airflow/.local/lib/python3.7/site-packages/airflow/example_dags/example_dag_decorator.py for tasks to queue
[2022-11-22T00:53:49.981+0000] {logging_mixin.py:137} INFO - [2022-11-22T00:53:49.980+0000] {dagbag.py:537} INFO - Filling up the DagBag from /home/airflow/.local/lib/python3.7/site-packages/airflow/example_dags/example_dag_decorator.py
[2022-11-22T00:53:49.997+0000] {logging_mixin.py:137} INFO - [2022-11-22T00:53:49.996+0000] {taskmixin.py:205} WARNING - Dependency <Task(_PythonDecoratedOperator): prepare_email>, send_email already registered for DAG: example_dag_decorator
[2022-11-22T00:53:49.997+0000] {logging_mixin.py:137} INFO - [2022-11-22T00:53:49.997+0000] {taskmixin.py:205} WARNING - Dependency <Task(EmailOperator): send_email>, prepare_email already registered for DAG: example_dag_decorator
[2022-11-22T00:53:50.010+0000] {processor.py:766} INFO - DAG(s) dict_keys(['example_dag_decorator']) retrieved from /home/airflow/.local/lib/python3.7/site-packages/airflow/example_dags/example_dag_decorator.py
[2022-11-22T00:53:50.112+0000] {logging_mixin.py:137} INFO - [2022-11-22T00:53:50.112+0000] {dag.py:2585} INFO - Sync 1 DAGs
[2022-11-22T00:53:50.147+0000] {logging_mixin.py:137} INFO - [2022-11-22T00:53:50.147+0000] {dag.py:3340} INFO - Setting next_dagrun for example_dag_decorator to None, run_after=None
[2022-11-22T00:53:50.175+0000] {processor.py:176} INFO - Processing /home/airflow/.local/lib/python3.7/site-packages/airflow/example_dags/example_dag_decorator.py took 0.198 seconds
[2022-11-22T00:54:20.228+0000] {processor.py:154} INFO - Started process (PID=1802) to work on /home/airflow/.local/lib/python3.7/site-packages/airflow/example_dags/example_dag_decorator.py
[2022-11-22T00:54:20.228+0000] {processor.py:756} INFO - Processing file /home/airflow/.local/lib/python3.7/site-packages/airflow/example_dags/example_dag_decorator.py for tasks to queue
[2022-11-22T00:54:20.229+0000] {logging_mixin.py:137} INFO - [2022-11-22T00:54:20.229+0000] {dagbag.py:537} INFO - Filling up the DagBag from /home/airflow/.local/lib/python3.7/site-packages/airflow/example_dags/example_dag_decorator.py
[2022-11-22T00:54:20.248+0000] {logging_mixin.py:137} INFO - [2022-11-22T00:54:20.248+0000] {taskmixin.py:205} WARNING - Dependency <Task(_PythonDecoratedOperator): prepare_email>, send_email already registered for DAG: example_dag_decorator
[2022-11-22T00:54:20.248+0000] {logging_mixin.py:137} INFO - [2022-11-22T00:54:20.248+0000] {taskmixin.py:205} WARNING - Dependency <Task(EmailOperator): send_email>, prepare_email already registered for DAG: example_dag_decorator
[2022-11-22T00:54:20.264+0000] {processor.py:766} INFO - DAG(s) dict_keys(['example_dag_decorator']) retrieved from /home/airflow/.local/lib/python3.7/site-packages/airflow/example_dags/example_dag_decorator.py
[2022-11-22T00:54:20.388+0000] {logging_mixin.py:137} INFO - [2022-11-22T00:54:20.388+0000] {dag.py:2585} INFO - Sync 1 DAGs
[2022-11-22T00:54:20.422+0000] {logging_mixin.py:137} INFO - [2022-11-22T00:54:20.422+0000] {dag.py:3340} INFO - Setting next_dagrun for example_dag_decorator to None, run_after=None
[2022-11-22T00:54:20.454+0000] {processor.py:176} INFO - Processing /home/airflow/.local/lib/python3.7/site-packages/airflow/example_dags/example_dag_decorator.py took 0.230 seconds
[2022-11-22T00:54:50.614+0000] {processor.py:154} INFO - Started process (PID=2012) to work on /home/airflow/.local/lib/python3.7/site-packages/airflow/example_dags/example_dag_decorator.py
[2022-11-22T00:54:50.615+0000] {processor.py:756} INFO - Processing file /home/airflow/.local/lib/python3.7/site-packages/airflow/example_dags/example_dag_decorator.py for tasks to queue
[2022-11-22T00:54:50.616+0000] {logging_mixin.py:137} INFO - [2022-11-22T00:54:50.616+0000] {dagbag.py:537} INFO - Filling up the DagBag from /home/airflow/.local/lib/python3.7/site-packages/airflow/example_dags/example_dag_decorator.py
[2022-11-22T00:54:50.632+0000] {logging_mixin.py:137} INFO - [2022-11-22T00:54:50.632+0000] {taskmixin.py:205} WARNING - Dependency <Task(_PythonDecoratedOperator): prepare_email>, send_email already registered for DAG: example_dag_decorator
[2022-11-22T00:54:50.633+0000] {logging_mixin.py:137} INFO - [2022-11-22T00:54:50.632+0000] {taskmixin.py:205} WARNING - Dependency <Task(EmailOperator): send_email>, prepare_email already registered for DAG: example_dag_decorator
[2022-11-22T00:54:50.646+0000] {processor.py:766} INFO - DAG(s) dict_keys(['example_dag_decorator']) retrieved from /home/airflow/.local/lib/python3.7/site-packages/airflow/example_dags/example_dag_decorator.py
[2022-11-22T00:54:50.748+0000] {logging_mixin.py:137} INFO - [2022-11-22T00:54:50.748+0000] {dag.py:2585} INFO - Sync 1 DAGs
[2022-11-22T00:54:50.779+0000] {logging_mixin.py:137} INFO - [2022-11-22T00:54:50.779+0000] {dag.py:3340} INFO - Setting next_dagrun for example_dag_decorator to None, run_after=None
[2022-11-22T00:54:50.805+0000] {processor.py:176} INFO - Processing /home/airflow/.local/lib/python3.7/site-packages/airflow/example_dags/example_dag_decorator.py took 0.194 seconds
[2022-11-22T00:55:20.867+0000] {processor.py:154} INFO - Started process (PID=2218) to work on /home/airflow/.local/lib/python3.7/site-packages/airflow/example_dags/example_dag_decorator.py
[2022-11-22T00:55:20.868+0000] {processor.py:756} INFO - Processing file /home/airflow/.local/lib/python3.7/site-packages/airflow/example_dags/example_dag_decorator.py for tasks to queue
[2022-11-22T00:55:20.868+0000] {logging_mixin.py:137} INFO - [2022-11-22T00:55:20.868+0000] {dagbag.py:537} INFO - Filling up the DagBag from /home/airflow/.local/lib/python3.7/site-packages/airflow/example_dags/example_dag_decorator.py
[2022-11-22T00:55:20.884+0000] {logging_mixin.py:137} INFO - [2022-11-22T00:55:20.884+0000] {taskmixin.py:205} WARNING - Dependency <Task(_PythonDecoratedOperator): prepare_email>, send_email already registered for DAG: example_dag_decorator
[2022-11-22T00:55:20.884+0000] {logging_mixin.py:137} INFO - [2022-11-22T00:55:20.884+0000] {taskmixin.py:205} WARNING - Dependency <Task(EmailOperator): send_email>, prepare_email already registered for DAG: example_dag_decorator
[2022-11-22T00:55:20.897+0000] {processor.py:766} INFO - DAG(s) dict_keys(['example_dag_decorator']) retrieved from /home/airflow/.local/lib/python3.7/site-packages/airflow/example_dags/example_dag_decorator.py
[2022-11-22T00:55:21.001+0000] {logging_mixin.py:137} INFO - [2022-11-22T00:55:21.000+0000] {dag.py:2585} INFO - Sync 1 DAGs
[2022-11-22T00:55:21.029+0000] {logging_mixin.py:137} INFO - [2022-11-22T00:55:21.029+0000] {dag.py:3340} INFO - Setting next_dagrun for example_dag_decorator to None, run_after=None
[2022-11-22T00:55:21.054+0000] {processor.py:176} INFO - Processing /home/airflow/.local/lib/python3.7/site-packages/airflow/example_dags/example_dag_decorator.py took 0.190 seconds
[2022-11-22T00:55:51.117+0000] {processor.py:154} INFO - Started process (PID=2415) to work on /home/airflow/.local/lib/python3.7/site-packages/airflow/example_dags/example_dag_decorator.py
[2022-11-22T00:55:51.117+0000] {processor.py:756} INFO - Processing file /home/airflow/.local/lib/python3.7/site-packages/airflow/example_dags/example_dag_decorator.py for tasks to queue
[2022-11-22T00:55:51.118+0000] {logging_mixin.py:137} INFO - [2022-11-22T00:55:51.118+0000] {dagbag.py:537} INFO - Filling up the DagBag from /home/airflow/.local/lib/python3.7/site-packages/airflow/example_dags/example_dag_decorator.py
[2022-11-22T00:55:51.133+0000] {logging_mixin.py:137} INFO - [2022-11-22T00:55:51.133+0000] {taskmixin.py:205} WARNING - Dependency <Task(_PythonDecoratedOperator): prepare_email>, send_email already registered for DAG: example_dag_decorator
[2022-11-22T00:55:51.133+0000] {logging_mixin.py:137} INFO - [2022-11-22T00:55:51.133+0000] {taskmixin.py:205} WARNING - Dependency <Task(EmailOperator): send_email>, prepare_email already registered for DAG: example_dag_decorator
[2022-11-22T00:55:51.146+0000] {processor.py:766} INFO - DAG(s) dict_keys(['example_dag_decorator']) retrieved from /home/airflow/.local/lib/python3.7/site-packages/airflow/example_dags/example_dag_decorator.py
[2022-11-22T00:55:51.240+0000] {logging_mixin.py:137} INFO - [2022-11-22T00:55:51.239+0000] {dag.py:2585} INFO - Sync 1 DAGs
[2022-11-22T00:55:51.269+0000] {logging_mixin.py:137} INFO - [2022-11-22T00:55:51.269+0000] {dag.py:3340} INFO - Setting next_dagrun for example_dag_decorator to None, run_after=None
[2022-11-22T00:55:51.292+0000] {processor.py:176} INFO - Processing /home/airflow/.local/lib/python3.7/site-packages/airflow/example_dags/example_dag_decorator.py took 0.178 seconds
[2022-11-22T00:56:21.386+0000] {processor.py:154} INFO - Started process (PID=2622) to work on /home/airflow/.local/lib/python3.7/site-packages/airflow/example_dags/example_dag_decorator.py
[2022-11-22T00:56:21.387+0000] {processor.py:756} INFO - Processing file /home/airflow/.local/lib/python3.7/site-packages/airflow/example_dags/example_dag_decorator.py for tasks to queue
[2022-11-22T00:56:21.387+0000] {logging_mixin.py:137} INFO - [2022-11-22T00:56:21.387+0000] {dagbag.py:537} INFO - Filling up the DagBag from /home/airflow/.local/lib/python3.7/site-packages/airflow/example_dags/example_dag_decorator.py
[2022-11-22T00:56:21.404+0000] {logging_mixin.py:137} INFO - [2022-11-22T00:56:21.404+0000] {taskmixin.py:205} WARNING - Dependency <Task(_PythonDecoratedOperator): prepare_email>, send_email already registered for DAG: example_dag_decorator
[2022-11-22T00:56:21.404+0000] {logging_mixin.py:137} INFO - [2022-11-22T00:56:21.404+0000] {taskmixin.py:205} WARNING - Dependency <Task(EmailOperator): send_email>, prepare_email already registered for DAG: example_dag_decorator
[2022-11-22T00:56:21.417+0000] {processor.py:766} INFO - DAG(s) dict_keys(['example_dag_decorator']) retrieved from /home/airflow/.local/lib/python3.7/site-packages/airflow/example_dags/example_dag_decorator.py
[2022-11-22T00:56:21.519+0000] {logging_mixin.py:137} INFO - [2022-11-22T00:56:21.519+0000] {dag.py:2585} INFO - Sync 1 DAGs
[2022-11-22T00:56:21.551+0000] {logging_mixin.py:137} INFO - [2022-11-22T00:56:21.551+0000] {dag.py:3340} INFO - Setting next_dagrun for example_dag_decorator to None, run_after=None
[2022-11-22T00:56:21.577+0000] {processor.py:176} INFO - Processing /home/airflow/.local/lib/python3.7/site-packages/airflow/example_dags/example_dag_decorator.py took 0.194 seconds
[2022-11-22T00:56:51.716+0000] {processor.py:154} INFO - Started process (PID=2829) to work on /home/airflow/.local/lib/python3.7/site-packages/airflow/example_dags/example_dag_decorator.py
[2022-11-22T00:56:51.717+0000] {processor.py:756} INFO - Processing file /home/airflow/.local/lib/python3.7/site-packages/airflow/example_dags/example_dag_decorator.py for tasks to queue
[2022-11-22T00:56:51.718+0000] {logging_mixin.py:137} INFO - [2022-11-22T00:56:51.718+0000] {dagbag.py:537} INFO - Filling up the DagBag from /home/airflow/.local/lib/python3.7/site-packages/airflow/example_dags/example_dag_decorator.py
[2022-11-22T00:56:51.740+0000] {logging_mixin.py:137} INFO - [2022-11-22T00:56:51.740+0000] {taskmixin.py:205} WARNING - Dependency <Task(_PythonDecoratedOperator): prepare_email>, send_email already registered for DAG: example_dag_decorator
[2022-11-22T00:56:51.740+0000] {logging_mixin.py:137} INFO - [2022-11-22T00:56:51.740+0000] {taskmixin.py:205} WARNING - Dependency <Task(EmailOperator): send_email>, prepare_email already registered for DAG: example_dag_decorator
[2022-11-22T00:56:51.757+0000] {processor.py:766} INFO - DAG(s) dict_keys(['example_dag_decorator']) retrieved from /home/airflow/.local/lib/python3.7/site-packages/airflow/example_dags/example_dag_decorator.py
[2022-11-22T00:56:51.906+0000] {logging_mixin.py:137} INFO - [2022-11-22T00:56:51.906+0000] {dag.py:2585} INFO - Sync 1 DAGs
[2022-11-22T00:56:51.944+0000] {logging_mixin.py:137} INFO - [2022-11-22T00:56:51.944+0000] {dag.py:3340} INFO - Setting next_dagrun for example_dag_decorator to None, run_after=None
[2022-11-22T00:56:51.984+0000] {processor.py:176} INFO - Processing /home/airflow/.local/lib/python3.7/site-packages/airflow/example_dags/example_dag_decorator.py took 0.271 seconds
[2022-11-22T00:57:22.762+0000] {processor.py:154} INFO - Started process (PID=3027) to work on /home/airflow/.local/lib/python3.7/site-packages/airflow/example_dags/example_dag_decorator.py
[2022-11-22T00:57:22.764+0000] {processor.py:756} INFO - Processing file /home/airflow/.local/lib/python3.7/site-packages/airflow/example_dags/example_dag_decorator.py for tasks to queue
[2022-11-22T00:57:22.764+0000] {logging_mixin.py:137} INFO - [2022-11-22T00:57:22.764+0000] {dagbag.py:537} INFO - Filling up the DagBag from /home/airflow/.local/lib/python3.7/site-packages/airflow/example_dags/example_dag_decorator.py
[2022-11-22T00:57:22.781+0000] {logging_mixin.py:137} INFO - [2022-11-22T00:57:22.780+0000] {taskmixin.py:205} WARNING - Dependency <Task(_PythonDecoratedOperator): prepare_email>, send_email already registered for DAG: example_dag_decorator
[2022-11-22T00:57:22.781+0000] {logging_mixin.py:137} INFO - [2022-11-22T00:57:22.781+0000] {taskmixin.py:205} WARNING - Dependency <Task(EmailOperator): send_email>, prepare_email already registered for DAG: example_dag_decorator
[2022-11-22T00:57:22.794+0000] {processor.py:766} INFO - DAG(s) dict_keys(['example_dag_decorator']) retrieved from /home/airflow/.local/lib/python3.7/site-packages/airflow/example_dags/example_dag_decorator.py
[2022-11-22T00:57:22.895+0000] {logging_mixin.py:137} INFO - [2022-11-22T00:57:22.894+0000] {dag.py:2585} INFO - Sync 1 DAGs
[2022-11-22T00:57:22.925+0000] {logging_mixin.py:137} INFO - [2022-11-22T00:57:22.925+0000] {dag.py:3340} INFO - Setting next_dagrun for example_dag_decorator to None, run_after=None
[2022-11-22T00:57:22.953+0000] {processor.py:176} INFO - Processing /home/airflow/.local/lib/python3.7/site-packages/airflow/example_dags/example_dag_decorator.py took 0.194 seconds
[2022-11-22T00:57:53.562+0000] {processor.py:154} INFO - Started process (PID=3235) to work on /home/airflow/.local/lib/python3.7/site-packages/airflow/example_dags/example_dag_decorator.py
[2022-11-22T00:57:53.563+0000] {processor.py:756} INFO - Processing file /home/airflow/.local/lib/python3.7/site-packages/airflow/example_dags/example_dag_decorator.py for tasks to queue
[2022-11-22T00:57:53.564+0000] {logging_mixin.py:137} INFO - [2022-11-22T00:57:53.564+0000] {dagbag.py:537} INFO - Filling up the DagBag from /home/airflow/.local/lib/python3.7/site-packages/airflow/example_dags/example_dag_decorator.py
[2022-11-22T00:57:53.586+0000] {logging_mixin.py:137} INFO - [2022-11-22T00:57:53.586+0000] {taskmixin.py:205} WARNING - Dependency <Task(_PythonDecoratedOperator): prepare_email>, send_email already registered for DAG: example_dag_decorator
[2022-11-22T00:57:53.586+0000] {logging_mixin.py:137} INFO - [2022-11-22T00:57:53.586+0000] {taskmixin.py:205} WARNING - Dependency <Task(EmailOperator): send_email>, prepare_email already registered for DAG: example_dag_decorator
[2022-11-22T00:57:53.599+0000] {processor.py:766} INFO - DAG(s) dict_keys(['example_dag_decorator']) retrieved from /home/airflow/.local/lib/python3.7/site-packages/airflow/example_dags/example_dag_decorator.py
[2022-11-22T00:57:53.703+0000] {logging_mixin.py:137} INFO - [2022-11-22T00:57:53.702+0000] {dag.py:2585} INFO - Sync 1 DAGs
[2022-11-22T00:57:53.734+0000] {logging_mixin.py:137} INFO - [2022-11-22T00:57:53.734+0000] {dag.py:3340} INFO - Setting next_dagrun for example_dag_decorator to None, run_after=None
[2022-11-22T00:57:53.770+0000] {processor.py:176} INFO - Processing /home/airflow/.local/lib/python3.7/site-packages/airflow/example_dags/example_dag_decorator.py took 0.214 seconds
[2022-11-22T00:58:23.809+0000] {processor.py:154} INFO - Started process (PID=3439) to work on /home/airflow/.local/lib/python3.7/site-packages/airflow/example_dags/example_dag_decorator.py
[2022-11-22T00:58:23.810+0000] {processor.py:756} INFO - Processing file /home/airflow/.local/lib/python3.7/site-packages/airflow/example_dags/example_dag_decorator.py for tasks to queue
[2022-11-22T00:58:23.810+0000] {logging_mixin.py:137} INFO - [2022-11-22T00:58:23.810+0000] {dagbag.py:537} INFO - Filling up the DagBag from /home/airflow/.local/lib/python3.7/site-packages/airflow/example_dags/example_dag_decorator.py
[2022-11-22T00:58:23.832+0000] {logging_mixin.py:137} INFO - [2022-11-22T00:58:23.832+0000] {taskmixin.py:205} WARNING - Dependency <Task(_PythonDecoratedOperator): prepare_email>, send_email already registered for DAG: example_dag_decorator
[2022-11-22T00:58:23.833+0000] {logging_mixin.py:137} INFO - [2022-11-22T00:58:23.832+0000] {taskmixin.py:205} WARNING - Dependency <Task(EmailOperator): send_email>, prepare_email already registered for DAG: example_dag_decorator
[2022-11-22T00:58:23.850+0000] {processor.py:766} INFO - DAG(s) dict_keys(['example_dag_decorator']) retrieved from /home/airflow/.local/lib/python3.7/site-packages/airflow/example_dags/example_dag_decorator.py
[2022-11-22T00:58:23.998+0000] {logging_mixin.py:137} INFO - [2022-11-22T00:58:23.997+0000] {dag.py:2585} INFO - Sync 1 DAGs
[2022-11-22T00:58:24.044+0000] {logging_mixin.py:137} INFO - [2022-11-22T00:58:24.044+0000] {dag.py:3340} INFO - Setting next_dagrun for example_dag_decorator to None, run_after=None
[2022-11-22T00:58:24.079+0000] {processor.py:176} INFO - Processing /home/airflow/.local/lib/python3.7/site-packages/airflow/example_dags/example_dag_decorator.py took 0.274 seconds
[2022-11-22T00:58:54.117+0000] {processor.py:154} INFO - Started process (PID=3638) to work on /home/airflow/.local/lib/python3.7/site-packages/airflow/example_dags/example_dag_decorator.py
[2022-11-22T00:58:54.118+0000] {processor.py:756} INFO - Processing file /home/airflow/.local/lib/python3.7/site-packages/airflow/example_dags/example_dag_decorator.py for tasks to queue
[2022-11-22T00:58:54.119+0000] {logging_mixin.py:137} INFO - [2022-11-22T00:58:54.119+0000] {dagbag.py:537} INFO - Filling up the DagBag from /home/airflow/.local/lib/python3.7/site-packages/airflow/example_dags/example_dag_decorator.py
[2022-11-22T00:58:54.138+0000] {logging_mixin.py:137} INFO - [2022-11-22T00:58:54.138+0000] {taskmixin.py:205} WARNING - Dependency <Task(_PythonDecoratedOperator): prepare_email>, send_email already registered for DAG: example_dag_decorator
[2022-11-22T00:58:54.138+0000] {logging_mixin.py:137} INFO - [2022-11-22T00:58:54.138+0000] {taskmixin.py:205} WARNING - Dependency <Task(EmailOperator): send_email>, prepare_email already registered for DAG: example_dag_decorator
[2022-11-22T00:58:54.152+0000] {processor.py:766} INFO - DAG(s) dict_keys(['example_dag_decorator']) retrieved from /home/airflow/.local/lib/python3.7/site-packages/airflow/example_dags/example_dag_decorator.py
[2022-11-22T00:58:54.255+0000] {logging_mixin.py:137} INFO - [2022-11-22T00:58:54.254+0000] {dag.py:2585} INFO - Sync 1 DAGs
[2022-11-22T00:58:54.286+0000] {logging_mixin.py:137} INFO - [2022-11-22T00:58:54.286+0000] {dag.py:3340} INFO - Setting next_dagrun for example_dag_decorator to None, run_after=None
[2022-11-22T00:58:54.312+0000] {processor.py:176} INFO - Processing /home/airflow/.local/lib/python3.7/site-packages/airflow/example_dags/example_dag_decorator.py took 0.198 seconds
[2022-11-22T00:59:24.472+0000] {processor.py:154} INFO - Started process (PID=3851) to work on /home/airflow/.local/lib/python3.7/site-packages/airflow/example_dags/example_dag_decorator.py
[2022-11-22T00:59:24.473+0000] {processor.py:756} INFO - Processing file /home/airflow/.local/lib/python3.7/site-packages/airflow/example_dags/example_dag_decorator.py for tasks to queue
[2022-11-22T00:59:24.474+0000] {logging_mixin.py:137} INFO - [2022-11-22T00:59:24.474+0000] {dagbag.py:537} INFO - Filling up the DagBag from /home/airflow/.local/lib/python3.7/site-packages/airflow/example_dags/example_dag_decorator.py
[2022-11-22T00:59:24.491+0000] {logging_mixin.py:137} INFO - [2022-11-22T00:59:24.491+0000] {taskmixin.py:205} WARNING - Dependency <Task(_PythonDecoratedOperator): prepare_email>, send_email already registered for DAG: example_dag_decorator
[2022-11-22T00:59:24.491+0000] {logging_mixin.py:137} INFO - [2022-11-22T00:59:24.491+0000] {taskmixin.py:205} WARNING - Dependency <Task(EmailOperator): send_email>, prepare_email already registered for DAG: example_dag_decorator
[2022-11-22T00:59:24.504+0000] {processor.py:766} INFO - DAG(s) dict_keys(['example_dag_decorator']) retrieved from /home/airflow/.local/lib/python3.7/site-packages/airflow/example_dags/example_dag_decorator.py
[2022-11-22T00:59:24.610+0000] {logging_mixin.py:137} INFO - [2022-11-22T00:59:24.610+0000] {dag.py:2585} INFO - Sync 1 DAGs
[2022-11-22T00:59:24.642+0000] {logging_mixin.py:137} INFO - [2022-11-22T00:59:24.641+0000] {dag.py:3340} INFO - Setting next_dagrun for example_dag_decorator to None, run_after=None
[2022-11-22T00:59:24.668+0000] {processor.py:176} INFO - Processing /home/airflow/.local/lib/python3.7/site-packages/airflow/example_dags/example_dag_decorator.py took 0.199 seconds
[2022-11-22T00:59:54.856+0000] {processor.py:154} INFO - Started process (PID=4053) to work on /home/airflow/.local/lib/python3.7/site-packages/airflow/example_dags/example_dag_decorator.py
[2022-11-22T00:59:54.857+0000] {processor.py:756} INFO - Processing file /home/airflow/.local/lib/python3.7/site-packages/airflow/example_dags/example_dag_decorator.py for tasks to queue
[2022-11-22T00:59:54.857+0000] {logging_mixin.py:137} INFO - [2022-11-22T00:59:54.857+0000] {dagbag.py:537} INFO - Filling up the DagBag from /home/airflow/.local/lib/python3.7/site-packages/airflow/example_dags/example_dag_decorator.py
[2022-11-22T00:59:54.872+0000] {logging_mixin.py:137} INFO - [2022-11-22T00:59:54.872+0000] {taskmixin.py:205} WARNING - Dependency <Task(_PythonDecoratedOperator): prepare_email>, send_email already registered for DAG: example_dag_decorator
[2022-11-22T00:59:54.873+0000] {logging_mixin.py:137} INFO - [2022-11-22T00:59:54.873+0000] {taskmixin.py:205} WARNING - Dependency <Task(EmailOperator): send_email>, prepare_email already registered for DAG: example_dag_decorator
[2022-11-22T00:59:54.885+0000] {processor.py:766} INFO - DAG(s) dict_keys(['example_dag_decorator']) retrieved from /home/airflow/.local/lib/python3.7/site-packages/airflow/example_dags/example_dag_decorator.py
[2022-11-22T00:59:54.984+0000] {logging_mixin.py:137} INFO - [2022-11-22T00:59:54.984+0000] {dag.py:2585} INFO - Sync 1 DAGs
[2022-11-22T00:59:55.015+0000] {logging_mixin.py:137} INFO - [2022-11-22T00:59:55.015+0000] {dag.py:3340} INFO - Setting next_dagrun for example_dag_decorator to None, run_after=None
[2022-11-22T00:59:55.039+0000] {processor.py:176} INFO - Processing /home/airflow/.local/lib/python3.7/site-packages/airflow/example_dags/example_dag_decorator.py took 0.186 seconds
[2022-11-22T01:00:25.147+0000] {processor.py:154} INFO - Started process (PID=4264) to work on /home/airflow/.local/lib/python3.7/site-packages/airflow/example_dags/example_dag_decorator.py
[2022-11-22T01:00:25.149+0000] {processor.py:756} INFO - Processing file /home/airflow/.local/lib/python3.7/site-packages/airflow/example_dags/example_dag_decorator.py for tasks to queue
[2022-11-22T01:00:25.149+0000] {logging_mixin.py:137} INFO - [2022-11-22T01:00:25.149+0000] {dagbag.py:537} INFO - Filling up the DagBag from /home/airflow/.local/lib/python3.7/site-packages/airflow/example_dags/example_dag_decorator.py
[2022-11-22T01:00:25.163+0000] {logging_mixin.py:137} INFO - [2022-11-22T01:00:25.163+0000] {taskmixin.py:205} WARNING - Dependency <Task(_PythonDecoratedOperator): prepare_email>, send_email already registered for DAG: example_dag_decorator
[2022-11-22T01:00:25.163+0000] {logging_mixin.py:137} INFO - [2022-11-22T01:00:25.163+0000] {taskmixin.py:205} WARNING - Dependency <Task(EmailOperator): send_email>, prepare_email already registered for DAG: example_dag_decorator
[2022-11-22T01:00:25.176+0000] {processor.py:766} INFO - DAG(s) dict_keys(['example_dag_decorator']) retrieved from /home/airflow/.local/lib/python3.7/site-packages/airflow/example_dags/example_dag_decorator.py
[2022-11-22T01:00:25.279+0000] {logging_mixin.py:137} INFO - [2022-11-22T01:00:25.278+0000] {dag.py:2585} INFO - Sync 1 DAGs
[2022-11-22T01:00:25.310+0000] {logging_mixin.py:137} INFO - [2022-11-22T01:00:25.310+0000] {dag.py:3340} INFO - Setting next_dagrun for example_dag_decorator to None, run_after=None
[2022-11-22T01:00:25.335+0000] {processor.py:176} INFO - Processing /home/airflow/.local/lib/python3.7/site-packages/airflow/example_dags/example_dag_decorator.py took 0.192 seconds
[2022-11-22T01:00:55.362+0000] {processor.py:154} INFO - Started process (PID=4471) to work on /home/airflow/.local/lib/python3.7/site-packages/airflow/example_dags/example_dag_decorator.py
[2022-11-22T01:00:55.362+0000] {processor.py:756} INFO - Processing file /home/airflow/.local/lib/python3.7/site-packages/airflow/example_dags/example_dag_decorator.py for tasks to queue
[2022-11-22T01:00:55.363+0000] {logging_mixin.py:137} INFO - [2022-11-22T01:00:55.363+0000] {dagbag.py:537} INFO - Filling up the DagBag from /home/airflow/.local/lib/python3.7/site-packages/airflow/example_dags/example_dag_decorator.py
[2022-11-22T01:00:55.380+0000] {logging_mixin.py:137} INFO - [2022-11-22T01:00:55.379+0000] {taskmixin.py:205} WARNING - Dependency <Task(_PythonDecoratedOperator): prepare_email>, send_email already registered for DAG: example_dag_decorator
[2022-11-22T01:00:55.380+0000] {logging_mixin.py:137} INFO - [2022-11-22T01:00:55.380+0000] {taskmixin.py:205} WARNING - Dependency <Task(EmailOperator): send_email>, prepare_email already registered for DAG: example_dag_decorator
[2022-11-22T01:00:55.393+0000] {processor.py:766} INFO - DAG(s) dict_keys(['example_dag_decorator']) retrieved from /home/airflow/.local/lib/python3.7/site-packages/airflow/example_dags/example_dag_decorator.py
[2022-11-22T01:00:55.503+0000] {logging_mixin.py:137} INFO - [2022-11-22T01:00:55.503+0000] {dag.py:2585} INFO - Sync 1 DAGs
[2022-11-22T01:00:55.556+0000] {logging_mixin.py:137} INFO - [2022-11-22T01:00:55.556+0000] {dag.py:3340} INFO - Setting next_dagrun for example_dag_decorator to None, run_after=None
[2022-11-22T01:00:55.582+0000] {processor.py:176} INFO - Processing /home/airflow/.local/lib/python3.7/site-packages/airflow/example_dags/example_dag_decorator.py took 0.223 seconds
[2022-11-22T01:01:25.851+0000] {processor.py:154} INFO - Started process (PID=4674) to work on /home/airflow/.local/lib/python3.7/site-packages/airflow/example_dags/example_dag_decorator.py
[2022-11-22T01:01:25.852+0000] {processor.py:756} INFO - Processing file /home/airflow/.local/lib/python3.7/site-packages/airflow/example_dags/example_dag_decorator.py for tasks to queue
[2022-11-22T01:01:25.852+0000] {logging_mixin.py:137} INFO - [2022-11-22T01:01:25.852+0000] {dagbag.py:537} INFO - Filling up the DagBag from /home/airflow/.local/lib/python3.7/site-packages/airflow/example_dags/example_dag_decorator.py
[2022-11-22T01:01:25.866+0000] {logging_mixin.py:137} INFO - [2022-11-22T01:01:25.866+0000] {taskmixin.py:205} WARNING - Dependency <Task(_PythonDecoratedOperator): prepare_email>, send_email already registered for DAG: example_dag_decorator
[2022-11-22T01:01:25.866+0000] {logging_mixin.py:137} INFO - [2022-11-22T01:01:25.866+0000] {taskmixin.py:205} WARNING - Dependency <Task(EmailOperator): send_email>, prepare_email already registered for DAG: example_dag_decorator
[2022-11-22T01:01:25.877+0000] {processor.py:766} INFO - DAG(s) dict_keys(['example_dag_decorator']) retrieved from /home/airflow/.local/lib/python3.7/site-packages/airflow/example_dags/example_dag_decorator.py
[2022-11-22T01:01:25.959+0000] {logging_mixin.py:137} INFO - [2022-11-22T01:01:25.959+0000] {dag.py:2585} INFO - Sync 1 DAGs
[2022-11-22T01:01:25.989+0000] {logging_mixin.py:137} INFO - [2022-11-22T01:01:25.989+0000] {dag.py:3340} INFO - Setting next_dagrun for example_dag_decorator to None, run_after=None
[2022-11-22T01:01:26.013+0000] {processor.py:176} INFO - Processing /home/airflow/.local/lib/python3.7/site-packages/airflow/example_dags/example_dag_decorator.py took 0.164 seconds
