[2022-11-22T00:50:20.263+0000] {processor.py:154} INFO - Started process (PID=323) to work on /home/airflow/.local/lib/python3.7/site-packages/airflow/example_dags/example_skip_dag.py
[2022-11-22T00:50:20.264+0000] {processor.py:756} INFO - Processing file /home/airflow/.local/lib/python3.7/site-packages/airflow/example_dags/example_skip_dag.py for tasks to queue
[2022-11-22T00:50:20.264+0000] {logging_mixin.py:137} INFO - [2022-11-22T00:50:20.264+0000] {dagbag.py:537} INFO - Filling up the DagBag from /home/airflow/.local/lib/python3.7/site-packages/airflow/example_dags/example_skip_dag.py
[2022-11-22T00:50:20.282+0000] {processor.py:766} INFO - DAG(s) dict_keys(['example_skip_dag']) retrieved from /home/airflow/.local/lib/python3.7/site-packages/airflow/example_dags/example_skip_dag.py
[2022-11-22T00:50:20.336+0000] {logging_mixin.py:137} INFO - [2022-11-22T00:50:20.336+0000] {dag.py:2585} INFO - Sync 1 DAGs
[2022-11-22T00:50:20.370+0000] {logging_mixin.py:137} INFO - [2022-11-22T00:50:20.369+0000] {dag.py:3340} INFO - Setting next_dagrun for example_skip_dag to 2022-11-21T00:50:20.369678+00:00, run_after=2022-11-22T00:50:20.369678+00:00
[2022-11-22T00:50:20.409+0000] {processor.py:176} INFO - Processing /home/airflow/.local/lib/python3.7/site-packages/airflow/example_dags/example_skip_dag.py took 0.148 seconds
[2022-11-22T00:50:51.370+0000] {processor.py:154} INFO - Started process (PID=521) to work on /home/airflow/.local/lib/python3.7/site-packages/airflow/example_dags/example_skip_dag.py
[2022-11-22T00:50:51.371+0000] {processor.py:756} INFO - Processing file /home/airflow/.local/lib/python3.7/site-packages/airflow/example_dags/example_skip_dag.py for tasks to queue
[2022-11-22T00:50:51.372+0000] {logging_mixin.py:137} INFO - [2022-11-22T00:50:51.372+0000] {dagbag.py:537} INFO - Filling up the DagBag from /home/airflow/.local/lib/python3.7/site-packages/airflow/example_dags/example_skip_dag.py
[2022-11-22T00:50:51.389+0000] {processor.py:766} INFO - DAG(s) dict_keys(['example_skip_dag']) retrieved from /home/airflow/.local/lib/python3.7/site-packages/airflow/example_dags/example_skip_dag.py
[2022-11-22T00:50:51.433+0000] {logging_mixin.py:137} INFO - [2022-11-22T00:50:51.433+0000] {dag.py:2585} INFO - Sync 1 DAGs
[2022-11-22T00:50:51.466+0000] {logging_mixin.py:137} INFO - [2022-11-22T00:50:51.466+0000] {dag.py:3340} INFO - Setting next_dagrun for example_skip_dag to 2022-11-21T00:50:51.466225+00:00, run_after=2022-11-22T00:50:51.466225+00:00
[2022-11-22T00:50:51.492+0000] {processor.py:176} INFO - Processing /home/airflow/.local/lib/python3.7/site-packages/airflow/example_dags/example_skip_dag.py took 0.124 seconds
[2022-11-22T00:51:21.598+0000] {processor.py:154} INFO - Started process (PID=731) to work on /home/airflow/.local/lib/python3.7/site-packages/airflow/example_dags/example_skip_dag.py
[2022-11-22T00:51:21.600+0000] {processor.py:756} INFO - Processing file /home/airflow/.local/lib/python3.7/site-packages/airflow/example_dags/example_skip_dag.py for tasks to queue
[2022-11-22T00:51:21.600+0000] {logging_mixin.py:137} INFO - [2022-11-22T00:51:21.600+0000] {dagbag.py:537} INFO - Filling up the DagBag from /home/airflow/.local/lib/python3.7/site-packages/airflow/example_dags/example_skip_dag.py
[2022-11-22T00:51:21.614+0000] {processor.py:766} INFO - DAG(s) dict_keys(['example_skip_dag']) retrieved from /home/airflow/.local/lib/python3.7/site-packages/airflow/example_dags/example_skip_dag.py
[2022-11-22T00:51:21.653+0000] {logging_mixin.py:137} INFO - [2022-11-22T00:51:21.653+0000] {dag.py:2585} INFO - Sync 1 DAGs
[2022-11-22T00:51:21.685+0000] {logging_mixin.py:137} INFO - [2022-11-22T00:51:21.685+0000] {dag.py:3340} INFO - Setting next_dagrun for example_skip_dag to 2022-11-21T00:51:21.685176+00:00, run_after=2022-11-22T00:51:21.685176+00:00
[2022-11-22T00:51:21.707+0000] {processor.py:176} INFO - Processing /home/airflow/.local/lib/python3.7/site-packages/airflow/example_dags/example_skip_dag.py took 0.111 seconds
[2022-11-22T00:51:52.238+0000] {processor.py:154} INFO - Started process (PID=939) to work on /home/airflow/.local/lib/python3.7/site-packages/airflow/example_dags/example_skip_dag.py
[2022-11-22T00:51:52.238+0000] {processor.py:756} INFO - Processing file /home/airflow/.local/lib/python3.7/site-packages/airflow/example_dags/example_skip_dag.py for tasks to queue
[2022-11-22T00:51:52.247+0000] {logging_mixin.py:137} INFO - [2022-11-22T00:51:52.247+0000] {dagbag.py:537} INFO - Filling up the DagBag from /home/airflow/.local/lib/python3.7/site-packages/airflow/example_dags/example_skip_dag.py
[2022-11-22T00:51:52.271+0000] {processor.py:766} INFO - DAG(s) dict_keys(['example_skip_dag']) retrieved from /home/airflow/.local/lib/python3.7/site-packages/airflow/example_dags/example_skip_dag.py
[2022-11-22T00:51:52.351+0000] {logging_mixin.py:137} INFO - [2022-11-22T00:51:52.351+0000] {dag.py:2585} INFO - Sync 1 DAGs
[2022-11-22T00:51:52.394+0000] {logging_mixin.py:137} INFO - [2022-11-22T00:51:52.394+0000] {dag.py:3340} INFO - Setting next_dagrun for example_skip_dag to 2022-11-21T00:51:52.393843+00:00, run_after=2022-11-22T00:51:52.393843+00:00
[2022-11-22T00:51:52.445+0000] {processor.py:176} INFO - Processing /home/airflow/.local/lib/python3.7/site-packages/airflow/example_dags/example_skip_dag.py took 0.212 seconds
[2022-11-22T00:52:22.579+0000] {processor.py:154} INFO - Started process (PID=1139) to work on /home/airflow/.local/lib/python3.7/site-packages/airflow/example_dags/example_skip_dag.py
[2022-11-22T00:52:22.580+0000] {processor.py:756} INFO - Processing file /home/airflow/.local/lib/python3.7/site-packages/airflow/example_dags/example_skip_dag.py for tasks to queue
[2022-11-22T00:52:22.581+0000] {logging_mixin.py:137} INFO - [2022-11-22T00:52:22.581+0000] {dagbag.py:537} INFO - Filling up the DagBag from /home/airflow/.local/lib/python3.7/site-packages/airflow/example_dags/example_skip_dag.py
[2022-11-22T00:52:22.595+0000] {processor.py:766} INFO - DAG(s) dict_keys(['example_skip_dag']) retrieved from /home/airflow/.local/lib/python3.7/site-packages/airflow/example_dags/example_skip_dag.py
[2022-11-22T00:52:22.636+0000] {logging_mixin.py:137} INFO - [2022-11-22T00:52:22.636+0000] {dag.py:2585} INFO - Sync 1 DAGs
[2022-11-22T00:52:22.666+0000] {logging_mixin.py:137} INFO - [2022-11-22T00:52:22.666+0000] {dag.py:3340} INFO - Setting next_dagrun for example_skip_dag to 2022-11-21T00:52:22.665844+00:00, run_after=2022-11-22T00:52:22.665844+00:00
[2022-11-22T00:52:22.687+0000] {processor.py:176} INFO - Processing /home/airflow/.local/lib/python3.7/site-packages/airflow/example_dags/example_skip_dag.py took 0.110 seconds
[2022-11-22T00:52:52.873+0000] {processor.py:154} INFO - Started process (PID=1346) to work on /home/airflow/.local/lib/python3.7/site-packages/airflow/example_dags/example_skip_dag.py
[2022-11-22T00:52:52.874+0000] {processor.py:756} INFO - Processing file /home/airflow/.local/lib/python3.7/site-packages/airflow/example_dags/example_skip_dag.py for tasks to queue
[2022-11-22T00:52:52.874+0000] {logging_mixin.py:137} INFO - [2022-11-22T00:52:52.874+0000] {dagbag.py:537} INFO - Filling up the DagBag from /home/airflow/.local/lib/python3.7/site-packages/airflow/example_dags/example_skip_dag.py
[2022-11-22T00:52:52.889+0000] {processor.py:766} INFO - DAG(s) dict_keys(['example_skip_dag']) retrieved from /home/airflow/.local/lib/python3.7/site-packages/airflow/example_dags/example_skip_dag.py
[2022-11-22T00:52:52.933+0000] {logging_mixin.py:137} INFO - [2022-11-22T00:52:52.933+0000] {dag.py:2585} INFO - Sync 1 DAGs
[2022-11-22T00:52:52.972+0000] {logging_mixin.py:137} INFO - [2022-11-22T00:52:52.972+0000] {dag.py:3340} INFO - Setting next_dagrun for example_skip_dag to 2022-11-21T00:52:52.972152+00:00, run_after=2022-11-22T00:52:52.972152+00:00
[2022-11-22T00:52:52.994+0000] {processor.py:176} INFO - Processing /home/airflow/.local/lib/python3.7/site-packages/airflow/example_dags/example_skip_dag.py took 0.124 seconds
[2022-11-22T00:53:23.461+0000] {processor.py:154} INFO - Started process (PID=1545) to work on /home/airflow/.local/lib/python3.7/site-packages/airflow/example_dags/example_skip_dag.py
[2022-11-22T00:53:23.462+0000] {processor.py:756} INFO - Processing file /home/airflow/.local/lib/python3.7/site-packages/airflow/example_dags/example_skip_dag.py for tasks to queue
[2022-11-22T00:53:23.463+0000] {logging_mixin.py:137} INFO - [2022-11-22T00:53:23.463+0000] {dagbag.py:537} INFO - Filling up the DagBag from /home/airflow/.local/lib/python3.7/site-packages/airflow/example_dags/example_skip_dag.py
[2022-11-22T00:53:23.489+0000] {processor.py:766} INFO - DAG(s) dict_keys(['example_skip_dag']) retrieved from /home/airflow/.local/lib/python3.7/site-packages/airflow/example_dags/example_skip_dag.py
[2022-11-22T00:53:23.552+0000] {logging_mixin.py:137} INFO - [2022-11-22T00:53:23.551+0000] {dag.py:2585} INFO - Sync 1 DAGs
[2022-11-22T00:53:23.593+0000] {logging_mixin.py:137} INFO - [2022-11-22T00:53:23.592+0000] {dag.py:3340} INFO - Setting next_dagrun for example_skip_dag to 2022-11-21T00:53:23.592592+00:00, run_after=2022-11-22T00:53:23.592592+00:00
[2022-11-22T00:53:23.627+0000] {processor.py:176} INFO - Processing /home/airflow/.local/lib/python3.7/site-packages/airflow/example_dags/example_skip_dag.py took 0.168 seconds
[2022-11-22T00:53:54.376+0000] {processor.py:154} INFO - Started process (PID=1752) to work on /home/airflow/.local/lib/python3.7/site-packages/airflow/example_dags/example_skip_dag.py
[2022-11-22T00:53:54.377+0000] {processor.py:756} INFO - Processing file /home/airflow/.local/lib/python3.7/site-packages/airflow/example_dags/example_skip_dag.py for tasks to queue
[2022-11-22T00:53:54.378+0000] {logging_mixin.py:137} INFO - [2022-11-22T00:53:54.378+0000] {dagbag.py:537} INFO - Filling up the DagBag from /home/airflow/.local/lib/python3.7/site-packages/airflow/example_dags/example_skip_dag.py
[2022-11-22T00:53:54.392+0000] {processor.py:766} INFO - DAG(s) dict_keys(['example_skip_dag']) retrieved from /home/airflow/.local/lib/python3.7/site-packages/airflow/example_dags/example_skip_dag.py
[2022-11-22T00:53:54.442+0000] {logging_mixin.py:137} INFO - [2022-11-22T00:53:54.441+0000] {dag.py:2585} INFO - Sync 1 DAGs
[2022-11-22T00:53:54.476+0000] {logging_mixin.py:137} INFO - [2022-11-22T00:53:54.476+0000] {dag.py:3340} INFO - Setting next_dagrun for example_skip_dag to 2022-11-21T00:53:54.476074+00:00, run_after=2022-11-22T00:53:54.476074+00:00
[2022-11-22T00:53:54.503+0000] {processor.py:176} INFO - Processing /home/airflow/.local/lib/python3.7/site-packages/airflow/example_dags/example_skip_dag.py took 0.129 seconds
[2022-11-22T00:54:24.710+0000] {processor.py:154} INFO - Started process (PID=1959) to work on /home/airflow/.local/lib/python3.7/site-packages/airflow/example_dags/example_skip_dag.py
[2022-11-22T00:54:24.710+0000] {processor.py:756} INFO - Processing file /home/airflow/.local/lib/python3.7/site-packages/airflow/example_dags/example_skip_dag.py for tasks to queue
[2022-11-22T00:54:24.711+0000] {logging_mixin.py:137} INFO - [2022-11-22T00:54:24.710+0000] {dagbag.py:537} INFO - Filling up the DagBag from /home/airflow/.local/lib/python3.7/site-packages/airflow/example_dags/example_skip_dag.py
[2022-11-22T00:54:24.723+0000] {processor.py:766} INFO - DAG(s) dict_keys(['example_skip_dag']) retrieved from /home/airflow/.local/lib/python3.7/site-packages/airflow/example_dags/example_skip_dag.py
[2022-11-22T00:54:24.763+0000] {logging_mixin.py:137} INFO - [2022-11-22T00:54:24.762+0000] {dag.py:2585} INFO - Sync 1 DAGs
[2022-11-22T00:54:24.790+0000] {logging_mixin.py:137} INFO - [2022-11-22T00:54:24.790+0000] {dag.py:3340} INFO - Setting next_dagrun for example_skip_dag to 2022-11-21T00:54:24.790114+00:00, run_after=2022-11-22T00:54:24.790114+00:00
[2022-11-22T00:54:24.811+0000] {processor.py:176} INFO - Processing /home/airflow/.local/lib/python3.7/site-packages/airflow/example_dags/example_skip_dag.py took 0.104 seconds
[2022-11-22T00:54:56.167+0000] {processor.py:154} INFO - Started process (PID=2164) to work on /home/airflow/.local/lib/python3.7/site-packages/airflow/example_dags/example_skip_dag.py
[2022-11-22T00:54:56.168+0000] {processor.py:756} INFO - Processing file /home/airflow/.local/lib/python3.7/site-packages/airflow/example_dags/example_skip_dag.py for tasks to queue
[2022-11-22T00:54:56.169+0000] {logging_mixin.py:137} INFO - [2022-11-22T00:54:56.168+0000] {dagbag.py:537} INFO - Filling up the DagBag from /home/airflow/.local/lib/python3.7/site-packages/airflow/example_dags/example_skip_dag.py
[2022-11-22T00:54:56.185+0000] {processor.py:766} INFO - DAG(s) dict_keys(['example_skip_dag']) retrieved from /home/airflow/.local/lib/python3.7/site-packages/airflow/example_dags/example_skip_dag.py
[2022-11-22T00:54:56.235+0000] {logging_mixin.py:137} INFO - [2022-11-22T00:54:56.235+0000] {dag.py:2585} INFO - Sync 1 DAGs
[2022-11-22T00:54:56.272+0000] {logging_mixin.py:137} INFO - [2022-11-22T00:54:56.271+0000] {dag.py:3340} INFO - Setting next_dagrun for example_skip_dag to 2022-11-21T00:54:56.271062+00:00, run_after=2022-11-22T00:54:56.271062+00:00
[2022-11-22T00:54:56.303+0000] {processor.py:176} INFO - Processing /home/airflow/.local/lib/python3.7/site-packages/airflow/example_dags/example_skip_dag.py took 0.139 seconds
[2022-11-22T00:55:26.537+0000] {processor.py:154} INFO - Started process (PID=2361) to work on /home/airflow/.local/lib/python3.7/site-packages/airflow/example_dags/example_skip_dag.py
[2022-11-22T00:55:26.537+0000] {processor.py:756} INFO - Processing file /home/airflow/.local/lib/python3.7/site-packages/airflow/example_dags/example_skip_dag.py for tasks to queue
[2022-11-22T00:55:26.538+0000] {logging_mixin.py:137} INFO - [2022-11-22T00:55:26.538+0000] {dagbag.py:537} INFO - Filling up the DagBag from /home/airflow/.local/lib/python3.7/site-packages/airflow/example_dags/example_skip_dag.py
[2022-11-22T00:55:26.552+0000] {processor.py:766} INFO - DAG(s) dict_keys(['example_skip_dag']) retrieved from /home/airflow/.local/lib/python3.7/site-packages/airflow/example_dags/example_skip_dag.py
[2022-11-22T00:55:26.591+0000] {logging_mixin.py:137} INFO - [2022-11-22T00:55:26.591+0000] {dag.py:2585} INFO - Sync 1 DAGs
[2022-11-22T00:55:26.622+0000] {logging_mixin.py:137} INFO - [2022-11-22T00:55:26.622+0000] {dag.py:3340} INFO - Setting next_dagrun for example_skip_dag to 2022-11-21T00:55:26.622558+00:00, run_after=2022-11-22T00:55:26.622558+00:00
[2022-11-22T00:55:26.643+0000] {processor.py:176} INFO - Processing /home/airflow/.local/lib/python3.7/site-packages/airflow/example_dags/example_skip_dag.py took 0.109 seconds
[2022-11-22T00:55:57.471+0000] {processor.py:154} INFO - Started process (PID=2567) to work on /home/airflow/.local/lib/python3.7/site-packages/airflow/example_dags/example_skip_dag.py
[2022-11-22T00:55:57.471+0000] {processor.py:756} INFO - Processing file /home/airflow/.local/lib/python3.7/site-packages/airflow/example_dags/example_skip_dag.py for tasks to queue
[2022-11-22T00:55:57.472+0000] {logging_mixin.py:137} INFO - [2022-11-22T00:55:57.472+0000] {dagbag.py:537} INFO - Filling up the DagBag from /home/airflow/.local/lib/python3.7/site-packages/airflow/example_dags/example_skip_dag.py
[2022-11-22T00:55:57.485+0000] {processor.py:766} INFO - DAG(s) dict_keys(['example_skip_dag']) retrieved from /home/airflow/.local/lib/python3.7/site-packages/airflow/example_dags/example_skip_dag.py
[2022-11-22T00:55:57.522+0000] {logging_mixin.py:137} INFO - [2022-11-22T00:55:57.522+0000] {dag.py:2585} INFO - Sync 1 DAGs
[2022-11-22T00:55:57.551+0000] {logging_mixin.py:137} INFO - [2022-11-22T00:55:57.550+0000] {dag.py:3340} INFO - Setting next_dagrun for example_skip_dag to 2022-11-21T00:55:57.550614+00:00, run_after=2022-11-22T00:55:57.550614+00:00
[2022-11-22T00:55:57.572+0000] {processor.py:176} INFO - Processing /home/airflow/.local/lib/python3.7/site-packages/airflow/example_dags/example_skip_dag.py took 0.104 seconds
[2022-11-22T00:56:29.049+0000] {processor.py:154} INFO - Started process (PID=2774) to work on /home/airflow/.local/lib/python3.7/site-packages/airflow/example_dags/example_skip_dag.py
[2022-11-22T00:56:29.051+0000] {processor.py:756} INFO - Processing file /home/airflow/.local/lib/python3.7/site-packages/airflow/example_dags/example_skip_dag.py for tasks to queue
[2022-11-22T00:56:29.052+0000] {logging_mixin.py:137} INFO - [2022-11-22T00:56:29.051+0000] {dagbag.py:537} INFO - Filling up the DagBag from /home/airflow/.local/lib/python3.7/site-packages/airflow/example_dags/example_skip_dag.py
[2022-11-22T00:56:29.066+0000] {processor.py:766} INFO - DAG(s) dict_keys(['example_skip_dag']) retrieved from /home/airflow/.local/lib/python3.7/site-packages/airflow/example_dags/example_skip_dag.py
[2022-11-22T00:56:29.108+0000] {logging_mixin.py:137} INFO - [2022-11-22T00:56:29.108+0000] {dag.py:2585} INFO - Sync 1 DAGs
[2022-11-22T00:56:29.140+0000] {logging_mixin.py:137} INFO - [2022-11-22T00:56:29.140+0000] {dag.py:3340} INFO - Setting next_dagrun for example_skip_dag to 2022-11-21T00:56:29.139918+00:00, run_after=2022-11-22T00:56:29.139918+00:00
[2022-11-22T00:56:29.165+0000] {processor.py:176} INFO - Processing /home/airflow/.local/lib/python3.7/site-packages/airflow/example_dags/example_skip_dag.py took 0.120 seconds
[2022-11-22T00:56:59.206+0000] {processor.py:154} INFO - Started process (PID=2972) to work on /home/airflow/.local/lib/python3.7/site-packages/airflow/example_dags/example_skip_dag.py
[2022-11-22T00:56:59.207+0000] {processor.py:756} INFO - Processing file /home/airflow/.local/lib/python3.7/site-packages/airflow/example_dags/example_skip_dag.py for tasks to queue
[2022-11-22T00:56:59.208+0000] {logging_mixin.py:137} INFO - [2022-11-22T00:56:59.208+0000] {dagbag.py:537} INFO - Filling up the DagBag from /home/airflow/.local/lib/python3.7/site-packages/airflow/example_dags/example_skip_dag.py
[2022-11-22T00:56:59.223+0000] {processor.py:766} INFO - DAG(s) dict_keys(['example_skip_dag']) retrieved from /home/airflow/.local/lib/python3.7/site-packages/airflow/example_dags/example_skip_dag.py
[2022-11-22T00:56:59.265+0000] {logging_mixin.py:137} INFO - [2022-11-22T00:56:59.265+0000] {dag.py:2585} INFO - Sync 1 DAGs
[2022-11-22T00:56:59.296+0000] {logging_mixin.py:137} INFO - [2022-11-22T00:56:59.296+0000] {dag.py:3340} INFO - Setting next_dagrun for example_skip_dag to 2022-11-21T00:56:59.296017+00:00, run_after=2022-11-22T00:56:59.296017+00:00
[2022-11-22T00:56:59.322+0000] {processor.py:176} INFO - Processing /home/airflow/.local/lib/python3.7/site-packages/airflow/example_dags/example_skip_dag.py took 0.119 seconds
[2022-11-22T00:57:30.058+0000] {processor.py:154} INFO - Started process (PID=3180) to work on /home/airflow/.local/lib/python3.7/site-packages/airflow/example_dags/example_skip_dag.py
[2022-11-22T00:57:30.058+0000] {processor.py:756} INFO - Processing file /home/airflow/.local/lib/python3.7/site-packages/airflow/example_dags/example_skip_dag.py for tasks to queue
[2022-11-22T00:57:30.059+0000] {logging_mixin.py:137} INFO - [2022-11-22T00:57:30.059+0000] {dagbag.py:537} INFO - Filling up the DagBag from /home/airflow/.local/lib/python3.7/site-packages/airflow/example_dags/example_skip_dag.py
[2022-11-22T00:57:30.073+0000] {processor.py:766} INFO - DAG(s) dict_keys(['example_skip_dag']) retrieved from /home/airflow/.local/lib/python3.7/site-packages/airflow/example_dags/example_skip_dag.py
[2022-11-22T00:57:30.113+0000] {logging_mixin.py:137} INFO - [2022-11-22T00:57:30.113+0000] {dag.py:2585} INFO - Sync 1 DAGs
[2022-11-22T00:57:30.143+0000] {logging_mixin.py:137} INFO - [2022-11-22T00:57:30.143+0000] {dag.py:3340} INFO - Setting next_dagrun for example_skip_dag to 2022-11-21T00:57:30.142915+00:00, run_after=2022-11-22T00:57:30.142915+00:00
[2022-11-22T00:57:30.163+0000] {processor.py:176} INFO - Processing /home/airflow/.local/lib/python3.7/site-packages/airflow/example_dags/example_skip_dag.py took 0.108 seconds
[2022-11-22T00:58:01.255+0000] {processor.py:154} INFO - Started process (PID=3387) to work on /home/airflow/.local/lib/python3.7/site-packages/airflow/example_dags/example_skip_dag.py
[2022-11-22T00:58:01.256+0000] {processor.py:756} INFO - Processing file /home/airflow/.local/lib/python3.7/site-packages/airflow/example_dags/example_skip_dag.py for tasks to queue
[2022-11-22T00:58:01.256+0000] {logging_mixin.py:137} INFO - [2022-11-22T00:58:01.256+0000] {dagbag.py:537} INFO - Filling up the DagBag from /home/airflow/.local/lib/python3.7/site-packages/airflow/example_dags/example_skip_dag.py
[2022-11-22T00:58:01.275+0000] {processor.py:766} INFO - DAG(s) dict_keys(['example_skip_dag']) retrieved from /home/airflow/.local/lib/python3.7/site-packages/airflow/example_dags/example_skip_dag.py
[2022-11-22T00:58:01.321+0000] {logging_mixin.py:137} INFO - [2022-11-22T00:58:01.321+0000] {dag.py:2585} INFO - Sync 1 DAGs
[2022-11-22T00:58:01.352+0000] {logging_mixin.py:137} INFO - [2022-11-22T00:58:01.352+0000] {dag.py:3340} INFO - Setting next_dagrun for example_skip_dag to 2022-11-21T00:58:01.352233+00:00, run_after=2022-11-22T00:58:01.352233+00:00
[2022-11-22T00:58:01.380+0000] {processor.py:176} INFO - Processing /home/airflow/.local/lib/python3.7/site-packages/airflow/example_dags/example_skip_dag.py took 0.127 seconds
[2022-11-22T00:58:31.458+0000] {processor.py:154} INFO - Started process (PID=3584) to work on /home/airflow/.local/lib/python3.7/site-packages/airflow/example_dags/example_skip_dag.py
[2022-11-22T00:58:31.459+0000] {processor.py:756} INFO - Processing file /home/airflow/.local/lib/python3.7/site-packages/airflow/example_dags/example_skip_dag.py for tasks to queue
[2022-11-22T00:58:31.459+0000] {logging_mixin.py:137} INFO - [2022-11-22T00:58:31.459+0000] {dagbag.py:537} INFO - Filling up the DagBag from /home/airflow/.local/lib/python3.7/site-packages/airflow/example_dags/example_skip_dag.py
[2022-11-22T00:58:31.472+0000] {processor.py:766} INFO - DAG(s) dict_keys(['example_skip_dag']) retrieved from /home/airflow/.local/lib/python3.7/site-packages/airflow/example_dags/example_skip_dag.py
[2022-11-22T00:58:31.511+0000] {logging_mixin.py:137} INFO - [2022-11-22T00:58:31.511+0000] {dag.py:2585} INFO - Sync 1 DAGs
[2022-11-22T00:58:31.542+0000] {logging_mixin.py:137} INFO - [2022-11-22T00:58:31.542+0000] {dag.py:3340} INFO - Setting next_dagrun for example_skip_dag to 2022-11-21T00:58:31.542229+00:00, run_after=2022-11-22T00:58:31.542229+00:00
[2022-11-22T00:58:31.564+0000] {processor.py:176} INFO - Processing /home/airflow/.local/lib/python3.7/site-packages/airflow/example_dags/example_skip_dag.py took 0.109 seconds
[2022-11-22T00:59:02.442+0000] {processor.py:154} INFO - Started process (PID=3790) to work on /home/airflow/.local/lib/python3.7/site-packages/airflow/example_dags/example_skip_dag.py
[2022-11-22T00:59:02.443+0000] {processor.py:756} INFO - Processing file /home/airflow/.local/lib/python3.7/site-packages/airflow/example_dags/example_skip_dag.py for tasks to queue
[2022-11-22T00:59:02.443+0000] {logging_mixin.py:137} INFO - [2022-11-22T00:59:02.443+0000] {dagbag.py:537} INFO - Filling up the DagBag from /home/airflow/.local/lib/python3.7/site-packages/airflow/example_dags/example_skip_dag.py
[2022-11-22T00:59:02.456+0000] {processor.py:766} INFO - DAG(s) dict_keys(['example_skip_dag']) retrieved from /home/airflow/.local/lib/python3.7/site-packages/airflow/example_dags/example_skip_dag.py
[2022-11-22T00:59:02.494+0000] {logging_mixin.py:137} INFO - [2022-11-22T00:59:02.494+0000] {dag.py:2585} INFO - Sync 1 DAGs
[2022-11-22T00:59:02.525+0000] {logging_mixin.py:137} INFO - [2022-11-22T00:59:02.525+0000] {dag.py:3340} INFO - Setting next_dagrun for example_skip_dag to 2022-11-21T00:59:02.524937+00:00, run_after=2022-11-22T00:59:02.524937+00:00
[2022-11-22T00:59:02.553+0000] {processor.py:176} INFO - Processing /home/airflow/.local/lib/python3.7/site-packages/airflow/example_dags/example_skip_dag.py took 0.114 seconds
[2022-11-22T00:59:33.015+0000] {processor.py:154} INFO - Started process (PID=3989) to work on /home/airflow/.local/lib/python3.7/site-packages/airflow/example_dags/example_skip_dag.py
[2022-11-22T00:59:33.016+0000] {processor.py:756} INFO - Processing file /home/airflow/.local/lib/python3.7/site-packages/airflow/example_dags/example_skip_dag.py for tasks to queue
[2022-11-22T00:59:33.016+0000] {logging_mixin.py:137} INFO - [2022-11-22T00:59:33.016+0000] {dagbag.py:537} INFO - Filling up the DagBag from /home/airflow/.local/lib/python3.7/site-packages/airflow/example_dags/example_skip_dag.py
[2022-11-22T00:59:33.030+0000] {processor.py:766} INFO - DAG(s) dict_keys(['example_skip_dag']) retrieved from /home/airflow/.local/lib/python3.7/site-packages/airflow/example_dags/example_skip_dag.py
[2022-11-22T00:59:33.074+0000] {logging_mixin.py:137} INFO - [2022-11-22T00:59:33.074+0000] {dag.py:2585} INFO - Sync 1 DAGs
[2022-11-22T00:59:33.107+0000] {logging_mixin.py:137} INFO - [2022-11-22T00:59:33.107+0000] {dag.py:3340} INFO - Setting next_dagrun for example_skip_dag to 2022-11-21T00:59:33.107128+00:00, run_after=2022-11-22T00:59:33.107128+00:00
[2022-11-22T00:59:33.132+0000] {processor.py:176} INFO - Processing /home/airflow/.local/lib/python3.7/site-packages/airflow/example_dags/example_skip_dag.py took 0.120 seconds
[2022-11-22T01:00:04.174+0000] {processor.py:154} INFO - Started process (PID=4195) to work on /home/airflow/.local/lib/python3.7/site-packages/airflow/example_dags/example_skip_dag.py
[2022-11-22T01:00:04.175+0000] {processor.py:756} INFO - Processing file /home/airflow/.local/lib/python3.7/site-packages/airflow/example_dags/example_skip_dag.py for tasks to queue
[2022-11-22T01:00:04.175+0000] {logging_mixin.py:137} INFO - [2022-11-22T01:00:04.175+0000] {dagbag.py:537} INFO - Filling up the DagBag from /home/airflow/.local/lib/python3.7/site-packages/airflow/example_dags/example_skip_dag.py
[2022-11-22T01:00:04.191+0000] {processor.py:766} INFO - DAG(s) dict_keys(['example_skip_dag']) retrieved from /home/airflow/.local/lib/python3.7/site-packages/airflow/example_dags/example_skip_dag.py
[2022-11-22T01:00:04.236+0000] {logging_mixin.py:137} INFO - [2022-11-22T01:00:04.235+0000] {dag.py:2585} INFO - Sync 1 DAGs
[2022-11-22T01:00:04.273+0000] {logging_mixin.py:137} INFO - [2022-11-22T01:00:04.273+0000] {dag.py:3340} INFO - Setting next_dagrun for example_skip_dag to 2022-11-21T01:00:04.273250+00:00, run_after=2022-11-22T01:00:04.273250+00:00
[2022-11-22T01:00:04.307+0000] {processor.py:176} INFO - Processing /home/airflow/.local/lib/python3.7/site-packages/airflow/example_dags/example_skip_dag.py took 0.136 seconds
[2022-11-22T01:00:35.217+0000] {processor.py:154} INFO - Started process (PID=4401) to work on /home/airflow/.local/lib/python3.7/site-packages/airflow/example_dags/example_skip_dag.py
[2022-11-22T01:00:35.218+0000] {processor.py:756} INFO - Processing file /home/airflow/.local/lib/python3.7/site-packages/airflow/example_dags/example_skip_dag.py for tasks to queue
[2022-11-22T01:00:35.219+0000] {logging_mixin.py:137} INFO - [2022-11-22T01:00:35.218+0000] {dagbag.py:537} INFO - Filling up the DagBag from /home/airflow/.local/lib/python3.7/site-packages/airflow/example_dags/example_skip_dag.py
[2022-11-22T01:00:35.231+0000] {processor.py:766} INFO - DAG(s) dict_keys(['example_skip_dag']) retrieved from /home/airflow/.local/lib/python3.7/site-packages/airflow/example_dags/example_skip_dag.py
[2022-11-22T01:00:35.270+0000] {logging_mixin.py:137} INFO - [2022-11-22T01:00:35.270+0000] {dag.py:2585} INFO - Sync 1 DAGs
[2022-11-22T01:00:35.299+0000] {logging_mixin.py:137} INFO - [2022-11-22T01:00:35.299+0000] {dag.py:3340} INFO - Setting next_dagrun for example_skip_dag to 2022-11-21T01:00:35.299050+00:00, run_after=2022-11-22T01:00:35.299050+00:00
[2022-11-22T01:00:35.319+0000] {processor.py:176} INFO - Processing /home/airflow/.local/lib/python3.7/site-packages/airflow/example_dags/example_skip_dag.py took 0.104 seconds
[2022-11-22T01:01:05.964+0000] {processor.py:154} INFO - Started process (PID=4606) to work on /home/airflow/.local/lib/python3.7/site-packages/airflow/example_dags/example_skip_dag.py
[2022-11-22T01:01:05.965+0000] {processor.py:756} INFO - Processing file /home/airflow/.local/lib/python3.7/site-packages/airflow/example_dags/example_skip_dag.py for tasks to queue
[2022-11-22T01:01:05.966+0000] {logging_mixin.py:137} INFO - [2022-11-22T01:01:05.965+0000] {dagbag.py:537} INFO - Filling up the DagBag from /home/airflow/.local/lib/python3.7/site-packages/airflow/example_dags/example_skip_dag.py
[2022-11-22T01:01:05.983+0000] {processor.py:766} INFO - DAG(s) dict_keys(['example_skip_dag']) retrieved from /home/airflow/.local/lib/python3.7/site-packages/airflow/example_dags/example_skip_dag.py
[2022-11-22T01:01:06.029+0000] {logging_mixin.py:137} INFO - [2022-11-22T01:01:06.028+0000] {dag.py:2585} INFO - Sync 1 DAGs
[2022-11-22T01:01:06.059+0000] {logging_mixin.py:137} INFO - [2022-11-22T01:01:06.059+0000] {dag.py:3340} INFO - Setting next_dagrun for example_skip_dag to 2022-11-21T01:01:06.059101+00:00, run_after=2022-11-22T01:01:06.059101+00:00
[2022-11-22T01:01:06.083+0000] {processor.py:176} INFO - Processing /home/airflow/.local/lib/python3.7/site-packages/airflow/example_dags/example_skip_dag.py took 0.121 seconds
[2022-11-22T01:01:36.805+0000] {processor.py:154} INFO - Started process (PID=4805) to work on /home/airflow/.local/lib/python3.7/site-packages/airflow/example_dags/example_skip_dag.py
[2022-11-22T01:01:36.805+0000] {processor.py:756} INFO - Processing file /home/airflow/.local/lib/python3.7/site-packages/airflow/example_dags/example_skip_dag.py for tasks to queue
[2022-11-22T01:01:36.806+0000] {logging_mixin.py:137} INFO - [2022-11-22T01:01:36.806+0000] {dagbag.py:537} INFO - Filling up the DagBag from /home/airflow/.local/lib/python3.7/site-packages/airflow/example_dags/example_skip_dag.py
[2022-11-22T01:01:36.820+0000] {processor.py:766} INFO - DAG(s) dict_keys(['example_skip_dag']) retrieved from /home/airflow/.local/lib/python3.7/site-packages/airflow/example_dags/example_skip_dag.py
[2022-11-22T01:01:36.861+0000] {logging_mixin.py:137} INFO - [2022-11-22T01:01:36.861+0000] {dag.py:2585} INFO - Sync 1 DAGs
[2022-11-22T01:01:36.892+0000] {logging_mixin.py:137} INFO - [2022-11-22T01:01:36.892+0000] {dag.py:3340} INFO - Setting next_dagrun for example_skip_dag to 2022-11-21T01:01:36.892039+00:00, run_after=2022-11-22T01:01:36.892039+00:00
[2022-11-22T01:01:36.913+0000] {processor.py:176} INFO - Processing /home/airflow/.local/lib/python3.7/site-packages/airflow/example_dags/example_skip_dag.py took 0.112 seconds
