[2022-11-22T00:50:19.296+0000] {processor.py:154} INFO - Started process (PID=263) to work on /home/airflow/.local/lib/python3.7/site-packages/airflow/example_dags/example_sla_dag.py
[2022-11-22T00:50:19.297+0000] {processor.py:756} INFO - Processing file /home/airflow/.local/lib/python3.7/site-packages/airflow/example_dags/example_sla_dag.py for tasks to queue
[2022-11-22T00:50:19.298+0000] {logging_mixin.py:137} INFO - [2022-11-22T00:50:19.298+0000] {dagbag.py:537} INFO - Filling up the DagBag from /home/airflow/.local/lib/python3.7/site-packages/airflow/example_dags/example_sla_dag.py
[2022-11-22T00:50:19.328+0000] {processor.py:766} INFO - DAG(s) dict_keys(['example_sla_dag']) retrieved from /home/airflow/.local/lib/python3.7/site-packages/airflow/example_dags/example_sla_dag.py
[2022-11-22T00:50:19.361+0000] {logging_mixin.py:137} INFO - [2022-11-22T00:50:19.360+0000] {dag.py:2585} INFO - Sync 1 DAGs
[2022-11-22T00:50:19.403+0000] {logging_mixin.py:137} INFO - [2022-11-22T00:50:19.403+0000] {dag.py:3340} INFO - Setting next_dagrun for example_sla_dag to 2022-11-22T00:48:00+00:00, run_after=2022-11-22T00:50:00+00:00
[2022-11-22T00:50:19.432+0000] {processor.py:176} INFO - Processing /home/airflow/.local/lib/python3.7/site-packages/airflow/example_dags/example_sla_dag.py took 0.138 seconds
[2022-11-22T00:50:50.358+0000] {processor.py:154} INFO - Started process (PID=461) to work on /home/airflow/.local/lib/python3.7/site-packages/airflow/example_dags/example_sla_dag.py
[2022-11-22T00:50:50.359+0000] {processor.py:756} INFO - Processing file /home/airflow/.local/lib/python3.7/site-packages/airflow/example_dags/example_sla_dag.py for tasks to queue
[2022-11-22T00:50:50.359+0000] {logging_mixin.py:137} INFO - [2022-11-22T00:50:50.359+0000] {dagbag.py:537} INFO - Filling up the DagBag from /home/airflow/.local/lib/python3.7/site-packages/airflow/example_dags/example_sla_dag.py
[2022-11-22T00:50:50.385+0000] {processor.py:766} INFO - DAG(s) dict_keys(['example_sla_dag']) retrieved from /home/airflow/.local/lib/python3.7/site-packages/airflow/example_dags/example_sla_dag.py
[2022-11-22T00:50:50.428+0000] {logging_mixin.py:137} INFO - [2022-11-22T00:50:50.428+0000] {dag.py:2585} INFO - Sync 1 DAGs
[2022-11-22T00:50:50.466+0000] {logging_mixin.py:137} INFO - [2022-11-22T00:50:50.466+0000] {dag.py:3340} INFO - Setting next_dagrun for example_sla_dag to 2022-11-22T00:48:00+00:00, run_after=2022-11-22T00:50:00+00:00
[2022-11-22T00:50:50.488+0000] {processor.py:176} INFO - Processing /home/airflow/.local/lib/python3.7/site-packages/airflow/example_dags/example_sla_dag.py took 0.133 seconds
[2022-11-22T00:51:20.653+0000] {processor.py:154} INFO - Started process (PID=671) to work on /home/airflow/.local/lib/python3.7/site-packages/airflow/example_dags/example_sla_dag.py
[2022-11-22T00:51:20.654+0000] {processor.py:756} INFO - Processing file /home/airflow/.local/lib/python3.7/site-packages/airflow/example_dags/example_sla_dag.py for tasks to queue
[2022-11-22T00:51:20.655+0000] {logging_mixin.py:137} INFO - [2022-11-22T00:51:20.655+0000] {dagbag.py:537} INFO - Filling up the DagBag from /home/airflow/.local/lib/python3.7/site-packages/airflow/example_dags/example_sla_dag.py
[2022-11-22T00:51:20.678+0000] {processor.py:766} INFO - DAG(s) dict_keys(['example_sla_dag']) retrieved from /home/airflow/.local/lib/python3.7/site-packages/airflow/example_dags/example_sla_dag.py
[2022-11-22T00:51:20.715+0000] {logging_mixin.py:137} INFO - [2022-11-22T00:51:20.715+0000] {dag.py:2585} INFO - Sync 1 DAGs
[2022-11-22T00:51:20.749+0000] {logging_mixin.py:137} INFO - [2022-11-22T00:51:20.749+0000] {dag.py:3340} INFO - Setting next_dagrun for example_sla_dag to 2022-11-22T00:48:00+00:00, run_after=2022-11-22T00:50:00+00:00
[2022-11-22T00:51:20.770+0000] {processor.py:176} INFO - Processing /home/airflow/.local/lib/python3.7/site-packages/airflow/example_dags/example_sla_dag.py took 0.119 seconds
[2022-11-22T00:51:51.005+0000] {processor.py:154} INFO - Started process (PID=877) to work on /home/airflow/.local/lib/python3.7/site-packages/airflow/example_dags/example_sla_dag.py
[2022-11-22T00:51:51.006+0000] {processor.py:756} INFO - Processing file /home/airflow/.local/lib/python3.7/site-packages/airflow/example_dags/example_sla_dag.py for tasks to queue
[2022-11-22T00:51:51.007+0000] {logging_mixin.py:137} INFO - [2022-11-22T00:51:51.007+0000] {dagbag.py:537} INFO - Filling up the DagBag from /home/airflow/.local/lib/python3.7/site-packages/airflow/example_dags/example_sla_dag.py
[2022-11-22T00:51:51.038+0000] {processor.py:766} INFO - DAG(s) dict_keys(['example_sla_dag']) retrieved from /home/airflow/.local/lib/python3.7/site-packages/airflow/example_dags/example_sla_dag.py
[2022-11-22T00:51:51.088+0000] {logging_mixin.py:137} INFO - [2022-11-22T00:51:51.088+0000] {dag.py:2585} INFO - Sync 1 DAGs
[2022-11-22T00:51:51.152+0000] {logging_mixin.py:137} INFO - [2022-11-22T00:51:51.152+0000] {dag.py:3340} INFO - Setting next_dagrun for example_sla_dag to 2022-11-22T00:48:00+00:00, run_after=2022-11-22T00:50:00+00:00
[2022-11-22T00:51:51.196+0000] {processor.py:176} INFO - Processing /home/airflow/.local/lib/python3.7/site-packages/airflow/example_dags/example_sla_dag.py took 0.193 seconds
[2022-11-22T00:52:21.650+0000] {processor.py:154} INFO - Started process (PID=1079) to work on /home/airflow/.local/lib/python3.7/site-packages/airflow/example_dags/example_sla_dag.py
[2022-11-22T00:52:21.651+0000] {processor.py:756} INFO - Processing file /home/airflow/.local/lib/python3.7/site-packages/airflow/example_dags/example_sla_dag.py for tasks to queue
[2022-11-22T00:52:21.652+0000] {logging_mixin.py:137} INFO - [2022-11-22T00:52:21.652+0000] {dagbag.py:537} INFO - Filling up the DagBag from /home/airflow/.local/lib/python3.7/site-packages/airflow/example_dags/example_sla_dag.py
[2022-11-22T00:52:21.676+0000] {processor.py:766} INFO - DAG(s) dict_keys(['example_sla_dag']) retrieved from /home/airflow/.local/lib/python3.7/site-packages/airflow/example_dags/example_sla_dag.py
[2022-11-22T00:52:21.718+0000] {logging_mixin.py:137} INFO - [2022-11-22T00:52:21.718+0000] {dag.py:2585} INFO - Sync 1 DAGs
[2022-11-22T00:52:21.753+0000] {logging_mixin.py:137} INFO - [2022-11-22T00:52:21.753+0000] {dag.py:3340} INFO - Setting next_dagrun for example_sla_dag to 2022-11-22T00:50:00+00:00, run_after=2022-11-22T00:52:00+00:00
[2022-11-22T00:52:21.777+0000] {processor.py:176} INFO - Processing /home/airflow/.local/lib/python3.7/site-packages/airflow/example_dags/example_sla_dag.py took 0.129 seconds
[2022-11-22T00:52:51.927+0000] {processor.py:154} INFO - Started process (PID=1286) to work on /home/airflow/.local/lib/python3.7/site-packages/airflow/example_dags/example_sla_dag.py
[2022-11-22T00:52:51.928+0000] {processor.py:756} INFO - Processing file /home/airflow/.local/lib/python3.7/site-packages/airflow/example_dags/example_sla_dag.py for tasks to queue
[2022-11-22T00:52:51.929+0000] {logging_mixin.py:137} INFO - [2022-11-22T00:52:51.929+0000] {dagbag.py:537} INFO - Filling up the DagBag from /home/airflow/.local/lib/python3.7/site-packages/airflow/example_dags/example_sla_dag.py
[2022-11-22T00:52:51.954+0000] {processor.py:766} INFO - DAG(s) dict_keys(['example_sla_dag']) retrieved from /home/airflow/.local/lib/python3.7/site-packages/airflow/example_dags/example_sla_dag.py
[2022-11-22T00:52:51.998+0000] {logging_mixin.py:137} INFO - [2022-11-22T00:52:51.997+0000] {dag.py:2585} INFO - Sync 1 DAGs
[2022-11-22T00:52:52.037+0000] {logging_mixin.py:137} INFO - [2022-11-22T00:52:52.037+0000] {dag.py:3340} INFO - Setting next_dagrun for example_sla_dag to 2022-11-22T00:50:00+00:00, run_after=2022-11-22T00:52:00+00:00
[2022-11-22T00:52:52.058+0000] {processor.py:176} INFO - Processing /home/airflow/.local/lib/python3.7/site-packages/airflow/example_dags/example_sla_dag.py took 0.134 seconds
[2022-11-22T00:53:22.463+0000] {processor.py:154} INFO - Started process (PID=1485) to work on /home/airflow/.local/lib/python3.7/site-packages/airflow/example_dags/example_sla_dag.py
[2022-11-22T00:53:22.464+0000] {processor.py:756} INFO - Processing file /home/airflow/.local/lib/python3.7/site-packages/airflow/example_dags/example_sla_dag.py for tasks to queue
[2022-11-22T00:53:22.466+0000] {logging_mixin.py:137} INFO - [2022-11-22T00:53:22.465+0000] {dagbag.py:537} INFO - Filling up the DagBag from /home/airflow/.local/lib/python3.7/site-packages/airflow/example_dags/example_sla_dag.py
[2022-11-22T00:53:22.490+0000] {processor.py:766} INFO - DAG(s) dict_keys(['example_sla_dag']) retrieved from /home/airflow/.local/lib/python3.7/site-packages/airflow/example_dags/example_sla_dag.py
[2022-11-22T00:53:22.534+0000] {logging_mixin.py:137} INFO - [2022-11-22T00:53:22.534+0000] {dag.py:2585} INFO - Sync 1 DAGs
[2022-11-22T00:53:22.572+0000] {logging_mixin.py:137} INFO - [2022-11-22T00:53:22.571+0000] {dag.py:3340} INFO - Setting next_dagrun for example_sla_dag to 2022-11-22T00:50:00+00:00, run_after=2022-11-22T00:52:00+00:00
[2022-11-22T00:53:22.597+0000] {processor.py:176} INFO - Processing /home/airflow/.local/lib/python3.7/site-packages/airflow/example_dags/example_sla_dag.py took 0.137 seconds
[2022-11-22T00:53:53.448+0000] {processor.py:154} INFO - Started process (PID=1694) to work on /home/airflow/.local/lib/python3.7/site-packages/airflow/example_dags/example_sla_dag.py
[2022-11-22T00:53:53.449+0000] {processor.py:756} INFO - Processing file /home/airflow/.local/lib/python3.7/site-packages/airflow/example_dags/example_sla_dag.py for tasks to queue
[2022-11-22T00:53:53.450+0000] {logging_mixin.py:137} INFO - [2022-11-22T00:53:53.450+0000] {dagbag.py:537} INFO - Filling up the DagBag from /home/airflow/.local/lib/python3.7/site-packages/airflow/example_dags/example_sla_dag.py
[2022-11-22T00:53:53.473+0000] {processor.py:766} INFO - DAG(s) dict_keys(['example_sla_dag']) retrieved from /home/airflow/.local/lib/python3.7/site-packages/airflow/example_dags/example_sla_dag.py
[2022-11-22T00:53:53.514+0000] {logging_mixin.py:137} INFO - [2022-11-22T00:53:53.514+0000] {dag.py:2585} INFO - Sync 1 DAGs
[2022-11-22T00:53:53.549+0000] {logging_mixin.py:137} INFO - [2022-11-22T00:53:53.548+0000] {dag.py:3340} INFO - Setting next_dagrun for example_sla_dag to 2022-11-22T00:50:00+00:00, run_after=2022-11-22T00:52:00+00:00
[2022-11-22T00:53:53.569+0000] {processor.py:176} INFO - Processing /home/airflow/.local/lib/python3.7/site-packages/airflow/example_dags/example_sla_dag.py took 0.124 seconds
[2022-11-22T00:54:23.845+0000] {processor.py:154} INFO - Started process (PID=1901) to work on /home/airflow/.local/lib/python3.7/site-packages/airflow/example_dags/example_sla_dag.py
[2022-11-22T00:54:23.846+0000] {processor.py:756} INFO - Processing file /home/airflow/.local/lib/python3.7/site-packages/airflow/example_dags/example_sla_dag.py for tasks to queue
[2022-11-22T00:54:23.846+0000] {logging_mixin.py:137} INFO - [2022-11-22T00:54:23.846+0000] {dagbag.py:537} INFO - Filling up the DagBag from /home/airflow/.local/lib/python3.7/site-packages/airflow/example_dags/example_sla_dag.py
[2022-11-22T00:54:23.868+0000] {processor.py:766} INFO - DAG(s) dict_keys(['example_sla_dag']) retrieved from /home/airflow/.local/lib/python3.7/site-packages/airflow/example_dags/example_sla_dag.py
[2022-11-22T00:54:23.908+0000] {logging_mixin.py:137} INFO - [2022-11-22T00:54:23.908+0000] {dag.py:2585} INFO - Sync 1 DAGs
[2022-11-22T00:54:23.942+0000] {logging_mixin.py:137} INFO - [2022-11-22T00:54:23.942+0000] {dag.py:3340} INFO - Setting next_dagrun for example_sla_dag to 2022-11-22T00:52:00+00:00, run_after=2022-11-22T00:54:00+00:00
[2022-11-22T00:54:23.963+0000] {processor.py:176} INFO - Processing /home/airflow/.local/lib/python3.7/site-packages/airflow/example_dags/example_sla_dag.py took 0.120 seconds
[2022-11-22T00:54:55.045+0000] {processor.py:154} INFO - Started process (PID=2095) to work on /home/airflow/.local/lib/python3.7/site-packages/airflow/example_dags/example_sla_dag.py
[2022-11-22T00:54:55.047+0000] {processor.py:756} INFO - Processing file /home/airflow/.local/lib/python3.7/site-packages/airflow/example_dags/example_sla_dag.py for tasks to queue
[2022-11-22T00:54:55.048+0000] {logging_mixin.py:137} INFO - [2022-11-22T00:54:55.048+0000] {dagbag.py:537} INFO - Filling up the DagBag from /home/airflow/.local/lib/python3.7/site-packages/airflow/example_dags/example_sla_dag.py
[2022-11-22T00:54:55.079+0000] {processor.py:766} INFO - DAG(s) dict_keys(['example_sla_dag']) retrieved from /home/airflow/.local/lib/python3.7/site-packages/airflow/example_dags/example_sla_dag.py
[2022-11-22T00:54:55.135+0000] {logging_mixin.py:137} INFO - [2022-11-22T00:54:55.135+0000] {dag.py:2585} INFO - Sync 1 DAGs
[2022-11-22T00:54:55.185+0000] {logging_mixin.py:137} INFO - [2022-11-22T00:54:55.185+0000] {dag.py:3340} INFO - Setting next_dagrun for example_sla_dag to 2022-11-22T00:52:00+00:00, run_after=2022-11-22T00:54:00+00:00
[2022-11-22T00:54:55.215+0000] {processor.py:176} INFO - Processing /home/airflow/.local/lib/python3.7/site-packages/airflow/example_dags/example_sla_dag.py took 0.172 seconds
[2022-11-22T00:55:25.533+0000] {processor.py:154} INFO - Started process (PID=2301) to work on /home/airflow/.local/lib/python3.7/site-packages/airflow/example_dags/example_sla_dag.py
[2022-11-22T00:55:25.534+0000] {processor.py:756} INFO - Processing file /home/airflow/.local/lib/python3.7/site-packages/airflow/example_dags/example_sla_dag.py for tasks to queue
[2022-11-22T00:55:25.534+0000] {logging_mixin.py:137} INFO - [2022-11-22T00:55:25.534+0000] {dagbag.py:537} INFO - Filling up the DagBag from /home/airflow/.local/lib/python3.7/site-packages/airflow/example_dags/example_sla_dag.py
[2022-11-22T00:55:25.557+0000] {processor.py:766} INFO - DAG(s) dict_keys(['example_sla_dag']) retrieved from /home/airflow/.local/lib/python3.7/site-packages/airflow/example_dags/example_sla_dag.py
[2022-11-22T00:55:25.598+0000] {logging_mixin.py:137} INFO - [2022-11-22T00:55:25.597+0000] {dag.py:2585} INFO - Sync 1 DAGs
[2022-11-22T00:55:25.633+0000] {logging_mixin.py:137} INFO - [2022-11-22T00:55:25.633+0000] {dag.py:3340} INFO - Setting next_dagrun for example_sla_dag to 2022-11-22T00:52:00+00:00, run_after=2022-11-22T00:54:00+00:00
[2022-11-22T00:55:25.657+0000] {processor.py:176} INFO - Processing /home/airflow/.local/lib/python3.7/site-packages/airflow/example_dags/example_sla_dag.py took 0.126 seconds
[2022-11-22T00:55:56.592+0000] {processor.py:154} INFO - Started process (PID=2509) to work on /home/airflow/.local/lib/python3.7/site-packages/airflow/example_dags/example_sla_dag.py
[2022-11-22T00:55:56.593+0000] {processor.py:756} INFO - Processing file /home/airflow/.local/lib/python3.7/site-packages/airflow/example_dags/example_sla_dag.py for tasks to queue
[2022-11-22T00:55:56.593+0000] {logging_mixin.py:137} INFO - [2022-11-22T00:55:56.593+0000] {dagbag.py:537} INFO - Filling up the DagBag from /home/airflow/.local/lib/python3.7/site-packages/airflow/example_dags/example_sla_dag.py
[2022-11-22T00:55:56.617+0000] {processor.py:766} INFO - DAG(s) dict_keys(['example_sla_dag']) retrieved from /home/airflow/.local/lib/python3.7/site-packages/airflow/example_dags/example_sla_dag.py
[2022-11-22T00:55:56.659+0000] {logging_mixin.py:137} INFO - [2022-11-22T00:55:56.659+0000] {dag.py:2585} INFO - Sync 1 DAGs
[2022-11-22T00:55:56.695+0000] {logging_mixin.py:137} INFO - [2022-11-22T00:55:56.695+0000] {dag.py:3340} INFO - Setting next_dagrun for example_sla_dag to 2022-11-22T00:52:00+00:00, run_after=2022-11-22T00:54:00+00:00
[2022-11-22T00:55:56.717+0000] {processor.py:176} INFO - Processing /home/airflow/.local/lib/python3.7/site-packages/airflow/example_dags/example_sla_dag.py took 0.128 seconds
[2022-11-22T00:56:27.956+0000] {processor.py:154} INFO - Started process (PID=2714) to work on /home/airflow/.local/lib/python3.7/site-packages/airflow/example_dags/example_sla_dag.py
[2022-11-22T00:56:27.957+0000] {processor.py:756} INFO - Processing file /home/airflow/.local/lib/python3.7/site-packages/airflow/example_dags/example_sla_dag.py for tasks to queue
[2022-11-22T00:56:27.958+0000] {logging_mixin.py:137} INFO - [2022-11-22T00:56:27.958+0000] {dagbag.py:537} INFO - Filling up the DagBag from /home/airflow/.local/lib/python3.7/site-packages/airflow/example_dags/example_sla_dag.py
[2022-11-22T00:56:27.990+0000] {processor.py:766} INFO - DAG(s) dict_keys(['example_sla_dag']) retrieved from /home/airflow/.local/lib/python3.7/site-packages/airflow/example_dags/example_sla_dag.py
[2022-11-22T00:56:28.046+0000] {logging_mixin.py:137} INFO - [2022-11-22T00:56:28.046+0000] {dag.py:2585} INFO - Sync 1 DAGs
[2022-11-22T00:56:28.083+0000] {logging_mixin.py:137} INFO - [2022-11-22T00:56:28.083+0000] {dag.py:3340} INFO - Setting next_dagrun for example_sla_dag to 2022-11-22T00:54:00+00:00, run_after=2022-11-22T00:56:00+00:00
[2022-11-22T00:56:28.106+0000] {processor.py:176} INFO - Processing /home/airflow/.local/lib/python3.7/site-packages/airflow/example_dags/example_sla_dag.py took 0.153 seconds
[2022-11-22T00:56:58.133+0000] {processor.py:154} INFO - Started process (PID=2912) to work on /home/airflow/.local/lib/python3.7/site-packages/airflow/example_dags/example_sla_dag.py
[2022-11-22T00:56:58.134+0000] {processor.py:756} INFO - Processing file /home/airflow/.local/lib/python3.7/site-packages/airflow/example_dags/example_sla_dag.py for tasks to queue
[2022-11-22T00:56:58.135+0000] {logging_mixin.py:137} INFO - [2022-11-22T00:56:58.134+0000] {dagbag.py:537} INFO - Filling up the DagBag from /home/airflow/.local/lib/python3.7/site-packages/airflow/example_dags/example_sla_dag.py
[2022-11-22T00:56:58.157+0000] {processor.py:766} INFO - DAG(s) dict_keys(['example_sla_dag']) retrieved from /home/airflow/.local/lib/python3.7/site-packages/airflow/example_dags/example_sla_dag.py
[2022-11-22T00:56:58.193+0000] {logging_mixin.py:137} INFO - [2022-11-22T00:56:58.193+0000] {dag.py:2585} INFO - Sync 1 DAGs
[2022-11-22T00:56:58.226+0000] {logging_mixin.py:137} INFO - [2022-11-22T00:56:58.226+0000] {dag.py:3340} INFO - Setting next_dagrun for example_sla_dag to 2022-11-22T00:54:00+00:00, run_after=2022-11-22T00:56:00+00:00
[2022-11-22T00:56:58.248+0000] {processor.py:176} INFO - Processing /home/airflow/.local/lib/python3.7/site-packages/airflow/example_dags/example_sla_dag.py took 0.118 seconds
[2022-11-22T00:57:29.140+0000] {processor.py:154} INFO - Started process (PID=3120) to work on /home/airflow/.local/lib/python3.7/site-packages/airflow/example_dags/example_sla_dag.py
[2022-11-22T00:57:29.141+0000] {processor.py:756} INFO - Processing file /home/airflow/.local/lib/python3.7/site-packages/airflow/example_dags/example_sla_dag.py for tasks to queue
[2022-11-22T00:57:29.141+0000] {logging_mixin.py:137} INFO - [2022-11-22T00:57:29.141+0000] {dagbag.py:537} INFO - Filling up the DagBag from /home/airflow/.local/lib/python3.7/site-packages/airflow/example_dags/example_sla_dag.py
[2022-11-22T00:57:29.167+0000] {processor.py:766} INFO - DAG(s) dict_keys(['example_sla_dag']) retrieved from /home/airflow/.local/lib/python3.7/site-packages/airflow/example_dags/example_sla_dag.py
[2022-11-22T00:57:29.211+0000] {logging_mixin.py:137} INFO - [2022-11-22T00:57:29.210+0000] {dag.py:2585} INFO - Sync 1 DAGs
[2022-11-22T00:57:29.249+0000] {logging_mixin.py:137} INFO - [2022-11-22T00:57:29.248+0000] {dag.py:3340} INFO - Setting next_dagrun for example_sla_dag to 2022-11-22T00:54:00+00:00, run_after=2022-11-22T00:56:00+00:00
[2022-11-22T00:57:29.274+0000] {processor.py:176} INFO - Processing /home/airflow/.local/lib/python3.7/site-packages/airflow/example_dags/example_sla_dag.py took 0.136 seconds
[2022-11-22T00:58:00.028+0000] {processor.py:154} INFO - Started process (PID=3320) to work on /home/airflow/.local/lib/python3.7/site-packages/airflow/example_dags/example_sla_dag.py
[2022-11-22T00:58:00.029+0000] {processor.py:756} INFO - Processing file /home/airflow/.local/lib/python3.7/site-packages/airflow/example_dags/example_sla_dag.py for tasks to queue
[2022-11-22T00:58:00.029+0000] {logging_mixin.py:137} INFO - [2022-11-22T00:58:00.029+0000] {dagbag.py:537} INFO - Filling up the DagBag from /home/airflow/.local/lib/python3.7/site-packages/airflow/example_dags/example_sla_dag.py
[2022-11-22T00:58:00.050+0000] {processor.py:766} INFO - DAG(s) dict_keys(['example_sla_dag']) retrieved from /home/airflow/.local/lib/python3.7/site-packages/airflow/example_dags/example_sla_dag.py
[2022-11-22T00:58:00.094+0000] {logging_mixin.py:137} INFO - [2022-11-22T00:58:00.093+0000] {dag.py:2585} INFO - Sync 1 DAGs
[2022-11-22T00:58:00.128+0000] {logging_mixin.py:137} INFO - [2022-11-22T00:58:00.128+0000] {dag.py:3340} INFO - Setting next_dagrun for example_sla_dag to 2022-11-22T00:56:00+00:00, run_after=2022-11-22T00:58:00+00:00
[2022-11-22T00:58:00.148+0000] {processor.py:176} INFO - Processing /home/airflow/.local/lib/python3.7/site-packages/airflow/example_dags/example_sla_dag.py took 0.122 seconds
[2022-11-22T00:58:30.307+0000] {processor.py:154} INFO - Started process (PID=3524) to work on /home/airflow/.local/lib/python3.7/site-packages/airflow/example_dags/example_sla_dag.py
[2022-11-22T00:58:30.308+0000] {processor.py:756} INFO - Processing file /home/airflow/.local/lib/python3.7/site-packages/airflow/example_dags/example_sla_dag.py for tasks to queue
[2022-11-22T00:58:30.309+0000] {logging_mixin.py:137} INFO - [2022-11-22T00:58:30.309+0000] {dagbag.py:537} INFO - Filling up the DagBag from /home/airflow/.local/lib/python3.7/site-packages/airflow/example_dags/example_sla_dag.py
[2022-11-22T00:58:30.331+0000] {processor.py:766} INFO - DAG(s) dict_keys(['example_sla_dag']) retrieved from /home/airflow/.local/lib/python3.7/site-packages/airflow/example_dags/example_sla_dag.py
[2022-11-22T00:58:30.375+0000] {logging_mixin.py:137} INFO - [2022-11-22T00:58:30.375+0000] {dag.py:2585} INFO - Sync 1 DAGs
[2022-11-22T00:58:30.418+0000] {logging_mixin.py:137} INFO - [2022-11-22T00:58:30.417+0000] {dag.py:3340} INFO - Setting next_dagrun for example_sla_dag to 2022-11-22T00:56:00+00:00, run_after=2022-11-22T00:58:00+00:00
[2022-11-22T00:58:30.438+0000] {processor.py:176} INFO - Processing /home/airflow/.local/lib/python3.7/site-packages/airflow/example_dags/example_sla_dag.py took 0.134 seconds
[2022-11-22T00:59:01.574+0000] {processor.py:154} INFO - Started process (PID=3732) to work on /home/airflow/.local/lib/python3.7/site-packages/airflow/example_dags/example_sla_dag.py
[2022-11-22T00:59:01.574+0000] {processor.py:756} INFO - Processing file /home/airflow/.local/lib/python3.7/site-packages/airflow/example_dags/example_sla_dag.py for tasks to queue
[2022-11-22T00:59:01.575+0000] {logging_mixin.py:137} INFO - [2022-11-22T00:59:01.575+0000] {dagbag.py:537} INFO - Filling up the DagBag from /home/airflow/.local/lib/python3.7/site-packages/airflow/example_dags/example_sla_dag.py
[2022-11-22T00:59:01.597+0000] {processor.py:766} INFO - DAG(s) dict_keys(['example_sla_dag']) retrieved from /home/airflow/.local/lib/python3.7/site-packages/airflow/example_dags/example_sla_dag.py
[2022-11-22T00:59:01.634+0000] {logging_mixin.py:137} INFO - [2022-11-22T00:59:01.634+0000] {dag.py:2585} INFO - Sync 1 DAGs
[2022-11-22T00:59:01.667+0000] {logging_mixin.py:137} INFO - [2022-11-22T00:59:01.667+0000] {dag.py:3340} INFO - Setting next_dagrun for example_sla_dag to 2022-11-22T00:56:00+00:00, run_after=2022-11-22T00:58:00+00:00
[2022-11-22T00:59:01.688+0000] {processor.py:176} INFO - Processing /home/airflow/.local/lib/python3.7/site-packages/airflow/example_dags/example_sla_dag.py took 0.116 seconds
[2022-11-22T00:59:31.941+0000] {processor.py:154} INFO - Started process (PID=3929) to work on /home/airflow/.local/lib/python3.7/site-packages/airflow/example_dags/example_sla_dag.py
[2022-11-22T00:59:31.942+0000] {processor.py:756} INFO - Processing file /home/airflow/.local/lib/python3.7/site-packages/airflow/example_dags/example_sla_dag.py for tasks to queue
[2022-11-22T00:59:31.943+0000] {logging_mixin.py:137} INFO - [2022-11-22T00:59:31.943+0000] {dagbag.py:537} INFO - Filling up the DagBag from /home/airflow/.local/lib/python3.7/site-packages/airflow/example_dags/example_sla_dag.py
[2022-11-22T00:59:31.973+0000] {processor.py:766} INFO - DAG(s) dict_keys(['example_sla_dag']) retrieved from /home/airflow/.local/lib/python3.7/site-packages/airflow/example_dags/example_sla_dag.py
[2022-11-22T00:59:32.024+0000] {logging_mixin.py:137} INFO - [2022-11-22T00:59:32.024+0000] {dag.py:2585} INFO - Sync 1 DAGs
[2022-11-22T00:59:32.063+0000] {logging_mixin.py:137} INFO - [2022-11-22T00:59:32.062+0000] {dag.py:3340} INFO - Setting next_dagrun for example_sla_dag to 2022-11-22T00:56:00+00:00, run_after=2022-11-22T00:58:00+00:00
[2022-11-22T00:59:32.086+0000] {processor.py:176} INFO - Processing /home/airflow/.local/lib/python3.7/site-packages/airflow/example_dags/example_sla_dag.py took 0.148 seconds
[2022-11-22T01:00:03.237+0000] {processor.py:154} INFO - Started process (PID=4135) to work on /home/airflow/.local/lib/python3.7/site-packages/airflow/example_dags/example_sla_dag.py
[2022-11-22T01:00:03.238+0000] {processor.py:756} INFO - Processing file /home/airflow/.local/lib/python3.7/site-packages/airflow/example_dags/example_sla_dag.py for tasks to queue
[2022-11-22T01:00:03.239+0000] {logging_mixin.py:137} INFO - [2022-11-22T01:00:03.239+0000] {dagbag.py:537} INFO - Filling up the DagBag from /home/airflow/.local/lib/python3.7/site-packages/airflow/example_dags/example_sla_dag.py
[2022-11-22T01:00:03.267+0000] {processor.py:766} INFO - DAG(s) dict_keys(['example_sla_dag']) retrieved from /home/airflow/.local/lib/python3.7/site-packages/airflow/example_dags/example_sla_dag.py
[2022-11-22T01:00:03.311+0000] {logging_mixin.py:137} INFO - [2022-11-22T01:00:03.311+0000] {dag.py:2585} INFO - Sync 1 DAGs
[2022-11-22T01:00:03.348+0000] {logging_mixin.py:137} INFO - [2022-11-22T01:00:03.347+0000] {dag.py:3340} INFO - Setting next_dagrun for example_sla_dag to 2022-11-22T00:58:00+00:00, run_after=2022-11-22T01:00:00+00:00
[2022-11-22T01:00:03.370+0000] {processor.py:176} INFO - Processing /home/airflow/.local/lib/python3.7/site-packages/airflow/example_dags/example_sla_dag.py took 0.136 seconds
[2022-11-22T01:00:34.297+0000] {processor.py:154} INFO - Started process (PID=4341) to work on /home/airflow/.local/lib/python3.7/site-packages/airflow/example_dags/example_sla_dag.py
[2022-11-22T01:00:34.297+0000] {processor.py:756} INFO - Processing file /home/airflow/.local/lib/python3.7/site-packages/airflow/example_dags/example_sla_dag.py for tasks to queue
[2022-11-22T01:00:34.298+0000] {logging_mixin.py:137} INFO - [2022-11-22T01:00:34.298+0000] {dagbag.py:537} INFO - Filling up the DagBag from /home/airflow/.local/lib/python3.7/site-packages/airflow/example_dags/example_sla_dag.py
[2022-11-22T01:00:34.321+0000] {processor.py:766} INFO - DAG(s) dict_keys(['example_sla_dag']) retrieved from /home/airflow/.local/lib/python3.7/site-packages/airflow/example_dags/example_sla_dag.py
[2022-11-22T01:00:34.361+0000] {logging_mixin.py:137} INFO - [2022-11-22T01:00:34.360+0000] {dag.py:2585} INFO - Sync 1 DAGs
[2022-11-22T01:00:34.397+0000] {logging_mixin.py:137} INFO - [2022-11-22T01:00:34.397+0000] {dag.py:3340} INFO - Setting next_dagrun for example_sla_dag to 2022-11-22T00:58:00+00:00, run_after=2022-11-22T01:00:00+00:00
[2022-11-22T01:00:34.422+0000] {processor.py:176} INFO - Processing /home/airflow/.local/lib/python3.7/site-packages/airflow/example_dags/example_sla_dag.py took 0.127 seconds
[2022-11-22T01:01:04.845+0000] {processor.py:154} INFO - Started process (PID=4539) to work on /home/airflow/.local/lib/python3.7/site-packages/airflow/example_dags/example_sla_dag.py
[2022-11-22T01:01:04.846+0000] {processor.py:756} INFO - Processing file /home/airflow/.local/lib/python3.7/site-packages/airflow/example_dags/example_sla_dag.py for tasks to queue
[2022-11-22T01:01:04.846+0000] {logging_mixin.py:137} INFO - [2022-11-22T01:01:04.846+0000] {dagbag.py:537} INFO - Filling up the DagBag from /home/airflow/.local/lib/python3.7/site-packages/airflow/example_dags/example_sla_dag.py
[2022-11-22T01:01:04.874+0000] {processor.py:766} INFO - DAG(s) dict_keys(['example_sla_dag']) retrieved from /home/airflow/.local/lib/python3.7/site-packages/airflow/example_dags/example_sla_dag.py
[2022-11-22T01:01:04.914+0000] {logging_mixin.py:137} INFO - [2022-11-22T01:01:04.914+0000] {dag.py:2585} INFO - Sync 1 DAGs
[2022-11-22T01:01:04.952+0000] {logging_mixin.py:137} INFO - [2022-11-22T01:01:04.952+0000] {dag.py:3340} INFO - Setting next_dagrun for example_sla_dag to 2022-11-22T00:58:00+00:00, run_after=2022-11-22T01:00:00+00:00
[2022-11-22T01:01:04.976+0000] {processor.py:176} INFO - Processing /home/airflow/.local/lib/python3.7/site-packages/airflow/example_dags/example_sla_dag.py took 0.133 seconds
[2022-11-22T01:01:35.844+0000] {processor.py:154} INFO - Started process (PID=4745) to work on /home/airflow/.local/lib/python3.7/site-packages/airflow/example_dags/example_sla_dag.py
[2022-11-22T01:01:35.845+0000] {processor.py:756} INFO - Processing file /home/airflow/.local/lib/python3.7/site-packages/airflow/example_dags/example_sla_dag.py for tasks to queue
[2022-11-22T01:01:35.845+0000] {logging_mixin.py:137} INFO - [2022-11-22T01:01:35.845+0000] {dagbag.py:537} INFO - Filling up the DagBag from /home/airflow/.local/lib/python3.7/site-packages/airflow/example_dags/example_sla_dag.py
[2022-11-22T01:01:35.871+0000] {processor.py:766} INFO - DAG(s) dict_keys(['example_sla_dag']) retrieved from /home/airflow/.local/lib/python3.7/site-packages/airflow/example_dags/example_sla_dag.py
[2022-11-22T01:01:35.914+0000] {logging_mixin.py:137} INFO - [2022-11-22T01:01:35.914+0000] {dag.py:2585} INFO - Sync 1 DAGs
[2022-11-22T01:01:35.950+0000] {logging_mixin.py:137} INFO - [2022-11-22T01:01:35.950+0000] {dag.py:3340} INFO - Setting next_dagrun for example_sla_dag to 2022-11-22T00:58:00+00:00, run_after=2022-11-22T01:00:00+00:00
[2022-11-22T01:01:35.972+0000] {processor.py:176} INFO - Processing /home/airflow/.local/lib/python3.7/site-packages/airflow/example_dags/example_sla_dag.py took 0.131 seconds
