[2022-11-22T00:50:16.950+0000] {processor.py:154} INFO - Started process (PID=174) to work on /home/airflow/.local/lib/python3.7/site-packages/airflow/example_dags/example_python_operator.py
[2022-11-22T00:50:16.957+0000] {processor.py:756} INFO - Processing file /home/airflow/.local/lib/python3.7/site-packages/airflow/example_dags/example_python_operator.py for tasks to queue
[2022-11-22T00:50:16.957+0000] {logging_mixin.py:137} INFO - [2022-11-22T00:50:16.957+0000] {dagbag.py:537} INFO - Filling up the DagBag from /home/airflow/.local/lib/python3.7/site-packages/airflow/example_dags/example_python_operator.py
[2022-11-22T00:50:17.019+0000] {logging_mixin.py:137} INFO - [2022-11-22T00:50:17.018+0000] {taskmixin.py:205} WARNING - Dependency <Task(_PythonDecoratedOperator): print_the_context>, log_sql_query already registered for DAG: example_python_operator
[2022-11-22T00:50:17.019+0000] {logging_mixin.py:137} INFO - [2022-11-22T00:50:17.019+0000] {taskmixin.py:205} WARNING - Dependency <Task(_PythonDecoratedOperator): log_sql_query>, print_the_context already registered for DAG: example_python_operator
[2022-11-22T00:50:17.019+0000] {logging_mixin.py:137} INFO - [2022-11-22T00:50:17.019+0000] {taskmixin.py:205} WARNING - Dependency <Task(_PythonDecoratedOperator): print_the_context>, log_sql_query already registered for DAG: example_python_operator
[2022-11-22T00:50:17.020+0000] {logging_mixin.py:137} INFO - [2022-11-22T00:50:17.020+0000] {taskmixin.py:205} WARNING - Dependency <Task(_PythonDecoratedOperator): log_sql_query>, print_the_context already registered for DAG: example_python_operator
[2022-11-22T00:50:17.020+0000] {logging_mixin.py:137} INFO - [2022-11-22T00:50:17.020+0000] {taskmixin.py:205} WARNING - Dependency <Task(_PythonDecoratedOperator): print_the_context>, log_sql_query already registered for DAG: example_python_operator
[2022-11-22T00:50:17.021+0000] {logging_mixin.py:137} INFO - [2022-11-22T00:50:17.021+0000] {taskmixin.py:205} WARNING - Dependency <Task(_PythonDecoratedOperator): log_sql_query>, print_the_context already registered for DAG: example_python_operator
[2022-11-22T00:50:17.021+0000] {logging_mixin.py:137} INFO - [2022-11-22T00:50:17.021+0000] {taskmixin.py:205} WARNING - Dependency <Task(_PythonDecoratedOperator): print_the_context>, log_sql_query already registered for DAG: example_python_operator
[2022-11-22T00:50:17.022+0000] {logging_mixin.py:137} INFO - [2022-11-22T00:50:17.021+0000] {taskmixin.py:205} WARNING - Dependency <Task(_PythonDecoratedOperator): log_sql_query>, print_the_context already registered for DAG: example_python_operator
[2022-11-22T00:50:17.052+0000] {processor.py:766} INFO - DAG(s) dict_keys(['example_python_operator']) retrieved from /home/airflow/.local/lib/python3.7/site-packages/airflow/example_dags/example_python_operator.py
[2022-11-22T00:50:17.085+0000] {logging_mixin.py:137} INFO - [2022-11-22T00:50:17.085+0000] {dag.py:2585} INFO - Sync 1 DAGs
[2022-11-22T00:50:17.120+0000] {logging_mixin.py:137} INFO - [2022-11-22T00:50:17.120+0000] {dag.py:3340} INFO - Setting next_dagrun for example_python_operator to None, run_after=None
[2022-11-22T00:50:17.154+0000] {processor.py:176} INFO - Processing /home/airflow/.local/lib/python3.7/site-packages/airflow/example_dags/example_python_operator.py took 0.206 seconds
[2022-11-22T00:50:47.764+0000] {processor.py:154} INFO - Started process (PID=376) to work on /home/airflow/.local/lib/python3.7/site-packages/airflow/example_dags/example_python_operator.py
[2022-11-22T00:50:47.765+0000] {processor.py:756} INFO - Processing file /home/airflow/.local/lib/python3.7/site-packages/airflow/example_dags/example_python_operator.py for tasks to queue
[2022-11-22T00:50:47.765+0000] {logging_mixin.py:137} INFO - [2022-11-22T00:50:47.765+0000] {dagbag.py:537} INFO - Filling up the DagBag from /home/airflow/.local/lib/python3.7/site-packages/airflow/example_dags/example_python_operator.py
[2022-11-22T00:50:47.784+0000] {logging_mixin.py:137} INFO - [2022-11-22T00:50:47.784+0000] {taskmixin.py:205} WARNING - Dependency <Task(_PythonDecoratedOperator): print_the_context>, log_sql_query already registered for DAG: example_python_operator
[2022-11-22T00:50:47.784+0000] {logging_mixin.py:137} INFO - [2022-11-22T00:50:47.784+0000] {taskmixin.py:205} WARNING - Dependency <Task(_PythonDecoratedOperator): log_sql_query>, print_the_context already registered for DAG: example_python_operator
[2022-11-22T00:50:47.785+0000] {logging_mixin.py:137} INFO - [2022-11-22T00:50:47.785+0000] {taskmixin.py:205} WARNING - Dependency <Task(_PythonDecoratedOperator): print_the_context>, log_sql_query already registered for DAG: example_python_operator
[2022-11-22T00:50:47.785+0000] {logging_mixin.py:137} INFO - [2022-11-22T00:50:47.785+0000] {taskmixin.py:205} WARNING - Dependency <Task(_PythonDecoratedOperator): log_sql_query>, print_the_context already registered for DAG: example_python_operator
[2022-11-22T00:50:47.786+0000] {logging_mixin.py:137} INFO - [2022-11-22T00:50:47.786+0000] {taskmixin.py:205} WARNING - Dependency <Task(_PythonDecoratedOperator): print_the_context>, log_sql_query already registered for DAG: example_python_operator
[2022-11-22T00:50:47.786+0000] {logging_mixin.py:137} INFO - [2022-11-22T00:50:47.786+0000] {taskmixin.py:205} WARNING - Dependency <Task(_PythonDecoratedOperator): log_sql_query>, print_the_context already registered for DAG: example_python_operator
[2022-11-22T00:50:47.787+0000] {logging_mixin.py:137} INFO - [2022-11-22T00:50:47.787+0000] {taskmixin.py:205} WARNING - Dependency <Task(_PythonDecoratedOperator): print_the_context>, log_sql_query already registered for DAG: example_python_operator
[2022-11-22T00:50:47.787+0000] {logging_mixin.py:137} INFO - [2022-11-22T00:50:47.787+0000] {taskmixin.py:205} WARNING - Dependency <Task(_PythonDecoratedOperator): log_sql_query>, print_the_context already registered for DAG: example_python_operator
[2022-11-22T00:50:47.797+0000] {processor.py:766} INFO - DAG(s) dict_keys(['example_python_operator']) retrieved from /home/airflow/.local/lib/python3.7/site-packages/airflow/example_dags/example_python_operator.py
[2022-11-22T00:50:47.845+0000] {logging_mixin.py:137} INFO - [2022-11-22T00:50:47.844+0000] {dag.py:2585} INFO - Sync 1 DAGs
[2022-11-22T00:50:47.880+0000] {logging_mixin.py:137} INFO - [2022-11-22T00:50:47.880+0000] {dag.py:3340} INFO - Setting next_dagrun for example_python_operator to None, run_after=None
[2022-11-22T00:50:47.903+0000] {processor.py:176} INFO - Processing /home/airflow/.local/lib/python3.7/site-packages/airflow/example_dags/example_python_operator.py took 0.142 seconds
[2022-11-22T00:51:18.019+0000] {processor.py:154} INFO - Started process (PID=584) to work on /home/airflow/.local/lib/python3.7/site-packages/airflow/example_dags/example_python_operator.py
[2022-11-22T00:51:18.023+0000] {processor.py:756} INFO - Processing file /home/airflow/.local/lib/python3.7/site-packages/airflow/example_dags/example_python_operator.py for tasks to queue
[2022-11-22T00:51:18.023+0000] {logging_mixin.py:137} INFO - [2022-11-22T00:51:18.023+0000] {dagbag.py:537} INFO - Filling up the DagBag from /home/airflow/.local/lib/python3.7/site-packages/airflow/example_dags/example_python_operator.py
[2022-11-22T00:51:18.045+0000] {logging_mixin.py:137} INFO - [2022-11-22T00:51:18.045+0000] {taskmixin.py:205} WARNING - Dependency <Task(_PythonDecoratedOperator): print_the_context>, log_sql_query already registered for DAG: example_python_operator
[2022-11-22T00:51:18.046+0000] {logging_mixin.py:137} INFO - [2022-11-22T00:51:18.045+0000] {taskmixin.py:205} WARNING - Dependency <Task(_PythonDecoratedOperator): log_sql_query>, print_the_context already registered for DAG: example_python_operator
[2022-11-22T00:51:18.046+0000] {logging_mixin.py:137} INFO - [2022-11-22T00:51:18.046+0000] {taskmixin.py:205} WARNING - Dependency <Task(_PythonDecoratedOperator): print_the_context>, log_sql_query already registered for DAG: example_python_operator
[2022-11-22T00:51:18.049+0000] {logging_mixin.py:137} INFO - [2022-11-22T00:51:18.049+0000] {taskmixin.py:205} WARNING - Dependency <Task(_PythonDecoratedOperator): log_sql_query>, print_the_context already registered for DAG: example_python_operator
[2022-11-22T00:51:18.050+0000] {logging_mixin.py:137} INFO - [2022-11-22T00:51:18.050+0000] {taskmixin.py:205} WARNING - Dependency <Task(_PythonDecoratedOperator): print_the_context>, log_sql_query already registered for DAG: example_python_operator
[2022-11-22T00:51:18.051+0000] {logging_mixin.py:137} INFO - [2022-11-22T00:51:18.051+0000] {taskmixin.py:205} WARNING - Dependency <Task(_PythonDecoratedOperator): log_sql_query>, print_the_context already registered for DAG: example_python_operator
[2022-11-22T00:51:18.052+0000] {logging_mixin.py:137} INFO - [2022-11-22T00:51:18.051+0000] {taskmixin.py:205} WARNING - Dependency <Task(_PythonDecoratedOperator): print_the_context>, log_sql_query already registered for DAG: example_python_operator
[2022-11-22T00:51:18.052+0000] {logging_mixin.py:137} INFO - [2022-11-22T00:51:18.052+0000] {taskmixin.py:205} WARNING - Dependency <Task(_PythonDecoratedOperator): log_sql_query>, print_the_context already registered for DAG: example_python_operator
[2022-11-22T00:51:18.067+0000] {processor.py:766} INFO - DAG(s) dict_keys(['example_python_operator']) retrieved from /home/airflow/.local/lib/python3.7/site-packages/airflow/example_dags/example_python_operator.py
[2022-11-22T00:51:18.132+0000] {logging_mixin.py:137} INFO - [2022-11-22T00:51:18.132+0000] {dag.py:2585} INFO - Sync 1 DAGs
[2022-11-22T00:51:18.182+0000] {logging_mixin.py:137} INFO - [2022-11-22T00:51:18.182+0000] {dag.py:3340} INFO - Setting next_dagrun for example_python_operator to None, run_after=None
[2022-11-22T00:51:18.221+0000] {processor.py:176} INFO - Processing /home/airflow/.local/lib/python3.7/site-packages/airflow/example_dags/example_python_operator.py took 0.204 seconds
[2022-11-22T00:51:48.400+0000] {processor.py:154} INFO - Started process (PID=784) to work on /home/airflow/.local/lib/python3.7/site-packages/airflow/example_dags/example_python_operator.py
[2022-11-22T00:51:48.401+0000] {processor.py:756} INFO - Processing file /home/airflow/.local/lib/python3.7/site-packages/airflow/example_dags/example_python_operator.py for tasks to queue
[2022-11-22T00:51:48.401+0000] {logging_mixin.py:137} INFO - [2022-11-22T00:51:48.401+0000] {dagbag.py:537} INFO - Filling up the DagBag from /home/airflow/.local/lib/python3.7/site-packages/airflow/example_dags/example_python_operator.py
[2022-11-22T00:51:48.416+0000] {logging_mixin.py:137} INFO - [2022-11-22T00:51:48.416+0000] {taskmixin.py:205} WARNING - Dependency <Task(_PythonDecoratedOperator): print_the_context>, log_sql_query already registered for DAG: example_python_operator
[2022-11-22T00:51:48.416+0000] {logging_mixin.py:137} INFO - [2022-11-22T00:51:48.416+0000] {taskmixin.py:205} WARNING - Dependency <Task(_PythonDecoratedOperator): log_sql_query>, print_the_context already registered for DAG: example_python_operator
[2022-11-22T00:51:48.417+0000] {logging_mixin.py:137} INFO - [2022-11-22T00:51:48.417+0000] {taskmixin.py:205} WARNING - Dependency <Task(_PythonDecoratedOperator): print_the_context>, log_sql_query already registered for DAG: example_python_operator
[2022-11-22T00:51:48.417+0000] {logging_mixin.py:137} INFO - [2022-11-22T00:51:48.417+0000] {taskmixin.py:205} WARNING - Dependency <Task(_PythonDecoratedOperator): log_sql_query>, print_the_context already registered for DAG: example_python_operator
[2022-11-22T00:51:48.418+0000] {logging_mixin.py:137} INFO - [2022-11-22T00:51:48.417+0000] {taskmixin.py:205} WARNING - Dependency <Task(_PythonDecoratedOperator): print_the_context>, log_sql_query already registered for DAG: example_python_operator
[2022-11-22T00:51:48.418+0000] {logging_mixin.py:137} INFO - [2022-11-22T00:51:48.418+0000] {taskmixin.py:205} WARNING - Dependency <Task(_PythonDecoratedOperator): log_sql_query>, print_the_context already registered for DAG: example_python_operator
[2022-11-22T00:51:48.418+0000] {logging_mixin.py:137} INFO - [2022-11-22T00:51:48.418+0000] {taskmixin.py:205} WARNING - Dependency <Task(_PythonDecoratedOperator): print_the_context>, log_sql_query already registered for DAG: example_python_operator
[2022-11-22T00:51:48.419+0000] {logging_mixin.py:137} INFO - [2022-11-22T00:51:48.419+0000] {taskmixin.py:205} WARNING - Dependency <Task(_PythonDecoratedOperator): log_sql_query>, print_the_context already registered for DAG: example_python_operator
[2022-11-22T00:51:48.426+0000] {processor.py:766} INFO - DAG(s) dict_keys(['example_python_operator']) retrieved from /home/airflow/.local/lib/python3.7/site-packages/airflow/example_dags/example_python_operator.py
[2022-11-22T00:51:48.466+0000] {logging_mixin.py:137} INFO - [2022-11-22T00:51:48.466+0000] {dag.py:2585} INFO - Sync 1 DAGs
[2022-11-22T00:51:48.494+0000] {logging_mixin.py:137} INFO - [2022-11-22T00:51:48.493+0000] {dag.py:3340} INFO - Setting next_dagrun for example_python_operator to None, run_after=None
[2022-11-22T00:51:48.512+0000] {processor.py:176} INFO - Processing /home/airflow/.local/lib/python3.7/site-packages/airflow/example_dags/example_python_operator.py took 0.115 seconds
[2022-11-22T00:52:18.903+0000] {processor.py:154} INFO - Started process (PID=994) to work on /home/airflow/.local/lib/python3.7/site-packages/airflow/example_dags/example_python_operator.py
[2022-11-22T00:52:18.915+0000] {processor.py:756} INFO - Processing file /home/airflow/.local/lib/python3.7/site-packages/airflow/example_dags/example_python_operator.py for tasks to queue
[2022-11-22T00:52:18.915+0000] {logging_mixin.py:137} INFO - [2022-11-22T00:52:18.915+0000] {dagbag.py:537} INFO - Filling up the DagBag from /home/airflow/.local/lib/python3.7/site-packages/airflow/example_dags/example_python_operator.py
[2022-11-22T00:52:18.932+0000] {logging_mixin.py:137} INFO - [2022-11-22T00:52:18.932+0000] {taskmixin.py:205} WARNING - Dependency <Task(_PythonDecoratedOperator): print_the_context>, log_sql_query already registered for DAG: example_python_operator
[2022-11-22T00:52:18.932+0000] {logging_mixin.py:137} INFO - [2022-11-22T00:52:18.932+0000] {taskmixin.py:205} WARNING - Dependency <Task(_PythonDecoratedOperator): log_sql_query>, print_the_context already registered for DAG: example_python_operator
[2022-11-22T00:52:18.933+0000] {logging_mixin.py:137} INFO - [2022-11-22T00:52:18.933+0000] {taskmixin.py:205} WARNING - Dependency <Task(_PythonDecoratedOperator): print_the_context>, log_sql_query already registered for DAG: example_python_operator
[2022-11-22T00:52:18.933+0000] {logging_mixin.py:137} INFO - [2022-11-22T00:52:18.933+0000] {taskmixin.py:205} WARNING - Dependency <Task(_PythonDecoratedOperator): log_sql_query>, print_the_context already registered for DAG: example_python_operator
[2022-11-22T00:52:18.934+0000] {logging_mixin.py:137} INFO - [2022-11-22T00:52:18.934+0000] {taskmixin.py:205} WARNING - Dependency <Task(_PythonDecoratedOperator): print_the_context>, log_sql_query already registered for DAG: example_python_operator
[2022-11-22T00:52:18.934+0000] {logging_mixin.py:137} INFO - [2022-11-22T00:52:18.934+0000] {taskmixin.py:205} WARNING - Dependency <Task(_PythonDecoratedOperator): log_sql_query>, print_the_context already registered for DAG: example_python_operator
[2022-11-22T00:52:18.937+0000] {logging_mixin.py:137} INFO - [2022-11-22T00:52:18.937+0000] {taskmixin.py:205} WARNING - Dependency <Task(_PythonDecoratedOperator): print_the_context>, log_sql_query already registered for DAG: example_python_operator
[2022-11-22T00:52:18.938+0000] {logging_mixin.py:137} INFO - [2022-11-22T00:52:18.938+0000] {taskmixin.py:205} WARNING - Dependency <Task(_PythonDecoratedOperator): log_sql_query>, print_the_context already registered for DAG: example_python_operator
[2022-11-22T00:52:18.947+0000] {processor.py:766} INFO - DAG(s) dict_keys(['example_python_operator']) retrieved from /home/airflow/.local/lib/python3.7/site-packages/airflow/example_dags/example_python_operator.py
[2022-11-22T00:52:19.015+0000] {logging_mixin.py:137} INFO - [2022-11-22T00:52:19.015+0000] {dag.py:2585} INFO - Sync 1 DAGs
[2022-11-22T00:52:19.042+0000] {logging_mixin.py:137} INFO - [2022-11-22T00:52:19.042+0000] {dag.py:3340} INFO - Setting next_dagrun for example_python_operator to None, run_after=None
[2022-11-22T00:52:19.066+0000] {processor.py:176} INFO - Processing /home/airflow/.local/lib/python3.7/site-packages/airflow/example_dags/example_python_operator.py took 0.168 seconds
[2022-11-22T00:52:49.339+0000] {processor.py:154} INFO - Started process (PID=1201) to work on /home/airflow/.local/lib/python3.7/site-packages/airflow/example_dags/example_python_operator.py
[2022-11-22T00:52:49.340+0000] {processor.py:756} INFO - Processing file /home/airflow/.local/lib/python3.7/site-packages/airflow/example_dags/example_python_operator.py for tasks to queue
[2022-11-22T00:52:49.341+0000] {logging_mixin.py:137} INFO - [2022-11-22T00:52:49.340+0000] {dagbag.py:537} INFO - Filling up the DagBag from /home/airflow/.local/lib/python3.7/site-packages/airflow/example_dags/example_python_operator.py
[2022-11-22T00:52:49.363+0000] {logging_mixin.py:137} INFO - [2022-11-22T00:52:49.363+0000] {taskmixin.py:205} WARNING - Dependency <Task(_PythonDecoratedOperator): print_the_context>, log_sql_query already registered for DAG: example_python_operator
[2022-11-22T00:52:49.363+0000] {logging_mixin.py:137} INFO - [2022-11-22T00:52:49.363+0000] {taskmixin.py:205} WARNING - Dependency <Task(_PythonDecoratedOperator): log_sql_query>, print_the_context already registered for DAG: example_python_operator
[2022-11-22T00:52:49.365+0000] {logging_mixin.py:137} INFO - [2022-11-22T00:52:49.364+0000] {taskmixin.py:205} WARNING - Dependency <Task(_PythonDecoratedOperator): print_the_context>, log_sql_query already registered for DAG: example_python_operator
[2022-11-22T00:52:49.365+0000] {logging_mixin.py:137} INFO - [2022-11-22T00:52:49.365+0000] {taskmixin.py:205} WARNING - Dependency <Task(_PythonDecoratedOperator): log_sql_query>, print_the_context already registered for DAG: example_python_operator
[2022-11-22T00:52:49.366+0000] {logging_mixin.py:137} INFO - [2022-11-22T00:52:49.366+0000] {taskmixin.py:205} WARNING - Dependency <Task(_PythonDecoratedOperator): print_the_context>, log_sql_query already registered for DAG: example_python_operator
[2022-11-22T00:52:49.366+0000] {logging_mixin.py:137} INFO - [2022-11-22T00:52:49.366+0000] {taskmixin.py:205} WARNING - Dependency <Task(_PythonDecoratedOperator): log_sql_query>, print_the_context already registered for DAG: example_python_operator
[2022-11-22T00:52:49.367+0000] {logging_mixin.py:137} INFO - [2022-11-22T00:52:49.367+0000] {taskmixin.py:205} WARNING - Dependency <Task(_PythonDecoratedOperator): print_the_context>, log_sql_query already registered for DAG: example_python_operator
[2022-11-22T00:52:49.367+0000] {logging_mixin.py:137} INFO - [2022-11-22T00:52:49.367+0000] {taskmixin.py:205} WARNING - Dependency <Task(_PythonDecoratedOperator): log_sql_query>, print_the_context already registered for DAG: example_python_operator
[2022-11-22T00:52:49.377+0000] {processor.py:766} INFO - DAG(s) dict_keys(['example_python_operator']) retrieved from /home/airflow/.local/lib/python3.7/site-packages/airflow/example_dags/example_python_operator.py
[2022-11-22T00:52:49.425+0000] {logging_mixin.py:137} INFO - [2022-11-22T00:52:49.424+0000] {dag.py:2585} INFO - Sync 1 DAGs
[2022-11-22T00:52:49.460+0000] {logging_mixin.py:137} INFO - [2022-11-22T00:52:49.460+0000] {dag.py:3340} INFO - Setting next_dagrun for example_python_operator to None, run_after=None
[2022-11-22T00:52:49.491+0000] {processor.py:176} INFO - Processing /home/airflow/.local/lib/python3.7/site-packages/airflow/example_dags/example_python_operator.py took 0.154 seconds
[2022-11-22T00:53:19.658+0000] {processor.py:154} INFO - Started process (PID=1400) to work on /home/airflow/.local/lib/python3.7/site-packages/airflow/example_dags/example_python_operator.py
[2022-11-22T00:53:19.659+0000] {processor.py:756} INFO - Processing file /home/airflow/.local/lib/python3.7/site-packages/airflow/example_dags/example_python_operator.py for tasks to queue
[2022-11-22T00:53:19.660+0000] {logging_mixin.py:137} INFO - [2022-11-22T00:53:19.659+0000] {dagbag.py:537} INFO - Filling up the DagBag from /home/airflow/.local/lib/python3.7/site-packages/airflow/example_dags/example_python_operator.py
[2022-11-22T00:53:19.676+0000] {logging_mixin.py:137} INFO - [2022-11-22T00:53:19.676+0000] {taskmixin.py:205} WARNING - Dependency <Task(_PythonDecoratedOperator): print_the_context>, log_sql_query already registered for DAG: example_python_operator
[2022-11-22T00:53:19.676+0000] {logging_mixin.py:137} INFO - [2022-11-22T00:53:19.676+0000] {taskmixin.py:205} WARNING - Dependency <Task(_PythonDecoratedOperator): log_sql_query>, print_the_context already registered for DAG: example_python_operator
[2022-11-22T00:53:19.677+0000] {logging_mixin.py:137} INFO - [2022-11-22T00:53:19.677+0000] {taskmixin.py:205} WARNING - Dependency <Task(_PythonDecoratedOperator): print_the_context>, log_sql_query already registered for DAG: example_python_operator
[2022-11-22T00:53:19.677+0000] {logging_mixin.py:137} INFO - [2022-11-22T00:53:19.677+0000] {taskmixin.py:205} WARNING - Dependency <Task(_PythonDecoratedOperator): log_sql_query>, print_the_context already registered for DAG: example_python_operator
[2022-11-22T00:53:19.678+0000] {logging_mixin.py:137} INFO - [2022-11-22T00:53:19.678+0000] {taskmixin.py:205} WARNING - Dependency <Task(_PythonDecoratedOperator): print_the_context>, log_sql_query already registered for DAG: example_python_operator
[2022-11-22T00:53:19.678+0000] {logging_mixin.py:137} INFO - [2022-11-22T00:53:19.678+0000] {taskmixin.py:205} WARNING - Dependency <Task(_PythonDecoratedOperator): log_sql_query>, print_the_context already registered for DAG: example_python_operator
[2022-11-22T00:53:19.679+0000] {logging_mixin.py:137} INFO - [2022-11-22T00:53:19.679+0000] {taskmixin.py:205} WARNING - Dependency <Task(_PythonDecoratedOperator): print_the_context>, log_sql_query already registered for DAG: example_python_operator
[2022-11-22T00:53:19.679+0000] {logging_mixin.py:137} INFO - [2022-11-22T00:53:19.679+0000] {taskmixin.py:205} WARNING - Dependency <Task(_PythonDecoratedOperator): log_sql_query>, print_the_context already registered for DAG: example_python_operator
[2022-11-22T00:53:19.688+0000] {processor.py:766} INFO - DAG(s) dict_keys(['example_python_operator']) retrieved from /home/airflow/.local/lib/python3.7/site-packages/airflow/example_dags/example_python_operator.py
[2022-11-22T00:53:19.733+0000] {logging_mixin.py:137} INFO - [2022-11-22T00:53:19.732+0000] {dag.py:2585} INFO - Sync 1 DAGs
[2022-11-22T00:53:19.769+0000] {logging_mixin.py:137} INFO - [2022-11-22T00:53:19.769+0000] {dag.py:3340} INFO - Setting next_dagrun for example_python_operator to None, run_after=None
[2022-11-22T00:53:19.795+0000] {processor.py:176} INFO - Processing /home/airflow/.local/lib/python3.7/site-packages/airflow/example_dags/example_python_operator.py took 0.139 seconds
[2022-11-22T00:53:49.985+0000] {processor.py:154} INFO - Started process (PID=1607) to work on /home/airflow/.local/lib/python3.7/site-packages/airflow/example_dags/example_python_operator.py
[2022-11-22T00:53:49.986+0000] {processor.py:756} INFO - Processing file /home/airflow/.local/lib/python3.7/site-packages/airflow/example_dags/example_python_operator.py for tasks to queue
[2022-11-22T00:53:49.987+0000] {logging_mixin.py:137} INFO - [2022-11-22T00:53:49.986+0000] {dagbag.py:537} INFO - Filling up the DagBag from /home/airflow/.local/lib/python3.7/site-packages/airflow/example_dags/example_python_operator.py
[2022-11-22T00:53:50.009+0000] {logging_mixin.py:137} INFO - [2022-11-22T00:53:50.009+0000] {taskmixin.py:205} WARNING - Dependency <Task(_PythonDecoratedOperator): print_the_context>, log_sql_query already registered for DAG: example_python_operator
[2022-11-22T00:53:50.010+0000] {logging_mixin.py:137} INFO - [2022-11-22T00:53:50.010+0000] {taskmixin.py:205} WARNING - Dependency <Task(_PythonDecoratedOperator): log_sql_query>, print_the_context already registered for DAG: example_python_operator
[2022-11-22T00:53:50.011+0000] {logging_mixin.py:137} INFO - [2022-11-22T00:53:50.011+0000] {taskmixin.py:205} WARNING - Dependency <Task(_PythonDecoratedOperator): print_the_context>, log_sql_query already registered for DAG: example_python_operator
[2022-11-22T00:53:50.011+0000] {logging_mixin.py:137} INFO - [2022-11-22T00:53:50.011+0000] {taskmixin.py:205} WARNING - Dependency <Task(_PythonDecoratedOperator): log_sql_query>, print_the_context already registered for DAG: example_python_operator
[2022-11-22T00:53:50.013+0000] {logging_mixin.py:137} INFO - [2022-11-22T00:53:50.012+0000] {taskmixin.py:205} WARNING - Dependency <Task(_PythonDecoratedOperator): print_the_context>, log_sql_query already registered for DAG: example_python_operator
[2022-11-22T00:53:50.013+0000] {logging_mixin.py:137} INFO - [2022-11-22T00:53:50.013+0000] {taskmixin.py:205} WARNING - Dependency <Task(_PythonDecoratedOperator): log_sql_query>, print_the_context already registered for DAG: example_python_operator
[2022-11-22T00:53:50.014+0000] {logging_mixin.py:137} INFO - [2022-11-22T00:53:50.014+0000] {taskmixin.py:205} WARNING - Dependency <Task(_PythonDecoratedOperator): print_the_context>, log_sql_query already registered for DAG: example_python_operator
[2022-11-22T00:53:50.014+0000] {logging_mixin.py:137} INFO - [2022-11-22T00:53:50.014+0000] {taskmixin.py:205} WARNING - Dependency <Task(_PythonDecoratedOperator): log_sql_query>, print_the_context already registered for DAG: example_python_operator
[2022-11-22T00:53:50.026+0000] {processor.py:766} INFO - DAG(s) dict_keys(['example_python_operator']) retrieved from /home/airflow/.local/lib/python3.7/site-packages/airflow/example_dags/example_python_operator.py
[2022-11-22T00:53:50.077+0000] {logging_mixin.py:137} INFO - [2022-11-22T00:53:50.076+0000] {dag.py:2585} INFO - Sync 1 DAGs
[2022-11-22T00:53:50.108+0000] {logging_mixin.py:137} INFO - [2022-11-22T00:53:50.107+0000] {dag.py:3340} INFO - Setting next_dagrun for example_python_operator to None, run_after=None
[2022-11-22T00:53:50.129+0000] {processor.py:176} INFO - Processing /home/airflow/.local/lib/python3.7/site-packages/airflow/example_dags/example_python_operator.py took 0.148 seconds
[2022-11-22T00:54:20.226+0000] {processor.py:154} INFO - Started process (PID=1803) to work on /home/airflow/.local/lib/python3.7/site-packages/airflow/example_dags/example_python_operator.py
[2022-11-22T00:54:20.227+0000] {processor.py:756} INFO - Processing file /home/airflow/.local/lib/python3.7/site-packages/airflow/example_dags/example_python_operator.py for tasks to queue
[2022-11-22T00:54:20.228+0000] {logging_mixin.py:137} INFO - [2022-11-22T00:54:20.228+0000] {dagbag.py:537} INFO - Filling up the DagBag from /home/airflow/.local/lib/python3.7/site-packages/airflow/example_dags/example_python_operator.py
[2022-11-22T00:54:20.245+0000] {logging_mixin.py:137} INFO - [2022-11-22T00:54:20.245+0000] {taskmixin.py:205} WARNING - Dependency <Task(_PythonDecoratedOperator): print_the_context>, log_sql_query already registered for DAG: example_python_operator
[2022-11-22T00:54:20.245+0000] {logging_mixin.py:137} INFO - [2022-11-22T00:54:20.245+0000] {taskmixin.py:205} WARNING - Dependency <Task(_PythonDecoratedOperator): log_sql_query>, print_the_context already registered for DAG: example_python_operator
[2022-11-22T00:54:20.246+0000] {logging_mixin.py:137} INFO - [2022-11-22T00:54:20.246+0000] {taskmixin.py:205} WARNING - Dependency <Task(_PythonDecoratedOperator): print_the_context>, log_sql_query already registered for DAG: example_python_operator
[2022-11-22T00:54:20.246+0000] {logging_mixin.py:137} INFO - [2022-11-22T00:54:20.246+0000] {taskmixin.py:205} WARNING - Dependency <Task(_PythonDecoratedOperator): log_sql_query>, print_the_context already registered for DAG: example_python_operator
[2022-11-22T00:54:20.247+0000] {logging_mixin.py:137} INFO - [2022-11-22T00:54:20.247+0000] {taskmixin.py:205} WARNING - Dependency <Task(_PythonDecoratedOperator): print_the_context>, log_sql_query already registered for DAG: example_python_operator
[2022-11-22T00:54:20.247+0000] {logging_mixin.py:137} INFO - [2022-11-22T00:54:20.247+0000] {taskmixin.py:205} WARNING - Dependency <Task(_PythonDecoratedOperator): log_sql_query>, print_the_context already registered for DAG: example_python_operator
[2022-11-22T00:54:20.248+0000] {logging_mixin.py:137} INFO - [2022-11-22T00:54:20.248+0000] {taskmixin.py:205} WARNING - Dependency <Task(_PythonDecoratedOperator): print_the_context>, log_sql_query already registered for DAG: example_python_operator
[2022-11-22T00:54:20.248+0000] {logging_mixin.py:137} INFO - [2022-11-22T00:54:20.248+0000] {taskmixin.py:205} WARNING - Dependency <Task(_PythonDecoratedOperator): log_sql_query>, print_the_context already registered for DAG: example_python_operator
[2022-11-22T00:54:20.257+0000] {processor.py:766} INFO - DAG(s) dict_keys(['example_python_operator']) retrieved from /home/airflow/.local/lib/python3.7/site-packages/airflow/example_dags/example_python_operator.py
[2022-11-22T00:54:20.306+0000] {logging_mixin.py:137} INFO - [2022-11-22T00:54:20.306+0000] {dag.py:2585} INFO - Sync 1 DAGs
[2022-11-22T00:54:20.339+0000] {logging_mixin.py:137} INFO - [2022-11-22T00:54:20.338+0000] {dag.py:3340} INFO - Setting next_dagrun for example_python_operator to None, run_after=None
[2022-11-22T00:54:20.362+0000] {processor.py:176} INFO - Processing /home/airflow/.local/lib/python3.7/site-packages/airflow/example_dags/example_python_operator.py took 0.138 seconds
[2022-11-22T00:54:50.451+0000] {processor.py:154} INFO - Started process (PID=2007) to work on /home/airflow/.local/lib/python3.7/site-packages/airflow/example_dags/example_python_operator.py
[2022-11-22T00:54:50.452+0000] {processor.py:756} INFO - Processing file /home/airflow/.local/lib/python3.7/site-packages/airflow/example_dags/example_python_operator.py for tasks to queue
[2022-11-22T00:54:50.453+0000] {logging_mixin.py:137} INFO - [2022-11-22T00:54:50.453+0000] {dagbag.py:537} INFO - Filling up the DagBag from /home/airflow/.local/lib/python3.7/site-packages/airflow/example_dags/example_python_operator.py
[2022-11-22T00:54:50.485+0000] {logging_mixin.py:137} INFO - [2022-11-22T00:54:50.485+0000] {taskmixin.py:205} WARNING - Dependency <Task(_PythonDecoratedOperator): print_the_context>, log_sql_query already registered for DAG: example_python_operator
[2022-11-22T00:54:50.485+0000] {logging_mixin.py:137} INFO - [2022-11-22T00:54:50.485+0000] {taskmixin.py:205} WARNING - Dependency <Task(_PythonDecoratedOperator): log_sql_query>, print_the_context already registered for DAG: example_python_operator
[2022-11-22T00:54:50.486+0000] {logging_mixin.py:137} INFO - [2022-11-22T00:54:50.486+0000] {taskmixin.py:205} WARNING - Dependency <Task(_PythonDecoratedOperator): print_the_context>, log_sql_query already registered for DAG: example_python_operator
[2022-11-22T00:54:50.486+0000] {logging_mixin.py:137} INFO - [2022-11-22T00:54:50.486+0000] {taskmixin.py:205} WARNING - Dependency <Task(_PythonDecoratedOperator): log_sql_query>, print_the_context already registered for DAG: example_python_operator
[2022-11-22T00:54:50.487+0000] {logging_mixin.py:137} INFO - [2022-11-22T00:54:50.487+0000] {taskmixin.py:205} WARNING - Dependency <Task(_PythonDecoratedOperator): print_the_context>, log_sql_query already registered for DAG: example_python_operator
[2022-11-22T00:54:50.488+0000] {logging_mixin.py:137} INFO - [2022-11-22T00:54:50.488+0000] {taskmixin.py:205} WARNING - Dependency <Task(_PythonDecoratedOperator): log_sql_query>, print_the_context already registered for DAG: example_python_operator
[2022-11-22T00:54:50.488+0000] {logging_mixin.py:137} INFO - [2022-11-22T00:54:50.488+0000] {taskmixin.py:205} WARNING - Dependency <Task(_PythonDecoratedOperator): print_the_context>, log_sql_query already registered for DAG: example_python_operator
[2022-11-22T00:54:50.489+0000] {logging_mixin.py:137} INFO - [2022-11-22T00:54:50.489+0000] {taskmixin.py:205} WARNING - Dependency <Task(_PythonDecoratedOperator): log_sql_query>, print_the_context already registered for DAG: example_python_operator
[2022-11-22T00:54:50.497+0000] {processor.py:766} INFO - DAG(s) dict_keys(['example_python_operator']) retrieved from /home/airflow/.local/lib/python3.7/site-packages/airflow/example_dags/example_python_operator.py
[2022-11-22T00:54:50.540+0000] {logging_mixin.py:137} INFO - [2022-11-22T00:54:50.539+0000] {dag.py:2585} INFO - Sync 1 DAGs
[2022-11-22T00:54:50.571+0000] {logging_mixin.py:137} INFO - [2022-11-22T00:54:50.571+0000] {dag.py:3340} INFO - Setting next_dagrun for example_python_operator to None, run_after=None
[2022-11-22T00:54:50.592+0000] {processor.py:176} INFO - Processing /home/airflow/.local/lib/python3.7/site-packages/airflow/example_dags/example_python_operator.py took 0.148 seconds
[2022-11-22T00:55:20.695+0000] {processor.py:154} INFO - Started process (PID=2213) to work on /home/airflow/.local/lib/python3.7/site-packages/airflow/example_dags/example_python_operator.py
[2022-11-22T00:55:20.696+0000] {processor.py:756} INFO - Processing file /home/airflow/.local/lib/python3.7/site-packages/airflow/example_dags/example_python_operator.py for tasks to queue
[2022-11-22T00:55:20.697+0000] {logging_mixin.py:137} INFO - [2022-11-22T00:55:20.696+0000] {dagbag.py:537} INFO - Filling up the DagBag from /home/airflow/.local/lib/python3.7/site-packages/airflow/example_dags/example_python_operator.py
[2022-11-22T00:55:20.730+0000] {logging_mixin.py:137} INFO - [2022-11-22T00:55:20.729+0000] {taskmixin.py:205} WARNING - Dependency <Task(_PythonDecoratedOperator): print_the_context>, log_sql_query already registered for DAG: example_python_operator
[2022-11-22T00:55:20.730+0000] {logging_mixin.py:137} INFO - [2022-11-22T00:55:20.730+0000] {taskmixin.py:205} WARNING - Dependency <Task(_PythonDecoratedOperator): log_sql_query>, print_the_context already registered for DAG: example_python_operator
[2022-11-22T00:55:20.732+0000] {logging_mixin.py:137} INFO - [2022-11-22T00:55:20.732+0000] {taskmixin.py:205} WARNING - Dependency <Task(_PythonDecoratedOperator): print_the_context>, log_sql_query already registered for DAG: example_python_operator
[2022-11-22T00:55:20.732+0000] {logging_mixin.py:137} INFO - [2022-11-22T00:55:20.732+0000] {taskmixin.py:205} WARNING - Dependency <Task(_PythonDecoratedOperator): log_sql_query>, print_the_context already registered for DAG: example_python_operator
[2022-11-22T00:55:20.733+0000] {logging_mixin.py:137} INFO - [2022-11-22T00:55:20.733+0000] {taskmixin.py:205} WARNING - Dependency <Task(_PythonDecoratedOperator): print_the_context>, log_sql_query already registered for DAG: example_python_operator
[2022-11-22T00:55:20.733+0000] {logging_mixin.py:137} INFO - [2022-11-22T00:55:20.733+0000] {taskmixin.py:205} WARNING - Dependency <Task(_PythonDecoratedOperator): log_sql_query>, print_the_context already registered for DAG: example_python_operator
[2022-11-22T00:55:20.734+0000] {logging_mixin.py:137} INFO - [2022-11-22T00:55:20.734+0000] {taskmixin.py:205} WARNING - Dependency <Task(_PythonDecoratedOperator): print_the_context>, log_sql_query already registered for DAG: example_python_operator
[2022-11-22T00:55:20.735+0000] {logging_mixin.py:137} INFO - [2022-11-22T00:55:20.734+0000] {taskmixin.py:205} WARNING - Dependency <Task(_PythonDecoratedOperator): log_sql_query>, print_the_context already registered for DAG: example_python_operator
[2022-11-22T00:55:20.742+0000] {processor.py:766} INFO - DAG(s) dict_keys(['example_python_operator']) retrieved from /home/airflow/.local/lib/python3.7/site-packages/airflow/example_dags/example_python_operator.py
[2022-11-22T00:55:20.785+0000] {logging_mixin.py:137} INFO - [2022-11-22T00:55:20.785+0000] {dag.py:2585} INFO - Sync 1 DAGs
[2022-11-22T00:55:20.818+0000] {logging_mixin.py:137} INFO - [2022-11-22T00:55:20.818+0000] {dag.py:3340} INFO - Setting next_dagrun for example_python_operator to None, run_after=None
[2022-11-22T00:55:20.843+0000] {processor.py:176} INFO - Processing /home/airflow/.local/lib/python3.7/site-packages/airflow/example_dags/example_python_operator.py took 0.153 seconds
[2022-11-22T00:55:50.973+0000] {processor.py:154} INFO - Started process (PID=2410) to work on /home/airflow/.local/lib/python3.7/site-packages/airflow/example_dags/example_python_operator.py
[2022-11-22T00:55:50.974+0000] {processor.py:756} INFO - Processing file /home/airflow/.local/lib/python3.7/site-packages/airflow/example_dags/example_python_operator.py for tasks to queue
[2022-11-22T00:55:50.976+0000] {logging_mixin.py:137} INFO - [2022-11-22T00:55:50.975+0000] {dagbag.py:537} INFO - Filling up the DagBag from /home/airflow/.local/lib/python3.7/site-packages/airflow/example_dags/example_python_operator.py
[2022-11-22T00:55:50.993+0000] {logging_mixin.py:137} INFO - [2022-11-22T00:55:50.993+0000] {taskmixin.py:205} WARNING - Dependency <Task(_PythonDecoratedOperator): print_the_context>, log_sql_query already registered for DAG: example_python_operator
[2022-11-22T00:55:50.993+0000] {logging_mixin.py:137} INFO - [2022-11-22T00:55:50.993+0000] {taskmixin.py:205} WARNING - Dependency <Task(_PythonDecoratedOperator): log_sql_query>, print_the_context already registered for DAG: example_python_operator
[2022-11-22T00:55:50.994+0000] {logging_mixin.py:137} INFO - [2022-11-22T00:55:50.994+0000] {taskmixin.py:205} WARNING - Dependency <Task(_PythonDecoratedOperator): print_the_context>, log_sql_query already registered for DAG: example_python_operator
[2022-11-22T00:55:50.994+0000] {logging_mixin.py:137} INFO - [2022-11-22T00:55:50.994+0000] {taskmixin.py:205} WARNING - Dependency <Task(_PythonDecoratedOperator): log_sql_query>, print_the_context already registered for DAG: example_python_operator
[2022-11-22T00:55:50.994+0000] {logging_mixin.py:137} INFO - [2022-11-22T00:55:50.994+0000] {taskmixin.py:205} WARNING - Dependency <Task(_PythonDecoratedOperator): print_the_context>, log_sql_query already registered for DAG: example_python_operator
[2022-11-22T00:55:50.995+0000] {logging_mixin.py:137} INFO - [2022-11-22T00:55:50.994+0000] {taskmixin.py:205} WARNING - Dependency <Task(_PythonDecoratedOperator): log_sql_query>, print_the_context already registered for DAG: example_python_operator
[2022-11-22T00:55:50.995+0000] {logging_mixin.py:137} INFO - [2022-11-22T00:55:50.995+0000] {taskmixin.py:205} WARNING - Dependency <Task(_PythonDecoratedOperator): print_the_context>, log_sql_query already registered for DAG: example_python_operator
[2022-11-22T00:55:50.995+0000] {logging_mixin.py:137} INFO - [2022-11-22T00:55:50.995+0000] {taskmixin.py:205} WARNING - Dependency <Task(_PythonDecoratedOperator): log_sql_query>, print_the_context already registered for DAG: example_python_operator
[2022-11-22T00:55:51.002+0000] {processor.py:766} INFO - DAG(s) dict_keys(['example_python_operator']) retrieved from /home/airflow/.local/lib/python3.7/site-packages/airflow/example_dags/example_python_operator.py
[2022-11-22T00:55:51.043+0000] {logging_mixin.py:137} INFO - [2022-11-22T00:55:51.043+0000] {dag.py:2585} INFO - Sync 1 DAGs
[2022-11-22T00:55:51.071+0000] {logging_mixin.py:137} INFO - [2022-11-22T00:55:51.071+0000] {dag.py:3340} INFO - Setting next_dagrun for example_python_operator to None, run_after=None
[2022-11-22T00:55:51.092+0000] {processor.py:176} INFO - Processing /home/airflow/.local/lib/python3.7/site-packages/airflow/example_dags/example_python_operator.py took 0.124 seconds
[2022-11-22T00:56:21.236+0000] {processor.py:154} INFO - Started process (PID=2617) to work on /home/airflow/.local/lib/python3.7/site-packages/airflow/example_dags/example_python_operator.py
[2022-11-22T00:56:21.237+0000] {processor.py:756} INFO - Processing file /home/airflow/.local/lib/python3.7/site-packages/airflow/example_dags/example_python_operator.py for tasks to queue
[2022-11-22T00:56:21.238+0000] {logging_mixin.py:137} INFO - [2022-11-22T00:56:21.238+0000] {dagbag.py:537} INFO - Filling up the DagBag from /home/airflow/.local/lib/python3.7/site-packages/airflow/example_dags/example_python_operator.py
[2022-11-22T00:56:21.254+0000] {logging_mixin.py:137} INFO - [2022-11-22T00:56:21.254+0000] {taskmixin.py:205} WARNING - Dependency <Task(_PythonDecoratedOperator): print_the_context>, log_sql_query already registered for DAG: example_python_operator
[2022-11-22T00:56:21.254+0000] {logging_mixin.py:137} INFO - [2022-11-22T00:56:21.254+0000] {taskmixin.py:205} WARNING - Dependency <Task(_PythonDecoratedOperator): log_sql_query>, print_the_context already registered for DAG: example_python_operator
[2022-11-22T00:56:21.255+0000] {logging_mixin.py:137} INFO - [2022-11-22T00:56:21.255+0000] {taskmixin.py:205} WARNING - Dependency <Task(_PythonDecoratedOperator): print_the_context>, log_sql_query already registered for DAG: example_python_operator
[2022-11-22T00:56:21.255+0000] {logging_mixin.py:137} INFO - [2022-11-22T00:56:21.255+0000] {taskmixin.py:205} WARNING - Dependency <Task(_PythonDecoratedOperator): log_sql_query>, print_the_context already registered for DAG: example_python_operator
[2022-11-22T00:56:21.256+0000] {logging_mixin.py:137} INFO - [2022-11-22T00:56:21.256+0000] {taskmixin.py:205} WARNING - Dependency <Task(_PythonDecoratedOperator): print_the_context>, log_sql_query already registered for DAG: example_python_operator
[2022-11-22T00:56:21.256+0000] {logging_mixin.py:137} INFO - [2022-11-22T00:56:21.256+0000] {taskmixin.py:205} WARNING - Dependency <Task(_PythonDecoratedOperator): log_sql_query>, print_the_context already registered for DAG: example_python_operator
[2022-11-22T00:56:21.257+0000] {logging_mixin.py:137} INFO - [2022-11-22T00:56:21.257+0000] {taskmixin.py:205} WARNING - Dependency <Task(_PythonDecoratedOperator): print_the_context>, log_sql_query already registered for DAG: example_python_operator
[2022-11-22T00:56:21.257+0000] {logging_mixin.py:137} INFO - [2022-11-22T00:56:21.257+0000] {taskmixin.py:205} WARNING - Dependency <Task(_PythonDecoratedOperator): log_sql_query>, print_the_context already registered for DAG: example_python_operator
[2022-11-22T00:56:21.265+0000] {processor.py:766} INFO - DAG(s) dict_keys(['example_python_operator']) retrieved from /home/airflow/.local/lib/python3.7/site-packages/airflow/example_dags/example_python_operator.py
[2022-11-22T00:56:21.308+0000] {logging_mixin.py:137} INFO - [2022-11-22T00:56:21.308+0000] {dag.py:2585} INFO - Sync 1 DAGs
[2022-11-22T00:56:21.341+0000] {logging_mixin.py:137} INFO - [2022-11-22T00:56:21.341+0000] {dag.py:3340} INFO - Setting next_dagrun for example_python_operator to None, run_after=None
[2022-11-22T00:56:21.363+0000] {processor.py:176} INFO - Processing /home/airflow/.local/lib/python3.7/site-packages/airflow/example_dags/example_python_operator.py took 0.129 seconds
[2022-11-22T00:56:51.522+0000] {processor.py:154} INFO - Started process (PID=2824) to work on /home/airflow/.local/lib/python3.7/site-packages/airflow/example_dags/example_python_operator.py
[2022-11-22T00:56:51.523+0000] {processor.py:756} INFO - Processing file /home/airflow/.local/lib/python3.7/site-packages/airflow/example_dags/example_python_operator.py for tasks to queue
[2022-11-22T00:56:51.523+0000] {logging_mixin.py:137} INFO - [2022-11-22T00:56:51.523+0000] {dagbag.py:537} INFO - Filling up the DagBag from /home/airflow/.local/lib/python3.7/site-packages/airflow/example_dags/example_python_operator.py
[2022-11-22T00:56:51.543+0000] {logging_mixin.py:137} INFO - [2022-11-22T00:56:51.543+0000] {taskmixin.py:205} WARNING - Dependency <Task(_PythonDecoratedOperator): print_the_context>, log_sql_query already registered for DAG: example_python_operator
[2022-11-22T00:56:51.543+0000] {logging_mixin.py:137} INFO - [2022-11-22T00:56:51.543+0000] {taskmixin.py:205} WARNING - Dependency <Task(_PythonDecoratedOperator): log_sql_query>, print_the_context already registered for DAG: example_python_operator
[2022-11-22T00:56:51.547+0000] {logging_mixin.py:137} INFO - [2022-11-22T00:56:51.546+0000] {taskmixin.py:205} WARNING - Dependency <Task(_PythonDecoratedOperator): print_the_context>, log_sql_query already registered for DAG: example_python_operator
[2022-11-22T00:56:51.548+0000] {logging_mixin.py:137} INFO - [2022-11-22T00:56:51.547+0000] {taskmixin.py:205} WARNING - Dependency <Task(_PythonDecoratedOperator): log_sql_query>, print_the_context already registered for DAG: example_python_operator
[2022-11-22T00:56:51.549+0000] {logging_mixin.py:137} INFO - [2022-11-22T00:56:51.549+0000] {taskmixin.py:205} WARNING - Dependency <Task(_PythonDecoratedOperator): print_the_context>, log_sql_query already registered for DAG: example_python_operator
[2022-11-22T00:56:51.549+0000] {logging_mixin.py:137} INFO - [2022-11-22T00:56:51.549+0000] {taskmixin.py:205} WARNING - Dependency <Task(_PythonDecoratedOperator): log_sql_query>, print_the_context already registered for DAG: example_python_operator
[2022-11-22T00:56:51.550+0000] {logging_mixin.py:137} INFO - [2022-11-22T00:56:51.550+0000] {taskmixin.py:205} WARNING - Dependency <Task(_PythonDecoratedOperator): print_the_context>, log_sql_query already registered for DAG: example_python_operator
[2022-11-22T00:56:51.551+0000] {logging_mixin.py:137} INFO - [2022-11-22T00:56:51.550+0000] {taskmixin.py:205} WARNING - Dependency <Task(_PythonDecoratedOperator): log_sql_query>, print_the_context already registered for DAG: example_python_operator
[2022-11-22T00:56:51.559+0000] {processor.py:766} INFO - DAG(s) dict_keys(['example_python_operator']) retrieved from /home/airflow/.local/lib/python3.7/site-packages/airflow/example_dags/example_python_operator.py
[2022-11-22T00:56:51.613+0000] {logging_mixin.py:137} INFO - [2022-11-22T00:56:51.612+0000] {dag.py:2585} INFO - Sync 1 DAGs
[2022-11-22T00:56:51.647+0000] {logging_mixin.py:137} INFO - [2022-11-22T00:56:51.647+0000] {dag.py:3340} INFO - Setting next_dagrun for example_python_operator to None, run_after=None
[2022-11-22T00:56:51.678+0000] {processor.py:176} INFO - Processing /home/airflow/.local/lib/python3.7/site-packages/airflow/example_dags/example_python_operator.py took 0.158 seconds
[2022-11-22T00:57:21.752+0000] {processor.py:154} INFO - Started process (PID=3022) to work on /home/airflow/.local/lib/python3.7/site-packages/airflow/example_dags/example_python_operator.py
[2022-11-22T00:57:21.752+0000] {processor.py:756} INFO - Processing file /home/airflow/.local/lib/python3.7/site-packages/airflow/example_dags/example_python_operator.py for tasks to queue
[2022-11-22T00:57:21.753+0000] {logging_mixin.py:137} INFO - [2022-11-22T00:57:21.753+0000] {dagbag.py:537} INFO - Filling up the DagBag from /home/airflow/.local/lib/python3.7/site-packages/airflow/example_dags/example_python_operator.py
[2022-11-22T00:57:21.769+0000] {logging_mixin.py:137} INFO - [2022-11-22T00:57:21.768+0000] {taskmixin.py:205} WARNING - Dependency <Task(_PythonDecoratedOperator): print_the_context>, log_sql_query already registered for DAG: example_python_operator
[2022-11-22T00:57:21.769+0000] {logging_mixin.py:137} INFO - [2022-11-22T00:57:21.769+0000] {taskmixin.py:205} WARNING - Dependency <Task(_PythonDecoratedOperator): log_sql_query>, print_the_context already registered for DAG: example_python_operator
[2022-11-22T00:57:21.770+0000] {logging_mixin.py:137} INFO - [2022-11-22T00:57:21.770+0000] {taskmixin.py:205} WARNING - Dependency <Task(_PythonDecoratedOperator): print_the_context>, log_sql_query already registered for DAG: example_python_operator
[2022-11-22T00:57:21.770+0000] {logging_mixin.py:137} INFO - [2022-11-22T00:57:21.770+0000] {taskmixin.py:205} WARNING - Dependency <Task(_PythonDecoratedOperator): log_sql_query>, print_the_context already registered for DAG: example_python_operator
[2022-11-22T00:57:21.771+0000] {logging_mixin.py:137} INFO - [2022-11-22T00:57:21.770+0000] {taskmixin.py:205} WARNING - Dependency <Task(_PythonDecoratedOperator): print_the_context>, log_sql_query already registered for DAG: example_python_operator
[2022-11-22T00:57:21.771+0000] {logging_mixin.py:137} INFO - [2022-11-22T00:57:21.771+0000] {taskmixin.py:205} WARNING - Dependency <Task(_PythonDecoratedOperator): log_sql_query>, print_the_context already registered for DAG: example_python_operator
[2022-11-22T00:57:21.771+0000] {logging_mixin.py:137} INFO - [2022-11-22T00:57:21.771+0000] {taskmixin.py:205} WARNING - Dependency <Task(_PythonDecoratedOperator): print_the_context>, log_sql_query already registered for DAG: example_python_operator
[2022-11-22T00:57:21.772+0000] {logging_mixin.py:137} INFO - [2022-11-22T00:57:21.772+0000] {taskmixin.py:205} WARNING - Dependency <Task(_PythonDecoratedOperator): log_sql_query>, print_the_context already registered for DAG: example_python_operator
[2022-11-22T00:57:21.780+0000] {processor.py:766} INFO - DAG(s) dict_keys(['example_python_operator']) retrieved from /home/airflow/.local/lib/python3.7/site-packages/airflow/example_dags/example_python_operator.py
[2022-11-22T00:57:21.822+0000] {logging_mixin.py:137} INFO - [2022-11-22T00:57:21.822+0000] {dag.py:2585} INFO - Sync 1 DAGs
[2022-11-22T00:57:21.855+0000] {logging_mixin.py:137} INFO - [2022-11-22T00:57:21.855+0000] {dag.py:3340} INFO - Setting next_dagrun for example_python_operator to None, run_after=None
[2022-11-22T00:57:21.875+0000] {processor.py:176} INFO - Processing /home/airflow/.local/lib/python3.7/site-packages/airflow/example_dags/example_python_operator.py took 0.126 seconds
[2022-11-22T00:57:52.547+0000] {processor.py:154} INFO - Started process (PID=3230) to work on /home/airflow/.local/lib/python3.7/site-packages/airflow/example_dags/example_python_operator.py
[2022-11-22T00:57:52.547+0000] {processor.py:756} INFO - Processing file /home/airflow/.local/lib/python3.7/site-packages/airflow/example_dags/example_python_operator.py for tasks to queue
[2022-11-22T00:57:52.548+0000] {logging_mixin.py:137} INFO - [2022-11-22T00:57:52.548+0000] {dagbag.py:537} INFO - Filling up the DagBag from /home/airflow/.local/lib/python3.7/site-packages/airflow/example_dags/example_python_operator.py
[2022-11-22T00:57:52.563+0000] {logging_mixin.py:137} INFO - [2022-11-22T00:57:52.563+0000] {taskmixin.py:205} WARNING - Dependency <Task(_PythonDecoratedOperator): print_the_context>, log_sql_query already registered for DAG: example_python_operator
[2022-11-22T00:57:52.564+0000] {logging_mixin.py:137} INFO - [2022-11-22T00:57:52.564+0000] {taskmixin.py:205} WARNING - Dependency <Task(_PythonDecoratedOperator): log_sql_query>, print_the_context already registered for DAG: example_python_operator
[2022-11-22T00:57:52.564+0000] {logging_mixin.py:137} INFO - [2022-11-22T00:57:52.564+0000] {taskmixin.py:205} WARNING - Dependency <Task(_PythonDecoratedOperator): print_the_context>, log_sql_query already registered for DAG: example_python_operator
[2022-11-22T00:57:52.565+0000] {logging_mixin.py:137} INFO - [2022-11-22T00:57:52.564+0000] {taskmixin.py:205} WARNING - Dependency <Task(_PythonDecoratedOperator): log_sql_query>, print_the_context already registered for DAG: example_python_operator
[2022-11-22T00:57:52.566+0000] {logging_mixin.py:137} INFO - [2022-11-22T00:57:52.565+0000] {taskmixin.py:205} WARNING - Dependency <Task(_PythonDecoratedOperator): print_the_context>, log_sql_query already registered for DAG: example_python_operator
[2022-11-22T00:57:52.566+0000] {logging_mixin.py:137} INFO - [2022-11-22T00:57:52.566+0000] {taskmixin.py:205} WARNING - Dependency <Task(_PythonDecoratedOperator): log_sql_query>, print_the_context already registered for DAG: example_python_operator
[2022-11-22T00:57:52.567+0000] {logging_mixin.py:137} INFO - [2022-11-22T00:57:52.567+0000] {taskmixin.py:205} WARNING - Dependency <Task(_PythonDecoratedOperator): print_the_context>, log_sql_query already registered for DAG: example_python_operator
[2022-11-22T00:57:52.567+0000] {logging_mixin.py:137} INFO - [2022-11-22T00:57:52.567+0000] {taskmixin.py:205} WARNING - Dependency <Task(_PythonDecoratedOperator): log_sql_query>, print_the_context already registered for DAG: example_python_operator
[2022-11-22T00:57:52.575+0000] {processor.py:766} INFO - DAG(s) dict_keys(['example_python_operator']) retrieved from /home/airflow/.local/lib/python3.7/site-packages/airflow/example_dags/example_python_operator.py
[2022-11-22T00:57:52.619+0000] {logging_mixin.py:137} INFO - [2022-11-22T00:57:52.619+0000] {dag.py:2585} INFO - Sync 1 DAGs
[2022-11-22T00:57:52.650+0000] {logging_mixin.py:137} INFO - [2022-11-22T00:57:52.650+0000] {dag.py:3340} INFO - Setting next_dagrun for example_python_operator to None, run_after=None
[2022-11-22T00:57:52.671+0000] {processor.py:176} INFO - Processing /home/airflow/.local/lib/python3.7/site-packages/airflow/example_dags/example_python_operator.py took 0.127 seconds
[2022-11-22T00:58:22.793+0000] {processor.py:154} INFO - Started process (PID=3428) to work on /home/airflow/.local/lib/python3.7/site-packages/airflow/example_dags/example_python_operator.py
[2022-11-22T00:58:22.794+0000] {processor.py:756} INFO - Processing file /home/airflow/.local/lib/python3.7/site-packages/airflow/example_dags/example_python_operator.py for tasks to queue
[2022-11-22T00:58:22.795+0000] {logging_mixin.py:137} INFO - [2022-11-22T00:58:22.795+0000] {dagbag.py:537} INFO - Filling up the DagBag from /home/airflow/.local/lib/python3.7/site-packages/airflow/example_dags/example_python_operator.py
[2022-11-22T00:58:22.811+0000] {logging_mixin.py:137} INFO - [2022-11-22T00:58:22.810+0000] {taskmixin.py:205} WARNING - Dependency <Task(_PythonDecoratedOperator): print_the_context>, log_sql_query already registered for DAG: example_python_operator
[2022-11-22T00:58:22.811+0000] {logging_mixin.py:137} INFO - [2022-11-22T00:58:22.811+0000] {taskmixin.py:205} WARNING - Dependency <Task(_PythonDecoratedOperator): log_sql_query>, print_the_context already registered for DAG: example_python_operator
[2022-11-22T00:58:22.812+0000] {logging_mixin.py:137} INFO - [2022-11-22T00:58:22.812+0000] {taskmixin.py:205} WARNING - Dependency <Task(_PythonDecoratedOperator): print_the_context>, log_sql_query already registered for DAG: example_python_operator
[2022-11-22T00:58:22.812+0000] {logging_mixin.py:137} INFO - [2022-11-22T00:58:22.812+0000] {taskmixin.py:205} WARNING - Dependency <Task(_PythonDecoratedOperator): log_sql_query>, print_the_context already registered for DAG: example_python_operator
[2022-11-22T00:58:22.813+0000] {logging_mixin.py:137} INFO - [2022-11-22T00:58:22.812+0000] {taskmixin.py:205} WARNING - Dependency <Task(_PythonDecoratedOperator): print_the_context>, log_sql_query already registered for DAG: example_python_operator
[2022-11-22T00:58:22.813+0000] {logging_mixin.py:137} INFO - [2022-11-22T00:58:22.813+0000] {taskmixin.py:205} WARNING - Dependency <Task(_PythonDecoratedOperator): log_sql_query>, print_the_context already registered for DAG: example_python_operator
[2022-11-22T00:58:22.813+0000] {logging_mixin.py:137} INFO - [2022-11-22T00:58:22.813+0000] {taskmixin.py:205} WARNING - Dependency <Task(_PythonDecoratedOperator): print_the_context>, log_sql_query already registered for DAG: example_python_operator
[2022-11-22T00:58:22.814+0000] {logging_mixin.py:137} INFO - [2022-11-22T00:58:22.814+0000] {taskmixin.py:205} WARNING - Dependency <Task(_PythonDecoratedOperator): log_sql_query>, print_the_context already registered for DAG: example_python_operator
[2022-11-22T00:58:22.822+0000] {processor.py:766} INFO - DAG(s) dict_keys(['example_python_operator']) retrieved from /home/airflow/.local/lib/python3.7/site-packages/airflow/example_dags/example_python_operator.py
[2022-11-22T00:58:22.865+0000] {logging_mixin.py:137} INFO - [2022-11-22T00:58:22.864+0000] {dag.py:2585} INFO - Sync 1 DAGs
[2022-11-22T00:58:22.895+0000] {logging_mixin.py:137} INFO - [2022-11-22T00:58:22.895+0000] {dag.py:3340} INFO - Setting next_dagrun for example_python_operator to None, run_after=None
[2022-11-22T00:58:22.917+0000] {processor.py:176} INFO - Processing /home/airflow/.local/lib/python3.7/site-packages/airflow/example_dags/example_python_operator.py took 0.127 seconds
[2022-11-22T00:58:52.962+0000] {processor.py:154} INFO - Started process (PID=3633) to work on /home/airflow/.local/lib/python3.7/site-packages/airflow/example_dags/example_python_operator.py
[2022-11-22T00:58:52.963+0000] {processor.py:756} INFO - Processing file /home/airflow/.local/lib/python3.7/site-packages/airflow/example_dags/example_python_operator.py for tasks to queue
[2022-11-22T00:58:52.964+0000] {logging_mixin.py:137} INFO - [2022-11-22T00:58:52.964+0000] {dagbag.py:537} INFO - Filling up the DagBag from /home/airflow/.local/lib/python3.7/site-packages/airflow/example_dags/example_python_operator.py
[2022-11-22T00:58:52.979+0000] {logging_mixin.py:137} INFO - [2022-11-22T00:58:52.979+0000] {taskmixin.py:205} WARNING - Dependency <Task(_PythonDecoratedOperator): print_the_context>, log_sql_query already registered for DAG: example_python_operator
[2022-11-22T00:58:52.979+0000] {logging_mixin.py:137} INFO - [2022-11-22T00:58:52.979+0000] {taskmixin.py:205} WARNING - Dependency <Task(_PythonDecoratedOperator): log_sql_query>, print_the_context already registered for DAG: example_python_operator
[2022-11-22T00:58:52.980+0000] {logging_mixin.py:137} INFO - [2022-11-22T00:58:52.980+0000] {taskmixin.py:205} WARNING - Dependency <Task(_PythonDecoratedOperator): print_the_context>, log_sql_query already registered for DAG: example_python_operator
[2022-11-22T00:58:52.980+0000] {logging_mixin.py:137} INFO - [2022-11-22T00:58:52.980+0000] {taskmixin.py:205} WARNING - Dependency <Task(_PythonDecoratedOperator): log_sql_query>, print_the_context already registered for DAG: example_python_operator
[2022-11-22T00:58:52.981+0000] {logging_mixin.py:137} INFO - [2022-11-22T00:58:52.981+0000] {taskmixin.py:205} WARNING - Dependency <Task(_PythonDecoratedOperator): print_the_context>, log_sql_query already registered for DAG: example_python_operator
[2022-11-22T00:58:52.981+0000] {logging_mixin.py:137} INFO - [2022-11-22T00:58:52.981+0000] {taskmixin.py:205} WARNING - Dependency <Task(_PythonDecoratedOperator): log_sql_query>, print_the_context already registered for DAG: example_python_operator
[2022-11-22T00:58:52.982+0000] {logging_mixin.py:137} INFO - [2022-11-22T00:58:52.982+0000] {taskmixin.py:205} WARNING - Dependency <Task(_PythonDecoratedOperator): print_the_context>, log_sql_query already registered for DAG: example_python_operator
[2022-11-22T00:58:52.982+0000] {logging_mixin.py:137} INFO - [2022-11-22T00:58:52.982+0000] {taskmixin.py:205} WARNING - Dependency <Task(_PythonDecoratedOperator): log_sql_query>, print_the_context already registered for DAG: example_python_operator
[2022-11-22T00:58:52.991+0000] {processor.py:766} INFO - DAG(s) dict_keys(['example_python_operator']) retrieved from /home/airflow/.local/lib/python3.7/site-packages/airflow/example_dags/example_python_operator.py
[2022-11-22T00:58:53.034+0000] {logging_mixin.py:137} INFO - [2022-11-22T00:58:53.034+0000] {dag.py:2585} INFO - Sync 1 DAGs
[2022-11-22T00:58:53.064+0000] {logging_mixin.py:137} INFO - [2022-11-22T00:58:53.064+0000] {dag.py:3340} INFO - Setting next_dagrun for example_python_operator to None, run_after=None
[2022-11-22T00:58:53.087+0000] {processor.py:176} INFO - Processing /home/airflow/.local/lib/python3.7/site-packages/airflow/example_dags/example_python_operator.py took 0.127 seconds
[2022-11-22T00:59:23.183+0000] {processor.py:154} INFO - Started process (PID=3841) to work on /home/airflow/.local/lib/python3.7/site-packages/airflow/example_dags/example_python_operator.py
[2022-11-22T00:59:23.184+0000] {processor.py:756} INFO - Processing file /home/airflow/.local/lib/python3.7/site-packages/airflow/example_dags/example_python_operator.py for tasks to queue
[2022-11-22T00:59:23.185+0000] {logging_mixin.py:137} INFO - [2022-11-22T00:59:23.185+0000] {dagbag.py:537} INFO - Filling up the DagBag from /home/airflow/.local/lib/python3.7/site-packages/airflow/example_dags/example_python_operator.py
[2022-11-22T00:59:23.198+0000] {logging_mixin.py:137} INFO - [2022-11-22T00:59:23.198+0000] {taskmixin.py:205} WARNING - Dependency <Task(_PythonDecoratedOperator): print_the_context>, log_sql_query already registered for DAG: example_python_operator
[2022-11-22T00:59:23.199+0000] {logging_mixin.py:137} INFO - [2022-11-22T00:59:23.199+0000] {taskmixin.py:205} WARNING - Dependency <Task(_PythonDecoratedOperator): log_sql_query>, print_the_context already registered for DAG: example_python_operator
[2022-11-22T00:59:23.200+0000] {logging_mixin.py:137} INFO - [2022-11-22T00:59:23.200+0000] {taskmixin.py:205} WARNING - Dependency <Task(_PythonDecoratedOperator): print_the_context>, log_sql_query already registered for DAG: example_python_operator
[2022-11-22T00:59:23.200+0000] {logging_mixin.py:137} INFO - [2022-11-22T00:59:23.200+0000] {taskmixin.py:205} WARNING - Dependency <Task(_PythonDecoratedOperator): log_sql_query>, print_the_context already registered for DAG: example_python_operator
[2022-11-22T00:59:23.201+0000] {logging_mixin.py:137} INFO - [2022-11-22T00:59:23.201+0000] {taskmixin.py:205} WARNING - Dependency <Task(_PythonDecoratedOperator): print_the_context>, log_sql_query already registered for DAG: example_python_operator
[2022-11-22T00:59:23.201+0000] {logging_mixin.py:137} INFO - [2022-11-22T00:59:23.201+0000] {taskmixin.py:205} WARNING - Dependency <Task(_PythonDecoratedOperator): log_sql_query>, print_the_context already registered for DAG: example_python_operator
[2022-11-22T00:59:23.202+0000] {logging_mixin.py:137} INFO - [2022-11-22T00:59:23.202+0000] {taskmixin.py:205} WARNING - Dependency <Task(_PythonDecoratedOperator): print_the_context>, log_sql_query already registered for DAG: example_python_operator
[2022-11-22T00:59:23.202+0000] {logging_mixin.py:137} INFO - [2022-11-22T00:59:23.202+0000] {taskmixin.py:205} WARNING - Dependency <Task(_PythonDecoratedOperator): log_sql_query>, print_the_context already registered for DAG: example_python_operator
[2022-11-22T00:59:23.209+0000] {processor.py:766} INFO - DAG(s) dict_keys(['example_python_operator']) retrieved from /home/airflow/.local/lib/python3.7/site-packages/airflow/example_dags/example_python_operator.py
[2022-11-22T00:59:23.247+0000] {logging_mixin.py:137} INFO - [2022-11-22T00:59:23.247+0000] {dag.py:2585} INFO - Sync 1 DAGs
[2022-11-22T00:59:23.277+0000] {logging_mixin.py:137} INFO - [2022-11-22T00:59:23.277+0000] {dag.py:3340} INFO - Setting next_dagrun for example_python_operator to None, run_after=None
[2022-11-22T00:59:23.298+0000] {processor.py:176} INFO - Processing /home/airflow/.local/lib/python3.7/site-packages/airflow/example_dags/example_python_operator.py took 0.118 seconds
[2022-11-22T00:59:53.521+0000] {processor.py:154} INFO - Started process (PID=4038) to work on /home/airflow/.local/lib/python3.7/site-packages/airflow/example_dags/example_python_operator.py
[2022-11-22T00:59:53.522+0000] {processor.py:756} INFO - Processing file /home/airflow/.local/lib/python3.7/site-packages/airflow/example_dags/example_python_operator.py for tasks to queue
[2022-11-22T00:59:53.523+0000] {logging_mixin.py:137} INFO - [2022-11-22T00:59:53.523+0000] {dagbag.py:537} INFO - Filling up the DagBag from /home/airflow/.local/lib/python3.7/site-packages/airflow/example_dags/example_python_operator.py
[2022-11-22T00:59:53.555+0000] {logging_mixin.py:137} INFO - [2022-11-22T00:59:53.554+0000] {taskmixin.py:205} WARNING - Dependency <Task(_PythonDecoratedOperator): print_the_context>, log_sql_query already registered for DAG: example_python_operator
[2022-11-22T00:59:53.555+0000] {logging_mixin.py:137} INFO - [2022-11-22T00:59:53.555+0000] {taskmixin.py:205} WARNING - Dependency <Task(_PythonDecoratedOperator): log_sql_query>, print_the_context already registered for DAG: example_python_operator
[2022-11-22T00:59:53.556+0000] {logging_mixin.py:137} INFO - [2022-11-22T00:59:53.556+0000] {taskmixin.py:205} WARNING - Dependency <Task(_PythonDecoratedOperator): print_the_context>, log_sql_query already registered for DAG: example_python_operator
[2022-11-22T00:59:53.557+0000] {logging_mixin.py:137} INFO - [2022-11-22T00:59:53.556+0000] {taskmixin.py:205} WARNING - Dependency <Task(_PythonDecoratedOperator): log_sql_query>, print_the_context already registered for DAG: example_python_operator
[2022-11-22T00:59:53.558+0000] {logging_mixin.py:137} INFO - [2022-11-22T00:59:53.557+0000] {taskmixin.py:205} WARNING - Dependency <Task(_PythonDecoratedOperator): print_the_context>, log_sql_query already registered for DAG: example_python_operator
[2022-11-22T00:59:53.558+0000] {logging_mixin.py:137} INFO - [2022-11-22T00:59:53.558+0000] {taskmixin.py:205} WARNING - Dependency <Task(_PythonDecoratedOperator): log_sql_query>, print_the_context already registered for DAG: example_python_operator
[2022-11-22T00:59:53.559+0000] {logging_mixin.py:137} INFO - [2022-11-22T00:59:53.559+0000] {taskmixin.py:205} WARNING - Dependency <Task(_PythonDecoratedOperator): print_the_context>, log_sql_query already registered for DAG: example_python_operator
[2022-11-22T00:59:53.559+0000] {logging_mixin.py:137} INFO - [2022-11-22T00:59:53.559+0000] {taskmixin.py:205} WARNING - Dependency <Task(_PythonDecoratedOperator): log_sql_query>, print_the_context already registered for DAG: example_python_operator
[2022-11-22T00:59:53.566+0000] {processor.py:766} INFO - DAG(s) dict_keys(['example_python_operator']) retrieved from /home/airflow/.local/lib/python3.7/site-packages/airflow/example_dags/example_python_operator.py
[2022-11-22T00:59:53.611+0000] {logging_mixin.py:137} INFO - [2022-11-22T00:59:53.610+0000] {dag.py:2585} INFO - Sync 1 DAGs
[2022-11-22T00:59:53.642+0000] {logging_mixin.py:137} INFO - [2022-11-22T00:59:53.642+0000] {dag.py:3340} INFO - Setting next_dagrun for example_python_operator to None, run_after=None
[2022-11-22T00:59:53.665+0000] {processor.py:176} INFO - Processing /home/airflow/.local/lib/python3.7/site-packages/airflow/example_dags/example_python_operator.py took 0.150 seconds
[2022-11-22T01:00:23.735+0000] {processor.py:154} INFO - Started process (PID=4244) to work on /home/airflow/.local/lib/python3.7/site-packages/airflow/example_dags/example_python_operator.py
[2022-11-22T01:00:23.736+0000] {processor.py:756} INFO - Processing file /home/airflow/.local/lib/python3.7/site-packages/airflow/example_dags/example_python_operator.py for tasks to queue
[2022-11-22T01:00:23.737+0000] {logging_mixin.py:137} INFO - [2022-11-22T01:00:23.737+0000] {dagbag.py:537} INFO - Filling up the DagBag from /home/airflow/.local/lib/python3.7/site-packages/airflow/example_dags/example_python_operator.py
[2022-11-22T01:00:23.753+0000] {logging_mixin.py:137} INFO - [2022-11-22T01:00:23.753+0000] {taskmixin.py:205} WARNING - Dependency <Task(_PythonDecoratedOperator): print_the_context>, log_sql_query already registered for DAG: example_python_operator
[2022-11-22T01:00:23.753+0000] {logging_mixin.py:137} INFO - [2022-11-22T01:00:23.753+0000] {taskmixin.py:205} WARNING - Dependency <Task(_PythonDecoratedOperator): log_sql_query>, print_the_context already registered for DAG: example_python_operator
[2022-11-22T01:00:23.754+0000] {logging_mixin.py:137} INFO - [2022-11-22T01:00:23.754+0000] {taskmixin.py:205} WARNING - Dependency <Task(_PythonDecoratedOperator): print_the_context>, log_sql_query already registered for DAG: example_python_operator
[2022-11-22T01:00:23.754+0000] {logging_mixin.py:137} INFO - [2022-11-22T01:00:23.754+0000] {taskmixin.py:205} WARNING - Dependency <Task(_PythonDecoratedOperator): log_sql_query>, print_the_context already registered for DAG: example_python_operator
[2022-11-22T01:00:23.755+0000] {logging_mixin.py:137} INFO - [2022-11-22T01:00:23.755+0000] {taskmixin.py:205} WARNING - Dependency <Task(_PythonDecoratedOperator): print_the_context>, log_sql_query already registered for DAG: example_python_operator
[2022-11-22T01:00:23.755+0000] {logging_mixin.py:137} INFO - [2022-11-22T01:00:23.755+0000] {taskmixin.py:205} WARNING - Dependency <Task(_PythonDecoratedOperator): log_sql_query>, print_the_context already registered for DAG: example_python_operator
[2022-11-22T01:00:23.756+0000] {logging_mixin.py:137} INFO - [2022-11-22T01:00:23.756+0000] {taskmixin.py:205} WARNING - Dependency <Task(_PythonDecoratedOperator): print_the_context>, log_sql_query already registered for DAG: example_python_operator
[2022-11-22T01:00:23.756+0000] {logging_mixin.py:137} INFO - [2022-11-22T01:00:23.756+0000] {taskmixin.py:205} WARNING - Dependency <Task(_PythonDecoratedOperator): log_sql_query>, print_the_context already registered for DAG: example_python_operator
[2022-11-22T01:00:23.764+0000] {processor.py:766} INFO - DAG(s) dict_keys(['example_python_operator']) retrieved from /home/airflow/.local/lib/python3.7/site-packages/airflow/example_dags/example_python_operator.py
[2022-11-22T01:00:23.807+0000] {logging_mixin.py:137} INFO - [2022-11-22T01:00:23.806+0000] {dag.py:2585} INFO - Sync 1 DAGs
[2022-11-22T01:00:23.838+0000] {logging_mixin.py:137} INFO - [2022-11-22T01:00:23.838+0000] {dag.py:3340} INFO - Setting next_dagrun for example_python_operator to None, run_after=None
[2022-11-22T01:00:23.860+0000] {processor.py:176} INFO - Processing /home/airflow/.local/lib/python3.7/site-packages/airflow/example_dags/example_python_operator.py took 0.127 seconds
[2022-11-22T01:00:54.015+0000] {processor.py:154} INFO - Started process (PID=4442) to work on /home/airflow/.local/lib/python3.7/site-packages/airflow/example_dags/example_python_operator.py
[2022-11-22T01:00:54.016+0000] {processor.py:756} INFO - Processing file /home/airflow/.local/lib/python3.7/site-packages/airflow/example_dags/example_python_operator.py for tasks to queue
[2022-11-22T01:00:54.017+0000] {logging_mixin.py:137} INFO - [2022-11-22T01:00:54.016+0000] {dagbag.py:537} INFO - Filling up the DagBag from /home/airflow/.local/lib/python3.7/site-packages/airflow/example_dags/example_python_operator.py
[2022-11-22T01:00:54.031+0000] {logging_mixin.py:137} INFO - [2022-11-22T01:00:54.031+0000] {taskmixin.py:205} WARNING - Dependency <Task(_PythonDecoratedOperator): print_the_context>, log_sql_query already registered for DAG: example_python_operator
[2022-11-22T01:00:54.031+0000] {logging_mixin.py:137} INFO - [2022-11-22T01:00:54.031+0000] {taskmixin.py:205} WARNING - Dependency <Task(_PythonDecoratedOperator): log_sql_query>, print_the_context already registered for DAG: example_python_operator
[2022-11-22T01:00:54.032+0000] {logging_mixin.py:137} INFO - [2022-11-22T01:00:54.032+0000] {taskmixin.py:205} WARNING - Dependency <Task(_PythonDecoratedOperator): print_the_context>, log_sql_query already registered for DAG: example_python_operator
[2022-11-22T01:00:54.032+0000] {logging_mixin.py:137} INFO - [2022-11-22T01:00:54.032+0000] {taskmixin.py:205} WARNING - Dependency <Task(_PythonDecoratedOperator): log_sql_query>, print_the_context already registered for DAG: example_python_operator
[2022-11-22T01:00:54.033+0000] {logging_mixin.py:137} INFO - [2022-11-22T01:00:54.033+0000] {taskmixin.py:205} WARNING - Dependency <Task(_PythonDecoratedOperator): print_the_context>, log_sql_query already registered for DAG: example_python_operator
[2022-11-22T01:00:54.033+0000] {logging_mixin.py:137} INFO - [2022-11-22T01:00:54.033+0000] {taskmixin.py:205} WARNING - Dependency <Task(_PythonDecoratedOperator): log_sql_query>, print_the_context already registered for DAG: example_python_operator
[2022-11-22T01:00:54.034+0000] {logging_mixin.py:137} INFO - [2022-11-22T01:00:54.034+0000] {taskmixin.py:205} WARNING - Dependency <Task(_PythonDecoratedOperator): print_the_context>, log_sql_query already registered for DAG: example_python_operator
[2022-11-22T01:00:54.034+0000] {logging_mixin.py:137} INFO - [2022-11-22T01:00:54.034+0000] {taskmixin.py:205} WARNING - Dependency <Task(_PythonDecoratedOperator): log_sql_query>, print_the_context already registered for DAG: example_python_operator
[2022-11-22T01:00:54.042+0000] {processor.py:766} INFO - DAG(s) dict_keys(['example_python_operator']) retrieved from /home/airflow/.local/lib/python3.7/site-packages/airflow/example_dags/example_python_operator.py
[2022-11-22T01:00:54.086+0000] {logging_mixin.py:137} INFO - [2022-11-22T01:00:54.086+0000] {dag.py:2585} INFO - Sync 1 DAGs
[2022-11-22T01:00:54.127+0000] {logging_mixin.py:137} INFO - [2022-11-22T01:00:54.127+0000] {dag.py:3340} INFO - Setting next_dagrun for example_python_operator to None, run_after=None
[2022-11-22T01:00:54.150+0000] {processor.py:176} INFO - Processing /home/airflow/.local/lib/python3.7/site-packages/airflow/example_dags/example_python_operator.py took 0.137 seconds
[2022-11-22T01:01:24.554+0000] {processor.py:154} INFO - Started process (PID=4649) to work on /home/airflow/.local/lib/python3.7/site-packages/airflow/example_dags/example_python_operator.py
[2022-11-22T01:01:24.555+0000] {processor.py:756} INFO - Processing file /home/airflow/.local/lib/python3.7/site-packages/airflow/example_dags/example_python_operator.py for tasks to queue
[2022-11-22T01:01:24.555+0000] {logging_mixin.py:137} INFO - [2022-11-22T01:01:24.555+0000] {dagbag.py:537} INFO - Filling up the DagBag from /home/airflow/.local/lib/python3.7/site-packages/airflow/example_dags/example_python_operator.py
[2022-11-22T01:01:24.572+0000] {logging_mixin.py:137} INFO - [2022-11-22T01:01:24.571+0000] {taskmixin.py:205} WARNING - Dependency <Task(_PythonDecoratedOperator): print_the_context>, log_sql_query already registered for DAG: example_python_operator
[2022-11-22T01:01:24.572+0000] {logging_mixin.py:137} INFO - [2022-11-22T01:01:24.572+0000] {taskmixin.py:205} WARNING - Dependency <Task(_PythonDecoratedOperator): log_sql_query>, print_the_context already registered for DAG: example_python_operator
[2022-11-22T01:01:24.573+0000] {logging_mixin.py:137} INFO - [2022-11-22T01:01:24.572+0000] {taskmixin.py:205} WARNING - Dependency <Task(_PythonDecoratedOperator): print_the_context>, log_sql_query already registered for DAG: example_python_operator
[2022-11-22T01:01:24.573+0000] {logging_mixin.py:137} INFO - [2022-11-22T01:01:24.573+0000] {taskmixin.py:205} WARNING - Dependency <Task(_PythonDecoratedOperator): log_sql_query>, print_the_context already registered for DAG: example_python_operator
[2022-11-22T01:01:24.574+0000] {logging_mixin.py:137} INFO - [2022-11-22T01:01:24.573+0000] {taskmixin.py:205} WARNING - Dependency <Task(_PythonDecoratedOperator): print_the_context>, log_sql_query already registered for DAG: example_python_operator
[2022-11-22T01:01:24.574+0000] {logging_mixin.py:137} INFO - [2022-11-22T01:01:24.574+0000] {taskmixin.py:205} WARNING - Dependency <Task(_PythonDecoratedOperator): log_sql_query>, print_the_context already registered for DAG: example_python_operator
[2022-11-22T01:01:24.575+0000] {logging_mixin.py:137} INFO - [2022-11-22T01:01:24.575+0000] {taskmixin.py:205} WARNING - Dependency <Task(_PythonDecoratedOperator): print_the_context>, log_sql_query already registered for DAG: example_python_operator
[2022-11-22T01:01:24.575+0000] {logging_mixin.py:137} INFO - [2022-11-22T01:01:24.575+0000] {taskmixin.py:205} WARNING - Dependency <Task(_PythonDecoratedOperator): log_sql_query>, print_the_context already registered for DAG: example_python_operator
[2022-11-22T01:01:24.583+0000] {processor.py:766} INFO - DAG(s) dict_keys(['example_python_operator']) retrieved from /home/airflow/.local/lib/python3.7/site-packages/airflow/example_dags/example_python_operator.py
[2022-11-22T01:01:24.625+0000] {logging_mixin.py:137} INFO - [2022-11-22T01:01:24.625+0000] {dag.py:2585} INFO - Sync 1 DAGs
[2022-11-22T01:01:24.657+0000] {logging_mixin.py:137} INFO - [2022-11-22T01:01:24.657+0000] {dag.py:3340} INFO - Setting next_dagrun for example_python_operator to None, run_after=None
[2022-11-22T01:01:24.679+0000] {processor.py:176} INFO - Processing /home/airflow/.local/lib/python3.7/site-packages/airflow/example_dags/example_python_operator.py took 0.127 seconds
