[2022-11-22T00:50:18.636+0000] {processor.py:154} INFO - Started process (PID=225) to work on /home/airflow/.local/lib/python3.7/site-packages/airflow/example_dags/example_external_task_marker_dag.py
[2022-11-22T00:50:18.641+0000] {processor.py:756} INFO - Processing file /home/airflow/.local/lib/python3.7/site-packages/airflow/example_dags/example_external_task_marker_dag.py for tasks to queue
[2022-11-22T00:50:18.641+0000] {logging_mixin.py:137} INFO - [2022-11-22T00:50:18.641+0000] {dagbag.py:537} INFO - Filling up the DagBag from /home/airflow/.local/lib/python3.7/site-packages/airflow/example_dags/example_external_task_marker_dag.py
[2022-11-22T00:50:18.668+0000] {processor.py:766} INFO - DAG(s) dict_keys(['example_external_task_marker_parent', 'example_external_task_marker_child']) retrieved from /home/airflow/.local/lib/python3.7/site-packages/airflow/example_dags/example_external_task_marker_dag.py
[2022-11-22T00:50:18.719+0000] {logging_mixin.py:137} INFO - [2022-11-22T00:50:18.718+0000] {dag.py:2585} INFO - Sync 2 DAGs
[2022-11-22T00:50:18.769+0000] {logging_mixin.py:137} INFO - [2022-11-22T00:50:18.769+0000] {dag.py:3340} INFO - Setting next_dagrun for example_external_task_marker_child to None, run_after=None
[2022-11-22T00:50:18.778+0000] {logging_mixin.py:137} INFO - [2022-11-22T00:50:18.778+0000] {dag.py:3340} INFO - Setting next_dagrun for example_external_task_marker_parent to None, run_after=None
[2022-11-22T00:50:18.826+0000] {processor.py:176} INFO - Processing /home/airflow/.local/lib/python3.7/site-packages/airflow/example_dags/example_external_task_marker_dag.py took 0.193 seconds
[2022-11-22T00:50:49.698+0000] {processor.py:154} INFO - Started process (PID=423) to work on /home/airflow/.local/lib/python3.7/site-packages/airflow/example_dags/example_external_task_marker_dag.py
[2022-11-22T00:50:49.699+0000] {processor.py:756} INFO - Processing file /home/airflow/.local/lib/python3.7/site-packages/airflow/example_dags/example_external_task_marker_dag.py for tasks to queue
[2022-11-22T00:50:49.700+0000] {logging_mixin.py:137} INFO - [2022-11-22T00:50:49.700+0000] {dagbag.py:537} INFO - Filling up the DagBag from /home/airflow/.local/lib/python3.7/site-packages/airflow/example_dags/example_external_task_marker_dag.py
[2022-11-22T00:50:49.715+0000] {processor.py:766} INFO - DAG(s) dict_keys(['example_external_task_marker_parent', 'example_external_task_marker_child']) retrieved from /home/airflow/.local/lib/python3.7/site-packages/airflow/example_dags/example_external_task_marker_dag.py
[2022-11-22T00:50:49.975+0000] {logging_mixin.py:137} INFO - [2022-11-22T00:50:49.975+0000] {dag.py:2585} INFO - Sync 2 DAGs
[2022-11-22T00:50:50.008+0000] {logging_mixin.py:137} INFO - [2022-11-22T00:50:50.008+0000] {dag.py:3340} INFO - Setting next_dagrun for example_external_task_marker_child to None, run_after=None
[2022-11-22T00:50:50.013+0000] {logging_mixin.py:137} INFO - [2022-11-22T00:50:50.012+0000] {dag.py:3340} INFO - Setting next_dagrun for example_external_task_marker_parent to None, run_after=None
[2022-11-22T00:50:50.034+0000] {processor.py:176} INFO - Processing /home/airflow/.local/lib/python3.7/site-packages/airflow/example_dags/example_external_task_marker_dag.py took 0.339 seconds
[2022-11-22T00:51:20.090+0000] {processor.py:154} INFO - Started process (PID=638) to work on /home/airflow/.local/lib/python3.7/site-packages/airflow/example_dags/example_external_task_marker_dag.py
[2022-11-22T00:51:20.092+0000] {processor.py:756} INFO - Processing file /home/airflow/.local/lib/python3.7/site-packages/airflow/example_dags/example_external_task_marker_dag.py for tasks to queue
[2022-11-22T00:51:20.093+0000] {logging_mixin.py:137} INFO - [2022-11-22T00:51:20.093+0000] {dagbag.py:537} INFO - Filling up the DagBag from /home/airflow/.local/lib/python3.7/site-packages/airflow/example_dags/example_external_task_marker_dag.py
[2022-11-22T00:51:20.106+0000] {processor.py:766} INFO - DAG(s) dict_keys(['example_external_task_marker_parent', 'example_external_task_marker_child']) retrieved from /home/airflow/.local/lib/python3.7/site-packages/airflow/example_dags/example_external_task_marker_dag.py
[2022-11-22T00:51:20.335+0000] {logging_mixin.py:137} INFO - [2022-11-22T00:51:20.335+0000] {dag.py:2585} INFO - Sync 2 DAGs
[2022-11-22T00:51:20.364+0000] {logging_mixin.py:137} INFO - [2022-11-22T00:51:20.364+0000] {dag.py:3340} INFO - Setting next_dagrun for example_external_task_marker_child to None, run_after=None
[2022-11-22T00:51:20.368+0000] {logging_mixin.py:137} INFO - [2022-11-22T00:51:20.368+0000] {dag.py:3340} INFO - Setting next_dagrun for example_external_task_marker_parent to None, run_after=None
[2022-11-22T00:51:20.389+0000] {processor.py:176} INFO - Processing /home/airflow/.local/lib/python3.7/site-packages/airflow/example_dags/example_external_task_marker_dag.py took 0.301 seconds
[2022-11-22T00:51:50.429+0000] {processor.py:154} INFO - Started process (PID=841) to work on /home/airflow/.local/lib/python3.7/site-packages/airflow/example_dags/example_external_task_marker_dag.py
[2022-11-22T00:51:50.430+0000] {processor.py:756} INFO - Processing file /home/airflow/.local/lib/python3.7/site-packages/airflow/example_dags/example_external_task_marker_dag.py for tasks to queue
[2022-11-22T00:51:50.430+0000] {logging_mixin.py:137} INFO - [2022-11-22T00:51:50.430+0000] {dagbag.py:537} INFO - Filling up the DagBag from /home/airflow/.local/lib/python3.7/site-packages/airflow/example_dags/example_external_task_marker_dag.py
[2022-11-22T00:51:50.444+0000] {processor.py:766} INFO - DAG(s) dict_keys(['example_external_task_marker_child', 'example_external_task_marker_parent']) retrieved from /home/airflow/.local/lib/python3.7/site-packages/airflow/example_dags/example_external_task_marker_dag.py
[2022-11-22T00:51:50.682+0000] {logging_mixin.py:137} INFO - [2022-11-22T00:51:50.682+0000] {dag.py:2585} INFO - Sync 2 DAGs
[2022-11-22T00:51:50.720+0000] {logging_mixin.py:137} INFO - [2022-11-22T00:51:50.720+0000] {dag.py:3340} INFO - Setting next_dagrun for example_external_task_marker_child to None, run_after=None
[2022-11-22T00:51:50.724+0000] {logging_mixin.py:137} INFO - [2022-11-22T00:51:50.724+0000] {dag.py:3340} INFO - Setting next_dagrun for example_external_task_marker_parent to None, run_after=None
[2022-11-22T00:51:50.746+0000] {processor.py:176} INFO - Processing /home/airflow/.local/lib/python3.7/site-packages/airflow/example_dags/example_external_task_marker_dag.py took 0.320 seconds
[2022-11-22T00:52:21.114+0000] {processor.py:154} INFO - Started process (PID=1054) to work on /home/airflow/.local/lib/python3.7/site-packages/airflow/example_dags/example_external_task_marker_dag.py
[2022-11-22T00:52:21.115+0000] {processor.py:756} INFO - Processing file /home/airflow/.local/lib/python3.7/site-packages/airflow/example_dags/example_external_task_marker_dag.py for tasks to queue
[2022-11-22T00:52:21.115+0000] {logging_mixin.py:137} INFO - [2022-11-22T00:52:21.115+0000] {dagbag.py:537} INFO - Filling up the DagBag from /home/airflow/.local/lib/python3.7/site-packages/airflow/example_dags/example_external_task_marker_dag.py
[2022-11-22T00:52:21.132+0000] {processor.py:766} INFO - DAG(s) dict_keys(['example_external_task_marker_child', 'example_external_task_marker_parent']) retrieved from /home/airflow/.local/lib/python3.7/site-packages/airflow/example_dags/example_external_task_marker_dag.py
[2022-11-22T00:52:21.403+0000] {logging_mixin.py:137} INFO - [2022-11-22T00:52:21.402+0000] {dag.py:2585} INFO - Sync 2 DAGs
[2022-11-22T00:52:21.430+0000] {logging_mixin.py:137} INFO - [2022-11-22T00:52:21.430+0000] {dag.py:3340} INFO - Setting next_dagrun for example_external_task_marker_child to None, run_after=None
[2022-11-22T00:52:21.434+0000] {logging_mixin.py:137} INFO - [2022-11-22T00:52:21.434+0000] {dag.py:3340} INFO - Setting next_dagrun for example_external_task_marker_parent to None, run_after=None
[2022-11-22T00:52:21.453+0000] {processor.py:176} INFO - Processing /home/airflow/.local/lib/python3.7/site-packages/airflow/example_dags/example_external_task_marker_dag.py took 0.342 seconds
[2022-11-22T00:52:51.498+0000] {processor.py:154} INFO - Started process (PID=1266) to work on /home/airflow/.local/lib/python3.7/site-packages/airflow/example_dags/example_external_task_marker_dag.py
[2022-11-22T00:52:51.499+0000] {processor.py:756} INFO - Processing file /home/airflow/.local/lib/python3.7/site-packages/airflow/example_dags/example_external_task_marker_dag.py for tasks to queue
[2022-11-22T00:52:51.499+0000] {logging_mixin.py:137} INFO - [2022-11-22T00:52:51.499+0000] {dagbag.py:537} INFO - Filling up the DagBag from /home/airflow/.local/lib/python3.7/site-packages/airflow/example_dags/example_external_task_marker_dag.py
[2022-11-22T00:52:51.514+0000] {processor.py:766} INFO - DAG(s) dict_keys(['example_external_task_marker_parent', 'example_external_task_marker_child']) retrieved from /home/airflow/.local/lib/python3.7/site-packages/airflow/example_dags/example_external_task_marker_dag.py
[2022-11-22T00:52:51.771+0000] {logging_mixin.py:137} INFO - [2022-11-22T00:52:51.770+0000] {dag.py:2585} INFO - Sync 2 DAGs
[2022-11-22T00:52:51.802+0000] {logging_mixin.py:137} INFO - [2022-11-22T00:52:51.802+0000] {dag.py:3340} INFO - Setting next_dagrun for example_external_task_marker_child to None, run_after=None
[2022-11-22T00:52:51.806+0000] {logging_mixin.py:137} INFO - [2022-11-22T00:52:51.806+0000] {dag.py:3340} INFO - Setting next_dagrun for example_external_task_marker_parent to None, run_after=None
[2022-11-22T00:52:51.826+0000] {processor.py:176} INFO - Processing /home/airflow/.local/lib/python3.7/site-packages/airflow/example_dags/example_external_task_marker_dag.py took 0.333 seconds
[2022-11-22T00:53:22.102+0000] {processor.py:154} INFO - Started process (PID=1470) to work on /home/airflow/.local/lib/python3.7/site-packages/airflow/example_dags/example_external_task_marker_dag.py
[2022-11-22T00:53:22.103+0000] {processor.py:756} INFO - Processing file /home/airflow/.local/lib/python3.7/site-packages/airflow/example_dags/example_external_task_marker_dag.py for tasks to queue
[2022-11-22T00:53:22.104+0000] {logging_mixin.py:137} INFO - [2022-11-22T00:53:22.104+0000] {dagbag.py:537} INFO - Filling up the DagBag from /home/airflow/.local/lib/python3.7/site-packages/airflow/example_dags/example_external_task_marker_dag.py
[2022-11-22T00:53:22.119+0000] {processor.py:766} INFO - DAG(s) dict_keys(['example_external_task_marker_child', 'example_external_task_marker_parent']) retrieved from /home/airflow/.local/lib/python3.7/site-packages/airflow/example_dags/example_external_task_marker_dag.py
[2022-11-22T00:53:22.373+0000] {logging_mixin.py:137} INFO - [2022-11-22T00:53:22.372+0000] {dag.py:2585} INFO - Sync 2 DAGs
[2022-11-22T00:53:22.406+0000] {logging_mixin.py:137} INFO - [2022-11-22T00:53:22.406+0000] {dag.py:3340} INFO - Setting next_dagrun for example_external_task_marker_child to None, run_after=None
[2022-11-22T00:53:22.410+0000] {logging_mixin.py:137} INFO - [2022-11-22T00:53:22.410+0000] {dag.py:3340} INFO - Setting next_dagrun for example_external_task_marker_parent to None, run_after=None
[2022-11-22T00:53:22.436+0000] {processor.py:176} INFO - Processing /home/airflow/.local/lib/python3.7/site-packages/airflow/example_dags/example_external_task_marker_dag.py took 0.336 seconds
[2022-11-22T00:53:52.649+0000] {processor.py:154} INFO - Started process (PID=1652) to work on /home/airflow/.local/lib/python3.7/site-packages/airflow/example_dags/example_external_task_marker_dag.py
[2022-11-22T00:53:52.651+0000] {processor.py:756} INFO - Processing file /home/airflow/.local/lib/python3.7/site-packages/airflow/example_dags/example_external_task_marker_dag.py for tasks to queue
[2022-11-22T00:53:52.652+0000] {logging_mixin.py:137} INFO - [2022-11-22T00:53:52.652+0000] {dagbag.py:537} INFO - Filling up the DagBag from /home/airflow/.local/lib/python3.7/site-packages/airflow/example_dags/example_external_task_marker_dag.py
[2022-11-22T00:53:52.667+0000] {processor.py:766} INFO - DAG(s) dict_keys(['example_external_task_marker_parent', 'example_external_task_marker_child']) retrieved from /home/airflow/.local/lib/python3.7/site-packages/airflow/example_dags/example_external_task_marker_dag.py
[2022-11-22T00:53:52.926+0000] {logging_mixin.py:137} INFO - [2022-11-22T00:53:52.926+0000] {dag.py:2585} INFO - Sync 2 DAGs
[2022-11-22T00:53:52.957+0000] {logging_mixin.py:137} INFO - [2022-11-22T00:53:52.957+0000] {dag.py:3340} INFO - Setting next_dagrun for example_external_task_marker_child to None, run_after=None
[2022-11-22T00:53:52.961+0000] {logging_mixin.py:137} INFO - [2022-11-22T00:53:52.961+0000] {dag.py:3340} INFO - Setting next_dagrun for example_external_task_marker_parent to None, run_after=None
[2022-11-22T00:53:52.982+0000] {processor.py:176} INFO - Processing /home/airflow/.local/lib/python3.7/site-packages/airflow/example_dags/example_external_task_marker_dag.py took 0.335 seconds
[2022-11-22T00:54:23.104+0000] {processor.py:154} INFO - Started process (PID=1859) to work on /home/airflow/.local/lib/python3.7/site-packages/airflow/example_dags/example_external_task_marker_dag.py
[2022-11-22T00:54:23.105+0000] {processor.py:756} INFO - Processing file /home/airflow/.local/lib/python3.7/site-packages/airflow/example_dags/example_external_task_marker_dag.py for tasks to queue
[2022-11-22T00:54:23.106+0000] {logging_mixin.py:137} INFO - [2022-11-22T00:54:23.106+0000] {dagbag.py:537} INFO - Filling up the DagBag from /home/airflow/.local/lib/python3.7/site-packages/airflow/example_dags/example_external_task_marker_dag.py
[2022-11-22T00:54:23.120+0000] {processor.py:766} INFO - DAG(s) dict_keys(['example_external_task_marker_parent', 'example_external_task_marker_child']) retrieved from /home/airflow/.local/lib/python3.7/site-packages/airflow/example_dags/example_external_task_marker_dag.py
[2022-11-22T00:54:23.376+0000] {logging_mixin.py:137} INFO - [2022-11-22T00:54:23.375+0000] {dag.py:2585} INFO - Sync 2 DAGs
[2022-11-22T00:54:23.406+0000] {logging_mixin.py:137} INFO - [2022-11-22T00:54:23.406+0000] {dag.py:3340} INFO - Setting next_dagrun for example_external_task_marker_child to None, run_after=None
[2022-11-22T00:54:23.410+0000] {logging_mixin.py:137} INFO - [2022-11-22T00:54:23.410+0000] {dag.py:3340} INFO - Setting next_dagrun for example_external_task_marker_parent to None, run_after=None
[2022-11-22T00:54:23.429+0000] {processor.py:176} INFO - Processing /home/airflow/.local/lib/python3.7/site-packages/airflow/example_dags/example_external_task_marker_dag.py took 0.328 seconds
[2022-11-22T00:54:54.165+0000] {processor.py:154} INFO - Started process (PID=2055) to work on /home/airflow/.local/lib/python3.7/site-packages/airflow/example_dags/example_external_task_marker_dag.py
[2022-11-22T00:54:54.166+0000] {processor.py:756} INFO - Processing file /home/airflow/.local/lib/python3.7/site-packages/airflow/example_dags/example_external_task_marker_dag.py for tasks to queue
[2022-11-22T00:54:54.166+0000] {logging_mixin.py:137} INFO - [2022-11-22T00:54:54.166+0000] {dagbag.py:537} INFO - Filling up the DagBag from /home/airflow/.local/lib/python3.7/site-packages/airflow/example_dags/example_external_task_marker_dag.py
[2022-11-22T00:54:54.181+0000] {processor.py:766} INFO - DAG(s) dict_keys(['example_external_task_marker_child', 'example_external_task_marker_parent']) retrieved from /home/airflow/.local/lib/python3.7/site-packages/airflow/example_dags/example_external_task_marker_dag.py
[2022-11-22T00:54:54.433+0000] {logging_mixin.py:137} INFO - [2022-11-22T00:54:54.433+0000] {dag.py:2585} INFO - Sync 2 DAGs
[2022-11-22T00:54:54.467+0000] {logging_mixin.py:137} INFO - [2022-11-22T00:54:54.467+0000] {dag.py:3340} INFO - Setting next_dagrun for example_external_task_marker_child to None, run_after=None
[2022-11-22T00:54:54.471+0000] {logging_mixin.py:137} INFO - [2022-11-22T00:54:54.471+0000] {dag.py:3340} INFO - Setting next_dagrun for example_external_task_marker_parent to None, run_after=None
[2022-11-22T00:54:54.494+0000] {processor.py:176} INFO - Processing /home/airflow/.local/lib/python3.7/site-packages/airflow/example_dags/example_external_task_marker_dag.py took 0.332 seconds
[2022-11-22T00:55:24.584+0000] {processor.py:154} INFO - Started process (PID=2261) to work on /home/airflow/.local/lib/python3.7/site-packages/airflow/example_dags/example_external_task_marker_dag.py
[2022-11-22T00:55:24.585+0000] {processor.py:756} INFO - Processing file /home/airflow/.local/lib/python3.7/site-packages/airflow/example_dags/example_external_task_marker_dag.py for tasks to queue
[2022-11-22T00:55:24.587+0000] {logging_mixin.py:137} INFO - [2022-11-22T00:55:24.586+0000] {dagbag.py:537} INFO - Filling up the DagBag from /home/airflow/.local/lib/python3.7/site-packages/airflow/example_dags/example_external_task_marker_dag.py
[2022-11-22T00:55:24.616+0000] {processor.py:766} INFO - DAG(s) dict_keys(['example_external_task_marker_parent', 'example_external_task_marker_child']) retrieved from /home/airflow/.local/lib/python3.7/site-packages/airflow/example_dags/example_external_task_marker_dag.py
[2022-11-22T00:55:24.857+0000] {logging_mixin.py:137} INFO - [2022-11-22T00:55:24.856+0000] {dag.py:2585} INFO - Sync 2 DAGs
[2022-11-22T00:55:24.889+0000] {logging_mixin.py:137} INFO - [2022-11-22T00:55:24.889+0000] {dag.py:3340} INFO - Setting next_dagrun for example_external_task_marker_child to None, run_after=None
[2022-11-22T00:55:24.894+0000] {logging_mixin.py:137} INFO - [2022-11-22T00:55:24.894+0000] {dag.py:3340} INFO - Setting next_dagrun for example_external_task_marker_parent to None, run_after=None
[2022-11-22T00:55:24.914+0000] {processor.py:176} INFO - Processing /home/airflow/.local/lib/python3.7/site-packages/airflow/example_dags/example_external_task_marker_dag.py took 0.337 seconds
[2022-11-22T00:55:55.660+0000] {processor.py:154} INFO - Started process (PID=2467) to work on /home/airflow/.local/lib/python3.7/site-packages/airflow/example_dags/example_external_task_marker_dag.py
[2022-11-22T00:55:55.661+0000] {processor.py:756} INFO - Processing file /home/airflow/.local/lib/python3.7/site-packages/airflow/example_dags/example_external_task_marker_dag.py for tasks to queue
[2022-11-22T00:55:55.661+0000] {logging_mixin.py:137} INFO - [2022-11-22T00:55:55.661+0000] {dagbag.py:537} INFO - Filling up the DagBag from /home/airflow/.local/lib/python3.7/site-packages/airflow/example_dags/example_external_task_marker_dag.py
[2022-11-22T00:55:55.673+0000] {processor.py:766} INFO - DAG(s) dict_keys(['example_external_task_marker_child', 'example_external_task_marker_parent']) retrieved from /home/airflow/.local/lib/python3.7/site-packages/airflow/example_dags/example_external_task_marker_dag.py
[2022-11-22T00:55:55.926+0000] {logging_mixin.py:137} INFO - [2022-11-22T00:55:55.925+0000] {dag.py:2585} INFO - Sync 2 DAGs
[2022-11-22T00:55:55.956+0000] {logging_mixin.py:137} INFO - [2022-11-22T00:55:55.956+0000] {dag.py:3340} INFO - Setting next_dagrun for example_external_task_marker_child to None, run_after=None
[2022-11-22T00:55:55.960+0000] {logging_mixin.py:137} INFO - [2022-11-22T00:55:55.960+0000] {dag.py:3340} INFO - Setting next_dagrun for example_external_task_marker_parent to None, run_after=None
[2022-11-22T00:55:55.982+0000] {processor.py:176} INFO - Processing /home/airflow/.local/lib/python3.7/site-packages/airflow/example_dags/example_external_task_marker_dag.py took 0.325 seconds
[2022-11-22T00:56:26.932+0000] {processor.py:154} INFO - Started process (PID=2665) to work on /home/airflow/.local/lib/python3.7/site-packages/airflow/example_dags/example_external_task_marker_dag.py
[2022-11-22T00:56:26.932+0000] {processor.py:756} INFO - Processing file /home/airflow/.local/lib/python3.7/site-packages/airflow/example_dags/example_external_task_marker_dag.py for tasks to queue
[2022-11-22T00:56:26.933+0000] {logging_mixin.py:137} INFO - [2022-11-22T00:56:26.933+0000] {dagbag.py:537} INFO - Filling up the DagBag from /home/airflow/.local/lib/python3.7/site-packages/airflow/example_dags/example_external_task_marker_dag.py
[2022-11-22T00:56:26.946+0000] {processor.py:766} INFO - DAG(s) dict_keys(['example_external_task_marker_parent', 'example_external_task_marker_child']) retrieved from /home/airflow/.local/lib/python3.7/site-packages/airflow/example_dags/example_external_task_marker_dag.py
[2022-11-22T00:56:27.217+0000] {logging_mixin.py:137} INFO - [2022-11-22T00:56:27.217+0000] {dag.py:2585} INFO - Sync 2 DAGs
[2022-11-22T00:56:27.254+0000] {logging_mixin.py:137} INFO - [2022-11-22T00:56:27.254+0000] {dag.py:3340} INFO - Setting next_dagrun for example_external_task_marker_child to None, run_after=None
[2022-11-22T00:56:27.261+0000] {logging_mixin.py:137} INFO - [2022-11-22T00:56:27.260+0000] {dag.py:3340} INFO - Setting next_dagrun for example_external_task_marker_parent to None, run_after=None
[2022-11-22T00:56:27.290+0000] {processor.py:176} INFO - Processing /home/airflow/.local/lib/python3.7/site-packages/airflow/example_dags/example_external_task_marker_dag.py took 0.363 seconds
[2022-11-22T00:56:57.389+0000] {processor.py:154} INFO - Started process (PID=2872) to work on /home/airflow/.local/lib/python3.7/site-packages/airflow/example_dags/example_external_task_marker_dag.py
[2022-11-22T00:56:57.390+0000] {processor.py:756} INFO - Processing file /home/airflow/.local/lib/python3.7/site-packages/airflow/example_dags/example_external_task_marker_dag.py for tasks to queue
[2022-11-22T00:56:57.391+0000] {logging_mixin.py:137} INFO - [2022-11-22T00:56:57.391+0000] {dagbag.py:537} INFO - Filling up the DagBag from /home/airflow/.local/lib/python3.7/site-packages/airflow/example_dags/example_external_task_marker_dag.py
[2022-11-22T00:56:57.405+0000] {processor.py:766} INFO - DAG(s) dict_keys(['example_external_task_marker_parent', 'example_external_task_marker_child']) retrieved from /home/airflow/.local/lib/python3.7/site-packages/airflow/example_dags/example_external_task_marker_dag.py
[2022-11-22T00:56:57.635+0000] {logging_mixin.py:137} INFO - [2022-11-22T00:56:57.635+0000] {dag.py:2585} INFO - Sync 2 DAGs
[2022-11-22T00:56:57.663+0000] {logging_mixin.py:137} INFO - [2022-11-22T00:56:57.663+0000] {dag.py:3340} INFO - Setting next_dagrun for example_external_task_marker_child to None, run_after=None
[2022-11-22T00:56:57.667+0000] {logging_mixin.py:137} INFO - [2022-11-22T00:56:57.667+0000] {dag.py:3340} INFO - Setting next_dagrun for example_external_task_marker_parent to None, run_after=None
[2022-11-22T00:56:57.685+0000] {processor.py:176} INFO - Processing /home/airflow/.local/lib/python3.7/site-packages/airflow/example_dags/example_external_task_marker_dag.py took 0.299 seconds
[2022-11-22T00:57:28.302+0000] {processor.py:154} INFO - Started process (PID=3080) to work on /home/airflow/.local/lib/python3.7/site-packages/airflow/example_dags/example_external_task_marker_dag.py
[2022-11-22T00:57:28.303+0000] {processor.py:756} INFO - Processing file /home/airflow/.local/lib/python3.7/site-packages/airflow/example_dags/example_external_task_marker_dag.py for tasks to queue
[2022-11-22T00:57:28.303+0000] {logging_mixin.py:137} INFO - [2022-11-22T00:57:28.303+0000] {dagbag.py:537} INFO - Filling up the DagBag from /home/airflow/.local/lib/python3.7/site-packages/airflow/example_dags/example_external_task_marker_dag.py
[2022-11-22T00:57:28.317+0000] {processor.py:766} INFO - DAG(s) dict_keys(['example_external_task_marker_child', 'example_external_task_marker_parent']) retrieved from /home/airflow/.local/lib/python3.7/site-packages/airflow/example_dags/example_external_task_marker_dag.py
[2022-11-22T00:57:28.571+0000] {logging_mixin.py:137} INFO - [2022-11-22T00:57:28.571+0000] {dag.py:2585} INFO - Sync 2 DAGs
[2022-11-22T00:57:28.602+0000] {logging_mixin.py:137} INFO - [2022-11-22T00:57:28.602+0000] {dag.py:3340} INFO - Setting next_dagrun for example_external_task_marker_child to None, run_after=None
[2022-11-22T00:57:28.607+0000] {logging_mixin.py:137} INFO - [2022-11-22T00:57:28.606+0000] {dag.py:3340} INFO - Setting next_dagrun for example_external_task_marker_parent to None, run_after=None
[2022-11-22T00:57:28.628+0000] {processor.py:176} INFO - Processing /home/airflow/.local/lib/python3.7/site-packages/airflow/example_dags/example_external_task_marker_dag.py took 0.330 seconds
[2022-11-22T00:57:59.130+0000] {processor.py:154} INFO - Started process (PID=3278) to work on /home/airflow/.local/lib/python3.7/site-packages/airflow/example_dags/example_external_task_marker_dag.py
[2022-11-22T00:57:59.130+0000] {processor.py:756} INFO - Processing file /home/airflow/.local/lib/python3.7/site-packages/airflow/example_dags/example_external_task_marker_dag.py for tasks to queue
[2022-11-22T00:57:59.132+0000] {logging_mixin.py:137} INFO - [2022-11-22T00:57:59.131+0000] {dagbag.py:537} INFO - Filling up the DagBag from /home/airflow/.local/lib/python3.7/site-packages/airflow/example_dags/example_external_task_marker_dag.py
[2022-11-22T00:57:59.147+0000] {processor.py:766} INFO - DAG(s) dict_keys(['example_external_task_marker_child', 'example_external_task_marker_parent']) retrieved from /home/airflow/.local/lib/python3.7/site-packages/airflow/example_dags/example_external_task_marker_dag.py
[2022-11-22T00:57:59.393+0000] {logging_mixin.py:137} INFO - [2022-11-22T00:57:59.393+0000] {dag.py:2585} INFO - Sync 2 DAGs
[2022-11-22T00:57:59.423+0000] {logging_mixin.py:137} INFO - [2022-11-22T00:57:59.422+0000] {dag.py:3340} INFO - Setting next_dagrun for example_external_task_marker_child to None, run_after=None
[2022-11-22T00:57:59.426+0000] {logging_mixin.py:137} INFO - [2022-11-22T00:57:59.426+0000] {dag.py:3340} INFO - Setting next_dagrun for example_external_task_marker_parent to None, run_after=None
[2022-11-22T00:57:59.445+0000] {processor.py:176} INFO - Processing /home/airflow/.local/lib/python3.7/site-packages/airflow/example_dags/example_external_task_marker_dag.py took 0.318 seconds
[2022-11-22T00:58:29.505+0000] {processor.py:154} INFO - Started process (PID=3484) to work on /home/airflow/.local/lib/python3.7/site-packages/airflow/example_dags/example_external_task_marker_dag.py
[2022-11-22T00:58:29.506+0000] {processor.py:756} INFO - Processing file /home/airflow/.local/lib/python3.7/site-packages/airflow/example_dags/example_external_task_marker_dag.py for tasks to queue
[2022-11-22T00:58:29.507+0000] {logging_mixin.py:137} INFO - [2022-11-22T00:58:29.507+0000] {dagbag.py:537} INFO - Filling up the DagBag from /home/airflow/.local/lib/python3.7/site-packages/airflow/example_dags/example_external_task_marker_dag.py
[2022-11-22T00:58:29.521+0000] {processor.py:766} INFO - DAG(s) dict_keys(['example_external_task_marker_parent', 'example_external_task_marker_child']) retrieved from /home/airflow/.local/lib/python3.7/site-packages/airflow/example_dags/example_external_task_marker_dag.py
[2022-11-22T00:58:29.773+0000] {logging_mixin.py:137} INFO - [2022-11-22T00:58:29.773+0000] {dag.py:2585} INFO - Sync 2 DAGs
[2022-11-22T00:58:29.803+0000] {logging_mixin.py:137} INFO - [2022-11-22T00:58:29.803+0000] {dag.py:3340} INFO - Setting next_dagrun for example_external_task_marker_child to None, run_after=None
[2022-11-22T00:58:29.808+0000] {logging_mixin.py:137} INFO - [2022-11-22T00:58:29.807+0000] {dag.py:3340} INFO - Setting next_dagrun for example_external_task_marker_parent to None, run_after=None
[2022-11-22T00:58:29.829+0000] {processor.py:176} INFO - Processing /home/airflow/.local/lib/python3.7/site-packages/airflow/example_dags/example_external_task_marker_dag.py took 0.326 seconds
[2022-11-22T00:59:00.681+0000] {processor.py:154} INFO - Started process (PID=3690) to work on /home/airflow/.local/lib/python3.7/site-packages/airflow/example_dags/example_external_task_marker_dag.py
[2022-11-22T00:59:00.682+0000] {processor.py:756} INFO - Processing file /home/airflow/.local/lib/python3.7/site-packages/airflow/example_dags/example_external_task_marker_dag.py for tasks to queue
[2022-11-22T00:59:00.683+0000] {logging_mixin.py:137} INFO - [2022-11-22T00:59:00.683+0000] {dagbag.py:537} INFO - Filling up the DagBag from /home/airflow/.local/lib/python3.7/site-packages/airflow/example_dags/example_external_task_marker_dag.py
[2022-11-22T00:59:00.697+0000] {processor.py:766} INFO - DAG(s) dict_keys(['example_external_task_marker_child', 'example_external_task_marker_parent']) retrieved from /home/airflow/.local/lib/python3.7/site-packages/airflow/example_dags/example_external_task_marker_dag.py
[2022-11-22T00:59:00.946+0000] {logging_mixin.py:137} INFO - [2022-11-22T00:59:00.946+0000] {dag.py:2585} INFO - Sync 2 DAGs
[2022-11-22T00:59:00.978+0000] {logging_mixin.py:137} INFO - [2022-11-22T00:59:00.978+0000] {dag.py:3340} INFO - Setting next_dagrun for example_external_task_marker_child to None, run_after=None
[2022-11-22T00:59:00.982+0000] {logging_mixin.py:137} INFO - [2022-11-22T00:59:00.982+0000] {dag.py:3340} INFO - Setting next_dagrun for example_external_task_marker_parent to None, run_after=None
[2022-11-22T00:59:01.003+0000] {processor.py:176} INFO - Processing /home/airflow/.local/lib/python3.7/site-packages/airflow/example_dags/example_external_task_marker_dag.py took 0.325 seconds
[2022-11-22T00:59:31.074+0000] {processor.py:154} INFO - Started process (PID=3889) to work on /home/airflow/.local/lib/python3.7/site-packages/airflow/example_dags/example_external_task_marker_dag.py
[2022-11-22T00:59:31.075+0000] {processor.py:756} INFO - Processing file /home/airflow/.local/lib/python3.7/site-packages/airflow/example_dags/example_external_task_marker_dag.py for tasks to queue
[2022-11-22T00:59:31.076+0000] {logging_mixin.py:137} INFO - [2022-11-22T00:59:31.075+0000] {dagbag.py:537} INFO - Filling up the DagBag from /home/airflow/.local/lib/python3.7/site-packages/airflow/example_dags/example_external_task_marker_dag.py
[2022-11-22T00:59:31.090+0000] {processor.py:766} INFO - DAG(s) dict_keys(['example_external_task_marker_child', 'example_external_task_marker_parent']) retrieved from /home/airflow/.local/lib/python3.7/site-packages/airflow/example_dags/example_external_task_marker_dag.py
[2022-11-22T00:59:31.346+0000] {logging_mixin.py:137} INFO - [2022-11-22T00:59:31.346+0000] {dag.py:2585} INFO - Sync 2 DAGs
[2022-11-22T00:59:31.380+0000] {logging_mixin.py:137} INFO - [2022-11-22T00:59:31.380+0000] {dag.py:3340} INFO - Setting next_dagrun for example_external_task_marker_child to None, run_after=None
[2022-11-22T00:59:31.385+0000] {logging_mixin.py:137} INFO - [2022-11-22T00:59:31.385+0000] {dag.py:3340} INFO - Setting next_dagrun for example_external_task_marker_parent to None, run_after=None
[2022-11-22T00:59:31.409+0000] {processor.py:176} INFO - Processing /home/airflow/.local/lib/python3.7/site-packages/airflow/example_dags/example_external_task_marker_dag.py took 0.338 seconds
[2022-11-22T01:00:02.315+0000] {processor.py:154} INFO - Started process (PID=4095) to work on /home/airflow/.local/lib/python3.7/site-packages/airflow/example_dags/example_external_task_marker_dag.py
[2022-11-22T01:00:02.315+0000] {processor.py:756} INFO - Processing file /home/airflow/.local/lib/python3.7/site-packages/airflow/example_dags/example_external_task_marker_dag.py for tasks to queue
[2022-11-22T01:00:02.316+0000] {logging_mixin.py:137} INFO - [2022-11-22T01:00:02.316+0000] {dagbag.py:537} INFO - Filling up the DagBag from /home/airflow/.local/lib/python3.7/site-packages/airflow/example_dags/example_external_task_marker_dag.py
[2022-11-22T01:00:02.330+0000] {processor.py:766} INFO - DAG(s) dict_keys(['example_external_task_marker_child', 'example_external_task_marker_parent']) retrieved from /home/airflow/.local/lib/python3.7/site-packages/airflow/example_dags/example_external_task_marker_dag.py
[2022-11-22T01:00:02.587+0000] {logging_mixin.py:137} INFO - [2022-11-22T01:00:02.587+0000] {dag.py:2585} INFO - Sync 2 DAGs
[2022-11-22T01:00:02.618+0000] {logging_mixin.py:137} INFO - [2022-11-22T01:00:02.618+0000] {dag.py:3340} INFO - Setting next_dagrun for example_external_task_marker_child to None, run_after=None
[2022-11-22T01:00:02.623+0000] {logging_mixin.py:137} INFO - [2022-11-22T01:00:02.622+0000] {dag.py:3340} INFO - Setting next_dagrun for example_external_task_marker_parent to None, run_after=None
[2022-11-22T01:00:02.644+0000] {processor.py:176} INFO - Processing /home/airflow/.local/lib/python3.7/site-packages/airflow/example_dags/example_external_task_marker_dag.py took 0.333 seconds
[2022-11-22T01:00:33.480+0000] {processor.py:154} INFO - Started process (PID=4301) to work on /home/airflow/.local/lib/python3.7/site-packages/airflow/example_dags/example_external_task_marker_dag.py
[2022-11-22T01:00:33.481+0000] {processor.py:756} INFO - Processing file /home/airflow/.local/lib/python3.7/site-packages/airflow/example_dags/example_external_task_marker_dag.py for tasks to queue
[2022-11-22T01:00:33.481+0000] {logging_mixin.py:137} INFO - [2022-11-22T01:00:33.481+0000] {dagbag.py:537} INFO - Filling up the DagBag from /home/airflow/.local/lib/python3.7/site-packages/airflow/example_dags/example_external_task_marker_dag.py
[2022-11-22T01:00:33.497+0000] {processor.py:766} INFO - DAG(s) dict_keys(['example_external_task_marker_parent', 'example_external_task_marker_child']) retrieved from /home/airflow/.local/lib/python3.7/site-packages/airflow/example_dags/example_external_task_marker_dag.py
[2022-11-22T01:00:33.750+0000] {logging_mixin.py:137} INFO - [2022-11-22T01:00:33.750+0000] {dag.py:2585} INFO - Sync 2 DAGs
[2022-11-22T01:00:33.783+0000] {logging_mixin.py:137} INFO - [2022-11-22T01:00:33.783+0000] {dag.py:3340} INFO - Setting next_dagrun for example_external_task_marker_child to None, run_after=None
[2022-11-22T01:00:33.788+0000] {logging_mixin.py:137} INFO - [2022-11-22T01:00:33.788+0000] {dag.py:3340} INFO - Setting next_dagrun for example_external_task_marker_parent to None, run_after=None
[2022-11-22T01:00:33.817+0000] {processor.py:176} INFO - Processing /home/airflow/.local/lib/python3.7/site-packages/airflow/example_dags/example_external_task_marker_dag.py took 0.339 seconds
[2022-11-22T01:01:04.170+0000] {processor.py:154} INFO - Started process (PID=4501) to work on /home/airflow/.local/lib/python3.7/site-packages/airflow/example_dags/example_external_task_marker_dag.py
[2022-11-22T01:01:04.171+0000] {processor.py:756} INFO - Processing file /home/airflow/.local/lib/python3.7/site-packages/airflow/example_dags/example_external_task_marker_dag.py for tasks to queue
[2022-11-22T01:01:04.173+0000] {logging_mixin.py:137} INFO - [2022-11-22T01:01:04.172+0000] {dagbag.py:537} INFO - Filling up the DagBag from /home/airflow/.local/lib/python3.7/site-packages/airflow/example_dags/example_external_task_marker_dag.py
[2022-11-22T01:01:04.188+0000] {processor.py:766} INFO - DAG(s) dict_keys(['example_external_task_marker_child', 'example_external_task_marker_parent']) retrieved from /home/airflow/.local/lib/python3.7/site-packages/airflow/example_dags/example_external_task_marker_dag.py
[2022-11-22T01:01:04.444+0000] {logging_mixin.py:137} INFO - [2022-11-22T01:01:04.444+0000] {dag.py:2585} INFO - Sync 2 DAGs
[2022-11-22T01:01:04.476+0000] {logging_mixin.py:137} INFO - [2022-11-22T01:01:04.476+0000] {dag.py:3340} INFO - Setting next_dagrun for example_external_task_marker_child to None, run_after=None
[2022-11-22T01:01:04.480+0000] {logging_mixin.py:137} INFO - [2022-11-22T01:01:04.480+0000] {dag.py:3340} INFO - Setting next_dagrun for example_external_task_marker_parent to None, run_after=None
[2022-11-22T01:01:04.500+0000] {processor.py:176} INFO - Processing /home/airflow/.local/lib/python3.7/site-packages/airflow/example_dags/example_external_task_marker_dag.py took 0.334 seconds
[2022-11-22T01:01:34.925+0000] {processor.py:154} INFO - Started process (PID=4705) to work on /home/airflow/.local/lib/python3.7/site-packages/airflow/example_dags/example_external_task_marker_dag.py
[2022-11-22T01:01:34.926+0000] {processor.py:756} INFO - Processing file /home/airflow/.local/lib/python3.7/site-packages/airflow/example_dags/example_external_task_marker_dag.py for tasks to queue
[2022-11-22T01:01:34.926+0000] {logging_mixin.py:137} INFO - [2022-11-22T01:01:34.926+0000] {dagbag.py:537} INFO - Filling up the DagBag from /home/airflow/.local/lib/python3.7/site-packages/airflow/example_dags/example_external_task_marker_dag.py
[2022-11-22T01:01:34.940+0000] {processor.py:766} INFO - DAG(s) dict_keys(['example_external_task_marker_child', 'example_external_task_marker_parent']) retrieved from /home/airflow/.local/lib/python3.7/site-packages/airflow/example_dags/example_external_task_marker_dag.py
[2022-11-22T01:01:35.189+0000] {logging_mixin.py:137} INFO - [2022-11-22T01:01:35.189+0000] {dag.py:2585} INFO - Sync 2 DAGs
[2022-11-22T01:01:35.221+0000] {logging_mixin.py:137} INFO - [2022-11-22T01:01:35.220+0000] {dag.py:3340} INFO - Setting next_dagrun for example_external_task_marker_child to None, run_after=None
[2022-11-22T01:01:35.225+0000] {logging_mixin.py:137} INFO - [2022-11-22T01:01:35.225+0000] {dag.py:3340} INFO - Setting next_dagrun for example_external_task_marker_parent to None, run_after=None
[2022-11-22T01:01:35.245+0000] {processor.py:176} INFO - Processing /home/airflow/.local/lib/python3.7/site-packages/airflow/example_dags/example_external_task_marker_dag.py took 0.323 seconds
