[2022-11-22T00:50:20.537+0000] {processor.py:154} INFO - Started process (PID=338) to work on /home/airflow/.local/lib/python3.7/site-packages/airflow/example_dags/example_nested_branch_dag.py
[2022-11-22T00:50:20.538+0000] {processor.py:756} INFO - Processing file /home/airflow/.local/lib/python3.7/site-packages/airflow/example_dags/example_nested_branch_dag.py for tasks to queue
[2022-11-22T00:50:20.540+0000] {logging_mixin.py:137} INFO - [2022-11-22T00:50:20.540+0000] {dagbag.py:537} INFO - Filling up the DagBag from /home/airflow/.local/lib/python3.7/site-packages/airflow/example_dags/example_nested_branch_dag.py
[2022-11-22T00:50:20.570+0000] {processor.py:766} INFO - DAG(s) dict_keys(['example_nested_branch_dag']) retrieved from /home/airflow/.local/lib/python3.7/site-packages/airflow/example_dags/example_nested_branch_dag.py
[2022-11-22T00:50:20.597+0000] {logging_mixin.py:137} INFO - [2022-11-22T00:50:20.597+0000] {dag.py:2585} INFO - Sync 1 DAGs
[2022-11-22T00:50:20.630+0000] {logging_mixin.py:137} INFO - [2022-11-22T00:50:20.630+0000] {dag.py:3340} INFO - Setting next_dagrun for example_nested_branch_dag to 2022-11-21T00:00:00+00:00, run_after=2022-11-22T00:00:00+00:00
[2022-11-22T00:50:20.654+0000] {processor.py:176} INFO - Processing /home/airflow/.local/lib/python3.7/site-packages/airflow/example_dags/example_nested_branch_dag.py took 0.119 seconds
[2022-11-22T00:50:51.643+0000] {processor.py:154} INFO - Started process (PID=536) to work on /home/airflow/.local/lib/python3.7/site-packages/airflow/example_dags/example_nested_branch_dag.py
[2022-11-22T00:50:51.644+0000] {processor.py:756} INFO - Processing file /home/airflow/.local/lib/python3.7/site-packages/airflow/example_dags/example_nested_branch_dag.py for tasks to queue
[2022-11-22T00:50:51.644+0000] {logging_mixin.py:137} INFO - [2022-11-22T00:50:51.644+0000] {dagbag.py:537} INFO - Filling up the DagBag from /home/airflow/.local/lib/python3.7/site-packages/airflow/example_dags/example_nested_branch_dag.py
[2022-11-22T00:50:51.673+0000] {processor.py:766} INFO - DAG(s) dict_keys(['example_nested_branch_dag']) retrieved from /home/airflow/.local/lib/python3.7/site-packages/airflow/example_dags/example_nested_branch_dag.py
[2022-11-22T00:50:51.716+0000] {logging_mixin.py:137} INFO - [2022-11-22T00:50:51.716+0000] {dag.py:2585} INFO - Sync 1 DAGs
[2022-11-22T00:50:51.751+0000] {logging_mixin.py:137} INFO - [2022-11-22T00:50:51.751+0000] {dag.py:3340} INFO - Setting next_dagrun for example_nested_branch_dag to 2022-11-21T00:00:00+00:00, run_after=2022-11-22T00:00:00+00:00
[2022-11-22T00:50:51.776+0000] {processor.py:176} INFO - Processing /home/airflow/.local/lib/python3.7/site-packages/airflow/example_dags/example_nested_branch_dag.py took 0.137 seconds
[2022-11-22T00:51:21.872+0000] {processor.py:154} INFO - Started process (PID=743) to work on /home/airflow/.local/lib/python3.7/site-packages/airflow/example_dags/example_nested_branch_dag.py
[2022-11-22T00:51:21.873+0000] {processor.py:756} INFO - Processing file /home/airflow/.local/lib/python3.7/site-packages/airflow/example_dags/example_nested_branch_dag.py for tasks to queue
[2022-11-22T00:51:21.873+0000] {logging_mixin.py:137} INFO - [2022-11-22T00:51:21.873+0000] {dagbag.py:537} INFO - Filling up the DagBag from /home/airflow/.local/lib/python3.7/site-packages/airflow/example_dags/example_nested_branch_dag.py
[2022-11-22T00:51:21.897+0000] {processor.py:766} INFO - DAG(s) dict_keys(['example_nested_branch_dag']) retrieved from /home/airflow/.local/lib/python3.7/site-packages/airflow/example_dags/example_nested_branch_dag.py
[2022-11-22T00:51:21.937+0000] {logging_mixin.py:137} INFO - [2022-11-22T00:51:21.936+0000] {dag.py:2585} INFO - Sync 1 DAGs
[2022-11-22T00:51:21.966+0000] {logging_mixin.py:137} INFO - [2022-11-22T00:51:21.966+0000] {dag.py:3340} INFO - Setting next_dagrun for example_nested_branch_dag to 2022-11-21T00:00:00+00:00, run_after=2022-11-22T00:00:00+00:00
[2022-11-22T00:51:21.986+0000] {processor.py:176} INFO - Processing /home/airflow/.local/lib/python3.7/site-packages/airflow/example_dags/example_nested_branch_dag.py took 0.117 seconds
[2022-11-22T00:51:52.525+0000] {processor.py:154} INFO - Started process (PID=951) to work on /home/airflow/.local/lib/python3.7/site-packages/airflow/example_dags/example_nested_branch_dag.py
[2022-11-22T00:51:52.526+0000] {processor.py:756} INFO - Processing file /home/airflow/.local/lib/python3.7/site-packages/airflow/example_dags/example_nested_branch_dag.py for tasks to queue
[2022-11-22T00:51:52.527+0000] {logging_mixin.py:137} INFO - [2022-11-22T00:51:52.527+0000] {dagbag.py:537} INFO - Filling up the DagBag from /home/airflow/.local/lib/python3.7/site-packages/airflow/example_dags/example_nested_branch_dag.py
[2022-11-22T00:51:52.576+0000] {processor.py:766} INFO - DAG(s) dict_keys(['example_nested_branch_dag']) retrieved from /home/airflow/.local/lib/python3.7/site-packages/airflow/example_dags/example_nested_branch_dag.py
[2022-11-22T00:51:52.647+0000] {logging_mixin.py:137} INFO - [2022-11-22T00:51:52.647+0000] {dag.py:2585} INFO - Sync 1 DAGs
[2022-11-22T00:51:52.694+0000] {logging_mixin.py:137} INFO - [2022-11-22T00:51:52.694+0000] {dag.py:3340} INFO - Setting next_dagrun for example_nested_branch_dag to 2022-11-21T00:00:00+00:00, run_after=2022-11-22T00:00:00+00:00
[2022-11-22T00:51:52.732+0000] {processor.py:176} INFO - Processing /home/airflow/.local/lib/python3.7/site-packages/airflow/example_dags/example_nested_branch_dag.py took 0.208 seconds
[2022-11-22T00:52:22.784+0000] {processor.py:154} INFO - Started process (PID=1159) to work on /home/airflow/.local/lib/python3.7/site-packages/airflow/example_dags/example_nested_branch_dag.py
[2022-11-22T00:52:22.785+0000] {processor.py:756} INFO - Processing file /home/airflow/.local/lib/python3.7/site-packages/airflow/example_dags/example_nested_branch_dag.py for tasks to queue
[2022-11-22T00:52:22.786+0000] {logging_mixin.py:137} INFO - [2022-11-22T00:52:22.786+0000] {dagbag.py:537} INFO - Filling up the DagBag from /home/airflow/.local/lib/python3.7/site-packages/airflow/example_dags/example_nested_branch_dag.py
[2022-11-22T00:52:22.811+0000] {processor.py:766} INFO - DAG(s) dict_keys(['example_nested_branch_dag']) retrieved from /home/airflow/.local/lib/python3.7/site-packages/airflow/example_dags/example_nested_branch_dag.py
[2022-11-22T00:52:22.848+0000] {logging_mixin.py:137} INFO - [2022-11-22T00:52:22.847+0000] {dag.py:2585} INFO - Sync 1 DAGs
[2022-11-22T00:52:22.877+0000] {logging_mixin.py:137} INFO - [2022-11-22T00:52:22.877+0000] {dag.py:3340} INFO - Setting next_dagrun for example_nested_branch_dag to 2022-11-21T00:00:00+00:00, run_after=2022-11-22T00:00:00+00:00
[2022-11-22T00:52:22.898+0000] {processor.py:176} INFO - Processing /home/airflow/.local/lib/python3.7/site-packages/airflow/example_dags/example_nested_branch_dag.py took 0.116 seconds
[2022-11-22T00:52:53.036+0000] {processor.py:154} INFO - Started process (PID=1366) to work on /home/airflow/.local/lib/python3.7/site-packages/airflow/example_dags/example_nested_branch_dag.py
[2022-11-22T00:52:53.037+0000] {processor.py:756} INFO - Processing file /home/airflow/.local/lib/python3.7/site-packages/airflow/example_dags/example_nested_branch_dag.py for tasks to queue
[2022-11-22T00:52:53.037+0000] {logging_mixin.py:137} INFO - [2022-11-22T00:52:53.037+0000] {dagbag.py:537} INFO - Filling up the DagBag from /home/airflow/.local/lib/python3.7/site-packages/airflow/example_dags/example_nested_branch_dag.py
[2022-11-22T00:52:53.060+0000] {processor.py:766} INFO - DAG(s) dict_keys(['example_nested_branch_dag']) retrieved from /home/airflow/.local/lib/python3.7/site-packages/airflow/example_dags/example_nested_branch_dag.py
[2022-11-22T00:52:53.105+0000] {logging_mixin.py:137} INFO - [2022-11-22T00:52:53.104+0000] {dag.py:2585} INFO - Sync 1 DAGs
[2022-11-22T00:52:53.138+0000] {logging_mixin.py:137} INFO - [2022-11-22T00:52:53.138+0000] {dag.py:3340} INFO - Setting next_dagrun for example_nested_branch_dag to 2022-11-21T00:00:00+00:00, run_after=2022-11-22T00:00:00+00:00
[2022-11-22T00:52:53.159+0000] {processor.py:176} INFO - Processing /home/airflow/.local/lib/python3.7/site-packages/airflow/example_dags/example_nested_branch_dag.py took 0.126 seconds
[2022-11-22T00:53:23.659+0000] {processor.py:154} INFO - Started process (PID=1562) to work on /home/airflow/.local/lib/python3.7/site-packages/airflow/example_dags/example_nested_branch_dag.py
[2022-11-22T00:53:23.660+0000] {processor.py:756} INFO - Processing file /home/airflow/.local/lib/python3.7/site-packages/airflow/example_dags/example_nested_branch_dag.py for tasks to queue
[2022-11-22T00:53:23.660+0000] {logging_mixin.py:137} INFO - [2022-11-22T00:53:23.660+0000] {dagbag.py:537} INFO - Filling up the DagBag from /home/airflow/.local/lib/python3.7/site-packages/airflow/example_dags/example_nested_branch_dag.py
[2022-11-22T00:53:23.692+0000] {processor.py:766} INFO - DAG(s) dict_keys(['example_nested_branch_dag']) retrieved from /home/airflow/.local/lib/python3.7/site-packages/airflow/example_dags/example_nested_branch_dag.py
[2022-11-22T00:53:23.737+0000] {logging_mixin.py:137} INFO - [2022-11-22T00:53:23.737+0000] {dag.py:2585} INFO - Sync 1 DAGs
[2022-11-22T00:53:23.769+0000] {logging_mixin.py:137} INFO - [2022-11-22T00:53:23.769+0000] {dag.py:3340} INFO - Setting next_dagrun for example_nested_branch_dag to 2022-11-21T00:00:00+00:00, run_after=2022-11-22T00:00:00+00:00
[2022-11-22T00:53:23.791+0000] {processor.py:176} INFO - Processing /home/airflow/.local/lib/python3.7/site-packages/airflow/example_dags/example_nested_branch_dag.py took 0.135 seconds
[2022-11-22T00:53:54.667+0000] {processor.py:154} INFO - Started process (PID=1764) to work on /home/airflow/.local/lib/python3.7/site-packages/airflow/example_dags/example_nested_branch_dag.py
[2022-11-22T00:53:54.668+0000] {processor.py:756} INFO - Processing file /home/airflow/.local/lib/python3.7/site-packages/airflow/example_dags/example_nested_branch_dag.py for tasks to queue
[2022-11-22T00:53:54.670+0000] {logging_mixin.py:137} INFO - [2022-11-22T00:53:54.670+0000] {dagbag.py:537} INFO - Filling up the DagBag from /home/airflow/.local/lib/python3.7/site-packages/airflow/example_dags/example_nested_branch_dag.py
[2022-11-22T00:53:54.698+0000] {processor.py:766} INFO - DAG(s) dict_keys(['example_nested_branch_dag']) retrieved from /home/airflow/.local/lib/python3.7/site-packages/airflow/example_dags/example_nested_branch_dag.py
[2022-11-22T00:53:54.744+0000] {logging_mixin.py:137} INFO - [2022-11-22T00:53:54.744+0000] {dag.py:2585} INFO - Sync 1 DAGs
[2022-11-22T00:53:54.777+0000] {logging_mixin.py:137} INFO - [2022-11-22T00:53:54.777+0000] {dag.py:3340} INFO - Setting next_dagrun for example_nested_branch_dag to 2022-11-21T00:00:00+00:00, run_after=2022-11-22T00:00:00+00:00
[2022-11-22T00:53:54.798+0000] {processor.py:176} INFO - Processing /home/airflow/.local/lib/python3.7/site-packages/airflow/example_dags/example_nested_branch_dag.py took 0.134 seconds
[2022-11-22T00:54:24.834+0000] {processor.py:154} INFO - Started process (PID=1969) to work on /home/airflow/.local/lib/python3.7/site-packages/airflow/example_dags/example_nested_branch_dag.py
[2022-11-22T00:54:24.835+0000] {processor.py:756} INFO - Processing file /home/airflow/.local/lib/python3.7/site-packages/airflow/example_dags/example_nested_branch_dag.py for tasks to queue
[2022-11-22T00:54:24.835+0000] {logging_mixin.py:137} INFO - [2022-11-22T00:54:24.835+0000] {dagbag.py:537} INFO - Filling up the DagBag from /home/airflow/.local/lib/python3.7/site-packages/airflow/example_dags/example_nested_branch_dag.py
[2022-11-22T00:54:24.860+0000] {processor.py:766} INFO - DAG(s) dict_keys(['example_nested_branch_dag']) retrieved from /home/airflow/.local/lib/python3.7/site-packages/airflow/example_dags/example_nested_branch_dag.py
[2022-11-22T00:54:24.898+0000] {logging_mixin.py:137} INFO - [2022-11-22T00:54:24.898+0000] {dag.py:2585} INFO - Sync 1 DAGs
[2022-11-22T00:54:24.928+0000] {logging_mixin.py:137} INFO - [2022-11-22T00:54:24.928+0000] {dag.py:3340} INFO - Setting next_dagrun for example_nested_branch_dag to 2022-11-21T00:00:00+00:00, run_after=2022-11-22T00:00:00+00:00
[2022-11-22T00:54:24.953+0000] {processor.py:176} INFO - Processing /home/airflow/.local/lib/python3.7/site-packages/airflow/example_dags/example_nested_branch_dag.py took 0.121 seconds
[2022-11-22T00:54:56.360+0000] {processor.py:154} INFO - Started process (PID=2174) to work on /home/airflow/.local/lib/python3.7/site-packages/airflow/example_dags/example_nested_branch_dag.py
[2022-11-22T00:54:56.361+0000] {processor.py:756} INFO - Processing file /home/airflow/.local/lib/python3.7/site-packages/airflow/example_dags/example_nested_branch_dag.py for tasks to queue
[2022-11-22T00:54:56.361+0000] {logging_mixin.py:137} INFO - [2022-11-22T00:54:56.361+0000] {dagbag.py:537} INFO - Filling up the DagBag from /home/airflow/.local/lib/python3.7/site-packages/airflow/example_dags/example_nested_branch_dag.py
[2022-11-22T00:54:56.389+0000] {processor.py:766} INFO - DAG(s) dict_keys(['example_nested_branch_dag']) retrieved from /home/airflow/.local/lib/python3.7/site-packages/airflow/example_dags/example_nested_branch_dag.py
[2022-11-22T00:54:56.435+0000] {logging_mixin.py:137} INFO - [2022-11-22T00:54:56.434+0000] {dag.py:2585} INFO - Sync 1 DAGs
[2022-11-22T00:54:56.473+0000] {logging_mixin.py:137} INFO - [2022-11-22T00:54:56.473+0000] {dag.py:3340} INFO - Setting next_dagrun for example_nested_branch_dag to 2022-11-21T00:00:00+00:00, run_after=2022-11-22T00:00:00+00:00
[2022-11-22T00:54:56.496+0000] {processor.py:176} INFO - Processing /home/airflow/.local/lib/python3.7/site-packages/airflow/example_dags/example_nested_branch_dag.py took 0.139 seconds
[2022-11-22T00:55:26.668+0000] {processor.py:154} INFO - Started process (PID=2371) to work on /home/airflow/.local/lib/python3.7/site-packages/airflow/example_dags/example_nested_branch_dag.py
[2022-11-22T00:55:26.669+0000] {processor.py:756} INFO - Processing file /home/airflow/.local/lib/python3.7/site-packages/airflow/example_dags/example_nested_branch_dag.py for tasks to queue
[2022-11-22T00:55:26.669+0000] {logging_mixin.py:137} INFO - [2022-11-22T00:55:26.669+0000] {dagbag.py:537} INFO - Filling up the DagBag from /home/airflow/.local/lib/python3.7/site-packages/airflow/example_dags/example_nested_branch_dag.py
[2022-11-22T00:55:26.696+0000] {processor.py:766} INFO - DAG(s) dict_keys(['example_nested_branch_dag']) retrieved from /home/airflow/.local/lib/python3.7/site-packages/airflow/example_dags/example_nested_branch_dag.py
[2022-11-22T00:55:26.740+0000] {logging_mixin.py:137} INFO - [2022-11-22T00:55:26.739+0000] {dag.py:2585} INFO - Sync 1 DAGs
[2022-11-22T00:55:26.773+0000] {logging_mixin.py:137} INFO - [2022-11-22T00:55:26.773+0000] {dag.py:3340} INFO - Setting next_dagrun for example_nested_branch_dag to 2022-11-21T00:00:00+00:00, run_after=2022-11-22T00:00:00+00:00
[2022-11-22T00:55:26.793+0000] {processor.py:176} INFO - Processing /home/airflow/.local/lib/python3.7/site-packages/airflow/example_dags/example_nested_branch_dag.py took 0.127 seconds
[2022-11-22T00:55:57.596+0000] {processor.py:154} INFO - Started process (PID=2577) to work on /home/airflow/.local/lib/python3.7/site-packages/airflow/example_dags/example_nested_branch_dag.py
[2022-11-22T00:55:57.597+0000] {processor.py:756} INFO - Processing file /home/airflow/.local/lib/python3.7/site-packages/airflow/example_dags/example_nested_branch_dag.py for tasks to queue
[2022-11-22T00:55:57.597+0000] {logging_mixin.py:137} INFO - [2022-11-22T00:55:57.597+0000] {dagbag.py:537} INFO - Filling up the DagBag from /home/airflow/.local/lib/python3.7/site-packages/airflow/example_dags/example_nested_branch_dag.py
[2022-11-22T00:55:57.621+0000] {processor.py:766} INFO - DAG(s) dict_keys(['example_nested_branch_dag']) retrieved from /home/airflow/.local/lib/python3.7/site-packages/airflow/example_dags/example_nested_branch_dag.py
[2022-11-22T00:55:57.660+0000] {logging_mixin.py:137} INFO - [2022-11-22T00:55:57.660+0000] {dag.py:2585} INFO - Sync 1 DAGs
[2022-11-22T00:55:57.688+0000] {logging_mixin.py:137} INFO - [2022-11-22T00:55:57.688+0000] {dag.py:3340} INFO - Setting next_dagrun for example_nested_branch_dag to 2022-11-21T00:00:00+00:00, run_after=2022-11-22T00:00:00+00:00
[2022-11-22T00:55:57.708+0000] {processor.py:176} INFO - Processing /home/airflow/.local/lib/python3.7/site-packages/airflow/example_dags/example_nested_branch_dag.py took 0.116 seconds
[2022-11-22T00:56:29.200+0000] {processor.py:154} INFO - Started process (PID=2784) to work on /home/airflow/.local/lib/python3.7/site-packages/airflow/example_dags/example_nested_branch_dag.py
[2022-11-22T00:56:29.201+0000] {processor.py:756} INFO - Processing file /home/airflow/.local/lib/python3.7/site-packages/airflow/example_dags/example_nested_branch_dag.py for tasks to queue
[2022-11-22T00:56:29.201+0000] {logging_mixin.py:137} INFO - [2022-11-22T00:56:29.201+0000] {dagbag.py:537} INFO - Filling up the DagBag from /home/airflow/.local/lib/python3.7/site-packages/airflow/example_dags/example_nested_branch_dag.py
[2022-11-22T00:56:29.229+0000] {processor.py:766} INFO - DAG(s) dict_keys(['example_nested_branch_dag']) retrieved from /home/airflow/.local/lib/python3.7/site-packages/airflow/example_dags/example_nested_branch_dag.py
[2022-11-22T00:56:29.302+0000] {logging_mixin.py:137} INFO - [2022-11-22T00:56:29.302+0000] {dag.py:2585} INFO - Sync 1 DAGs
[2022-11-22T00:56:29.344+0000] {logging_mixin.py:137} INFO - [2022-11-22T00:56:29.344+0000] {dag.py:3340} INFO - Setting next_dagrun for example_nested_branch_dag to 2022-11-21T00:00:00+00:00, run_after=2022-11-22T00:00:00+00:00
[2022-11-22T00:56:29.386+0000] {processor.py:176} INFO - Processing /home/airflow/.local/lib/python3.7/site-packages/airflow/example_dags/example_nested_branch_dag.py took 0.190 seconds
[2022-11-22T00:56:59.496+0000] {processor.py:154} INFO - Started process (PID=2984) to work on /home/airflow/.local/lib/python3.7/site-packages/airflow/example_dags/example_nested_branch_dag.py
[2022-11-22T00:56:59.497+0000] {processor.py:756} INFO - Processing file /home/airflow/.local/lib/python3.7/site-packages/airflow/example_dags/example_nested_branch_dag.py for tasks to queue
[2022-11-22T00:56:59.498+0000] {logging_mixin.py:137} INFO - [2022-11-22T00:56:59.498+0000] {dagbag.py:537} INFO - Filling up the DagBag from /home/airflow/.local/lib/python3.7/site-packages/airflow/example_dags/example_nested_branch_dag.py
[2022-11-22T00:56:59.526+0000] {processor.py:766} INFO - DAG(s) dict_keys(['example_nested_branch_dag']) retrieved from /home/airflow/.local/lib/python3.7/site-packages/airflow/example_dags/example_nested_branch_dag.py
[2022-11-22T00:56:59.571+0000] {logging_mixin.py:137} INFO - [2022-11-22T00:56:59.570+0000] {dag.py:2585} INFO - Sync 1 DAGs
[2022-11-22T00:56:59.604+0000] {logging_mixin.py:137} INFO - [2022-11-22T00:56:59.604+0000] {dag.py:3340} INFO - Setting next_dagrun for example_nested_branch_dag to 2022-11-21T00:00:00+00:00, run_after=2022-11-22T00:00:00+00:00
[2022-11-22T00:56:59.625+0000] {processor.py:176} INFO - Processing /home/airflow/.local/lib/python3.7/site-packages/airflow/example_dags/example_nested_branch_dag.py took 0.132 seconds
[2022-11-22T00:57:30.317+0000] {processor.py:154} INFO - Started process (PID=3192) to work on /home/airflow/.local/lib/python3.7/site-packages/airflow/example_dags/example_nested_branch_dag.py
[2022-11-22T00:57:30.318+0000] {processor.py:756} INFO - Processing file /home/airflow/.local/lib/python3.7/site-packages/airflow/example_dags/example_nested_branch_dag.py for tasks to queue
[2022-11-22T00:57:30.319+0000] {logging_mixin.py:137} INFO - [2022-11-22T00:57:30.319+0000] {dagbag.py:537} INFO - Filling up the DagBag from /home/airflow/.local/lib/python3.7/site-packages/airflow/example_dags/example_nested_branch_dag.py
[2022-11-22T00:57:30.343+0000] {processor.py:766} INFO - DAG(s) dict_keys(['example_nested_branch_dag']) retrieved from /home/airflow/.local/lib/python3.7/site-packages/airflow/example_dags/example_nested_branch_dag.py
[2022-11-22T00:57:30.381+0000] {logging_mixin.py:137} INFO - [2022-11-22T00:57:30.381+0000] {dag.py:2585} INFO - Sync 1 DAGs
[2022-11-22T00:57:30.412+0000] {logging_mixin.py:137} INFO - [2022-11-22T00:57:30.411+0000] {dag.py:3340} INFO - Setting next_dagrun for example_nested_branch_dag to 2022-11-21T00:00:00+00:00, run_after=2022-11-22T00:00:00+00:00
[2022-11-22T00:57:30.430+0000] {processor.py:176} INFO - Processing /home/airflow/.local/lib/python3.7/site-packages/airflow/example_dags/example_nested_branch_dag.py took 0.115 seconds
[2022-11-22T00:58:01.413+0000] {processor.py:154} INFO - Started process (PID=3397) to work on /home/airflow/.local/lib/python3.7/site-packages/airflow/example_dags/example_nested_branch_dag.py
[2022-11-22T00:58:01.414+0000] {processor.py:756} INFO - Processing file /home/airflow/.local/lib/python3.7/site-packages/airflow/example_dags/example_nested_branch_dag.py for tasks to queue
[2022-11-22T00:58:01.415+0000] {logging_mixin.py:137} INFO - [2022-11-22T00:58:01.415+0000] {dagbag.py:537} INFO - Filling up the DagBag from /home/airflow/.local/lib/python3.7/site-packages/airflow/example_dags/example_nested_branch_dag.py
[2022-11-22T00:58:01.453+0000] {processor.py:766} INFO - DAG(s) dict_keys(['example_nested_branch_dag']) retrieved from /home/airflow/.local/lib/python3.7/site-packages/airflow/example_dags/example_nested_branch_dag.py
[2022-11-22T00:58:01.512+0000] {logging_mixin.py:137} INFO - [2022-11-22T00:58:01.512+0000] {dag.py:2585} INFO - Sync 1 DAGs
[2022-11-22T00:58:01.547+0000] {logging_mixin.py:137} INFO - [2022-11-22T00:58:01.547+0000] {dag.py:3340} INFO - Setting next_dagrun for example_nested_branch_dag to 2022-11-21T00:00:00+00:00, run_after=2022-11-22T00:00:00+00:00
[2022-11-22T00:58:01.573+0000] {processor.py:176} INFO - Processing /home/airflow/.local/lib/python3.7/site-packages/airflow/example_dags/example_nested_branch_dag.py took 0.162 seconds
[2022-11-22T00:58:31.720+0000] {processor.py:154} INFO - Started process (PID=3596) to work on /home/airflow/.local/lib/python3.7/site-packages/airflow/example_dags/example_nested_branch_dag.py
[2022-11-22T00:58:31.721+0000] {processor.py:756} INFO - Processing file /home/airflow/.local/lib/python3.7/site-packages/airflow/example_dags/example_nested_branch_dag.py for tasks to queue
[2022-11-22T00:58:31.722+0000] {logging_mixin.py:137} INFO - [2022-11-22T00:58:31.721+0000] {dagbag.py:537} INFO - Filling up the DagBag from /home/airflow/.local/lib/python3.7/site-packages/airflow/example_dags/example_nested_branch_dag.py
[2022-11-22T00:58:31.751+0000] {processor.py:766} INFO - DAG(s) dict_keys(['example_nested_branch_dag']) retrieved from /home/airflow/.local/lib/python3.7/site-packages/airflow/example_dags/example_nested_branch_dag.py
[2022-11-22T00:58:31.799+0000] {logging_mixin.py:137} INFO - [2022-11-22T00:58:31.798+0000] {dag.py:2585} INFO - Sync 1 DAGs
[2022-11-22T00:58:31.830+0000] {logging_mixin.py:137} INFO - [2022-11-22T00:58:31.830+0000] {dag.py:3340} INFO - Setting next_dagrun for example_nested_branch_dag to 2022-11-21T00:00:00+00:00, run_after=2022-11-22T00:00:00+00:00
[2022-11-22T00:58:31.852+0000] {processor.py:176} INFO - Processing /home/airflow/.local/lib/python3.7/site-packages/airflow/example_dags/example_nested_branch_dag.py took 0.135 seconds
[2022-11-22T00:59:02.576+0000] {processor.py:154} INFO - Started process (PID=3800) to work on /home/airflow/.local/lib/python3.7/site-packages/airflow/example_dags/example_nested_branch_dag.py
[2022-11-22T00:59:02.577+0000] {processor.py:756} INFO - Processing file /home/airflow/.local/lib/python3.7/site-packages/airflow/example_dags/example_nested_branch_dag.py for tasks to queue
[2022-11-22T00:59:02.578+0000] {logging_mixin.py:137} INFO - [2022-11-22T00:59:02.578+0000] {dagbag.py:537} INFO - Filling up the DagBag from /home/airflow/.local/lib/python3.7/site-packages/airflow/example_dags/example_nested_branch_dag.py
[2022-11-22T00:59:02.602+0000] {processor.py:766} INFO - DAG(s) dict_keys(['example_nested_branch_dag']) retrieved from /home/airflow/.local/lib/python3.7/site-packages/airflow/example_dags/example_nested_branch_dag.py
[2022-11-22T00:59:02.641+0000] {logging_mixin.py:137} INFO - [2022-11-22T00:59:02.641+0000] {dag.py:2585} INFO - Sync 1 DAGs
[2022-11-22T00:59:02.672+0000] {logging_mixin.py:137} INFO - [2022-11-22T00:59:02.672+0000] {dag.py:3340} INFO - Setting next_dagrun for example_nested_branch_dag to 2022-11-21T00:00:00+00:00, run_after=2022-11-22T00:00:00+00:00
[2022-11-22T00:59:02.694+0000] {processor.py:176} INFO - Processing /home/airflow/.local/lib/python3.7/site-packages/airflow/example_dags/example_nested_branch_dag.py took 0.120 seconds
[2022-11-22T00:59:33.160+0000] {processor.py:154} INFO - Started process (PID=3999) to work on /home/airflow/.local/lib/python3.7/site-packages/airflow/example_dags/example_nested_branch_dag.py
[2022-11-22T00:59:33.161+0000] {processor.py:756} INFO - Processing file /home/airflow/.local/lib/python3.7/site-packages/airflow/example_dags/example_nested_branch_dag.py for tasks to queue
[2022-11-22T00:59:33.164+0000] {logging_mixin.py:137} INFO - [2022-11-22T00:59:33.164+0000] {dagbag.py:537} INFO - Filling up the DagBag from /home/airflow/.local/lib/python3.7/site-packages/airflow/example_dags/example_nested_branch_dag.py
[2022-11-22T00:59:33.199+0000] {processor.py:766} INFO - DAG(s) dict_keys(['example_nested_branch_dag']) retrieved from /home/airflow/.local/lib/python3.7/site-packages/airflow/example_dags/example_nested_branch_dag.py
[2022-11-22T00:59:33.269+0000] {logging_mixin.py:137} INFO - [2022-11-22T00:59:33.269+0000] {dag.py:2585} INFO - Sync 1 DAGs
[2022-11-22T00:59:33.315+0000] {logging_mixin.py:137} INFO - [2022-11-22T00:59:33.315+0000] {dag.py:3340} INFO - Setting next_dagrun for example_nested_branch_dag to 2022-11-21T00:00:00+00:00, run_after=2022-11-22T00:00:00+00:00
[2022-11-22T00:59:33.343+0000] {processor.py:176} INFO - Processing /home/airflow/.local/lib/python3.7/site-packages/airflow/example_dags/example_nested_branch_dag.py took 0.186 seconds
[2022-11-22T01:00:04.490+0000] {processor.py:154} INFO - Started process (PID=4207) to work on /home/airflow/.local/lib/python3.7/site-packages/airflow/example_dags/example_nested_branch_dag.py
[2022-11-22T01:00:04.490+0000] {processor.py:756} INFO - Processing file /home/airflow/.local/lib/python3.7/site-packages/airflow/example_dags/example_nested_branch_dag.py for tasks to queue
[2022-11-22T01:00:04.491+0000] {logging_mixin.py:137} INFO - [2022-11-22T01:00:04.491+0000] {dagbag.py:537} INFO - Filling up the DagBag from /home/airflow/.local/lib/python3.7/site-packages/airflow/example_dags/example_nested_branch_dag.py
[2022-11-22T01:00:04.520+0000] {processor.py:766} INFO - DAG(s) dict_keys(['example_nested_branch_dag']) retrieved from /home/airflow/.local/lib/python3.7/site-packages/airflow/example_dags/example_nested_branch_dag.py
[2022-11-22T01:00:04.567+0000] {logging_mixin.py:137} INFO - [2022-11-22T01:00:04.567+0000] {dag.py:2585} INFO - Sync 1 DAGs
[2022-11-22T01:00:04.601+0000] {logging_mixin.py:137} INFO - [2022-11-22T01:00:04.600+0000] {dag.py:3340} INFO - Setting next_dagrun for example_nested_branch_dag to 2022-11-21T00:00:00+00:00, run_after=2022-11-22T00:00:00+00:00
[2022-11-22T01:00:04.623+0000] {processor.py:176} INFO - Processing /home/airflow/.local/lib/python3.7/site-packages/airflow/example_dags/example_nested_branch_dag.py took 0.136 seconds
[2022-11-22T01:00:35.476+0000] {processor.py:154} INFO - Started process (PID=4413) to work on /home/airflow/.local/lib/python3.7/site-packages/airflow/example_dags/example_nested_branch_dag.py
[2022-11-22T01:00:35.477+0000] {processor.py:756} INFO - Processing file /home/airflow/.local/lib/python3.7/site-packages/airflow/example_dags/example_nested_branch_dag.py for tasks to queue
[2022-11-22T01:00:35.477+0000] {logging_mixin.py:137} INFO - [2022-11-22T01:00:35.477+0000] {dagbag.py:537} INFO - Filling up the DagBag from /home/airflow/.local/lib/python3.7/site-packages/airflow/example_dags/example_nested_branch_dag.py
[2022-11-22T01:00:35.502+0000] {processor.py:766} INFO - DAG(s) dict_keys(['example_nested_branch_dag']) retrieved from /home/airflow/.local/lib/python3.7/site-packages/airflow/example_dags/example_nested_branch_dag.py
[2022-11-22T01:00:35.546+0000] {logging_mixin.py:137} INFO - [2022-11-22T01:00:35.546+0000] {dag.py:2585} INFO - Sync 1 DAGs
[2022-11-22T01:00:35.574+0000] {logging_mixin.py:137} INFO - [2022-11-22T01:00:35.574+0000] {dag.py:3340} INFO - Setting next_dagrun for example_nested_branch_dag to 2022-11-21T00:00:00+00:00, run_after=2022-11-22T00:00:00+00:00
[2022-11-22T01:00:35.596+0000] {processor.py:176} INFO - Processing /home/airflow/.local/lib/python3.7/site-packages/airflow/example_dags/example_nested_branch_dag.py took 0.123 seconds
[2022-11-22T01:01:06.292+0000] {processor.py:154} INFO - Started process (PID=4620) to work on /home/airflow/.local/lib/python3.7/site-packages/airflow/example_dags/example_nested_branch_dag.py
[2022-11-22T01:01:06.292+0000] {processor.py:756} INFO - Processing file /home/airflow/.local/lib/python3.7/site-packages/airflow/example_dags/example_nested_branch_dag.py for tasks to queue
[2022-11-22T01:01:06.293+0000] {logging_mixin.py:137} INFO - [2022-11-22T01:01:06.293+0000] {dagbag.py:537} INFO - Filling up the DagBag from /home/airflow/.local/lib/python3.7/site-packages/airflow/example_dags/example_nested_branch_dag.py
[2022-11-22T01:01:06.327+0000] {processor.py:766} INFO - DAG(s) dict_keys(['example_nested_branch_dag']) retrieved from /home/airflow/.local/lib/python3.7/site-packages/airflow/example_dags/example_nested_branch_dag.py
[2022-11-22T01:01:06.381+0000] {logging_mixin.py:137} INFO - [2022-11-22T01:01:06.381+0000] {dag.py:2585} INFO - Sync 1 DAGs
[2022-11-22T01:01:06.416+0000] {logging_mixin.py:137} INFO - [2022-11-22T01:01:06.416+0000] {dag.py:3340} INFO - Setting next_dagrun for example_nested_branch_dag to 2022-11-21T00:00:00+00:00, run_after=2022-11-22T00:00:00+00:00
[2022-11-22T01:01:06.443+0000] {processor.py:176} INFO - Processing /home/airflow/.local/lib/python3.7/site-packages/airflow/example_dags/example_nested_branch_dag.py took 0.158 seconds
[2022-11-22T01:01:36.944+0000] {processor.py:154} INFO - Started process (PID=4815) to work on /home/airflow/.local/lib/python3.7/site-packages/airflow/example_dags/example_nested_branch_dag.py
[2022-11-22T01:01:36.945+0000] {processor.py:756} INFO - Processing file /home/airflow/.local/lib/python3.7/site-packages/airflow/example_dags/example_nested_branch_dag.py for tasks to queue
[2022-11-22T01:01:36.945+0000] {logging_mixin.py:137} INFO - [2022-11-22T01:01:36.945+0000] {dagbag.py:537} INFO - Filling up the DagBag from /home/airflow/.local/lib/python3.7/site-packages/airflow/example_dags/example_nested_branch_dag.py
[2022-11-22T01:01:36.969+0000] {processor.py:766} INFO - DAG(s) dict_keys(['example_nested_branch_dag']) retrieved from /home/airflow/.local/lib/python3.7/site-packages/airflow/example_dags/example_nested_branch_dag.py
[2022-11-22T01:01:37.011+0000] {logging_mixin.py:137} INFO - [2022-11-22T01:01:37.011+0000] {dag.py:2585} INFO - Sync 1 DAGs
[2022-11-22T01:01:37.042+0000] {logging_mixin.py:137} INFO - [2022-11-22T01:01:37.042+0000] {dag.py:3340} INFO - Setting next_dagrun for example_nested_branch_dag to 2022-11-21T00:00:00+00:00, run_after=2022-11-22T00:00:00+00:00
[2022-11-22T01:01:37.063+0000] {processor.py:176} INFO - Processing /home/airflow/.local/lib/python3.7/site-packages/airflow/example_dags/example_nested_branch_dag.py took 0.122 seconds
