[2022-11-22T00:50:19.258+0000] {processor.py:154} INFO - Started process (PID=258) to work on /home/airflow/.local/lib/python3.7/site-packages/airflow/example_dags/tutorial_dag.py
[2022-11-22T00:50:19.258+0000] {processor.py:756} INFO - Processing file /home/airflow/.local/lib/python3.7/site-packages/airflow/example_dags/tutorial_dag.py for tasks to queue
[2022-11-22T00:50:19.259+0000] {logging_mixin.py:137} INFO - [2022-11-22T00:50:19.259+0000] {dagbag.py:537} INFO - Filling up the DagBag from /home/airflow/.local/lib/python3.7/site-packages/airflow/example_dags/tutorial_dag.py
[2022-11-22T00:50:19.276+0000] {processor.py:766} INFO - DAG(s) dict_keys(['tutorial_dag']) retrieved from /home/airflow/.local/lib/python3.7/site-packages/airflow/example_dags/tutorial_dag.py
[2022-11-22T00:50:19.310+0000] {logging_mixin.py:137} INFO - [2022-11-22T00:50:19.310+0000] {dag.py:2585} INFO - Sync 1 DAGs
[2022-11-22T00:50:19.341+0000] {logging_mixin.py:137} INFO - [2022-11-22T00:50:19.341+0000] {dag.py:3340} INFO - Setting next_dagrun for tutorial_dag to None, run_after=None
[2022-11-22T00:50:19.363+0000] {processor.py:176} INFO - Processing /home/airflow/.local/lib/python3.7/site-packages/airflow/example_dags/tutorial_dag.py took 0.110 seconds
[2022-11-22T00:50:50.321+0000] {processor.py:154} INFO - Started process (PID=456) to work on /home/airflow/.local/lib/python3.7/site-packages/airflow/example_dags/tutorial_dag.py
[2022-11-22T00:50:50.321+0000] {processor.py:756} INFO - Processing file /home/airflow/.local/lib/python3.7/site-packages/airflow/example_dags/tutorial_dag.py for tasks to queue
[2022-11-22T00:50:50.322+0000] {logging_mixin.py:137} INFO - [2022-11-22T00:50:50.322+0000] {dagbag.py:537} INFO - Filling up the DagBag from /home/airflow/.local/lib/python3.7/site-packages/airflow/example_dags/tutorial_dag.py
[2022-11-22T00:50:50.337+0000] {processor.py:766} INFO - DAG(s) dict_keys(['tutorial_dag']) retrieved from /home/airflow/.local/lib/python3.7/site-packages/airflow/example_dags/tutorial_dag.py
[2022-11-22T00:50:50.381+0000] {logging_mixin.py:137} INFO - [2022-11-22T00:50:50.381+0000] {dag.py:2585} INFO - Sync 1 DAGs
[2022-11-22T00:50:50.415+0000] {logging_mixin.py:137} INFO - [2022-11-22T00:50:50.415+0000] {dag.py:3340} INFO - Setting next_dagrun for tutorial_dag to None, run_after=None
[2022-11-22T00:50:50.439+0000] {processor.py:176} INFO - Processing /home/airflow/.local/lib/python3.7/site-packages/airflow/example_dags/tutorial_dag.py took 0.121 seconds
[2022-11-22T00:51:20.555+0000] {processor.py:154} INFO - Started process (PID=666) to work on /home/airflow/.local/lib/python3.7/site-packages/airflow/example_dags/tutorial_dag.py
[2022-11-22T00:51:20.556+0000] {processor.py:756} INFO - Processing file /home/airflow/.local/lib/python3.7/site-packages/airflow/example_dags/tutorial_dag.py for tasks to queue
[2022-11-22T00:51:20.558+0000] {logging_mixin.py:137} INFO - [2022-11-22T00:51:20.557+0000] {dagbag.py:537} INFO - Filling up the DagBag from /home/airflow/.local/lib/python3.7/site-packages/airflow/example_dags/tutorial_dag.py
[2022-11-22T00:51:20.571+0000] {processor.py:766} INFO - DAG(s) dict_keys(['tutorial_dag']) retrieved from /home/airflow/.local/lib/python3.7/site-packages/airflow/example_dags/tutorial_dag.py
[2022-11-22T00:51:20.611+0000] {logging_mixin.py:137} INFO - [2022-11-22T00:51:20.611+0000] {dag.py:2585} INFO - Sync 1 DAGs
[2022-11-22T00:51:20.640+0000] {logging_mixin.py:137} INFO - [2022-11-22T00:51:20.640+0000] {dag.py:3340} INFO - Setting next_dagrun for tutorial_dag to None, run_after=None
[2022-11-22T00:51:20.664+0000] {processor.py:176} INFO - Processing /home/airflow/.local/lib/python3.7/site-packages/airflow/example_dags/tutorial_dag.py took 0.111 seconds
[2022-11-22T00:51:50.971+0000] {processor.py:154} INFO - Started process (PID=872) to work on /home/airflow/.local/lib/python3.7/site-packages/airflow/example_dags/tutorial_dag.py
[2022-11-22T00:51:50.971+0000] {processor.py:756} INFO - Processing file /home/airflow/.local/lib/python3.7/site-packages/airflow/example_dags/tutorial_dag.py for tasks to queue
[2022-11-22T00:51:50.972+0000] {logging_mixin.py:137} INFO - [2022-11-22T00:51:50.972+0000] {dagbag.py:537} INFO - Filling up the DagBag from /home/airflow/.local/lib/python3.7/site-packages/airflow/example_dags/tutorial_dag.py
[2022-11-22T00:51:50.987+0000] {processor.py:766} INFO - DAG(s) dict_keys(['tutorial_dag']) retrieved from /home/airflow/.local/lib/python3.7/site-packages/airflow/example_dags/tutorial_dag.py
[2022-11-22T00:51:51.082+0000] {logging_mixin.py:137} INFO - [2022-11-22T00:51:51.082+0000] {dag.py:2585} INFO - Sync 1 DAGs
[2022-11-22T00:51:51.125+0000] {logging_mixin.py:137} INFO - [2022-11-22T00:51:51.125+0000] {dag.py:3340} INFO - Setting next_dagrun for tutorial_dag to None, run_after=None
[2022-11-22T00:51:51.147+0000] {processor.py:176} INFO - Processing /home/airflow/.local/lib/python3.7/site-packages/airflow/example_dags/tutorial_dag.py took 0.179 seconds
[2022-11-22T00:52:21.581+0000] {processor.py:154} INFO - Started process (PID=1074) to work on /home/airflow/.local/lib/python3.7/site-packages/airflow/example_dags/tutorial_dag.py
[2022-11-22T00:52:21.582+0000] {processor.py:756} INFO - Processing file /home/airflow/.local/lib/python3.7/site-packages/airflow/example_dags/tutorial_dag.py for tasks to queue
[2022-11-22T00:52:21.582+0000] {logging_mixin.py:137} INFO - [2022-11-22T00:52:21.582+0000] {dagbag.py:537} INFO - Filling up the DagBag from /home/airflow/.local/lib/python3.7/site-packages/airflow/example_dags/tutorial_dag.py
[2022-11-22T00:52:21.598+0000] {processor.py:766} INFO - DAG(s) dict_keys(['tutorial_dag']) retrieved from /home/airflow/.local/lib/python3.7/site-packages/airflow/example_dags/tutorial_dag.py
[2022-11-22T00:52:21.641+0000] {logging_mixin.py:137} INFO - [2022-11-22T00:52:21.641+0000] {dag.py:2585} INFO - Sync 1 DAGs
[2022-11-22T00:52:21.671+0000] {logging_mixin.py:137} INFO - [2022-11-22T00:52:21.671+0000] {dag.py:3340} INFO - Setting next_dagrun for tutorial_dag to None, run_after=None
[2022-11-22T00:52:21.693+0000] {processor.py:176} INFO - Processing /home/airflow/.local/lib/python3.7/site-packages/airflow/example_dags/tutorial_dag.py took 0.115 seconds
[2022-11-22T00:52:51.852+0000] {processor.py:154} INFO - Started process (PID=1281) to work on /home/airflow/.local/lib/python3.7/site-packages/airflow/example_dags/tutorial_dag.py
[2022-11-22T00:52:51.853+0000] {processor.py:756} INFO - Processing file /home/airflow/.local/lib/python3.7/site-packages/airflow/example_dags/tutorial_dag.py for tasks to queue
[2022-11-22T00:52:51.854+0000] {logging_mixin.py:137} INFO - [2022-11-22T00:52:51.854+0000] {dagbag.py:537} INFO - Filling up the DagBag from /home/airflow/.local/lib/python3.7/site-packages/airflow/example_dags/tutorial_dag.py
[2022-11-22T00:52:51.867+0000] {processor.py:766} INFO - DAG(s) dict_keys(['tutorial_dag']) retrieved from /home/airflow/.local/lib/python3.7/site-packages/airflow/example_dags/tutorial_dag.py
[2022-11-22T00:52:51.909+0000] {logging_mixin.py:137} INFO - [2022-11-22T00:52:51.909+0000] {dag.py:2585} INFO - Sync 1 DAGs
[2022-11-22T00:52:51.940+0000] {logging_mixin.py:137} INFO - [2022-11-22T00:52:51.939+0000] {dag.py:3340} INFO - Setting next_dagrun for tutorial_dag to None, run_after=None
[2022-11-22T00:52:51.964+0000] {processor.py:176} INFO - Processing /home/airflow/.local/lib/python3.7/site-packages/airflow/example_dags/tutorial_dag.py took 0.114 seconds
[2022-11-22T00:53:22.416+0000] {processor.py:154} INFO - Started process (PID=1480) to work on /home/airflow/.local/lib/python3.7/site-packages/airflow/example_dags/tutorial_dag.py
[2022-11-22T00:53:22.417+0000] {processor.py:756} INFO - Processing file /home/airflow/.local/lib/python3.7/site-packages/airflow/example_dags/tutorial_dag.py for tasks to queue
[2022-11-22T00:53:22.417+0000] {logging_mixin.py:137} INFO - [2022-11-22T00:53:22.417+0000] {dagbag.py:537} INFO - Filling up the DagBag from /home/airflow/.local/lib/python3.7/site-packages/airflow/example_dags/tutorial_dag.py
[2022-11-22T00:53:22.431+0000] {processor.py:766} INFO - DAG(s) dict_keys(['tutorial_dag']) retrieved from /home/airflow/.local/lib/python3.7/site-packages/airflow/example_dags/tutorial_dag.py
[2022-11-22T00:53:22.478+0000] {logging_mixin.py:137} INFO - [2022-11-22T00:53:22.478+0000] {dag.py:2585} INFO - Sync 1 DAGs
[2022-11-22T00:53:22.513+0000] {logging_mixin.py:137} INFO - [2022-11-22T00:53:22.513+0000] {dag.py:3340} INFO - Setting next_dagrun for tutorial_dag to None, run_after=None
[2022-11-22T00:53:22.538+0000] {processor.py:176} INFO - Processing /home/airflow/.local/lib/python3.7/site-packages/airflow/example_dags/tutorial_dag.py took 0.126 seconds
[2022-11-22T00:53:53.314+0000] {processor.py:154} INFO - Started process (PID=1687) to work on /home/airflow/.local/lib/python3.7/site-packages/airflow/example_dags/tutorial_dag.py
[2022-11-22T00:53:53.315+0000] {processor.py:756} INFO - Processing file /home/airflow/.local/lib/python3.7/site-packages/airflow/example_dags/tutorial_dag.py for tasks to queue
[2022-11-22T00:53:53.316+0000] {logging_mixin.py:137} INFO - [2022-11-22T00:53:53.316+0000] {dagbag.py:537} INFO - Filling up the DagBag from /home/airflow/.local/lib/python3.7/site-packages/airflow/example_dags/tutorial_dag.py
[2022-11-22T00:53:53.330+0000] {processor.py:766} INFO - DAG(s) dict_keys(['tutorial_dag']) retrieved from /home/airflow/.local/lib/python3.7/site-packages/airflow/example_dags/tutorial_dag.py
[2022-11-22T00:53:53.375+0000] {logging_mixin.py:137} INFO - [2022-11-22T00:53:53.374+0000] {dag.py:2585} INFO - Sync 1 DAGs
[2022-11-22T00:53:53.405+0000] {logging_mixin.py:137} INFO - [2022-11-22T00:53:53.404+0000] {dag.py:3340} INFO - Setting next_dagrun for tutorial_dag to None, run_after=None
[2022-11-22T00:53:53.429+0000] {processor.py:176} INFO - Processing /home/airflow/.local/lib/python3.7/site-packages/airflow/example_dags/tutorial_dag.py took 0.118 seconds
[2022-11-22T00:54:23.735+0000] {processor.py:154} INFO - Started process (PID=1894) to work on /home/airflow/.local/lib/python3.7/site-packages/airflow/example_dags/tutorial_dag.py
[2022-11-22T00:54:23.735+0000] {processor.py:756} INFO - Processing file /home/airflow/.local/lib/python3.7/site-packages/airflow/example_dags/tutorial_dag.py for tasks to queue
[2022-11-22T00:54:23.736+0000] {logging_mixin.py:137} INFO - [2022-11-22T00:54:23.735+0000] {dagbag.py:537} INFO - Filling up the DagBag from /home/airflow/.local/lib/python3.7/site-packages/airflow/example_dags/tutorial_dag.py
[2022-11-22T00:54:23.749+0000] {processor.py:766} INFO - DAG(s) dict_keys(['tutorial_dag']) retrieved from /home/airflow/.local/lib/python3.7/site-packages/airflow/example_dags/tutorial_dag.py
[2022-11-22T00:54:23.785+0000] {logging_mixin.py:137} INFO - [2022-11-22T00:54:23.785+0000] {dag.py:2585} INFO - Sync 1 DAGs
[2022-11-22T00:54:23.812+0000] {logging_mixin.py:137} INFO - [2022-11-22T00:54:23.812+0000] {dag.py:3340} INFO - Setting next_dagrun for tutorial_dag to None, run_after=None
[2022-11-22T00:54:23.833+0000] {processor.py:176} INFO - Processing /home/airflow/.local/lib/python3.7/site-packages/airflow/example_dags/tutorial_dag.py took 0.101 seconds
[2022-11-22T00:54:54.982+0000] {processor.py:154} INFO - Started process (PID=2090) to work on /home/airflow/.local/lib/python3.7/site-packages/airflow/example_dags/tutorial_dag.py
[2022-11-22T00:54:54.983+0000] {processor.py:756} INFO - Processing file /home/airflow/.local/lib/python3.7/site-packages/airflow/example_dags/tutorial_dag.py for tasks to queue
[2022-11-22T00:54:54.984+0000] {logging_mixin.py:137} INFO - [2022-11-22T00:54:54.983+0000] {dagbag.py:537} INFO - Filling up the DagBag from /home/airflow/.local/lib/python3.7/site-packages/airflow/example_dags/tutorial_dag.py
[2022-11-22T00:54:55.000+0000] {processor.py:766} INFO - DAG(s) dict_keys(['tutorial_dag']) retrieved from /home/airflow/.local/lib/python3.7/site-packages/airflow/example_dags/tutorial_dag.py
[2022-11-22T00:54:55.049+0000] {logging_mixin.py:137} INFO - [2022-11-22T00:54:55.049+0000] {dag.py:2585} INFO - Sync 1 DAGs
[2022-11-22T00:54:55.081+0000] {logging_mixin.py:137} INFO - [2022-11-22T00:54:55.081+0000] {dag.py:3340} INFO - Setting next_dagrun for tutorial_dag to None, run_after=None
[2022-11-22T00:54:55.110+0000] {processor.py:176} INFO - Processing /home/airflow/.local/lib/python3.7/site-packages/airflow/example_dags/tutorial_dag.py took 0.132 seconds
[2022-11-22T00:55:25.522+0000] {processor.py:154} INFO - Started process (PID=2298) to work on /home/airflow/.local/lib/python3.7/site-packages/airflow/example_dags/tutorial_dag.py
[2022-11-22T00:55:25.523+0000] {processor.py:756} INFO - Processing file /home/airflow/.local/lib/python3.7/site-packages/airflow/example_dags/tutorial_dag.py for tasks to queue
[2022-11-22T00:55:25.523+0000] {logging_mixin.py:137} INFO - [2022-11-22T00:55:25.523+0000] {dagbag.py:537} INFO - Filling up the DagBag from /home/airflow/.local/lib/python3.7/site-packages/airflow/example_dags/tutorial_dag.py
[2022-11-22T00:55:25.536+0000] {processor.py:766} INFO - DAG(s) dict_keys(['tutorial_dag']) retrieved from /home/airflow/.local/lib/python3.7/site-packages/airflow/example_dags/tutorial_dag.py
[2022-11-22T00:55:25.578+0000] {logging_mixin.py:137} INFO - [2022-11-22T00:55:25.578+0000] {dag.py:2585} INFO - Sync 1 DAGs
[2022-11-22T00:55:25.608+0000] {logging_mixin.py:137} INFO - [2022-11-22T00:55:25.608+0000] {dag.py:3340} INFO - Setting next_dagrun for tutorial_dag to None, run_after=None
[2022-11-22T00:55:25.632+0000] {processor.py:176} INFO - Processing /home/airflow/.local/lib/python3.7/site-packages/airflow/example_dags/tutorial_dag.py took 0.113 seconds
[2022-11-22T00:55:56.461+0000] {processor.py:154} INFO - Started process (PID=2502) to work on /home/airflow/.local/lib/python3.7/site-packages/airflow/example_dags/tutorial_dag.py
[2022-11-22T00:55:56.462+0000] {processor.py:756} INFO - Processing file /home/airflow/.local/lib/python3.7/site-packages/airflow/example_dags/tutorial_dag.py for tasks to queue
[2022-11-22T00:55:56.463+0000] {logging_mixin.py:137} INFO - [2022-11-22T00:55:56.463+0000] {dagbag.py:537} INFO - Filling up the DagBag from /home/airflow/.local/lib/python3.7/site-packages/airflow/example_dags/tutorial_dag.py
[2022-11-22T00:55:56.476+0000] {processor.py:766} INFO - DAG(s) dict_keys(['tutorial_dag']) retrieved from /home/airflow/.local/lib/python3.7/site-packages/airflow/example_dags/tutorial_dag.py
[2022-11-22T00:55:56.521+0000] {logging_mixin.py:137} INFO - [2022-11-22T00:55:56.521+0000] {dag.py:2585} INFO - Sync 1 DAGs
[2022-11-22T00:55:56.552+0000] {logging_mixin.py:137} INFO - [2022-11-22T00:55:56.552+0000] {dag.py:3340} INFO - Setting next_dagrun for tutorial_dag to None, run_after=None
[2022-11-22T00:55:56.575+0000] {processor.py:176} INFO - Processing /home/airflow/.local/lib/python3.7/site-packages/airflow/example_dags/tutorial_dag.py took 0.117 seconds
[2022-11-22T00:56:27.887+0000] {processor.py:154} INFO - Started process (PID=2707) to work on /home/airflow/.local/lib/python3.7/site-packages/airflow/example_dags/tutorial_dag.py
[2022-11-22T00:56:27.887+0000] {processor.py:756} INFO - Processing file /home/airflow/.local/lib/python3.7/site-packages/airflow/example_dags/tutorial_dag.py for tasks to queue
[2022-11-22T00:56:27.888+0000] {logging_mixin.py:137} INFO - [2022-11-22T00:56:27.888+0000] {dagbag.py:537} INFO - Filling up the DagBag from /home/airflow/.local/lib/python3.7/site-packages/airflow/example_dags/tutorial_dag.py
[2022-11-22T00:56:27.903+0000] {processor.py:766} INFO - DAG(s) dict_keys(['tutorial_dag']) retrieved from /home/airflow/.local/lib/python3.7/site-packages/airflow/example_dags/tutorial_dag.py
[2022-11-22T00:56:27.953+0000] {logging_mixin.py:137} INFO - [2022-11-22T00:56:27.953+0000] {dag.py:2585} INFO - Sync 1 DAGs
[2022-11-22T00:56:27.986+0000] {logging_mixin.py:137} INFO - [2022-11-22T00:56:27.986+0000] {dag.py:3340} INFO - Setting next_dagrun for tutorial_dag to None, run_after=None
[2022-11-22T00:56:28.011+0000] {processor.py:176} INFO - Processing /home/airflow/.local/lib/python3.7/site-packages/airflow/example_dags/tutorial_dag.py took 0.128 seconds
[2022-11-22T00:56:58.099+0000] {processor.py:154} INFO - Started process (PID=2907) to work on /home/airflow/.local/lib/python3.7/site-packages/airflow/example_dags/tutorial_dag.py
[2022-11-22T00:56:58.100+0000] {processor.py:756} INFO - Processing file /home/airflow/.local/lib/python3.7/site-packages/airflow/example_dags/tutorial_dag.py for tasks to queue
[2022-11-22T00:56:58.101+0000] {logging_mixin.py:137} INFO - [2022-11-22T00:56:58.101+0000] {dagbag.py:537} INFO - Filling up the DagBag from /home/airflow/.local/lib/python3.7/site-packages/airflow/example_dags/tutorial_dag.py
[2022-11-22T00:56:58.113+0000] {processor.py:766} INFO - DAG(s) dict_keys(['tutorial_dag']) retrieved from /home/airflow/.local/lib/python3.7/site-packages/airflow/example_dags/tutorial_dag.py
[2022-11-22T00:56:58.152+0000] {logging_mixin.py:137} INFO - [2022-11-22T00:56:58.152+0000] {dag.py:2585} INFO - Sync 1 DAGs
[2022-11-22T00:56:58.179+0000] {logging_mixin.py:137} INFO - [2022-11-22T00:56:58.179+0000] {dag.py:3340} INFO - Setting next_dagrun for tutorial_dag to None, run_after=None
[2022-11-22T00:56:58.203+0000] {processor.py:176} INFO - Processing /home/airflow/.local/lib/python3.7/site-packages/airflow/example_dags/tutorial_dag.py took 0.107 seconds
[2022-11-22T00:57:29.091+0000] {processor.py:154} INFO - Started process (PID=3115) to work on /home/airflow/.local/lib/python3.7/site-packages/airflow/example_dags/tutorial_dag.py
[2022-11-22T00:57:29.092+0000] {processor.py:756} INFO - Processing file /home/airflow/.local/lib/python3.7/site-packages/airflow/example_dags/tutorial_dag.py for tasks to queue
[2022-11-22T00:57:29.093+0000] {logging_mixin.py:137} INFO - [2022-11-22T00:57:29.093+0000] {dagbag.py:537} INFO - Filling up the DagBag from /home/airflow/.local/lib/python3.7/site-packages/airflow/example_dags/tutorial_dag.py
[2022-11-22T00:57:29.107+0000] {processor.py:766} INFO - DAG(s) dict_keys(['tutorial_dag']) retrieved from /home/airflow/.local/lib/python3.7/site-packages/airflow/example_dags/tutorial_dag.py
[2022-11-22T00:57:29.151+0000] {logging_mixin.py:137} INFO - [2022-11-22T00:57:29.150+0000] {dag.py:2585} INFO - Sync 1 DAGs
[2022-11-22T00:57:29.184+0000] {logging_mixin.py:137} INFO - [2022-11-22T00:57:29.184+0000] {dag.py:3340} INFO - Setting next_dagrun for tutorial_dag to None, run_after=None
[2022-11-22T00:57:29.209+0000] {processor.py:176} INFO - Processing /home/airflow/.local/lib/python3.7/site-packages/airflow/example_dags/tutorial_dag.py took 0.120 seconds
[2022-11-22T00:57:59.878+0000] {processor.py:154} INFO - Started process (PID=3313) to work on /home/airflow/.local/lib/python3.7/site-packages/airflow/example_dags/tutorial_dag.py
[2022-11-22T00:57:59.879+0000] {processor.py:756} INFO - Processing file /home/airflow/.local/lib/python3.7/site-packages/airflow/example_dags/tutorial_dag.py for tasks to queue
[2022-11-22T00:57:59.879+0000] {logging_mixin.py:137} INFO - [2022-11-22T00:57:59.879+0000] {dagbag.py:537} INFO - Filling up the DagBag from /home/airflow/.local/lib/python3.7/site-packages/airflow/example_dags/tutorial_dag.py
[2022-11-22T00:57:59.905+0000] {processor.py:766} INFO - DAG(s) dict_keys(['tutorial_dag']) retrieved from /home/airflow/.local/lib/python3.7/site-packages/airflow/example_dags/tutorial_dag.py
[2022-11-22T00:57:59.951+0000] {logging_mixin.py:137} INFO - [2022-11-22T00:57:59.950+0000] {dag.py:2585} INFO - Sync 1 DAGs
[2022-11-22T00:57:59.983+0000] {logging_mixin.py:137} INFO - [2022-11-22T00:57:59.983+0000] {dag.py:3340} INFO - Setting next_dagrun for tutorial_dag to None, run_after=None
[2022-11-22T00:58:00.008+0000] {processor.py:176} INFO - Processing /home/airflow/.local/lib/python3.7/site-packages/airflow/example_dags/tutorial_dag.py took 0.132 seconds
[2022-11-22T00:58:30.278+0000] {processor.py:154} INFO - Started process (PID=3519) to work on /home/airflow/.local/lib/python3.7/site-packages/airflow/example_dags/tutorial_dag.py
[2022-11-22T00:58:30.278+0000] {processor.py:756} INFO - Processing file /home/airflow/.local/lib/python3.7/site-packages/airflow/example_dags/tutorial_dag.py for tasks to queue
[2022-11-22T00:58:30.279+0000] {logging_mixin.py:137} INFO - [2022-11-22T00:58:30.279+0000] {dagbag.py:537} INFO - Filling up the DagBag from /home/airflow/.local/lib/python3.7/site-packages/airflow/example_dags/tutorial_dag.py
[2022-11-22T00:58:30.290+0000] {processor.py:766} INFO - DAG(s) dict_keys(['tutorial_dag']) retrieved from /home/airflow/.local/lib/python3.7/site-packages/airflow/example_dags/tutorial_dag.py
[2022-11-22T00:58:30.330+0000] {logging_mixin.py:137} INFO - [2022-11-22T00:58:30.330+0000] {dag.py:2585} INFO - Sync 1 DAGs
[2022-11-22T00:58:30.358+0000] {logging_mixin.py:137} INFO - [2022-11-22T00:58:30.358+0000] {dag.py:3340} INFO - Setting next_dagrun for tutorial_dag to None, run_after=None
[2022-11-22T00:58:30.380+0000] {processor.py:176} INFO - Processing /home/airflow/.local/lib/python3.7/site-packages/airflow/example_dags/tutorial_dag.py took 0.105 seconds
[2022-11-22T00:59:01.452+0000] {processor.py:154} INFO - Started process (PID=3725) to work on /home/airflow/.local/lib/python3.7/site-packages/airflow/example_dags/tutorial_dag.py
[2022-11-22T00:59:01.453+0000] {processor.py:756} INFO - Processing file /home/airflow/.local/lib/python3.7/site-packages/airflow/example_dags/tutorial_dag.py for tasks to queue
[2022-11-22T00:59:01.454+0000] {logging_mixin.py:137} INFO - [2022-11-22T00:59:01.454+0000] {dagbag.py:537} INFO - Filling up the DagBag from /home/airflow/.local/lib/python3.7/site-packages/airflow/example_dags/tutorial_dag.py
[2022-11-22T00:59:01.465+0000] {processor.py:766} INFO - DAG(s) dict_keys(['tutorial_dag']) retrieved from /home/airflow/.local/lib/python3.7/site-packages/airflow/example_dags/tutorial_dag.py
[2022-11-22T00:59:01.503+0000] {logging_mixin.py:137} INFO - [2022-11-22T00:59:01.502+0000] {dag.py:2585} INFO - Sync 1 DAGs
[2022-11-22T00:59:01.531+0000] {logging_mixin.py:137} INFO - [2022-11-22T00:59:01.531+0000] {dag.py:3340} INFO - Setting next_dagrun for tutorial_dag to None, run_after=None
[2022-11-22T00:59:01.553+0000] {processor.py:176} INFO - Processing /home/airflow/.local/lib/python3.7/site-packages/airflow/example_dags/tutorial_dag.py took 0.103 seconds
[2022-11-22T00:59:31.869+0000] {processor.py:154} INFO - Started process (PID=3924) to work on /home/airflow/.local/lib/python3.7/site-packages/airflow/example_dags/tutorial_dag.py
[2022-11-22T00:59:31.869+0000] {processor.py:756} INFO - Processing file /home/airflow/.local/lib/python3.7/site-packages/airflow/example_dags/tutorial_dag.py for tasks to queue
[2022-11-22T00:59:31.870+0000] {logging_mixin.py:137} INFO - [2022-11-22T00:59:31.870+0000] {dagbag.py:537} INFO - Filling up the DagBag from /home/airflow/.local/lib/python3.7/site-packages/airflow/example_dags/tutorial_dag.py
[2022-11-22T00:59:31.884+0000] {processor.py:766} INFO - DAG(s) dict_keys(['tutorial_dag']) retrieved from /home/airflow/.local/lib/python3.7/site-packages/airflow/example_dags/tutorial_dag.py
[2022-11-22T00:59:31.932+0000] {logging_mixin.py:137} INFO - [2022-11-22T00:59:31.931+0000] {dag.py:2585} INFO - Sync 1 DAGs
[2022-11-22T00:59:31.964+0000] {logging_mixin.py:137} INFO - [2022-11-22T00:59:31.964+0000] {dag.py:3340} INFO - Setting next_dagrun for tutorial_dag to None, run_after=None
[2022-11-22T00:59:31.987+0000] {processor.py:176} INFO - Processing /home/airflow/.local/lib/python3.7/site-packages/airflow/example_dags/tutorial_dag.py took 0.122 seconds
[2022-11-22T01:00:03.167+0000] {processor.py:154} INFO - Started process (PID=4130) to work on /home/airflow/.local/lib/python3.7/site-packages/airflow/example_dags/tutorial_dag.py
[2022-11-22T01:00:03.169+0000] {processor.py:756} INFO - Processing file /home/airflow/.local/lib/python3.7/site-packages/airflow/example_dags/tutorial_dag.py for tasks to queue
[2022-11-22T01:00:03.170+0000] {logging_mixin.py:137} INFO - [2022-11-22T01:00:03.170+0000] {dagbag.py:537} INFO - Filling up the DagBag from /home/airflow/.local/lib/python3.7/site-packages/airflow/example_dags/tutorial_dag.py
[2022-11-22T01:00:03.184+0000] {processor.py:766} INFO - DAG(s) dict_keys(['tutorial_dag']) retrieved from /home/airflow/.local/lib/python3.7/site-packages/airflow/example_dags/tutorial_dag.py
[2022-11-22T01:00:03.228+0000] {logging_mixin.py:137} INFO - [2022-11-22T01:00:03.228+0000] {dag.py:2585} INFO - Sync 1 DAGs
[2022-11-22T01:00:03.260+0000] {logging_mixin.py:137} INFO - [2022-11-22T01:00:03.260+0000] {dag.py:3340} INFO - Setting next_dagrun for tutorial_dag to None, run_after=None
[2022-11-22T01:00:03.285+0000] {processor.py:176} INFO - Processing /home/airflow/.local/lib/python3.7/site-packages/airflow/example_dags/tutorial_dag.py took 0.122 seconds
[2022-11-22T01:00:34.267+0000] {processor.py:154} INFO - Started process (PID=4336) to work on /home/airflow/.local/lib/python3.7/site-packages/airflow/example_dags/tutorial_dag.py
[2022-11-22T01:00:34.269+0000] {processor.py:756} INFO - Processing file /home/airflow/.local/lib/python3.7/site-packages/airflow/example_dags/tutorial_dag.py for tasks to queue
[2022-11-22T01:00:34.269+0000] {logging_mixin.py:137} INFO - [2022-11-22T01:00:34.269+0000] {dagbag.py:537} INFO - Filling up the DagBag from /home/airflow/.local/lib/python3.7/site-packages/airflow/example_dags/tutorial_dag.py
[2022-11-22T01:00:34.284+0000] {processor.py:766} INFO - DAG(s) dict_keys(['tutorial_dag']) retrieved from /home/airflow/.local/lib/python3.7/site-packages/airflow/example_dags/tutorial_dag.py
[2022-11-22T01:00:34.322+0000] {logging_mixin.py:137} INFO - [2022-11-22T01:00:34.322+0000] {dag.py:2585} INFO - Sync 1 DAGs
[2022-11-22T01:00:34.348+0000] {logging_mixin.py:137} INFO - [2022-11-22T01:00:34.348+0000] {dag.py:3340} INFO - Setting next_dagrun for tutorial_dag to None, run_after=None
[2022-11-22T01:00:34.373+0000] {processor.py:176} INFO - Processing /home/airflow/.local/lib/python3.7/site-packages/airflow/example_dags/tutorial_dag.py took 0.108 seconds
[2022-11-22T01:01:04.788+0000] {processor.py:154} INFO - Started process (PID=4534) to work on /home/airflow/.local/lib/python3.7/site-packages/airflow/example_dags/tutorial_dag.py
[2022-11-22T01:01:04.789+0000] {processor.py:756} INFO - Processing file /home/airflow/.local/lib/python3.7/site-packages/airflow/example_dags/tutorial_dag.py for tasks to queue
[2022-11-22T01:01:04.789+0000] {logging_mixin.py:137} INFO - [2022-11-22T01:01:04.789+0000] {dagbag.py:537} INFO - Filling up the DagBag from /home/airflow/.local/lib/python3.7/site-packages/airflow/example_dags/tutorial_dag.py
[2022-11-22T01:01:04.803+0000] {processor.py:766} INFO - DAG(s) dict_keys(['tutorial_dag']) retrieved from /home/airflow/.local/lib/python3.7/site-packages/airflow/example_dags/tutorial_dag.py
[2022-11-22T01:01:04.846+0000] {logging_mixin.py:137} INFO - [2022-11-22T01:01:04.846+0000] {dag.py:2585} INFO - Sync 1 DAGs
[2022-11-22T01:01:04.879+0000] {logging_mixin.py:137} INFO - [2022-11-22T01:01:04.878+0000] {dag.py:3340} INFO - Setting next_dagrun for tutorial_dag to None, run_after=None
[2022-11-22T01:01:04.905+0000] {processor.py:176} INFO - Processing /home/airflow/.local/lib/python3.7/site-packages/airflow/example_dags/tutorial_dag.py took 0.121 seconds
[2022-11-22T01:01:35.722+0000] {processor.py:154} INFO - Started process (PID=4740) to work on /home/airflow/.local/lib/python3.7/site-packages/airflow/example_dags/tutorial_dag.py
[2022-11-22T01:01:35.723+0000] {processor.py:756} INFO - Processing file /home/airflow/.local/lib/python3.7/site-packages/airflow/example_dags/tutorial_dag.py for tasks to queue
[2022-11-22T01:01:35.724+0000] {logging_mixin.py:137} INFO - [2022-11-22T01:01:35.724+0000] {dagbag.py:537} INFO - Filling up the DagBag from /home/airflow/.local/lib/python3.7/site-packages/airflow/example_dags/tutorial_dag.py
[2022-11-22T01:01:35.737+0000] {processor.py:766} INFO - DAG(s) dict_keys(['tutorial_dag']) retrieved from /home/airflow/.local/lib/python3.7/site-packages/airflow/example_dags/tutorial_dag.py
[2022-11-22T01:01:35.780+0000] {logging_mixin.py:137} INFO - [2022-11-22T01:01:35.779+0000] {dag.py:2585} INFO - Sync 1 DAGs
[2022-11-22T01:01:35.812+0000] {logging_mixin.py:137} INFO - [2022-11-22T01:01:35.811+0000] {dag.py:3340} INFO - Setting next_dagrun for tutorial_dag to None, run_after=None
[2022-11-22T01:01:35.835+0000] {processor.py:176} INFO - Processing /home/airflow/.local/lib/python3.7/site-packages/airflow/example_dags/tutorial_dag.py took 0.116 seconds
