[2022-11-22T01:38:19.781+0000] {taskinstance.py:1165} INFO - Dependencies all met for <TaskInstance: our_first_dag_v5.first_task scheduled__2021-09-14T00:00:00+00:00 [queued]>
[2022-11-22T01:38:19.875+0000] {taskinstance.py:1165} INFO - Dependencies all met for <TaskInstance: our_first_dag_v5.first_task scheduled__2021-09-14T00:00:00+00:00 [queued]>
[2022-11-22T01:38:19.875+0000] {taskinstance.py:1362} INFO - 
--------------------------------------------------------------------------------
[2022-11-22T01:38:19.875+0000] {taskinstance.py:1363} INFO - Starting attempt 1 of 6
[2022-11-22T01:38:19.875+0000] {taskinstance.py:1364} INFO - 
--------------------------------------------------------------------------------
[2022-11-22T01:38:20.055+0000] {taskinstance.py:1383} INFO - Executing <Task(BashOperator): first_task> on 2021-09-14 00:00:00+00:00
[2022-11-22T01:38:20.122+0000] {standard_task_runner.py:55} INFO - Started process 1487 to run task
[2022-11-22T01:38:20.136+0000] {standard_task_runner.py:82} INFO - Running: ['***', 'tasks', 'run', 'our_first_dag_v5', 'first_task', 'scheduled__2021-09-14T00:00:00+00:00', '--job-id', '131', '--raw', '--subdir', 'DAGS_FOLDER/our_first_dag.py', '--cfg-path', '/tmp/tmpu_amdxbi']
[2022-11-22T01:38:20.139+0000] {standard_task_runner.py:83} INFO - Job 131: Subtask first_task
[2022-11-22T01:38:20.364+0000] {task_command.py:376} INFO - Running <TaskInstance: our_first_dag_v5.first_task scheduled__2021-09-14T00:00:00+00:00 [running]> on host ada0bfaa3ff2
[2022-11-22T01:38:20.759+0000] {taskinstance.py:1592} INFO - Exporting the following env vars:
AIRFLOW_CTX_DAG_OWNER=bruno
AIRFLOW_CTX_DAG_ID=our_first_dag_v5
AIRFLOW_CTX_TASK_ID=first_task
AIRFLOW_CTX_EXECUTION_DATE=2021-09-14T00:00:00+00:00
AIRFLOW_CTX_TRY_NUMBER=1
AIRFLOW_CTX_DAG_RUN_ID=scheduled__2021-09-14T00:00:00+00:00
[2022-11-22T01:38:20.760+0000] {subprocess.py:63} INFO - Tmp dir root location: 
 /tmp
[2022-11-22T01:38:20.761+0000] {subprocess.py:75} INFO - Running command: ['/bin/bash', '-c', 'echo hello world, this is the first task!']
[2022-11-22T01:38:20.843+0000] {subprocess.py:86} INFO - Output:
[2022-11-22T01:38:20.845+0000] {subprocess.py:93} INFO - hello world, this is the first task!
[2022-11-22T01:38:20.846+0000] {subprocess.py:97} INFO - Command exited with return code 0
[2022-11-22T01:38:20.942+0000] {taskinstance.py:1406} INFO - Marking task as SUCCESS. dag_id=our_first_dag_v5, task_id=first_task, execution_date=20210914T000000, start_date=20221122T013819, end_date=20221122T013820
[2022-11-22T01:38:21.092+0000] {local_task_job.py:159} INFO - Task exited with return code 0
[2022-11-22T01:38:21.224+0000] {taskinstance.py:2623} INFO - 2 downstream tasks scheduled from follow-on schedule check
