[2022-11-30T01:43:21.246+0000] {taskinstance.py:1165} INFO - Dependencies all met for <TaskInstance: dag_with_postgres_operator_v02.create_postgres_table manual__2022-11-30T01:43:19.795233+00:00 [queued]>
[2022-11-30T01:43:21.261+0000] {taskinstance.py:1165} INFO - Dependencies all met for <TaskInstance: dag_with_postgres_operator_v02.create_postgres_table manual__2022-11-30T01:43:19.795233+00:00 [queued]>
[2022-11-30T01:43:21.262+0000] {taskinstance.py:1362} INFO - 
--------------------------------------------------------------------------------
[2022-11-30T01:43:21.262+0000] {taskinstance.py:1363} INFO - Starting attempt 1 of 6
[2022-11-30T01:43:21.262+0000] {taskinstance.py:1364} INFO - 
--------------------------------------------------------------------------------
[2022-11-30T01:43:21.289+0000] {taskinstance.py:1383} INFO - Executing <Task(PostgresOperator): create_postgres_table> on 2022-11-30 01:43:19.795233+00:00
[2022-11-30T01:43:21.293+0000] {standard_task_runner.py:55} INFO - Started process 1557 to run task
[2022-11-30T01:43:21.295+0000] {standard_task_runner.py:82} INFO - Running: ['***', 'tasks', 'run', 'dag_with_postgres_operator_v02', 'create_postgres_table', 'manual__2022-11-30T01:43:19.795233+00:00', '--job-id', '155', '--raw', '--subdir', 'DAGS_FOLDER/dag_with_postgres_operator.py', '--cfg-path', '/tmp/tmpj7_76f_d']
[2022-11-30T01:43:21.297+0000] {standard_task_runner.py:83} INFO - Job 155: Subtask create_postgres_table
[2022-11-30T01:43:21.374+0000] {task_command.py:376} INFO - Running <TaskInstance: dag_with_postgres_operator_v02.create_postgres_table manual__2022-11-30T01:43:19.795233+00:00 [running]> on host 2c9b3e546def
[2022-11-30T01:43:21.467+0000] {taskinstance.py:1592} INFO - Exporting the following env vars:
AIRFLOW_CTX_DAG_OWNER=Bruno Lima
AIRFLOW_CTX_DAG_ID=dag_with_postgres_operator_v02
AIRFLOW_CTX_TASK_ID=create_postgres_table
AIRFLOW_CTX_EXECUTION_DATE=2022-11-30T01:43:19.795233+00:00
AIRFLOW_CTX_TRY_NUMBER=1
AIRFLOW_CTX_DAG_RUN_ID=manual__2022-11-30T01:43:19.795233+00:00
[2022-11-30T01:43:21.478+0000] {base.py:71} INFO - Using connection ID 'postgres_localhost' for task execution.
[2022-11-30T01:43:21.482+0000] {sql.py:315} INFO - Running statement: 
            create table if not exists dag_runs(
                dt date,
                dag_id character varying,
                primary key (dt, dag_id)
            )
        , parameters: None
[2022-11-30T01:43:21.483+0000] {postgres.py:96} INFO - NOTICE:  relation "dag_runs" already exists, skipping

[2022-11-30T01:43:21.495+0000] {taskinstance.py:1406} INFO - Marking task as SUCCESS. dag_id=dag_with_postgres_operator_v02, task_id=create_postgres_table, execution_date=20221130T014319, start_date=20221130T014321, end_date=20221130T014321
[2022-11-30T01:43:21.512+0000] {local_task_job.py:159} INFO - Task exited with return code 0
[2022-11-30T01:43:21.543+0000] {taskinstance.py:2623} INFO - 1 downstream tasks scheduled from follow-on schedule check
