[2022-11-26T20:18:56.658+0000] {taskinstance.py:1165} INFO - Dependencies all met for <TaskInstance: our_dag_with_python_operator_v03.get_name scheduled__2022-11-25T00:00:00+00:00 [queued]>
[2022-11-26T20:18:56.670+0000] {taskinstance.py:1165} INFO - Dependencies all met for <TaskInstance: our_dag_with_python_operator_v03.get_name scheduled__2022-11-25T00:00:00+00:00 [queued]>
[2022-11-26T20:18:56.670+0000] {taskinstance.py:1362} INFO - 
--------------------------------------------------------------------------------
[2022-11-26T20:18:56.670+0000] {taskinstance.py:1363} INFO - Starting attempt 1 of 6
[2022-11-26T20:18:56.670+0000] {taskinstance.py:1364} INFO - 
--------------------------------------------------------------------------------
[2022-11-26T20:18:56.688+0000] {taskinstance.py:1383} INFO - Executing <Task(PythonOperator): get_name> on 2022-11-25 00:00:00+00:00
[2022-11-26T20:18:56.693+0000] {standard_task_runner.py:55} INFO - Started process 1858 to run task
[2022-11-26T20:18:56.695+0000] {standard_task_runner.py:82} INFO - Running: ['***', 'tasks', 'run', 'our_dag_with_python_operator_v03', 'get_name', 'scheduled__2022-11-25T00:00:00+00:00', '--job-id', '5', '--raw', '--subdir', 'DAGS_FOLDER/create_dag_with_python_operator.py', '--cfg-path', '/tmp/tmp74l0f5jv']
[2022-11-26T20:18:56.696+0000] {standard_task_runner.py:83} INFO - Job 5: Subtask get_name
[2022-11-26T20:18:56.763+0000] {task_command.py:376} INFO - Running <TaskInstance: our_dag_with_python_operator_v03.get_name scheduled__2022-11-25T00:00:00+00:00 [running]> on host 3d834fabdefd
[2022-11-26T20:18:56.847+0000] {taskinstance.py:1592} INFO - Exporting the following env vars:
AIRFLOW_CTX_DAG_OWNER=burno
AIRFLOW_CTX_DAG_ID=our_dag_with_python_operator_v03
AIRFLOW_CTX_TASK_ID=get_name
AIRFLOW_CTX_EXECUTION_DATE=2022-11-25T00:00:00+00:00
AIRFLOW_CTX_TRY_NUMBER=1
AIRFLOW_CTX_DAG_RUN_ID=scheduled__2022-11-25T00:00:00+00:00
[2022-11-26T20:18:56.847+0000] {python.py:177} INFO - Done. Returned value was: Jerry
[2022-11-26T20:18:56.873+0000] {taskinstance.py:1406} INFO - Marking task as SUCCESS. dag_id=our_dag_with_python_operator_v03, task_id=get_name, execution_date=20221125T000000, start_date=20221126T201856, end_date=20221126T201856
[2022-11-26T20:18:56.910+0000] {local_task_job.py:159} INFO - Task exited with return code 0
[2022-11-26T20:18:56.930+0000] {taskinstance.py:2623} INFO - 0 downstream tasks scheduled from follow-on schedule check
