[2022-11-30T01:32:37.309+0000] {taskinstance.py:1165} INFO - Dependencies all met for <TaskInstance: our_dag_with_python_operator_v06.get_age scheduled__2022-11-29T00:00:00+00:00 [queued]>
[2022-11-30T01:32:37.342+0000] {taskinstance.py:1165} INFO - Dependencies all met for <TaskInstance: our_dag_with_python_operator_v06.get_age scheduled__2022-11-29T00:00:00+00:00 [queued]>
[2022-11-30T01:32:37.342+0000] {taskinstance.py:1362} INFO - 
--------------------------------------------------------------------------------
[2022-11-30T01:32:37.347+0000] {taskinstance.py:1363} INFO - Starting attempt 1 of 6
[2022-11-30T01:32:37.372+0000] {taskinstance.py:1364} INFO - 
--------------------------------------------------------------------------------
[2022-11-30T01:32:37.407+0000] {taskinstance.py:1383} INFO - Executing <Task(PythonOperator): get_age> on 2022-11-29 00:00:00+00:00
[2022-11-30T01:32:37.413+0000] {standard_task_runner.py:55} INFO - Started process 247 to run task
[2022-11-30T01:32:37.427+0000] {standard_task_runner.py:82} INFO - Running: ['***', 'tasks', 'run', 'our_dag_with_python_operator_v06', 'get_age', 'scheduled__2022-11-29T00:00:00+00:00', '--job-id', '132', '--raw', '--subdir', 'DAGS_FOLDER/create_dag_with_python_operator.py', '--cfg-path', '/tmp/tmpnz1perei']
[2022-11-30T01:32:37.428+0000] {standard_task_runner.py:83} INFO - Job 132: Subtask get_age
[2022-11-30T01:32:37.704+0000] {task_command.py:376} INFO - Running <TaskInstance: our_dag_with_python_operator_v06.get_age scheduled__2022-11-29T00:00:00+00:00 [running]> on host 2c9b3e546def
[2022-11-30T01:32:37.817+0000] {taskinstance.py:1592} INFO - Exporting the following env vars:
AIRFLOW_CTX_DAG_OWNER=burno
AIRFLOW_CTX_DAG_ID=our_dag_with_python_operator_v06
AIRFLOW_CTX_TASK_ID=get_age
AIRFLOW_CTX_EXECUTION_DATE=2022-11-29T00:00:00+00:00
AIRFLOW_CTX_TRY_NUMBER=1
AIRFLOW_CTX_DAG_RUN_ID=scheduled__2022-11-29T00:00:00+00:00
[2022-11-30T01:32:37.830+0000] {python.py:177} INFO - Done. Returned value was: None
[2022-11-30T01:32:37.843+0000] {taskinstance.py:1406} INFO - Marking task as SUCCESS. dag_id=our_dag_with_python_operator_v06, task_id=get_age, execution_date=20221129T000000, start_date=20221130T013237, end_date=20221130T013237
[2022-11-30T01:32:37.890+0000] {local_task_job.py:159} INFO - Task exited with return code 0
[2022-11-30T01:32:37.922+0000] {taskinstance.py:2623} INFO - 1 downstream tasks scheduled from follow-on schedule check
