[2022-11-30T01:32:35.451+0000] {taskinstance.py:1165} INFO - Dependencies all met for <TaskInstance: dag_with_taskflow_api_v02.get_name scheduled__2022-11-29T00:00:00+00:00 [queued]>
[2022-11-30T01:32:35.507+0000] {taskinstance.py:1165} INFO - Dependencies all met for <TaskInstance: dag_with_taskflow_api_v02.get_name scheduled__2022-11-29T00:00:00+00:00 [queued]>
[2022-11-30T01:32:35.511+0000] {taskinstance.py:1362} INFO - 
--------------------------------------------------------------------------------
[2022-11-30T01:32:35.515+0000] {taskinstance.py:1363} INFO - Starting attempt 1 of 6
[2022-11-30T01:32:35.515+0000] {taskinstance.py:1364} INFO - 
--------------------------------------------------------------------------------
[2022-11-30T01:32:35.686+0000] {taskinstance.py:1383} INFO - Executing <Task(_PythonDecoratedOperator): get_name> on 2022-11-29 00:00:00+00:00
[2022-11-30T01:32:35.726+0000] {standard_task_runner.py:55} INFO - Started process 239 to run task
[2022-11-30T01:32:35.755+0000] {standard_task_runner.py:82} INFO - Running: ['***', 'tasks', 'run', 'dag_with_taskflow_api_v02', 'get_name', 'scheduled__2022-11-29T00:00:00+00:00', '--job-id', '128', '--raw', '--subdir', 'DAGS_FOLDER/dag_eith_tasksflow_api.py', '--cfg-path', '/tmp/tmpxak37fdw']
[2022-11-30T01:32:35.801+0000] {standard_task_runner.py:83} INFO - Job 128: Subtask get_name
[2022-11-30T01:32:36.172+0000] {task_command.py:376} INFO - Running <TaskInstance: dag_with_taskflow_api_v02.get_name scheduled__2022-11-29T00:00:00+00:00 [running]> on host 2c9b3e546def
[2022-11-30T01:32:36.444+0000] {taskinstance.py:1592} INFO - Exporting the following env vars:
AIRFLOW_CTX_DAG_OWNER=bruno
AIRFLOW_CTX_DAG_ID=dag_with_taskflow_api_v02
AIRFLOW_CTX_TASK_ID=get_name
AIRFLOW_CTX_EXECUTION_DATE=2022-11-29T00:00:00+00:00
AIRFLOW_CTX_TRY_NUMBER=1
AIRFLOW_CTX_DAG_RUN_ID=scheduled__2022-11-29T00:00:00+00:00
[2022-11-30T01:32:36.445+0000] {python.py:177} INFO - Done. Returned value was: {'first_name': 'Bruno', 'last_name': 'Lima'}
[2022-11-30T01:32:36.493+0000] {taskinstance.py:1406} INFO - Marking task as SUCCESS. dag_id=dag_with_taskflow_api_v02, task_id=get_name, execution_date=20221129T000000, start_date=20221130T013235, end_date=20221130T013236
[2022-11-30T01:32:36.524+0000] {local_task_job.py:159} INFO - Task exited with return code 0
[2022-11-30T01:32:36.566+0000] {taskinstance.py:2623} INFO - 0 downstream tasks scheduled from follow-on schedule check
