[2022-11-22T01:37:52.890+0000] {taskinstance.py:1165} INFO - Dependencies all met for <TaskInstance: our_first_dag_v5.second_task scheduled__2021-08-16T00:00:00+00:00 [queued]>
[2022-11-22T01:37:52.986+0000] {taskinstance.py:1165} INFO - Dependencies all met for <TaskInstance: our_first_dag_v5.second_task scheduled__2021-08-16T00:00:00+00:00 [queued]>
[2022-11-22T01:37:52.991+0000] {taskinstance.py:1362} INFO - 
--------------------------------------------------------------------------------
[2022-11-22T01:37:52.991+0000] {taskinstance.py:1363} INFO - Starting attempt 1 of 6
[2022-11-22T01:37:52.991+0000] {taskinstance.py:1364} INFO - 
--------------------------------------------------------------------------------
[2022-11-22T01:37:53.071+0000] {taskinstance.py:1383} INFO - Executing <Task(BashOperator): second_task> on 2021-08-16 00:00:00+00:00
[2022-11-22T01:37:53.080+0000] {standard_task_runner.py:55} INFO - Started process 1253 to run task
[2022-11-22T01:37:53.136+0000] {standard_task_runner.py:82} INFO - Running: ['***', 'tasks', 'run', 'our_first_dag_v5', 'second_task', 'scheduled__2021-08-16T00:00:00+00:00', '--job-id', '63', '--raw', '--subdir', 'DAGS_FOLDER/our_first_dag.py', '--cfg-path', '/tmp/tmpxy1e50_m']
[2022-11-22T01:37:53.152+0000] {standard_task_runner.py:83} INFO - Job 63: Subtask second_task
[2022-11-22T01:37:53.424+0000] {task_command.py:376} INFO - Running <TaskInstance: our_first_dag_v5.second_task scheduled__2021-08-16T00:00:00+00:00 [running]> on host ada0bfaa3ff2
[2022-11-22T01:37:53.741+0000] {taskinstance.py:1592} INFO - Exporting the following env vars:
AIRFLOW_CTX_DAG_OWNER=bruno
AIRFLOW_CTX_DAG_ID=our_first_dag_v5
AIRFLOW_CTX_TASK_ID=second_task
AIRFLOW_CTX_EXECUTION_DATE=2021-08-16T00:00:00+00:00
AIRFLOW_CTX_TRY_NUMBER=1
AIRFLOW_CTX_DAG_RUN_ID=scheduled__2021-08-16T00:00:00+00:00
[2022-11-22T01:37:53.742+0000] {subprocess.py:63} INFO - Tmp dir root location: 
 /tmp
[2022-11-22T01:37:53.743+0000] {subprocess.py:75} INFO - Running command: ['/bin/bash', '-c', 'echo hey, I am task2 and will be running after task1!']
[2022-11-22T01:37:53.768+0000] {subprocess.py:86} INFO - Output:
[2022-11-22T01:37:53.772+0000] {subprocess.py:93} INFO - hey, I am task2 and will be running after task1!
[2022-11-22T01:37:53.773+0000] {subprocess.py:97} INFO - Command exited with return code 0
[2022-11-22T01:37:53.852+0000] {taskinstance.py:1406} INFO - Marking task as SUCCESS. dag_id=our_first_dag_v5, task_id=second_task, execution_date=20210816T000000, start_date=20221122T013752, end_date=20221122T013753
[2022-11-22T01:37:53.963+0000] {local_task_job.py:159} INFO - Task exited with return code 0
[2022-11-22T01:37:54.198+0000] {taskinstance.py:2623} INFO - 0 downstream tasks scheduled from follow-on schedule check
