[2022-11-26T21:28:03.430+0000] {taskinstance.py:1165} INFO - Dependencies all met for <TaskInstance: dag_with_cron_expression_v01.task1 scheduled__2022-11-13T00:00:00+00:00 [queued]>
[2022-11-26T21:28:03.458+0000] {taskinstance.py:1165} INFO - Dependencies all met for <TaskInstance: dag_with_cron_expression_v01.task1 scheduled__2022-11-13T00:00:00+00:00 [queued]>
[2022-11-26T21:28:03.458+0000] {taskinstance.py:1362} INFO - 
--------------------------------------------------------------------------------
[2022-11-26T21:28:03.458+0000] {taskinstance.py:1363} INFO - Starting attempt 1 of 6
[2022-11-26T21:28:03.458+0000] {taskinstance.py:1364} INFO - 
--------------------------------------------------------------------------------
[2022-11-26T21:28:03.593+0000] {taskinstance.py:1383} INFO - Executing <Task(BashOperator): task1> on 2022-11-13 00:00:00+00:00
[2022-11-26T21:28:03.598+0000] {standard_task_runner.py:55} INFO - Started process 8380 to run task
[2022-11-26T21:28:03.609+0000] {standard_task_runner.py:82} INFO - Running: ['***', 'tasks', 'run', 'dag_with_cron_expression_v01', 'task1', 'scheduled__2022-11-13T00:00:00+00:00', '--job-id', '56', '--raw', '--subdir', 'DAGS_FOLDER/dag_with_cronn_expression.py', '--cfg-path', '/tmp/tmpouag2z2d']
[2022-11-26T21:28:03.615+0000] {standard_task_runner.py:83} INFO - Job 56: Subtask task1
[2022-11-26T21:28:03.731+0000] {task_command.py:376} INFO - Running <TaskInstance: dag_with_cron_expression_v01.task1 scheduled__2022-11-13T00:00:00+00:00 [running]> on host 3d834fabdefd
[2022-11-26T21:28:03.945+0000] {taskinstance.py:1592} INFO - Exporting the following env vars:
AIRFLOW_CTX_DAG_OWNER=Bruno
AIRFLOW_CTX_DAG_ID=dag_with_cron_expression_v01
AIRFLOW_CTX_TASK_ID=task1
AIRFLOW_CTX_EXECUTION_DATE=2022-11-13T00:00:00+00:00
AIRFLOW_CTX_TRY_NUMBER=1
AIRFLOW_CTX_DAG_RUN_ID=scheduled__2022-11-13T00:00:00+00:00
[2022-11-26T21:28:03.946+0000] {subprocess.py:63} INFO - Tmp dir root location: 
 /tmp
[2022-11-26T21:28:03.947+0000] {subprocess.py:75} INFO - Running command: ['/bin/bash', '-c', 'echo dag with cron expression!']
[2022-11-26T21:28:03.970+0000] {subprocess.py:86} INFO - Output:
[2022-11-26T21:28:03.973+0000] {subprocess.py:93} INFO - dag with cron expression!
[2022-11-26T21:28:03.974+0000] {subprocess.py:97} INFO - Command exited with return code 0
[2022-11-26T21:28:04.066+0000] {taskinstance.py:1406} INFO - Marking task as SUCCESS. dag_id=dag_with_cron_expression_v01, task_id=task1, execution_date=20221113T000000, start_date=20221126T212803, end_date=20221126T212804
[2022-11-26T21:28:04.103+0000] {local_task_job.py:159} INFO - Task exited with return code 0
[2022-11-26T21:28:04.133+0000] {taskinstance.py:2623} INFO - 0 downstream tasks scheduled from follow-on schedule check
