[2022-11-30T01:32:29.511+0000] {processor.py:154} INFO - Started process (PID=185) to work on /opt/airflow/dags/create_dag_with_python_operator.py
[2022-11-30T01:32:29.514+0000] {processor.py:756} INFO - Processing file /opt/airflow/dags/create_dag_with_python_operator.py for tasks to queue
[2022-11-30T01:32:29.515+0000] {logging_mixin.py:137} INFO - [2022-11-30T01:32:29.515+0000] {dagbag.py:537} INFO - Filling up the DagBag from /opt/airflow/dags/create_dag_with_python_operator.py
[2022-11-30T01:32:29.537+0000] {processor.py:766} INFO - DAG(s) dict_keys(['our_dag_with_python_operator_v06']) retrieved from /opt/airflow/dags/create_dag_with_python_operator.py
[2022-11-30T01:32:29.674+0000] {logging_mixin.py:137} INFO - [2022-11-30T01:32:29.673+0000] {dag.py:2585} INFO - Sync 1 DAGs
[2022-11-30T01:32:29.709+0000] {logging_mixin.py:137} INFO - [2022-11-30T01:32:29.709+0000] {dag.py:3340} INFO - Setting next_dagrun for our_dag_with_python_operator_v06 to 2022-11-28T00:00:00+00:00, run_after=2022-11-29T00:00:00+00:00
[2022-11-30T01:32:29.744+0000] {processor.py:176} INFO - Processing /opt/airflow/dags/create_dag_with_python_operator.py took 0.235 seconds
[2022-11-30T01:33:00.448+0000] {processor.py:154} INFO - Started process (PID=288) to work on /opt/airflow/dags/create_dag_with_python_operator.py
[2022-11-30T01:33:00.450+0000] {processor.py:756} INFO - Processing file /opt/airflow/dags/create_dag_with_python_operator.py for tasks to queue
[2022-11-30T01:33:00.451+0000] {logging_mixin.py:137} INFO - [2022-11-30T01:33:00.451+0000] {dagbag.py:537} INFO - Filling up the DagBag from /opt/airflow/dags/create_dag_with_python_operator.py
[2022-11-30T01:33:00.467+0000] {processor.py:766} INFO - DAG(s) dict_keys(['our_dag_with_python_operator_v06']) retrieved from /opt/airflow/dags/create_dag_with_python_operator.py
[2022-11-30T01:33:00.560+0000] {logging_mixin.py:137} INFO - [2022-11-30T01:33:00.560+0000] {dag.py:2585} INFO - Sync 1 DAGs
[2022-11-30T01:33:00.593+0000] {logging_mixin.py:137} INFO - [2022-11-30T01:33:00.593+0000] {dag.py:3340} INFO - Setting next_dagrun for our_dag_with_python_operator_v06 to 2022-11-30T00:00:00+00:00, run_after=2022-12-01T00:00:00+00:00
[2022-11-30T01:33:00.617+0000] {processor.py:176} INFO - Processing /opt/airflow/dags/create_dag_with_python_operator.py took 0.172 seconds
[2022-11-30T01:33:31.055+0000] {processor.py:154} INFO - Started process (PID=336) to work on /opt/airflow/dags/create_dag_with_python_operator.py
[2022-11-30T01:33:31.056+0000] {processor.py:756} INFO - Processing file /opt/airflow/dags/create_dag_with_python_operator.py for tasks to queue
[2022-11-30T01:33:31.056+0000] {logging_mixin.py:137} INFO - [2022-11-30T01:33:31.056+0000] {dagbag.py:537} INFO - Filling up the DagBag from /opt/airflow/dags/create_dag_with_python_operator.py
[2022-11-30T01:33:31.074+0000] {processor.py:766} INFO - DAG(s) dict_keys(['our_dag_with_python_operator_v06']) retrieved from /opt/airflow/dags/create_dag_with_python_operator.py
[2022-11-30T01:33:31.115+0000] {logging_mixin.py:137} INFO - [2022-11-30T01:33:31.115+0000] {dag.py:2585} INFO - Sync 1 DAGs
[2022-11-30T01:33:31.151+0000] {logging_mixin.py:137} INFO - [2022-11-30T01:33:31.150+0000] {dag.py:3340} INFO - Setting next_dagrun for our_dag_with_python_operator_v06 to 2022-11-30T00:00:00+00:00, run_after=2022-12-01T00:00:00+00:00
[2022-11-30T01:33:31.172+0000] {processor.py:176} INFO - Processing /opt/airflow/dags/create_dag_with_python_operator.py took 0.119 seconds
[2022-11-30T01:34:01.712+0000] {processor.py:154} INFO - Started process (PID=392) to work on /opt/airflow/dags/create_dag_with_python_operator.py
[2022-11-30T01:34:01.716+0000] {processor.py:756} INFO - Processing file /opt/airflow/dags/create_dag_with_python_operator.py for tasks to queue
[2022-11-30T01:34:01.716+0000] {logging_mixin.py:137} INFO - [2022-11-30T01:34:01.716+0000] {dagbag.py:537} INFO - Filling up the DagBag from /opt/airflow/dags/create_dag_with_python_operator.py
[2022-11-30T01:34:01.734+0000] {processor.py:766} INFO - DAG(s) dict_keys(['our_dag_with_python_operator_v06']) retrieved from /opt/airflow/dags/create_dag_with_python_operator.py
[2022-11-30T01:34:01.779+0000] {logging_mixin.py:137} INFO - [2022-11-30T01:34:01.779+0000] {dag.py:2585} INFO - Sync 1 DAGs
[2022-11-30T01:34:01.813+0000] {logging_mixin.py:137} INFO - [2022-11-30T01:34:01.813+0000] {dag.py:3340} INFO - Setting next_dagrun for our_dag_with_python_operator_v06 to 2022-11-30T00:00:00+00:00, run_after=2022-12-01T00:00:00+00:00
[2022-11-30T01:34:01.835+0000] {processor.py:176} INFO - Processing /opt/airflow/dags/create_dag_with_python_operator.py took 0.126 seconds
[2022-11-30T01:34:32.223+0000] {processor.py:154} INFO - Started process (PID=457) to work on /opt/airflow/dags/create_dag_with_python_operator.py
[2022-11-30T01:34:32.224+0000] {processor.py:756} INFO - Processing file /opt/airflow/dags/create_dag_with_python_operator.py for tasks to queue
[2022-11-30T01:34:32.224+0000] {logging_mixin.py:137} INFO - [2022-11-30T01:34:32.224+0000] {dagbag.py:537} INFO - Filling up the DagBag from /opt/airflow/dags/create_dag_with_python_operator.py
[2022-11-30T01:34:32.240+0000] {processor.py:766} INFO - DAG(s) dict_keys(['our_dag_with_python_operator_v06']) retrieved from /opt/airflow/dags/create_dag_with_python_operator.py
[2022-11-30T01:34:32.279+0000] {logging_mixin.py:137} INFO - [2022-11-30T01:34:32.279+0000] {dag.py:2585} INFO - Sync 1 DAGs
[2022-11-30T01:34:32.315+0000] {logging_mixin.py:137} INFO - [2022-11-30T01:34:32.315+0000] {dag.py:3340} INFO - Setting next_dagrun for our_dag_with_python_operator_v06 to 2022-11-30T00:00:00+00:00, run_after=2022-12-01T00:00:00+00:00
[2022-11-30T01:34:32.335+0000] {processor.py:176} INFO - Processing /opt/airflow/dags/create_dag_with_python_operator.py took 0.115 seconds
[2022-11-30T01:35:02.932+0000] {processor.py:154} INFO - Started process (PID=508) to work on /opt/airflow/dags/create_dag_with_python_operator.py
[2022-11-30T01:35:02.932+0000] {processor.py:756} INFO - Processing file /opt/airflow/dags/create_dag_with_python_operator.py for tasks to queue
[2022-11-30T01:35:02.933+0000] {logging_mixin.py:137} INFO - [2022-11-30T01:35:02.933+0000] {dagbag.py:537} INFO - Filling up the DagBag from /opt/airflow/dags/create_dag_with_python_operator.py
[2022-11-30T01:35:02.951+0000] {processor.py:766} INFO - DAG(s) dict_keys(['our_dag_with_python_operator_v06']) retrieved from /opt/airflow/dags/create_dag_with_python_operator.py
[2022-11-30T01:35:02.998+0000] {logging_mixin.py:137} INFO - [2022-11-30T01:35:02.997+0000] {dag.py:2585} INFO - Sync 1 DAGs
[2022-11-30T01:35:03.031+0000] {logging_mixin.py:137} INFO - [2022-11-30T01:35:03.031+0000] {dag.py:3340} INFO - Setting next_dagrun for our_dag_with_python_operator_v06 to 2022-11-30T00:00:00+00:00, run_after=2022-12-01T00:00:00+00:00
[2022-11-30T01:35:03.053+0000] {processor.py:176} INFO - Processing /opt/airflow/dags/create_dag_with_python_operator.py took 0.124 seconds
[2022-11-30T01:35:33.409+0000] {processor.py:154} INFO - Started process (PID=563) to work on /opt/airflow/dags/create_dag_with_python_operator.py
[2022-11-30T01:35:33.410+0000] {processor.py:756} INFO - Processing file /opt/airflow/dags/create_dag_with_python_operator.py for tasks to queue
[2022-11-30T01:35:33.410+0000] {logging_mixin.py:137} INFO - [2022-11-30T01:35:33.410+0000] {dagbag.py:537} INFO - Filling up the DagBag from /opt/airflow/dags/create_dag_with_python_operator.py
[2022-11-30T01:35:33.427+0000] {processor.py:766} INFO - DAG(s) dict_keys(['our_dag_with_python_operator_v06']) retrieved from /opt/airflow/dags/create_dag_with_python_operator.py
[2022-11-30T01:35:33.468+0000] {logging_mixin.py:137} INFO - [2022-11-30T01:35:33.468+0000] {dag.py:2585} INFO - Sync 1 DAGs
[2022-11-30T01:35:33.501+0000] {logging_mixin.py:137} INFO - [2022-11-30T01:35:33.501+0000] {dag.py:3340} INFO - Setting next_dagrun for our_dag_with_python_operator_v06 to 2022-11-30T00:00:00+00:00, run_after=2022-12-01T00:00:00+00:00
[2022-11-30T01:35:33.523+0000] {processor.py:176} INFO - Processing /opt/airflow/dags/create_dag_with_python_operator.py took 0.117 seconds
[2022-11-30T01:36:04.133+0000] {processor.py:154} INFO - Started process (PID=622) to work on /opt/airflow/dags/create_dag_with_python_operator.py
[2022-11-30T01:36:04.133+0000] {processor.py:756} INFO - Processing file /opt/airflow/dags/create_dag_with_python_operator.py for tasks to queue
[2022-11-30T01:36:04.134+0000] {logging_mixin.py:137} INFO - [2022-11-30T01:36:04.134+0000] {dagbag.py:537} INFO - Filling up the DagBag from /opt/airflow/dags/create_dag_with_python_operator.py
[2022-11-30T01:36:04.151+0000] {processor.py:766} INFO - DAG(s) dict_keys(['our_dag_with_python_operator_v06']) retrieved from /opt/airflow/dags/create_dag_with_python_operator.py
[2022-11-30T01:36:04.193+0000] {logging_mixin.py:137} INFO - [2022-11-30T01:36:04.193+0000] {dag.py:2585} INFO - Sync 1 DAGs
[2022-11-30T01:36:04.227+0000] {logging_mixin.py:137} INFO - [2022-11-30T01:36:04.227+0000] {dag.py:3340} INFO - Setting next_dagrun for our_dag_with_python_operator_v06 to 2022-11-30T00:00:00+00:00, run_after=2022-12-01T00:00:00+00:00
[2022-11-30T01:36:04.247+0000] {processor.py:176} INFO - Processing /opt/airflow/dags/create_dag_with_python_operator.py took 0.118 seconds
[2022-11-30T01:36:34.552+0000] {processor.py:154} INFO - Started process (PID=668) to work on /opt/airflow/dags/create_dag_with_python_operator.py
[2022-11-30T01:36:34.553+0000] {processor.py:756} INFO - Processing file /opt/airflow/dags/create_dag_with_python_operator.py for tasks to queue
[2022-11-30T01:36:34.554+0000] {logging_mixin.py:137} INFO - [2022-11-30T01:36:34.554+0000] {dagbag.py:537} INFO - Filling up the DagBag from /opt/airflow/dags/create_dag_with_python_operator.py
[2022-11-30T01:36:34.571+0000] {processor.py:766} INFO - DAG(s) dict_keys(['our_dag_with_python_operator_v06']) retrieved from /opt/airflow/dags/create_dag_with_python_operator.py
[2022-11-30T01:36:34.614+0000] {logging_mixin.py:137} INFO - [2022-11-30T01:36:34.614+0000] {dag.py:2585} INFO - Sync 1 DAGs
[2022-11-30T01:36:34.649+0000] {logging_mixin.py:137} INFO - [2022-11-30T01:36:34.649+0000] {dag.py:3340} INFO - Setting next_dagrun for our_dag_with_python_operator_v06 to 2022-11-30T00:00:00+00:00, run_after=2022-12-01T00:00:00+00:00
[2022-11-30T01:36:34.673+0000] {processor.py:176} INFO - Processing /opt/airflow/dags/create_dag_with_python_operator.py took 0.124 seconds
[2022-11-30T01:37:05.117+0000] {processor.py:154} INFO - Started process (PID=726) to work on /opt/airflow/dags/create_dag_with_python_operator.py
[2022-11-30T01:37:05.118+0000] {processor.py:756} INFO - Processing file /opt/airflow/dags/create_dag_with_python_operator.py for tasks to queue
[2022-11-30T01:37:05.118+0000] {logging_mixin.py:137} INFO - [2022-11-30T01:37:05.118+0000] {dagbag.py:537} INFO - Filling up the DagBag from /opt/airflow/dags/create_dag_with_python_operator.py
[2022-11-30T01:37:05.136+0000] {processor.py:766} INFO - DAG(s) dict_keys(['our_dag_with_python_operator_v06']) retrieved from /opt/airflow/dags/create_dag_with_python_operator.py
[2022-11-30T01:37:05.178+0000] {logging_mixin.py:137} INFO - [2022-11-30T01:37:05.178+0000] {dag.py:2585} INFO - Sync 1 DAGs
[2022-11-30T01:37:05.212+0000] {logging_mixin.py:137} INFO - [2022-11-30T01:37:05.212+0000] {dag.py:3340} INFO - Setting next_dagrun for our_dag_with_python_operator_v06 to 2022-11-30T00:00:00+00:00, run_after=2022-12-01T00:00:00+00:00
[2022-11-30T01:37:05.234+0000] {processor.py:176} INFO - Processing /opt/airflow/dags/create_dag_with_python_operator.py took 0.119 seconds
[2022-11-30T01:37:35.881+0000] {processor.py:154} INFO - Started process (PID=785) to work on /opt/airflow/dags/create_dag_with_python_operator.py
[2022-11-30T01:37:35.882+0000] {processor.py:756} INFO - Processing file /opt/airflow/dags/create_dag_with_python_operator.py for tasks to queue
[2022-11-30T01:37:35.883+0000] {logging_mixin.py:137} INFO - [2022-11-30T01:37:35.883+0000] {dagbag.py:537} INFO - Filling up the DagBag from /opt/airflow/dags/create_dag_with_python_operator.py
[2022-11-30T01:37:35.923+0000] {processor.py:766} INFO - DAG(s) dict_keys(['our_dag_with_python_operator_v06']) retrieved from /opt/airflow/dags/create_dag_with_python_operator.py
[2022-11-30T01:37:36.014+0000] {logging_mixin.py:137} INFO - [2022-11-30T01:37:36.014+0000] {dag.py:2585} INFO - Sync 1 DAGs
[2022-11-30T01:37:36.099+0000] {logging_mixin.py:137} INFO - [2022-11-30T01:37:36.099+0000] {dag.py:3340} INFO - Setting next_dagrun for our_dag_with_python_operator_v06 to 2022-11-30T00:00:00+00:00, run_after=2022-12-01T00:00:00+00:00
[2022-11-30T01:37:36.153+0000] {processor.py:176} INFO - Processing /opt/airflow/dags/create_dag_with_python_operator.py took 0.275 seconds
[2022-11-30T01:38:06.723+0000] {processor.py:154} INFO - Started process (PID=842) to work on /opt/airflow/dags/create_dag_with_python_operator.py
[2022-11-30T01:38:06.724+0000] {processor.py:756} INFO - Processing file /opt/airflow/dags/create_dag_with_python_operator.py for tasks to queue
[2022-11-30T01:38:06.725+0000] {logging_mixin.py:137} INFO - [2022-11-30T01:38:06.725+0000] {dagbag.py:537} INFO - Filling up the DagBag from /opt/airflow/dags/create_dag_with_python_operator.py
[2022-11-30T01:38:06.740+0000] {processor.py:766} INFO - DAG(s) dict_keys(['our_dag_with_python_operator_v06']) retrieved from /opt/airflow/dags/create_dag_with_python_operator.py
[2022-11-30T01:38:06.779+0000] {logging_mixin.py:137} INFO - [2022-11-30T01:38:06.779+0000] {dag.py:2585} INFO - Sync 1 DAGs
[2022-11-30T01:38:06.812+0000] {logging_mixin.py:137} INFO - [2022-11-30T01:38:06.812+0000] {dag.py:3340} INFO - Setting next_dagrun for our_dag_with_python_operator_v06 to 2022-11-30T00:00:00+00:00, run_after=2022-12-01T00:00:00+00:00
[2022-11-30T01:38:06.832+0000] {processor.py:176} INFO - Processing /opt/airflow/dags/create_dag_with_python_operator.py took 0.112 seconds
[2022-11-30T01:38:37.150+0000] {processor.py:154} INFO - Started process (PID=896) to work on /opt/airflow/dags/create_dag_with_python_operator.py
[2022-11-30T01:38:37.151+0000] {processor.py:756} INFO - Processing file /opt/airflow/dags/create_dag_with_python_operator.py for tasks to queue
[2022-11-30T01:38:37.152+0000] {logging_mixin.py:137} INFO - [2022-11-30T01:38:37.151+0000] {dagbag.py:537} INFO - Filling up the DagBag from /opt/airflow/dags/create_dag_with_python_operator.py
[2022-11-30T01:38:37.170+0000] {processor.py:766} INFO - DAG(s) dict_keys(['our_dag_with_python_operator_v06']) retrieved from /opt/airflow/dags/create_dag_with_python_operator.py
[2022-11-30T01:38:37.220+0000] {logging_mixin.py:137} INFO - [2022-11-30T01:38:37.220+0000] {dag.py:2585} INFO - Sync 1 DAGs
[2022-11-30T01:38:37.253+0000] {logging_mixin.py:137} INFO - [2022-11-30T01:38:37.253+0000] {dag.py:3340} INFO - Setting next_dagrun for our_dag_with_python_operator_v06 to 2022-11-30T00:00:00+00:00, run_after=2022-12-01T00:00:00+00:00
[2022-11-30T01:38:37.275+0000] {processor.py:176} INFO - Processing /opt/airflow/dags/create_dag_with_python_operator.py took 0.128 seconds
[2022-11-30T01:39:07.721+0000] {processor.py:154} INFO - Started process (PID=952) to work on /opt/airflow/dags/create_dag_with_python_operator.py
[2022-11-30T01:39:07.722+0000] {processor.py:756} INFO - Processing file /opt/airflow/dags/create_dag_with_python_operator.py for tasks to queue
[2022-11-30T01:39:07.722+0000] {logging_mixin.py:137} INFO - [2022-11-30T01:39:07.722+0000] {dagbag.py:537} INFO - Filling up the DagBag from /opt/airflow/dags/create_dag_with_python_operator.py
[2022-11-30T01:39:07.739+0000] {processor.py:766} INFO - DAG(s) dict_keys(['our_dag_with_python_operator_v06']) retrieved from /opt/airflow/dags/create_dag_with_python_operator.py
[2022-11-30T01:39:07.788+0000] {logging_mixin.py:137} INFO - [2022-11-30T01:39:07.788+0000] {dag.py:2585} INFO - Sync 1 DAGs
[2022-11-30T01:39:07.823+0000] {logging_mixin.py:137} INFO - [2022-11-30T01:39:07.822+0000] {dag.py:3340} INFO - Setting next_dagrun for our_dag_with_python_operator_v06 to 2022-11-30T00:00:00+00:00, run_after=2022-12-01T00:00:00+00:00
[2022-11-30T01:39:07.846+0000] {processor.py:176} INFO - Processing /opt/airflow/dags/create_dag_with_python_operator.py took 0.128 seconds
[2022-11-30T01:39:38.511+0000] {processor.py:154} INFO - Started process (PID=1020) to work on /opt/airflow/dags/create_dag_with_python_operator.py
[2022-11-30T01:39:38.511+0000] {processor.py:756} INFO - Processing file /opt/airflow/dags/create_dag_with_python_operator.py for tasks to queue
[2022-11-30T01:39:38.512+0000] {logging_mixin.py:137} INFO - [2022-11-30T01:39:38.512+0000] {dagbag.py:537} INFO - Filling up the DagBag from /opt/airflow/dags/create_dag_with_python_operator.py
[2022-11-30T01:39:38.530+0000] {processor.py:766} INFO - DAG(s) dict_keys(['our_dag_with_python_operator_v06']) retrieved from /opt/airflow/dags/create_dag_with_python_operator.py
[2022-11-30T01:39:38.578+0000] {logging_mixin.py:137} INFO - [2022-11-30T01:39:38.578+0000] {dag.py:2585} INFO - Sync 1 DAGs
[2022-11-30T01:39:38.616+0000] {logging_mixin.py:137} INFO - [2022-11-30T01:39:38.616+0000] {dag.py:3340} INFO - Setting next_dagrun for our_dag_with_python_operator_v06 to 2022-11-30T00:00:00+00:00, run_after=2022-12-01T00:00:00+00:00
[2022-11-30T01:39:38.641+0000] {processor.py:176} INFO - Processing /opt/airflow/dags/create_dag_with_python_operator.py took 0.134 seconds
[2022-11-30T01:40:09.625+0000] {processor.py:154} INFO - Started process (PID=1109) to work on /opt/airflow/dags/create_dag_with_python_operator.py
[2022-11-30T01:40:09.626+0000] {processor.py:756} INFO - Processing file /opt/airflow/dags/create_dag_with_python_operator.py for tasks to queue
[2022-11-30T01:40:09.627+0000] {logging_mixin.py:137} INFO - [2022-11-30T01:40:09.627+0000] {dagbag.py:537} INFO - Filling up the DagBag from /opt/airflow/dags/create_dag_with_python_operator.py
[2022-11-30T01:40:09.650+0000] {processor.py:766} INFO - DAG(s) dict_keys(['our_dag_with_python_operator_v06']) retrieved from /opt/airflow/dags/create_dag_with_python_operator.py
[2022-11-30T01:40:09.696+0000] {logging_mixin.py:137} INFO - [2022-11-30T01:40:09.696+0000] {dag.py:2585} INFO - Sync 1 DAGs
[2022-11-30T01:40:09.729+0000] {logging_mixin.py:137} INFO - [2022-11-30T01:40:09.729+0000] {dag.py:3340} INFO - Setting next_dagrun for our_dag_with_python_operator_v06 to 2022-11-30T00:00:00+00:00, run_after=2022-12-01T00:00:00+00:00
[2022-11-30T01:40:09.751+0000] {processor.py:176} INFO - Processing /opt/airflow/dags/create_dag_with_python_operator.py took 0.130 seconds
[2022-11-30T01:40:39.927+0000] {processor.py:154} INFO - Started process (PID=1201) to work on /opt/airflow/dags/create_dag_with_python_operator.py
[2022-11-30T01:40:39.928+0000] {processor.py:756} INFO - Processing file /opt/airflow/dags/create_dag_with_python_operator.py for tasks to queue
[2022-11-30T01:40:39.928+0000] {logging_mixin.py:137} INFO - [2022-11-30T01:40:39.928+0000] {dagbag.py:537} INFO - Filling up the DagBag from /opt/airflow/dags/create_dag_with_python_operator.py
[2022-11-30T01:40:39.945+0000] {processor.py:766} INFO - DAG(s) dict_keys(['our_dag_with_python_operator_v06']) retrieved from /opt/airflow/dags/create_dag_with_python_operator.py
[2022-11-30T01:40:39.984+0000] {logging_mixin.py:137} INFO - [2022-11-30T01:40:39.984+0000] {dag.py:2585} INFO - Sync 1 DAGs
[2022-11-30T01:40:40.017+0000] {logging_mixin.py:137} INFO - [2022-11-30T01:40:40.017+0000] {dag.py:3340} INFO - Setting next_dagrun for our_dag_with_python_operator_v06 to 2022-11-30T00:00:00+00:00, run_after=2022-12-01T00:00:00+00:00
[2022-11-30T01:40:40.037+0000] {processor.py:176} INFO - Processing /opt/airflow/dags/create_dag_with_python_operator.py took 0.113 seconds
[2022-11-30T01:41:10.196+0000] {processor.py:154} INFO - Started process (PID=1282) to work on /opt/airflow/dags/create_dag_with_python_operator.py
[2022-11-30T01:41:10.197+0000] {processor.py:756} INFO - Processing file /opt/airflow/dags/create_dag_with_python_operator.py for tasks to queue
[2022-11-30T01:41:10.197+0000] {logging_mixin.py:137} INFO - [2022-11-30T01:41:10.197+0000] {dagbag.py:537} INFO - Filling up the DagBag from /opt/airflow/dags/create_dag_with_python_operator.py
[2022-11-30T01:41:10.221+0000] {processor.py:766} INFO - DAG(s) dict_keys(['our_dag_with_python_operator_v06']) retrieved from /opt/airflow/dags/create_dag_with_python_operator.py
[2022-11-30T01:41:10.290+0000] {logging_mixin.py:137} INFO - [2022-11-30T01:41:10.289+0000] {dag.py:2585} INFO - Sync 1 DAGs
[2022-11-30T01:41:10.328+0000] {logging_mixin.py:137} INFO - [2022-11-30T01:41:10.328+0000] {dag.py:3340} INFO - Setting next_dagrun for our_dag_with_python_operator_v06 to 2022-11-30T00:00:00+00:00, run_after=2022-12-01T00:00:00+00:00
[2022-11-30T01:41:10.356+0000] {processor.py:176} INFO - Processing /opt/airflow/dags/create_dag_with_python_operator.py took 0.163 seconds
[2022-11-30T01:41:41.021+0000] {processor.py:154} INFO - Started process (PID=1361) to work on /opt/airflow/dags/create_dag_with_python_operator.py
[2022-11-30T01:41:41.022+0000] {processor.py:756} INFO - Processing file /opt/airflow/dags/create_dag_with_python_operator.py for tasks to queue
[2022-11-30T01:41:41.022+0000] {logging_mixin.py:137} INFO - [2022-11-30T01:41:41.022+0000] {dagbag.py:537} INFO - Filling up the DagBag from /opt/airflow/dags/create_dag_with_python_operator.py
[2022-11-30T01:41:41.039+0000] {processor.py:766} INFO - DAG(s) dict_keys(['our_dag_with_python_operator_v06']) retrieved from /opt/airflow/dags/create_dag_with_python_operator.py
[2022-11-30T01:41:41.079+0000] {logging_mixin.py:137} INFO - [2022-11-30T01:41:41.079+0000] {dag.py:2585} INFO - Sync 1 DAGs
[2022-11-30T01:41:41.115+0000] {logging_mixin.py:137} INFO - [2022-11-30T01:41:41.115+0000] {dag.py:3340} INFO - Setting next_dagrun for our_dag_with_python_operator_v06 to 2022-11-30T00:00:00+00:00, run_after=2022-12-01T00:00:00+00:00
[2022-11-30T01:41:41.138+0000] {processor.py:176} INFO - Processing /opt/airflow/dags/create_dag_with_python_operator.py took 0.120 seconds
[2022-11-30T01:42:11.575+0000] {processor.py:154} INFO - Started process (PID=1416) to work on /opt/airflow/dags/create_dag_with_python_operator.py
[2022-11-30T01:42:11.576+0000] {processor.py:756} INFO - Processing file /opt/airflow/dags/create_dag_with_python_operator.py for tasks to queue
[2022-11-30T01:42:11.577+0000] {logging_mixin.py:137} INFO - [2022-11-30T01:42:11.577+0000] {dagbag.py:537} INFO - Filling up the DagBag from /opt/airflow/dags/create_dag_with_python_operator.py
[2022-11-30T01:42:11.599+0000] {processor.py:766} INFO - DAG(s) dict_keys(['our_dag_with_python_operator_v06']) retrieved from /opt/airflow/dags/create_dag_with_python_operator.py
[2022-11-30T01:42:11.661+0000] {logging_mixin.py:137} INFO - [2022-11-30T01:42:11.661+0000] {dag.py:2585} INFO - Sync 1 DAGs
[2022-11-30T01:42:11.700+0000] {logging_mixin.py:137} INFO - [2022-11-30T01:42:11.699+0000] {dag.py:3340} INFO - Setting next_dagrun for our_dag_with_python_operator_v06 to 2022-11-30T00:00:00+00:00, run_after=2022-12-01T00:00:00+00:00
[2022-11-30T01:42:11.726+0000] {processor.py:176} INFO - Processing /opt/airflow/dags/create_dag_with_python_operator.py took 0.155 seconds
[2022-11-30T01:42:42.253+0000] {processor.py:154} INFO - Started process (PID=1475) to work on /opt/airflow/dags/create_dag_with_python_operator.py
[2022-11-30T01:42:42.253+0000] {processor.py:756} INFO - Processing file /opt/airflow/dags/create_dag_with_python_operator.py for tasks to queue
[2022-11-30T01:42:42.254+0000] {logging_mixin.py:137} INFO - [2022-11-30T01:42:42.254+0000] {dagbag.py:537} INFO - Filling up the DagBag from /opt/airflow/dags/create_dag_with_python_operator.py
[2022-11-30T01:42:42.279+0000] {processor.py:766} INFO - DAG(s) dict_keys(['our_dag_with_python_operator_v06']) retrieved from /opt/airflow/dags/create_dag_with_python_operator.py
[2022-11-30T01:42:42.399+0000] {logging_mixin.py:137} INFO - [2022-11-30T01:42:42.399+0000] {dag.py:2585} INFO - Sync 1 DAGs
[2022-11-30T01:42:42.468+0000] {logging_mixin.py:137} INFO - [2022-11-30T01:42:42.467+0000] {dag.py:3340} INFO - Setting next_dagrun for our_dag_with_python_operator_v06 to 2022-11-30T00:00:00+00:00, run_after=2022-12-01T00:00:00+00:00
[2022-11-30T01:42:42.505+0000] {processor.py:176} INFO - Processing /opt/airflow/dags/create_dag_with_python_operator.py took 0.256 seconds
[2022-11-30T01:43:13.112+0000] {processor.py:154} INFO - Started process (PID=1537) to work on /opt/airflow/dags/create_dag_with_python_operator.py
[2022-11-30T01:43:13.113+0000] {processor.py:756} INFO - Processing file /opt/airflow/dags/create_dag_with_python_operator.py for tasks to queue
[2022-11-30T01:43:13.114+0000] {logging_mixin.py:137} INFO - [2022-11-30T01:43:13.114+0000] {dagbag.py:537} INFO - Filling up the DagBag from /opt/airflow/dags/create_dag_with_python_operator.py
[2022-11-30T01:43:13.132+0000] {processor.py:766} INFO - DAG(s) dict_keys(['our_dag_with_python_operator_v06']) retrieved from /opt/airflow/dags/create_dag_with_python_operator.py
[2022-11-30T01:43:13.173+0000] {logging_mixin.py:137} INFO - [2022-11-30T01:43:13.173+0000] {dag.py:2585} INFO - Sync 1 DAGs
[2022-11-30T01:43:13.206+0000] {logging_mixin.py:137} INFO - [2022-11-30T01:43:13.206+0000] {dag.py:3340} INFO - Setting next_dagrun for our_dag_with_python_operator_v06 to 2022-11-30T00:00:00+00:00, run_after=2022-12-01T00:00:00+00:00
[2022-11-30T01:43:13.228+0000] {processor.py:176} INFO - Processing /opt/airflow/dags/create_dag_with_python_operator.py took 0.119 seconds
[2022-11-30T01:43:43.712+0000] {processor.py:154} INFO - Started process (PID=1605) to work on /opt/airflow/dags/create_dag_with_python_operator.py
[2022-11-30T01:43:43.713+0000] {processor.py:756} INFO - Processing file /opt/airflow/dags/create_dag_with_python_operator.py for tasks to queue
[2022-11-30T01:43:43.713+0000] {logging_mixin.py:137} INFO - [2022-11-30T01:43:43.713+0000] {dagbag.py:537} INFO - Filling up the DagBag from /opt/airflow/dags/create_dag_with_python_operator.py
[2022-11-30T01:43:43.731+0000] {processor.py:766} INFO - DAG(s) dict_keys(['our_dag_with_python_operator_v06']) retrieved from /opt/airflow/dags/create_dag_with_python_operator.py
[2022-11-30T01:43:43.771+0000] {logging_mixin.py:137} INFO - [2022-11-30T01:43:43.771+0000] {dag.py:2585} INFO - Sync 1 DAGs
[2022-11-30T01:43:43.802+0000] {logging_mixin.py:137} INFO - [2022-11-30T01:43:43.802+0000] {dag.py:3340} INFO - Setting next_dagrun for our_dag_with_python_operator_v06 to 2022-11-30T00:00:00+00:00, run_after=2022-12-01T00:00:00+00:00
[2022-11-30T01:43:43.825+0000] {processor.py:176} INFO - Processing /opt/airflow/dags/create_dag_with_python_operator.py took 0.116 seconds
[2022-11-30T01:44:14.318+0000] {processor.py:154} INFO - Started process (PID=1666) to work on /opt/airflow/dags/create_dag_with_python_operator.py
[2022-11-30T01:44:14.319+0000] {processor.py:756} INFO - Processing file /opt/airflow/dags/create_dag_with_python_operator.py for tasks to queue
[2022-11-30T01:44:14.320+0000] {logging_mixin.py:137} INFO - [2022-11-30T01:44:14.320+0000] {dagbag.py:537} INFO - Filling up the DagBag from /opt/airflow/dags/create_dag_with_python_operator.py
[2022-11-30T01:44:14.350+0000] {processor.py:766} INFO - DAG(s) dict_keys(['our_dag_with_python_operator_v06']) retrieved from /opt/airflow/dags/create_dag_with_python_operator.py
[2022-11-30T01:44:14.401+0000] {logging_mixin.py:137} INFO - [2022-11-30T01:44:14.400+0000] {dag.py:2585} INFO - Sync 1 DAGs
[2022-11-30T01:44:14.435+0000] {logging_mixin.py:137} INFO - [2022-11-30T01:44:14.435+0000] {dag.py:3340} INFO - Setting next_dagrun for our_dag_with_python_operator_v06 to 2022-11-30T00:00:00+00:00, run_after=2022-12-01T00:00:00+00:00
[2022-11-30T01:44:14.463+0000] {processor.py:176} INFO - Processing /opt/airflow/dags/create_dag_with_python_operator.py took 0.148 seconds
[2022-11-30T01:44:45.052+0000] {processor.py:154} INFO - Started process (PID=1741) to work on /opt/airflow/dags/create_dag_with_python_operator.py
[2022-11-30T01:44:45.052+0000] {processor.py:756} INFO - Processing file /opt/airflow/dags/create_dag_with_python_operator.py for tasks to queue
[2022-11-30T01:44:45.053+0000] {logging_mixin.py:137} INFO - [2022-11-30T01:44:45.053+0000] {dagbag.py:537} INFO - Filling up the DagBag from /opt/airflow/dags/create_dag_with_python_operator.py
[2022-11-30T01:44:45.070+0000] {processor.py:766} INFO - DAG(s) dict_keys(['our_dag_with_python_operator_v06']) retrieved from /opt/airflow/dags/create_dag_with_python_operator.py
[2022-11-30T01:44:45.111+0000] {logging_mixin.py:137} INFO - [2022-11-30T01:44:45.111+0000] {dag.py:2585} INFO - Sync 1 DAGs
[2022-11-30T01:44:45.146+0000] {logging_mixin.py:137} INFO - [2022-11-30T01:44:45.146+0000] {dag.py:3340} INFO - Setting next_dagrun for our_dag_with_python_operator_v06 to 2022-11-30T00:00:00+00:00, run_after=2022-12-01T00:00:00+00:00
[2022-11-30T01:44:45.171+0000] {processor.py:176} INFO - Processing /opt/airflow/dags/create_dag_with_python_operator.py took 0.122 seconds
[2022-11-30T01:45:15.463+0000] {processor.py:154} INFO - Started process (PID=1787) to work on /opt/airflow/dags/create_dag_with_python_operator.py
[2022-11-30T01:45:15.463+0000] {processor.py:756} INFO - Processing file /opt/airflow/dags/create_dag_with_python_operator.py for tasks to queue
[2022-11-30T01:45:15.464+0000] {logging_mixin.py:137} INFO - [2022-11-30T01:45:15.464+0000] {dagbag.py:537} INFO - Filling up the DagBag from /opt/airflow/dags/create_dag_with_python_operator.py
[2022-11-30T01:45:15.482+0000] {processor.py:766} INFO - DAG(s) dict_keys(['our_dag_with_python_operator_v06']) retrieved from /opt/airflow/dags/create_dag_with_python_operator.py
[2022-11-30T01:45:15.526+0000] {logging_mixin.py:137} INFO - [2022-11-30T01:45:15.526+0000] {dag.py:2585} INFO - Sync 1 DAGs
[2022-11-30T01:45:15.561+0000] {logging_mixin.py:137} INFO - [2022-11-30T01:45:15.561+0000] {dag.py:3340} INFO - Setting next_dagrun for our_dag_with_python_operator_v06 to 2022-11-30T00:00:00+00:00, run_after=2022-12-01T00:00:00+00:00
[2022-11-30T01:45:15.585+0000] {processor.py:176} INFO - Processing /opt/airflow/dags/create_dag_with_python_operator.py took 0.125 seconds
[2022-11-30T01:45:46.010+0000] {processor.py:154} INFO - Started process (PID=1845) to work on /opt/airflow/dags/create_dag_with_python_operator.py
[2022-11-30T01:45:46.010+0000] {processor.py:756} INFO - Processing file /opt/airflow/dags/create_dag_with_python_operator.py for tasks to queue
[2022-11-30T01:45:46.011+0000] {logging_mixin.py:137} INFO - [2022-11-30T01:45:46.011+0000] {dagbag.py:537} INFO - Filling up the DagBag from /opt/airflow/dags/create_dag_with_python_operator.py
[2022-11-30T01:45:46.026+0000] {processor.py:766} INFO - DAG(s) dict_keys(['our_dag_with_python_operator_v06']) retrieved from /opt/airflow/dags/create_dag_with_python_operator.py
[2022-11-30T01:45:46.066+0000] {logging_mixin.py:137} INFO - [2022-11-30T01:45:46.066+0000] {dag.py:2585} INFO - Sync 1 DAGs
[2022-11-30T01:45:46.095+0000] {logging_mixin.py:137} INFO - [2022-11-30T01:45:46.095+0000] {dag.py:3340} INFO - Setting next_dagrun for our_dag_with_python_operator_v06 to 2022-11-30T00:00:00+00:00, run_after=2022-12-01T00:00:00+00:00
[2022-11-30T01:45:46.116+0000] {processor.py:176} INFO - Processing /opt/airflow/dags/create_dag_with_python_operator.py took 0.109 seconds
[2022-11-30T01:46:16.520+0000] {processor.py:154} INFO - Started process (PID=1902) to work on /opt/airflow/dags/create_dag_with_python_operator.py
[2022-11-30T01:46:16.521+0000] {processor.py:756} INFO - Processing file /opt/airflow/dags/create_dag_with_python_operator.py for tasks to queue
[2022-11-30T01:46:16.522+0000] {logging_mixin.py:137} INFO - [2022-11-30T01:46:16.521+0000] {dagbag.py:537} INFO - Filling up the DagBag from /opt/airflow/dags/create_dag_with_python_operator.py
[2022-11-30T01:46:16.538+0000] {processor.py:766} INFO - DAG(s) dict_keys(['our_dag_with_python_operator_v06']) retrieved from /opt/airflow/dags/create_dag_with_python_operator.py
[2022-11-30T01:46:16.582+0000] {logging_mixin.py:137} INFO - [2022-11-30T01:46:16.581+0000] {dag.py:2585} INFO - Sync 1 DAGs
[2022-11-30T01:46:16.616+0000] {logging_mixin.py:137} INFO - [2022-11-30T01:46:16.616+0000] {dag.py:3340} INFO - Setting next_dagrun for our_dag_with_python_operator_v06 to 2022-11-30T00:00:00+00:00, run_after=2022-12-01T00:00:00+00:00
[2022-11-30T01:46:16.642+0000] {processor.py:176} INFO - Processing /opt/airflow/dags/create_dag_with_python_operator.py took 0.125 seconds
[2022-11-30T01:46:47.139+0000] {processor.py:154} INFO - Started process (PID=1950) to work on /opt/airflow/dags/create_dag_with_python_operator.py
[2022-11-30T01:46:47.140+0000] {processor.py:756} INFO - Processing file /opt/airflow/dags/create_dag_with_python_operator.py for tasks to queue
[2022-11-30T01:46:47.141+0000] {logging_mixin.py:137} INFO - [2022-11-30T01:46:47.141+0000] {dagbag.py:537} INFO - Filling up the DagBag from /opt/airflow/dags/create_dag_with_python_operator.py
[2022-11-30T01:46:47.166+0000] {processor.py:766} INFO - DAG(s) dict_keys(['our_dag_with_python_operator_v06']) retrieved from /opt/airflow/dags/create_dag_with_python_operator.py
[2022-11-30T01:46:47.226+0000] {logging_mixin.py:137} INFO - [2022-11-30T01:46:47.225+0000] {dag.py:2585} INFO - Sync 1 DAGs
[2022-11-30T01:46:47.261+0000] {logging_mixin.py:137} INFO - [2022-11-30T01:46:47.261+0000] {dag.py:3340} INFO - Setting next_dagrun for our_dag_with_python_operator_v06 to 2022-11-30T00:00:00+00:00, run_after=2022-12-01T00:00:00+00:00
[2022-11-30T01:46:47.286+0000] {processor.py:176} INFO - Processing /opt/airflow/dags/create_dag_with_python_operator.py took 0.150 seconds
[2022-11-30T01:47:18.193+0000] {processor.py:154} INFO - Started process (PID=2028) to work on /opt/airflow/dags/create_dag_with_python_operator.py
[2022-11-30T01:47:18.194+0000] {processor.py:756} INFO - Processing file /opt/airflow/dags/create_dag_with_python_operator.py for tasks to queue
[2022-11-30T01:47:18.196+0000] {logging_mixin.py:137} INFO - [2022-11-30T01:47:18.195+0000] {dagbag.py:537} INFO - Filling up the DagBag from /opt/airflow/dags/create_dag_with_python_operator.py
[2022-11-30T01:47:18.230+0000] {processor.py:766} INFO - DAG(s) dict_keys(['our_dag_with_python_operator_v06']) retrieved from /opt/airflow/dags/create_dag_with_python_operator.py
[2022-11-30T01:47:18.275+0000] {logging_mixin.py:137} INFO - [2022-11-30T01:47:18.275+0000] {dag.py:2585} INFO - Sync 1 DAGs
[2022-11-30T01:47:18.308+0000] {logging_mixin.py:137} INFO - [2022-11-30T01:47:18.307+0000] {dag.py:3340} INFO - Setting next_dagrun for our_dag_with_python_operator_v06 to 2022-11-30T00:00:00+00:00, run_after=2022-12-01T00:00:00+00:00
[2022-11-30T01:47:18.330+0000] {processor.py:176} INFO - Processing /opt/airflow/dags/create_dag_with_python_operator.py took 0.142 seconds
[2022-11-30T01:47:48.376+0000] {processor.py:154} INFO - Started process (PID=2123) to work on /opt/airflow/dags/create_dag_with_python_operator.py
[2022-11-30T01:47:48.377+0000] {processor.py:756} INFO - Processing file /opt/airflow/dags/create_dag_with_python_operator.py for tasks to queue
[2022-11-30T01:47:48.378+0000] {logging_mixin.py:137} INFO - [2022-11-30T01:47:48.378+0000] {dagbag.py:537} INFO - Filling up the DagBag from /opt/airflow/dags/create_dag_with_python_operator.py
[2022-11-30T01:47:48.403+0000] {processor.py:766} INFO - DAG(s) dict_keys(['our_dag_with_python_operator_v06']) retrieved from /opt/airflow/dags/create_dag_with_python_operator.py
[2022-11-30T01:47:48.454+0000] {logging_mixin.py:137} INFO - [2022-11-30T01:47:48.454+0000] {dag.py:2585} INFO - Sync 1 DAGs
[2022-11-30T01:47:48.486+0000] {logging_mixin.py:137} INFO - [2022-11-30T01:47:48.486+0000] {dag.py:3340} INFO - Setting next_dagrun for our_dag_with_python_operator_v06 to 2022-11-30T00:00:00+00:00, run_after=2022-12-01T00:00:00+00:00
[2022-11-30T01:47:48.508+0000] {processor.py:176} INFO - Processing /opt/airflow/dags/create_dag_with_python_operator.py took 0.134 seconds
[2022-11-30T01:48:19.233+0000] {processor.py:154} INFO - Started process (PID=2203) to work on /opt/airflow/dags/create_dag_with_python_operator.py
[2022-11-30T01:48:19.234+0000] {processor.py:756} INFO - Processing file /opt/airflow/dags/create_dag_with_python_operator.py for tasks to queue
[2022-11-30T01:48:19.234+0000] {logging_mixin.py:137} INFO - [2022-11-30T01:48:19.234+0000] {dagbag.py:537} INFO - Filling up the DagBag from /opt/airflow/dags/create_dag_with_python_operator.py
[2022-11-30T01:48:19.277+0000] {processor.py:766} INFO - DAG(s) dict_keys(['our_dag_with_python_operator_v06']) retrieved from /opt/airflow/dags/create_dag_with_python_operator.py
[2022-11-30T01:48:19.324+0000] {logging_mixin.py:137} INFO - [2022-11-30T01:48:19.323+0000] {dag.py:2585} INFO - Sync 1 DAGs
[2022-11-30T01:48:19.359+0000] {logging_mixin.py:137} INFO - [2022-11-30T01:48:19.358+0000] {dag.py:3340} INFO - Setting next_dagrun for our_dag_with_python_operator_v06 to 2022-11-30T00:00:00+00:00, run_after=2022-12-01T00:00:00+00:00
[2022-11-30T01:48:19.382+0000] {processor.py:176} INFO - Processing /opt/airflow/dags/create_dag_with_python_operator.py took 0.152 seconds
[2022-11-30T01:48:49.932+0000] {processor.py:154} INFO - Started process (PID=2263) to work on /opt/airflow/dags/create_dag_with_python_operator.py
[2022-11-30T01:48:49.933+0000] {processor.py:756} INFO - Processing file /opt/airflow/dags/create_dag_with_python_operator.py for tasks to queue
[2022-11-30T01:48:49.933+0000] {logging_mixin.py:137} INFO - [2022-11-30T01:48:49.933+0000] {dagbag.py:537} INFO - Filling up the DagBag from /opt/airflow/dags/create_dag_with_python_operator.py
[2022-11-30T01:48:49.957+0000] {processor.py:766} INFO - DAG(s) dict_keys(['our_dag_with_python_operator_v06']) retrieved from /opt/airflow/dags/create_dag_with_python_operator.py
[2022-11-30T01:48:50.013+0000] {logging_mixin.py:137} INFO - [2022-11-30T01:48:50.012+0000] {dag.py:2585} INFO - Sync 1 DAGs
[2022-11-30T01:48:50.060+0000] {logging_mixin.py:137} INFO - [2022-11-30T01:48:50.060+0000] {dag.py:3340} INFO - Setting next_dagrun for our_dag_with_python_operator_v06 to 2022-11-30T00:00:00+00:00, run_after=2022-12-01T00:00:00+00:00
[2022-11-30T01:48:50.091+0000] {processor.py:176} INFO - Processing /opt/airflow/dags/create_dag_with_python_operator.py took 0.161 seconds
[2022-11-30T01:49:20.695+0000] {processor.py:154} INFO - Started process (PID=2349) to work on /opt/airflow/dags/create_dag_with_python_operator.py
[2022-11-30T01:49:20.697+0000] {processor.py:756} INFO - Processing file /opt/airflow/dags/create_dag_with_python_operator.py for tasks to queue
[2022-11-30T01:49:20.698+0000] {logging_mixin.py:137} INFO - [2022-11-30T01:49:20.698+0000] {dagbag.py:537} INFO - Filling up the DagBag from /opt/airflow/dags/create_dag_with_python_operator.py
[2022-11-30T01:49:20.718+0000] {processor.py:766} INFO - DAG(s) dict_keys(['our_dag_with_python_operator_v06']) retrieved from /opt/airflow/dags/create_dag_with_python_operator.py
[2022-11-30T01:49:20.763+0000] {logging_mixin.py:137} INFO - [2022-11-30T01:49:20.763+0000] {dag.py:2585} INFO - Sync 1 DAGs
[2022-11-30T01:49:20.809+0000] {logging_mixin.py:137} INFO - [2022-11-30T01:49:20.808+0000] {dag.py:3340} INFO - Setting next_dagrun for our_dag_with_python_operator_v06 to 2022-11-30T00:00:00+00:00, run_after=2022-12-01T00:00:00+00:00
[2022-11-30T01:49:20.831+0000] {processor.py:176} INFO - Processing /opt/airflow/dags/create_dag_with_python_operator.py took 0.139 seconds
[2022-11-30T01:49:51.417+0000] {processor.py:154} INFO - Started process (PID=2399) to work on /opt/airflow/dags/create_dag_with_python_operator.py
[2022-11-30T01:49:51.418+0000] {processor.py:756} INFO - Processing file /opt/airflow/dags/create_dag_with_python_operator.py for tasks to queue
[2022-11-30T01:49:51.418+0000] {logging_mixin.py:137} INFO - [2022-11-30T01:49:51.418+0000] {dagbag.py:537} INFO - Filling up the DagBag from /opt/airflow/dags/create_dag_with_python_operator.py
[2022-11-30T01:49:51.436+0000] {processor.py:766} INFO - DAG(s) dict_keys(['our_dag_with_python_operator_v06']) retrieved from /opt/airflow/dags/create_dag_with_python_operator.py
[2022-11-30T01:49:51.481+0000] {logging_mixin.py:137} INFO - [2022-11-30T01:49:51.481+0000] {dag.py:2585} INFO - Sync 1 DAGs
[2022-11-30T01:49:51.517+0000] {logging_mixin.py:137} INFO - [2022-11-30T01:49:51.517+0000] {dag.py:3340} INFO - Setting next_dagrun for our_dag_with_python_operator_v06 to 2022-11-30T00:00:00+00:00, run_after=2022-12-01T00:00:00+00:00
[2022-11-30T01:49:51.544+0000] {processor.py:176} INFO - Processing /opt/airflow/dags/create_dag_with_python_operator.py took 0.130 seconds
[2022-11-30T01:50:22.000+0000] {processor.py:154} INFO - Started process (PID=2457) to work on /opt/airflow/dags/create_dag_with_python_operator.py
[2022-11-30T01:50:22.001+0000] {processor.py:756} INFO - Processing file /opt/airflow/dags/create_dag_with_python_operator.py for tasks to queue
[2022-11-30T01:50:22.002+0000] {logging_mixin.py:137} INFO - [2022-11-30T01:50:22.001+0000] {dagbag.py:537} INFO - Filling up the DagBag from /opt/airflow/dags/create_dag_with_python_operator.py
[2022-11-30T01:50:22.016+0000] {processor.py:766} INFO - DAG(s) dict_keys(['our_dag_with_python_operator_v06']) retrieved from /opt/airflow/dags/create_dag_with_python_operator.py
[2022-11-30T01:50:22.053+0000] {logging_mixin.py:137} INFO - [2022-11-30T01:50:22.052+0000] {dag.py:2585} INFO - Sync 1 DAGs
[2022-11-30T01:50:22.081+0000] {logging_mixin.py:137} INFO - [2022-11-30T01:50:22.081+0000] {dag.py:3340} INFO - Setting next_dagrun for our_dag_with_python_operator_v06 to 2022-11-30T00:00:00+00:00, run_after=2022-12-01T00:00:00+00:00
[2022-11-30T01:50:22.103+0000] {processor.py:176} INFO - Processing /opt/airflow/dags/create_dag_with_python_operator.py took 0.105 seconds
[2022-11-30T01:50:52.551+0000] {processor.py:154} INFO - Started process (PID=2516) to work on /opt/airflow/dags/create_dag_with_python_operator.py
[2022-11-30T01:50:52.552+0000] {processor.py:756} INFO - Processing file /opt/airflow/dags/create_dag_with_python_operator.py for tasks to queue
[2022-11-30T01:50:52.554+0000] {logging_mixin.py:137} INFO - [2022-11-30T01:50:52.553+0000] {dagbag.py:537} INFO - Filling up the DagBag from /opt/airflow/dags/create_dag_with_python_operator.py
[2022-11-30T01:50:52.583+0000] {processor.py:766} INFO - DAG(s) dict_keys(['our_dag_with_python_operator_v06']) retrieved from /opt/airflow/dags/create_dag_with_python_operator.py
[2022-11-30T01:50:52.649+0000] {logging_mixin.py:137} INFO - [2022-11-30T01:50:52.649+0000] {dag.py:2585} INFO - Sync 1 DAGs
[2022-11-30T01:50:52.687+0000] {logging_mixin.py:137} INFO - [2022-11-30T01:50:52.687+0000] {dag.py:3340} INFO - Setting next_dagrun for our_dag_with_python_operator_v06 to 2022-11-30T00:00:00+00:00, run_after=2022-12-01T00:00:00+00:00
[2022-11-30T01:50:52.710+0000] {processor.py:176} INFO - Processing /opt/airflow/dags/create_dag_with_python_operator.py took 0.161 seconds
[2022-11-30T01:51:23.218+0000] {processor.py:154} INFO - Started process (PID=2564) to work on /opt/airflow/dags/create_dag_with_python_operator.py
[2022-11-30T01:51:23.219+0000] {processor.py:756} INFO - Processing file /opt/airflow/dags/create_dag_with_python_operator.py for tasks to queue
[2022-11-30T01:51:23.220+0000] {logging_mixin.py:137} INFO - [2022-11-30T01:51:23.219+0000] {dagbag.py:537} INFO - Filling up the DagBag from /opt/airflow/dags/create_dag_with_python_operator.py
[2022-11-30T01:51:23.240+0000] {processor.py:766} INFO - DAG(s) dict_keys(['our_dag_with_python_operator_v06']) retrieved from /opt/airflow/dags/create_dag_with_python_operator.py
[2022-11-30T01:51:23.290+0000] {logging_mixin.py:137} INFO - [2022-11-30T01:51:23.290+0000] {dag.py:2585} INFO - Sync 1 DAGs
[2022-11-30T01:51:23.335+0000] {logging_mixin.py:137} INFO - [2022-11-30T01:51:23.335+0000] {dag.py:3340} INFO - Setting next_dagrun for our_dag_with_python_operator_v06 to 2022-11-30T00:00:00+00:00, run_after=2022-12-01T00:00:00+00:00
[2022-11-30T01:51:23.375+0000] {processor.py:176} INFO - Processing /opt/airflow/dags/create_dag_with_python_operator.py took 0.159 seconds
