[2022-11-30T01:32:29.272+0000] {processor.py:154} INFO - Started process (PID=175) to work on /opt/airflow/dags/dag_with_catchup_and_backfill.py
[2022-11-30T01:32:29.273+0000] {processor.py:756} INFO - Processing file /opt/airflow/dags/dag_with_catchup_and_backfill.py for tasks to queue
[2022-11-30T01:32:29.273+0000] {logging_mixin.py:137} INFO - [2022-11-30T01:32:29.273+0000] {dagbag.py:537} INFO - Filling up the DagBag from /opt/airflow/dags/dag_with_catchup_and_backfill.py
[2022-11-30T01:32:29.289+0000] {processor.py:766} INFO - DAG(s) dict_keys(['dag_with_catchup_backfill_v01']) retrieved from /opt/airflow/dags/dag_with_catchup_and_backfill.py
[2022-11-30T01:32:29.393+0000] {logging_mixin.py:137} INFO - [2022-11-30T01:32:29.392+0000] {dag.py:2585} INFO - Sync 1 DAGs
[2022-11-30T01:32:29.437+0000] {logging_mixin.py:137} INFO - [2022-11-30T01:32:29.437+0000] {dag.py:3340} INFO - Setting next_dagrun for dag_with_catchup_backfill_v01 to 2022-11-28T00:00:00+00:00, run_after=2022-11-29T00:00:00+00:00
[2022-11-30T01:32:29.474+0000] {processor.py:176} INFO - Processing /opt/airflow/dags/dag_with_catchup_and_backfill.py took 0.205 seconds
[2022-11-30T01:33:00.238+0000] {processor.py:154} INFO - Started process (PID=278) to work on /opt/airflow/dags/dag_with_catchup_and_backfill.py
[2022-11-30T01:33:00.239+0000] {processor.py:756} INFO - Processing file /opt/airflow/dags/dag_with_catchup_and_backfill.py for tasks to queue
[2022-11-30T01:33:00.239+0000] {logging_mixin.py:137} INFO - [2022-11-30T01:33:00.239+0000] {dagbag.py:537} INFO - Filling up the DagBag from /opt/airflow/dags/dag_with_catchup_and_backfill.py
[2022-11-30T01:33:00.257+0000] {processor.py:766} INFO - DAG(s) dict_keys(['dag_with_catchup_backfill_v01']) retrieved from /opt/airflow/dags/dag_with_catchup_and_backfill.py
[2022-11-30T01:33:00.352+0000] {logging_mixin.py:137} INFO - [2022-11-30T01:33:00.352+0000] {dag.py:2585} INFO - Sync 1 DAGs
[2022-11-30T01:33:00.386+0000] {logging_mixin.py:137} INFO - [2022-11-30T01:33:00.386+0000] {dag.py:3340} INFO - Setting next_dagrun for dag_with_catchup_backfill_v01 to 2022-11-30T00:00:00+00:00, run_after=2022-12-01T00:00:00+00:00
[2022-11-30T01:33:00.410+0000] {processor.py:176} INFO - Processing /opt/airflow/dags/dag_with_catchup_and_backfill.py took 0.175 seconds
[2022-11-30T01:33:30.925+0000] {processor.py:154} INFO - Started process (PID=326) to work on /opt/airflow/dags/dag_with_catchup_and_backfill.py
[2022-11-30T01:33:30.926+0000] {processor.py:756} INFO - Processing file /opt/airflow/dags/dag_with_catchup_and_backfill.py for tasks to queue
[2022-11-30T01:33:30.927+0000] {logging_mixin.py:137} INFO - [2022-11-30T01:33:30.926+0000] {dagbag.py:537} INFO - Filling up the DagBag from /opt/airflow/dags/dag_with_catchup_and_backfill.py
[2022-11-30T01:33:30.943+0000] {processor.py:766} INFO - DAG(s) dict_keys(['dag_with_catchup_backfill_v01']) retrieved from /opt/airflow/dags/dag_with_catchup_and_backfill.py
[2022-11-30T01:33:30.982+0000] {logging_mixin.py:137} INFO - [2022-11-30T01:33:30.981+0000] {dag.py:2585} INFO - Sync 1 DAGs
[2022-11-30T01:33:31.013+0000] {logging_mixin.py:137} INFO - [2022-11-30T01:33:31.013+0000] {dag.py:3340} INFO - Setting next_dagrun for dag_with_catchup_backfill_v01 to 2022-11-30T00:00:00+00:00, run_after=2022-12-01T00:00:00+00:00
[2022-11-30T01:33:31.035+0000] {processor.py:176} INFO - Processing /opt/airflow/dags/dag_with_catchup_and_backfill.py took 0.112 seconds
[2022-11-30T01:34:01.528+0000] {processor.py:154} INFO - Started process (PID=382) to work on /opt/airflow/dags/dag_with_catchup_and_backfill.py
[2022-11-30T01:34:01.530+0000] {processor.py:756} INFO - Processing file /opt/airflow/dags/dag_with_catchup_and_backfill.py for tasks to queue
[2022-11-30T01:34:01.531+0000] {logging_mixin.py:137} INFO - [2022-11-30T01:34:01.530+0000] {dagbag.py:537} INFO - Filling up the DagBag from /opt/airflow/dags/dag_with_catchup_and_backfill.py
[2022-11-30T01:34:01.552+0000] {processor.py:766} INFO - DAG(s) dict_keys(['dag_with_catchup_backfill_v01']) retrieved from /opt/airflow/dags/dag_with_catchup_and_backfill.py
[2022-11-30T01:34:01.604+0000] {logging_mixin.py:137} INFO - [2022-11-30T01:34:01.604+0000] {dag.py:2585} INFO - Sync 1 DAGs
[2022-11-30T01:34:01.651+0000] {logging_mixin.py:137} INFO - [2022-11-30T01:34:01.651+0000] {dag.py:3340} INFO - Setting next_dagrun for dag_with_catchup_backfill_v01 to 2022-11-30T00:00:00+00:00, run_after=2022-12-01T00:00:00+00:00
[2022-11-30T01:34:01.671+0000] {processor.py:176} INFO - Processing /opt/airflow/dags/dag_with_catchup_and_backfill.py took 0.149 seconds
[2022-11-30T01:34:32.082+0000] {processor.py:154} INFO - Started process (PID=448) to work on /opt/airflow/dags/dag_with_catchup_and_backfill.py
[2022-11-30T01:34:32.083+0000] {processor.py:756} INFO - Processing file /opt/airflow/dags/dag_with_catchup_and_backfill.py for tasks to queue
[2022-11-30T01:34:32.083+0000] {logging_mixin.py:137} INFO - [2022-11-30T01:34:32.083+0000] {dagbag.py:537} INFO - Filling up the DagBag from /opt/airflow/dags/dag_with_catchup_and_backfill.py
[2022-11-30T01:34:32.098+0000] {processor.py:766} INFO - DAG(s) dict_keys(['dag_with_catchup_backfill_v01']) retrieved from /opt/airflow/dags/dag_with_catchup_and_backfill.py
[2022-11-30T01:34:32.142+0000] {logging_mixin.py:137} INFO - [2022-11-30T01:34:32.142+0000] {dag.py:2585} INFO - Sync 1 DAGs
[2022-11-30T01:34:32.175+0000] {logging_mixin.py:137} INFO - [2022-11-30T01:34:32.175+0000] {dag.py:3340} INFO - Setting next_dagrun for dag_with_catchup_backfill_v01 to 2022-11-30T00:00:00+00:00, run_after=2022-12-01T00:00:00+00:00
[2022-11-30T01:34:32.197+0000] {processor.py:176} INFO - Processing /opt/airflow/dags/dag_with_catchup_and_backfill.py took 0.118 seconds
[2022-11-30T01:35:02.629+0000] {processor.py:154} INFO - Started process (PID=496) to work on /opt/airflow/dags/dag_with_catchup_and_backfill.py
[2022-11-30T01:35:02.629+0000] {processor.py:756} INFO - Processing file /opt/airflow/dags/dag_with_catchup_and_backfill.py for tasks to queue
[2022-11-30T01:35:02.630+0000] {logging_mixin.py:137} INFO - [2022-11-30T01:35:02.630+0000] {dagbag.py:537} INFO - Filling up the DagBag from /opt/airflow/dags/dag_with_catchup_and_backfill.py
[2022-11-30T01:35:02.648+0000] {processor.py:766} INFO - DAG(s) dict_keys(['dag_with_catchup_backfill_v01']) retrieved from /opt/airflow/dags/dag_with_catchup_and_backfill.py
[2022-11-30T01:35:02.695+0000] {logging_mixin.py:137} INFO - [2022-11-30T01:35:02.695+0000] {dag.py:2585} INFO - Sync 1 DAGs
[2022-11-30T01:35:02.730+0000] {logging_mixin.py:137} INFO - [2022-11-30T01:35:02.729+0000] {dag.py:3340} INFO - Setting next_dagrun for dag_with_catchup_backfill_v01 to 2022-11-30T00:00:00+00:00, run_after=2022-12-01T00:00:00+00:00
[2022-11-30T01:35:02.753+0000] {processor.py:176} INFO - Processing /opt/airflow/dags/dag_with_catchup_and_backfill.py took 0.127 seconds
[2022-11-30T01:35:33.261+0000] {processor.py:154} INFO - Started process (PID=553) to work on /opt/airflow/dags/dag_with_catchup_and_backfill.py
[2022-11-30T01:35:33.262+0000] {processor.py:756} INFO - Processing file /opt/airflow/dags/dag_with_catchup_and_backfill.py for tasks to queue
[2022-11-30T01:35:33.263+0000] {logging_mixin.py:137} INFO - [2022-11-30T01:35:33.262+0000] {dagbag.py:537} INFO - Filling up the DagBag from /opt/airflow/dags/dag_with_catchup_and_backfill.py
[2022-11-30T01:35:33.278+0000] {processor.py:766} INFO - DAG(s) dict_keys(['dag_with_catchup_backfill_v01']) retrieved from /opt/airflow/dags/dag_with_catchup_and_backfill.py
[2022-11-30T01:35:33.330+0000] {logging_mixin.py:137} INFO - [2022-11-30T01:35:33.330+0000] {dag.py:2585} INFO - Sync 1 DAGs
[2022-11-30T01:35:33.364+0000] {logging_mixin.py:137} INFO - [2022-11-30T01:35:33.364+0000] {dag.py:3340} INFO - Setting next_dagrun for dag_with_catchup_backfill_v01 to 2022-11-30T00:00:00+00:00, run_after=2022-12-01T00:00:00+00:00
[2022-11-30T01:35:33.386+0000] {processor.py:176} INFO - Processing /opt/airflow/dags/dag_with_catchup_and_backfill.py took 0.128 seconds
[2022-11-30T01:36:03.835+0000] {processor.py:154} INFO - Started process (PID=610) to work on /opt/airflow/dags/dag_with_catchup_and_backfill.py
[2022-11-30T01:36:03.835+0000] {processor.py:756} INFO - Processing file /opt/airflow/dags/dag_with_catchup_and_backfill.py for tasks to queue
[2022-11-30T01:36:03.836+0000] {logging_mixin.py:137} INFO - [2022-11-30T01:36:03.836+0000] {dagbag.py:537} INFO - Filling up the DagBag from /opt/airflow/dags/dag_with_catchup_and_backfill.py
[2022-11-30T01:36:03.852+0000] {processor.py:766} INFO - DAG(s) dict_keys(['dag_with_catchup_backfill_v01']) retrieved from /opt/airflow/dags/dag_with_catchup_and_backfill.py
[2022-11-30T01:36:03.893+0000] {logging_mixin.py:137} INFO - [2022-11-30T01:36:03.893+0000] {dag.py:2585} INFO - Sync 1 DAGs
[2022-11-30T01:36:03.926+0000] {logging_mixin.py:137} INFO - [2022-11-30T01:36:03.925+0000] {dag.py:3340} INFO - Setting next_dagrun for dag_with_catchup_backfill_v01 to 2022-11-30T00:00:00+00:00, run_after=2022-12-01T00:00:00+00:00
[2022-11-30T01:36:03.950+0000] {processor.py:176} INFO - Processing /opt/airflow/dags/dag_with_catchup_and_backfill.py took 0.118 seconds
[2022-11-30T01:36:34.403+0000] {processor.py:154} INFO - Started process (PID=658) to work on /opt/airflow/dags/dag_with_catchup_and_backfill.py
[2022-11-30T01:36:34.404+0000] {processor.py:756} INFO - Processing file /opt/airflow/dags/dag_with_catchup_and_backfill.py for tasks to queue
[2022-11-30T01:36:34.405+0000] {logging_mixin.py:137} INFO - [2022-11-30T01:36:34.405+0000] {dagbag.py:537} INFO - Filling up the DagBag from /opt/airflow/dags/dag_with_catchup_and_backfill.py
[2022-11-30T01:36:34.421+0000] {processor.py:766} INFO - DAG(s) dict_keys(['dag_with_catchup_backfill_v01']) retrieved from /opt/airflow/dags/dag_with_catchup_and_backfill.py
[2022-11-30T01:36:34.468+0000] {logging_mixin.py:137} INFO - [2022-11-30T01:36:34.468+0000] {dag.py:2585} INFO - Sync 1 DAGs
[2022-11-30T01:36:34.505+0000] {logging_mixin.py:137} INFO - [2022-11-30T01:36:34.504+0000] {dag.py:3340} INFO - Setting next_dagrun for dag_with_catchup_backfill_v01 to 2022-11-30T00:00:00+00:00, run_after=2022-12-01T00:00:00+00:00
[2022-11-30T01:36:34.528+0000] {processor.py:176} INFO - Processing /opt/airflow/dags/dag_with_catchup_and_backfill.py took 0.127 seconds
[2022-11-30T01:37:04.958+0000] {processor.py:154} INFO - Started process (PID=716) to work on /opt/airflow/dags/dag_with_catchup_and_backfill.py
[2022-11-30T01:37:04.959+0000] {processor.py:756} INFO - Processing file /opt/airflow/dags/dag_with_catchup_and_backfill.py for tasks to queue
[2022-11-30T01:37:04.959+0000] {logging_mixin.py:137} INFO - [2022-11-30T01:37:04.959+0000] {dagbag.py:537} INFO - Filling up the DagBag from /opt/airflow/dags/dag_with_catchup_and_backfill.py
[2022-11-30T01:37:04.976+0000] {processor.py:766} INFO - DAG(s) dict_keys(['dag_with_catchup_backfill_v01']) retrieved from /opt/airflow/dags/dag_with_catchup_and_backfill.py
[2022-11-30T01:37:05.037+0000] {logging_mixin.py:137} INFO - [2022-11-30T01:37:05.037+0000] {dag.py:2585} INFO - Sync 1 DAGs
[2022-11-30T01:37:05.072+0000] {logging_mixin.py:137} INFO - [2022-11-30T01:37:05.072+0000] {dag.py:3340} INFO - Setting next_dagrun for dag_with_catchup_backfill_v01 to 2022-11-30T00:00:00+00:00, run_after=2022-12-01T00:00:00+00:00
[2022-11-30T01:37:05.094+0000] {processor.py:176} INFO - Processing /opt/airflow/dags/dag_with_catchup_and_backfill.py took 0.138 seconds
[2022-11-30T01:37:35.528+0000] {processor.py:154} INFO - Started process (PID=773) to work on /opt/airflow/dags/dag_with_catchup_and_backfill.py
[2022-11-30T01:37:35.529+0000] {processor.py:756} INFO - Processing file /opt/airflow/dags/dag_with_catchup_and_backfill.py for tasks to queue
[2022-11-30T01:37:35.530+0000] {logging_mixin.py:137} INFO - [2022-11-30T01:37:35.530+0000] {dagbag.py:537} INFO - Filling up the DagBag from /opt/airflow/dags/dag_with_catchup_and_backfill.py
[2022-11-30T01:37:35.553+0000] {processor.py:766} INFO - DAG(s) dict_keys(['dag_with_catchup_backfill_v01']) retrieved from /opt/airflow/dags/dag_with_catchup_and_backfill.py
[2022-11-30T01:37:35.603+0000] {logging_mixin.py:137} INFO - [2022-11-30T01:37:35.602+0000] {dag.py:2585} INFO - Sync 1 DAGs
[2022-11-30T01:37:35.654+0000] {logging_mixin.py:137} INFO - [2022-11-30T01:37:35.654+0000] {dag.py:3340} INFO - Setting next_dagrun for dag_with_catchup_backfill_v01 to 2022-11-30T00:00:00+00:00, run_after=2022-12-01T00:00:00+00:00
[2022-11-30T01:37:35.685+0000] {processor.py:176} INFO - Processing /opt/airflow/dags/dag_with_catchup_and_backfill.py took 0.160 seconds
[2022-11-30T01:38:06.443+0000] {processor.py:154} INFO - Started process (PID=830) to work on /opt/airflow/dags/dag_with_catchup_and_backfill.py
[2022-11-30T01:38:06.444+0000] {processor.py:756} INFO - Processing file /opt/airflow/dags/dag_with_catchup_and_backfill.py for tasks to queue
[2022-11-30T01:38:06.445+0000] {logging_mixin.py:137} INFO - [2022-11-30T01:38:06.444+0000] {dagbag.py:537} INFO - Filling up the DagBag from /opt/airflow/dags/dag_with_catchup_and_backfill.py
[2022-11-30T01:38:06.460+0000] {processor.py:766} INFO - DAG(s) dict_keys(['dag_with_catchup_backfill_v01']) retrieved from /opt/airflow/dags/dag_with_catchup_and_backfill.py
[2022-11-30T01:38:06.507+0000] {logging_mixin.py:137} INFO - [2022-11-30T01:38:06.507+0000] {dag.py:2585} INFO - Sync 1 DAGs
[2022-11-30T01:38:06.543+0000] {logging_mixin.py:137} INFO - [2022-11-30T01:38:06.543+0000] {dag.py:3340} INFO - Setting next_dagrun for dag_with_catchup_backfill_v01 to 2022-11-30T00:00:00+00:00, run_after=2022-12-01T00:00:00+00:00
[2022-11-30T01:38:06.565+0000] {processor.py:176} INFO - Processing /opt/airflow/dags/dag_with_catchup_and_backfill.py took 0.125 seconds
[2022-11-30T01:38:36.991+0000] {processor.py:154} INFO - Started process (PID=886) to work on /opt/airflow/dags/dag_with_catchup_and_backfill.py
[2022-11-30T01:38:36.992+0000] {processor.py:756} INFO - Processing file /opt/airflow/dags/dag_with_catchup_and_backfill.py for tasks to queue
[2022-11-30T01:38:36.993+0000] {logging_mixin.py:137} INFO - [2022-11-30T01:38:36.993+0000] {dagbag.py:537} INFO - Filling up the DagBag from /opt/airflow/dags/dag_with_catchup_and_backfill.py
[2022-11-30T01:38:37.009+0000] {processor.py:766} INFO - DAG(s) dict_keys(['dag_with_catchup_backfill_v01']) retrieved from /opt/airflow/dags/dag_with_catchup_and_backfill.py
[2022-11-30T01:38:37.052+0000] {logging_mixin.py:137} INFO - [2022-11-30T01:38:37.052+0000] {dag.py:2585} INFO - Sync 1 DAGs
[2022-11-30T01:38:37.093+0000] {logging_mixin.py:137} INFO - [2022-11-30T01:38:37.092+0000] {dag.py:3340} INFO - Setting next_dagrun for dag_with_catchup_backfill_v01 to 2022-11-30T00:00:00+00:00, run_after=2022-12-01T00:00:00+00:00
[2022-11-30T01:38:37.115+0000] {processor.py:176} INFO - Processing /opt/airflow/dags/dag_with_catchup_and_backfill.py took 0.126 seconds
[2022-11-30T01:39:07.559+0000] {processor.py:154} INFO - Started process (PID=942) to work on /opt/airflow/dags/dag_with_catchup_and_backfill.py
[2022-11-30T01:39:07.559+0000] {processor.py:756} INFO - Processing file /opt/airflow/dags/dag_with_catchup_and_backfill.py for tasks to queue
[2022-11-30T01:39:07.560+0000] {logging_mixin.py:137} INFO - [2022-11-30T01:39:07.560+0000] {dagbag.py:537} INFO - Filling up the DagBag from /opt/airflow/dags/dag_with_catchup_and_backfill.py
[2022-11-30T01:39:07.576+0000] {processor.py:766} INFO - DAG(s) dict_keys(['dag_with_catchup_backfill_v01']) retrieved from /opt/airflow/dags/dag_with_catchup_and_backfill.py
[2022-11-30T01:39:07.636+0000] {logging_mixin.py:137} INFO - [2022-11-30T01:39:07.636+0000] {dag.py:2585} INFO - Sync 1 DAGs
[2022-11-30T01:39:07.672+0000] {logging_mixin.py:137} INFO - [2022-11-30T01:39:07.672+0000] {dag.py:3340} INFO - Setting next_dagrun for dag_with_catchup_backfill_v01 to 2022-11-30T00:00:00+00:00, run_after=2022-12-01T00:00:00+00:00
[2022-11-30T01:39:07.696+0000] {processor.py:176} INFO - Processing /opt/airflow/dags/dag_with_catchup_and_backfill.py took 0.140 seconds
[2022-11-30T01:39:38.332+0000] {processor.py:154} INFO - Started process (PID=1010) to work on /opt/airflow/dags/dag_with_catchup_and_backfill.py
[2022-11-30T01:39:38.332+0000] {processor.py:756} INFO - Processing file /opt/airflow/dags/dag_with_catchup_and_backfill.py for tasks to queue
[2022-11-30T01:39:38.333+0000] {logging_mixin.py:137} INFO - [2022-11-30T01:39:38.333+0000] {dagbag.py:537} INFO - Filling up the DagBag from /opt/airflow/dags/dag_with_catchup_and_backfill.py
[2022-11-30T01:39:38.351+0000] {processor.py:766} INFO - DAG(s) dict_keys(['dag_with_catchup_backfill_v01']) retrieved from /opt/airflow/dags/dag_with_catchup_and_backfill.py
[2022-11-30T01:39:38.395+0000] {logging_mixin.py:137} INFO - [2022-11-30T01:39:38.395+0000] {dag.py:2585} INFO - Sync 1 DAGs
[2022-11-30T01:39:38.433+0000] {logging_mixin.py:137} INFO - [2022-11-30T01:39:38.433+0000] {dag.py:3340} INFO - Setting next_dagrun for dag_with_catchup_backfill_v01 to 2022-11-30T00:00:00+00:00, run_after=2022-12-01T00:00:00+00:00
[2022-11-30T01:39:38.460+0000] {processor.py:176} INFO - Processing /opt/airflow/dags/dag_with_catchup_and_backfill.py took 0.131 seconds
[2022-11-30T01:40:09.346+0000] {processor.py:154} INFO - Started process (PID=1097) to work on /opt/airflow/dags/dag_with_catchup_and_backfill.py
[2022-11-30T01:40:09.347+0000] {processor.py:756} INFO - Processing file /opt/airflow/dags/dag_with_catchup_and_backfill.py for tasks to queue
[2022-11-30T01:40:09.348+0000] {logging_mixin.py:137} INFO - [2022-11-30T01:40:09.348+0000] {dagbag.py:537} INFO - Filling up the DagBag from /opt/airflow/dags/dag_with_catchup_and_backfill.py
[2022-11-30T01:40:09.361+0000] {processor.py:766} INFO - DAG(s) dict_keys(['dag_with_catchup_backfill_v01']) retrieved from /opt/airflow/dags/dag_with_catchup_and_backfill.py
[2022-11-30T01:40:09.399+0000] {logging_mixin.py:137} INFO - [2022-11-30T01:40:09.398+0000] {dag.py:2585} INFO - Sync 1 DAGs
[2022-11-30T01:40:09.432+0000] {logging_mixin.py:137} INFO - [2022-11-30T01:40:09.431+0000] {dag.py:3340} INFO - Setting next_dagrun for dag_with_catchup_backfill_v01 to 2022-11-30T00:00:00+00:00, run_after=2022-12-01T00:00:00+00:00
[2022-11-30T01:40:09.453+0000] {processor.py:176} INFO - Processing /opt/airflow/dags/dag_with_catchup_and_backfill.py took 0.109 seconds
[2022-11-30T01:40:39.648+0000] {processor.py:154} INFO - Started process (PID=1189) to work on /opt/airflow/dags/dag_with_catchup_and_backfill.py
[2022-11-30T01:40:39.649+0000] {processor.py:756} INFO - Processing file /opt/airflow/dags/dag_with_catchup_and_backfill.py for tasks to queue
[2022-11-30T01:40:39.650+0000] {logging_mixin.py:137} INFO - [2022-11-30T01:40:39.650+0000] {dagbag.py:537} INFO - Filling up the DagBag from /opt/airflow/dags/dag_with_catchup_and_backfill.py
[2022-11-30T01:40:39.666+0000] {processor.py:766} INFO - DAG(s) dict_keys(['dag_with_catchup_backfill_v01']) retrieved from /opt/airflow/dags/dag_with_catchup_and_backfill.py
[2022-11-30T01:40:39.706+0000] {logging_mixin.py:137} INFO - [2022-11-30T01:40:39.706+0000] {dag.py:2585} INFO - Sync 1 DAGs
[2022-11-30T01:40:39.740+0000] {logging_mixin.py:137} INFO - [2022-11-30T01:40:39.740+0000] {dag.py:3340} INFO - Setting next_dagrun for dag_with_catchup_backfill_v01 to 2022-11-30T00:00:00+00:00, run_after=2022-12-01T00:00:00+00:00
[2022-11-30T01:40:39.763+0000] {processor.py:176} INFO - Processing /opt/airflow/dags/dag_with_catchup_and_backfill.py took 0.117 seconds
[2022-11-30T01:41:10.010+0000] {processor.py:154} INFO - Started process (PID=1272) to work on /opt/airflow/dags/dag_with_catchup_and_backfill.py
[2022-11-30T01:41:10.011+0000] {processor.py:756} INFO - Processing file /opt/airflow/dags/dag_with_catchup_and_backfill.py for tasks to queue
[2022-11-30T01:41:10.012+0000] {logging_mixin.py:137} INFO - [2022-11-30T01:41:10.012+0000] {dagbag.py:537} INFO - Filling up the DagBag from /opt/airflow/dags/dag_with_catchup_and_backfill.py
[2022-11-30T01:41:10.032+0000] {processor.py:766} INFO - DAG(s) dict_keys(['dag_with_catchup_backfill_v01']) retrieved from /opt/airflow/dags/dag_with_catchup_and_backfill.py
[2022-11-30T01:41:10.079+0000] {logging_mixin.py:137} INFO - [2022-11-30T01:41:10.079+0000] {dag.py:2585} INFO - Sync 1 DAGs
[2022-11-30T01:41:10.131+0000] {logging_mixin.py:137} INFO - [2022-11-30T01:41:10.131+0000] {dag.py:3340} INFO - Setting next_dagrun for dag_with_catchup_backfill_v01 to 2022-11-30T00:00:00+00:00, run_after=2022-12-01T00:00:00+00:00
[2022-11-30T01:41:10.159+0000] {processor.py:176} INFO - Processing /opt/airflow/dags/dag_with_catchup_and_backfill.py took 0.153 seconds
[2022-11-30T01:41:40.881+0000] {processor.py:154} INFO - Started process (PID=1351) to work on /opt/airflow/dags/dag_with_catchup_and_backfill.py
[2022-11-30T01:41:40.882+0000] {processor.py:756} INFO - Processing file /opt/airflow/dags/dag_with_catchup_and_backfill.py for tasks to queue
[2022-11-30T01:41:40.883+0000] {logging_mixin.py:137} INFO - [2022-11-30T01:41:40.883+0000] {dagbag.py:537} INFO - Filling up the DagBag from /opt/airflow/dags/dag_with_catchup_and_backfill.py
[2022-11-30T01:41:40.899+0000] {processor.py:766} INFO - DAG(s) dict_keys(['dag_with_catchup_backfill_v01']) retrieved from /opt/airflow/dags/dag_with_catchup_and_backfill.py
[2022-11-30T01:41:40.941+0000] {logging_mixin.py:137} INFO - [2022-11-30T01:41:40.941+0000] {dag.py:2585} INFO - Sync 1 DAGs
[2022-11-30T01:41:40.975+0000] {logging_mixin.py:137} INFO - [2022-11-30T01:41:40.975+0000] {dag.py:3340} INFO - Setting next_dagrun for dag_with_catchup_backfill_v01 to 2022-11-30T00:00:00+00:00, run_after=2022-12-01T00:00:00+00:00
[2022-11-30T01:41:40.997+0000] {processor.py:176} INFO - Processing /opt/airflow/dags/dag_with_catchup_and_backfill.py took 0.119 seconds
[2022-11-30T01:42:11.402+0000] {processor.py:154} INFO - Started process (PID=1406) to work on /opt/airflow/dags/dag_with_catchup_and_backfill.py
[2022-11-30T01:42:11.403+0000] {processor.py:756} INFO - Processing file /opt/airflow/dags/dag_with_catchup_and_backfill.py for tasks to queue
[2022-11-30T01:42:11.403+0000] {logging_mixin.py:137} INFO - [2022-11-30T01:42:11.403+0000] {dagbag.py:537} INFO - Filling up the DagBag from /opt/airflow/dags/dag_with_catchup_and_backfill.py
[2022-11-30T01:42:11.423+0000] {processor.py:766} INFO - DAG(s) dict_keys(['dag_with_catchup_backfill_v01']) retrieved from /opt/airflow/dags/dag_with_catchup_and_backfill.py
[2022-11-30T01:42:11.469+0000] {logging_mixin.py:137} INFO - [2022-11-30T01:42:11.469+0000] {dag.py:2585} INFO - Sync 1 DAGs
[2022-11-30T01:42:11.509+0000] {logging_mixin.py:137} INFO - [2022-11-30T01:42:11.508+0000] {dag.py:3340} INFO - Setting next_dagrun for dag_with_catchup_backfill_v01 to 2022-11-30T00:00:00+00:00, run_after=2022-12-01T00:00:00+00:00
[2022-11-30T01:42:11.532+0000] {processor.py:176} INFO - Processing /opt/airflow/dags/dag_with_catchup_and_backfill.py took 0.134 seconds
[2022-11-30T01:42:42.070+0000] {processor.py:154} INFO - Started process (PID=1465) to work on /opt/airflow/dags/dag_with_catchup_and_backfill.py
[2022-11-30T01:42:42.071+0000] {processor.py:756} INFO - Processing file /opt/airflow/dags/dag_with_catchup_and_backfill.py for tasks to queue
[2022-11-30T01:42:42.072+0000] {logging_mixin.py:137} INFO - [2022-11-30T01:42:42.072+0000] {dagbag.py:537} INFO - Filling up the DagBag from /opt/airflow/dags/dag_with_catchup_and_backfill.py
[2022-11-30T01:42:42.095+0000] {processor.py:766} INFO - DAG(s) dict_keys(['dag_with_catchup_backfill_v01']) retrieved from /opt/airflow/dags/dag_with_catchup_and_backfill.py
[2022-11-30T01:42:42.144+0000] {logging_mixin.py:137} INFO - [2022-11-30T01:42:42.144+0000] {dag.py:2585} INFO - Sync 1 DAGs
[2022-11-30T01:42:42.185+0000] {logging_mixin.py:137} INFO - [2022-11-30T01:42:42.184+0000] {dag.py:3340} INFO - Setting next_dagrun for dag_with_catchup_backfill_v01 to 2022-11-30T00:00:00+00:00, run_after=2022-12-01T00:00:00+00:00
[2022-11-30T01:42:42.220+0000] {processor.py:176} INFO - Processing /opt/airflow/dags/dag_with_catchup_and_backfill.py took 0.153 seconds
[2022-11-30T01:43:12.940+0000] {processor.py:154} INFO - Started process (PID=1527) to work on /opt/airflow/dags/dag_with_catchup_and_backfill.py
[2022-11-30T01:43:12.941+0000] {processor.py:756} INFO - Processing file /opt/airflow/dags/dag_with_catchup_and_backfill.py for tasks to queue
[2022-11-30T01:43:12.942+0000] {logging_mixin.py:137} INFO - [2022-11-30T01:43:12.942+0000] {dagbag.py:537} INFO - Filling up the DagBag from /opt/airflow/dags/dag_with_catchup_and_backfill.py
[2022-11-30T01:43:12.959+0000] {processor.py:766} INFO - DAG(s) dict_keys(['dag_with_catchup_backfill_v01']) retrieved from /opt/airflow/dags/dag_with_catchup_and_backfill.py
[2022-11-30T01:43:13.001+0000] {logging_mixin.py:137} INFO - [2022-11-30T01:43:13.001+0000] {dag.py:2585} INFO - Sync 1 DAGs
[2022-11-30T01:43:13.037+0000] {logging_mixin.py:137} INFO - [2022-11-30T01:43:13.037+0000] {dag.py:3340} INFO - Setting next_dagrun for dag_with_catchup_backfill_v01 to 2022-11-30T00:00:00+00:00, run_after=2022-12-01T00:00:00+00:00
[2022-11-30T01:43:13.066+0000] {processor.py:176} INFO - Processing /opt/airflow/dags/dag_with_catchup_and_backfill.py took 0.128 seconds
[2022-11-30T01:43:43.552+0000] {processor.py:154} INFO - Started process (PID=1595) to work on /opt/airflow/dags/dag_with_catchup_and_backfill.py
[2022-11-30T01:43:43.553+0000] {processor.py:756} INFO - Processing file /opt/airflow/dags/dag_with_catchup_and_backfill.py for tasks to queue
[2022-11-30T01:43:43.555+0000] {logging_mixin.py:137} INFO - [2022-11-30T01:43:43.554+0000] {dagbag.py:537} INFO - Filling up the DagBag from /opt/airflow/dags/dag_with_catchup_and_backfill.py
[2022-11-30T01:43:43.582+0000] {processor.py:766} INFO - DAG(s) dict_keys(['dag_with_catchup_backfill_v01']) retrieved from /opt/airflow/dags/dag_with_catchup_and_backfill.py
[2022-11-30T01:43:43.631+0000] {logging_mixin.py:137} INFO - [2022-11-30T01:43:43.631+0000] {dag.py:2585} INFO - Sync 1 DAGs
[2022-11-30T01:43:43.666+0000] {logging_mixin.py:137} INFO - [2022-11-30T01:43:43.666+0000] {dag.py:3340} INFO - Setting next_dagrun for dag_with_catchup_backfill_v01 to 2022-11-30T00:00:00+00:00, run_after=2022-12-01T00:00:00+00:00
[2022-11-30T01:43:43.687+0000] {processor.py:176} INFO - Processing /opt/airflow/dags/dag_with_catchup_and_backfill.py took 0.139 seconds
[2022-11-30T01:44:14.110+0000] {processor.py:154} INFO - Started process (PID=1654) to work on /opt/airflow/dags/dag_with_catchup_and_backfill.py
[2022-11-30T01:44:14.111+0000] {processor.py:756} INFO - Processing file /opt/airflow/dags/dag_with_catchup_and_backfill.py for tasks to queue
[2022-11-30T01:44:14.112+0000] {logging_mixin.py:137} INFO - [2022-11-30T01:44:14.112+0000] {dagbag.py:537} INFO - Filling up the DagBag from /opt/airflow/dags/dag_with_catchup_and_backfill.py
[2022-11-30T01:44:14.131+0000] {processor.py:766} INFO - DAG(s) dict_keys(['dag_with_catchup_backfill_v01']) retrieved from /opt/airflow/dags/dag_with_catchup_and_backfill.py
[2022-11-30T01:44:14.175+0000] {logging_mixin.py:137} INFO - [2022-11-30T01:44:14.175+0000] {dag.py:2585} INFO - Sync 1 DAGs
[2022-11-30T01:44:14.209+0000] {logging_mixin.py:137} INFO - [2022-11-30T01:44:14.209+0000] {dag.py:3340} INFO - Setting next_dagrun for dag_with_catchup_backfill_v01 to 2022-11-30T00:00:00+00:00, run_after=2022-12-01T00:00:00+00:00
[2022-11-30T01:44:14.234+0000] {processor.py:176} INFO - Processing /opt/airflow/dags/dag_with_catchup_and_backfill.py took 0.126 seconds
[2022-11-30T01:44:44.762+0000] {processor.py:154} INFO - Started process (PID=1729) to work on /opt/airflow/dags/dag_with_catchup_and_backfill.py
[2022-11-30T01:44:44.763+0000] {processor.py:756} INFO - Processing file /opt/airflow/dags/dag_with_catchup_and_backfill.py for tasks to queue
[2022-11-30T01:44:44.764+0000] {logging_mixin.py:137} INFO - [2022-11-30T01:44:44.763+0000] {dagbag.py:537} INFO - Filling up the DagBag from /opt/airflow/dags/dag_with_catchup_and_backfill.py
[2022-11-30T01:44:44.780+0000] {processor.py:766} INFO - DAG(s) dict_keys(['dag_with_catchup_backfill_v01']) retrieved from /opt/airflow/dags/dag_with_catchup_and_backfill.py
[2022-11-30T01:44:44.822+0000] {logging_mixin.py:137} INFO - [2022-11-30T01:44:44.822+0000] {dag.py:2585} INFO - Sync 1 DAGs
[2022-11-30T01:44:44.855+0000] {logging_mixin.py:137} INFO - [2022-11-30T01:44:44.855+0000] {dag.py:3340} INFO - Setting next_dagrun for dag_with_catchup_backfill_v01 to 2022-11-30T00:00:00+00:00, run_after=2022-12-01T00:00:00+00:00
[2022-11-30T01:44:44.880+0000] {processor.py:176} INFO - Processing /opt/airflow/dags/dag_with_catchup_and_backfill.py took 0.121 seconds
[2022-11-30T01:45:15.320+0000] {processor.py:154} INFO - Started process (PID=1777) to work on /opt/airflow/dags/dag_with_catchup_and_backfill.py
[2022-11-30T01:45:15.321+0000] {processor.py:756} INFO - Processing file /opt/airflow/dags/dag_with_catchup_and_backfill.py for tasks to queue
[2022-11-30T01:45:15.321+0000] {logging_mixin.py:137} INFO - [2022-11-30T01:45:15.321+0000] {dagbag.py:537} INFO - Filling up the DagBag from /opt/airflow/dags/dag_with_catchup_and_backfill.py
[2022-11-30T01:45:15.338+0000] {processor.py:766} INFO - DAG(s) dict_keys(['dag_with_catchup_backfill_v01']) retrieved from /opt/airflow/dags/dag_with_catchup_and_backfill.py
[2022-11-30T01:45:15.381+0000] {logging_mixin.py:137} INFO - [2022-11-30T01:45:15.380+0000] {dag.py:2585} INFO - Sync 1 DAGs
[2022-11-30T01:45:15.416+0000] {logging_mixin.py:137} INFO - [2022-11-30T01:45:15.415+0000] {dag.py:3340} INFO - Setting next_dagrun for dag_with_catchup_backfill_v01 to 2022-11-30T00:00:00+00:00, run_after=2022-12-01T00:00:00+00:00
[2022-11-30T01:45:15.437+0000] {processor.py:176} INFO - Processing /opt/airflow/dags/dag_with_catchup_and_backfill.py took 0.120 seconds
[2022-11-30T01:45:45.866+0000] {processor.py:154} INFO - Started process (PID=1835) to work on /opt/airflow/dags/dag_with_catchup_and_backfill.py
[2022-11-30T01:45:45.866+0000] {processor.py:756} INFO - Processing file /opt/airflow/dags/dag_with_catchup_and_backfill.py for tasks to queue
[2022-11-30T01:45:45.867+0000] {logging_mixin.py:137} INFO - [2022-11-30T01:45:45.867+0000] {dagbag.py:537} INFO - Filling up the DagBag from /opt/airflow/dags/dag_with_catchup_and_backfill.py
[2022-11-30T01:45:45.883+0000] {processor.py:766} INFO - DAG(s) dict_keys(['dag_with_catchup_backfill_v01']) retrieved from /opt/airflow/dags/dag_with_catchup_and_backfill.py
[2022-11-30T01:45:45.922+0000] {logging_mixin.py:137} INFO - [2022-11-30T01:45:45.922+0000] {dag.py:2585} INFO - Sync 1 DAGs
[2022-11-30T01:45:45.952+0000] {logging_mixin.py:137} INFO - [2022-11-30T01:45:45.952+0000] {dag.py:3340} INFO - Setting next_dagrun for dag_with_catchup_backfill_v01 to 2022-11-30T00:00:00+00:00, run_after=2022-12-01T00:00:00+00:00
[2022-11-30T01:45:45.986+0000] {processor.py:176} INFO - Processing /opt/airflow/dags/dag_with_catchup_and_backfill.py took 0.123 seconds
[2022-11-30T01:46:16.375+0000] {processor.py:154} INFO - Started process (PID=1892) to work on /opt/airflow/dags/dag_with_catchup_and_backfill.py
[2022-11-30T01:46:16.376+0000] {processor.py:756} INFO - Processing file /opt/airflow/dags/dag_with_catchup_and_backfill.py for tasks to queue
[2022-11-30T01:46:16.377+0000] {logging_mixin.py:137} INFO - [2022-11-30T01:46:16.377+0000] {dagbag.py:537} INFO - Filling up the DagBag from /opt/airflow/dags/dag_with_catchup_and_backfill.py
[2022-11-30T01:46:16.393+0000] {processor.py:766} INFO - DAG(s) dict_keys(['dag_with_catchup_backfill_v01']) retrieved from /opt/airflow/dags/dag_with_catchup_and_backfill.py
[2022-11-30T01:46:16.437+0000] {logging_mixin.py:137} INFO - [2022-11-30T01:46:16.437+0000] {dag.py:2585} INFO - Sync 1 DAGs
[2022-11-30T01:46:16.472+0000] {logging_mixin.py:137} INFO - [2022-11-30T01:46:16.472+0000] {dag.py:3340} INFO - Setting next_dagrun for dag_with_catchup_backfill_v01 to 2022-11-30T00:00:00+00:00, run_after=2022-12-01T00:00:00+00:00
[2022-11-30T01:46:16.495+0000] {processor.py:176} INFO - Processing /opt/airflow/dags/dag_with_catchup_and_backfill.py took 0.123 seconds
[2022-11-30T01:46:46.941+0000] {processor.py:154} INFO - Started process (PID=1940) to work on /opt/airflow/dags/dag_with_catchup_and_backfill.py
[2022-11-30T01:46:46.942+0000] {processor.py:756} INFO - Processing file /opt/airflow/dags/dag_with_catchup_and_backfill.py for tasks to queue
[2022-11-30T01:46:46.942+0000] {logging_mixin.py:137} INFO - [2022-11-30T01:46:46.942+0000] {dagbag.py:537} INFO - Filling up the DagBag from /opt/airflow/dags/dag_with_catchup_and_backfill.py
[2022-11-30T01:46:46.958+0000] {processor.py:766} INFO - DAG(s) dict_keys(['dag_with_catchup_backfill_v01']) retrieved from /opt/airflow/dags/dag_with_catchup_and_backfill.py
[2022-11-30T01:46:47.026+0000] {logging_mixin.py:137} INFO - [2022-11-30T01:46:47.026+0000] {dag.py:2585} INFO - Sync 1 DAGs
[2022-11-30T01:46:47.068+0000] {logging_mixin.py:137} INFO - [2022-11-30T01:46:47.068+0000] {dag.py:3340} INFO - Setting next_dagrun for dag_with_catchup_backfill_v01 to 2022-11-30T00:00:00+00:00, run_after=2022-12-01T00:00:00+00:00
[2022-11-30T01:46:47.107+0000] {processor.py:176} INFO - Processing /opt/airflow/dags/dag_with_catchup_and_backfill.py took 0.168 seconds
[2022-11-30T01:47:17.910+0000] {processor.py:154} INFO - Started process (PID=2016) to work on /opt/airflow/dags/dag_with_catchup_and_backfill.py
[2022-11-30T01:47:17.910+0000] {processor.py:756} INFO - Processing file /opt/airflow/dags/dag_with_catchup_and_backfill.py for tasks to queue
[2022-11-30T01:47:17.911+0000] {logging_mixin.py:137} INFO - [2022-11-30T01:47:17.911+0000] {dagbag.py:537} INFO - Filling up the DagBag from /opt/airflow/dags/dag_with_catchup_and_backfill.py
[2022-11-30T01:47:17.925+0000] {processor.py:766} INFO - DAG(s) dict_keys(['dag_with_catchup_backfill_v01']) retrieved from /opt/airflow/dags/dag_with_catchup_and_backfill.py
[2022-11-30T01:47:17.965+0000] {logging_mixin.py:137} INFO - [2022-11-30T01:47:17.965+0000] {dag.py:2585} INFO - Sync 1 DAGs
[2022-11-30T01:47:17.997+0000] {logging_mixin.py:137} INFO - [2022-11-30T01:47:17.997+0000] {dag.py:3340} INFO - Setting next_dagrun for dag_with_catchup_backfill_v01 to 2022-11-30T00:00:00+00:00, run_after=2022-12-01T00:00:00+00:00
[2022-11-30T01:47:18.018+0000] {processor.py:176} INFO - Processing /opt/airflow/dags/dag_with_catchup_and_backfill.py took 0.111 seconds
[2022-11-30T01:47:48.092+0000] {processor.py:154} INFO - Started process (PID=2111) to work on /opt/airflow/dags/dag_with_catchup_and_backfill.py
[2022-11-30T01:47:48.092+0000] {processor.py:756} INFO - Processing file /opt/airflow/dags/dag_with_catchup_and_backfill.py for tasks to queue
[2022-11-30T01:47:48.093+0000] {logging_mixin.py:137} INFO - [2022-11-30T01:47:48.093+0000] {dagbag.py:537} INFO - Filling up the DagBag from /opt/airflow/dags/dag_with_catchup_and_backfill.py
[2022-11-30T01:47:48.108+0000] {processor.py:766} INFO - DAG(s) dict_keys(['dag_with_catchup_backfill_v01']) retrieved from /opt/airflow/dags/dag_with_catchup_and_backfill.py
[2022-11-30T01:47:48.147+0000] {logging_mixin.py:137} INFO - [2022-11-30T01:47:48.147+0000] {dag.py:2585} INFO - Sync 1 DAGs
[2022-11-30T01:47:48.177+0000] {logging_mixin.py:137} INFO - [2022-11-30T01:47:48.177+0000] {dag.py:3340} INFO - Setting next_dagrun for dag_with_catchup_backfill_v01 to 2022-11-30T00:00:00+00:00, run_after=2022-12-01T00:00:00+00:00
[2022-11-30T01:47:48.200+0000] {processor.py:176} INFO - Processing /opt/airflow/dags/dag_with_catchup_and_backfill.py took 0.111 seconds
[2022-11-30T01:48:18.940+0000] {processor.py:154} INFO - Started process (PID=2190) to work on /opt/airflow/dags/dag_with_catchup_and_backfill.py
[2022-11-30T01:48:18.941+0000] {processor.py:756} INFO - Processing file /opt/airflow/dags/dag_with_catchup_and_backfill.py for tasks to queue
[2022-11-30T01:48:18.942+0000] {logging_mixin.py:137} INFO - [2022-11-30T01:48:18.942+0000] {dagbag.py:537} INFO - Filling up the DagBag from /opt/airflow/dags/dag_with_catchup_and_backfill.py
[2022-11-30T01:48:18.962+0000] {processor.py:766} INFO - DAG(s) dict_keys(['dag_with_catchup_backfill_v01']) retrieved from /opt/airflow/dags/dag_with_catchup_and_backfill.py
[2022-11-30T01:48:19.006+0000] {logging_mixin.py:137} INFO - [2022-11-30T01:48:19.006+0000] {dag.py:2585} INFO - Sync 1 DAGs
[2022-11-30T01:48:19.039+0000] {logging_mixin.py:137} INFO - [2022-11-30T01:48:19.039+0000] {dag.py:3340} INFO - Setting next_dagrun for dag_with_catchup_backfill_v01 to 2022-11-30T00:00:00+00:00, run_after=2022-12-01T00:00:00+00:00
[2022-11-30T01:48:19.063+0000] {processor.py:176} INFO - Processing /opt/airflow/dags/dag_with_catchup_and_backfill.py took 0.126 seconds
[2022-11-30T01:48:49.736+0000] {processor.py:154} INFO - Started process (PID=2253) to work on /opt/airflow/dags/dag_with_catchup_and_backfill.py
[2022-11-30T01:48:49.737+0000] {processor.py:756} INFO - Processing file /opt/airflow/dags/dag_with_catchup_and_backfill.py for tasks to queue
[2022-11-30T01:48:49.738+0000] {logging_mixin.py:137} INFO - [2022-11-30T01:48:49.738+0000] {dagbag.py:537} INFO - Filling up the DagBag from /opt/airflow/dags/dag_with_catchup_and_backfill.py
[2022-11-30T01:48:49.753+0000] {processor.py:766} INFO - DAG(s) dict_keys(['dag_with_catchup_backfill_v01']) retrieved from /opt/airflow/dags/dag_with_catchup_and_backfill.py
[2022-11-30T01:48:49.791+0000] {logging_mixin.py:137} INFO - [2022-11-30T01:48:49.791+0000] {dag.py:2585} INFO - Sync 1 DAGs
[2022-11-30T01:48:49.824+0000] {logging_mixin.py:137} INFO - [2022-11-30T01:48:49.823+0000] {dag.py:3340} INFO - Setting next_dagrun for dag_with_catchup_backfill_v01 to 2022-11-30T00:00:00+00:00, run_after=2022-12-01T00:00:00+00:00
[2022-11-30T01:48:49.846+0000] {processor.py:176} INFO - Processing /opt/airflow/dags/dag_with_catchup_and_backfill.py took 0.113 seconds
[2022-11-30T01:49:20.467+0000] {processor.py:154} INFO - Started process (PID=2339) to work on /opt/airflow/dags/dag_with_catchup_and_backfill.py
[2022-11-30T01:49:20.468+0000] {processor.py:756} INFO - Processing file /opt/airflow/dags/dag_with_catchup_and_backfill.py for tasks to queue
[2022-11-30T01:49:20.470+0000] {logging_mixin.py:137} INFO - [2022-11-30T01:49:20.469+0000] {dagbag.py:537} INFO - Filling up the DagBag from /opt/airflow/dags/dag_with_catchup_and_backfill.py
[2022-11-30T01:49:20.505+0000] {processor.py:766} INFO - DAG(s) dict_keys(['dag_with_catchup_backfill_v01']) retrieved from /opt/airflow/dags/dag_with_catchup_and_backfill.py
[2022-11-30T01:49:20.560+0000] {logging_mixin.py:137} INFO - [2022-11-30T01:49:20.560+0000] {dag.py:2585} INFO - Sync 1 DAGs
[2022-11-30T01:49:20.605+0000] {logging_mixin.py:137} INFO - [2022-11-30T01:49:20.605+0000] {dag.py:3340} INFO - Setting next_dagrun for dag_with_catchup_backfill_v01 to 2022-11-30T00:00:00+00:00, run_after=2022-12-01T00:00:00+00:00
[2022-11-30T01:49:20.628+0000] {processor.py:176} INFO - Processing /opt/airflow/dags/dag_with_catchup_and_backfill.py took 0.167 seconds
[2022-11-30T01:49:51.097+0000] {processor.py:154} INFO - Started process (PID=2386) to work on /opt/airflow/dags/dag_with_catchup_and_backfill.py
[2022-11-30T01:49:51.098+0000] {processor.py:756} INFO - Processing file /opt/airflow/dags/dag_with_catchup_and_backfill.py for tasks to queue
[2022-11-30T01:49:51.098+0000] {logging_mixin.py:137} INFO - [2022-11-30T01:49:51.098+0000] {dagbag.py:537} INFO - Filling up the DagBag from /opt/airflow/dags/dag_with_catchup_and_backfill.py
[2022-11-30T01:49:51.117+0000] {processor.py:766} INFO - DAG(s) dict_keys(['dag_with_catchup_backfill_v01']) retrieved from /opt/airflow/dags/dag_with_catchup_and_backfill.py
[2022-11-30T01:49:51.167+0000] {logging_mixin.py:137} INFO - [2022-11-30T01:49:51.166+0000] {dag.py:2585} INFO - Sync 1 DAGs
[2022-11-30T01:49:51.201+0000] {logging_mixin.py:137} INFO - [2022-11-30T01:49:51.201+0000] {dag.py:3340} INFO - Setting next_dagrun for dag_with_catchup_backfill_v01 to 2022-11-30T00:00:00+00:00, run_after=2022-12-01T00:00:00+00:00
[2022-11-30T01:49:51.226+0000] {processor.py:176} INFO - Processing /opt/airflow/dags/dag_with_catchup_and_backfill.py took 0.132 seconds
[2022-11-30T01:50:21.708+0000] {processor.py:154} INFO - Started process (PID=2445) to work on /opt/airflow/dags/dag_with_catchup_and_backfill.py
[2022-11-30T01:50:21.709+0000] {processor.py:756} INFO - Processing file /opt/airflow/dags/dag_with_catchup_and_backfill.py for tasks to queue
[2022-11-30T01:50:21.710+0000] {logging_mixin.py:137} INFO - [2022-11-30T01:50:21.710+0000] {dagbag.py:537} INFO - Filling up the DagBag from /opt/airflow/dags/dag_with_catchup_and_backfill.py
[2022-11-30T01:50:21.726+0000] {processor.py:766} INFO - DAG(s) dict_keys(['dag_with_catchup_backfill_v01']) retrieved from /opt/airflow/dags/dag_with_catchup_and_backfill.py
[2022-11-30T01:50:21.764+0000] {logging_mixin.py:137} INFO - [2022-11-30T01:50:21.764+0000] {dag.py:2585} INFO - Sync 1 DAGs
[2022-11-30T01:50:21.797+0000] {logging_mixin.py:137} INFO - [2022-11-30T01:50:21.796+0000] {dag.py:3340} INFO - Setting next_dagrun for dag_with_catchup_backfill_v01 to 2022-11-30T00:00:00+00:00, run_after=2022-12-01T00:00:00+00:00
[2022-11-30T01:50:21.818+0000] {processor.py:176} INFO - Processing /opt/airflow/dags/dag_with_catchup_and_backfill.py took 0.112 seconds
[2022-11-30T01:50:52.301+0000] {processor.py:154} INFO - Started process (PID=2506) to work on /opt/airflow/dags/dag_with_catchup_and_backfill.py
[2022-11-30T01:50:52.302+0000] {processor.py:756} INFO - Processing file /opt/airflow/dags/dag_with_catchup_and_backfill.py for tasks to queue
[2022-11-30T01:50:52.303+0000] {logging_mixin.py:137} INFO - [2022-11-30T01:50:52.303+0000] {dagbag.py:537} INFO - Filling up the DagBag from /opt/airflow/dags/dag_with_catchup_and_backfill.py
[2022-11-30T01:50:52.325+0000] {processor.py:766} INFO - DAG(s) dict_keys(['dag_with_catchup_backfill_v01']) retrieved from /opt/airflow/dags/dag_with_catchup_and_backfill.py
[2022-11-30T01:50:52.384+0000] {logging_mixin.py:137} INFO - [2022-11-30T01:50:52.384+0000] {dag.py:2585} INFO - Sync 1 DAGs
[2022-11-30T01:50:52.425+0000] {logging_mixin.py:137} INFO - [2022-11-30T01:50:52.424+0000] {dag.py:3340} INFO - Setting next_dagrun for dag_with_catchup_backfill_v01 to 2022-11-30T00:00:00+00:00, run_after=2022-12-01T00:00:00+00:00
[2022-11-30T01:50:52.456+0000] {processor.py:176} INFO - Processing /opt/airflow/dags/dag_with_catchup_and_backfill.py took 0.158 seconds
[2022-11-30T01:51:23.015+0000] {processor.py:154} INFO - Started process (PID=2554) to work on /opt/airflow/dags/dag_with_catchup_and_backfill.py
[2022-11-30T01:51:23.016+0000] {processor.py:756} INFO - Processing file /opt/airflow/dags/dag_with_catchup_and_backfill.py for tasks to queue
[2022-11-30T01:51:23.017+0000] {logging_mixin.py:137} INFO - [2022-11-30T01:51:23.017+0000] {dagbag.py:537} INFO - Filling up the DagBag from /opt/airflow/dags/dag_with_catchup_and_backfill.py
[2022-11-30T01:51:23.040+0000] {processor.py:766} INFO - DAG(s) dict_keys(['dag_with_catchup_backfill_v01']) retrieved from /opt/airflow/dags/dag_with_catchup_and_backfill.py
[2022-11-30T01:51:23.111+0000] {logging_mixin.py:137} INFO - [2022-11-30T01:51:23.111+0000] {dag.py:2585} INFO - Sync 1 DAGs
[2022-11-30T01:51:23.160+0000] {logging_mixin.py:137} INFO - [2022-11-30T01:51:23.160+0000] {dag.py:3340} INFO - Setting next_dagrun for dag_with_catchup_backfill_v01 to 2022-11-30T00:00:00+00:00, run_after=2022-12-01T00:00:00+00:00
[2022-11-30T01:51:23.192+0000] {processor.py:176} INFO - Processing /opt/airflow/dags/dag_with_catchup_and_backfill.py took 0.183 seconds
[2022-11-30T01:51:53.659+0000] {processor.py:154} INFO - Started process (PID=2611) to work on /opt/airflow/dags/dag_with_catchup_and_backfill.py
[2022-11-30T01:51:53.660+0000] {processor.py:756} INFO - Processing file /opt/airflow/dags/dag_with_catchup_and_backfill.py for tasks to queue
[2022-11-30T01:51:53.660+0000] {logging_mixin.py:137} INFO - [2022-11-30T01:51:53.660+0000] {dagbag.py:537} INFO - Filling up the DagBag from /opt/airflow/dags/dag_with_catchup_and_backfill.py
[2022-11-30T01:51:53.675+0000] {processor.py:766} INFO - DAG(s) dict_keys(['dag_with_catchup_backfill_v01']) retrieved from /opt/airflow/dags/dag_with_catchup_and_backfill.py
[2022-11-30T01:51:53.714+0000] {logging_mixin.py:137} INFO - [2022-11-30T01:51:53.714+0000] {dag.py:2585} INFO - Sync 1 DAGs
[2022-11-30T01:51:53.750+0000] {logging_mixin.py:137} INFO - [2022-11-30T01:51:53.750+0000] {dag.py:3340} INFO - Setting next_dagrun for dag_with_catchup_backfill_v01 to 2022-11-30T00:00:00+00:00, run_after=2022-12-01T00:00:00+00:00
[2022-11-30T01:51:53.771+0000] {processor.py:176} INFO - Processing /opt/airflow/dags/dag_with_catchup_and_backfill.py took 0.114 seconds
[2022-11-30T01:52:24.222+0000] {processor.py:154} INFO - Started process (PID=2666) to work on /opt/airflow/dags/dag_with_catchup_and_backfill.py
[2022-11-30T01:52:24.223+0000] {processor.py:756} INFO - Processing file /opt/airflow/dags/dag_with_catchup_and_backfill.py for tasks to queue
[2022-11-30T01:52:24.224+0000] {logging_mixin.py:137} INFO - [2022-11-30T01:52:24.224+0000] {dagbag.py:537} INFO - Filling up the DagBag from /opt/airflow/dags/dag_with_catchup_and_backfill.py
[2022-11-30T01:52:24.243+0000] {processor.py:766} INFO - DAG(s) dict_keys(['dag_with_catchup_backfill_v01']) retrieved from /opt/airflow/dags/dag_with_catchup_and_backfill.py
[2022-11-30T01:52:24.301+0000] {logging_mixin.py:137} INFO - [2022-11-30T01:52:24.301+0000] {dag.py:2585} INFO - Sync 1 DAGs
[2022-11-30T01:52:24.340+0000] {logging_mixin.py:137} INFO - [2022-11-30T01:52:24.340+0000] {dag.py:3340} INFO - Setting next_dagrun for dag_with_catchup_backfill_v01 to 2022-11-30T00:00:00+00:00, run_after=2022-12-01T00:00:00+00:00
[2022-11-30T01:52:24.365+0000] {processor.py:176} INFO - Processing /opt/airflow/dags/dag_with_catchup_and_backfill.py took 0.147 seconds
[2022-11-30T01:52:54.964+0000] {processor.py:154} INFO - Started process (PID=2725) to work on /opt/airflow/dags/dag_with_catchup_and_backfill.py
[2022-11-30T01:52:54.965+0000] {processor.py:756} INFO - Processing file /opt/airflow/dags/dag_with_catchup_and_backfill.py for tasks to queue
[2022-11-30T01:52:54.966+0000] {logging_mixin.py:137} INFO - [2022-11-30T01:52:54.966+0000] {dagbag.py:537} INFO - Filling up the DagBag from /opt/airflow/dags/dag_with_catchup_and_backfill.py
[2022-11-30T01:52:54.984+0000] {processor.py:766} INFO - DAG(s) dict_keys(['dag_with_catchup_backfill_v01']) retrieved from /opt/airflow/dags/dag_with_catchup_and_backfill.py
[2022-11-30T01:52:55.030+0000] {logging_mixin.py:137} INFO - [2022-11-30T01:52:55.030+0000] {dag.py:2585} INFO - Sync 1 DAGs
[2022-11-30T01:52:55.064+0000] {logging_mixin.py:137} INFO - [2022-11-30T01:52:55.064+0000] {dag.py:3340} INFO - Setting next_dagrun for dag_with_catchup_backfill_v01 to 2022-11-30T00:00:00+00:00, run_after=2022-12-01T00:00:00+00:00
[2022-11-30T01:52:55.092+0000] {processor.py:176} INFO - Processing /opt/airflow/dags/dag_with_catchup_and_backfill.py took 0.131 seconds
[2022-11-30T01:53:25.527+0000] {processor.py:154} INFO - Started process (PID=2782) to work on /opt/airflow/dags/dag_with_catchup_and_backfill.py
[2022-11-30T01:53:25.528+0000] {processor.py:756} INFO - Processing file /opt/airflow/dags/dag_with_catchup_and_backfill.py for tasks to queue
[2022-11-30T01:53:25.528+0000] {logging_mixin.py:137} INFO - [2022-11-30T01:53:25.528+0000] {dagbag.py:537} INFO - Filling up the DagBag from /opt/airflow/dags/dag_with_catchup_and_backfill.py
[2022-11-30T01:53:25.545+0000] {processor.py:766} INFO - DAG(s) dict_keys(['dag_with_catchup_backfill_v01']) retrieved from /opt/airflow/dags/dag_with_catchup_and_backfill.py
[2022-11-30T01:53:25.587+0000] {logging_mixin.py:137} INFO - [2022-11-30T01:53:25.586+0000] {dag.py:2585} INFO - Sync 1 DAGs
[2022-11-30T01:53:25.620+0000] {logging_mixin.py:137} INFO - [2022-11-30T01:53:25.620+0000] {dag.py:3340} INFO - Setting next_dagrun for dag_with_catchup_backfill_v01 to 2022-11-30T00:00:00+00:00, run_after=2022-12-01T00:00:00+00:00
[2022-11-30T01:53:25.644+0000] {processor.py:176} INFO - Processing /opt/airflow/dags/dag_with_catchup_and_backfill.py took 0.120 seconds
[2022-11-30T01:53:56.096+0000] {processor.py:154} INFO - Started process (PID=2837) to work on /opt/airflow/dags/dag_with_catchup_and_backfill.py
[2022-11-30T01:53:56.098+0000] {processor.py:756} INFO - Processing file /opt/airflow/dags/dag_with_catchup_and_backfill.py for tasks to queue
[2022-11-30T01:53:56.099+0000] {logging_mixin.py:137} INFO - [2022-11-30T01:53:56.098+0000] {dagbag.py:537} INFO - Filling up the DagBag from /opt/airflow/dags/dag_with_catchup_and_backfill.py
[2022-11-30T01:53:56.117+0000] {processor.py:766} INFO - DAG(s) dict_keys(['dag_with_catchup_backfill_v01']) retrieved from /opt/airflow/dags/dag_with_catchup_and_backfill.py
[2022-11-30T01:53:56.168+0000] {logging_mixin.py:137} INFO - [2022-11-30T01:53:56.168+0000] {dag.py:2585} INFO - Sync 1 DAGs
[2022-11-30T01:53:56.211+0000] {logging_mixin.py:137} INFO - [2022-11-30T01:53:56.211+0000] {dag.py:3340} INFO - Setting next_dagrun for dag_with_catchup_backfill_v01 to 2022-11-30T00:00:00+00:00, run_after=2022-12-01T00:00:00+00:00
[2022-11-30T01:53:56.241+0000] {processor.py:176} INFO - Processing /opt/airflow/dags/dag_with_catchup_and_backfill.py took 0.148 seconds
[2022-11-30T01:54:26.680+0000] {processor.py:154} INFO - Started process (PID=2888) to work on /opt/airflow/dags/dag_with_catchup_and_backfill.py
[2022-11-30T01:54:26.681+0000] {processor.py:756} INFO - Processing file /opt/airflow/dags/dag_with_catchup_and_backfill.py for tasks to queue
[2022-11-30T01:54:26.681+0000] {logging_mixin.py:137} INFO - [2022-11-30T01:54:26.681+0000] {dagbag.py:537} INFO - Filling up the DagBag from /opt/airflow/dags/dag_with_catchup_and_backfill.py
[2022-11-30T01:54:26.700+0000] {processor.py:766} INFO - DAG(s) dict_keys(['dag_with_catchup_backfill_v01']) retrieved from /opt/airflow/dags/dag_with_catchup_and_backfill.py
[2022-11-30T01:54:26.752+0000] {logging_mixin.py:137} INFO - [2022-11-30T01:54:26.752+0000] {dag.py:2585} INFO - Sync 1 DAGs
[2022-11-30T01:54:26.793+0000] {logging_mixin.py:137} INFO - [2022-11-30T01:54:26.792+0000] {dag.py:3340} INFO - Setting next_dagrun for dag_with_catchup_backfill_v01 to 2022-11-30T00:00:00+00:00, run_after=2022-12-01T00:00:00+00:00
[2022-11-30T01:54:26.833+0000] {processor.py:176} INFO - Processing /opt/airflow/dags/dag_with_catchup_and_backfill.py took 0.157 seconds
[2022-11-30T01:54:57.263+0000] {processor.py:154} INFO - Started process (PID=2945) to work on /opt/airflow/dags/dag_with_catchup_and_backfill.py
[2022-11-30T01:54:57.264+0000] {processor.py:756} INFO - Processing file /opt/airflow/dags/dag_with_catchup_and_backfill.py for tasks to queue
[2022-11-30T01:54:57.265+0000] {logging_mixin.py:137} INFO - [2022-11-30T01:54:57.265+0000] {dagbag.py:537} INFO - Filling up the DagBag from /opt/airflow/dags/dag_with_catchup_and_backfill.py
[2022-11-30T01:54:57.281+0000] {processor.py:766} INFO - DAG(s) dict_keys(['dag_with_catchup_backfill_v01']) retrieved from /opt/airflow/dags/dag_with_catchup_and_backfill.py
[2022-11-30T01:54:57.317+0000] {logging_mixin.py:137} INFO - [2022-11-30T01:54:57.317+0000] {dag.py:2585} INFO - Sync 1 DAGs
[2022-11-30T01:54:57.347+0000] {logging_mixin.py:137} INFO - [2022-11-30T01:54:57.347+0000] {dag.py:3340} INFO - Setting next_dagrun for dag_with_catchup_backfill_v01 to 2022-11-30T00:00:00+00:00, run_after=2022-12-01T00:00:00+00:00
[2022-11-30T01:54:57.367+0000] {processor.py:176} INFO - Processing /opt/airflow/dags/dag_with_catchup_and_backfill.py took 0.106 seconds
[2022-11-30T01:55:27.830+0000] {processor.py:154} INFO - Started process (PID=2993) to work on /opt/airflow/dags/dag_with_catchup_and_backfill.py
[2022-11-30T01:55:27.831+0000] {processor.py:756} INFO - Processing file /opt/airflow/dags/dag_with_catchup_and_backfill.py for tasks to queue
[2022-11-30T01:55:27.831+0000] {logging_mixin.py:137} INFO - [2022-11-30T01:55:27.831+0000] {dagbag.py:537} INFO - Filling up the DagBag from /opt/airflow/dags/dag_with_catchup_and_backfill.py
[2022-11-30T01:55:27.847+0000] {processor.py:766} INFO - DAG(s) dict_keys(['dag_with_catchup_backfill_v01']) retrieved from /opt/airflow/dags/dag_with_catchup_and_backfill.py
[2022-11-30T01:55:27.889+0000] {logging_mixin.py:137} INFO - [2022-11-30T01:55:27.888+0000] {dag.py:2585} INFO - Sync 1 DAGs
[2022-11-30T01:55:27.925+0000] {logging_mixin.py:137} INFO - [2022-11-30T01:55:27.925+0000] {dag.py:3340} INFO - Setting next_dagrun for dag_with_catchup_backfill_v01 to 2022-11-30T00:00:00+00:00, run_after=2022-12-01T00:00:00+00:00
[2022-11-30T01:55:27.948+0000] {processor.py:176} INFO - Processing /opt/airflow/dags/dag_with_catchup_and_backfill.py took 0.121 seconds
[2022-11-30T01:55:58.435+0000] {processor.py:154} INFO - Started process (PID=3049) to work on /opt/airflow/dags/dag_with_catchup_and_backfill.py
[2022-11-30T01:55:58.436+0000] {processor.py:756} INFO - Processing file /opt/airflow/dags/dag_with_catchup_and_backfill.py for tasks to queue
[2022-11-30T01:55:58.437+0000] {logging_mixin.py:137} INFO - [2022-11-30T01:55:58.436+0000] {dagbag.py:537} INFO - Filling up the DagBag from /opt/airflow/dags/dag_with_catchup_and_backfill.py
[2022-11-30T01:55:58.454+0000] {processor.py:766} INFO - DAG(s) dict_keys(['dag_with_catchup_backfill_v01']) retrieved from /opt/airflow/dags/dag_with_catchup_and_backfill.py
[2022-11-30T01:55:58.498+0000] {logging_mixin.py:137} INFO - [2022-11-30T01:55:58.498+0000] {dag.py:2585} INFO - Sync 1 DAGs
[2022-11-30T01:55:58.532+0000] {logging_mixin.py:137} INFO - [2022-11-30T01:55:58.532+0000] {dag.py:3340} INFO - Setting next_dagrun for dag_with_catchup_backfill_v01 to 2022-11-30T00:00:00+00:00, run_after=2022-12-01T00:00:00+00:00
[2022-11-30T01:55:58.571+0000] {processor.py:176} INFO - Processing /opt/airflow/dags/dag_with_catchup_and_backfill.py took 0.140 seconds
[2022-11-30T01:56:28.997+0000] {processor.py:154} INFO - Started process (PID=3106) to work on /opt/airflow/dags/dag_with_catchup_and_backfill.py
[2022-11-30T01:56:28.998+0000] {processor.py:756} INFO - Processing file /opt/airflow/dags/dag_with_catchup_and_backfill.py for tasks to queue
[2022-11-30T01:56:28.999+0000] {logging_mixin.py:137} INFO - [2022-11-30T01:56:28.999+0000] {dagbag.py:537} INFO - Filling up the DagBag from /opt/airflow/dags/dag_with_catchup_and_backfill.py
[2022-11-30T01:56:29.019+0000] {processor.py:766} INFO - DAG(s) dict_keys(['dag_with_catchup_backfill_v01']) retrieved from /opt/airflow/dags/dag_with_catchup_and_backfill.py
[2022-11-30T01:56:29.067+0000] {logging_mixin.py:137} INFO - [2022-11-30T01:56:29.067+0000] {dag.py:2585} INFO - Sync 1 DAGs
[2022-11-30T01:56:29.106+0000] {logging_mixin.py:137} INFO - [2022-11-30T01:56:29.106+0000] {dag.py:3340} INFO - Setting next_dagrun for dag_with_catchup_backfill_v01 to 2022-11-30T00:00:00+00:00, run_after=2022-12-01T00:00:00+00:00
[2022-11-30T01:56:29.131+0000] {processor.py:176} INFO - Processing /opt/airflow/dags/dag_with_catchup_and_backfill.py took 0.136 seconds
[2022-11-30T01:56:59.546+0000] {processor.py:154} INFO - Started process (PID=3154) to work on /opt/airflow/dags/dag_with_catchup_and_backfill.py
[2022-11-30T01:56:59.546+0000] {processor.py:756} INFO - Processing file /opt/airflow/dags/dag_with_catchup_and_backfill.py for tasks to queue
[2022-11-30T01:56:59.547+0000] {logging_mixin.py:137} INFO - [2022-11-30T01:56:59.547+0000] {dagbag.py:537} INFO - Filling up the DagBag from /opt/airflow/dags/dag_with_catchup_and_backfill.py
[2022-11-30T01:56:59.563+0000] {processor.py:766} INFO - DAG(s) dict_keys(['dag_with_catchup_backfill_v01']) retrieved from /opt/airflow/dags/dag_with_catchup_and_backfill.py
[2022-11-30T01:56:59.606+0000] {logging_mixin.py:137} INFO - [2022-11-30T01:56:59.606+0000] {dag.py:2585} INFO - Sync 1 DAGs
[2022-11-30T01:56:59.640+0000] {logging_mixin.py:137} INFO - [2022-11-30T01:56:59.640+0000] {dag.py:3340} INFO - Setting next_dagrun for dag_with_catchup_backfill_v01 to 2022-11-30T00:00:00+00:00, run_after=2022-12-01T00:00:00+00:00
[2022-11-30T01:56:59.663+0000] {processor.py:176} INFO - Processing /opt/airflow/dags/dag_with_catchup_and_backfill.py took 0.120 seconds
[2022-11-30T01:57:30.090+0000] {processor.py:154} INFO - Started process (PID=3212) to work on /opt/airflow/dags/dag_with_catchup_and_backfill.py
[2022-11-30T01:57:30.091+0000] {processor.py:756} INFO - Processing file /opt/airflow/dags/dag_with_catchup_and_backfill.py for tasks to queue
[2022-11-30T01:57:30.091+0000] {logging_mixin.py:137} INFO - [2022-11-30T01:57:30.091+0000] {dagbag.py:537} INFO - Filling up the DagBag from /opt/airflow/dags/dag_with_catchup_and_backfill.py
[2022-11-30T01:57:30.109+0000] {processor.py:766} INFO - DAG(s) dict_keys(['dag_with_catchup_backfill_v01']) retrieved from /opt/airflow/dags/dag_with_catchup_and_backfill.py
[2022-11-30T01:57:30.160+0000] {logging_mixin.py:137} INFO - [2022-11-30T01:57:30.160+0000] {dag.py:2585} INFO - Sync 1 DAGs
[2022-11-30T01:57:30.195+0000] {logging_mixin.py:137} INFO - [2022-11-30T01:57:30.195+0000] {dag.py:3340} INFO - Setting next_dagrun for dag_with_catchup_backfill_v01 to 2022-11-30T00:00:00+00:00, run_after=2022-12-01T00:00:00+00:00
[2022-11-30T01:57:30.227+0000] {processor.py:176} INFO - Processing /opt/airflow/dags/dag_with_catchup_and_backfill.py took 0.140 seconds
[2022-11-30T01:58:00.649+0000] {processor.py:154} INFO - Started process (PID=3274) to work on /opt/airflow/dags/dag_with_catchup_and_backfill.py
[2022-11-30T01:58:00.649+0000] {processor.py:756} INFO - Processing file /opt/airflow/dags/dag_with_catchup_and_backfill.py for tasks to queue
[2022-11-30T01:58:00.650+0000] {logging_mixin.py:137} INFO - [2022-11-30T01:58:00.650+0000] {dagbag.py:537} INFO - Filling up the DagBag from /opt/airflow/dags/dag_with_catchup_and_backfill.py
[2022-11-30T01:58:00.666+0000] {processor.py:766} INFO - DAG(s) dict_keys(['dag_with_catchup_backfill_v01']) retrieved from /opt/airflow/dags/dag_with_catchup_and_backfill.py
[2022-11-30T01:58:00.705+0000] {logging_mixin.py:137} INFO - [2022-11-30T01:58:00.705+0000] {dag.py:2585} INFO - Sync 1 DAGs
[2022-11-30T01:58:00.739+0000] {logging_mixin.py:137} INFO - [2022-11-30T01:58:00.739+0000] {dag.py:3340} INFO - Setting next_dagrun for dag_with_catchup_backfill_v01 to 2022-11-30T00:00:00+00:00, run_after=2022-12-01T00:00:00+00:00
[2022-11-30T01:58:00.761+0000] {processor.py:176} INFO - Processing /opt/airflow/dags/dag_with_catchup_and_backfill.py took 0.116 seconds
[2022-11-30T01:58:31.215+0000] {processor.py:154} INFO - Started process (PID=3323) to work on /opt/airflow/dags/dag_with_catchup_and_backfill.py
[2022-11-30T01:58:31.216+0000] {processor.py:756} INFO - Processing file /opt/airflow/dags/dag_with_catchup_and_backfill.py for tasks to queue
[2022-11-30T01:58:31.216+0000] {logging_mixin.py:137} INFO - [2022-11-30T01:58:31.216+0000] {dagbag.py:537} INFO - Filling up the DagBag from /opt/airflow/dags/dag_with_catchup_and_backfill.py
[2022-11-30T01:58:31.233+0000] {processor.py:766} INFO - DAG(s) dict_keys(['dag_with_catchup_backfill_v01']) retrieved from /opt/airflow/dags/dag_with_catchup_and_backfill.py
[2022-11-30T01:58:31.274+0000] {logging_mixin.py:137} INFO - [2022-11-30T01:58:31.273+0000] {dag.py:2585} INFO - Sync 1 DAGs
[2022-11-30T01:58:31.308+0000] {logging_mixin.py:137} INFO - [2022-11-30T01:58:31.308+0000] {dag.py:3340} INFO - Setting next_dagrun for dag_with_catchup_backfill_v01 to 2022-11-30T00:00:00+00:00, run_after=2022-12-01T00:00:00+00:00
[2022-11-30T01:58:31.331+0000] {processor.py:176} INFO - Processing /opt/airflow/dags/dag_with_catchup_and_backfill.py took 0.119 seconds
[2022-11-30T01:59:01.771+0000] {processor.py:154} INFO - Started process (PID=3380) to work on /opt/airflow/dags/dag_with_catchup_and_backfill.py
[2022-11-30T01:59:01.771+0000] {processor.py:756} INFO - Processing file /opt/airflow/dags/dag_with_catchup_and_backfill.py for tasks to queue
[2022-11-30T01:59:01.772+0000] {logging_mixin.py:137} INFO - [2022-11-30T01:59:01.772+0000] {dagbag.py:537} INFO - Filling up the DagBag from /opt/airflow/dags/dag_with_catchup_and_backfill.py
[2022-11-30T01:59:01.791+0000] {processor.py:766} INFO - DAG(s) dict_keys(['dag_with_catchup_backfill_v01']) retrieved from /opt/airflow/dags/dag_with_catchup_and_backfill.py
[2022-11-30T01:59:01.844+0000] {logging_mixin.py:137} INFO - [2022-11-30T01:59:01.844+0000] {dag.py:2585} INFO - Sync 1 DAGs
[2022-11-30T01:59:01.877+0000] {logging_mixin.py:137} INFO - [2022-11-30T01:59:01.877+0000] {dag.py:3340} INFO - Setting next_dagrun for dag_with_catchup_backfill_v01 to 2022-11-30T00:00:00+00:00, run_after=2022-12-01T00:00:00+00:00
[2022-11-30T01:59:01.906+0000] {processor.py:176} INFO - Processing /opt/airflow/dags/dag_with_catchup_and_backfill.py took 0.138 seconds
[2022-11-30T01:59:32.363+0000] {processor.py:154} INFO - Started process (PID=3435) to work on /opt/airflow/dags/dag_with_catchup_and_backfill.py
[2022-11-30T01:59:32.364+0000] {processor.py:756} INFO - Processing file /opt/airflow/dags/dag_with_catchup_and_backfill.py for tasks to queue
[2022-11-30T01:59:32.364+0000] {logging_mixin.py:137} INFO - [2022-11-30T01:59:32.364+0000] {dagbag.py:537} INFO - Filling up the DagBag from /opt/airflow/dags/dag_with_catchup_and_backfill.py
[2022-11-30T01:59:32.381+0000] {processor.py:766} INFO - DAG(s) dict_keys(['dag_with_catchup_backfill_v01']) retrieved from /opt/airflow/dags/dag_with_catchup_and_backfill.py
[2022-11-30T01:59:32.425+0000] {logging_mixin.py:137} INFO - [2022-11-30T01:59:32.425+0000] {dag.py:2585} INFO - Sync 1 DAGs
[2022-11-30T01:59:32.458+0000] {logging_mixin.py:137} INFO - [2022-11-30T01:59:32.458+0000] {dag.py:3340} INFO - Setting next_dagrun for dag_with_catchup_backfill_v01 to 2022-11-30T00:00:00+00:00, run_after=2022-12-01T00:00:00+00:00
[2022-11-30T01:59:32.486+0000] {processor.py:176} INFO - Processing /opt/airflow/dags/dag_with_catchup_and_backfill.py took 0.126 seconds
[2022-11-30T02:00:02.902+0000] {processor.py:154} INFO - Started process (PID=3481) to work on /opt/airflow/dags/dag_with_catchup_and_backfill.py
[2022-11-30T02:00:02.902+0000] {processor.py:756} INFO - Processing file /opt/airflow/dags/dag_with_catchup_and_backfill.py for tasks to queue
[2022-11-30T02:00:02.903+0000] {logging_mixin.py:137} INFO - [2022-11-30T02:00:02.903+0000] {dagbag.py:537} INFO - Filling up the DagBag from /opt/airflow/dags/dag_with_catchup_and_backfill.py
[2022-11-30T02:00:02.922+0000] {processor.py:766} INFO - DAG(s) dict_keys(['dag_with_catchup_backfill_v01']) retrieved from /opt/airflow/dags/dag_with_catchup_and_backfill.py
[2022-11-30T02:00:02.965+0000] {logging_mixin.py:137} INFO - [2022-11-30T02:00:02.964+0000] {dag.py:2585} INFO - Sync 1 DAGs
[2022-11-30T02:00:02.999+0000] {logging_mixin.py:137} INFO - [2022-11-30T02:00:02.999+0000] {dag.py:3340} INFO - Setting next_dagrun for dag_with_catchup_backfill_v01 to 2022-11-30T00:00:00+00:00, run_after=2022-12-01T00:00:00+00:00
[2022-11-30T02:00:03.022+0000] {processor.py:176} INFO - Processing /opt/airflow/dags/dag_with_catchup_and_backfill.py took 0.123 seconds
[2022-11-30T02:00:33.501+0000] {processor.py:154} INFO - Started process (PID=3541) to work on /opt/airflow/dags/dag_with_catchup_and_backfill.py
[2022-11-30T02:00:33.502+0000] {processor.py:756} INFO - Processing file /opt/airflow/dags/dag_with_catchup_and_backfill.py for tasks to queue
[2022-11-30T02:00:33.502+0000] {logging_mixin.py:137} INFO - [2022-11-30T02:00:33.502+0000] {dagbag.py:537} INFO - Filling up the DagBag from /opt/airflow/dags/dag_with_catchup_and_backfill.py
[2022-11-30T02:00:33.520+0000] {processor.py:766} INFO - DAG(s) dict_keys(['dag_with_catchup_backfill_v01']) retrieved from /opt/airflow/dags/dag_with_catchup_and_backfill.py
[2022-11-30T02:00:33.559+0000] {logging_mixin.py:137} INFO - [2022-11-30T02:00:33.559+0000] {dag.py:2585} INFO - Sync 1 DAGs
[2022-11-30T02:00:33.593+0000] {logging_mixin.py:137} INFO - [2022-11-30T02:00:33.593+0000] {dag.py:3340} INFO - Setting next_dagrun for dag_with_catchup_backfill_v01 to 2022-11-30T00:00:00+00:00, run_after=2022-12-01T00:00:00+00:00
[2022-11-30T02:00:33.616+0000] {processor.py:176} INFO - Processing /opt/airflow/dags/dag_with_catchup_and_backfill.py took 0.118 seconds
[2022-11-30T02:01:04.073+0000] {processor.py:154} INFO - Started process (PID=3597) to work on /opt/airflow/dags/dag_with_catchup_and_backfill.py
[2022-11-30T02:01:04.074+0000] {processor.py:756} INFO - Processing file /opt/airflow/dags/dag_with_catchup_and_backfill.py for tasks to queue
[2022-11-30T02:01:04.075+0000] {logging_mixin.py:137} INFO - [2022-11-30T02:01:04.075+0000] {dagbag.py:537} INFO - Filling up the DagBag from /opt/airflow/dags/dag_with_catchup_and_backfill.py
[2022-11-30T02:01:04.091+0000] {processor.py:766} INFO - DAG(s) dict_keys(['dag_with_catchup_backfill_v01']) retrieved from /opt/airflow/dags/dag_with_catchup_and_backfill.py
[2022-11-30T02:01:04.130+0000] {logging_mixin.py:137} INFO - [2022-11-30T02:01:04.130+0000] {dag.py:2585} INFO - Sync 1 DAGs
[2022-11-30T02:01:04.163+0000] {logging_mixin.py:137} INFO - [2022-11-30T02:01:04.163+0000] {dag.py:3340} INFO - Setting next_dagrun for dag_with_catchup_backfill_v01 to 2022-11-30T00:00:00+00:00, run_after=2022-12-01T00:00:00+00:00
[2022-11-30T02:01:04.188+0000] {processor.py:176} INFO - Processing /opt/airflow/dags/dag_with_catchup_and_backfill.py took 0.118 seconds
[2022-11-30T02:01:34.637+0000] {processor.py:154} INFO - Started process (PID=3644) to work on /opt/airflow/dags/dag_with_catchup_and_backfill.py
[2022-11-30T02:01:34.637+0000] {processor.py:756} INFO - Processing file /opt/airflow/dags/dag_with_catchup_and_backfill.py for tasks to queue
[2022-11-30T02:01:34.638+0000] {logging_mixin.py:137} INFO - [2022-11-30T02:01:34.638+0000] {dagbag.py:537} INFO - Filling up the DagBag from /opt/airflow/dags/dag_with_catchup_and_backfill.py
[2022-11-30T02:01:34.657+0000] {processor.py:766} INFO - DAG(s) dict_keys(['dag_with_catchup_backfill_v01']) retrieved from /opt/airflow/dags/dag_with_catchup_and_backfill.py
[2022-11-30T02:01:34.705+0000] {logging_mixin.py:137} INFO - [2022-11-30T02:01:34.705+0000] {dag.py:2585} INFO - Sync 1 DAGs
[2022-11-30T02:01:34.748+0000] {logging_mixin.py:137} INFO - [2022-11-30T02:01:34.747+0000] {dag.py:3340} INFO - Setting next_dagrun for dag_with_catchup_backfill_v01 to 2022-11-30T00:00:00+00:00, run_after=2022-12-01T00:00:00+00:00
[2022-11-30T02:01:34.775+0000] {processor.py:176} INFO - Processing /opt/airflow/dags/dag_with_catchup_and_backfill.py took 0.141 seconds
[2022-11-30T02:02:05.236+0000] {processor.py:154} INFO - Started process (PID=3702) to work on /opt/airflow/dags/dag_with_catchup_and_backfill.py
[2022-11-30T02:02:05.237+0000] {processor.py:756} INFO - Processing file /opt/airflow/dags/dag_with_catchup_and_backfill.py for tasks to queue
[2022-11-30T02:02:05.237+0000] {logging_mixin.py:137} INFO - [2022-11-30T02:02:05.237+0000] {dagbag.py:537} INFO - Filling up the DagBag from /opt/airflow/dags/dag_with_catchup_and_backfill.py
[2022-11-30T02:02:05.254+0000] {processor.py:766} INFO - DAG(s) dict_keys(['dag_with_catchup_backfill_v01']) retrieved from /opt/airflow/dags/dag_with_catchup_and_backfill.py
[2022-11-30T02:02:05.295+0000] {logging_mixin.py:137} INFO - [2022-11-30T02:02:05.295+0000] {dag.py:2585} INFO - Sync 1 DAGs
[2022-11-30T02:02:05.330+0000] {logging_mixin.py:137} INFO - [2022-11-30T02:02:05.330+0000] {dag.py:3340} INFO - Setting next_dagrun for dag_with_catchup_backfill_v01 to 2022-11-30T00:00:00+00:00, run_after=2022-12-01T00:00:00+00:00
[2022-11-30T02:02:05.356+0000] {processor.py:176} INFO - Processing /opt/airflow/dags/dag_with_catchup_and_backfill.py took 0.123 seconds
[2022-11-30T02:02:35.824+0000] {processor.py:154} INFO - Started process (PID=3759) to work on /opt/airflow/dags/dag_with_catchup_and_backfill.py
[2022-11-30T02:02:35.825+0000] {processor.py:756} INFO - Processing file /opt/airflow/dags/dag_with_catchup_and_backfill.py for tasks to queue
[2022-11-30T02:02:35.825+0000] {logging_mixin.py:137} INFO - [2022-11-30T02:02:35.825+0000] {dagbag.py:537} INFO - Filling up the DagBag from /opt/airflow/dags/dag_with_catchup_and_backfill.py
[2022-11-30T02:02:35.848+0000] {processor.py:766} INFO - DAG(s) dict_keys(['dag_with_catchup_backfill_v01']) retrieved from /opt/airflow/dags/dag_with_catchup_and_backfill.py
[2022-11-30T02:02:35.898+0000] {logging_mixin.py:137} INFO - [2022-11-30T02:02:35.898+0000] {dag.py:2585} INFO - Sync 1 DAGs
[2022-11-30T02:02:35.938+0000] {logging_mixin.py:137} INFO - [2022-11-30T02:02:35.938+0000] {dag.py:3340} INFO - Setting next_dagrun for dag_with_catchup_backfill_v01 to 2022-11-30T00:00:00+00:00, run_after=2022-12-01T00:00:00+00:00
[2022-11-30T02:02:35.967+0000] {processor.py:176} INFO - Processing /opt/airflow/dags/dag_with_catchup_and_backfill.py took 0.146 seconds
[2022-11-30T02:03:06.486+0000] {processor.py:154} INFO - Started process (PID=3808) to work on /opt/airflow/dags/dag_with_catchup_and_backfill.py
[2022-11-30T02:03:06.487+0000] {processor.py:756} INFO - Processing file /opt/airflow/dags/dag_with_catchup_and_backfill.py for tasks to queue
[2022-11-30T02:03:06.488+0000] {logging_mixin.py:137} INFO - [2022-11-30T02:03:06.488+0000] {dagbag.py:537} INFO - Filling up the DagBag from /opt/airflow/dags/dag_with_catchup_and_backfill.py
[2022-11-30T02:03:06.519+0000] {processor.py:766} INFO - DAG(s) dict_keys(['dag_with_catchup_backfill_v01']) retrieved from /opt/airflow/dags/dag_with_catchup_and_backfill.py
[2022-11-30T02:03:06.557+0000] {logging_mixin.py:137} INFO - [2022-11-30T02:03:06.557+0000] {dag.py:2585} INFO - Sync 1 DAGs
[2022-11-30T02:03:06.586+0000] {logging_mixin.py:137} INFO - [2022-11-30T02:03:06.586+0000] {dag.py:3340} INFO - Setting next_dagrun for dag_with_catchup_backfill_v01 to 2022-11-30T00:00:00+00:00, run_after=2022-12-01T00:00:00+00:00
[2022-11-30T02:03:06.609+0000] {processor.py:176} INFO - Processing /opt/airflow/dags/dag_with_catchup_and_backfill.py took 0.130 seconds
[2022-11-30T02:03:37.086+0000] {processor.py:154} INFO - Started process (PID=3864) to work on /opt/airflow/dags/dag_with_catchup_and_backfill.py
[2022-11-30T02:03:37.087+0000] {processor.py:756} INFO - Processing file /opt/airflow/dags/dag_with_catchup_and_backfill.py for tasks to queue
[2022-11-30T02:03:37.088+0000] {logging_mixin.py:137} INFO - [2022-11-30T02:03:37.088+0000] {dagbag.py:537} INFO - Filling up the DagBag from /opt/airflow/dags/dag_with_catchup_and_backfill.py
[2022-11-30T02:03:37.120+0000] {processor.py:766} INFO - DAG(s) dict_keys(['dag_with_catchup_backfill_v01']) retrieved from /opt/airflow/dags/dag_with_catchup_and_backfill.py
[2022-11-30T02:03:37.161+0000] {logging_mixin.py:137} INFO - [2022-11-30T02:03:37.160+0000] {dag.py:2585} INFO - Sync 1 DAGs
[2022-11-30T02:03:37.194+0000] {logging_mixin.py:137} INFO - [2022-11-30T02:03:37.193+0000] {dag.py:3340} INFO - Setting next_dagrun for dag_with_catchup_backfill_v01 to 2022-11-30T00:00:00+00:00, run_after=2022-12-01T00:00:00+00:00
[2022-11-30T02:03:37.218+0000] {processor.py:176} INFO - Processing /opt/airflow/dags/dag_with_catchup_and_backfill.py took 0.139 seconds
[2022-11-30T02:04:07.698+0000] {processor.py:154} INFO - Started process (PID=3922) to work on /opt/airflow/dags/dag_with_catchup_and_backfill.py
[2022-11-30T02:04:07.700+0000] {processor.py:756} INFO - Processing file /opt/airflow/dags/dag_with_catchup_and_backfill.py for tasks to queue
[2022-11-30T02:04:07.701+0000] {logging_mixin.py:137} INFO - [2022-11-30T02:04:07.700+0000] {dagbag.py:537} INFO - Filling up the DagBag from /opt/airflow/dags/dag_with_catchup_and_backfill.py
[2022-11-30T02:04:07.723+0000] {processor.py:766} INFO - DAG(s) dict_keys(['dag_with_catchup_backfill_v01']) retrieved from /opt/airflow/dags/dag_with_catchup_and_backfill.py
[2022-11-30T02:04:07.765+0000] {logging_mixin.py:137} INFO - [2022-11-30T02:04:07.765+0000] {dag.py:2585} INFO - Sync 1 DAGs
[2022-11-30T02:04:07.802+0000] {logging_mixin.py:137} INFO - [2022-11-30T02:04:07.801+0000] {dag.py:3340} INFO - Setting next_dagrun for dag_with_catchup_backfill_v01 to 2022-11-30T00:00:00+00:00, run_after=2022-12-01T00:00:00+00:00
[2022-11-30T02:04:07.825+0000] {processor.py:176} INFO - Processing /opt/airflow/dags/dag_with_catchup_and_backfill.py took 0.133 seconds
[2022-11-30T02:14:24.319+0000] {processor.py:154} INFO - Started process (PID=180) to work on /opt/airflow/dags/dag_with_catchup_and_backfill.py
[2022-11-30T02:14:24.321+0000] {processor.py:756} INFO - Processing file /opt/airflow/dags/dag_with_catchup_and_backfill.py for tasks to queue
[2022-11-30T02:14:24.321+0000] {logging_mixin.py:137} INFO - [2022-11-30T02:14:24.321+0000] {dagbag.py:537} INFO - Filling up the DagBag from /opt/airflow/dags/dag_with_catchup_and_backfill.py
[2022-11-30T02:14:24.338+0000] {processor.py:766} INFO - DAG(s) dict_keys(['dag_with_catchup_backfill_v01']) retrieved from /opt/airflow/dags/dag_with_catchup_and_backfill.py
[2022-11-30T02:14:24.449+0000] {logging_mixin.py:137} INFO - [2022-11-30T02:14:24.449+0000] {dag.py:2585} INFO - Sync 1 DAGs
[2022-11-30T02:14:24.482+0000] {logging_mixin.py:137} INFO - [2022-11-30T02:14:24.482+0000] {dag.py:3340} INFO - Setting next_dagrun for dag_with_catchup_backfill_v01 to 2022-11-30T00:00:00+00:00, run_after=2022-12-01T00:00:00+00:00
[2022-11-30T02:14:24.506+0000] {processor.py:176} INFO - Processing /opt/airflow/dags/dag_with_catchup_and_backfill.py took 0.191 seconds
[2022-11-30T02:14:55.156+0000] {processor.py:154} INFO - Started process (PID=242) to work on /opt/airflow/dags/dag_with_catchup_and_backfill.py
[2022-11-30T02:14:55.157+0000] {processor.py:756} INFO - Processing file /opt/airflow/dags/dag_with_catchup_and_backfill.py for tasks to queue
[2022-11-30T02:14:55.157+0000] {logging_mixin.py:137} INFO - [2022-11-30T02:14:55.157+0000] {dagbag.py:537} INFO - Filling up the DagBag from /opt/airflow/dags/dag_with_catchup_and_backfill.py
[2022-11-30T02:14:55.185+0000] {processor.py:766} INFO - DAG(s) dict_keys(['dag_with_catchup_backfill_v01']) retrieved from /opt/airflow/dags/dag_with_catchup_and_backfill.py
[2022-11-30T02:14:55.262+0000] {logging_mixin.py:137} INFO - [2022-11-30T02:14:55.261+0000] {dag.py:2585} INFO - Sync 1 DAGs
[2022-11-30T02:14:55.295+0000] {logging_mixin.py:137} INFO - [2022-11-30T02:14:55.295+0000] {dag.py:3340} INFO - Setting next_dagrun for dag_with_catchup_backfill_v01 to 2022-11-30T00:00:00+00:00, run_after=2022-12-01T00:00:00+00:00
[2022-11-30T02:14:55.316+0000] {processor.py:176} INFO - Processing /opt/airflow/dags/dag_with_catchup_and_backfill.py took 0.163 seconds
[2022-11-30T02:15:25.823+0000] {processor.py:154} INFO - Started process (PID=308) to work on /opt/airflow/dags/dag_with_catchup_and_backfill.py
[2022-11-30T02:15:25.824+0000] {processor.py:756} INFO - Processing file /opt/airflow/dags/dag_with_catchup_and_backfill.py for tasks to queue
[2022-11-30T02:15:25.825+0000] {logging_mixin.py:137} INFO - [2022-11-30T02:15:25.824+0000] {dagbag.py:537} INFO - Filling up the DagBag from /opt/airflow/dags/dag_with_catchup_and_backfill.py
[2022-11-30T02:15:25.841+0000] {processor.py:766} INFO - DAG(s) dict_keys(['dag_with_catchup_backfill_v01']) retrieved from /opt/airflow/dags/dag_with_catchup_and_backfill.py
[2022-11-30T02:15:25.898+0000] {logging_mixin.py:137} INFO - [2022-11-30T02:15:25.898+0000] {dag.py:2585} INFO - Sync 1 DAGs
[2022-11-30T02:15:25.929+0000] {logging_mixin.py:137} INFO - [2022-11-30T02:15:25.929+0000] {dag.py:3340} INFO - Setting next_dagrun for dag_with_catchup_backfill_v01 to 2022-11-30T00:00:00+00:00, run_after=2022-12-01T00:00:00+00:00
[2022-11-30T02:15:25.949+0000] {processor.py:176} INFO - Processing /opt/airflow/dags/dag_with_catchup_and_backfill.py took 0.128 seconds
[2022-11-30T02:15:56.445+0000] {processor.py:154} INFO - Started process (PID=366) to work on /opt/airflow/dags/dag_with_catchup_and_backfill.py
[2022-11-30T02:15:56.445+0000] {processor.py:756} INFO - Processing file /opt/airflow/dags/dag_with_catchup_and_backfill.py for tasks to queue
[2022-11-30T02:15:56.446+0000] {logging_mixin.py:137} INFO - [2022-11-30T02:15:56.446+0000] {dagbag.py:537} INFO - Filling up the DagBag from /opt/airflow/dags/dag_with_catchup_and_backfill.py
[2022-11-30T02:15:56.462+0000] {processor.py:766} INFO - DAG(s) dict_keys(['dag_with_catchup_backfill_v01']) retrieved from /opt/airflow/dags/dag_with_catchup_and_backfill.py
[2022-11-30T02:15:56.501+0000] {logging_mixin.py:137} INFO - [2022-11-30T02:15:56.501+0000] {dag.py:2585} INFO - Sync 1 DAGs
[2022-11-30T02:15:56.534+0000] {logging_mixin.py:137} INFO - [2022-11-30T02:15:56.534+0000] {dag.py:3340} INFO - Setting next_dagrun for dag_with_catchup_backfill_v01 to 2022-11-30T00:00:00+00:00, run_after=2022-12-01T00:00:00+00:00
[2022-11-30T02:15:56.555+0000] {processor.py:176} INFO - Processing /opt/airflow/dags/dag_with_catchup_and_backfill.py took 0.113 seconds
[2022-11-30T02:16:26.631+0000] {processor.py:154} INFO - Started process (PID=463) to work on /opt/airflow/dags/dag_with_catchup_and_backfill.py
[2022-11-30T02:16:26.632+0000] {processor.py:756} INFO - Processing file /opt/airflow/dags/dag_with_catchup_and_backfill.py for tasks to queue
[2022-11-30T02:16:26.633+0000] {logging_mixin.py:137} INFO - [2022-11-30T02:16:26.633+0000] {dagbag.py:537} INFO - Filling up the DagBag from /opt/airflow/dags/dag_with_catchup_and_backfill.py
[2022-11-30T02:16:26.649+0000] {processor.py:766} INFO - DAG(s) dict_keys(['dag_with_catchup_backfill_v01']) retrieved from /opt/airflow/dags/dag_with_catchup_and_backfill.py
[2022-11-30T02:16:26.691+0000] {logging_mixin.py:137} INFO - [2022-11-30T02:16:26.691+0000] {dag.py:2585} INFO - Sync 1 DAGs
[2022-11-30T02:16:26.728+0000] {logging_mixin.py:137} INFO - [2022-11-30T02:16:26.728+0000] {dag.py:3340} INFO - Setting next_dagrun for dag_with_catchup_backfill_v01 to 2022-11-30T00:00:00+00:00, run_after=2022-12-01T00:00:00+00:00
[2022-11-30T02:16:26.749+0000] {processor.py:176} INFO - Processing /opt/airflow/dags/dag_with_catchup_and_backfill.py took 0.120 seconds
[2022-11-30T02:16:57.458+0000] {processor.py:154} INFO - Started process (PID=537) to work on /opt/airflow/dags/dag_with_catchup_and_backfill.py
[2022-11-30T02:16:57.459+0000] {processor.py:756} INFO - Processing file /opt/airflow/dags/dag_with_catchup_and_backfill.py for tasks to queue
[2022-11-30T02:16:57.460+0000] {logging_mixin.py:137} INFO - [2022-11-30T02:16:57.459+0000] {dagbag.py:537} INFO - Filling up the DagBag from /opt/airflow/dags/dag_with_catchup_and_backfill.py
[2022-11-30T02:16:57.476+0000] {processor.py:766} INFO - DAG(s) dict_keys(['dag_with_catchup_backfill_v01']) retrieved from /opt/airflow/dags/dag_with_catchup_and_backfill.py
[2022-11-30T02:16:57.517+0000] {logging_mixin.py:137} INFO - [2022-11-30T02:16:57.517+0000] {dag.py:2585} INFO - Sync 1 DAGs
[2022-11-30T02:16:57.549+0000] {logging_mixin.py:137} INFO - [2022-11-30T02:16:57.549+0000] {dag.py:3340} INFO - Setting next_dagrun for dag_with_catchup_backfill_v01 to 2022-11-30T00:00:00+00:00, run_after=2022-12-01T00:00:00+00:00
[2022-11-30T02:16:57.571+0000] {processor.py:176} INFO - Processing /opt/airflow/dags/dag_with_catchup_and_backfill.py took 0.116 seconds
[2022-11-30T02:17:28.335+0000] {processor.py:154} INFO - Started process (PID=634) to work on /opt/airflow/dags/dag_with_catchup_and_backfill.py
[2022-11-30T02:17:28.336+0000] {processor.py:756} INFO - Processing file /opt/airflow/dags/dag_with_catchup_and_backfill.py for tasks to queue
[2022-11-30T02:17:28.337+0000] {logging_mixin.py:137} INFO - [2022-11-30T02:17:28.337+0000] {dagbag.py:537} INFO - Filling up the DagBag from /opt/airflow/dags/dag_with_catchup_and_backfill.py
[2022-11-30T02:17:28.354+0000] {processor.py:766} INFO - DAG(s) dict_keys(['dag_with_catchup_backfill_v01']) retrieved from /opt/airflow/dags/dag_with_catchup_and_backfill.py
[2022-11-30T02:17:28.398+0000] {logging_mixin.py:137} INFO - [2022-11-30T02:17:28.398+0000] {dag.py:2585} INFO - Sync 1 DAGs
[2022-11-30T02:17:28.441+0000] {logging_mixin.py:137} INFO - [2022-11-30T02:17:28.441+0000] {dag.py:3340} INFO - Setting next_dagrun for dag_with_catchup_backfill_v01 to 2022-11-30T00:00:00+00:00, run_after=2022-12-01T00:00:00+00:00
[2022-11-30T02:17:28.467+0000] {processor.py:176} INFO - Processing /opt/airflow/dags/dag_with_catchup_and_backfill.py took 0.135 seconds
[2022-11-30T02:17:59.051+0000] {processor.py:154} INFO - Started process (PID=696) to work on /opt/airflow/dags/dag_with_catchup_and_backfill.py
[2022-11-30T02:17:59.052+0000] {processor.py:756} INFO - Processing file /opt/airflow/dags/dag_with_catchup_and_backfill.py for tasks to queue
[2022-11-30T02:17:59.052+0000] {logging_mixin.py:137} INFO - [2022-11-30T02:17:59.052+0000] {dagbag.py:537} INFO - Filling up the DagBag from /opt/airflow/dags/dag_with_catchup_and_backfill.py
[2022-11-30T02:17:59.068+0000] {processor.py:766} INFO - DAG(s) dict_keys(['dag_with_catchup_backfill_v01']) retrieved from /opt/airflow/dags/dag_with_catchup_and_backfill.py
[2022-11-30T02:17:59.112+0000] {logging_mixin.py:137} INFO - [2022-11-30T02:17:59.111+0000] {dag.py:2585} INFO - Sync 1 DAGs
[2022-11-30T02:17:59.144+0000] {logging_mixin.py:137} INFO - [2022-11-30T02:17:59.144+0000] {dag.py:3340} INFO - Setting next_dagrun for dag_with_catchup_backfill_v01 to 2022-11-30T00:00:00+00:00, run_after=2022-12-01T00:00:00+00:00
[2022-11-30T02:17:59.167+0000] {processor.py:176} INFO - Processing /opt/airflow/dags/dag_with_catchup_and_backfill.py took 0.119 seconds
[2022-11-30T02:23:09.098+0000] {processor.py:154} INFO - Started process (PID=179) to work on /opt/airflow/dags/dag_with_catchup_and_backfill.py
[2022-11-30T02:23:09.099+0000] {processor.py:756} INFO - Processing file /opt/airflow/dags/dag_with_catchup_and_backfill.py for tasks to queue
[2022-11-30T02:23:09.099+0000] {logging_mixin.py:137} INFO - [2022-11-30T02:23:09.099+0000] {dagbag.py:537} INFO - Filling up the DagBag from /opt/airflow/dags/dag_with_catchup_and_backfill.py
[2022-11-30T02:23:09.115+0000] {processor.py:766} INFO - DAG(s) dict_keys(['dag_with_catchup_backfill_v01']) retrieved from /opt/airflow/dags/dag_with_catchup_and_backfill.py
[2022-11-30T02:23:09.198+0000] {logging_mixin.py:137} INFO - [2022-11-30T02:23:09.198+0000] {dag.py:2585} INFO - Sync 1 DAGs
[2022-11-30T02:23:09.225+0000] {logging_mixin.py:137} INFO - [2022-11-30T02:23:09.225+0000] {dag.py:3340} INFO - Setting next_dagrun for dag_with_catchup_backfill_v01 to 2022-11-30T00:00:00+00:00, run_after=2022-12-01T00:00:00+00:00
[2022-11-30T02:23:09.246+0000] {processor.py:176} INFO - Processing /opt/airflow/dags/dag_with_catchup_and_backfill.py took 0.151 seconds
[2022-11-30T02:23:39.955+0000] {processor.py:154} INFO - Started process (PID=244) to work on /opt/airflow/dags/dag_with_catchup_and_backfill.py
[2022-11-30T02:23:39.955+0000] {processor.py:756} INFO - Processing file /opt/airflow/dags/dag_with_catchup_and_backfill.py for tasks to queue
[2022-11-30T02:23:39.956+0000] {logging_mixin.py:137} INFO - [2022-11-30T02:23:39.956+0000] {dagbag.py:537} INFO - Filling up the DagBag from /opt/airflow/dags/dag_with_catchup_and_backfill.py
[2022-11-30T02:23:39.975+0000] {processor.py:766} INFO - DAG(s) dict_keys(['dag_with_catchup_backfill_v01']) retrieved from /opt/airflow/dags/dag_with_catchup_and_backfill.py
[2022-11-30T02:23:40.019+0000] {logging_mixin.py:137} INFO - [2022-11-30T02:23:40.019+0000] {dag.py:2585} INFO - Sync 1 DAGs
[2022-11-30T02:23:40.069+0000] {logging_mixin.py:137} INFO - [2022-11-30T02:23:40.068+0000] {dag.py:3340} INFO - Setting next_dagrun for dag_with_catchup_backfill_v01 to 2022-11-30T00:00:00+00:00, run_after=2022-12-01T00:00:00+00:00
[2022-11-30T02:23:40.092+0000] {processor.py:176} INFO - Processing /opt/airflow/dags/dag_with_catchup_and_backfill.py took 0.140 seconds
