[2022-11-30T02:14:23.970+0000] {processor.py:154} INFO - Started process (PID=167) to work on /opt/airflow/dags/dag_with_python_dependencies.py
[2022-11-30T02:14:23.970+0000] {processor.py:756} INFO - Processing file /opt/airflow/dags/dag_with_python_dependencies.py for tasks to queue
[2022-11-30T02:14:23.973+0000] {logging_mixin.py:137} INFO - [2022-11-30T02:14:23.972+0000] {dagbag.py:537} INFO - Filling up the DagBag from /opt/airflow/dags/dag_with_python_dependencies.py
[2022-11-30T02:14:24.010+0000] {processor.py:766} INFO - DAG(s) dict_keys(['dag_with_python_depedencies_v01']) retrieved from /opt/airflow/dags/dag_with_python_dependencies.py
[2022-11-30T02:14:24.173+0000] {logging_mixin.py:137} INFO - [2022-11-30T02:14:24.173+0000] {manager.py:507} INFO - Created Permission View: can read on DAG:dag_with_python_depedencies_v01
[2022-11-30T02:14:24.185+0000] {logging_mixin.py:137} INFO - [2022-11-30T02:14:24.184+0000] {manager.py:507} INFO - Created Permission View: can delete on DAG:dag_with_python_depedencies_v01
[2022-11-30T02:14:24.193+0000] {logging_mixin.py:137} INFO - [2022-11-30T02:14:24.192+0000] {manager.py:507} INFO - Created Permission View: can edit on DAG:dag_with_python_depedencies_v01
[2022-11-30T02:14:24.193+0000] {logging_mixin.py:137} INFO - [2022-11-30T02:14:24.193+0000] {dag.py:2585} INFO - Sync 1 DAGs
[2022-11-30T02:14:24.208+0000] {logging_mixin.py:137} INFO - [2022-11-30T02:14:24.208+0000] {dag.py:2606} INFO - Creating ORM DAG for dag_with_python_depedencies_v01
[2022-11-30T02:14:24.221+0000] {logging_mixin.py:137} INFO - [2022-11-30T02:14:24.220+0000] {dag.py:3340} INFO - Setting next_dagrun for dag_with_python_depedencies_v01 to 2022-11-28T00:00:00+00:00, run_after=2022-11-29T00:00:00+00:00
[2022-11-30T02:14:24.239+0000] {processor.py:176} INFO - Processing /opt/airflow/dags/dag_with_python_dependencies.py took 0.275 seconds
[2022-11-30T02:14:54.929+0000] {processor.py:154} INFO - Started process (PID=229) to work on /opt/airflow/dags/dag_with_python_dependencies.py
[2022-11-30T02:14:54.930+0000] {processor.py:756} INFO - Processing file /opt/airflow/dags/dag_with_python_dependencies.py for tasks to queue
[2022-11-30T02:14:54.931+0000] {logging_mixin.py:137} INFO - [2022-11-30T02:14:54.931+0000] {dagbag.py:537} INFO - Filling up the DagBag from /opt/airflow/dags/dag_with_python_dependencies.py
[2022-11-30T02:14:54.945+0000] {processor.py:766} INFO - DAG(s) dict_keys(['dag_with_python_depedencies_v01']) retrieved from /opt/airflow/dags/dag_with_python_dependencies.py
[2022-11-30T02:14:54.988+0000] {logging_mixin.py:137} INFO - [2022-11-30T02:14:54.987+0000] {dag.py:2585} INFO - Sync 1 DAGs
[2022-11-30T02:14:55.019+0000] {logging_mixin.py:137} INFO - [2022-11-30T02:14:55.018+0000] {dag.py:3340} INFO - Setting next_dagrun for dag_with_python_depedencies_v01 to 2022-11-28T00:00:00+00:00, run_after=2022-11-29T00:00:00+00:00
[2022-11-30T02:14:55.045+0000] {processor.py:176} INFO - Processing /opt/airflow/dags/dag_with_python_dependencies.py took 0.118 seconds
[2022-11-30T02:15:25.637+0000] {processor.py:154} INFO - Started process (PID=295) to work on /opt/airflow/dags/dag_with_python_dependencies.py
[2022-11-30T02:15:25.638+0000] {processor.py:756} INFO - Processing file /opt/airflow/dags/dag_with_python_dependencies.py for tasks to queue
[2022-11-30T02:15:25.639+0000] {logging_mixin.py:137} INFO - [2022-11-30T02:15:25.638+0000] {dagbag.py:537} INFO - Filling up the DagBag from /opt/airflow/dags/dag_with_python_dependencies.py
[2022-11-30T02:15:25.650+0000] {processor.py:766} INFO - DAG(s) dict_keys(['dag_with_python_depedencies_v01']) retrieved from /opt/airflow/dags/dag_with_python_dependencies.py
[2022-11-30T02:15:25.687+0000] {logging_mixin.py:137} INFO - [2022-11-30T02:15:25.686+0000] {dag.py:2585} INFO - Sync 1 DAGs
[2022-11-30T02:15:25.712+0000] {logging_mixin.py:137} INFO - [2022-11-30T02:15:25.712+0000] {dag.py:3340} INFO - Setting next_dagrun for dag_with_python_depedencies_v01 to 2022-11-30T00:00:00+00:00, run_after=2022-12-01T00:00:00+00:00
[2022-11-30T02:15:25.732+0000] {processor.py:176} INFO - Processing /opt/airflow/dags/dag_with_python_dependencies.py took 0.098 seconds
[2022-11-30T02:15:52.221+0000] {processor.py:154} INFO - Started process (PID=348) to work on /opt/airflow/dags/dag_with_python_dependencies.py
[2022-11-30T02:15:52.222+0000] {processor.py:756} INFO - Processing file /opt/airflow/dags/dag_with_python_dependencies.py for tasks to queue
[2022-11-30T02:15:52.223+0000] {logging_mixin.py:137} INFO - [2022-11-30T02:15:52.222+0000] {dagbag.py:537} INFO - Filling up the DagBag from /opt/airflow/dags/dag_with_python_dependencies.py
[2022-11-30T02:15:52.225+0000] {logging_mixin.py:137} INFO - [2022-11-30T02:15:52.224+0000] {dagbag.py:342} ERROR - Failed to import: /opt/airflow/dags/dag_with_python_dependencies.py
Traceback (most recent call last):
  File "/home/airflow/.local/lib/python3.7/site-packages/airflow/models/dagbag.py", line 338, in parse
    loader.exec_module(new_module)
  File "<frozen importlib._bootstrap_external>", line 724, in exec_module
  File "<frozen importlib._bootstrap_external>", line 860, in get_code
  File "<frozen importlib._bootstrap_external>", line 791, in source_to_code
  File "<frozen importlib._bootstrap>", line 219, in _call_with_frames_removed
  File "/opt/airflow/dags/dag_with_python_dependencies.py", line 18
    print(f"scikit
                 ^
SyntaxError: EOL while scanning string literal
[2022-11-30T02:15:52.225+0000] {processor.py:768} WARNING - No viable dags retrieved from /opt/airflow/dags/dag_with_python_dependencies.py
[2022-11-30T02:15:52.245+0000] {processor.py:176} INFO - Processing /opt/airflow/dags/dag_with_python_dependencies.py took 0.027 seconds
[2022-11-30T02:15:54.245+0000] {processor.py:154} INFO - Started process (PID=353) to work on /opt/airflow/dags/dag_with_python_dependencies.py
[2022-11-30T02:15:54.245+0000] {processor.py:756} INFO - Processing file /opt/airflow/dags/dag_with_python_dependencies.py for tasks to queue
[2022-11-30T02:15:54.246+0000] {logging_mixin.py:137} INFO - [2022-11-30T02:15:54.246+0000] {dagbag.py:537} INFO - Filling up the DagBag from /opt/airflow/dags/dag_with_python_dependencies.py
[2022-11-30T02:15:54.259+0000] {processor.py:766} INFO - DAG(s) dict_keys(['dag_with_python_depedencies_v01']) retrieved from /opt/airflow/dags/dag_with_python_dependencies.py
[2022-11-30T02:15:54.298+0000] {logging_mixin.py:137} INFO - [2022-11-30T02:15:54.297+0000] {dag.py:2585} INFO - Sync 1 DAGs
[2022-11-30T02:15:54.332+0000] {logging_mixin.py:137} INFO - [2022-11-30T02:15:54.332+0000] {dag.py:3340} INFO - Setting next_dagrun for dag_with_python_depedencies_v01 to 2022-11-30T00:00:00+00:00, run_after=2022-12-01T00:00:00+00:00
[2022-11-30T02:15:54.356+0000] {processor.py:176} INFO - Processing /opt/airflow/dags/dag_with_python_dependencies.py took 0.115 seconds
[2022-11-30T02:15:57.761+0000] {processor.py:154} INFO - Started process (PID=388) to work on /opt/airflow/dags/dag_with_python_dependencies.py
[2022-11-30T02:15:57.761+0000] {processor.py:756} INFO - Processing file /opt/airflow/dags/dag_with_python_dependencies.py for tasks to queue
[2022-11-30T02:15:57.762+0000] {logging_mixin.py:137} INFO - [2022-11-30T02:15:57.762+0000] {dagbag.py:537} INFO - Filling up the DagBag from /opt/airflow/dags/dag_with_python_dependencies.py
[2022-11-30T02:15:57.776+0000] {processor.py:766} INFO - DAG(s) dict_keys(['dag_with_python_depedencies_v01']) retrieved from /opt/airflow/dags/dag_with_python_dependencies.py
[2022-11-30T02:15:57.817+0000] {logging_mixin.py:137} INFO - [2022-11-30T02:15:57.817+0000] {dag.py:2585} INFO - Sync 1 DAGs
[2022-11-30T02:15:57.850+0000] {logging_mixin.py:137} INFO - [2022-11-30T02:15:57.850+0000] {dag.py:3340} INFO - Setting next_dagrun for dag_with_python_depedencies_v01 to 2022-11-30T00:00:00+00:00, run_after=2022-12-01T00:00:00+00:00
[2022-11-30T02:15:57.874+0000] {processor.py:176} INFO - Processing /opt/airflow/dags/dag_with_python_dependencies.py took 0.118 seconds
[2022-11-30T02:16:05.878+0000] {processor.py:154} INFO - Started process (PID=402) to work on /opt/airflow/dags/dag_with_python_dependencies.py
[2022-11-30T02:16:05.879+0000] {processor.py:756} INFO - Processing file /opt/airflow/dags/dag_with_python_dependencies.py for tasks to queue
[2022-11-30T02:16:05.879+0000] {logging_mixin.py:137} INFO - [2022-11-30T02:16:05.879+0000] {dagbag.py:537} INFO - Filling up the DagBag from /opt/airflow/dags/dag_with_python_dependencies.py
[2022-11-30T02:16:05.896+0000] {processor.py:766} INFO - DAG(s) dict_keys(['dag_with_python_depedencies_v01']) retrieved from /opt/airflow/dags/dag_with_python_dependencies.py
[2022-11-30T02:16:05.974+0000] {logging_mixin.py:137} INFO - [2022-11-30T02:16:05.974+0000] {dag.py:2585} INFO - Sync 1 DAGs
[2022-11-30T02:16:06.010+0000] {logging_mixin.py:137} INFO - [2022-11-30T02:16:06.010+0000] {dag.py:3340} INFO - Setting next_dagrun for dag_with_python_depedencies_v01 to 2022-11-30T00:00:00+00:00, run_after=2022-12-01T00:00:00+00:00
[2022-11-30T02:16:06.032+0000] {processor.py:176} INFO - Processing /opt/airflow/dags/dag_with_python_dependencies.py took 0.158 seconds
[2022-11-30T02:16:07.950+0000] {processor.py:154} INFO - Started process (PID=407) to work on /opt/airflow/dags/dag_with_python_dependencies.py
[2022-11-30T02:16:07.950+0000] {processor.py:756} INFO - Processing file /opt/airflow/dags/dag_with_python_dependencies.py for tasks to queue
[2022-11-30T02:16:07.951+0000] {logging_mixin.py:137} INFO - [2022-11-30T02:16:07.951+0000] {dagbag.py:537} INFO - Filling up the DagBag from /opt/airflow/dags/dag_with_python_dependencies.py
[2022-11-30T02:16:07.971+0000] {processor.py:766} INFO - DAG(s) dict_keys(['dag_with_python_depedencies_v01']) retrieved from /opt/airflow/dags/dag_with_python_dependencies.py
[2022-11-30T02:16:08.012+0000] {logging_mixin.py:137} INFO - [2022-11-30T02:16:08.012+0000] {dag.py:2585} INFO - Sync 1 DAGs
[2022-11-30T02:16:08.044+0000] {logging_mixin.py:137} INFO - [2022-11-30T02:16:08.044+0000] {dag.py:3340} INFO - Setting next_dagrun for dag_with_python_depedencies_v01 to 2022-11-30T00:00:00+00:00, run_after=2022-12-01T00:00:00+00:00
[2022-11-30T02:16:08.066+0000] {processor.py:176} INFO - Processing /opt/airflow/dags/dag_with_python_dependencies.py took 0.120 seconds
[2022-11-30T02:16:10.077+0000] {processor.py:154} INFO - Started process (PID=412) to work on /opt/airflow/dags/dag_with_python_dependencies.py
[2022-11-30T02:16:10.078+0000] {processor.py:756} INFO - Processing file /opt/airflow/dags/dag_with_python_dependencies.py for tasks to queue
[2022-11-30T02:16:10.078+0000] {logging_mixin.py:137} INFO - [2022-11-30T02:16:10.078+0000] {dagbag.py:537} INFO - Filling up the DagBag from /opt/airflow/dags/dag_with_python_dependencies.py
[2022-11-30T02:16:10.090+0000] {processor.py:766} INFO - DAG(s) dict_keys(['dag_with_python_depedencies_v01']) retrieved from /opt/airflow/dags/dag_with_python_dependencies.py
[2022-11-30T02:16:10.126+0000] {logging_mixin.py:137} INFO - [2022-11-30T02:16:10.126+0000] {dag.py:2585} INFO - Sync 1 DAGs
[2022-11-30T02:16:10.172+0000] {logging_mixin.py:137} INFO - [2022-11-30T02:16:10.171+0000] {dag.py:3340} INFO - Setting next_dagrun for dag_with_python_depedencies_v01 to 2022-11-30T00:00:00+00:00, run_after=2022-12-01T00:00:00+00:00
[2022-11-30T02:16:10.204+0000] {processor.py:176} INFO - Processing /opt/airflow/dags/dag_with_python_dependencies.py took 0.130 seconds
[2022-11-30T02:16:14.125+0000] {processor.py:154} INFO - Started process (PID=426) to work on /opt/airflow/dags/dag_with_python_dependencies.py
[2022-11-30T02:16:14.126+0000] {processor.py:756} INFO - Processing file /opt/airflow/dags/dag_with_python_dependencies.py for tasks to queue
[2022-11-30T02:16:14.127+0000] {logging_mixin.py:137} INFO - [2022-11-30T02:16:14.127+0000] {dagbag.py:537} INFO - Filling up the DagBag from /opt/airflow/dags/dag_with_python_dependencies.py
[2022-11-30T02:16:14.146+0000] {processor.py:766} INFO - DAG(s) dict_keys(['dag_with_python_depedencies_v01']) retrieved from /opt/airflow/dags/dag_with_python_dependencies.py
[2022-11-30T02:16:14.189+0000] {logging_mixin.py:137} INFO - [2022-11-30T02:16:14.189+0000] {dag.py:2585} INFO - Sync 1 DAGs
[2022-11-30T02:16:14.222+0000] {logging_mixin.py:137} INFO - [2022-11-30T02:16:14.221+0000] {dag.py:3340} INFO - Setting next_dagrun for dag_with_python_depedencies_v01 to 2022-11-30T00:00:00+00:00, run_after=2022-12-01T00:00:00+00:00
[2022-11-30T02:16:14.244+0000] {processor.py:176} INFO - Processing /opt/airflow/dags/dag_with_python_dependencies.py took 0.124 seconds
[2022-11-30T02:16:17.266+0000] {processor.py:154} INFO - Started process (PID=431) to work on /opt/airflow/dags/dag_with_python_dependencies.py
[2022-11-30T02:16:17.267+0000] {processor.py:756} INFO - Processing file /opt/airflow/dags/dag_with_python_dependencies.py for tasks to queue
[2022-11-30T02:16:17.267+0000] {logging_mixin.py:137} INFO - [2022-11-30T02:16:17.267+0000] {dagbag.py:537} INFO - Filling up the DagBag from /opt/airflow/dags/dag_with_python_dependencies.py
[2022-11-30T02:16:17.281+0000] {processor.py:766} INFO - DAG(s) dict_keys(['dag_with_python_depedencies_v01']) retrieved from /opt/airflow/dags/dag_with_python_dependencies.py
[2022-11-30T02:16:17.318+0000] {logging_mixin.py:137} INFO - [2022-11-30T02:16:17.318+0000] {dag.py:2585} INFO - Sync 1 DAGs
[2022-11-30T02:16:17.351+0000] {logging_mixin.py:137} INFO - [2022-11-30T02:16:17.351+0000] {dag.py:3340} INFO - Setting next_dagrun for dag_with_python_depedencies_v01 to 2022-11-30T00:00:00+00:00, run_after=2022-12-01T00:00:00+00:00
[2022-11-30T02:16:17.378+0000] {processor.py:176} INFO - Processing /opt/airflow/dags/dag_with_python_dependencies.py took 0.115 seconds
[2022-11-30T02:16:21.314+0000] {processor.py:154} INFO - Started process (PID=436) to work on /opt/airflow/dags/dag_with_python_dependencies.py
[2022-11-30T02:16:21.314+0000] {processor.py:756} INFO - Processing file /opt/airflow/dags/dag_with_python_dependencies.py for tasks to queue
[2022-11-30T02:16:21.315+0000] {logging_mixin.py:137} INFO - [2022-11-30T02:16:21.315+0000] {dagbag.py:537} INFO - Filling up the DagBag from /opt/airflow/dags/dag_with_python_dependencies.py
[2022-11-30T02:16:21.333+0000] {processor.py:766} INFO - DAG(s) dict_keys(['dag_with_python_depedencies_v01']) retrieved from /opt/airflow/dags/dag_with_python_dependencies.py
[2022-11-30T02:16:21.377+0000] {logging_mixin.py:137} INFO - [2022-11-30T02:16:21.377+0000] {dag.py:2585} INFO - Sync 1 DAGs
[2022-11-30T02:16:21.410+0000] {logging_mixin.py:137} INFO - [2022-11-30T02:16:21.410+0000] {dag.py:3340} INFO - Setting next_dagrun for dag_with_python_depedencies_v01 to 2022-11-30T00:00:00+00:00, run_after=2022-12-01T00:00:00+00:00
[2022-11-30T02:16:21.436+0000] {processor.py:176} INFO - Processing /opt/airflow/dags/dag_with_python_dependencies.py took 0.125 seconds
[2022-11-30T02:16:24.443+0000] {processor.py:154} INFO - Started process (PID=450) to work on /opt/airflow/dags/dag_with_python_dependencies.py
[2022-11-30T02:16:24.443+0000] {processor.py:756} INFO - Processing file /opt/airflow/dags/dag_with_python_dependencies.py for tasks to queue
[2022-11-30T02:16:24.444+0000] {logging_mixin.py:137} INFO - [2022-11-30T02:16:24.444+0000] {dagbag.py:537} INFO - Filling up the DagBag from /opt/airflow/dags/dag_with_python_dependencies.py
[2022-11-30T02:16:24.461+0000] {processor.py:766} INFO - DAG(s) dict_keys(['dag_with_python_depedencies_v01']) retrieved from /opt/airflow/dags/dag_with_python_dependencies.py
[2022-11-30T02:16:24.509+0000] {logging_mixin.py:137} INFO - [2022-11-30T02:16:24.509+0000] {dag.py:2585} INFO - Sync 1 DAGs
[2022-11-30T02:16:24.544+0000] {logging_mixin.py:137} INFO - [2022-11-30T02:16:24.544+0000] {dag.py:3340} INFO - Setting next_dagrun for dag_with_python_depedencies_v01 to 2022-11-30T00:00:00+00:00, run_after=2022-12-01T00:00:00+00:00
[2022-11-30T02:16:24.575+0000] {processor.py:176} INFO - Processing /opt/airflow/dags/dag_with_python_dependencies.py took 0.135 seconds
[2022-11-30T02:16:36.022+0000] {processor.py:154} INFO - Started process (PID=494) to work on /opt/airflow/dags/dag_with_python_dependencies.py
[2022-11-30T02:16:36.023+0000] {processor.py:756} INFO - Processing file /opt/airflow/dags/dag_with_python_dependencies.py for tasks to queue
[2022-11-30T02:16:36.024+0000] {logging_mixin.py:137} INFO - [2022-11-30T02:16:36.024+0000] {dagbag.py:537} INFO - Filling up the DagBag from /opt/airflow/dags/dag_with_python_dependencies.py
[2022-11-30T02:16:36.040+0000] {logging_mixin.py:137} INFO - [2022-11-30T02:16:36.038+0000] {dagbag.py:342} ERROR - Failed to import: /opt/airflow/dags/dag_with_python_dependencies.py
Traceback (most recent call last):
  File "/home/airflow/.local/lib/python3.7/site-packages/airflow/models/dagbag.py", line 338, in parse
    loader.exec_module(new_module)
  File "<frozen importlib._bootstrap_external>", line 728, in exec_module
  File "<frozen importlib._bootstrap>", line 219, in _call_with_frames_removed
  File "/opt/airflow/dags/dag_with_python_dependencies.py", line 31, in <module>
    get
NameError: name 'get' is not defined
[2022-11-30T02:16:36.041+0000] {processor.py:768} WARNING - No viable dags retrieved from /opt/airflow/dags/dag_with_python_dependencies.py
[2022-11-30T02:16:36.072+0000] {processor.py:176} INFO - Processing /opt/airflow/dags/dag_with_python_dependencies.py took 0.055 seconds
[2022-11-30T02:16:39.046+0000] {processor.py:154} INFO - Started process (PID=499) to work on /opt/airflow/dags/dag_with_python_dependencies.py
[2022-11-30T02:16:39.047+0000] {processor.py:756} INFO - Processing file /opt/airflow/dags/dag_with_python_dependencies.py for tasks to queue
[2022-11-30T02:16:39.048+0000] {logging_mixin.py:137} INFO - [2022-11-30T02:16:39.048+0000] {dagbag.py:537} INFO - Filling up the DagBag from /opt/airflow/dags/dag_with_python_dependencies.py
[2022-11-30T02:16:39.052+0000] {logging_mixin.py:137} INFO - [2022-11-30T02:16:39.050+0000] {dagbag.py:342} ERROR - Failed to import: /opt/airflow/dags/dag_with_python_dependencies.py
Traceback (most recent call last):
  File "/home/airflow/.local/lib/python3.7/site-packages/airflow/models/dagbag.py", line 338, in parse
    loader.exec_module(new_module)
  File "<frozen importlib._bootstrap_external>", line 724, in exec_module
  File "<frozen importlib._bootstrap_external>", line 860, in get_code
  File "<frozen importlib._bootstrap_external>", line 791, in source_to_code
  File "<frozen importlib._bootstrap>", line 219, in _call_with_frames_removed
  File "/opt/airflow/dags/dag_with_python_dependencies.py", line 31
    get_matplolib =
                   ^
SyntaxError: invalid syntax
[2022-11-30T02:16:39.053+0000] {processor.py:768} WARNING - No viable dags retrieved from /opt/airflow/dags/dag_with_python_dependencies.py
[2022-11-30T02:16:39.085+0000] {processor.py:176} INFO - Processing /opt/airflow/dags/dag_with_python_dependencies.py took 0.045 seconds
[2022-11-30T02:16:57.184+0000] {processor.py:154} INFO - Started process (PID=522) to work on /opt/airflow/dags/dag_with_python_dependencies.py
[2022-11-30T02:16:57.197+0000] {processor.py:756} INFO - Processing file /opt/airflow/dags/dag_with_python_dependencies.py for tasks to queue
[2022-11-30T02:16:57.198+0000] {logging_mixin.py:137} INFO - [2022-11-30T02:16:57.197+0000] {dagbag.py:537} INFO - Filling up the DagBag from /opt/airflow/dags/dag_with_python_dependencies.py
[2022-11-30T02:16:57.226+0000] {logging_mixin.py:137} INFO - [2022-11-30T02:16:57.225+0000] {dagbag.py:342} ERROR - Failed to import: /opt/airflow/dags/dag_with_python_dependencies.py
Traceback (most recent call last):
  File "/home/airflow/.local/lib/python3.7/site-packages/airflow/models/dagbag.py", line 338, in parse
    loader.exec_module(new_module)
  File "<frozen importlib._bootstrap_external>", line 728, in exec_module
  File "<frozen importlib._bootstrap>", line 219, in _call_with_frames_removed
  File "/opt/airflow/dags/dag_with_python_dependencies.py", line 31, in <module>
    get_matplolib = PythonOperator(
  File "/home/airflow/.local/lib/python3.7/site-packages/airflow/models/baseoperator.py", line 391, in apply_defaults
    raise AirflowException(f"missing keyword argument {missing_args.pop()!r}")
airflow.exceptions.AirflowException: missing keyword argument 'python_callable'
[2022-11-30T02:16:57.229+0000] {processor.py:768} WARNING - No viable dags retrieved from /opt/airflow/dags/dag_with_python_dependencies.py
[2022-11-30T02:16:57.260+0000] {processor.py:176} INFO - Processing /opt/airflow/dags/dag_with_python_dependencies.py took 0.079 seconds
[2022-11-30T02:16:58.735+0000] {processor.py:154} INFO - Started process (PID=557) to work on /opt/airflow/dags/dag_with_python_dependencies.py
[2022-11-30T02:16:58.736+0000] {processor.py:756} INFO - Processing file /opt/airflow/dags/dag_with_python_dependencies.py for tasks to queue
[2022-11-30T02:16:58.737+0000] {logging_mixin.py:137} INFO - [2022-11-30T02:16:58.737+0000] {dagbag.py:537} INFO - Filling up the DagBag from /opt/airflow/dags/dag_with_python_dependencies.py
[2022-11-30T02:16:58.753+0000] {logging_mixin.py:137} INFO - [2022-11-30T02:16:58.752+0000] {dagbag.py:342} ERROR - Failed to import: /opt/airflow/dags/dag_with_python_dependencies.py
Traceback (most recent call last):
  File "/home/airflow/.local/lib/python3.7/site-packages/airflow/models/dagbag.py", line 338, in parse
    loader.exec_module(new_module)
  File "<frozen importlib._bootstrap_external>", line 728, in exec_module
  File "<frozen importlib._bootstrap>", line 219, in _call_with_frames_removed
  File "/opt/airflow/dags/dag_with_python_dependencies.py", line 32, in <module>
    tas
NameError: name 'tas' is not defined
[2022-11-30T02:16:58.754+0000] {processor.py:768} WARNING - No viable dags retrieved from /opt/airflow/dags/dag_with_python_dependencies.py
[2022-11-30T02:16:58.775+0000] {processor.py:176} INFO - Processing /opt/airflow/dags/dag_with_python_dependencies.py took 0.044 seconds
[2022-11-30T02:17:03.804+0000] {processor.py:154} INFO - Started process (PID=562) to work on /opt/airflow/dags/dag_with_python_dependencies.py
[2022-11-30T02:17:03.805+0000] {processor.py:756} INFO - Processing file /opt/airflow/dags/dag_with_python_dependencies.py for tasks to queue
[2022-11-30T02:17:03.806+0000] {logging_mixin.py:137} INFO - [2022-11-30T02:17:03.806+0000] {dagbag.py:537} INFO - Filling up the DagBag from /opt/airflow/dags/dag_with_python_dependencies.py
[2022-11-30T02:17:03.823+0000] {logging_mixin.py:137} INFO - [2022-11-30T02:17:03.820+0000] {dagbag.py:342} ERROR - Failed to import: /opt/airflow/dags/dag_with_python_dependencies.py
Traceback (most recent call last):
  File "/home/airflow/.local/lib/python3.7/site-packages/airflow/models/dagbag.py", line 338, in parse
    loader.exec_module(new_module)
  File "<frozen importlib._bootstrap_external>", line 728, in exec_module
  File "<frozen importlib._bootstrap>", line 219, in _call_with_frames_removed
  File "/opt/airflow/dags/dag_with_python_dependencies.py", line 32, in <module>
    task_id='get_matp'
  File "/home/airflow/.local/lib/python3.7/site-packages/airflow/models/baseoperator.py", line 391, in apply_defaults
    raise AirflowException(f"missing keyword argument {missing_args.pop()!r}")
airflow.exceptions.AirflowException: missing keyword argument 'python_callable'
[2022-11-30T02:17:03.824+0000] {processor.py:768} WARNING - No viable dags retrieved from /opt/airflow/dags/dag_with_python_dependencies.py
[2022-11-30T02:17:03.842+0000] {processor.py:176} INFO - Processing /opt/airflow/dags/dag_with_python_dependencies.py took 0.043 seconds
[2022-11-30T02:17:06.846+0000] {processor.py:154} INFO - Started process (PID=567) to work on /opt/airflow/dags/dag_with_python_dependencies.py
[2022-11-30T02:17:06.847+0000] {processor.py:756} INFO - Processing file /opt/airflow/dags/dag_with_python_dependencies.py for tasks to queue
[2022-11-30T02:17:06.848+0000] {logging_mixin.py:137} INFO - [2022-11-30T02:17:06.848+0000] {dagbag.py:537} INFO - Filling up the DagBag from /opt/airflow/dags/dag_with_python_dependencies.py
[2022-11-30T02:17:06.857+0000] {logging_mixin.py:137} INFO - [2022-11-30T02:17:06.856+0000] {dagbag.py:342} ERROR - Failed to import: /opt/airflow/dags/dag_with_python_dependencies.py
Traceback (most recent call last):
  File "/home/airflow/.local/lib/python3.7/site-packages/airflow/models/dagbag.py", line 338, in parse
    loader.exec_module(new_module)
  File "<frozen importlib._bootstrap_external>", line 728, in exec_module
  File "<frozen importlib._bootstrap>", line 219, in _call_with_frames_removed
  File "/opt/airflow/dags/dag_with_python_dependencies.py", line 32, in <module>
    task_id='get_matplolib'
  File "/home/airflow/.local/lib/python3.7/site-packages/airflow/models/baseoperator.py", line 391, in apply_defaults
    raise AirflowException(f"missing keyword argument {missing_args.pop()!r}")
airflow.exceptions.AirflowException: missing keyword argument 'python_callable'
[2022-11-30T02:17:06.857+0000] {processor.py:768} WARNING - No viable dags retrieved from /opt/airflow/dags/dag_with_python_dependencies.py
[2022-11-30T02:17:06.887+0000] {processor.py:176} INFO - Processing /opt/airflow/dags/dag_with_python_dependencies.py took 0.047 seconds
[2022-11-30T02:17:07.886+0000] {processor.py:154} INFO - Started process (PID=579) to work on /opt/airflow/dags/dag_with_python_dependencies.py
[2022-11-30T02:17:07.887+0000] {processor.py:756} INFO - Processing file /opt/airflow/dags/dag_with_python_dependencies.py for tasks to queue
[2022-11-30T02:17:07.888+0000] {logging_mixin.py:137} INFO - [2022-11-30T02:17:07.887+0000] {dagbag.py:537} INFO - Filling up the DagBag from /opt/airflow/dags/dag_with_python_dependencies.py
[2022-11-30T02:17:07.895+0000] {logging_mixin.py:137} INFO - [2022-11-30T02:17:07.894+0000] {dagbag.py:342} ERROR - Failed to import: /opt/airflow/dags/dag_with_python_dependencies.py
Traceback (most recent call last):
  File "/home/airflow/.local/lib/python3.7/site-packages/airflow/models/dagbag.py", line 338, in parse
    loader.exec_module(new_module)
  File "<frozen importlib._bootstrap_external>", line 728, in exec_module
  File "<frozen importlib._bootstrap>", line 219, in _call_with_frames_removed
  File "/opt/airflow/dags/dag_with_python_dependencies.py", line 32, in <module>
    task_id='get_matplolib',
  File "/home/airflow/.local/lib/python3.7/site-packages/airflow/models/baseoperator.py", line 391, in apply_defaults
    raise AirflowException(f"missing keyword argument {missing_args.pop()!r}")
airflow.exceptions.AirflowException: missing keyword argument 'python_callable'
[2022-11-30T02:17:07.896+0000] {processor.py:768} WARNING - No viable dags retrieved from /opt/airflow/dags/dag_with_python_dependencies.py
[2022-11-30T02:17:07.913+0000] {processor.py:176} INFO - Processing /opt/airflow/dags/dag_with_python_dependencies.py took 0.029 seconds
[2022-11-30T02:17:12.947+0000] {processor.py:154} INFO - Started process (PID=586) to work on /opt/airflow/dags/dag_with_python_dependencies.py
[2022-11-30T02:17:12.948+0000] {processor.py:756} INFO - Processing file /opt/airflow/dags/dag_with_python_dependencies.py for tasks to queue
[2022-11-30T02:17:12.948+0000] {logging_mixin.py:137} INFO - [2022-11-30T02:17:12.948+0000] {dagbag.py:537} INFO - Filling up the DagBag from /opt/airflow/dags/dag_with_python_dependencies.py
[2022-11-30T02:17:12.950+0000] {logging_mixin.py:137} INFO - [2022-11-30T02:17:12.950+0000] {dagbag.py:342} ERROR - Failed to import: /opt/airflow/dags/dag_with_python_dependencies.py
Traceback (most recent call last):
  File "/home/airflow/.local/lib/python3.7/site-packages/airflow/models/dagbag.py", line 338, in parse
    loader.exec_module(new_module)
  File "<frozen importlib._bootstrap_external>", line 724, in exec_module
  File "<frozen importlib._bootstrap_external>", line 860, in get_code
  File "<frozen importlib._bootstrap_external>", line 791, in source_to_code
  File "<frozen importlib._bootstrap>", line 219, in _call_with_frames_removed
  File "/opt/airflow/dags/dag_with_python_dependencies.py", line 33
    python_callble
    ^
SyntaxError: positional argument follows keyword argument
[2022-11-30T02:17:12.951+0000] {processor.py:768} WARNING - No viable dags retrieved from /opt/airflow/dags/dag_with_python_dependencies.py
[2022-11-30T02:17:12.972+0000] {processor.py:176} INFO - Processing /opt/airflow/dags/dag_with_python_dependencies.py took 0.028 seconds
[2022-11-30T02:17:14.981+0000] {processor.py:154} INFO - Started process (PID=591) to work on /opt/airflow/dags/dag_with_python_dependencies.py
[2022-11-30T02:17:14.982+0000] {processor.py:756} INFO - Processing file /opt/airflow/dags/dag_with_python_dependencies.py for tasks to queue
[2022-11-30T02:17:14.983+0000] {logging_mixin.py:137} INFO - [2022-11-30T02:17:14.983+0000] {dagbag.py:537} INFO - Filling up the DagBag from /opt/airflow/dags/dag_with_python_dependencies.py
[2022-11-30T02:17:14.987+0000] {logging_mixin.py:137} INFO - [2022-11-30T02:17:14.985+0000] {dagbag.py:342} ERROR - Failed to import: /opt/airflow/dags/dag_with_python_dependencies.py
Traceback (most recent call last):
  File "/home/airflow/.local/lib/python3.7/site-packages/airflow/models/dagbag.py", line 338, in parse
    loader.exec_module(new_module)
  File "<frozen importlib._bootstrap_external>", line 724, in exec_module
  File "<frozen importlib._bootstrap_external>", line 860, in get_code
  File "<frozen importlib._bootstrap_external>", line 791, in source_to_code
  File "<frozen importlib._bootstrap>", line 219, in _call_with_frames_removed
  File "/opt/airflow/dags/dag_with_python_dependencies.py", line 33
    python_calla
    ^
SyntaxError: positional argument follows keyword argument
[2022-11-30T02:17:14.987+0000] {processor.py:768} WARNING - No viable dags retrieved from /opt/airflow/dags/dag_with_python_dependencies.py
[2022-11-30T02:17:15.018+0000] {processor.py:176} INFO - Processing /opt/airflow/dags/dag_with_python_dependencies.py took 0.043 seconds
[2022-11-30T02:17:16.014+0000] {processor.py:154} INFO - Started process (PID=596) to work on /opt/airflow/dags/dag_with_python_dependencies.py
[2022-11-30T02:17:16.015+0000] {processor.py:756} INFO - Processing file /opt/airflow/dags/dag_with_python_dependencies.py for tasks to queue
[2022-11-30T02:17:16.015+0000] {logging_mixin.py:137} INFO - [2022-11-30T02:17:16.015+0000] {dagbag.py:537} INFO - Filling up the DagBag from /opt/airflow/dags/dag_with_python_dependencies.py
[2022-11-30T02:17:16.017+0000] {logging_mixin.py:137} INFO - [2022-11-30T02:17:16.016+0000] {dagbag.py:342} ERROR - Failed to import: /opt/airflow/dags/dag_with_python_dependencies.py
Traceback (most recent call last):
  File "/home/airflow/.local/lib/python3.7/site-packages/airflow/models/dagbag.py", line 338, in parse
    loader.exec_module(new_module)
  File "<frozen importlib._bootstrap_external>", line 724, in exec_module
  File "<frozen importlib._bootstrap_external>", line 860, in get_code
  File "<frozen importlib._bootstrap_external>", line 791, in source_to_code
  File "<frozen importlib._bootstrap>", line 219, in _call_with_frames_removed
  File "/opt/airflow/dags/dag_with_python_dependencies.py", line 33
    python_callabl
    ^
SyntaxError: positional argument follows keyword argument
[2022-11-30T02:17:16.017+0000] {processor.py:768} WARNING - No viable dags retrieved from /opt/airflow/dags/dag_with_python_dependencies.py
[2022-11-30T02:17:16.036+0000] {processor.py:176} INFO - Processing /opt/airflow/dags/dag_with_python_dependencies.py took 0.025 seconds
[2022-11-30T02:17:18.071+0000] {processor.py:154} INFO - Started process (PID=601) to work on /opt/airflow/dags/dag_with_python_dependencies.py
[2022-11-30T02:17:18.072+0000] {processor.py:756} INFO - Processing file /opt/airflow/dags/dag_with_python_dependencies.py for tasks to queue
[2022-11-30T02:17:18.073+0000] {logging_mixin.py:137} INFO - [2022-11-30T02:17:18.073+0000] {dagbag.py:537} INFO - Filling up the DagBag from /opt/airflow/dags/dag_with_python_dependencies.py
[2022-11-30T02:17:18.075+0000] {logging_mixin.py:137} INFO - [2022-11-30T02:17:18.074+0000] {dagbag.py:342} ERROR - Failed to import: /opt/airflow/dags/dag_with_python_dependencies.py
Traceback (most recent call last):
  File "/home/airflow/.local/lib/python3.7/site-packages/airflow/models/dagbag.py", line 338, in parse
    loader.exec_module(new_module)
  File "<frozen importlib._bootstrap_external>", line 724, in exec_module
  File "<frozen importlib._bootstrap_external>", line 860, in get_code
  File "<frozen importlib._bootstrap_external>", line 791, in source_to_code
  File "<frozen importlib._bootstrap>", line 219, in _call_with_frames_removed
  File "/opt/airflow/dags/dag_with_python_dependencies.py", line 34
    )
    ^
SyntaxError: invalid syntax
[2022-11-30T02:17:18.075+0000] {processor.py:768} WARNING - No viable dags retrieved from /opt/airflow/dags/dag_with_python_dependencies.py
[2022-11-30T02:17:18.092+0000] {processor.py:176} INFO - Processing /opt/airflow/dags/dag_with_python_dependencies.py took 0.023 seconds
[2022-11-30T02:17:20.095+0000] {processor.py:154} INFO - Started process (PID=616) to work on /opt/airflow/dags/dag_with_python_dependencies.py
[2022-11-30T02:17:20.096+0000] {processor.py:756} INFO - Processing file /opt/airflow/dags/dag_with_python_dependencies.py for tasks to queue
[2022-11-30T02:17:20.097+0000] {logging_mixin.py:137} INFO - [2022-11-30T02:17:20.097+0000] {dagbag.py:537} INFO - Filling up the DagBag from /opt/airflow/dags/dag_with_python_dependencies.py
[2022-11-30T02:17:20.112+0000] {processor.py:766} INFO - DAG(s) dict_keys(['dag_with_python_depedencies_v01']) retrieved from /opt/airflow/dags/dag_with_python_dependencies.py
[2022-11-30T02:17:20.214+0000] {logging_mixin.py:137} INFO - [2022-11-30T02:17:20.214+0000] {dag.py:2585} INFO - Sync 1 DAGs
[2022-11-30T02:17:20.257+0000] {logging_mixin.py:137} INFO - [2022-11-30T02:17:20.256+0000] {dag.py:3340} INFO - Setting next_dagrun for dag_with_python_depedencies_v01 to 2022-11-30T00:00:00+00:00, run_after=2022-12-01T00:00:00+00:00
[2022-11-30T02:17:20.310+0000] {processor.py:176} INFO - Processing /opt/airflow/dags/dag_with_python_dependencies.py took 0.218 seconds
[2022-11-30T02:17:26.155+0000] {processor.py:154} INFO - Started process (PID=621) to work on /opt/airflow/dags/dag_with_python_dependencies.py
[2022-11-30T02:17:26.156+0000] {processor.py:756} INFO - Processing file /opt/airflow/dags/dag_with_python_dependencies.py for tasks to queue
[2022-11-30T02:17:26.157+0000] {logging_mixin.py:137} INFO - [2022-11-30T02:17:26.157+0000] {dagbag.py:537} INFO - Filling up the DagBag from /opt/airflow/dags/dag_with_python_dependencies.py
[2022-11-30T02:17:26.175+0000] {processor.py:766} INFO - DAG(s) dict_keys(['dag_with_python_depedencies_v01']) retrieved from /opt/airflow/dags/dag_with_python_dependencies.py
[2022-11-30T02:17:26.206+0000] {logging_mixin.py:137} INFO - [2022-11-30T02:17:26.206+0000] {dag.py:2585} INFO - Sync 1 DAGs
[2022-11-30T02:17:26.241+0000] {logging_mixin.py:137} INFO - [2022-11-30T02:17:26.241+0000] {dag.py:3340} INFO - Setting next_dagrun for dag_with_python_depedencies_v01 to 2022-11-30T00:00:00+00:00, run_after=2022-12-01T00:00:00+00:00
[2022-11-30T02:17:26.269+0000] {processor.py:176} INFO - Processing /opt/airflow/dags/dag_with_python_dependencies.py took 0.117 seconds
[2022-11-30T02:17:33.696+0000] {processor.py:154} INFO - Started process (PID=664) to work on /opt/airflow/dags/dag_with_python_dependencies.py
[2022-11-30T02:17:33.697+0000] {processor.py:756} INFO - Processing file /opt/airflow/dags/dag_with_python_dependencies.py for tasks to queue
[2022-11-30T02:17:33.697+0000] {logging_mixin.py:137} INFO - [2022-11-30T02:17:33.697+0000] {dagbag.py:537} INFO - Filling up the DagBag from /opt/airflow/dags/dag_with_python_dependencies.py
[2022-11-30T02:17:33.712+0000] {processor.py:766} INFO - DAG(s) dict_keys(['dag_with_python_depedencies_v02']) retrieved from /opt/airflow/dags/dag_with_python_dependencies.py
[2022-11-30T02:17:33.864+0000] {logging_mixin.py:137} INFO - [2022-11-30T02:17:33.864+0000] {manager.py:507} INFO - Created Permission View: can read on DAG:dag_with_python_depedencies_v02
[2022-11-30T02:17:33.876+0000] {logging_mixin.py:137} INFO - [2022-11-30T02:17:33.875+0000] {manager.py:507} INFO - Created Permission View: can delete on DAG:dag_with_python_depedencies_v02
[2022-11-30T02:17:33.885+0000] {logging_mixin.py:137} INFO - [2022-11-30T02:17:33.885+0000] {manager.py:507} INFO - Created Permission View: can edit on DAG:dag_with_python_depedencies_v02
[2022-11-30T02:17:33.885+0000] {logging_mixin.py:137} INFO - [2022-11-30T02:17:33.885+0000] {dag.py:2585} INFO - Sync 1 DAGs
[2022-11-30T02:17:33.901+0000] {logging_mixin.py:137} INFO - [2022-11-30T02:17:33.901+0000] {dag.py:2606} INFO - Creating ORM DAG for dag_with_python_depedencies_v02
[2022-11-30T02:17:33.915+0000] {logging_mixin.py:137} INFO - [2022-11-30T02:17:33.915+0000] {dag.py:3340} INFO - Setting next_dagrun for dag_with_python_depedencies_v02 to 2022-11-28T00:00:00+00:00, run_after=2022-11-29T00:00:00+00:00
[2022-11-30T02:17:33.936+0000] {processor.py:176} INFO - Processing /opt/airflow/dags/dag_with_python_dependencies.py took 0.243 seconds
[2022-11-30T02:18:04.386+0000] {processor.py:154} INFO - Started process (PID=718) to work on /opt/airflow/dags/dag_with_python_dependencies.py
[2022-11-30T02:18:04.387+0000] {processor.py:756} INFO - Processing file /opt/airflow/dags/dag_with_python_dependencies.py for tasks to queue
[2022-11-30T02:18:04.388+0000] {logging_mixin.py:137} INFO - [2022-11-30T02:18:04.388+0000] {dagbag.py:537} INFO - Filling up the DagBag from /opt/airflow/dags/dag_with_python_dependencies.py
[2022-11-30T02:18:04.400+0000] {processor.py:766} INFO - DAG(s) dict_keys(['dag_with_python_depedencies_v02']) retrieved from /opt/airflow/dags/dag_with_python_dependencies.py
[2022-11-30T02:18:04.435+0000] {logging_mixin.py:137} INFO - [2022-11-30T02:18:04.435+0000] {dag.py:2585} INFO - Sync 1 DAGs
[2022-11-30T02:18:04.464+0000] {logging_mixin.py:137} INFO - [2022-11-30T02:18:04.464+0000] {dag.py:3340} INFO - Setting next_dagrun for dag_with_python_depedencies_v02 to 2022-11-28T00:00:00+00:00, run_after=2022-11-29T00:00:00+00:00
[2022-11-30T02:18:04.484+0000] {processor.py:176} INFO - Processing /opt/airflow/dags/dag_with_python_dependencies.py took 0.101 seconds
[2022-11-30T02:23:08.774+0000] {processor.py:154} INFO - Started process (PID=165) to work on /opt/airflow/dags/dag_with_python_dependencies.py
[2022-11-30T02:23:08.775+0000] {processor.py:756} INFO - Processing file /opt/airflow/dags/dag_with_python_dependencies.py for tasks to queue
[2022-11-30T02:23:08.777+0000] {logging_mixin.py:137} INFO - [2022-11-30T02:23:08.776+0000] {dagbag.py:537} INFO - Filling up the DagBag from /opt/airflow/dags/dag_with_python_dependencies.py
[2022-11-30T02:23:08.810+0000] {processor.py:766} INFO - DAG(s) dict_keys(['dag_with_python_depedencies_v02']) retrieved from /opt/airflow/dags/dag_with_python_dependencies.py
[2022-11-30T02:23:08.906+0000] {logging_mixin.py:137} INFO - [2022-11-30T02:23:08.906+0000] {dag.py:2585} INFO - Sync 1 DAGs
[2022-11-30T02:23:08.940+0000] {logging_mixin.py:137} INFO - [2022-11-30T02:23:08.940+0000] {dag.py:3340} INFO - Setting next_dagrun for dag_with_python_depedencies_v02 to 2022-11-28T00:00:00+00:00, run_after=2022-11-29T00:00:00+00:00
[2022-11-30T02:23:08.967+0000] {processor.py:176} INFO - Processing /opt/airflow/dags/dag_with_python_dependencies.py took 0.195 seconds
[2022-11-30T02:23:39.628+0000] {processor.py:154} INFO - Started process (PID=231) to work on /opt/airflow/dags/dag_with_python_dependencies.py
[2022-11-30T02:23:39.628+0000] {processor.py:756} INFO - Processing file /opt/airflow/dags/dag_with_python_dependencies.py for tasks to queue
[2022-11-30T02:23:39.629+0000] {logging_mixin.py:137} INFO - [2022-11-30T02:23:39.629+0000] {dagbag.py:537} INFO - Filling up the DagBag from /opt/airflow/dags/dag_with_python_dependencies.py
[2022-11-30T02:23:39.643+0000] {processor.py:766} INFO - DAG(s) dict_keys(['dag_with_python_depedencies_v02']) retrieved from /opt/airflow/dags/dag_with_python_dependencies.py
[2022-11-30T02:23:39.717+0000] {logging_mixin.py:137} INFO - [2022-11-30T02:23:39.717+0000] {dag.py:2585} INFO - Sync 1 DAGs
[2022-11-30T02:23:39.769+0000] {logging_mixin.py:137} INFO - [2022-11-30T02:23:39.769+0000] {dag.py:3340} INFO - Setting next_dagrun for dag_with_python_depedencies_v02 to 2022-11-30T00:00:00+00:00, run_after=2022-12-01T00:00:00+00:00
[2022-11-30T02:23:39.820+0000] {processor.py:176} INFO - Processing /opt/airflow/dags/dag_with_python_dependencies.py took 0.195 seconds
