[2022-11-30T01:32:28.979+0000] {processor.py:154} INFO - Started process (PID=166) to work on /opt/airflow/dags/dag_with_postgres_operator.py
[2022-11-30T01:32:28.980+0000] {processor.py:756} INFO - Processing file /opt/airflow/dags/dag_with_postgres_operator.py for tasks to queue
[2022-11-30T01:32:28.981+0000] {logging_mixin.py:137} INFO - [2022-11-30T01:32:28.980+0000] {dagbag.py:537} INFO - Filling up the DagBag from /opt/airflow/dags/dag_with_postgres_operator.py
[2022-11-30T01:32:29.141+0000] {processor.py:766} INFO - DAG(s) dict_keys(['dag_with_postgres_operator_v01']) retrieved from /opt/airflow/dags/dag_with_postgres_operator.py
[2022-11-30T01:32:29.220+0000] {logging_mixin.py:137} INFO - [2022-11-30T01:32:29.220+0000] {dag.py:2585} INFO - Sync 1 DAGs
[2022-11-30T01:32:29.249+0000] {logging_mixin.py:137} INFO - [2022-11-30T01:32:29.249+0000] {dag.py:3340} INFO - Setting next_dagrun for dag_with_postgres_operator_v01 to 2022-11-28T00:00:00+00:00, run_after=2022-11-29T00:00:00+00:00
[2022-11-30T01:32:29.278+0000] {processor.py:176} INFO - Processing /opt/airflow/dags/dag_with_postgres_operator.py took 0.303 seconds
[2022-11-30T01:33:00.024+0000] {processor.py:154} INFO - Started process (PID=270) to work on /opt/airflow/dags/dag_with_postgres_operator.py
[2022-11-30T01:33:00.024+0000] {processor.py:756} INFO - Processing file /opt/airflow/dags/dag_with_postgres_operator.py for tasks to queue
[2022-11-30T01:33:00.025+0000] {logging_mixin.py:137} INFO - [2022-11-30T01:33:00.025+0000] {dagbag.py:537} INFO - Filling up the DagBag from /opt/airflow/dags/dag_with_postgres_operator.py
[2022-11-30T01:33:00.107+0000] {processor.py:766} INFO - DAG(s) dict_keys(['dag_with_postgres_operator_v01']) retrieved from /opt/airflow/dags/dag_with_postgres_operator.py
[2022-11-30T01:33:00.204+0000] {logging_mixin.py:137} INFO - [2022-11-30T01:33:00.203+0000] {dag.py:2585} INFO - Sync 1 DAGs
[2022-11-30T01:33:00.256+0000] {logging_mixin.py:137} INFO - [2022-11-30T01:33:00.255+0000] {dag.py:3340} INFO - Setting next_dagrun for dag_with_postgres_operator_v01 to 2022-11-30T00:00:00+00:00, run_after=2022-12-01T00:00:00+00:00
[2022-11-30T01:33:00.319+0000] {processor.py:176} INFO - Processing /opt/airflow/dags/dag_with_postgres_operator.py took 0.298 seconds
[2022-11-30T01:33:30.785+0000] {processor.py:154} INFO - Started process (PID=318) to work on /opt/airflow/dags/dag_with_postgres_operator.py
[2022-11-30T01:33:30.786+0000] {processor.py:756} INFO - Processing file /opt/airflow/dags/dag_with_postgres_operator.py for tasks to queue
[2022-11-30T01:33:30.786+0000] {logging_mixin.py:137} INFO - [2022-11-30T01:33:30.786+0000] {dagbag.py:537} INFO - Filling up the DagBag from /opt/airflow/dags/dag_with_postgres_operator.py
[2022-11-30T01:33:30.863+0000] {processor.py:766} INFO - DAG(s) dict_keys(['dag_with_postgres_operator_v01']) retrieved from /opt/airflow/dags/dag_with_postgres_operator.py
[2022-11-30T01:33:30.903+0000] {logging_mixin.py:137} INFO - [2022-11-30T01:33:30.902+0000] {dag.py:2585} INFO - Sync 1 DAGs
[2022-11-30T01:33:30.936+0000] {logging_mixin.py:137} INFO - [2022-11-30T01:33:30.935+0000] {dag.py:3340} INFO - Setting next_dagrun for dag_with_postgres_operator_v01 to 2022-11-30T00:00:00+00:00, run_after=2022-12-01T00:00:00+00:00
[2022-11-30T01:33:30.956+0000] {processor.py:176} INFO - Processing /opt/airflow/dags/dag_with_postgres_operator.py took 0.173 seconds
[2022-11-30T01:34:01.345+0000] {processor.py:154} INFO - Started process (PID=374) to work on /opt/airflow/dags/dag_with_postgres_operator.py
[2022-11-30T01:34:01.346+0000] {processor.py:756} INFO - Processing file /opt/airflow/dags/dag_with_postgres_operator.py for tasks to queue
[2022-11-30T01:34:01.346+0000] {logging_mixin.py:137} INFO - [2022-11-30T01:34:01.346+0000] {dagbag.py:537} INFO - Filling up the DagBag from /opt/airflow/dags/dag_with_postgres_operator.py
[2022-11-30T01:34:01.429+0000] {processor.py:766} INFO - DAG(s) dict_keys(['dag_with_postgres_operator_v01']) retrieved from /opt/airflow/dags/dag_with_postgres_operator.py
[2022-11-30T01:34:01.526+0000] {logging_mixin.py:137} INFO - [2022-11-30T01:34:01.526+0000] {dag.py:2585} INFO - Sync 1 DAGs
[2022-11-30T01:34:01.545+0000] {logging_mixin.py:137} INFO - [2022-11-30T01:34:01.545+0000] {dag.py:2606} INFO - Creating ORM DAG for dag_with_postgres_operator_v01
[2022-11-30T01:34:01.561+0000] {logging_mixin.py:137} INFO - [2022-11-30T01:34:01.561+0000] {dag.py:3340} INFO - Setting next_dagrun for dag_with_postgres_operator_v01 to 2022-11-26T00:00:00+00:00, run_after=2022-11-27T00:00:00+00:00
[2022-11-30T01:34:01.584+0000] {processor.py:176} INFO - Processing /opt/airflow/dags/dag_with_postgres_operator.py took 0.242 seconds
[2022-11-30T01:34:06.887+0000] {processor.py:154} INFO - Started process (PID=404) to work on /opt/airflow/dags/dag_with_postgres_operator.py
[2022-11-30T01:34:06.888+0000] {processor.py:756} INFO - Processing file /opt/airflow/dags/dag_with_postgres_operator.py for tasks to queue
[2022-11-30T01:34:06.890+0000] {logging_mixin.py:137} INFO - [2022-11-30T01:34:06.889+0000] {dagbag.py:537} INFO - Filling up the DagBag from /opt/airflow/dags/dag_with_postgres_operator.py
[2022-11-30T01:34:06.980+0000] {processor.py:766} INFO - DAG(s) dict_keys(['dag_with_postgres_operator_v01']) retrieved from /opt/airflow/dags/dag_with_postgres_operator.py
[2022-11-30T01:34:07.009+0000] {logging_mixin.py:137} INFO - [2022-11-30T01:34:07.008+0000] {dag.py:2585} INFO - Sync 1 DAGs
[2022-11-30T01:34:07.042+0000] {logging_mixin.py:137} INFO - [2022-11-30T01:34:07.041+0000] {dag.py:3340} INFO - Setting next_dagrun for dag_with_postgres_operator_v01 to 2022-11-26T00:00:00+00:00, run_after=2022-11-27T00:00:00+00:00
[2022-11-30T01:34:07.069+0000] {processor.py:176} INFO - Processing /opt/airflow/dags/dag_with_postgres_operator.py took 0.187 seconds
[2022-11-30T01:34:37.393+0000] {processor.py:154} INFO - Started process (PID=470) to work on /opt/airflow/dags/dag_with_postgres_operator.py
[2022-11-30T01:34:37.394+0000] {processor.py:756} INFO - Processing file /opt/airflow/dags/dag_with_postgres_operator.py for tasks to queue
[2022-11-30T01:34:37.395+0000] {logging_mixin.py:137} INFO - [2022-11-30T01:34:37.395+0000] {dagbag.py:537} INFO - Filling up the DagBag from /opt/airflow/dags/dag_with_postgres_operator.py
[2022-11-30T01:34:37.474+0000] {processor.py:766} INFO - DAG(s) dict_keys(['dag_with_postgres_operator_v01']) retrieved from /opt/airflow/dags/dag_with_postgres_operator.py
[2022-11-30T01:34:37.522+0000] {logging_mixin.py:137} INFO - [2022-11-30T01:34:37.522+0000] {dag.py:2585} INFO - Sync 1 DAGs
[2022-11-30T01:34:37.571+0000] {logging_mixin.py:137} INFO - [2022-11-30T01:34:37.571+0000] {dag.py:3340} INFO - Setting next_dagrun for dag_with_postgres_operator_v01 to 2022-11-30T00:00:00+00:00, run_after=2022-12-01T00:00:00+00:00
[2022-11-30T01:34:37.607+0000] {processor.py:176} INFO - Processing /opt/airflow/dags/dag_with_postgres_operator.py took 0.217 seconds
[2022-11-30T01:35:08.113+0000] {processor.py:154} INFO - Started process (PID=527) to work on /opt/airflow/dags/dag_with_postgres_operator.py
[2022-11-30T01:35:08.114+0000] {processor.py:756} INFO - Processing file /opt/airflow/dags/dag_with_postgres_operator.py for tasks to queue
[2022-11-30T01:35:08.115+0000] {logging_mixin.py:137} INFO - [2022-11-30T01:35:08.115+0000] {dagbag.py:537} INFO - Filling up the DagBag from /opt/airflow/dags/dag_with_postgres_operator.py
[2022-11-30T01:35:08.188+0000] {processor.py:766} INFO - DAG(s) dict_keys(['dag_with_postgres_operator_v01']) retrieved from /opt/airflow/dags/dag_with_postgres_operator.py
[2022-11-30T01:35:08.225+0000] {logging_mixin.py:137} INFO - [2022-11-30T01:35:08.225+0000] {dag.py:2585} INFO - Sync 1 DAGs
[2022-11-30T01:35:08.259+0000] {logging_mixin.py:137} INFO - [2022-11-30T01:35:08.259+0000] {dag.py:3340} INFO - Setting next_dagrun for dag_with_postgres_operator_v01 to 2022-11-30T00:00:00+00:00, run_after=2022-12-01T00:00:00+00:00
[2022-11-30T01:35:08.279+0000] {processor.py:176} INFO - Processing /opt/airflow/dags/dag_with_postgres_operator.py took 0.169 seconds
[2022-11-30T01:35:38.570+0000] {processor.py:154} INFO - Started process (PID=575) to work on /opt/airflow/dags/dag_with_postgres_operator.py
[2022-11-30T01:35:38.571+0000] {processor.py:756} INFO - Processing file /opt/airflow/dags/dag_with_postgres_operator.py for tasks to queue
[2022-11-30T01:35:38.571+0000] {logging_mixin.py:137} INFO - [2022-11-30T01:35:38.571+0000] {dagbag.py:537} INFO - Filling up the DagBag from /opt/airflow/dags/dag_with_postgres_operator.py
[2022-11-30T01:35:38.660+0000] {processor.py:766} INFO - DAG(s) dict_keys(['dag_with_postgres_operator_v01']) retrieved from /opt/airflow/dags/dag_with_postgres_operator.py
[2022-11-30T01:35:38.723+0000] {logging_mixin.py:137} INFO - [2022-11-30T01:35:38.723+0000] {dag.py:2585} INFO - Sync 1 DAGs
[2022-11-30T01:35:38.762+0000] {logging_mixin.py:137} INFO - [2022-11-30T01:35:38.762+0000] {dag.py:3340} INFO - Setting next_dagrun for dag_with_postgres_operator_v01 to 2022-11-30T00:00:00+00:00, run_after=2022-12-01T00:00:00+00:00
[2022-11-30T01:35:38.787+0000] {processor.py:176} INFO - Processing /opt/airflow/dags/dag_with_postgres_operator.py took 0.220 seconds
[2022-11-30T01:36:09.169+0000] {processor.py:154} INFO - Started process (PID=632) to work on /opt/airflow/dags/dag_with_postgres_operator.py
[2022-11-30T01:36:09.170+0000] {processor.py:756} INFO - Processing file /opt/airflow/dags/dag_with_postgres_operator.py for tasks to queue
[2022-11-30T01:36:09.170+0000] {logging_mixin.py:137} INFO - [2022-11-30T01:36:09.170+0000] {dagbag.py:537} INFO - Filling up the DagBag from /opt/airflow/dags/dag_with_postgres_operator.py
[2022-11-30T01:36:09.244+0000] {processor.py:766} INFO - DAG(s) dict_keys(['dag_with_postgres_operator_v01']) retrieved from /opt/airflow/dags/dag_with_postgres_operator.py
[2022-11-30T01:36:09.288+0000] {logging_mixin.py:137} INFO - [2022-11-30T01:36:09.288+0000] {dag.py:2585} INFO - Sync 1 DAGs
[2022-11-30T01:36:09.333+0000] {logging_mixin.py:137} INFO - [2022-11-30T01:36:09.333+0000] {dag.py:3340} INFO - Setting next_dagrun for dag_with_postgres_operator_v01 to 2022-11-30T00:00:00+00:00, run_after=2022-12-01T00:00:00+00:00
[2022-11-30T01:36:09.354+0000] {processor.py:176} INFO - Processing /opt/airflow/dags/dag_with_postgres_operator.py took 0.188 seconds
[2022-11-30T01:36:39.729+0000] {processor.py:154} INFO - Started process (PID=689) to work on /opt/airflow/dags/dag_with_postgres_operator.py
[2022-11-30T01:36:39.730+0000] {processor.py:756} INFO - Processing file /opt/airflow/dags/dag_with_postgres_operator.py for tasks to queue
[2022-11-30T01:36:39.731+0000] {logging_mixin.py:137} INFO - [2022-11-30T01:36:39.731+0000] {dagbag.py:537} INFO - Filling up the DagBag from /opt/airflow/dags/dag_with_postgres_operator.py
[2022-11-30T01:36:39.806+0000] {processor.py:766} INFO - DAG(s) dict_keys(['dag_with_postgres_operator_v01']) retrieved from /opt/airflow/dags/dag_with_postgres_operator.py
[2022-11-30T01:36:39.846+0000] {logging_mixin.py:137} INFO - [2022-11-30T01:36:39.846+0000] {dag.py:2585} INFO - Sync 1 DAGs
[2022-11-30T01:36:39.878+0000] {logging_mixin.py:137} INFO - [2022-11-30T01:36:39.878+0000] {dag.py:3340} INFO - Setting next_dagrun for dag_with_postgres_operator_v01 to 2022-11-30T00:00:00+00:00, run_after=2022-12-01T00:00:00+00:00
[2022-11-30T01:36:39.898+0000] {processor.py:176} INFO - Processing /opt/airflow/dags/dag_with_postgres_operator.py took 0.171 seconds
[2022-11-30T01:37:10.281+0000] {processor.py:154} INFO - Started process (PID=738) to work on /opt/airflow/dags/dag_with_postgres_operator.py
[2022-11-30T01:37:10.282+0000] {processor.py:756} INFO - Processing file /opt/airflow/dags/dag_with_postgres_operator.py for tasks to queue
[2022-11-30T01:37:10.282+0000] {logging_mixin.py:137} INFO - [2022-11-30T01:37:10.282+0000] {dagbag.py:537} INFO - Filling up the DagBag from /opt/airflow/dags/dag_with_postgres_operator.py
[2022-11-30T01:37:10.355+0000] {processor.py:766} INFO - DAG(s) dict_keys(['dag_with_postgres_operator_v01']) retrieved from /opt/airflow/dags/dag_with_postgres_operator.py
[2022-11-30T01:37:10.393+0000] {logging_mixin.py:137} INFO - [2022-11-30T01:37:10.393+0000] {dag.py:2585} INFO - Sync 1 DAGs
[2022-11-30T01:37:10.423+0000] {logging_mixin.py:137} INFO - [2022-11-30T01:37:10.423+0000] {dag.py:3340} INFO - Setting next_dagrun for dag_with_postgres_operator_v01 to 2022-11-30T00:00:00+00:00, run_after=2022-12-01T00:00:00+00:00
[2022-11-30T01:37:10.442+0000] {processor.py:176} INFO - Processing /opt/airflow/dags/dag_with_postgres_operator.py took 0.163 seconds
[2022-11-30T01:37:41.238+0000] {processor.py:154} INFO - Started process (PID=804) to work on /opt/airflow/dags/dag_with_postgres_operator.py
[2022-11-30T01:37:41.239+0000] {processor.py:756} INFO - Processing file /opt/airflow/dags/dag_with_postgres_operator.py for tasks to queue
[2022-11-30T01:37:41.240+0000] {logging_mixin.py:137} INFO - [2022-11-30T01:37:41.240+0000] {dagbag.py:537} INFO - Filling up the DagBag from /opt/airflow/dags/dag_with_postgres_operator.py
[2022-11-30T01:37:41.317+0000] {processor.py:766} INFO - DAG(s) dict_keys(['dag_with_postgres_operator_v01']) retrieved from /opt/airflow/dags/dag_with_postgres_operator.py
[2022-11-30T01:37:41.354+0000] {logging_mixin.py:137} INFO - [2022-11-30T01:37:41.354+0000] {dag.py:2585} INFO - Sync 1 DAGs
[2022-11-30T01:37:41.386+0000] {logging_mixin.py:137} INFO - [2022-11-30T01:37:41.386+0000] {dag.py:3340} INFO - Setting next_dagrun for dag_with_postgres_operator_v01 to 2022-11-30T00:00:00+00:00, run_after=2022-12-01T00:00:00+00:00
[2022-11-30T01:37:41.407+0000] {processor.py:176} INFO - Processing /opt/airflow/dags/dag_with_postgres_operator.py took 0.172 seconds
[2022-11-30T01:38:11.752+0000] {processor.py:154} INFO - Started process (PID=861) to work on /opt/airflow/dags/dag_with_postgres_operator.py
[2022-11-30T01:38:11.753+0000] {processor.py:756} INFO - Processing file /opt/airflow/dags/dag_with_postgres_operator.py for tasks to queue
[2022-11-30T01:38:11.754+0000] {logging_mixin.py:137} INFO - [2022-11-30T01:38:11.754+0000] {dagbag.py:537} INFO - Filling up the DagBag from /opt/airflow/dags/dag_with_postgres_operator.py
[2022-11-30T01:38:11.815+0000] {processor.py:766} INFO - DAG(s) dict_keys(['dag_with_postgres_operator_v01']) retrieved from /opt/airflow/dags/dag_with_postgres_operator.py
[2022-11-30T01:38:11.848+0000] {logging_mixin.py:137} INFO - [2022-11-30T01:38:11.848+0000] {dag.py:2585} INFO - Sync 1 DAGs
[2022-11-30T01:38:11.880+0000] {logging_mixin.py:137} INFO - [2022-11-30T01:38:11.880+0000] {dag.py:3340} INFO - Setting next_dagrun for dag_with_postgres_operator_v01 to 2022-11-30T00:00:00+00:00, run_after=2022-12-01T00:00:00+00:00
[2022-11-30T01:38:11.899+0000] {processor.py:176} INFO - Processing /opt/airflow/dags/dag_with_postgres_operator.py took 0.150 seconds
[2022-11-30T01:38:42.318+0000] {processor.py:154} INFO - Started process (PID=908) to work on /opt/airflow/dags/dag_with_postgres_operator.py
[2022-11-30T01:38:42.318+0000] {processor.py:756} INFO - Processing file /opt/airflow/dags/dag_with_postgres_operator.py for tasks to queue
[2022-11-30T01:38:42.319+0000] {logging_mixin.py:137} INFO - [2022-11-30T01:38:42.319+0000] {dagbag.py:537} INFO - Filling up the DagBag from /opt/airflow/dags/dag_with_postgres_operator.py
[2022-11-30T01:38:42.392+0000] {processor.py:766} INFO - DAG(s) dict_keys(['dag_with_postgres_operator_v01']) retrieved from /opt/airflow/dags/dag_with_postgres_operator.py
[2022-11-30T01:38:42.431+0000] {logging_mixin.py:137} INFO - [2022-11-30T01:38:42.431+0000] {dag.py:2585} INFO - Sync 1 DAGs
[2022-11-30T01:38:42.466+0000] {logging_mixin.py:137} INFO - [2022-11-30T01:38:42.465+0000] {dag.py:3340} INFO - Setting next_dagrun for dag_with_postgres_operator_v01 to 2022-11-30T00:00:00+00:00, run_after=2022-12-01T00:00:00+00:00
[2022-11-30T01:38:42.487+0000] {processor.py:176} INFO - Processing /opt/airflow/dags/dag_with_postgres_operator.py took 0.172 seconds
[2022-11-30T01:39:12.886+0000] {processor.py:154} INFO - Started process (PID=964) to work on /opt/airflow/dags/dag_with_postgres_operator.py
[2022-11-30T01:39:12.887+0000] {processor.py:756} INFO - Processing file /opt/airflow/dags/dag_with_postgres_operator.py for tasks to queue
[2022-11-30T01:39:12.887+0000] {logging_mixin.py:137} INFO - [2022-11-30T01:39:12.887+0000] {dagbag.py:537} INFO - Filling up the DagBag from /opt/airflow/dags/dag_with_postgres_operator.py
[2022-11-30T01:39:12.961+0000] {processor.py:766} INFO - DAG(s) dict_keys(['dag_with_postgres_operator_v01']) retrieved from /opt/airflow/dags/dag_with_postgres_operator.py
[2022-11-30T01:39:13.002+0000] {logging_mixin.py:137} INFO - [2022-11-30T01:39:13.002+0000] {dag.py:2585} INFO - Sync 1 DAGs
[2022-11-30T01:39:13.031+0000] {logging_mixin.py:137} INFO - [2022-11-30T01:39:13.031+0000] {dag.py:3340} INFO - Setting next_dagrun for dag_with_postgres_operator_v01 to 2022-11-30T00:00:00+00:00, run_after=2022-12-01T00:00:00+00:00
[2022-11-30T01:39:13.051+0000] {processor.py:176} INFO - Processing /opt/airflow/dags/dag_with_postgres_operator.py took 0.168 seconds
[2022-11-30T01:39:29.083+0000] {processor.py:154} INFO - Started process (PID=990) to work on /opt/airflow/dags/dag_with_postgres_operator.py
[2022-11-30T01:39:29.084+0000] {processor.py:756} INFO - Processing file /opt/airflow/dags/dag_with_postgres_operator.py for tasks to queue
[2022-11-30T01:39:29.085+0000] {logging_mixin.py:137} INFO - [2022-11-30T01:39:29.085+0000] {dagbag.py:537} INFO - Filling up the DagBag from /opt/airflow/dags/dag_with_postgres_operator.py
[2022-11-30T01:39:29.152+0000] {logging_mixin.py:137} INFO - [2022-11-30T01:39:29.151+0000] {dagbag.py:342} ERROR - Failed to import: /opt/airflow/dags/dag_with_postgres_operator.py
Traceback (most recent call last):
  File "/home/airflow/.local/lib/python3.7/site-packages/airflow/models/dagbag.py", line 338, in parse
    loader.exec_module(new_module)
  File "<frozen importlib._bootstrap_external>", line 728, in exec_module
  File "<frozen importlib._bootstrap>", line 219, in _call_with_frames_removed
  File "/opt/airflow/dags/dag_with_postgres_operator.py", line 30, in <module>
    task2
NameError: name 'task2' is not defined
[2022-11-30T01:39:29.152+0000] {processor.py:768} WARNING - No viable dags retrieved from /opt/airflow/dags/dag_with_postgres_operator.py
[2022-11-30T01:39:29.169+0000] {processor.py:176} INFO - Processing /opt/airflow/dags/dag_with_postgres_operator.py took 0.088 seconds
[2022-11-30T01:39:32.170+0000] {processor.py:154} INFO - Started process (PID=997) to work on /opt/airflow/dags/dag_with_postgres_operator.py
[2022-11-30T01:39:32.171+0000] {processor.py:756} INFO - Processing file /opt/airflow/dags/dag_with_postgres_operator.py for tasks to queue
[2022-11-30T01:39:32.173+0000] {logging_mixin.py:137} INFO - [2022-11-30T01:39:32.173+0000] {dagbag.py:537} INFO - Filling up the DagBag from /opt/airflow/dags/dag_with_postgres_operator.py
[2022-11-30T01:39:32.244+0000] {logging_mixin.py:137} INFO - [2022-11-30T01:39:32.243+0000] {dagbag.py:342} ERROR - Failed to import: /opt/airflow/dags/dag_with_postgres_operator.py
Traceback (most recent call last):
  File "/home/airflow/.local/lib/python3.7/site-packages/airflow/models/dagbag.py", line 338, in parse
    loader.exec_module(new_module)
  File "<frozen importlib._bootstrap_external>", line 728, in exec_module
  File "<frozen importlib._bootstrap>", line 219, in _call_with_frames_removed
  File "/opt/airflow/dags/dag_with_postgres_operator.py", line 30, in <module>
    task2 = Pos
NameError: name 'Pos' is not defined
[2022-11-30T01:39:32.244+0000] {processor.py:768} WARNING - No viable dags retrieved from /opt/airflow/dags/dag_with_postgres_operator.py
[2022-11-30T01:39:32.267+0000] {processor.py:176} INFO - Processing /opt/airflow/dags/dag_with_postgres_operator.py took 0.101 seconds
[2022-11-30T01:39:37.232+0000] {processor.py:154} INFO - Started process (PID=1002) to work on /opt/airflow/dags/dag_with_postgres_operator.py
[2022-11-30T01:39:37.233+0000] {processor.py:756} INFO - Processing file /opt/airflow/dags/dag_with_postgres_operator.py for tasks to queue
[2022-11-30T01:39:37.233+0000] {logging_mixin.py:137} INFO - [2022-11-30T01:39:37.233+0000] {dagbag.py:537} INFO - Filling up the DagBag from /opt/airflow/dags/dag_with_postgres_operator.py
[2022-11-30T01:39:37.306+0000] {processor.py:766} INFO - DAG(s) dict_keys(['dag_with_postgres_operator_v01']) retrieved from /opt/airflow/dags/dag_with_postgres_operator.py
[2022-11-30T01:39:37.349+0000] {logging_mixin.py:137} INFO - [2022-11-30T01:39:37.349+0000] {dag.py:2585} INFO - Sync 1 DAGs
[2022-11-30T01:39:37.381+0000] {logging_mixin.py:137} INFO - [2022-11-30T01:39:37.381+0000] {dag.py:3340} INFO - Setting next_dagrun for dag_with_postgres_operator_v01 to 2022-11-30T00:00:00+00:00, run_after=2022-12-01T00:00:00+00:00
[2022-11-30T01:39:37.404+0000] {processor.py:176} INFO - Processing /opt/airflow/dags/dag_with_postgres_operator.py took 0.175 seconds
[2022-11-30T01:39:39.810+0000] {processor.py:154} INFO - Started process (PID=1032) to work on /opt/airflow/dags/dag_with_postgres_operator.py
[2022-11-30T01:39:39.811+0000] {processor.py:756} INFO - Processing file /opt/airflow/dags/dag_with_postgres_operator.py for tasks to queue
[2022-11-30T01:39:39.812+0000] {logging_mixin.py:137} INFO - [2022-11-30T01:39:39.812+0000] {dagbag.py:537} INFO - Filling up the DagBag from /opt/airflow/dags/dag_with_postgres_operator.py
[2022-11-30T01:39:39.882+0000] {logging_mixin.py:137} INFO - [2022-11-30T01:39:39.881+0000] {dagbag.py:342} ERROR - Failed to import: /opt/airflow/dags/dag_with_postgres_operator.py
Traceback (most recent call last):
  File "/home/airflow/.local/lib/python3.7/site-packages/airflow/models/dagbag.py", line 338, in parse
    loader.exec_module(new_module)
  File "<frozen importlib._bootstrap_external>", line 728, in exec_module
  File "<frozen importlib._bootstrap>", line 219, in _call_with_frames_removed
  File "/opt/airflow/dags/dag_with_postgres_operator.py", line 30, in <module>
    task2 = PostgresOperator(
  File "/home/airflow/.local/lib/python3.7/site-packages/airflow/models/baseoperator.py", line 391, in apply_defaults
    raise AirflowException(f"missing keyword argument {missing_args.pop()!r}")
airflow.exceptions.AirflowException: missing keyword argument 'sql'
[2022-11-30T01:39:39.882+0000] {processor.py:768} WARNING - No viable dags retrieved from /opt/airflow/dags/dag_with_postgres_operator.py
[2022-11-30T01:39:39.903+0000] {processor.py:176} INFO - Processing /opt/airflow/dags/dag_with_postgres_operator.py took 0.098 seconds
[2022-11-30T01:39:43.836+0000] {processor.py:154} INFO - Started process (PID=1046) to work on /opt/airflow/dags/dag_with_postgres_operator.py
[2022-11-30T01:39:43.837+0000] {processor.py:756} INFO - Processing file /opt/airflow/dags/dag_with_postgres_operator.py for tasks to queue
[2022-11-30T01:39:43.837+0000] {logging_mixin.py:137} INFO - [2022-11-30T01:39:43.837+0000] {dagbag.py:537} INFO - Filling up the DagBag from /opt/airflow/dags/dag_with_postgres_operator.py
[2022-11-30T01:39:43.905+0000] {logging_mixin.py:137} INFO - [2022-11-30T01:39:43.904+0000] {dagbag.py:342} ERROR - Failed to import: /opt/airflow/dags/dag_with_postgres_operator.py
Traceback (most recent call last):
  File "/home/airflow/.local/lib/python3.7/site-packages/airflow/models/dagbag.py", line 338, in parse
    loader.exec_module(new_module)
  File "<frozen importlib._bootstrap_external>", line 728, in exec_module
  File "<frozen importlib._bootstrap>", line 219, in _call_with_frames_removed
  File "/opt/airflow/dags/dag_with_postgres_operator.py", line 31, in <module>
    task_id=''
  File "/home/airflow/.local/lib/python3.7/site-packages/airflow/models/baseoperator.py", line 391, in apply_defaults
    raise AirflowException(f"missing keyword argument {missing_args.pop()!r}")
airflow.exceptions.AirflowException: missing keyword argument 'sql'
[2022-11-30T01:39:43.905+0000] {processor.py:768} WARNING - No viable dags retrieved from /opt/airflow/dags/dag_with_postgres_operator.py
[2022-11-30T01:39:43.923+0000] {processor.py:176} INFO - Processing /opt/airflow/dags/dag_with_postgres_operator.py took 0.089 seconds
[2022-11-30T01:39:45.854+0000] {processor.py:154} INFO - Started process (PID=1051) to work on /opt/airflow/dags/dag_with_postgres_operator.py
[2022-11-30T01:39:45.855+0000] {processor.py:756} INFO - Processing file /opt/airflow/dags/dag_with_postgres_operator.py for tasks to queue
[2022-11-30T01:39:45.855+0000] {logging_mixin.py:137} INFO - [2022-11-30T01:39:45.855+0000] {dagbag.py:537} INFO - Filling up the DagBag from /opt/airflow/dags/dag_with_postgres_operator.py
[2022-11-30T01:39:45.923+0000] {logging_mixin.py:137} INFO - [2022-11-30T01:39:45.922+0000] {dagbag.py:342} ERROR - Failed to import: /opt/airflow/dags/dag_with_postgres_operator.py
Traceback (most recent call last):
  File "/home/airflow/.local/lib/python3.7/site-packages/airflow/models/dagbag.py", line 338, in parse
    loader.exec_module(new_module)
  File "<frozen importlib._bootstrap_external>", line 728, in exec_module
  File "<frozen importlib._bootstrap>", line 219, in _call_with_frames_removed
  File "/opt/airflow/dags/dag_with_postgres_operator.py", line 31, in <module>
    task_id='insert'
  File "/home/airflow/.local/lib/python3.7/site-packages/airflow/models/baseoperator.py", line 391, in apply_defaults
    raise AirflowException(f"missing keyword argument {missing_args.pop()!r}")
airflow.exceptions.AirflowException: missing keyword argument 'sql'
[2022-11-30T01:39:45.923+0000] {processor.py:768} WARNING - No viable dags retrieved from /opt/airflow/dags/dag_with_postgres_operator.py
[2022-11-30T01:39:45.941+0000] {processor.py:176} INFO - Processing /opt/airflow/dags/dag_with_postgres_operator.py took 0.090 seconds
[2022-11-30T01:39:47.974+0000] {processor.py:154} INFO - Started process (PID=1056) to work on /opt/airflow/dags/dag_with_postgres_operator.py
[2022-11-30T01:39:47.975+0000] {processor.py:756} INFO - Processing file /opt/airflow/dags/dag_with_postgres_operator.py for tasks to queue
[2022-11-30T01:39:47.976+0000] {logging_mixin.py:137} INFO - [2022-11-30T01:39:47.975+0000] {dagbag.py:537} INFO - Filling up the DagBag from /opt/airflow/dags/dag_with_postgres_operator.py
[2022-11-30T01:39:48.049+0000] {logging_mixin.py:137} INFO - [2022-11-30T01:39:48.048+0000] {dagbag.py:342} ERROR - Failed to import: /opt/airflow/dags/dag_with_postgres_operator.py
Traceback (most recent call last):
  File "/home/airflow/.local/lib/python3.7/site-packages/airflow/models/dagbag.py", line 338, in parse
    loader.exec_module(new_module)
  File "<frozen importlib._bootstrap_external>", line 728, in exec_module
  File "<frozen importlib._bootstrap>", line 219, in _call_with_frames_removed
  File "/opt/airflow/dags/dag_with_postgres_operator.py", line 31, in <module>
    task_id='insert_into'
  File "/home/airflow/.local/lib/python3.7/site-packages/airflow/models/baseoperator.py", line 391, in apply_defaults
    raise AirflowException(f"missing keyword argument {missing_args.pop()!r}")
airflow.exceptions.AirflowException: missing keyword argument 'sql'
[2022-11-30T01:39:48.050+0000] {processor.py:768} WARNING - No viable dags retrieved from /opt/airflow/dags/dag_with_postgres_operator.py
[2022-11-30T01:39:48.068+0000] {processor.py:176} INFO - Processing /opt/airflow/dags/dag_with_postgres_operator.py took 0.099 seconds
[2022-11-30T01:39:51.005+0000] {processor.py:154} INFO - Started process (PID=1061) to work on /opt/airflow/dags/dag_with_postgres_operator.py
[2022-11-30T01:39:51.006+0000] {processor.py:756} INFO - Processing file /opt/airflow/dags/dag_with_postgres_operator.py for tasks to queue
[2022-11-30T01:39:51.007+0000] {logging_mixin.py:137} INFO - [2022-11-30T01:39:51.007+0000] {dagbag.py:537} INFO - Filling up the DagBag from /opt/airflow/dags/dag_with_postgres_operator.py
[2022-11-30T01:39:51.093+0000] {logging_mixin.py:137} INFO - [2022-11-30T01:39:51.092+0000] {dagbag.py:342} ERROR - Failed to import: /opt/airflow/dags/dag_with_postgres_operator.py
Traceback (most recent call last):
  File "/home/airflow/.local/lib/python3.7/site-packages/airflow/models/dagbag.py", line 338, in parse
    loader.exec_module(new_module)
  File "<frozen importlib._bootstrap_external>", line 728, in exec_module
  File "<frozen importlib._bootstrap>", line 219, in _call_with_frames_removed
  File "/opt/airflow/dags/dag_with_postgres_operator.py", line 31, in <module>
    task_id='insert_into_tabl'
  File "/home/airflow/.local/lib/python3.7/site-packages/airflow/models/baseoperator.py", line 391, in apply_defaults
    raise AirflowException(f"missing keyword argument {missing_args.pop()!r}")
airflow.exceptions.AirflowException: missing keyword argument 'sql'
[2022-11-30T01:39:51.093+0000] {processor.py:768} WARNING - No viable dags retrieved from /opt/airflow/dags/dag_with_postgres_operator.py
[2022-11-30T01:39:51.110+0000] {processor.py:176} INFO - Processing /opt/airflow/dags/dag_with_postgres_operator.py took 0.110 seconds
[2022-11-30T01:39:53.126+0000] {processor.py:154} INFO - Started process (PID=1075) to work on /opt/airflow/dags/dag_with_postgres_operator.py
[2022-11-30T01:39:53.126+0000] {processor.py:756} INFO - Processing file /opt/airflow/dags/dag_with_postgres_operator.py for tasks to queue
[2022-11-30T01:39:53.127+0000] {logging_mixin.py:137} INFO - [2022-11-30T01:39:53.127+0000] {dagbag.py:537} INFO - Filling up the DagBag from /opt/airflow/dags/dag_with_postgres_operator.py
[2022-11-30T01:39:53.205+0000] {logging_mixin.py:137} INFO - [2022-11-30T01:39:53.204+0000] {dagbag.py:342} ERROR - Failed to import: /opt/airflow/dags/dag_with_postgres_operator.py
Traceback (most recent call last):
  File "/home/airflow/.local/lib/python3.7/site-packages/airflow/models/dagbag.py", line 338, in parse
    loader.exec_module(new_module)
  File "<frozen importlib._bootstrap_external>", line 728, in exec_module
  File "<frozen importlib._bootstrap>", line 219, in _call_with_frames_removed
  File "/opt/airflow/dags/dag_with_postgres_operator.py", line 31, in <module>
    task_id='insert_into_table',
  File "/home/airflow/.local/lib/python3.7/site-packages/airflow/models/baseoperator.py", line 391, in apply_defaults
    raise AirflowException(f"missing keyword argument {missing_args.pop()!r}")
airflow.exceptions.AirflowException: missing keyword argument 'sql'
[2022-11-30T01:39:53.206+0000] {processor.py:768} WARNING - No viable dags retrieved from /opt/airflow/dags/dag_with_postgres_operator.py
[2022-11-30T01:39:53.228+0000] {processor.py:176} INFO - Processing /opt/airflow/dags/dag_with_postgres_operator.py took 0.105 seconds
[2022-11-30T01:40:00.285+0000] {processor.py:154} INFO - Started process (PID=1080) to work on /opt/airflow/dags/dag_with_postgres_operator.py
[2022-11-30T01:40:00.286+0000] {processor.py:756} INFO - Processing file /opt/airflow/dags/dag_with_postgres_operator.py for tasks to queue
[2022-11-30T01:40:00.286+0000] {logging_mixin.py:137} INFO - [2022-11-30T01:40:00.286+0000] {dagbag.py:537} INFO - Filling up the DagBag from /opt/airflow/dags/dag_with_postgres_operator.py
[2022-11-30T01:40:00.288+0000] {logging_mixin.py:137} INFO - [2022-11-30T01:40:00.288+0000] {dagbag.py:342} ERROR - Failed to import: /opt/airflow/dags/dag_with_postgres_operator.py
Traceback (most recent call last):
  File "/home/airflow/.local/lib/python3.7/site-packages/airflow/models/dagbag.py", line 338, in parse
    loader.exec_module(new_module)
  File "<frozen importlib._bootstrap_external>", line 724, in exec_module
  File "<frozen importlib._bootstrap_external>", line 860, in get_code
  File "<frozen importlib._bootstrap_external>", line 791, in source_to_code
  File "<frozen importlib._bootstrap>", line 219, in _call_with_frames_removed
  File "/opt/airflow/dags/dag_with_postgres_operator.py", line 32
    postgres_conn
    ^
SyntaxError: positional argument follows keyword argument
[2022-11-30T01:40:00.289+0000] {processor.py:768} WARNING - No viable dags retrieved from /opt/airflow/dags/dag_with_postgres_operator.py
[2022-11-30T01:40:00.306+0000] {processor.py:176} INFO - Processing /opt/airflow/dags/dag_with_postgres_operator.py took 0.025 seconds
[2022-11-30T01:40:10.782+0000] {processor.py:154} INFO - Started process (PID=1119) to work on /opt/airflow/dags/dag_with_postgres_operator.py
[2022-11-30T01:40:10.782+0000] {processor.py:756} INFO - Processing file /opt/airflow/dags/dag_with_postgres_operator.py for tasks to queue
[2022-11-30T01:40:10.783+0000] {logging_mixin.py:137} INFO - [2022-11-30T01:40:10.783+0000] {dagbag.py:537} INFO - Filling up the DagBag from /opt/airflow/dags/dag_with_postgres_operator.py
[2022-11-30T01:40:10.840+0000] {logging_mixin.py:137} INFO - [2022-11-30T01:40:10.839+0000] {dagbag.py:342} ERROR - Failed to import: /opt/airflow/dags/dag_with_postgres_operator.py
Traceback (most recent call last):
  File "/home/airflow/.local/lib/python3.7/site-packages/airflow/models/dagbag.py", line 338, in parse
    loader.exec_module(new_module)
  File "<frozen importlib._bootstrap_external>", line 728, in exec_module
  File "<frozen importlib._bootstrap>", line 219, in _call_with_frames_removed
  File "/opt/airflow/dags/dag_with_postgres_operator.py", line 32, in <module>
    postgres_conn_id='postgres_localhost'
  File "/home/airflow/.local/lib/python3.7/site-packages/airflow/models/baseoperator.py", line 391, in apply_defaults
    raise AirflowException(f"missing keyword argument {missing_args.pop()!r}")
airflow.exceptions.AirflowException: missing keyword argument 'sql'
[2022-11-30T01:40:10.840+0000] {processor.py:768} WARNING - No viable dags retrieved from /opt/airflow/dags/dag_with_postgres_operator.py
[2022-11-30T01:40:10.858+0000] {processor.py:176} INFO - Processing /opt/airflow/dags/dag_with_postgres_operator.py took 0.078 seconds
[2022-11-30T01:40:12.811+0000] {processor.py:154} INFO - Started process (PID=1124) to work on /opt/airflow/dags/dag_with_postgres_operator.py
[2022-11-30T01:40:12.811+0000] {processor.py:756} INFO - Processing file /opt/airflow/dags/dag_with_postgres_operator.py for tasks to queue
[2022-11-30T01:40:12.812+0000] {logging_mixin.py:137} INFO - [2022-11-30T01:40:12.812+0000] {dagbag.py:537} INFO - Filling up the DagBag from /opt/airflow/dags/dag_with_postgres_operator.py
[2022-11-30T01:40:12.879+0000] {logging_mixin.py:137} INFO - [2022-11-30T01:40:12.878+0000] {dagbag.py:342} ERROR - Failed to import: /opt/airflow/dags/dag_with_postgres_operator.py
Traceback (most recent call last):
  File "/home/airflow/.local/lib/python3.7/site-packages/airflow/models/dagbag.py", line 338, in parse
    loader.exec_module(new_module)
  File "<frozen importlib._bootstrap_external>", line 728, in exec_module
  File "<frozen importlib._bootstrap>", line 219, in _call_with_frames_removed
  File "/opt/airflow/dags/dag_with_postgres_operator.py", line 32, in <module>
    postgres_conn_id='postgres_localhost',
  File "/home/airflow/.local/lib/python3.7/site-packages/airflow/models/baseoperator.py", line 391, in apply_defaults
    raise AirflowException(f"missing keyword argument {missing_args.pop()!r}")
airflow.exceptions.AirflowException: missing keyword argument 'sql'
[2022-11-30T01:40:12.880+0000] {processor.py:768} WARNING - No viable dags retrieved from /opt/airflow/dags/dag_with_postgres_operator.py
[2022-11-30T01:40:12.898+0000] {processor.py:176} INFO - Processing /opt/airflow/dags/dag_with_postgres_operator.py took 0.091 seconds
[2022-11-30T01:40:17.922+0000] {processor.py:154} INFO - Started process (PID=1138) to work on /opt/airflow/dags/dag_with_postgres_operator.py
[2022-11-30T01:40:17.923+0000] {processor.py:756} INFO - Processing file /opt/airflow/dags/dag_with_postgres_operator.py for tasks to queue
[2022-11-30T01:40:17.924+0000] {logging_mixin.py:137} INFO - [2022-11-30T01:40:17.924+0000] {dagbag.py:537} INFO - Filling up the DagBag from /opt/airflow/dags/dag_with_postgres_operator.py
[2022-11-30T01:40:18.019+0000] {processor.py:766} INFO - DAG(s) dict_keys(['dag_with_postgres_operator_v01']) retrieved from /opt/airflow/dags/dag_with_postgres_operator.py
[2022-11-30T01:40:18.110+0000] {logging_mixin.py:137} INFO - [2022-11-30T01:40:18.110+0000] {dag.py:2585} INFO - Sync 1 DAGs
[2022-11-30T01:40:18.144+0000] {logging_mixin.py:137} INFO - [2022-11-30T01:40:18.144+0000] {dag.py:3340} INFO - Setting next_dagrun for dag_with_postgres_operator_v01 to 2022-11-30T00:00:00+00:00, run_after=2022-12-01T00:00:00+00:00
[2022-11-30T01:40:18.169+0000] {processor.py:176} INFO - Processing /opt/airflow/dags/dag_with_postgres_operator.py took 0.253 seconds
[2022-11-30T01:40:23.978+0000] {processor.py:154} INFO - Started process (PID=1143) to work on /opt/airflow/dags/dag_with_postgres_operator.py
[2022-11-30T01:40:23.979+0000] {processor.py:756} INFO - Processing file /opt/airflow/dags/dag_with_postgres_operator.py for tasks to queue
[2022-11-30T01:40:23.979+0000] {logging_mixin.py:137} INFO - [2022-11-30T01:40:23.979+0000] {dagbag.py:537} INFO - Filling up the DagBag from /opt/airflow/dags/dag_with_postgres_operator.py
[2022-11-30T01:40:24.058+0000] {processor.py:766} INFO - DAG(s) dict_keys(['dag_with_postgres_operator_v01']) retrieved from /opt/airflow/dags/dag_with_postgres_operator.py
[2022-11-30T01:40:24.084+0000] {logging_mixin.py:137} INFO - [2022-11-30T01:40:24.083+0000] {dag.py:2585} INFO - Sync 1 DAGs
[2022-11-30T01:40:24.116+0000] {logging_mixin.py:137} INFO - [2022-11-30T01:40:24.115+0000] {dag.py:3340} INFO - Setting next_dagrun for dag_with_postgres_operator_v01 to 2022-11-30T00:00:00+00:00, run_after=2022-12-01T00:00:00+00:00
[2022-11-30T01:40:24.137+0000] {processor.py:176} INFO - Processing /opt/airflow/dags/dag_with_postgres_operator.py took 0.162 seconds
[2022-11-30T01:40:25.991+0000] {processor.py:154} INFO - Started process (PID=1148) to work on /opt/airflow/dags/dag_with_postgres_operator.py
[2022-11-30T01:40:25.992+0000] {processor.py:756} INFO - Processing file /opt/airflow/dags/dag_with_postgres_operator.py for tasks to queue
[2022-11-30T01:40:25.992+0000] {logging_mixin.py:137} INFO - [2022-11-30T01:40:25.992+0000] {dagbag.py:537} INFO - Filling up the DagBag from /opt/airflow/dags/dag_with_postgres_operator.py
[2022-11-30T01:40:26.069+0000] {processor.py:766} INFO - DAG(s) dict_keys(['dag_with_postgres_operator_v01']) retrieved from /opt/airflow/dags/dag_with_postgres_operator.py
[2022-11-30T01:40:26.097+0000] {logging_mixin.py:137} INFO - [2022-11-30T01:40:26.097+0000] {dag.py:2585} INFO - Sync 1 DAGs
[2022-11-30T01:40:26.132+0000] {logging_mixin.py:137} INFO - [2022-11-30T01:40:26.132+0000] {dag.py:3340} INFO - Setting next_dagrun for dag_with_postgres_operator_v01 to 2022-11-30T00:00:00+00:00, run_after=2022-12-01T00:00:00+00:00
[2022-11-30T01:40:26.155+0000] {processor.py:176} INFO - Processing /opt/airflow/dags/dag_with_postgres_operator.py took 0.166 seconds
[2022-11-30T01:40:32.215+0000] {processor.py:154} INFO - Started process (PID=1162) to work on /opt/airflow/dags/dag_with_postgres_operator.py
[2022-11-30T01:40:32.216+0000] {processor.py:756} INFO - Processing file /opt/airflow/dags/dag_with_postgres_operator.py for tasks to queue
[2022-11-30T01:40:32.218+0000] {logging_mixin.py:137} INFO - [2022-11-30T01:40:32.217+0000] {dagbag.py:537} INFO - Filling up the DagBag from /opt/airflow/dags/dag_with_postgres_operator.py
[2022-11-30T01:40:32.306+0000] {processor.py:766} INFO - DAG(s) dict_keys(['dag_with_postgres_operator_v01']) retrieved from /opt/airflow/dags/dag_with_postgres_operator.py
[2022-11-30T01:40:32.333+0000] {logging_mixin.py:137} INFO - [2022-11-30T01:40:32.333+0000] {dag.py:2585} INFO - Sync 1 DAGs
[2022-11-30T01:40:32.371+0000] {logging_mixin.py:137} INFO - [2022-11-30T01:40:32.370+0000] {dag.py:3340} INFO - Setting next_dagrun for dag_with_postgres_operator_v01 to 2022-11-30T00:00:00+00:00, run_after=2022-12-01T00:00:00+00:00
[2022-11-30T01:40:32.393+0000] {processor.py:176} INFO - Processing /opt/airflow/dags/dag_with_postgres_operator.py took 0.182 seconds
[2022-11-30T01:40:35.239+0000] {processor.py:154} INFO - Started process (PID=1167) to work on /opt/airflow/dags/dag_with_postgres_operator.py
[2022-11-30T01:40:35.240+0000] {processor.py:756} INFO - Processing file /opt/airflow/dags/dag_with_postgres_operator.py for tasks to queue
[2022-11-30T01:40:35.241+0000] {logging_mixin.py:137} INFO - [2022-11-30T01:40:35.240+0000] {dagbag.py:537} INFO - Filling up the DagBag from /opt/airflow/dags/dag_with_postgres_operator.py
[2022-11-30T01:40:35.308+0000] {processor.py:766} INFO - DAG(s) dict_keys(['dag_with_postgres_operator_v01']) retrieved from /opt/airflow/dags/dag_with_postgres_operator.py
[2022-11-30T01:40:35.332+0000] {logging_mixin.py:137} INFO - [2022-11-30T01:40:35.332+0000] {dag.py:2585} INFO - Sync 1 DAGs
[2022-11-30T01:40:35.362+0000] {logging_mixin.py:137} INFO - [2022-11-30T01:40:35.361+0000] {dag.py:3340} INFO - Setting next_dagrun for dag_with_postgres_operator_v01 to 2022-11-30T00:00:00+00:00, run_after=2022-12-01T00:00:00+00:00
[2022-11-30T01:40:35.386+0000] {processor.py:176} INFO - Processing /opt/airflow/dags/dag_with_postgres_operator.py took 0.149 seconds
[2022-11-30T01:40:38.430+0000] {processor.py:154} INFO - Started process (PID=1181) to work on /opt/airflow/dags/dag_with_postgres_operator.py
[2022-11-30T01:40:38.431+0000] {processor.py:756} INFO - Processing file /opt/airflow/dags/dag_with_postgres_operator.py for tasks to queue
[2022-11-30T01:40:38.432+0000] {logging_mixin.py:137} INFO - [2022-11-30T01:40:38.432+0000] {dagbag.py:537} INFO - Filling up the DagBag from /opt/airflow/dags/dag_with_postgres_operator.py
[2022-11-30T01:40:38.507+0000] {processor.py:766} INFO - DAG(s) dict_keys(['dag_with_postgres_operator_v01']) retrieved from /opt/airflow/dags/dag_with_postgres_operator.py
[2022-11-30T01:40:38.536+0000] {logging_mixin.py:137} INFO - [2022-11-30T01:40:38.536+0000] {dag.py:2585} INFO - Sync 1 DAGs
[2022-11-30T01:40:38.568+0000] {logging_mixin.py:137} INFO - [2022-11-30T01:40:38.568+0000] {dag.py:3340} INFO - Setting next_dagrun for dag_with_postgres_operator_v01 to 2022-11-30T00:00:00+00:00, run_after=2022-12-01T00:00:00+00:00
[2022-11-30T01:40:38.608+0000] {processor.py:176} INFO - Processing /opt/airflow/dags/dag_with_postgres_operator.py took 0.182 seconds
[2022-11-30T01:40:43.073+0000] {processor.py:154} INFO - Started process (PID=1211) to work on /opt/airflow/dags/dag_with_postgres_operator.py
[2022-11-30T01:40:43.074+0000] {processor.py:756} INFO - Processing file /opt/airflow/dags/dag_with_postgres_operator.py for tasks to queue
[2022-11-30T01:40:43.075+0000] {logging_mixin.py:137} INFO - [2022-11-30T01:40:43.074+0000] {dagbag.py:537} INFO - Filling up the DagBag from /opt/airflow/dags/dag_with_postgres_operator.py
[2022-11-30T01:40:43.146+0000] {processor.py:766} INFO - DAG(s) dict_keys(['dag_with_postgres_operator_v01']) retrieved from /opt/airflow/dags/dag_with_postgres_operator.py
[2022-11-30T01:40:43.171+0000] {logging_mixin.py:137} INFO - [2022-11-30T01:40:43.171+0000] {dag.py:2585} INFO - Sync 1 DAGs
[2022-11-30T01:40:43.204+0000] {logging_mixin.py:137} INFO - [2022-11-30T01:40:43.204+0000] {dag.py:3340} INFO - Setting next_dagrun for dag_with_postgres_operator_v01 to 2022-11-30T00:00:00+00:00, run_after=2022-12-01T00:00:00+00:00
[2022-11-30T01:40:43.228+0000] {processor.py:176} INFO - Processing /opt/airflow/dags/dag_with_postgres_operator.py took 0.158 seconds
[2022-11-30T01:40:45.096+0000] {processor.py:154} INFO - Started process (PID=1216) to work on /opt/airflow/dags/dag_with_postgres_operator.py
[2022-11-30T01:40:45.097+0000] {processor.py:756} INFO - Processing file /opt/airflow/dags/dag_with_postgres_operator.py for tasks to queue
[2022-11-30T01:40:45.097+0000] {logging_mixin.py:137} INFO - [2022-11-30T01:40:45.097+0000] {dagbag.py:537} INFO - Filling up the DagBag from /opt/airflow/dags/dag_with_postgres_operator.py
[2022-11-30T01:40:45.172+0000] {processor.py:766} INFO - DAG(s) dict_keys(['dag_with_postgres_operator_v01']) retrieved from /opt/airflow/dags/dag_with_postgres_operator.py
[2022-11-30T01:40:45.197+0000] {logging_mixin.py:137} INFO - [2022-11-30T01:40:45.197+0000] {dag.py:2585} INFO - Sync 1 DAGs
[2022-11-30T01:40:45.229+0000] {logging_mixin.py:137} INFO - [2022-11-30T01:40:45.229+0000] {dag.py:3340} INFO - Setting next_dagrun for dag_with_postgres_operator_v01 to 2022-11-30T00:00:00+00:00, run_after=2022-12-01T00:00:00+00:00
[2022-11-30T01:40:45.252+0000] {processor.py:176} INFO - Processing /opt/airflow/dags/dag_with_postgres_operator.py took 0.159 seconds
[2022-11-30T01:40:47.276+0000] {processor.py:154} INFO - Started process (PID=1221) to work on /opt/airflow/dags/dag_with_postgres_operator.py
[2022-11-30T01:40:47.277+0000] {processor.py:756} INFO - Processing file /opt/airflow/dags/dag_with_postgres_operator.py for tasks to queue
[2022-11-30T01:40:47.278+0000] {logging_mixin.py:137} INFO - [2022-11-30T01:40:47.277+0000] {dagbag.py:537} INFO - Filling up the DagBag from /opt/airflow/dags/dag_with_postgres_operator.py
[2022-11-30T01:40:47.371+0000] {processor.py:766} INFO - DAG(s) dict_keys(['dag_with_postgres_operator_v01']) retrieved from /opt/airflow/dags/dag_with_postgres_operator.py
[2022-11-30T01:40:47.400+0000] {logging_mixin.py:137} INFO - [2022-11-30T01:40:47.400+0000] {dag.py:2585} INFO - Sync 1 DAGs
[2022-11-30T01:40:47.431+0000] {logging_mixin.py:137} INFO - [2022-11-30T01:40:47.431+0000] {dag.py:3340} INFO - Setting next_dagrun for dag_with_postgres_operator_v01 to 2022-11-30T00:00:00+00:00, run_after=2022-12-01T00:00:00+00:00
[2022-11-30T01:40:47.451+0000] {processor.py:176} INFO - Processing /opt/airflow/dags/dag_with_postgres_operator.py took 0.178 seconds
[2022-11-30T01:40:50.308+0000] {processor.py:154} INFO - Started process (PID=1235) to work on /opt/airflow/dags/dag_with_postgres_operator.py
[2022-11-30T01:40:50.309+0000] {processor.py:756} INFO - Processing file /opt/airflow/dags/dag_with_postgres_operator.py for tasks to queue
[2022-11-30T01:40:50.310+0000] {logging_mixin.py:137} INFO - [2022-11-30T01:40:50.310+0000] {dagbag.py:537} INFO - Filling up the DagBag from /opt/airflow/dags/dag_with_postgres_operator.py
[2022-11-30T01:40:50.386+0000] {processor.py:766} INFO - DAG(s) dict_keys(['dag_with_postgres_operator_v01']) retrieved from /opt/airflow/dags/dag_with_postgres_operator.py
[2022-11-30T01:40:50.468+0000] {logging_mixin.py:137} INFO - [2022-11-30T01:40:50.468+0000] {dag.py:2585} INFO - Sync 1 DAGs
[2022-11-30T01:40:50.496+0000] {logging_mixin.py:137} INFO - [2022-11-30T01:40:50.496+0000] {dag.py:3340} INFO - Setting next_dagrun for dag_with_postgres_operator_v01 to 2022-11-30T00:00:00+00:00, run_after=2022-12-01T00:00:00+00:00
[2022-11-30T01:40:50.519+0000] {processor.py:176} INFO - Processing /opt/airflow/dags/dag_with_postgres_operator.py took 0.216 seconds
[2022-11-30T01:40:53.554+0000] {processor.py:154} INFO - Started process (PID=1240) to work on /opt/airflow/dags/dag_with_postgres_operator.py
[2022-11-30T01:40:53.554+0000] {processor.py:756} INFO - Processing file /opt/airflow/dags/dag_with_postgres_operator.py for tasks to queue
[2022-11-30T01:40:53.555+0000] {logging_mixin.py:137} INFO - [2022-11-30T01:40:53.555+0000] {dagbag.py:537} INFO - Filling up the DagBag from /opt/airflow/dags/dag_with_postgres_operator.py
[2022-11-30T01:40:53.636+0000] {processor.py:766} INFO - DAG(s) dict_keys(['dag_with_postgres_operator_v01']) retrieved from /opt/airflow/dags/dag_with_postgres_operator.py
[2022-11-30T01:40:53.661+0000] {logging_mixin.py:137} INFO - [2022-11-30T01:40:53.661+0000] {dag.py:2585} INFO - Sync 1 DAGs
[2022-11-30T01:40:53.695+0000] {logging_mixin.py:137} INFO - [2022-11-30T01:40:53.694+0000] {dag.py:3340} INFO - Setting next_dagrun for dag_with_postgres_operator_v01 to 2022-11-30T00:00:00+00:00, run_after=2022-12-01T00:00:00+00:00
[2022-11-30T01:40:53.718+0000] {processor.py:176} INFO - Processing /opt/airflow/dags/dag_with_postgres_operator.py took 0.167 seconds
[2022-11-30T01:40:56.578+0000] {processor.py:154} INFO - Started process (PID=1245) to work on /opt/airflow/dags/dag_with_postgres_operator.py
[2022-11-30T01:40:56.579+0000] {processor.py:756} INFO - Processing file /opt/airflow/dags/dag_with_postgres_operator.py for tasks to queue
[2022-11-30T01:40:56.580+0000] {logging_mixin.py:137} INFO - [2022-11-30T01:40:56.580+0000] {dagbag.py:537} INFO - Filling up the DagBag from /opt/airflow/dags/dag_with_postgres_operator.py
[2022-11-30T01:40:56.654+0000] {processor.py:766} INFO - DAG(s) dict_keys(['dag_with_postgres_operator_v01']) retrieved from /opt/airflow/dags/dag_with_postgres_operator.py
[2022-11-30T01:40:56.681+0000] {logging_mixin.py:137} INFO - [2022-11-30T01:40:56.681+0000] {dag.py:2585} INFO - Sync 1 DAGs
[2022-11-30T01:40:56.717+0000] {logging_mixin.py:137} INFO - [2022-11-30T01:40:56.717+0000] {dag.py:3340} INFO - Setting next_dagrun for dag_with_postgres_operator_v01 to 2022-11-30T00:00:00+00:00, run_after=2022-12-01T00:00:00+00:00
[2022-11-30T01:40:56.744+0000] {processor.py:176} INFO - Processing /opt/airflow/dags/dag_with_postgres_operator.py took 0.172 seconds
[2022-11-30T01:40:59.778+0000] {processor.py:154} INFO - Started process (PID=1250) to work on /opt/airflow/dags/dag_with_postgres_operator.py
[2022-11-30T01:40:59.779+0000] {processor.py:756} INFO - Processing file /opt/airflow/dags/dag_with_postgres_operator.py for tasks to queue
[2022-11-30T01:40:59.780+0000] {logging_mixin.py:137} INFO - [2022-11-30T01:40:59.780+0000] {dagbag.py:537} INFO - Filling up the DagBag from /opt/airflow/dags/dag_with_postgres_operator.py
[2022-11-30T01:40:59.854+0000] {processor.py:766} INFO - DAG(s) dict_keys(['dag_with_postgres_operator_v01']) retrieved from /opt/airflow/dags/dag_with_postgres_operator.py
[2022-11-30T01:40:59.880+0000] {logging_mixin.py:137} INFO - [2022-11-30T01:40:59.880+0000] {dag.py:2585} INFO - Sync 1 DAGs
[2022-11-30T01:40:59.914+0000] {logging_mixin.py:137} INFO - [2022-11-30T01:40:59.914+0000] {dag.py:3340} INFO - Setting next_dagrun for dag_with_postgres_operator_v01 to 2022-11-30T00:00:00+00:00, run_after=2022-12-01T00:00:00+00:00
[2022-11-30T01:40:59.938+0000] {processor.py:176} INFO - Processing /opt/airflow/dags/dag_with_postgres_operator.py took 0.165 seconds
[2022-11-30T01:41:04.824+0000] {processor.py:154} INFO - Started process (PID=1264) to work on /opt/airflow/dags/dag_with_postgres_operator.py
[2022-11-30T01:41:04.834+0000] {processor.py:756} INFO - Processing file /opt/airflow/dags/dag_with_postgres_operator.py for tasks to queue
[2022-11-30T01:41:04.834+0000] {logging_mixin.py:137} INFO - [2022-11-30T01:41:04.834+0000] {dagbag.py:537} INFO - Filling up the DagBag from /opt/airflow/dags/dag_with_postgres_operator.py
[2022-11-30T01:41:04.916+0000] {processor.py:766} INFO - DAG(s) dict_keys(['dag_with_postgres_operator_v01']) retrieved from /opt/airflow/dags/dag_with_postgres_operator.py
[2022-11-30T01:41:04.945+0000] {logging_mixin.py:137} INFO - [2022-11-30T01:41:04.944+0000] {dag.py:2585} INFO - Sync 1 DAGs
[2022-11-30T01:41:04.981+0000] {logging_mixin.py:137} INFO - [2022-11-30T01:41:04.980+0000] {dag.py:3340} INFO - Setting next_dagrun for dag_with_postgres_operator_v01 to 2022-11-30T00:00:00+00:00, run_after=2022-12-01T00:00:00+00:00
[2022-11-30T01:41:05.007+0000] {processor.py:176} INFO - Processing /opt/airflow/dags/dag_with_postgres_operator.py took 0.186 seconds
[2022-11-30T01:41:10.567+0000] {processor.py:154} INFO - Started process (PID=1294) to work on /opt/airflow/dags/dag_with_postgres_operator.py
[2022-11-30T01:41:10.568+0000] {processor.py:756} INFO - Processing file /opt/airflow/dags/dag_with_postgres_operator.py for tasks to queue
[2022-11-30T01:41:10.569+0000] {logging_mixin.py:137} INFO - [2022-11-30T01:41:10.568+0000] {dagbag.py:537} INFO - Filling up the DagBag from /opt/airflow/dags/dag_with_postgres_operator.py
[2022-11-30T01:41:10.652+0000] {processor.py:766} INFO - DAG(s) dict_keys(['dag_with_postgres_operator_v02']) retrieved from /opt/airflow/dags/dag_with_postgres_operator.py
[2022-11-30T01:41:10.782+0000] {logging_mixin.py:137} INFO - [2022-11-30T01:41:10.781+0000] {manager.py:507} INFO - Created Permission View: can delete on DAG:dag_with_postgres_operator_v02
[2022-11-30T01:41:10.794+0000] {logging_mixin.py:137} INFO - [2022-11-30T01:41:10.794+0000] {manager.py:507} INFO - Created Permission View: can edit on DAG:dag_with_postgres_operator_v02
[2022-11-30T01:41:10.804+0000] {logging_mixin.py:137} INFO - [2022-11-30T01:41:10.804+0000] {manager.py:507} INFO - Created Permission View: can read on DAG:dag_with_postgres_operator_v02
[2022-11-30T01:41:10.804+0000] {logging_mixin.py:137} INFO - [2022-11-30T01:41:10.804+0000] {dag.py:2585} INFO - Sync 1 DAGs
[2022-11-30T01:41:10.821+0000] {logging_mixin.py:137} INFO - [2022-11-30T01:41:10.821+0000] {dag.py:2606} INFO - Creating ORM DAG for dag_with_postgres_operator_v02
[2022-11-30T01:41:10.837+0000] {logging_mixin.py:137} INFO - [2022-11-30T01:41:10.837+0000] {dag.py:3340} INFO - Setting next_dagrun for dag_with_postgres_operator_v02 to 2022-11-26T00:00:00+00:00, run_after=2022-11-27T00:00:00+00:00
[2022-11-30T01:41:10.858+0000] {processor.py:176} INFO - Processing /opt/airflow/dags/dag_with_postgres_operator.py took 0.294 seconds
[2022-11-30T01:41:40.720+0000] {processor.py:154} INFO - Started process (PID=1343) to work on /opt/airflow/dags/dag_with_postgres_operator.py
[2022-11-30T01:41:40.721+0000] {processor.py:756} INFO - Processing file /opt/airflow/dags/dag_with_postgres_operator.py for tasks to queue
[2022-11-30T01:41:40.722+0000] {logging_mixin.py:137} INFO - [2022-11-30T01:41:40.722+0000] {dagbag.py:537} INFO - Filling up the DagBag from /opt/airflow/dags/dag_with_postgres_operator.py
[2022-11-30T01:41:40.801+0000] {processor.py:766} INFO - DAG(s) dict_keys(['dag_with_postgres_operator_v02']) retrieved from /opt/airflow/dags/dag_with_postgres_operator.py
[2022-11-30T01:41:40.894+0000] {logging_mixin.py:137} INFO - [2022-11-30T01:41:40.893+0000] {dag.py:2585} INFO - Sync 1 DAGs
[2022-11-30T01:41:40.926+0000] {logging_mixin.py:137} INFO - [2022-11-30T01:41:40.926+0000] {dag.py:3340} INFO - Setting next_dagrun for dag_with_postgres_operator_v02 to 2022-11-30T00:00:00+00:00, run_after=2022-12-01T00:00:00+00:00
[2022-11-30T01:41:40.953+0000] {processor.py:176} INFO - Processing /opt/airflow/dags/dag_with_postgres_operator.py took 0.236 seconds
[2022-11-30T01:41:43.273+0000] {processor.py:154} INFO - Started process (PID=1373) to work on /opt/airflow/dags/dag_with_postgres_operator.py
[2022-11-30T01:41:43.274+0000] {processor.py:756} INFO - Processing file /opt/airflow/dags/dag_with_postgres_operator.py for tasks to queue
[2022-11-30T01:41:43.275+0000] {logging_mixin.py:137} INFO - [2022-11-30T01:41:43.275+0000] {dagbag.py:537} INFO - Filling up the DagBag from /opt/airflow/dags/dag_with_postgres_operator.py
[2022-11-30T01:41:43.364+0000] {processor.py:766} INFO - DAG(s) dict_keys(['dag_with_postgres_operator_v02']) retrieved from /opt/airflow/dags/dag_with_postgres_operator.py
[2022-11-30T01:41:43.388+0000] {logging_mixin.py:137} INFO - [2022-11-30T01:41:43.388+0000] {dag.py:2585} INFO - Sync 1 DAGs
[2022-11-30T01:41:43.421+0000] {logging_mixin.py:137} INFO - [2022-11-30T01:41:43.421+0000] {dag.py:3340} INFO - Setting next_dagrun for dag_with_postgres_operator_v02 to 2022-11-30T00:00:00+00:00, run_after=2022-12-01T00:00:00+00:00
[2022-11-30T01:41:43.445+0000] {processor.py:176} INFO - Processing /opt/airflow/dags/dag_with_postgres_operator.py took 0.178 seconds
[2022-11-30T01:42:13.777+0000] {processor.py:154} INFO - Started process (PID=1431) to work on /opt/airflow/dags/dag_with_postgres_operator.py
[2022-11-30T01:42:13.778+0000] {processor.py:756} INFO - Processing file /opt/airflow/dags/dag_with_postgres_operator.py for tasks to queue
[2022-11-30T01:42:13.779+0000] {logging_mixin.py:137} INFO - [2022-11-30T01:42:13.779+0000] {dagbag.py:537} INFO - Filling up the DagBag from /opt/airflow/dags/dag_with_postgres_operator.py
[2022-11-30T01:42:13.858+0000] {processor.py:766} INFO - DAG(s) dict_keys(['dag_with_postgres_operator_v02']) retrieved from /opt/airflow/dags/dag_with_postgres_operator.py
[2022-11-30T01:42:13.951+0000] {logging_mixin.py:137} INFO - [2022-11-30T01:42:13.950+0000] {dag.py:2585} INFO - Sync 1 DAGs
[2022-11-30T01:42:13.982+0000] {logging_mixin.py:137} INFO - [2022-11-30T01:42:13.982+0000] {dag.py:3340} INFO - Setting next_dagrun for dag_with_postgres_operator_v02 to 2022-11-30T00:00:00+00:00, run_after=2022-12-01T00:00:00+00:00
[2022-11-30T01:42:14.008+0000] {processor.py:176} INFO - Processing /opt/airflow/dags/dag_with_postgres_operator.py took 0.234 seconds
[2022-11-30T01:42:44.605+0000] {processor.py:154} INFO - Started process (PID=1487) to work on /opt/airflow/dags/dag_with_postgres_operator.py
[2022-11-30T01:42:44.605+0000] {processor.py:756} INFO - Processing file /opt/airflow/dags/dag_with_postgres_operator.py for tasks to queue
[2022-11-30T01:42:44.606+0000] {logging_mixin.py:137} INFO - [2022-11-30T01:42:44.606+0000] {dagbag.py:537} INFO - Filling up the DagBag from /opt/airflow/dags/dag_with_postgres_operator.py
[2022-11-30T01:42:44.682+0000] {processor.py:766} INFO - DAG(s) dict_keys(['dag_with_postgres_operator_v02']) retrieved from /opt/airflow/dags/dag_with_postgres_operator.py
[2022-11-30T01:42:44.728+0000] {logging_mixin.py:137} INFO - [2022-11-30T01:42:44.727+0000] {dag.py:2585} INFO - Sync 1 DAGs
[2022-11-30T01:42:44.760+0000] {logging_mixin.py:137} INFO - [2022-11-30T01:42:44.760+0000] {dag.py:3340} INFO - Setting next_dagrun for dag_with_postgres_operator_v02 to 2022-11-30T00:00:00+00:00, run_after=2022-12-01T00:00:00+00:00
[2022-11-30T01:42:44.782+0000] {processor.py:176} INFO - Processing /opt/airflow/dags/dag_with_postgres_operator.py took 0.180 seconds
[2022-11-30T01:42:53.774+0000] {processor.py:154} INFO - Started process (PID=1501) to work on /opt/airflow/dags/dag_with_postgres_operator.py
[2022-11-30T01:42:53.775+0000] {processor.py:756} INFO - Processing file /opt/airflow/dags/dag_with_postgres_operator.py for tasks to queue
[2022-11-30T01:42:53.775+0000] {logging_mixin.py:137} INFO - [2022-11-30T01:42:53.775+0000] {dagbag.py:537} INFO - Filling up the DagBag from /opt/airflow/dags/dag_with_postgres_operator.py
[2022-11-30T01:42:53.853+0000] {processor.py:766} INFO - DAG(s) dict_keys(['dag_with_postgres_operator_v02']) retrieved from /opt/airflow/dags/dag_with_postgres_operator.py
[2022-11-30T01:42:53.938+0000] {logging_mixin.py:137} INFO - [2022-11-30T01:42:53.937+0000] {dag.py:2585} INFO - Sync 1 DAGs
[2022-11-30T01:42:53.969+0000] {logging_mixin.py:137} INFO - [2022-11-30T01:42:53.969+0000] {dag.py:3340} INFO - Setting next_dagrun for dag_with_postgres_operator_v02 to 2022-11-30T00:00:00+00:00, run_after=2022-12-01T00:00:00+00:00
[2022-11-30T01:42:53.993+0000] {processor.py:176} INFO - Processing /opt/airflow/dags/dag_with_postgres_operator.py took 0.222 seconds
[2022-11-30T01:43:24.298+0000] {processor.py:154} INFO - Started process (PID=1562) to work on /opt/airflow/dags/dag_with_postgres_operator.py
[2022-11-30T01:43:24.299+0000] {processor.py:756} INFO - Processing file /opt/airflow/dags/dag_with_postgres_operator.py for tasks to queue
[2022-11-30T01:43:24.300+0000] {logging_mixin.py:137} INFO - [2022-11-30T01:43:24.300+0000] {dagbag.py:537} INFO - Filling up the DagBag from /opt/airflow/dags/dag_with_postgres_operator.py
[2022-11-30T01:43:24.375+0000] {processor.py:766} INFO - DAG(s) dict_keys(['dag_with_postgres_operator_v02']) retrieved from /opt/airflow/dags/dag_with_postgres_operator.py
[2022-11-30T01:43:24.415+0000] {logging_mixin.py:137} INFO - [2022-11-30T01:43:24.415+0000] {dag.py:2585} INFO - Sync 1 DAGs
[2022-11-30T01:43:24.445+0000] {logging_mixin.py:137} INFO - [2022-11-30T01:43:24.445+0000] {dag.py:3340} INFO - Setting next_dagrun for dag_with_postgres_operator_v02 to 2022-11-26T00:00:00+00:00, run_after=2022-11-27T00:00:00+00:00
[2022-11-30T01:43:24.466+0000] {processor.py:176} INFO - Processing /opt/airflow/dags/dag_with_postgres_operator.py took 0.171 seconds
[2022-11-30T01:43:52.901+0000] {processor.py:154} INFO - Started process (PID=1626) to work on /opt/airflow/dags/dag_with_postgres_operator.py
[2022-11-30T01:43:52.902+0000] {processor.py:756} INFO - Processing file /opt/airflow/dags/dag_with_postgres_operator.py for tasks to queue
[2022-11-30T01:43:52.903+0000] {logging_mixin.py:137} INFO - [2022-11-30T01:43:52.903+0000] {dagbag.py:537} INFO - Filling up the DagBag from /opt/airflow/dags/dag_with_postgres_operator.py
[2022-11-30T01:43:52.981+0000] {processor.py:766} INFO - DAG(s) dict_keys(['dag_with_postgres_operator_v02']) retrieved from /opt/airflow/dags/dag_with_postgres_operator.py
[2022-11-30T01:43:53.072+0000] {logging_mixin.py:137} INFO - [2022-11-30T01:43:53.071+0000] {dag.py:2585} INFO - Sync 1 DAGs
[2022-11-30T01:43:53.104+0000] {logging_mixin.py:137} INFO - [2022-11-30T01:43:53.103+0000] {dag.py:3340} INFO - Setting next_dagrun for dag_with_postgres_operator_v02 to 2022-11-30T00:00:00+00:00, run_after=2022-12-01T00:00:00+00:00
[2022-11-30T01:43:53.129+0000] {processor.py:176} INFO - Processing /opt/airflow/dags/dag_with_postgres_operator.py took 0.231 seconds
[2022-11-30T01:44:23.530+0000] {processor.py:154} INFO - Started process (PID=1687) to work on /opt/airflow/dags/dag_with_postgres_operator.py
[2022-11-30T01:44:23.531+0000] {processor.py:756} INFO - Processing file /opt/airflow/dags/dag_with_postgres_operator.py for tasks to queue
[2022-11-30T01:44:23.532+0000] {logging_mixin.py:137} INFO - [2022-11-30T01:44:23.532+0000] {dagbag.py:537} INFO - Filling up the DagBag from /opt/airflow/dags/dag_with_postgres_operator.py
[2022-11-30T01:44:23.605+0000] {processor.py:766} INFO - DAG(s) dict_keys(['dag_with_postgres_operator_v02']) retrieved from /opt/airflow/dags/dag_with_postgres_operator.py
[2022-11-30T01:44:23.643+0000] {logging_mixin.py:137} INFO - [2022-11-30T01:44:23.643+0000] {dag.py:2585} INFO - Sync 1 DAGs
[2022-11-30T01:44:23.673+0000] {logging_mixin.py:137} INFO - [2022-11-30T01:44:23.673+0000] {dag.py:3340} INFO - Setting next_dagrun for dag_with_postgres_operator_v02 to 2022-11-26T00:00:00+00:00, run_after=2022-11-27T00:00:00+00:00
[2022-11-30T01:44:23.691+0000] {processor.py:176} INFO - Processing /opt/airflow/dags/dag_with_postgres_operator.py took 0.163 seconds
[2022-11-30T01:44:54.106+0000] {processor.py:154} INFO - Started process (PID=1760) to work on /opt/airflow/dags/dag_with_postgres_operator.py
[2022-11-30T01:44:54.107+0000] {processor.py:756} INFO - Processing file /opt/airflow/dags/dag_with_postgres_operator.py for tasks to queue
[2022-11-30T01:44:54.108+0000] {logging_mixin.py:137} INFO - [2022-11-30T01:44:54.108+0000] {dagbag.py:537} INFO - Filling up the DagBag from /opt/airflow/dags/dag_with_postgres_operator.py
[2022-11-30T01:44:54.188+0000] {processor.py:766} INFO - DAG(s) dict_keys(['dag_with_postgres_operator_v02']) retrieved from /opt/airflow/dags/dag_with_postgres_operator.py
[2022-11-30T01:44:54.240+0000] {logging_mixin.py:137} INFO - [2022-11-30T01:44:54.240+0000] {dag.py:2585} INFO - Sync 1 DAGs
[2022-11-30T01:44:54.275+0000] {logging_mixin.py:137} INFO - [2022-11-30T01:44:54.274+0000] {dag.py:3340} INFO - Setting next_dagrun for dag_with_postgres_operator_v02 to 2022-11-30T00:00:00+00:00, run_after=2022-12-01T00:00:00+00:00
[2022-11-30T01:44:54.297+0000] {processor.py:176} INFO - Processing /opt/airflow/dags/dag_with_postgres_operator.py took 0.195 seconds
[2022-11-30T01:45:24.654+0000] {processor.py:154} INFO - Started process (PID=1808) to work on /opt/airflow/dags/dag_with_postgres_operator.py
[2022-11-30T01:45:24.654+0000] {processor.py:756} INFO - Processing file /opt/airflow/dags/dag_with_postgres_operator.py for tasks to queue
[2022-11-30T01:45:24.655+0000] {logging_mixin.py:137} INFO - [2022-11-30T01:45:24.655+0000] {dagbag.py:537} INFO - Filling up the DagBag from /opt/airflow/dags/dag_with_postgres_operator.py
[2022-11-30T01:45:24.731+0000] {processor.py:766} INFO - DAG(s) dict_keys(['dag_with_postgres_operator_v02']) retrieved from /opt/airflow/dags/dag_with_postgres_operator.py
[2022-11-30T01:45:24.773+0000] {logging_mixin.py:137} INFO - [2022-11-30T01:45:24.772+0000] {dag.py:2585} INFO - Sync 1 DAGs
[2022-11-30T01:45:24.805+0000] {logging_mixin.py:137} INFO - [2022-11-30T01:45:24.805+0000] {dag.py:3340} INFO - Setting next_dagrun for dag_with_postgres_operator_v02 to 2022-11-30T00:00:00+00:00, run_after=2022-12-01T00:00:00+00:00
[2022-11-30T01:45:24.832+0000] {processor.py:176} INFO - Processing /opt/airflow/dags/dag_with_postgres_operator.py took 0.181 seconds
[2022-11-30T01:45:55.177+0000] {processor.py:154} INFO - Started process (PID=1866) to work on /opt/airflow/dags/dag_with_postgres_operator.py
[2022-11-30T01:45:55.178+0000] {processor.py:756} INFO - Processing file /opt/airflow/dags/dag_with_postgres_operator.py for tasks to queue
[2022-11-30T01:45:55.178+0000] {logging_mixin.py:137} INFO - [2022-11-30T01:45:55.178+0000] {dagbag.py:537} INFO - Filling up the DagBag from /opt/airflow/dags/dag_with_postgres_operator.py
[2022-11-30T01:45:55.246+0000] {processor.py:766} INFO - DAG(s) dict_keys(['dag_with_postgres_operator_v02']) retrieved from /opt/airflow/dags/dag_with_postgres_operator.py
[2022-11-30T01:45:55.284+0000] {logging_mixin.py:137} INFO - [2022-11-30T01:45:55.284+0000] {dag.py:2585} INFO - Sync 1 DAGs
[2022-11-30T01:45:55.316+0000] {logging_mixin.py:137} INFO - [2022-11-30T01:45:55.315+0000] {dag.py:3340} INFO - Setting next_dagrun for dag_with_postgres_operator_v02 to 2022-11-30T00:00:00+00:00, run_after=2022-12-01T00:00:00+00:00
[2022-11-30T01:45:55.337+0000] {processor.py:176} INFO - Processing /opt/airflow/dags/dag_with_postgres_operator.py took 0.163 seconds
[2022-11-30T01:46:25.711+0000] {processor.py:154} INFO - Started process (PID=1921) to work on /opt/airflow/dags/dag_with_postgres_operator.py
[2022-11-30T01:46:25.712+0000] {processor.py:756} INFO - Processing file /opt/airflow/dags/dag_with_postgres_operator.py for tasks to queue
[2022-11-30T01:46:25.712+0000] {logging_mixin.py:137} INFO - [2022-11-30T01:46:25.712+0000] {dagbag.py:537} INFO - Filling up the DagBag from /opt/airflow/dags/dag_with_postgres_operator.py
[2022-11-30T01:46:25.789+0000] {processor.py:766} INFO - DAG(s) dict_keys(['dag_with_postgres_operator_v02']) retrieved from /opt/airflow/dags/dag_with_postgres_operator.py
[2022-11-30T01:46:25.833+0000] {logging_mixin.py:137} INFO - [2022-11-30T01:46:25.833+0000] {dag.py:2585} INFO - Sync 1 DAGs
[2022-11-30T01:46:25.868+0000] {logging_mixin.py:137} INFO - [2022-11-30T01:46:25.868+0000] {dag.py:3340} INFO - Setting next_dagrun for dag_with_postgres_operator_v02 to 2022-11-30T00:00:00+00:00, run_after=2022-12-01T00:00:00+00:00
[2022-11-30T01:46:25.891+0000] {processor.py:176} INFO - Processing /opt/airflow/dags/dag_with_postgres_operator.py took 0.182 seconds
[2022-11-30T01:46:54.352+0000] {processor.py:154} INFO - Started process (PID=1971) to work on /opt/airflow/dags/dag_with_postgres_operator.py
[2022-11-30T01:46:54.352+0000] {processor.py:756} INFO - Processing file /opt/airflow/dags/dag_with_postgres_operator.py for tasks to queue
[2022-11-30T01:46:54.353+0000] {logging_mixin.py:137} INFO - [2022-11-30T01:46:54.353+0000] {dagbag.py:537} INFO - Filling up the DagBag from /opt/airflow/dags/dag_with_postgres_operator.py
[2022-11-30T01:46:54.425+0000] {logging_mixin.py:137} INFO - [2022-11-30T01:46:54.424+0000] {dagbag.py:342} ERROR - Failed to import: /opt/airflow/dags/dag_with_postgres_operator.py
Traceback (most recent call last):
  File "/home/airflow/.local/lib/python3.7/site-packages/airflow/models/dagbag.py", line 338, in parse
    loader.exec_module(new_module)
  File "<frozen importlib._bootstrap_external>", line 728, in exec_module
  File "<frozen importlib._bootstrap>", line 219, in _call_with_frames_removed
  File "/opt/airflow/dags/dag_with_postgres_operator.py", line 43, in <module>
    """
  File "/home/airflow/.local/lib/python3.7/site-packages/airflow/models/baseoperator.py", line 408, in apply_defaults
    result = func(self, **kwargs, default_args=default_args)
  File "/home/airflow/.local/lib/python3.7/site-packages/airflow/providers/postgres/operators/postgres.py", line 66, in __init__
    super().__init__(**kwargs)
  File "/home/airflow/.local/lib/python3.7/site-packages/airflow/models/baseoperator.py", line 408, in apply_defaults
    result = func(self, **kwargs, default_args=default_args)
  File "/home/airflow/.local/lib/python3.7/site-packages/airflow/models/baseoperator.py", line 774, in __init__
    task_group.add(self)
  File "/home/airflow/.local/lib/python3.7/site-packages/airflow/utils/task_group.py", line 212, in add
    raise DuplicateTaskIdFound(f"{node_type} id '{key}' has already been added to the DAG")
airflow.exceptions.DuplicateTaskIdFound: Task id 'insert_into_table' has already been added to the DAG
[2022-11-30T01:46:54.426+0000] {processor.py:768} WARNING - No viable dags retrieved from /opt/airflow/dags/dag_with_postgres_operator.py
[2022-11-30T01:46:54.443+0000] {processor.py:176} INFO - Processing /opt/airflow/dags/dag_with_postgres_operator.py took 0.093 seconds
[2022-11-30T01:46:56.478+0000] {processor.py:154} INFO - Started process (PID=1976) to work on /opt/airflow/dags/dag_with_postgres_operator.py
[2022-11-30T01:46:56.478+0000] {processor.py:756} INFO - Processing file /opt/airflow/dags/dag_with_postgres_operator.py for tasks to queue
[2022-11-30T01:46:56.479+0000] {logging_mixin.py:137} INFO - [2022-11-30T01:46:56.479+0000] {dagbag.py:537} INFO - Filling up the DagBag from /opt/airflow/dags/dag_with_postgres_operator.py
[2022-11-30T01:46:56.548+0000] {logging_mixin.py:137} INFO - [2022-11-30T01:46:56.547+0000] {dagbag.py:342} ERROR - Failed to import: /opt/airflow/dags/dag_with_postgres_operator.py
Traceback (most recent call last):
  File "/home/airflow/.local/lib/python3.7/site-packages/airflow/models/dagbag.py", line 338, in parse
    loader.exec_module(new_module)
  File "<frozen importlib._bootstrap_external>", line 728, in exec_module
  File "<frozen importlib._bootstrap>", line 219, in _call_with_frames_removed
  File "/opt/airflow/dags/dag_with_postgres_operator.py", line 43, in <module>
    """
  File "/home/airflow/.local/lib/python3.7/site-packages/airflow/models/baseoperator.py", line 408, in apply_defaults
    result = func(self, **kwargs, default_args=default_args)
  File "/home/airflow/.local/lib/python3.7/site-packages/airflow/providers/postgres/operators/postgres.py", line 66, in __init__
    super().__init__(**kwargs)
  File "/home/airflow/.local/lib/python3.7/site-packages/airflow/models/baseoperator.py", line 408, in apply_defaults
    result = func(self, **kwargs, default_args=default_args)
  File "/home/airflow/.local/lib/python3.7/site-packages/airflow/models/baseoperator.py", line 774, in __init__
    task_group.add(self)
  File "/home/airflow/.local/lib/python3.7/site-packages/airflow/utils/task_group.py", line 212, in add
    raise DuplicateTaskIdFound(f"{node_type} id '{key}' has already been added to the DAG")
airflow.exceptions.DuplicateTaskIdFound: Task id 'insert_into_table' has already been added to the DAG
[2022-11-30T01:46:56.548+0000] {processor.py:768} WARNING - No viable dags retrieved from /opt/airflow/dags/dag_with_postgres_operator.py
[2022-11-30T01:46:56.566+0000] {processor.py:176} INFO - Processing /opt/airflow/dags/dag_with_postgres_operator.py took 0.091 seconds
[2022-11-30T01:47:01.513+0000] {processor.py:154} INFO - Started process (PID=1989) to work on /opt/airflow/dags/dag_with_postgres_operator.py
[2022-11-30T01:47:01.514+0000] {processor.py:756} INFO - Processing file /opt/airflow/dags/dag_with_postgres_operator.py for tasks to queue
[2022-11-30T01:47:01.515+0000] {logging_mixin.py:137} INFO - [2022-11-30T01:47:01.515+0000] {dagbag.py:537} INFO - Filling up the DagBag from /opt/airflow/dags/dag_with_postgres_operator.py
[2022-11-30T01:47:01.596+0000] {processor.py:766} INFO - DAG(s) dict_keys(['dag_with_postgres_operator_v02']) retrieved from /opt/airflow/dags/dag_with_postgres_operator.py
[2022-11-30T01:47:01.673+0000] {logging_mixin.py:137} INFO - [2022-11-30T01:47:01.673+0000] {dag.py:2585} INFO - Sync 1 DAGs
[2022-11-30T01:47:01.700+0000] {logging_mixin.py:137} INFO - [2022-11-30T01:47:01.700+0000] {dag.py:3340} INFO - Setting next_dagrun for dag_with_postgres_operator_v02 to 2022-11-30T00:00:00+00:00, run_after=2022-12-01T00:00:00+00:00
[2022-11-30T01:47:01.726+0000] {processor.py:176} INFO - Processing /opt/airflow/dags/dag_with_postgres_operator.py took 0.218 seconds
[2022-11-30T01:47:05.642+0000] {processor.py:154} INFO - Started process (PID=1994) to work on /opt/airflow/dags/dag_with_postgres_operator.py
[2022-11-30T01:47:05.643+0000] {processor.py:756} INFO - Processing file /opt/airflow/dags/dag_with_postgres_operator.py for tasks to queue
[2022-11-30T01:47:05.645+0000] {logging_mixin.py:137} INFO - [2022-11-30T01:47:05.644+0000] {dagbag.py:537} INFO - Filling up the DagBag from /opt/airflow/dags/dag_with_postgres_operator.py
[2022-11-30T01:47:05.738+0000] {processor.py:766} INFO - DAG(s) dict_keys(['dag_with_postgres_operator_v02']) retrieved from /opt/airflow/dags/dag_with_postgres_operator.py
[2022-11-30T01:47:05.765+0000] {logging_mixin.py:137} INFO - [2022-11-30T01:47:05.765+0000] {dag.py:2585} INFO - Sync 1 DAGs
[2022-11-30T01:47:05.799+0000] {logging_mixin.py:137} INFO - [2022-11-30T01:47:05.798+0000] {dag.py:3340} INFO - Setting next_dagrun for dag_with_postgres_operator_v02 to 2022-11-30T00:00:00+00:00, run_after=2022-12-01T00:00:00+00:00
[2022-11-30T01:47:05.821+0000] {processor.py:176} INFO - Processing /opt/airflow/dags/dag_with_postgres_operator.py took 0.184 seconds
[2022-11-30T01:47:13.817+0000] {processor.py:154} INFO - Started process (PID=2008) to work on /opt/airflow/dags/dag_with_postgres_operator.py
[2022-11-30T01:47:13.817+0000] {processor.py:756} INFO - Processing file /opt/airflow/dags/dag_with_postgres_operator.py for tasks to queue
[2022-11-30T01:47:13.818+0000] {logging_mixin.py:137} INFO - [2022-11-30T01:47:13.818+0000] {dagbag.py:537} INFO - Filling up the DagBag from /opt/airflow/dags/dag_with_postgres_operator.py
[2022-11-30T01:47:13.902+0000] {processor.py:766} INFO - DAG(s) dict_keys(['dag_with_postgres_operator_v02']) retrieved from /opt/airflow/dags/dag_with_postgres_operator.py
[2022-11-30T01:47:13.927+0000] {logging_mixin.py:137} INFO - [2022-11-30T01:47:13.927+0000] {dag.py:2585} INFO - Sync 1 DAGs
[2022-11-30T01:47:13.958+0000] {logging_mixin.py:137} INFO - [2022-11-30T01:47:13.958+0000] {dag.py:3340} INFO - Setting next_dagrun for dag_with_postgres_operator_v02 to 2022-11-30T00:00:00+00:00, run_after=2022-12-01T00:00:00+00:00
[2022-11-30T01:47:13.982+0000] {processor.py:176} INFO - Processing /opt/airflow/dags/dag_with_postgres_operator.py took 0.169 seconds
[2022-11-30T01:47:25.388+0000] {processor.py:154} INFO - Started process (PID=2047) to work on /opt/airflow/dags/dag_with_postgres_operator.py
[2022-11-30T01:47:25.389+0000] {processor.py:756} INFO - Processing file /opt/airflow/dags/dag_with_postgres_operator.py for tasks to queue
[2022-11-30T01:47:25.391+0000] {logging_mixin.py:137} INFO - [2022-11-30T01:47:25.390+0000] {dagbag.py:537} INFO - Filling up the DagBag from /opt/airflow/dags/dag_with_postgres_operator.py
[2022-11-30T01:47:25.468+0000] {processor.py:766} INFO - DAG(s) dict_keys(['dag_with_postgres_operator_v02']) retrieved from /opt/airflow/dags/dag_with_postgres_operator.py
[2022-11-30T01:47:25.493+0000] {logging_mixin.py:137} INFO - [2022-11-30T01:47:25.493+0000] {dag.py:2585} INFO - Sync 1 DAGs
[2022-11-30T01:47:25.527+0000] {logging_mixin.py:137} INFO - [2022-11-30T01:47:25.527+0000] {dag.py:3340} INFO - Setting next_dagrun for dag_with_postgres_operator_v02 to 2022-11-30T00:00:00+00:00, run_after=2022-12-01T00:00:00+00:00
[2022-11-30T01:47:25.551+0000] {processor.py:176} INFO - Processing /opt/airflow/dags/dag_with_postgres_operator.py took 0.168 seconds
[2022-11-30T01:47:28.423+0000] {processor.py:154} INFO - Started process (PID=2052) to work on /opt/airflow/dags/dag_with_postgres_operator.py
[2022-11-30T01:47:28.424+0000] {processor.py:756} INFO - Processing file /opt/airflow/dags/dag_with_postgres_operator.py for tasks to queue
[2022-11-30T01:47:28.426+0000] {logging_mixin.py:137} INFO - [2022-11-30T01:47:28.425+0000] {dagbag.py:537} INFO - Filling up the DagBag from /opt/airflow/dags/dag_with_postgres_operator.py
[2022-11-30T01:47:28.518+0000] {processor.py:766} INFO - DAG(s) dict_keys(['dag_with_postgres_operator_v02']) retrieved from /opt/airflow/dags/dag_with_postgres_operator.py
[2022-11-30T01:47:28.542+0000] {logging_mixin.py:137} INFO - [2022-11-30T01:47:28.542+0000] {dag.py:2585} INFO - Sync 1 DAGs
[2022-11-30T01:47:28.576+0000] {logging_mixin.py:137} INFO - [2022-11-30T01:47:28.576+0000] {dag.py:3340} INFO - Setting next_dagrun for dag_with_postgres_operator_v02 to 2022-11-30T00:00:00+00:00, run_after=2022-12-01T00:00:00+00:00
[2022-11-30T01:47:28.599+0000] {processor.py:176} INFO - Processing /opt/airflow/dags/dag_with_postgres_operator.py took 0.182 seconds
[2022-11-30T01:47:29.597+0000] {processor.py:154} INFO - Started process (PID=2057) to work on /opt/airflow/dags/dag_with_postgres_operator.py
[2022-11-30T01:47:29.598+0000] {processor.py:756} INFO - Processing file /opt/airflow/dags/dag_with_postgres_operator.py for tasks to queue
[2022-11-30T01:47:29.600+0000] {logging_mixin.py:137} INFO - [2022-11-30T01:47:29.599+0000] {dagbag.py:537} INFO - Filling up the DagBag from /opt/airflow/dags/dag_with_postgres_operator.py
[2022-11-30T01:47:29.687+0000] {processor.py:766} INFO - DAG(s) dict_keys(['dag_with_postgres_operator_v02']) retrieved from /opt/airflow/dags/dag_with_postgres_operator.py
[2022-11-30T01:47:29.709+0000] {logging_mixin.py:137} INFO - [2022-11-30T01:47:29.709+0000] {dag.py:2585} INFO - Sync 1 DAGs
[2022-11-30T01:47:29.739+0000] {logging_mixin.py:137} INFO - [2022-11-30T01:47:29.739+0000] {dag.py:3340} INFO - Setting next_dagrun for dag_with_postgres_operator_v02 to 2022-11-30T00:00:00+00:00, run_after=2022-12-01T00:00:00+00:00
[2022-11-30T01:47:29.761+0000] {processor.py:176} INFO - Processing /opt/airflow/dags/dag_with_postgres_operator.py took 0.169 seconds
[2022-11-30T01:47:31.790+0000] {processor.py:154} INFO - Started process (PID=2062) to work on /opt/airflow/dags/dag_with_postgres_operator.py
[2022-11-30T01:47:31.791+0000] {processor.py:756} INFO - Processing file /opt/airflow/dags/dag_with_postgres_operator.py for tasks to queue
[2022-11-30T01:47:31.792+0000] {logging_mixin.py:137} INFO - [2022-11-30T01:47:31.792+0000] {dagbag.py:537} INFO - Filling up the DagBag from /opt/airflow/dags/dag_with_postgres_operator.py
[2022-11-30T01:47:31.866+0000] {processor.py:766} INFO - DAG(s) dict_keys(['dag_with_postgres_operator_v02']) retrieved from /opt/airflow/dags/dag_with_postgres_operator.py
[2022-11-30T01:47:31.957+0000] {logging_mixin.py:137} INFO - [2022-11-30T01:47:31.957+0000] {dag.py:2585} INFO - Sync 1 DAGs
[2022-11-30T01:47:31.990+0000] {logging_mixin.py:137} INFO - [2022-11-30T01:47:31.989+0000] {dag.py:3340} INFO - Setting next_dagrun for dag_with_postgres_operator_v02 to 2022-11-30T00:00:00+00:00, run_after=2022-12-01T00:00:00+00:00
[2022-11-30T01:47:32.019+0000] {processor.py:176} INFO - Processing /opt/airflow/dags/dag_with_postgres_operator.py took 0.231 seconds
[2022-11-30T01:47:33.810+0000] {processor.py:154} INFO - Started process (PID=2067) to work on /opt/airflow/dags/dag_with_postgres_operator.py
[2022-11-30T01:47:33.811+0000] {processor.py:756} INFO - Processing file /opt/airflow/dags/dag_with_postgres_operator.py for tasks to queue
[2022-11-30T01:47:33.812+0000] {logging_mixin.py:137} INFO - [2022-11-30T01:47:33.812+0000] {dagbag.py:537} INFO - Filling up the DagBag from /opt/airflow/dags/dag_with_postgres_operator.py
[2022-11-30T01:47:33.898+0000] {processor.py:766} INFO - DAG(s) dict_keys(['dag_with_postgres_operator_v02']) retrieved from /opt/airflow/dags/dag_with_postgres_operator.py
[2022-11-30T01:47:33.925+0000] {logging_mixin.py:137} INFO - [2022-11-30T01:47:33.925+0000] {dag.py:2585} INFO - Sync 1 DAGs
[2022-11-30T01:47:33.960+0000] {logging_mixin.py:137} INFO - [2022-11-30T01:47:33.960+0000] {dag.py:3340} INFO - Setting next_dagrun for dag_with_postgres_operator_v02 to 2022-11-30T00:00:00+00:00, run_after=2022-12-01T00:00:00+00:00
[2022-11-30T01:47:33.984+0000] {processor.py:176} INFO - Processing /opt/airflow/dags/dag_with_postgres_operator.py took 0.179 seconds
[2022-11-30T01:47:39.862+0000] {processor.py:154} INFO - Started process (PID=2089) to work on /opt/airflow/dags/dag_with_postgres_operator.py
[2022-11-30T01:47:39.863+0000] {processor.py:756} INFO - Processing file /opt/airflow/dags/dag_with_postgres_operator.py for tasks to queue
[2022-11-30T01:47:39.864+0000] {logging_mixin.py:137} INFO - [2022-11-30T01:47:39.863+0000] {dagbag.py:537} INFO - Filling up the DagBag from /opt/airflow/dags/dag_with_postgres_operator.py
[2022-11-30T01:47:39.942+0000] {processor.py:766} INFO - DAG(s) dict_keys(['dag_with_postgres_operator_v02']) retrieved from /opt/airflow/dags/dag_with_postgres_operator.py
[2022-11-30T01:47:39.968+0000] {logging_mixin.py:137} INFO - [2022-11-30T01:47:39.968+0000] {dag.py:2585} INFO - Sync 1 DAGs
[2022-11-30T01:47:40.004+0000] {logging_mixin.py:137} INFO - [2022-11-30T01:47:40.004+0000] {dag.py:3340} INFO - Setting next_dagrun for dag_with_postgres_operator_v02 to 2022-11-30T00:00:00+00:00, run_after=2022-12-01T00:00:00+00:00
[2022-11-30T01:47:40.032+0000] {processor.py:176} INFO - Processing /opt/airflow/dags/dag_with_postgres_operator.py took 0.173 seconds
[2022-11-30T01:47:47.074+0000] {processor.py:154} INFO - Started process (PID=2103) to work on /opt/airflow/dags/dag_with_postgres_operator.py
[2022-11-30T01:47:47.075+0000] {processor.py:756} INFO - Processing file /opt/airflow/dags/dag_with_postgres_operator.py for tasks to queue
[2022-11-30T01:47:47.075+0000] {logging_mixin.py:137} INFO - [2022-11-30T01:47:47.075+0000] {dagbag.py:537} INFO - Filling up the DagBag from /opt/airflow/dags/dag_with_postgres_operator.py
[2022-11-30T01:47:47.148+0000] {processor.py:766} INFO - DAG(s) dict_keys(['dag_with_postgres_operator_v02']) retrieved from /opt/airflow/dags/dag_with_postgres_operator.py
[2022-11-30T01:47:47.169+0000] {logging_mixin.py:137} INFO - [2022-11-30T01:47:47.169+0000] {dag.py:2585} INFO - Sync 1 DAGs
[2022-11-30T01:47:47.200+0000] {logging_mixin.py:137} INFO - [2022-11-30T01:47:47.200+0000] {dag.py:3340} INFO - Setting next_dagrun for dag_with_postgres_operator_v02 to 2022-11-30T00:00:00+00:00, run_after=2022-12-01T00:00:00+00:00
[2022-11-30T01:47:47.221+0000] {processor.py:176} INFO - Processing /opt/airflow/dags/dag_with_postgres_operator.py took 0.149 seconds
[2022-11-30T01:47:52.553+0000] {processor.py:154} INFO - Started process (PID=2133) to work on /opt/airflow/dags/dag_with_postgres_operator.py
[2022-11-30T01:47:52.554+0000] {processor.py:756} INFO - Processing file /opt/airflow/dags/dag_with_postgres_operator.py for tasks to queue
[2022-11-30T01:47:52.554+0000] {logging_mixin.py:137} INFO - [2022-11-30T01:47:52.554+0000] {dagbag.py:537} INFO - Filling up the DagBag from /opt/airflow/dags/dag_with_postgres_operator.py
[2022-11-30T01:47:52.556+0000] {logging_mixin.py:137} INFO - [2022-11-30T01:47:52.555+0000] {dagbag.py:342} ERROR - Failed to import: /opt/airflow/dags/dag_with_postgres_operator.py
Traceback (most recent call last):
  File "/home/airflow/.local/lib/python3.7/site-packages/airflow/models/dagbag.py", line 338, in parse
    loader.exec_module(new_module)
  File "<frozen importlib._bootstrap_external>", line 724, in exec_module
  File "<frozen importlib._bootstrap_external>", line 860, in get_code
  File "<frozen importlib._bootstrap_external>", line 791, in source_to_code
  File "<frozen importlib._bootstrap>", line 219, in _call_with_frames_removed
  File "/opt/airflow/dags/dag_with_postgres_operator.py", line 45
    task1 >> task task2
                      ^
SyntaxError: invalid syntax
[2022-11-30T01:47:52.556+0000] {processor.py:768} WARNING - No viable dags retrieved from /opt/airflow/dags/dag_with_postgres_operator.py
[2022-11-30T01:47:52.572+0000] {processor.py:176} INFO - Processing /opt/airflow/dags/dag_with_postgres_operator.py took 0.021 seconds
[2022-11-30T01:47:54.580+0000] {processor.py:154} INFO - Started process (PID=2138) to work on /opt/airflow/dags/dag_with_postgres_operator.py
[2022-11-30T01:47:54.580+0000] {processor.py:756} INFO - Processing file /opt/airflow/dags/dag_with_postgres_operator.py for tasks to queue
[2022-11-30T01:47:54.581+0000] {logging_mixin.py:137} INFO - [2022-11-30T01:47:54.581+0000] {dagbag.py:537} INFO - Filling up the DagBag from /opt/airflow/dags/dag_with_postgres_operator.py
[2022-11-30T01:47:54.583+0000] {logging_mixin.py:137} INFO - [2022-11-30T01:47:54.582+0000] {dagbag.py:342} ERROR - Failed to import: /opt/airflow/dags/dag_with_postgres_operator.py
Traceback (most recent call last):
  File "/home/airflow/.local/lib/python3.7/site-packages/airflow/models/dagbag.py", line 338, in parse
    loader.exec_module(new_module)
  File "<frozen importlib._bootstrap_external>", line 724, in exec_module
  File "<frozen importlib._bootstrap_external>", line 860, in get_code
  File "<frozen importlib._bootstrap_external>", line 791, in source_to_code
  File "<frozen importlib._bootstrap>", line 219, in _call_with_frames_removed
  File "/opt/airflow/dags/dag_with_postgres_operator.py", line 45
    task1 >> task3 task2
                       ^
SyntaxError: invalid syntax
[2022-11-30T01:47:54.584+0000] {processor.py:768} WARNING - No viable dags retrieved from /opt/airflow/dags/dag_with_postgres_operator.py
[2022-11-30T01:47:54.602+0000] {processor.py:176} INFO - Processing /opt/airflow/dags/dag_with_postgres_operator.py took 0.025 seconds
[2022-11-30T01:47:55.611+0000] {processor.py:154} INFO - Started process (PID=2143) to work on /opt/airflow/dags/dag_with_postgres_operator.py
[2022-11-30T01:47:55.612+0000] {processor.py:756} INFO - Processing file /opt/airflow/dags/dag_with_postgres_operator.py for tasks to queue
[2022-11-30T01:47:55.613+0000] {logging_mixin.py:137} INFO - [2022-11-30T01:47:55.613+0000] {dagbag.py:537} INFO - Filling up the DagBag from /opt/airflow/dags/dag_with_postgres_operator.py
[2022-11-30T01:47:55.690+0000] {processor.py:766} INFO - DAG(s) dict_keys(['dag_with_postgres_operator_v02']) retrieved from /opt/airflow/dags/dag_with_postgres_operator.py
[2022-11-30T01:47:55.715+0000] {logging_mixin.py:137} INFO - [2022-11-30T01:47:55.715+0000] {dag.py:2585} INFO - Sync 1 DAGs
[2022-11-30T01:47:55.747+0000] {logging_mixin.py:137} INFO - [2022-11-30T01:47:55.747+0000] {dag.py:3340} INFO - Setting next_dagrun for dag_with_postgres_operator_v02 to 2022-11-30T00:00:00+00:00, run_after=2022-12-01T00:00:00+00:00
[2022-11-30T01:47:55.773+0000] {processor.py:176} INFO - Processing /opt/airflow/dags/dag_with_postgres_operator.py took 0.165 seconds
[2022-11-30T01:47:59.646+0000] {processor.py:154} INFO - Started process (PID=2158) to work on /opt/airflow/dags/dag_with_postgres_operator.py
[2022-11-30T01:47:59.647+0000] {processor.py:756} INFO - Processing file /opt/airflow/dags/dag_with_postgres_operator.py for tasks to queue
[2022-11-30T01:47:59.649+0000] {logging_mixin.py:137} INFO - [2022-11-30T01:47:59.649+0000] {dagbag.py:537} INFO - Filling up the DagBag from /opt/airflow/dags/dag_with_postgres_operator.py
[2022-11-30T01:47:59.727+0000] {processor.py:766} INFO - DAG(s) dict_keys(['dag_with_postgres_operator_v03']) retrieved from /opt/airflow/dags/dag_with_postgres_operator.py
[2022-11-30T01:47:59.835+0000] {logging_mixin.py:137} INFO - [2022-11-30T01:47:59.835+0000] {manager.py:507} INFO - Created Permission View: can delete on DAG:dag_with_postgres_operator_v03
[2022-11-30T01:47:59.848+0000] {logging_mixin.py:137} INFO - [2022-11-30T01:47:59.848+0000] {manager.py:507} INFO - Created Permission View: can edit on DAG:dag_with_postgres_operator_v03
[2022-11-30T01:47:59.857+0000] {logging_mixin.py:137} INFO - [2022-11-30T01:47:59.857+0000] {manager.py:507} INFO - Created Permission View: can read on DAG:dag_with_postgres_operator_v03
[2022-11-30T01:47:59.858+0000] {logging_mixin.py:137} INFO - [2022-11-30T01:47:59.857+0000] {dag.py:2585} INFO - Sync 1 DAGs
[2022-11-30T01:47:59.874+0000] {logging_mixin.py:137} INFO - [2022-11-30T01:47:59.874+0000] {dag.py:2606} INFO - Creating ORM DAG for dag_with_postgres_operator_v03
[2022-11-30T01:47:59.892+0000] {logging_mixin.py:137} INFO - [2022-11-30T01:47:59.892+0000] {dag.py:3340} INFO - Setting next_dagrun for dag_with_postgres_operator_v03 to 2022-11-26T00:00:00+00:00, run_after=2022-11-27T00:00:00+00:00
[2022-11-30T01:47:59.912+0000] {processor.py:176} INFO - Processing /opt/airflow/dags/dag_with_postgres_operator.py took 0.269 seconds
[2022-11-30T01:48:30.440+0000] {processor.py:154} INFO - Started process (PID=2222) to work on /opt/airflow/dags/dag_with_postgres_operator.py
[2022-11-30T01:48:30.440+0000] {processor.py:756} INFO - Processing file /opt/airflow/dags/dag_with_postgres_operator.py for tasks to queue
[2022-11-30T01:48:30.441+0000] {logging_mixin.py:137} INFO - [2022-11-30T01:48:30.441+0000] {dagbag.py:537} INFO - Filling up the DagBag from /opt/airflow/dags/dag_with_postgres_operator.py
[2022-11-30T01:48:30.517+0000] {processor.py:766} INFO - DAG(s) dict_keys(['dag_with_postgres_operator_v03']) retrieved from /opt/airflow/dags/dag_with_postgres_operator.py
[2022-11-30T01:48:30.556+0000] {logging_mixin.py:137} INFO - [2022-11-30T01:48:30.556+0000] {dag.py:2585} INFO - Sync 1 DAGs
[2022-11-30T01:48:30.588+0000] {logging_mixin.py:137} INFO - [2022-11-30T01:48:30.588+0000] {dag.py:3340} INFO - Setting next_dagrun for dag_with_postgres_operator_v03 to 2022-11-30T00:00:00+00:00, run_after=2022-12-01T00:00:00+00:00
[2022-11-30T01:48:30.608+0000] {processor.py:176} INFO - Processing /opt/airflow/dags/dag_with_postgres_operator.py took 0.171 seconds
[2022-11-30T01:48:41.512+0000] {processor.py:154} INFO - Started process (PID=2236) to work on /opt/airflow/dags/dag_with_postgres_operator.py
[2022-11-30T01:48:41.513+0000] {processor.py:756} INFO - Processing file /opt/airflow/dags/dag_with_postgres_operator.py for tasks to queue
[2022-11-30T01:48:41.514+0000] {logging_mixin.py:137} INFO - [2022-11-30T01:48:41.514+0000] {dagbag.py:537} INFO - Filling up the DagBag from /opt/airflow/dags/dag_with_postgres_operator.py
[2022-11-30T01:48:41.599+0000] {processor.py:766} INFO - DAG(s) dict_keys(['dag_with_postgres_operator_v03']) retrieved from /opt/airflow/dags/dag_with_postgres_operator.py
[2022-11-30T01:48:41.700+0000] {logging_mixin.py:137} INFO - [2022-11-30T01:48:41.700+0000] {dag.py:2585} INFO - Sync 1 DAGs
[2022-11-30T01:48:41.732+0000] {logging_mixin.py:137} INFO - [2022-11-30T01:48:41.732+0000] {dag.py:3340} INFO - Setting next_dagrun for dag_with_postgres_operator_v03 to 2022-11-30T00:00:00+00:00, run_after=2022-12-01T00:00:00+00:00
[2022-11-30T01:48:41.757+0000] {processor.py:176} INFO - Processing /opt/airflow/dags/dag_with_postgres_operator.py took 0.249 seconds
[2022-11-30T01:49:12.261+0000] {processor.py:154} INFO - Started process (PID=2298) to work on /opt/airflow/dags/dag_with_postgres_operator.py
[2022-11-30T01:49:12.263+0000] {processor.py:756} INFO - Processing file /opt/airflow/dags/dag_with_postgres_operator.py for tasks to queue
[2022-11-30T01:49:12.264+0000] {logging_mixin.py:137} INFO - [2022-11-30T01:49:12.264+0000] {dagbag.py:537} INFO - Filling up the DagBag from /opt/airflow/dags/dag_with_postgres_operator.py
[2022-11-30T01:49:12.355+0000] {processor.py:766} INFO - DAG(s) dict_keys(['dag_with_postgres_operator_v03']) retrieved from /opt/airflow/dags/dag_with_postgres_operator.py
[2022-11-30T01:49:12.399+0000] {logging_mixin.py:137} INFO - [2022-11-30T01:49:12.398+0000] {dag.py:2585} INFO - Sync 1 DAGs
[2022-11-30T01:49:12.432+0000] {logging_mixin.py:137} INFO - [2022-11-30T01:49:12.432+0000] {dag.py:3340} INFO - Setting next_dagrun for dag_with_postgres_operator_v03 to 2022-11-26T00:00:00+00:00, run_after=2022-11-27T00:00:00+00:00
[2022-11-30T01:49:12.453+0000] {processor.py:176} INFO - Processing /opt/airflow/dags/dag_with_postgres_operator.py took 0.197 seconds
[2022-11-30T01:49:42.978+0000] {processor.py:154} INFO - Started process (PID=2379) to work on /opt/airflow/dags/dag_with_postgres_operator.py
[2022-11-30T01:49:42.979+0000] {processor.py:756} INFO - Processing file /opt/airflow/dags/dag_with_postgres_operator.py for tasks to queue
[2022-11-30T01:49:42.981+0000] {logging_mixin.py:137} INFO - [2022-11-30T01:49:42.980+0000] {dagbag.py:537} INFO - Filling up the DagBag from /opt/airflow/dags/dag_with_postgres_operator.py
[2022-11-30T01:49:43.053+0000] {processor.py:766} INFO - DAG(s) dict_keys(['dag_with_postgres_operator_v03']) retrieved from /opt/airflow/dags/dag_with_postgres_operator.py
[2022-11-30T01:49:43.089+0000] {logging_mixin.py:137} INFO - [2022-11-30T01:49:43.089+0000] {dag.py:2585} INFO - Sync 1 DAGs
[2022-11-30T01:49:43.117+0000] {logging_mixin.py:137} INFO - [2022-11-30T01:49:43.117+0000] {dag.py:3340} INFO - Setting next_dagrun for dag_with_postgres_operator_v03 to 2022-11-30T00:00:00+00:00, run_after=2022-12-01T00:00:00+00:00
[2022-11-30T01:49:43.136+0000] {processor.py:176} INFO - Processing /opt/airflow/dags/dag_with_postgres_operator.py took 0.163 seconds
[2022-11-30T01:50:13.531+0000] {processor.py:154} INFO - Started process (PID=2427) to work on /opt/airflow/dags/dag_with_postgres_operator.py
[2022-11-30T01:50:13.532+0000] {processor.py:756} INFO - Processing file /opt/airflow/dags/dag_with_postgres_operator.py for tasks to queue
[2022-11-30T01:50:13.532+0000] {logging_mixin.py:137} INFO - [2022-11-30T01:50:13.532+0000] {dagbag.py:537} INFO - Filling up the DagBag from /opt/airflow/dags/dag_with_postgres_operator.py
[2022-11-30T01:50:13.597+0000] {processor.py:766} INFO - DAG(s) dict_keys(['dag_with_postgres_operator_v03']) retrieved from /opt/airflow/dags/dag_with_postgres_operator.py
[2022-11-30T01:50:13.634+0000] {logging_mixin.py:137} INFO - [2022-11-30T01:50:13.634+0000] {dag.py:2585} INFO - Sync 1 DAGs
[2022-11-30T01:50:13.664+0000] {logging_mixin.py:137} INFO - [2022-11-30T01:50:13.664+0000] {dag.py:3340} INFO - Setting next_dagrun for dag_with_postgres_operator_v03 to 2022-11-30T00:00:00+00:00, run_after=2022-12-01T00:00:00+00:00
[2022-11-30T01:50:13.683+0000] {processor.py:176} INFO - Processing /opt/airflow/dags/dag_with_postgres_operator.py took 0.154 seconds
[2022-11-30T01:50:44.226+0000] {processor.py:154} INFO - Started process (PID=2490) to work on /opt/airflow/dags/dag_with_postgres_operator.py
[2022-11-30T01:50:44.226+0000] {processor.py:756} INFO - Processing file /opt/airflow/dags/dag_with_postgres_operator.py for tasks to queue
[2022-11-30T01:50:44.227+0000] {logging_mixin.py:137} INFO - [2022-11-30T01:50:44.227+0000] {dagbag.py:537} INFO - Filling up the DagBag from /opt/airflow/dags/dag_with_postgres_operator.py
[2022-11-30T01:50:44.300+0000] {processor.py:766} INFO - DAG(s) dict_keys(['dag_with_postgres_operator_v03']) retrieved from /opt/airflow/dags/dag_with_postgres_operator.py
[2022-11-30T01:50:44.337+0000] {logging_mixin.py:137} INFO - [2022-11-30T01:50:44.337+0000] {dag.py:2585} INFO - Sync 1 DAGs
[2022-11-30T01:50:44.371+0000] {logging_mixin.py:137} INFO - [2022-11-30T01:50:44.371+0000] {dag.py:3340} INFO - Setting next_dagrun for dag_with_postgres_operator_v03 to 2022-11-30T00:00:00+00:00, run_after=2022-12-01T00:00:00+00:00
[2022-11-30T01:50:44.391+0000] {processor.py:176} INFO - Processing /opt/airflow/dags/dag_with_postgres_operator.py took 0.168 seconds
[2022-11-30T01:51:14.840+0000] {processor.py:154} INFO - Started process (PID=2546) to work on /opt/airflow/dags/dag_with_postgres_operator.py
[2022-11-30T01:51:14.841+0000] {processor.py:756} INFO - Processing file /opt/airflow/dags/dag_with_postgres_operator.py for tasks to queue
[2022-11-30T01:51:14.842+0000] {logging_mixin.py:137} INFO - [2022-11-30T01:51:14.841+0000] {dagbag.py:537} INFO - Filling up the DagBag from /opt/airflow/dags/dag_with_postgres_operator.py
[2022-11-30T01:51:14.927+0000] {processor.py:766} INFO - DAG(s) dict_keys(['dag_with_postgres_operator_v03']) retrieved from /opt/airflow/dags/dag_with_postgres_operator.py
[2022-11-30T01:51:14.984+0000] {logging_mixin.py:137} INFO - [2022-11-30T01:51:14.984+0000] {dag.py:2585} INFO - Sync 1 DAGs
[2022-11-30T01:51:15.039+0000] {logging_mixin.py:137} INFO - [2022-11-30T01:51:15.039+0000] {dag.py:3340} INFO - Setting next_dagrun for dag_with_postgres_operator_v03 to 2022-11-30T00:00:00+00:00, run_after=2022-12-01T00:00:00+00:00
[2022-11-30T01:51:15.080+0000] {processor.py:176} INFO - Processing /opt/airflow/dags/dag_with_postgres_operator.py took 0.243 seconds
