[2022-11-30T01:32:29.301+0000] {processor.py:154} INFO - Started process (PID=180) to work on /opt/airflow/dags/dag_eith_tasksflow_api.py
[2022-11-30T01:32:29.302+0000] {processor.py:756} INFO - Processing file /opt/airflow/dags/dag_eith_tasksflow_api.py for tasks to queue
[2022-11-30T01:32:29.303+0000] {logging_mixin.py:137} INFO - [2022-11-30T01:32:29.303+0000] {dagbag.py:537} INFO - Filling up the DagBag from /opt/airflow/dags/dag_eith_tasksflow_api.py
[2022-11-30T01:32:29.335+0000] {logging_mixin.py:137} WARNING - /home/airflow/.local/lib/python3.7/site-packages/airflow/models/dag.py:3437 RemovedInAirflow3Warning: Param `schedule_interval` is deprecated and will be removed in a future release. Please use `schedule` instead.
[2022-11-30T01:32:29.340+0000] {logging_mixin.py:137} INFO - [2022-11-30T01:32:29.340+0000] {taskmixin.py:205} WARNING - Dependency <Task(_PythonDecoratedOperator): get_name>, greet already registered for DAG: dag_with_taskflow_api_v02
[2022-11-30T01:32:29.340+0000] {logging_mixin.py:137} INFO - [2022-11-30T01:32:29.340+0000] {taskmixin.py:205} WARNING - Dependency <Task(_PythonDecoratedOperator): greet>, get_name already registered for DAG: dag_with_taskflow_api_v02
[2022-11-30T01:32:29.346+0000] {processor.py:766} INFO - DAG(s) dict_keys(['dag_with_taskflow_api_v02']) retrieved from /opt/airflow/dags/dag_eith_tasksflow_api.py
[2022-11-30T01:32:29.455+0000] {logging_mixin.py:137} INFO - [2022-11-30T01:32:29.454+0000] {dag.py:2585} INFO - Sync 1 DAGs
[2022-11-30T01:32:29.528+0000] {logging_mixin.py:137} INFO - [2022-11-30T01:32:29.527+0000] {dag.py:3340} INFO - Setting next_dagrun for dag_with_taskflow_api_v02 to 2022-11-28T00:00:00+00:00, run_after=2022-11-29T00:00:00+00:00
[2022-11-30T01:32:29.571+0000] {processor.py:176} INFO - Processing /opt/airflow/dags/dag_eith_tasksflow_api.py took 0.272 seconds
[2022-11-30T01:33:00.361+0000] {processor.py:154} INFO - Started process (PID=283) to work on /opt/airflow/dags/dag_eith_tasksflow_api.py
[2022-11-30T01:33:00.362+0000] {processor.py:756} INFO - Processing file /opt/airflow/dags/dag_eith_tasksflow_api.py for tasks to queue
[2022-11-30T01:33:00.363+0000] {logging_mixin.py:137} INFO - [2022-11-30T01:33:00.363+0000] {dagbag.py:537} INFO - Filling up the DagBag from /opt/airflow/dags/dag_eith_tasksflow_api.py
[2022-11-30T01:33:00.382+0000] {logging_mixin.py:137} WARNING - /home/airflow/.local/lib/python3.7/site-packages/airflow/models/dag.py:3437 RemovedInAirflow3Warning: Param `schedule_interval` is deprecated and will be removed in a future release. Please use `schedule` instead.
[2022-11-30T01:33:00.387+0000] {logging_mixin.py:137} INFO - [2022-11-30T01:33:00.387+0000] {taskmixin.py:205} WARNING - Dependency <Task(_PythonDecoratedOperator): get_name>, greet already registered for DAG: dag_with_taskflow_api_v02
[2022-11-30T01:33:00.388+0000] {logging_mixin.py:137} INFO - [2022-11-30T01:33:00.388+0000] {taskmixin.py:205} WARNING - Dependency <Task(_PythonDecoratedOperator): greet>, get_name already registered for DAG: dag_with_taskflow_api_v02
[2022-11-30T01:33:00.398+0000] {processor.py:766} INFO - DAG(s) dict_keys(['dag_with_taskflow_api_v02']) retrieved from /opt/airflow/dags/dag_eith_tasksflow_api.py
[2022-11-30T01:33:00.497+0000] {logging_mixin.py:137} INFO - [2022-11-30T01:33:00.497+0000] {dag.py:2585} INFO - Sync 1 DAGs
[2022-11-30T01:33:00.529+0000] {logging_mixin.py:137} INFO - [2022-11-30T01:33:00.528+0000] {dag.py:3340} INFO - Setting next_dagrun for dag_with_taskflow_api_v02 to 2022-11-30T00:00:00+00:00, run_after=2022-12-01T00:00:00+00:00
[2022-11-30T01:33:00.551+0000] {processor.py:176} INFO - Processing /opt/airflow/dags/dag_eith_tasksflow_api.py took 0.193 seconds
[2022-11-30T01:33:30.977+0000] {processor.py:154} INFO - Started process (PID=331) to work on /opt/airflow/dags/dag_eith_tasksflow_api.py
[2022-11-30T01:33:30.978+0000] {processor.py:756} INFO - Processing file /opt/airflow/dags/dag_eith_tasksflow_api.py for tasks to queue
[2022-11-30T01:33:30.978+0000] {logging_mixin.py:137} INFO - [2022-11-30T01:33:30.978+0000] {dagbag.py:537} INFO - Filling up the DagBag from /opt/airflow/dags/dag_eith_tasksflow_api.py
[2022-11-30T01:33:30.997+0000] {logging_mixin.py:137} WARNING - /home/airflow/.local/lib/python3.7/site-packages/airflow/models/dag.py:3437 RemovedInAirflow3Warning: Param `schedule_interval` is deprecated and will be removed in a future release. Please use `schedule` instead.
[2022-11-30T01:33:31.003+0000] {logging_mixin.py:137} INFO - [2022-11-30T01:33:31.003+0000] {taskmixin.py:205} WARNING - Dependency <Task(_PythonDecoratedOperator): get_name>, greet already registered for DAG: dag_with_taskflow_api_v02
[2022-11-30T01:33:31.003+0000] {logging_mixin.py:137} INFO - [2022-11-30T01:33:31.003+0000] {taskmixin.py:205} WARNING - Dependency <Task(_PythonDecoratedOperator): greet>, get_name already registered for DAG: dag_with_taskflow_api_v02
[2022-11-30T01:33:31.011+0000] {processor.py:766} INFO - DAG(s) dict_keys(['dag_with_taskflow_api_v02']) retrieved from /opt/airflow/dags/dag_eith_tasksflow_api.py
[2022-11-30T01:33:31.052+0000] {logging_mixin.py:137} INFO - [2022-11-30T01:33:31.052+0000] {dag.py:2585} INFO - Sync 1 DAGs
[2022-11-30T01:33:31.086+0000] {logging_mixin.py:137} INFO - [2022-11-30T01:33:31.086+0000] {dag.py:3340} INFO - Setting next_dagrun for dag_with_taskflow_api_v02 to 2022-11-30T00:00:00+00:00, run_after=2022-12-01T00:00:00+00:00
[2022-11-30T01:33:31.109+0000] {processor.py:176} INFO - Processing /opt/airflow/dags/dag_eith_tasksflow_api.py took 0.134 seconds
[2022-11-30T01:34:01.610+0000] {processor.py:154} INFO - Started process (PID=387) to work on /opt/airflow/dags/dag_eith_tasksflow_api.py
[2022-11-30T01:34:01.612+0000] {processor.py:756} INFO - Processing file /opt/airflow/dags/dag_eith_tasksflow_api.py for tasks to queue
[2022-11-30T01:34:01.612+0000] {logging_mixin.py:137} INFO - [2022-11-30T01:34:01.612+0000] {dagbag.py:537} INFO - Filling up the DagBag from /opt/airflow/dags/dag_eith_tasksflow_api.py
[2022-11-30T01:34:01.636+0000] {logging_mixin.py:137} WARNING - /home/airflow/.local/lib/python3.7/site-packages/airflow/models/dag.py:3437 RemovedInAirflow3Warning: Param `schedule_interval` is deprecated and will be removed in a future release. Please use `schedule` instead.
[2022-11-30T01:34:01.642+0000] {logging_mixin.py:137} INFO - [2022-11-30T01:34:01.641+0000] {taskmixin.py:205} WARNING - Dependency <Task(_PythonDecoratedOperator): get_name>, greet already registered for DAG: dag_with_taskflow_api_v02
[2022-11-30T01:34:01.642+0000] {logging_mixin.py:137} INFO - [2022-11-30T01:34:01.642+0000] {taskmixin.py:205} WARNING - Dependency <Task(_PythonDecoratedOperator): greet>, get_name already registered for DAG: dag_with_taskflow_api_v02
[2022-11-30T01:34:01.650+0000] {processor.py:766} INFO - DAG(s) dict_keys(['dag_with_taskflow_api_v02']) retrieved from /opt/airflow/dags/dag_eith_tasksflow_api.py
[2022-11-30T01:34:01.702+0000] {logging_mixin.py:137} INFO - [2022-11-30T01:34:01.701+0000] {dag.py:2585} INFO - Sync 1 DAGs
[2022-11-30T01:34:01.749+0000] {logging_mixin.py:137} INFO - [2022-11-30T01:34:01.749+0000] {dag.py:3340} INFO - Setting next_dagrun for dag_with_taskflow_api_v02 to 2022-11-30T00:00:00+00:00, run_after=2022-12-01T00:00:00+00:00
[2022-11-30T01:34:01.777+0000] {processor.py:176} INFO - Processing /opt/airflow/dags/dag_eith_tasksflow_api.py took 0.169 seconds
[2022-11-30T01:34:32.220+0000] {processor.py:154} INFO - Started process (PID=455) to work on /opt/airflow/dags/dag_eith_tasksflow_api.py
[2022-11-30T01:34:32.221+0000] {processor.py:756} INFO - Processing file /opt/airflow/dags/dag_eith_tasksflow_api.py for tasks to queue
[2022-11-30T01:34:32.222+0000] {logging_mixin.py:137} INFO - [2022-11-30T01:34:32.222+0000] {dagbag.py:537} INFO - Filling up the DagBag from /opt/airflow/dags/dag_eith_tasksflow_api.py
[2022-11-30T01:34:32.239+0000] {logging_mixin.py:137} WARNING - /home/airflow/.local/lib/python3.7/site-packages/airflow/models/dag.py:3437 RemovedInAirflow3Warning: Param `schedule_interval` is deprecated and will be removed in a future release. Please use `schedule` instead.
[2022-11-30T01:34:32.245+0000] {logging_mixin.py:137} INFO - [2022-11-30T01:34:32.244+0000] {taskmixin.py:205} WARNING - Dependency <Task(_PythonDecoratedOperator): get_name>, greet already registered for DAG: dag_with_taskflow_api_v02
[2022-11-30T01:34:32.245+0000] {logging_mixin.py:137} INFO - [2022-11-30T01:34:32.245+0000] {taskmixin.py:205} WARNING - Dependency <Task(_PythonDecoratedOperator): greet>, get_name already registered for DAG: dag_with_taskflow_api_v02
[2022-11-30T01:34:32.251+0000] {processor.py:766} INFO - DAG(s) dict_keys(['dag_with_taskflow_api_v02']) retrieved from /opt/airflow/dags/dag_eith_tasksflow_api.py
[2022-11-30T01:34:32.291+0000] {logging_mixin.py:137} INFO - [2022-11-30T01:34:32.291+0000] {dag.py:2585} INFO - Sync 1 DAGs
[2022-11-30T01:34:32.322+0000] {logging_mixin.py:137} INFO - [2022-11-30T01:34:32.322+0000] {dag.py:3340} INFO - Setting next_dagrun for dag_with_taskflow_api_v02 to 2022-11-30T00:00:00+00:00, run_after=2022-12-01T00:00:00+00:00
[2022-11-30T01:34:32.342+0000] {processor.py:176} INFO - Processing /opt/airflow/dags/dag_eith_tasksflow_api.py took 0.124 seconds
[2022-11-30T01:35:02.777+0000] {processor.py:154} INFO - Started process (PID=503) to work on /opt/airflow/dags/dag_eith_tasksflow_api.py
[2022-11-30T01:35:02.778+0000] {processor.py:756} INFO - Processing file /opt/airflow/dags/dag_eith_tasksflow_api.py for tasks to queue
[2022-11-30T01:35:02.779+0000] {logging_mixin.py:137} INFO - [2022-11-30T01:35:02.779+0000] {dagbag.py:537} INFO - Filling up the DagBag from /opt/airflow/dags/dag_eith_tasksflow_api.py
[2022-11-30T01:35:02.798+0000] {logging_mixin.py:137} WARNING - /home/airflow/.local/lib/python3.7/site-packages/airflow/models/dag.py:3437 RemovedInAirflow3Warning: Param `schedule_interval` is deprecated and will be removed in a future release. Please use `schedule` instead.
[2022-11-30T01:35:02.804+0000] {logging_mixin.py:137} INFO - [2022-11-30T01:35:02.803+0000] {taskmixin.py:205} WARNING - Dependency <Task(_PythonDecoratedOperator): get_name>, greet already registered for DAG: dag_with_taskflow_api_v02
[2022-11-30T01:35:02.804+0000] {logging_mixin.py:137} INFO - [2022-11-30T01:35:02.804+0000] {taskmixin.py:205} WARNING - Dependency <Task(_PythonDecoratedOperator): greet>, get_name already registered for DAG: dag_with_taskflow_api_v02
[2022-11-30T01:35:02.811+0000] {processor.py:766} INFO - DAG(s) dict_keys(['dag_with_taskflow_api_v02']) retrieved from /opt/airflow/dags/dag_eith_tasksflow_api.py
[2022-11-30T01:35:02.853+0000] {logging_mixin.py:137} INFO - [2022-11-30T01:35:02.852+0000] {dag.py:2585} INFO - Sync 1 DAGs
[2022-11-30T01:35:02.886+0000] {logging_mixin.py:137} INFO - [2022-11-30T01:35:02.885+0000] {dag.py:3340} INFO - Setting next_dagrun for dag_with_taskflow_api_v02 to 2022-11-30T00:00:00+00:00, run_after=2022-12-01T00:00:00+00:00
[2022-11-30T01:35:02.907+0000] {processor.py:176} INFO - Processing /opt/airflow/dags/dag_eith_tasksflow_api.py took 0.134 seconds
[2022-11-30T01:35:33.394+0000] {processor.py:154} INFO - Started process (PID=559) to work on /opt/airflow/dags/dag_eith_tasksflow_api.py
[2022-11-30T01:35:33.395+0000] {processor.py:756} INFO - Processing file /opt/airflow/dags/dag_eith_tasksflow_api.py for tasks to queue
[2022-11-30T01:35:33.396+0000] {logging_mixin.py:137} INFO - [2022-11-30T01:35:33.396+0000] {dagbag.py:537} INFO - Filling up the DagBag from /opt/airflow/dags/dag_eith_tasksflow_api.py
[2022-11-30T01:35:33.415+0000] {logging_mixin.py:137} WARNING - /home/airflow/.local/lib/python3.7/site-packages/airflow/models/dag.py:3437 RemovedInAirflow3Warning: Param `schedule_interval` is deprecated and will be removed in a future release. Please use `schedule` instead.
[2022-11-30T01:35:33.421+0000] {logging_mixin.py:137} INFO - [2022-11-30T01:35:33.420+0000] {taskmixin.py:205} WARNING - Dependency <Task(_PythonDecoratedOperator): get_name>, greet already registered for DAG: dag_with_taskflow_api_v02
[2022-11-30T01:35:33.421+0000] {logging_mixin.py:137} INFO - [2022-11-30T01:35:33.421+0000] {taskmixin.py:205} WARNING - Dependency <Task(_PythonDecoratedOperator): greet>, get_name already registered for DAG: dag_with_taskflow_api_v02
[2022-11-30T01:35:33.428+0000] {processor.py:766} INFO - DAG(s) dict_keys(['dag_with_taskflow_api_v02']) retrieved from /opt/airflow/dags/dag_eith_tasksflow_api.py
[2022-11-30T01:35:33.468+0000] {logging_mixin.py:137} INFO - [2022-11-30T01:35:33.468+0000] {dag.py:2585} INFO - Sync 1 DAGs
[2022-11-30T01:35:33.500+0000] {logging_mixin.py:137} INFO - [2022-11-30T01:35:33.500+0000] {dag.py:3340} INFO - Setting next_dagrun for dag_with_taskflow_api_v02 to 2022-11-30T00:00:00+00:00, run_after=2022-12-01T00:00:00+00:00
[2022-11-30T01:35:33.522+0000] {processor.py:176} INFO - Processing /opt/airflow/dags/dag_eith_tasksflow_api.py took 0.130 seconds
[2022-11-30T01:36:03.976+0000] {processor.py:154} INFO - Started process (PID=617) to work on /opt/airflow/dags/dag_eith_tasksflow_api.py
[2022-11-30T01:36:03.977+0000] {processor.py:756} INFO - Processing file /opt/airflow/dags/dag_eith_tasksflow_api.py for tasks to queue
[2022-11-30T01:36:03.977+0000] {logging_mixin.py:137} INFO - [2022-11-30T01:36:03.977+0000] {dagbag.py:537} INFO - Filling up the DagBag from /opt/airflow/dags/dag_eith_tasksflow_api.py
[2022-11-30T01:36:03.996+0000] {logging_mixin.py:137} WARNING - /home/airflow/.local/lib/python3.7/site-packages/airflow/models/dag.py:3437 RemovedInAirflow3Warning: Param `schedule_interval` is deprecated and will be removed in a future release. Please use `schedule` instead.
[2022-11-30T01:36:04.001+0000] {logging_mixin.py:137} INFO - [2022-11-30T01:36:04.001+0000] {taskmixin.py:205} WARNING - Dependency <Task(_PythonDecoratedOperator): get_name>, greet already registered for DAG: dag_with_taskflow_api_v02
[2022-11-30T01:36:04.002+0000] {logging_mixin.py:137} INFO - [2022-11-30T01:36:04.001+0000] {taskmixin.py:205} WARNING - Dependency <Task(_PythonDecoratedOperator): greet>, get_name already registered for DAG: dag_with_taskflow_api_v02
[2022-11-30T01:36:04.009+0000] {processor.py:766} INFO - DAG(s) dict_keys(['dag_with_taskflow_api_v02']) retrieved from /opt/airflow/dags/dag_eith_tasksflow_api.py
[2022-11-30T01:36:04.051+0000] {logging_mixin.py:137} INFO - [2022-11-30T01:36:04.051+0000] {dag.py:2585} INFO - Sync 1 DAGs
[2022-11-30T01:36:04.090+0000] {logging_mixin.py:137} INFO - [2022-11-30T01:36:04.090+0000] {dag.py:3340} INFO - Setting next_dagrun for dag_with_taskflow_api_v02 to 2022-11-30T00:00:00+00:00, run_after=2022-12-01T00:00:00+00:00
[2022-11-30T01:36:04.110+0000] {processor.py:176} INFO - Processing /opt/airflow/dags/dag_eith_tasksflow_api.py took 0.137 seconds
[2022-11-30T01:36:34.542+0000] {processor.py:154} INFO - Started process (PID=665) to work on /opt/airflow/dags/dag_eith_tasksflow_api.py
[2022-11-30T01:36:34.543+0000] {processor.py:756} INFO - Processing file /opt/airflow/dags/dag_eith_tasksflow_api.py for tasks to queue
[2022-11-30T01:36:34.544+0000] {logging_mixin.py:137} INFO - [2022-11-30T01:36:34.544+0000] {dagbag.py:537} INFO - Filling up the DagBag from /opt/airflow/dags/dag_eith_tasksflow_api.py
[2022-11-30T01:36:34.565+0000] {logging_mixin.py:137} WARNING - /home/airflow/.local/lib/python3.7/site-packages/airflow/models/dag.py:3437 RemovedInAirflow3Warning: Param `schedule_interval` is deprecated and will be removed in a future release. Please use `schedule` instead.
[2022-11-30T01:36:34.570+0000] {logging_mixin.py:137} INFO - [2022-11-30T01:36:34.570+0000] {taskmixin.py:205} WARNING - Dependency <Task(_PythonDecoratedOperator): get_name>, greet already registered for DAG: dag_with_taskflow_api_v02
[2022-11-30T01:36:34.571+0000] {logging_mixin.py:137} INFO - [2022-11-30T01:36:34.571+0000] {taskmixin.py:205} WARNING - Dependency <Task(_PythonDecoratedOperator): greet>, get_name already registered for DAG: dag_with_taskflow_api_v02
[2022-11-30T01:36:34.578+0000] {processor.py:766} INFO - DAG(s) dict_keys(['dag_with_taskflow_api_v02']) retrieved from /opt/airflow/dags/dag_eith_tasksflow_api.py
[2022-11-30T01:36:34.628+0000] {logging_mixin.py:137} INFO - [2022-11-30T01:36:34.627+0000] {dag.py:2585} INFO - Sync 1 DAGs
[2022-11-30T01:36:34.662+0000] {logging_mixin.py:137} INFO - [2022-11-30T01:36:34.662+0000] {dag.py:3340} INFO - Setting next_dagrun for dag_with_taskflow_api_v02 to 2022-11-30T00:00:00+00:00, run_after=2022-12-01T00:00:00+00:00
[2022-11-30T01:36:34.685+0000] {processor.py:176} INFO - Processing /opt/airflow/dags/dag_eith_tasksflow_api.py took 0.145 seconds
[2022-11-30T01:37:05.103+0000] {processor.py:154} INFO - Started process (PID=722) to work on /opt/airflow/dags/dag_eith_tasksflow_api.py
[2022-11-30T01:37:05.104+0000] {processor.py:756} INFO - Processing file /opt/airflow/dags/dag_eith_tasksflow_api.py for tasks to queue
[2022-11-30T01:37:05.105+0000] {logging_mixin.py:137} INFO - [2022-11-30T01:37:05.105+0000] {dagbag.py:537} INFO - Filling up the DagBag from /opt/airflow/dags/dag_eith_tasksflow_api.py
[2022-11-30T01:37:05.125+0000] {logging_mixin.py:137} WARNING - /home/airflow/.local/lib/python3.7/site-packages/airflow/models/dag.py:3437 RemovedInAirflow3Warning: Param `schedule_interval` is deprecated and will be removed in a future release. Please use `schedule` instead.
[2022-11-30T01:37:05.130+0000] {logging_mixin.py:137} INFO - [2022-11-30T01:37:05.130+0000] {taskmixin.py:205} WARNING - Dependency <Task(_PythonDecoratedOperator): get_name>, greet already registered for DAG: dag_with_taskflow_api_v02
[2022-11-30T01:37:05.131+0000] {logging_mixin.py:137} INFO - [2022-11-30T01:37:05.130+0000] {taskmixin.py:205} WARNING - Dependency <Task(_PythonDecoratedOperator): greet>, get_name already registered for DAG: dag_with_taskflow_api_v02
[2022-11-30T01:37:05.139+0000] {processor.py:766} INFO - DAG(s) dict_keys(['dag_with_taskflow_api_v02']) retrieved from /opt/airflow/dags/dag_eith_tasksflow_api.py
[2022-11-30T01:37:05.181+0000] {logging_mixin.py:137} INFO - [2022-11-30T01:37:05.181+0000] {dag.py:2585} INFO - Sync 1 DAGs
[2022-11-30T01:37:05.216+0000] {logging_mixin.py:137} INFO - [2022-11-30T01:37:05.216+0000] {dag.py:3340} INFO - Setting next_dagrun for dag_with_taskflow_api_v02 to 2022-11-30T00:00:00+00:00, run_after=2022-12-01T00:00:00+00:00
[2022-11-30T01:37:05.239+0000] {processor.py:176} INFO - Processing /opt/airflow/dags/dag_eith_tasksflow_api.py took 0.139 seconds
[2022-11-30T01:37:35.715+0000] {processor.py:154} INFO - Started process (PID=779) to work on /opt/airflow/dags/dag_eith_tasksflow_api.py
[2022-11-30T01:37:35.716+0000] {processor.py:756} INFO - Processing file /opt/airflow/dags/dag_eith_tasksflow_api.py for tasks to queue
[2022-11-30T01:37:35.717+0000] {logging_mixin.py:137} INFO - [2022-11-30T01:37:35.717+0000] {dagbag.py:537} INFO - Filling up the DagBag from /opt/airflow/dags/dag_eith_tasksflow_api.py
[2022-11-30T01:37:35.746+0000] {logging_mixin.py:137} WARNING - /home/airflow/.local/lib/python3.7/site-packages/airflow/models/dag.py:3437 RemovedInAirflow3Warning: Param `schedule_interval` is deprecated and will be removed in a future release. Please use `schedule` instead.
[2022-11-30T01:37:35.754+0000] {logging_mixin.py:137} INFO - [2022-11-30T01:37:35.754+0000] {taskmixin.py:205} WARNING - Dependency <Task(_PythonDecoratedOperator): get_name>, greet already registered for DAG: dag_with_taskflow_api_v02
[2022-11-30T01:37:35.754+0000] {logging_mixin.py:137} INFO - [2022-11-30T01:37:35.754+0000] {taskmixin.py:205} WARNING - Dependency <Task(_PythonDecoratedOperator): greet>, get_name already registered for DAG: dag_with_taskflow_api_v02
[2022-11-30T01:37:35.766+0000] {processor.py:766} INFO - DAG(s) dict_keys(['dag_with_taskflow_api_v02']) retrieved from /opt/airflow/dags/dag_eith_tasksflow_api.py
[2022-11-30T01:37:35.851+0000] {logging_mixin.py:137} INFO - [2022-11-30T01:37:35.851+0000] {dag.py:2585} INFO - Sync 1 DAGs
[2022-11-30T01:37:35.942+0000] {logging_mixin.py:137} INFO - [2022-11-30T01:37:35.941+0000] {dag.py:3340} INFO - Setting next_dagrun for dag_with_taskflow_api_v02 to 2022-11-30T00:00:00+00:00, run_after=2022-12-01T00:00:00+00:00
[2022-11-30T01:37:36.010+0000] {processor.py:176} INFO - Processing /opt/airflow/dags/dag_eith_tasksflow_api.py took 0.297 seconds
[2022-11-30T01:38:06.585+0000] {processor.py:154} INFO - Started process (PID=837) to work on /opt/airflow/dags/dag_eith_tasksflow_api.py
[2022-11-30T01:38:06.585+0000] {processor.py:756} INFO - Processing file /opt/airflow/dags/dag_eith_tasksflow_api.py for tasks to queue
[2022-11-30T01:38:06.586+0000] {logging_mixin.py:137} INFO - [2022-11-30T01:38:06.586+0000] {dagbag.py:537} INFO - Filling up the DagBag from /opt/airflow/dags/dag_eith_tasksflow_api.py
[2022-11-30T01:38:06.602+0000] {logging_mixin.py:137} WARNING - /home/airflow/.local/lib/python3.7/site-packages/airflow/models/dag.py:3437 RemovedInAirflow3Warning: Param `schedule_interval` is deprecated and will be removed in a future release. Please use `schedule` instead.
[2022-11-30T01:38:06.607+0000] {logging_mixin.py:137} INFO - [2022-11-30T01:38:06.607+0000] {taskmixin.py:205} WARNING - Dependency <Task(_PythonDecoratedOperator): get_name>, greet already registered for DAG: dag_with_taskflow_api_v02
[2022-11-30T01:38:06.607+0000] {logging_mixin.py:137} INFO - [2022-11-30T01:38:06.607+0000] {taskmixin.py:205} WARNING - Dependency <Task(_PythonDecoratedOperator): greet>, get_name already registered for DAG: dag_with_taskflow_api_v02
[2022-11-30T01:38:06.614+0000] {processor.py:766} INFO - DAG(s) dict_keys(['dag_with_taskflow_api_v02']) retrieved from /opt/airflow/dags/dag_eith_tasksflow_api.py
[2022-11-30T01:38:06.652+0000] {logging_mixin.py:137} INFO - [2022-11-30T01:38:06.652+0000] {dag.py:2585} INFO - Sync 1 DAGs
[2022-11-30T01:38:06.682+0000] {logging_mixin.py:137} INFO - [2022-11-30T01:38:06.682+0000] {dag.py:3340} INFO - Setting next_dagrun for dag_with_taskflow_api_v02 to 2022-11-30T00:00:00+00:00, run_after=2022-12-01T00:00:00+00:00
[2022-11-30T01:38:06.701+0000] {processor.py:176} INFO - Processing /opt/airflow/dags/dag_eith_tasksflow_api.py took 0.119 seconds
[2022-11-30T01:38:37.136+0000] {processor.py:154} INFO - Started process (PID=893) to work on /opt/airflow/dags/dag_eith_tasksflow_api.py
[2022-11-30T01:38:37.137+0000] {processor.py:756} INFO - Processing file /opt/airflow/dags/dag_eith_tasksflow_api.py for tasks to queue
[2022-11-30T01:38:37.138+0000] {logging_mixin.py:137} INFO - [2022-11-30T01:38:37.137+0000] {dagbag.py:537} INFO - Filling up the DagBag from /opt/airflow/dags/dag_eith_tasksflow_api.py
[2022-11-30T01:38:37.157+0000] {logging_mixin.py:137} WARNING - /home/airflow/.local/lib/python3.7/site-packages/airflow/models/dag.py:3437 RemovedInAirflow3Warning: Param `schedule_interval` is deprecated and will be removed in a future release. Please use `schedule` instead.
[2022-11-30T01:38:37.163+0000] {logging_mixin.py:137} INFO - [2022-11-30T01:38:37.163+0000] {taskmixin.py:205} WARNING - Dependency <Task(_PythonDecoratedOperator): get_name>, greet already registered for DAG: dag_with_taskflow_api_v02
[2022-11-30T01:38:37.164+0000] {logging_mixin.py:137} INFO - [2022-11-30T01:38:37.163+0000] {taskmixin.py:205} WARNING - Dependency <Task(_PythonDecoratedOperator): greet>, get_name already registered for DAG: dag_with_taskflow_api_v02
[2022-11-30T01:38:37.171+0000] {processor.py:766} INFO - DAG(s) dict_keys(['dag_with_taskflow_api_v02']) retrieved from /opt/airflow/dags/dag_eith_tasksflow_api.py
[2022-11-30T01:38:37.215+0000] {logging_mixin.py:137} INFO - [2022-11-30T01:38:37.215+0000] {dag.py:2585} INFO - Sync 1 DAGs
[2022-11-30T01:38:37.248+0000] {logging_mixin.py:137} INFO - [2022-11-30T01:38:37.248+0000] {dag.py:3340} INFO - Setting next_dagrun for dag_with_taskflow_api_v02 to 2022-11-30T00:00:00+00:00, run_after=2022-12-01T00:00:00+00:00
[2022-11-30T01:38:37.271+0000] {processor.py:176} INFO - Processing /opt/airflow/dags/dag_eith_tasksflow_api.py took 0.137 seconds
[2022-11-30T01:39:07.703+0000] {processor.py:154} INFO - Started process (PID=947) to work on /opt/airflow/dags/dag_eith_tasksflow_api.py
[2022-11-30T01:39:07.704+0000] {processor.py:756} INFO - Processing file /opt/airflow/dags/dag_eith_tasksflow_api.py for tasks to queue
[2022-11-30T01:39:07.704+0000] {logging_mixin.py:137} INFO - [2022-11-30T01:39:07.704+0000] {dagbag.py:537} INFO - Filling up the DagBag from /opt/airflow/dags/dag_eith_tasksflow_api.py
[2022-11-30T01:39:07.724+0000] {logging_mixin.py:137} WARNING - /home/airflow/.local/lib/python3.7/site-packages/airflow/models/dag.py:3437 RemovedInAirflow3Warning: Param `schedule_interval` is deprecated and will be removed in a future release. Please use `schedule` instead.
[2022-11-30T01:39:07.730+0000] {logging_mixin.py:137} INFO - [2022-11-30T01:39:07.730+0000] {taskmixin.py:205} WARNING - Dependency <Task(_PythonDecoratedOperator): get_name>, greet already registered for DAG: dag_with_taskflow_api_v02
[2022-11-30T01:39:07.730+0000] {logging_mixin.py:137} INFO - [2022-11-30T01:39:07.730+0000] {taskmixin.py:205} WARNING - Dependency <Task(_PythonDecoratedOperator): greet>, get_name already registered for DAG: dag_with_taskflow_api_v02
[2022-11-30T01:39:07.738+0000] {processor.py:766} INFO - DAG(s) dict_keys(['dag_with_taskflow_api_v02']) retrieved from /opt/airflow/dags/dag_eith_tasksflow_api.py
[2022-11-30T01:39:07.780+0000] {logging_mixin.py:137} INFO - [2022-11-30T01:39:07.780+0000] {dag.py:2585} INFO - Sync 1 DAGs
[2022-11-30T01:39:07.816+0000] {logging_mixin.py:137} INFO - [2022-11-30T01:39:07.816+0000] {dag.py:3340} INFO - Setting next_dagrun for dag_with_taskflow_api_v02 to 2022-11-30T00:00:00+00:00, run_after=2022-12-01T00:00:00+00:00
[2022-11-30T01:39:07.839+0000] {processor.py:176} INFO - Processing /opt/airflow/dags/dag_eith_tasksflow_api.py took 0.138 seconds
[2022-11-30T01:39:38.487+0000] {processor.py:154} INFO - Started process (PID=1017) to work on /opt/airflow/dags/dag_eith_tasksflow_api.py
[2022-11-30T01:39:38.488+0000] {processor.py:756} INFO - Processing file /opt/airflow/dags/dag_eith_tasksflow_api.py for tasks to queue
[2022-11-30T01:39:38.488+0000] {logging_mixin.py:137} INFO - [2022-11-30T01:39:38.488+0000] {dagbag.py:537} INFO - Filling up the DagBag from /opt/airflow/dags/dag_eith_tasksflow_api.py
[2022-11-30T01:39:38.510+0000] {logging_mixin.py:137} WARNING - /home/airflow/.local/lib/python3.7/site-packages/airflow/models/dag.py:3437 RemovedInAirflow3Warning: Param `schedule_interval` is deprecated and will be removed in a future release. Please use `schedule` instead.
[2022-11-30T01:39:38.517+0000] {logging_mixin.py:137} INFO - [2022-11-30T01:39:38.517+0000] {taskmixin.py:205} WARNING - Dependency <Task(_PythonDecoratedOperator): get_name>, greet already registered for DAG: dag_with_taskflow_api_v02
[2022-11-30T01:39:38.517+0000] {logging_mixin.py:137} INFO - [2022-11-30T01:39:38.517+0000] {taskmixin.py:205} WARNING - Dependency <Task(_PythonDecoratedOperator): greet>, get_name already registered for DAG: dag_with_taskflow_api_v02
[2022-11-30T01:39:38.525+0000] {processor.py:766} INFO - DAG(s) dict_keys(['dag_with_taskflow_api_v02']) retrieved from /opt/airflow/dags/dag_eith_tasksflow_api.py
[2022-11-30T01:39:38.568+0000] {logging_mixin.py:137} INFO - [2022-11-30T01:39:38.568+0000] {dag.py:2585} INFO - Sync 1 DAGs
[2022-11-30T01:39:38.602+0000] {logging_mixin.py:137} INFO - [2022-11-30T01:39:38.602+0000] {dag.py:3340} INFO - Setting next_dagrun for dag_with_taskflow_api_v02 to 2022-11-30T00:00:00+00:00, run_after=2022-12-01T00:00:00+00:00
[2022-11-30T01:39:38.625+0000] {processor.py:176} INFO - Processing /opt/airflow/dags/dag_eith_tasksflow_api.py took 0.141 seconds
[2022-11-30T01:40:09.473+0000] {processor.py:154} INFO - Started process (PID=1104) to work on /opt/airflow/dags/dag_eith_tasksflow_api.py
[2022-11-30T01:40:09.474+0000] {processor.py:756} INFO - Processing file /opt/airflow/dags/dag_eith_tasksflow_api.py for tasks to queue
[2022-11-30T01:40:09.474+0000] {logging_mixin.py:137} INFO - [2022-11-30T01:40:09.474+0000] {dagbag.py:537} INFO - Filling up the DagBag from /opt/airflow/dags/dag_eith_tasksflow_api.py
[2022-11-30T01:40:09.492+0000] {logging_mixin.py:137} WARNING - /home/airflow/.local/lib/python3.7/site-packages/airflow/models/dag.py:3437 RemovedInAirflow3Warning: Param `schedule_interval` is deprecated and will be removed in a future release. Please use `schedule` instead.
[2022-11-30T01:40:09.498+0000] {logging_mixin.py:137} INFO - [2022-11-30T01:40:09.498+0000] {taskmixin.py:205} WARNING - Dependency <Task(_PythonDecoratedOperator): get_name>, greet already registered for DAG: dag_with_taskflow_api_v02
[2022-11-30T01:40:09.498+0000] {logging_mixin.py:137} INFO - [2022-11-30T01:40:09.498+0000] {taskmixin.py:205} WARNING - Dependency <Task(_PythonDecoratedOperator): greet>, get_name already registered for DAG: dag_with_taskflow_api_v02
[2022-11-30T01:40:09.506+0000] {processor.py:766} INFO - DAG(s) dict_keys(['dag_with_taskflow_api_v02']) retrieved from /opt/airflow/dags/dag_eith_tasksflow_api.py
[2022-11-30T01:40:09.544+0000] {logging_mixin.py:137} INFO - [2022-11-30T01:40:09.544+0000] {dag.py:2585} INFO - Sync 1 DAGs
[2022-11-30T01:40:09.578+0000] {logging_mixin.py:137} INFO - [2022-11-30T01:40:09.578+0000] {dag.py:3340} INFO - Setting next_dagrun for dag_with_taskflow_api_v02 to 2022-11-30T00:00:00+00:00, run_after=2022-12-01T00:00:00+00:00
[2022-11-30T01:40:09.599+0000] {processor.py:176} INFO - Processing /opt/airflow/dags/dag_eith_tasksflow_api.py took 0.129 seconds
[2022-11-30T01:40:39.784+0000] {processor.py:154} INFO - Started process (PID=1196) to work on /opt/airflow/dags/dag_eith_tasksflow_api.py
[2022-11-30T01:40:39.785+0000] {processor.py:756} INFO - Processing file /opt/airflow/dags/dag_eith_tasksflow_api.py for tasks to queue
[2022-11-30T01:40:39.785+0000] {logging_mixin.py:137} INFO - [2022-11-30T01:40:39.785+0000] {dagbag.py:537} INFO - Filling up the DagBag from /opt/airflow/dags/dag_eith_tasksflow_api.py
[2022-11-30T01:40:39.803+0000] {logging_mixin.py:137} WARNING - /home/airflow/.local/lib/python3.7/site-packages/airflow/models/dag.py:3437 RemovedInAirflow3Warning: Param `schedule_interval` is deprecated and will be removed in a future release. Please use `schedule` instead.
[2022-11-30T01:40:39.809+0000] {logging_mixin.py:137} INFO - [2022-11-30T01:40:39.809+0000] {taskmixin.py:205} WARNING - Dependency <Task(_PythonDecoratedOperator): get_name>, greet already registered for DAG: dag_with_taskflow_api_v02
[2022-11-30T01:40:39.809+0000] {logging_mixin.py:137} INFO - [2022-11-30T01:40:39.809+0000] {taskmixin.py:205} WARNING - Dependency <Task(_PythonDecoratedOperator): greet>, get_name already registered for DAG: dag_with_taskflow_api_v02
[2022-11-30T01:40:39.816+0000] {processor.py:766} INFO - DAG(s) dict_keys(['dag_with_taskflow_api_v02']) retrieved from /opt/airflow/dags/dag_eith_tasksflow_api.py
[2022-11-30T01:40:39.855+0000] {logging_mixin.py:137} INFO - [2022-11-30T01:40:39.855+0000] {dag.py:2585} INFO - Sync 1 DAGs
[2022-11-30T01:40:39.887+0000] {logging_mixin.py:137} INFO - [2022-11-30T01:40:39.886+0000] {dag.py:3340} INFO - Setting next_dagrun for dag_with_taskflow_api_v02 to 2022-11-30T00:00:00+00:00, run_after=2022-12-01T00:00:00+00:00
[2022-11-30T01:40:39.906+0000] {processor.py:176} INFO - Processing /opt/airflow/dags/dag_eith_tasksflow_api.py took 0.124 seconds
[2022-11-30T01:41:10.177+0000] {processor.py:154} INFO - Started process (PID=1279) to work on /opt/airflow/dags/dag_eith_tasksflow_api.py
[2022-11-30T01:41:10.178+0000] {processor.py:756} INFO - Processing file /opt/airflow/dags/dag_eith_tasksflow_api.py for tasks to queue
[2022-11-30T01:41:10.179+0000] {logging_mixin.py:137} INFO - [2022-11-30T01:41:10.178+0000] {dagbag.py:537} INFO - Filling up the DagBag from /opt/airflow/dags/dag_eith_tasksflow_api.py
[2022-11-30T01:41:10.206+0000] {logging_mixin.py:137} WARNING - /home/airflow/.local/lib/python3.7/site-packages/airflow/models/dag.py:3437 RemovedInAirflow3Warning: Param `schedule_interval` is deprecated and will be removed in a future release. Please use `schedule` instead.
[2022-11-30T01:41:10.218+0000] {logging_mixin.py:137} INFO - [2022-11-30T01:41:10.218+0000] {taskmixin.py:205} WARNING - Dependency <Task(_PythonDecoratedOperator): get_name>, greet already registered for DAG: dag_with_taskflow_api_v02
[2022-11-30T01:41:10.219+0000] {logging_mixin.py:137} INFO - [2022-11-30T01:41:10.219+0000] {taskmixin.py:205} WARNING - Dependency <Task(_PythonDecoratedOperator): greet>, get_name already registered for DAG: dag_with_taskflow_api_v02
[2022-11-30T01:41:10.228+0000] {processor.py:766} INFO - DAG(s) dict_keys(['dag_with_taskflow_api_v02']) retrieved from /opt/airflow/dags/dag_eith_tasksflow_api.py
[2022-11-30T01:41:10.297+0000] {logging_mixin.py:137} INFO - [2022-11-30T01:41:10.296+0000] {dag.py:2585} INFO - Sync 1 DAGs
[2022-11-30T01:41:10.336+0000] {logging_mixin.py:137} INFO - [2022-11-30T01:41:10.336+0000] {dag.py:3340} INFO - Setting next_dagrun for dag_with_taskflow_api_v02 to 2022-11-30T00:00:00+00:00, run_after=2022-12-01T00:00:00+00:00
[2022-11-30T01:41:10.362+0000] {processor.py:176} INFO - Processing /opt/airflow/dags/dag_eith_tasksflow_api.py took 0.189 seconds
[2022-11-30T01:41:40.982+0000] {processor.py:154} INFO - Started process (PID=1356) to work on /opt/airflow/dags/dag_eith_tasksflow_api.py
[2022-11-30T01:41:40.983+0000] {processor.py:756} INFO - Processing file /opt/airflow/dags/dag_eith_tasksflow_api.py for tasks to queue
[2022-11-30T01:41:40.983+0000] {logging_mixin.py:137} INFO - [2022-11-30T01:41:40.983+0000] {dagbag.py:537} INFO - Filling up the DagBag from /opt/airflow/dags/dag_eith_tasksflow_api.py
[2022-11-30T01:41:41.002+0000] {logging_mixin.py:137} WARNING - /home/airflow/.local/lib/python3.7/site-packages/airflow/models/dag.py:3437 RemovedInAirflow3Warning: Param `schedule_interval` is deprecated and will be removed in a future release. Please use `schedule` instead.
[2022-11-30T01:41:41.008+0000] {logging_mixin.py:137} INFO - [2022-11-30T01:41:41.008+0000] {taskmixin.py:205} WARNING - Dependency <Task(_PythonDecoratedOperator): get_name>, greet already registered for DAG: dag_with_taskflow_api_v02
[2022-11-30T01:41:41.009+0000] {logging_mixin.py:137} INFO - [2022-11-30T01:41:41.009+0000] {taskmixin.py:205} WARNING - Dependency <Task(_PythonDecoratedOperator): greet>, get_name already registered for DAG: dag_with_taskflow_api_v02
[2022-11-30T01:41:41.016+0000] {processor.py:766} INFO - DAG(s) dict_keys(['dag_with_taskflow_api_v02']) retrieved from /opt/airflow/dags/dag_eith_tasksflow_api.py
[2022-11-30T01:41:41.056+0000] {logging_mixin.py:137} INFO - [2022-11-30T01:41:41.056+0000] {dag.py:2585} INFO - Sync 1 DAGs
[2022-11-30T01:41:41.090+0000] {logging_mixin.py:137} INFO - [2022-11-30T01:41:41.089+0000] {dag.py:3340} INFO - Setting next_dagrun for dag_with_taskflow_api_v02 to 2022-11-30T00:00:00+00:00, run_after=2022-12-01T00:00:00+00:00
[2022-11-30T01:41:41.110+0000] {processor.py:176} INFO - Processing /opt/airflow/dags/dag_eith_tasksflow_api.py took 0.132 seconds
[2022-11-30T01:42:11.576+0000] {processor.py:154} INFO - Started process (PID=1414) to work on /opt/airflow/dags/dag_eith_tasksflow_api.py
[2022-11-30T01:42:11.577+0000] {processor.py:756} INFO - Processing file /opt/airflow/dags/dag_eith_tasksflow_api.py for tasks to queue
[2022-11-30T01:42:11.578+0000] {logging_mixin.py:137} INFO - [2022-11-30T01:42:11.578+0000] {dagbag.py:537} INFO - Filling up the DagBag from /opt/airflow/dags/dag_eith_tasksflow_api.py
[2022-11-30T01:42:11.602+0000] {logging_mixin.py:137} WARNING - /home/airflow/.local/lib/python3.7/site-packages/airflow/models/dag.py:3437 RemovedInAirflow3Warning: Param `schedule_interval` is deprecated and will be removed in a future release. Please use `schedule` instead.
[2022-11-30T01:42:11.610+0000] {logging_mixin.py:137} INFO - [2022-11-30T01:42:11.610+0000] {taskmixin.py:205} WARNING - Dependency <Task(_PythonDecoratedOperator): get_name>, greet already registered for DAG: dag_with_taskflow_api_v02
[2022-11-30T01:42:11.610+0000] {logging_mixin.py:137} INFO - [2022-11-30T01:42:11.610+0000] {taskmixin.py:205} WARNING - Dependency <Task(_PythonDecoratedOperator): greet>, get_name already registered for DAG: dag_with_taskflow_api_v02
[2022-11-30T01:42:11.619+0000] {processor.py:766} INFO - DAG(s) dict_keys(['dag_with_taskflow_api_v02']) retrieved from /opt/airflow/dags/dag_eith_tasksflow_api.py
[2022-11-30T01:42:11.671+0000] {logging_mixin.py:137} INFO - [2022-11-30T01:42:11.671+0000] {dag.py:2585} INFO - Sync 1 DAGs
[2022-11-30T01:42:11.709+0000] {logging_mixin.py:137} INFO - [2022-11-30T01:42:11.709+0000] {dag.py:3340} INFO - Setting next_dagrun for dag_with_taskflow_api_v02 to 2022-11-30T00:00:00+00:00, run_after=2022-12-01T00:00:00+00:00
[2022-11-30T01:42:11.735+0000] {processor.py:176} INFO - Processing /opt/airflow/dags/dag_eith_tasksflow_api.py took 0.162 seconds
[2022-11-30T01:42:42.234+0000] {processor.py:154} INFO - Started process (PID=1471) to work on /opt/airflow/dags/dag_eith_tasksflow_api.py
[2022-11-30T01:42:42.234+0000] {processor.py:756} INFO - Processing file /opt/airflow/dags/dag_eith_tasksflow_api.py for tasks to queue
[2022-11-30T01:42:42.235+0000] {logging_mixin.py:137} INFO - [2022-11-30T01:42:42.235+0000] {dagbag.py:537} INFO - Filling up the DagBag from /opt/airflow/dags/dag_eith_tasksflow_api.py
[2022-11-30T01:42:42.287+0000] {logging_mixin.py:137} WARNING - /home/airflow/.local/lib/python3.7/site-packages/airflow/models/dag.py:3437 RemovedInAirflow3Warning: Param `schedule_interval` is deprecated and will be removed in a future release. Please use `schedule` instead.
[2022-11-30T01:42:42.305+0000] {logging_mixin.py:137} INFO - [2022-11-30T01:42:42.305+0000] {taskmixin.py:205} WARNING - Dependency <Task(_PythonDecoratedOperator): get_name>, greet already registered for DAG: dag_with_taskflow_api_v02
[2022-11-30T01:42:42.310+0000] {logging_mixin.py:137} INFO - [2022-11-30T01:42:42.309+0000] {taskmixin.py:205} WARNING - Dependency <Task(_PythonDecoratedOperator): greet>, get_name already registered for DAG: dag_with_taskflow_api_v02
[2022-11-30T01:42:42.342+0000] {processor.py:766} INFO - DAG(s) dict_keys(['dag_with_taskflow_api_v02']) retrieved from /opt/airflow/dags/dag_eith_tasksflow_api.py
[2022-11-30T01:42:42.436+0000] {logging_mixin.py:137} INFO - [2022-11-30T01:42:42.436+0000] {dag.py:2585} INFO - Sync 1 DAGs
[2022-11-30T01:42:42.500+0000] {logging_mixin.py:137} INFO - [2022-11-30T01:42:42.500+0000] {dag.py:3340} INFO - Setting next_dagrun for dag_with_taskflow_api_v02 to 2022-11-30T00:00:00+00:00, run_after=2022-12-01T00:00:00+00:00
[2022-11-30T01:42:42.542+0000] {processor.py:176} INFO - Processing /opt/airflow/dags/dag_eith_tasksflow_api.py took 0.312 seconds
[2022-11-30T01:43:13.092+0000] {processor.py:154} INFO - Started process (PID=1532) to work on /opt/airflow/dags/dag_eith_tasksflow_api.py
[2022-11-30T01:43:13.093+0000] {processor.py:756} INFO - Processing file /opt/airflow/dags/dag_eith_tasksflow_api.py for tasks to queue
[2022-11-30T01:43:13.094+0000] {logging_mixin.py:137} INFO - [2022-11-30T01:43:13.094+0000] {dagbag.py:537} INFO - Filling up the DagBag from /opt/airflow/dags/dag_eith_tasksflow_api.py
[2022-11-30T01:43:13.115+0000] {logging_mixin.py:137} WARNING - /home/airflow/.local/lib/python3.7/site-packages/airflow/models/dag.py:3437 RemovedInAirflow3Warning: Param `schedule_interval` is deprecated and will be removed in a future release. Please use `schedule` instead.
[2022-11-30T01:43:13.121+0000] {logging_mixin.py:137} INFO - [2022-11-30T01:43:13.120+0000] {taskmixin.py:205} WARNING - Dependency <Task(_PythonDecoratedOperator): get_name>, greet already registered for DAG: dag_with_taskflow_api_v02
[2022-11-30T01:43:13.121+0000] {logging_mixin.py:137} INFO - [2022-11-30T01:43:13.121+0000] {taskmixin.py:205} WARNING - Dependency <Task(_PythonDecoratedOperator): greet>, get_name already registered for DAG: dag_with_taskflow_api_v02
[2022-11-30T01:43:13.129+0000] {processor.py:766} INFO - DAG(s) dict_keys(['dag_with_taskflow_api_v02']) retrieved from /opt/airflow/dags/dag_eith_tasksflow_api.py
[2022-11-30T01:43:13.170+0000] {logging_mixin.py:137} INFO - [2022-11-30T01:43:13.170+0000] {dag.py:2585} INFO - Sync 1 DAGs
[2022-11-30T01:43:13.204+0000] {logging_mixin.py:137} INFO - [2022-11-30T01:43:13.204+0000] {dag.py:3340} INFO - Setting next_dagrun for dag_with_taskflow_api_v02 to 2022-11-30T00:00:00+00:00, run_after=2022-12-01T00:00:00+00:00
[2022-11-30T01:43:13.225+0000] {processor.py:176} INFO - Processing /opt/airflow/dags/dag_eith_tasksflow_api.py took 0.136 seconds
[2022-11-30T01:43:43.677+0000] {processor.py:154} INFO - Started process (PID=1600) to work on /opt/airflow/dags/dag_eith_tasksflow_api.py
[2022-11-30T01:43:43.677+0000] {processor.py:756} INFO - Processing file /opt/airflow/dags/dag_eith_tasksflow_api.py for tasks to queue
[2022-11-30T01:43:43.678+0000] {logging_mixin.py:137} INFO - [2022-11-30T01:43:43.678+0000] {dagbag.py:537} INFO - Filling up the DagBag from /opt/airflow/dags/dag_eith_tasksflow_api.py
[2022-11-30T01:43:43.697+0000] {logging_mixin.py:137} WARNING - /home/airflow/.local/lib/python3.7/site-packages/airflow/models/dag.py:3437 RemovedInAirflow3Warning: Param `schedule_interval` is deprecated and will be removed in a future release. Please use `schedule` instead.
[2022-11-30T01:43:43.703+0000] {logging_mixin.py:137} INFO - [2022-11-30T01:43:43.703+0000] {taskmixin.py:205} WARNING - Dependency <Task(_PythonDecoratedOperator): get_name>, greet already registered for DAG: dag_with_taskflow_api_v02
[2022-11-30T01:43:43.703+0000] {logging_mixin.py:137} INFO - [2022-11-30T01:43:43.703+0000] {taskmixin.py:205} WARNING - Dependency <Task(_PythonDecoratedOperator): greet>, get_name already registered for DAG: dag_with_taskflow_api_v02
[2022-11-30T01:43:43.712+0000] {processor.py:766} INFO - DAG(s) dict_keys(['dag_with_taskflow_api_v02']) retrieved from /opt/airflow/dags/dag_eith_tasksflow_api.py
[2022-11-30T01:43:43.752+0000] {logging_mixin.py:137} INFO - [2022-11-30T01:43:43.752+0000] {dag.py:2585} INFO - Sync 1 DAGs
[2022-11-30T01:43:43.784+0000] {logging_mixin.py:137} INFO - [2022-11-30T01:43:43.784+0000] {dag.py:3340} INFO - Setting next_dagrun for dag_with_taskflow_api_v02 to 2022-11-30T00:00:00+00:00, run_after=2022-12-01T00:00:00+00:00
[2022-11-30T01:43:43.804+0000] {processor.py:176} INFO - Processing /opt/airflow/dags/dag_eith_tasksflow_api.py took 0.130 seconds
[2022-11-30T01:44:14.262+0000] {processor.py:154} INFO - Started process (PID=1661) to work on /opt/airflow/dags/dag_eith_tasksflow_api.py
[2022-11-30T01:44:14.263+0000] {processor.py:756} INFO - Processing file /opt/airflow/dags/dag_eith_tasksflow_api.py for tasks to queue
[2022-11-30T01:44:14.264+0000] {logging_mixin.py:137} INFO - [2022-11-30T01:44:14.264+0000] {dagbag.py:537} INFO - Filling up the DagBag from /opt/airflow/dags/dag_eith_tasksflow_api.py
[2022-11-30T01:44:14.284+0000] {logging_mixin.py:137} WARNING - /home/airflow/.local/lib/python3.7/site-packages/airflow/models/dag.py:3437 RemovedInAirflow3Warning: Param `schedule_interval` is deprecated and will be removed in a future release. Please use `schedule` instead.
[2022-11-30T01:44:14.291+0000] {logging_mixin.py:137} INFO - [2022-11-30T01:44:14.291+0000] {taskmixin.py:205} WARNING - Dependency <Task(_PythonDecoratedOperator): get_name>, greet already registered for DAG: dag_with_taskflow_api_v02
[2022-11-30T01:44:14.292+0000] {logging_mixin.py:137} INFO - [2022-11-30T01:44:14.291+0000] {taskmixin.py:205} WARNING - Dependency <Task(_PythonDecoratedOperator): greet>, get_name already registered for DAG: dag_with_taskflow_api_v02
[2022-11-30T01:44:14.303+0000] {processor.py:766} INFO - DAG(s) dict_keys(['dag_with_taskflow_api_v02']) retrieved from /opt/airflow/dags/dag_eith_tasksflow_api.py
[2022-11-30T01:44:14.362+0000] {logging_mixin.py:137} INFO - [2022-11-30T01:44:14.361+0000] {dag.py:2585} INFO - Sync 1 DAGs
[2022-11-30T01:44:14.405+0000] {logging_mixin.py:137} INFO - [2022-11-30T01:44:14.405+0000] {dag.py:3340} INFO - Setting next_dagrun for dag_with_taskflow_api_v02 to 2022-11-30T00:00:00+00:00, run_after=2022-12-01T00:00:00+00:00
[2022-11-30T01:44:14.434+0000] {processor.py:176} INFO - Processing /opt/airflow/dags/dag_eith_tasksflow_api.py took 0.175 seconds
[2022-11-30T01:44:44.902+0000] {processor.py:154} INFO - Started process (PID=1736) to work on /opt/airflow/dags/dag_eith_tasksflow_api.py
[2022-11-30T01:44:44.902+0000] {processor.py:756} INFO - Processing file /opt/airflow/dags/dag_eith_tasksflow_api.py for tasks to queue
[2022-11-30T01:44:44.903+0000] {logging_mixin.py:137} INFO - [2022-11-30T01:44:44.903+0000] {dagbag.py:537} INFO - Filling up the DagBag from /opt/airflow/dags/dag_eith_tasksflow_api.py
[2022-11-30T01:44:44.922+0000] {logging_mixin.py:137} WARNING - /home/airflow/.local/lib/python3.7/site-packages/airflow/models/dag.py:3437 RemovedInAirflow3Warning: Param `schedule_interval` is deprecated and will be removed in a future release. Please use `schedule` instead.
[2022-11-30T01:44:44.927+0000] {logging_mixin.py:137} INFO - [2022-11-30T01:44:44.927+0000] {taskmixin.py:205} WARNING - Dependency <Task(_PythonDecoratedOperator): get_name>, greet already registered for DAG: dag_with_taskflow_api_v02
[2022-11-30T01:44:44.927+0000] {logging_mixin.py:137} INFO - [2022-11-30T01:44:44.927+0000] {taskmixin.py:205} WARNING - Dependency <Task(_PythonDecoratedOperator): greet>, get_name already registered for DAG: dag_with_taskflow_api_v02
[2022-11-30T01:44:44.936+0000] {processor.py:766} INFO - DAG(s) dict_keys(['dag_with_taskflow_api_v02']) retrieved from /opt/airflow/dags/dag_eith_tasksflow_api.py
[2022-11-30T01:44:44.975+0000] {logging_mixin.py:137} INFO - [2022-11-30T01:44:44.974+0000] {dag.py:2585} INFO - Sync 1 DAGs
[2022-11-30T01:44:45.007+0000] {logging_mixin.py:137} INFO - [2022-11-30T01:44:45.007+0000] {dag.py:3340} INFO - Setting next_dagrun for dag_with_taskflow_api_v02 to 2022-11-30T00:00:00+00:00, run_after=2022-12-01T00:00:00+00:00
[2022-11-30T01:44:45.029+0000] {processor.py:176} INFO - Processing /opt/airflow/dags/dag_eith_tasksflow_api.py took 0.130 seconds
[2022-11-30T01:45:15.451+0000] {processor.py:154} INFO - Started process (PID=1784) to work on /opt/airflow/dags/dag_eith_tasksflow_api.py
[2022-11-30T01:45:15.451+0000] {processor.py:756} INFO - Processing file /opt/airflow/dags/dag_eith_tasksflow_api.py for tasks to queue
[2022-11-30T01:45:15.452+0000] {logging_mixin.py:137} INFO - [2022-11-30T01:45:15.452+0000] {dagbag.py:537} INFO - Filling up the DagBag from /opt/airflow/dags/dag_eith_tasksflow_api.py
[2022-11-30T01:45:15.475+0000] {logging_mixin.py:137} WARNING - /home/airflow/.local/lib/python3.7/site-packages/airflow/models/dag.py:3437 RemovedInAirflow3Warning: Param `schedule_interval` is deprecated and will be removed in a future release. Please use `schedule` instead.
[2022-11-30T01:45:15.481+0000] {logging_mixin.py:137} INFO - [2022-11-30T01:45:15.481+0000] {taskmixin.py:205} WARNING - Dependency <Task(_PythonDecoratedOperator): get_name>, greet already registered for DAG: dag_with_taskflow_api_v02
[2022-11-30T01:45:15.481+0000] {logging_mixin.py:137} INFO - [2022-11-30T01:45:15.481+0000] {taskmixin.py:205} WARNING - Dependency <Task(_PythonDecoratedOperator): greet>, get_name already registered for DAG: dag_with_taskflow_api_v02
[2022-11-30T01:45:15.488+0000] {processor.py:766} INFO - DAG(s) dict_keys(['dag_with_taskflow_api_v02']) retrieved from /opt/airflow/dags/dag_eith_tasksflow_api.py
[2022-11-30T01:45:15.530+0000] {logging_mixin.py:137} INFO - [2022-11-30T01:45:15.529+0000] {dag.py:2585} INFO - Sync 1 DAGs
[2022-11-30T01:45:15.566+0000] {logging_mixin.py:137} INFO - [2022-11-30T01:45:15.566+0000] {dag.py:3340} INFO - Setting next_dagrun for dag_with_taskflow_api_v02 to 2022-11-30T00:00:00+00:00, run_after=2022-12-01T00:00:00+00:00
[2022-11-30T01:45:15.592+0000] {processor.py:176} INFO - Processing /opt/airflow/dags/dag_eith_tasksflow_api.py took 0.144 seconds
[2022-11-30T01:45:45.995+0000] {processor.py:154} INFO - Started process (PID=1840) to work on /opt/airflow/dags/dag_eith_tasksflow_api.py
[2022-11-30T01:45:45.995+0000] {processor.py:756} INFO - Processing file /opt/airflow/dags/dag_eith_tasksflow_api.py for tasks to queue
[2022-11-30T01:45:45.996+0000] {logging_mixin.py:137} INFO - [2022-11-30T01:45:45.996+0000] {dagbag.py:537} INFO - Filling up the DagBag from /opt/airflow/dags/dag_eith_tasksflow_api.py
[2022-11-30T01:45:46.015+0000] {logging_mixin.py:137} WARNING - /home/airflow/.local/lib/python3.7/site-packages/airflow/models/dag.py:3437 RemovedInAirflow3Warning: Param `schedule_interval` is deprecated and will be removed in a future release. Please use `schedule` instead.
[2022-11-30T01:45:46.020+0000] {logging_mixin.py:137} INFO - [2022-11-30T01:45:46.019+0000] {taskmixin.py:205} WARNING - Dependency <Task(_PythonDecoratedOperator): get_name>, greet already registered for DAG: dag_with_taskflow_api_v02
[2022-11-30T01:45:46.020+0000] {logging_mixin.py:137} INFO - [2022-11-30T01:45:46.020+0000] {taskmixin.py:205} WARNING - Dependency <Task(_PythonDecoratedOperator): greet>, get_name already registered for DAG: dag_with_taskflow_api_v02
[2022-11-30T01:45:46.026+0000] {processor.py:766} INFO - DAG(s) dict_keys(['dag_with_taskflow_api_v02']) retrieved from /opt/airflow/dags/dag_eith_tasksflow_api.py
[2022-11-30T01:45:46.066+0000] {logging_mixin.py:137} INFO - [2022-11-30T01:45:46.066+0000] {dag.py:2585} INFO - Sync 1 DAGs
[2022-11-30T01:45:46.099+0000] {logging_mixin.py:137} INFO - [2022-11-30T01:45:46.099+0000] {dag.py:3340} INFO - Setting next_dagrun for dag_with_taskflow_api_v02 to 2022-11-30T00:00:00+00:00, run_after=2022-12-01T00:00:00+00:00
[2022-11-30T01:45:46.119+0000] {processor.py:176} INFO - Processing /opt/airflow/dags/dag_eith_tasksflow_api.py took 0.129 seconds
[2022-11-30T01:46:16.509+0000] {processor.py:154} INFO - Started process (PID=1899) to work on /opt/airflow/dags/dag_eith_tasksflow_api.py
[2022-11-30T01:46:16.511+0000] {processor.py:756} INFO - Processing file /opt/airflow/dags/dag_eith_tasksflow_api.py for tasks to queue
[2022-11-30T01:46:16.511+0000] {logging_mixin.py:137} INFO - [2022-11-30T01:46:16.511+0000] {dagbag.py:537} INFO - Filling up the DagBag from /opt/airflow/dags/dag_eith_tasksflow_api.py
[2022-11-30T01:46:16.531+0000] {logging_mixin.py:137} WARNING - /home/airflow/.local/lib/python3.7/site-packages/airflow/models/dag.py:3437 RemovedInAirflow3Warning: Param `schedule_interval` is deprecated and will be removed in a future release. Please use `schedule` instead.
[2022-11-30T01:46:16.537+0000] {logging_mixin.py:137} INFO - [2022-11-30T01:46:16.537+0000] {taskmixin.py:205} WARNING - Dependency <Task(_PythonDecoratedOperator): get_name>, greet already registered for DAG: dag_with_taskflow_api_v02
[2022-11-30T01:46:16.537+0000] {logging_mixin.py:137} INFO - [2022-11-30T01:46:16.537+0000] {taskmixin.py:205} WARNING - Dependency <Task(_PythonDecoratedOperator): greet>, get_name already registered for DAG: dag_with_taskflow_api_v02
[2022-11-30T01:46:16.545+0000] {processor.py:766} INFO - DAG(s) dict_keys(['dag_with_taskflow_api_v02']) retrieved from /opt/airflow/dags/dag_eith_tasksflow_api.py
[2022-11-30T01:46:16.586+0000] {logging_mixin.py:137} INFO - [2022-11-30T01:46:16.586+0000] {dag.py:2585} INFO - Sync 1 DAGs
[2022-11-30T01:46:16.620+0000] {logging_mixin.py:137} INFO - [2022-11-30T01:46:16.620+0000] {dag.py:3340} INFO - Setting next_dagrun for dag_with_taskflow_api_v02 to 2022-11-30T00:00:00+00:00, run_after=2022-12-01T00:00:00+00:00
[2022-11-30T01:46:16.642+0000] {processor.py:176} INFO - Processing /opt/airflow/dags/dag_eith_tasksflow_api.py took 0.136 seconds
[2022-11-30T01:46:47.092+0000] {processor.py:154} INFO - Started process (PID=1945) to work on /opt/airflow/dags/dag_eith_tasksflow_api.py
[2022-11-30T01:46:47.092+0000] {processor.py:756} INFO - Processing file /opt/airflow/dags/dag_eith_tasksflow_api.py for tasks to queue
[2022-11-30T01:46:47.093+0000] {logging_mixin.py:137} INFO - [2022-11-30T01:46:47.093+0000] {dagbag.py:537} INFO - Filling up the DagBag from /opt/airflow/dags/dag_eith_tasksflow_api.py
[2022-11-30T01:46:47.120+0000] {logging_mixin.py:137} WARNING - /home/airflow/.local/lib/python3.7/site-packages/airflow/models/dag.py:3437 RemovedInAirflow3Warning: Param `schedule_interval` is deprecated and will be removed in a future release. Please use `schedule` instead.
[2022-11-30T01:46:47.127+0000] {logging_mixin.py:137} INFO - [2022-11-30T01:46:47.126+0000] {taskmixin.py:205} WARNING - Dependency <Task(_PythonDecoratedOperator): get_name>, greet already registered for DAG: dag_with_taskflow_api_v02
[2022-11-30T01:46:47.127+0000] {logging_mixin.py:137} INFO - [2022-11-30T01:46:47.127+0000] {taskmixin.py:205} WARNING - Dependency <Task(_PythonDecoratedOperator): greet>, get_name already registered for DAG: dag_with_taskflow_api_v02
[2022-11-30T01:46:47.135+0000] {processor.py:766} INFO - DAG(s) dict_keys(['dag_with_taskflow_api_v02']) retrieved from /opt/airflow/dags/dag_eith_tasksflow_api.py
[2022-11-30T01:46:47.184+0000] {logging_mixin.py:137} INFO - [2022-11-30T01:46:47.184+0000] {dag.py:2585} INFO - Sync 1 DAGs
[2022-11-30T01:46:47.236+0000] {logging_mixin.py:137} INFO - [2022-11-30T01:46:47.236+0000] {dag.py:3340} INFO - Setting next_dagrun for dag_with_taskflow_api_v02 to 2022-11-30T00:00:00+00:00, run_after=2022-12-01T00:00:00+00:00
[2022-11-30T01:46:47.266+0000] {processor.py:176} INFO - Processing /opt/airflow/dags/dag_eith_tasksflow_api.py took 0.177 seconds
[2022-11-30T01:47:18.039+0000] {processor.py:154} INFO - Started process (PID=2023) to work on /opt/airflow/dags/dag_eith_tasksflow_api.py
[2022-11-30T01:47:18.040+0000] {processor.py:756} INFO - Processing file /opt/airflow/dags/dag_eith_tasksflow_api.py for tasks to queue
[2022-11-30T01:47:18.041+0000] {logging_mixin.py:137} INFO - [2022-11-30T01:47:18.040+0000] {dagbag.py:537} INFO - Filling up the DagBag from /opt/airflow/dags/dag_eith_tasksflow_api.py
[2022-11-30T01:47:18.060+0000] {logging_mixin.py:137} WARNING - /home/airflow/.local/lib/python3.7/site-packages/airflow/models/dag.py:3437 RemovedInAirflow3Warning: Param `schedule_interval` is deprecated and will be removed in a future release. Please use `schedule` instead.
[2022-11-30T01:47:18.065+0000] {logging_mixin.py:137} INFO - [2022-11-30T01:47:18.065+0000] {taskmixin.py:205} WARNING - Dependency <Task(_PythonDecoratedOperator): get_name>, greet already registered for DAG: dag_with_taskflow_api_v02
[2022-11-30T01:47:18.066+0000] {logging_mixin.py:137} INFO - [2022-11-30T01:47:18.065+0000] {taskmixin.py:205} WARNING - Dependency <Task(_PythonDecoratedOperator): greet>, get_name already registered for DAG: dag_with_taskflow_api_v02
[2022-11-30T01:47:18.073+0000] {processor.py:766} INFO - DAG(s) dict_keys(['dag_with_taskflow_api_v02']) retrieved from /opt/airflow/dags/dag_eith_tasksflow_api.py
[2022-11-30T01:47:18.112+0000] {logging_mixin.py:137} INFO - [2022-11-30T01:47:18.112+0000] {dag.py:2585} INFO - Sync 1 DAGs
[2022-11-30T01:47:18.144+0000] {logging_mixin.py:137} INFO - [2022-11-30T01:47:18.143+0000] {dag.py:3340} INFO - Setting next_dagrun for dag_with_taskflow_api_v02 to 2022-11-30T00:00:00+00:00, run_after=2022-12-01T00:00:00+00:00
[2022-11-30T01:47:18.164+0000] {processor.py:176} INFO - Processing /opt/airflow/dags/dag_eith_tasksflow_api.py took 0.128 seconds
[2022-11-30T01:47:48.220+0000] {processor.py:154} INFO - Started process (PID=2118) to work on /opt/airflow/dags/dag_eith_tasksflow_api.py
[2022-11-30T01:47:48.220+0000] {processor.py:756} INFO - Processing file /opt/airflow/dags/dag_eith_tasksflow_api.py for tasks to queue
[2022-11-30T01:47:48.221+0000] {logging_mixin.py:137} INFO - [2022-11-30T01:47:48.221+0000] {dagbag.py:537} INFO - Filling up the DagBag from /opt/airflow/dags/dag_eith_tasksflow_api.py
[2022-11-30T01:47:48.237+0000] {logging_mixin.py:137} WARNING - /home/airflow/.local/lib/python3.7/site-packages/airflow/models/dag.py:3437 RemovedInAirflow3Warning: Param `schedule_interval` is deprecated and will be removed in a future release. Please use `schedule` instead.
[2022-11-30T01:47:48.242+0000] {logging_mixin.py:137} INFO - [2022-11-30T01:47:48.242+0000] {taskmixin.py:205} WARNING - Dependency <Task(_PythonDecoratedOperator): get_name>, greet already registered for DAG: dag_with_taskflow_api_v02
[2022-11-30T01:47:48.242+0000] {logging_mixin.py:137} INFO - [2022-11-30T01:47:48.242+0000] {taskmixin.py:205} WARNING - Dependency <Task(_PythonDecoratedOperator): greet>, get_name already registered for DAG: dag_with_taskflow_api_v02
[2022-11-30T01:47:48.249+0000] {processor.py:766} INFO - DAG(s) dict_keys(['dag_with_taskflow_api_v02']) retrieved from /opt/airflow/dags/dag_eith_tasksflow_api.py
[2022-11-30T01:47:48.283+0000] {logging_mixin.py:137} INFO - [2022-11-30T01:47:48.283+0000] {dag.py:2585} INFO - Sync 1 DAGs
[2022-11-30T01:47:48.313+0000] {logging_mixin.py:137} INFO - [2022-11-30T01:47:48.313+0000] {dag.py:3340} INFO - Setting next_dagrun for dag_with_taskflow_api_v02 to 2022-11-30T00:00:00+00:00, run_after=2022-12-01T00:00:00+00:00
[2022-11-30T01:47:48.351+0000] {processor.py:176} INFO - Processing /opt/airflow/dags/dag_eith_tasksflow_api.py took 0.133 seconds
[2022-11-30T01:48:19.079+0000] {processor.py:154} INFO - Started process (PID=2198) to work on /opt/airflow/dags/dag_eith_tasksflow_api.py
[2022-11-30T01:48:19.080+0000] {processor.py:756} INFO - Processing file /opt/airflow/dags/dag_eith_tasksflow_api.py for tasks to queue
[2022-11-30T01:48:19.080+0000] {logging_mixin.py:137} INFO - [2022-11-30T01:48:19.080+0000] {dagbag.py:537} INFO - Filling up the DagBag from /opt/airflow/dags/dag_eith_tasksflow_api.py
[2022-11-30T01:48:19.100+0000] {logging_mixin.py:137} WARNING - /home/airflow/.local/lib/python3.7/site-packages/airflow/models/dag.py:3437 RemovedInAirflow3Warning: Param `schedule_interval` is deprecated and will be removed in a future release. Please use `schedule` instead.
[2022-11-30T01:48:19.106+0000] {logging_mixin.py:137} INFO - [2022-11-30T01:48:19.106+0000] {taskmixin.py:205} WARNING - Dependency <Task(_PythonDecoratedOperator): get_name>, greet already registered for DAG: dag_with_taskflow_api_v02
[2022-11-30T01:48:19.107+0000] {logging_mixin.py:137} INFO - [2022-11-30T01:48:19.107+0000] {taskmixin.py:205} WARNING - Dependency <Task(_PythonDecoratedOperator): greet>, get_name already registered for DAG: dag_with_taskflow_api_v02
[2022-11-30T01:48:19.114+0000] {processor.py:766} INFO - DAG(s) dict_keys(['dag_with_taskflow_api_v02']) retrieved from /opt/airflow/dags/dag_eith_tasksflow_api.py
[2022-11-30T01:48:19.155+0000] {logging_mixin.py:137} INFO - [2022-11-30T01:48:19.155+0000] {dag.py:2585} INFO - Sync 1 DAGs
[2022-11-30T01:48:19.190+0000] {logging_mixin.py:137} INFO - [2022-11-30T01:48:19.189+0000] {dag.py:3340} INFO - Setting next_dagrun for dag_with_taskflow_api_v02 to 2022-11-30T00:00:00+00:00, run_after=2022-12-01T00:00:00+00:00
[2022-11-30T01:48:19.211+0000] {processor.py:176} INFO - Processing /opt/airflow/dags/dag_eith_tasksflow_api.py took 0.134 seconds
[2022-11-30T01:48:49.885+0000] {processor.py:154} INFO - Started process (PID=2258) to work on /opt/airflow/dags/dag_eith_tasksflow_api.py
[2022-11-30T01:48:49.885+0000] {processor.py:756} INFO - Processing file /opt/airflow/dags/dag_eith_tasksflow_api.py for tasks to queue
[2022-11-30T01:48:49.886+0000] {logging_mixin.py:137} INFO - [2022-11-30T01:48:49.886+0000] {dagbag.py:537} INFO - Filling up the DagBag from /opt/airflow/dags/dag_eith_tasksflow_api.py
[2022-11-30T01:48:49.905+0000] {logging_mixin.py:137} WARNING - /home/airflow/.local/lib/python3.7/site-packages/airflow/models/dag.py:3437 RemovedInAirflow3Warning: Param `schedule_interval` is deprecated and will be removed in a future release. Please use `schedule` instead.
[2022-11-30T01:48:49.910+0000] {logging_mixin.py:137} INFO - [2022-11-30T01:48:49.910+0000] {taskmixin.py:205} WARNING - Dependency <Task(_PythonDecoratedOperator): get_name>, greet already registered for DAG: dag_with_taskflow_api_v02
[2022-11-30T01:48:49.911+0000] {logging_mixin.py:137} INFO - [2022-11-30T01:48:49.911+0000] {taskmixin.py:205} WARNING - Dependency <Task(_PythonDecoratedOperator): greet>, get_name already registered for DAG: dag_with_taskflow_api_v02
[2022-11-30T01:48:49.918+0000] {processor.py:766} INFO - DAG(s) dict_keys(['dag_with_taskflow_api_v02']) retrieved from /opt/airflow/dags/dag_eith_tasksflow_api.py
[2022-11-30T01:48:49.972+0000] {logging_mixin.py:137} INFO - [2022-11-30T01:48:49.972+0000] {dag.py:2585} INFO - Sync 1 DAGs
[2022-11-30T01:48:50.010+0000] {logging_mixin.py:137} INFO - [2022-11-30T01:48:50.010+0000] {dag.py:3340} INFO - Setting next_dagrun for dag_with_taskflow_api_v02 to 2022-11-30T00:00:00+00:00, run_after=2022-12-01T00:00:00+00:00
[2022-11-30T01:48:50.057+0000] {processor.py:176} INFO - Processing /opt/airflow/dags/dag_eith_tasksflow_api.py took 0.175 seconds
[2022-11-30T01:49:20.617+0000] {processor.py:154} INFO - Started process (PID=2344) to work on /opt/airflow/dags/dag_eith_tasksflow_api.py
[2022-11-30T01:49:20.619+0000] {processor.py:756} INFO - Processing file /opt/airflow/dags/dag_eith_tasksflow_api.py for tasks to queue
[2022-11-30T01:49:20.620+0000] {logging_mixin.py:137} INFO - [2022-11-30T01:49:20.620+0000] {dagbag.py:537} INFO - Filling up the DagBag from /opt/airflow/dags/dag_eith_tasksflow_api.py
[2022-11-30T01:49:20.639+0000] {logging_mixin.py:137} WARNING - /home/airflow/.local/lib/python3.7/site-packages/airflow/models/dag.py:3437 RemovedInAirflow3Warning: Param `schedule_interval` is deprecated and will be removed in a future release. Please use `schedule` instead.
[2022-11-30T01:49:20.647+0000] {logging_mixin.py:137} INFO - [2022-11-30T01:49:20.647+0000] {taskmixin.py:205} WARNING - Dependency <Task(_PythonDecoratedOperator): get_name>, greet already registered for DAG: dag_with_taskflow_api_v02
[2022-11-30T01:49:20.647+0000] {logging_mixin.py:137} INFO - [2022-11-30T01:49:20.647+0000] {taskmixin.py:205} WARNING - Dependency <Task(_PythonDecoratedOperator): greet>, get_name already registered for DAG: dag_with_taskflow_api_v02
[2022-11-30T01:49:20.662+0000] {processor.py:766} INFO - DAG(s) dict_keys(['dag_with_taskflow_api_v02']) retrieved from /opt/airflow/dags/dag_eith_tasksflow_api.py
[2022-11-30T01:49:20.722+0000] {logging_mixin.py:137} INFO - [2022-11-30T01:49:20.722+0000] {dag.py:2585} INFO - Sync 1 DAGs
[2022-11-30T01:49:20.768+0000] {logging_mixin.py:137} INFO - [2022-11-30T01:49:20.768+0000] {dag.py:3340} INFO - Setting next_dagrun for dag_with_taskflow_api_v02 to 2022-11-30T00:00:00+00:00, run_after=2022-12-01T00:00:00+00:00
[2022-11-30T01:49:20.791+0000] {processor.py:176} INFO - Processing /opt/airflow/dags/dag_eith_tasksflow_api.py took 0.179 seconds
[2022-11-30T01:49:51.250+0000] {processor.py:154} INFO - Started process (PID=2394) to work on /opt/airflow/dags/dag_eith_tasksflow_api.py
[2022-11-30T01:49:51.251+0000] {processor.py:756} INFO - Processing file /opt/airflow/dags/dag_eith_tasksflow_api.py for tasks to queue
[2022-11-30T01:49:51.251+0000] {logging_mixin.py:137} INFO - [2022-11-30T01:49:51.251+0000] {dagbag.py:537} INFO - Filling up the DagBag from /opt/airflow/dags/dag_eith_tasksflow_api.py
[2022-11-30T01:49:51.271+0000] {logging_mixin.py:137} WARNING - /home/airflow/.local/lib/python3.7/site-packages/airflow/models/dag.py:3437 RemovedInAirflow3Warning: Param `schedule_interval` is deprecated and will be removed in a future release. Please use `schedule` instead.
[2022-11-30T01:49:51.277+0000] {logging_mixin.py:137} INFO - [2022-11-30T01:49:51.276+0000] {taskmixin.py:205} WARNING - Dependency <Task(_PythonDecoratedOperator): get_name>, greet already registered for DAG: dag_with_taskflow_api_v02
[2022-11-30T01:49:51.277+0000] {logging_mixin.py:137} INFO - [2022-11-30T01:49:51.277+0000] {taskmixin.py:205} WARNING - Dependency <Task(_PythonDecoratedOperator): greet>, get_name already registered for DAG: dag_with_taskflow_api_v02
[2022-11-30T01:49:51.284+0000] {processor.py:766} INFO - DAG(s) dict_keys(['dag_with_taskflow_api_v02']) retrieved from /opt/airflow/dags/dag_eith_tasksflow_api.py
[2022-11-30T01:49:51.323+0000] {logging_mixin.py:137} INFO - [2022-11-30T01:49:51.323+0000] {dag.py:2585} INFO - Sync 1 DAGs
[2022-11-30T01:49:51.355+0000] {logging_mixin.py:137} INFO - [2022-11-30T01:49:51.355+0000] {dag.py:3340} INFO - Setting next_dagrun for dag_with_taskflow_api_v02 to 2022-11-30T00:00:00+00:00, run_after=2022-12-01T00:00:00+00:00
[2022-11-30T01:49:51.383+0000] {processor.py:176} INFO - Processing /opt/airflow/dags/dag_eith_tasksflow_api.py took 0.136 seconds
[2022-11-30T01:50:21.843+0000] {processor.py:154} INFO - Started process (PID=2452) to work on /opt/airflow/dags/dag_eith_tasksflow_api.py
[2022-11-30T01:50:21.844+0000] {processor.py:756} INFO - Processing file /opt/airflow/dags/dag_eith_tasksflow_api.py for tasks to queue
[2022-11-30T01:50:21.846+0000] {logging_mixin.py:137} INFO - [2022-11-30T01:50:21.845+0000] {dagbag.py:537} INFO - Filling up the DagBag from /opt/airflow/dags/dag_eith_tasksflow_api.py
[2022-11-30T01:50:21.878+0000] {logging_mixin.py:137} WARNING - /home/airflow/.local/lib/python3.7/site-packages/airflow/models/dag.py:3437 RemovedInAirflow3Warning: Param `schedule_interval` is deprecated and will be removed in a future release. Please use `schedule` instead.
[2022-11-30T01:50:21.884+0000] {logging_mixin.py:137} INFO - [2022-11-30T01:50:21.884+0000] {taskmixin.py:205} WARNING - Dependency <Task(_PythonDecoratedOperator): get_name>, greet already registered for DAG: dag_with_taskflow_api_v02
[2022-11-30T01:50:21.884+0000] {logging_mixin.py:137} INFO - [2022-11-30T01:50:21.884+0000] {taskmixin.py:205} WARNING - Dependency <Task(_PythonDecoratedOperator): greet>, get_name already registered for DAG: dag_with_taskflow_api_v02
[2022-11-30T01:50:21.891+0000] {processor.py:766} INFO - DAG(s) dict_keys(['dag_with_taskflow_api_v02']) retrieved from /opt/airflow/dags/dag_eith_tasksflow_api.py
[2022-11-30T01:50:21.930+0000] {logging_mixin.py:137} INFO - [2022-11-30T01:50:21.930+0000] {dag.py:2585} INFO - Sync 1 DAGs
[2022-11-30T01:50:21.960+0000] {logging_mixin.py:137} INFO - [2022-11-30T01:50:21.959+0000] {dag.py:3340} INFO - Setting next_dagrun for dag_with_taskflow_api_v02 to 2022-11-30T00:00:00+00:00, run_after=2022-12-01T00:00:00+00:00
[2022-11-30T01:50:21.977+0000] {processor.py:176} INFO - Processing /opt/airflow/dags/dag_eith_tasksflow_api.py took 0.139 seconds
[2022-11-30T01:50:52.531+0000] {processor.py:154} INFO - Started process (PID=2511) to work on /opt/airflow/dags/dag_eith_tasksflow_api.py
[2022-11-30T01:50:52.532+0000] {processor.py:756} INFO - Processing file /opt/airflow/dags/dag_eith_tasksflow_api.py for tasks to queue
[2022-11-30T01:50:52.532+0000] {logging_mixin.py:137} INFO - [2022-11-30T01:50:52.532+0000] {dagbag.py:537} INFO - Filling up the DagBag from /opt/airflow/dags/dag_eith_tasksflow_api.py
[2022-11-30T01:50:52.572+0000] {logging_mixin.py:137} WARNING - /home/airflow/.local/lib/python3.7/site-packages/airflow/models/dag.py:3437 RemovedInAirflow3Warning: Param `schedule_interval` is deprecated and will be removed in a future release. Please use `schedule` instead.
[2022-11-30T01:50:52.579+0000] {logging_mixin.py:137} INFO - [2022-11-30T01:50:52.578+0000] {taskmixin.py:205} WARNING - Dependency <Task(_PythonDecoratedOperator): get_name>, greet already registered for DAG: dag_with_taskflow_api_v02
[2022-11-30T01:50:52.579+0000] {logging_mixin.py:137} INFO - [2022-11-30T01:50:52.579+0000] {taskmixin.py:205} WARNING - Dependency <Task(_PythonDecoratedOperator): greet>, get_name already registered for DAG: dag_with_taskflow_api_v02
[2022-11-30T01:50:52.589+0000] {processor.py:766} INFO - DAG(s) dict_keys(['dag_with_taskflow_api_v02']) retrieved from /opt/airflow/dags/dag_eith_tasksflow_api.py
[2022-11-30T01:50:52.640+0000] {logging_mixin.py:137} INFO - [2022-11-30T01:50:52.639+0000] {dag.py:2585} INFO - Sync 1 DAGs
[2022-11-30T01:50:52.674+0000] {logging_mixin.py:137} INFO - [2022-11-30T01:50:52.674+0000] {dag.py:3340} INFO - Setting next_dagrun for dag_with_taskflow_api_v02 to 2022-11-30T00:00:00+00:00, run_after=2022-12-01T00:00:00+00:00
[2022-11-30T01:50:52.700+0000] {processor.py:176} INFO - Processing /opt/airflow/dags/dag_eith_tasksflow_api.py took 0.172 seconds
[2022-11-30T01:51:23.176+0000] {processor.py:154} INFO - Started process (PID=2559) to work on /opt/airflow/dags/dag_eith_tasksflow_api.py
[2022-11-30T01:51:23.177+0000] {processor.py:756} INFO - Processing file /opt/airflow/dags/dag_eith_tasksflow_api.py for tasks to queue
[2022-11-30T01:51:23.178+0000] {logging_mixin.py:137} INFO - [2022-11-30T01:51:23.178+0000] {dagbag.py:537} INFO - Filling up the DagBag from /opt/airflow/dags/dag_eith_tasksflow_api.py
[2022-11-30T01:51:23.200+0000] {logging_mixin.py:137} WARNING - /home/airflow/.local/lib/python3.7/site-packages/airflow/models/dag.py:3437 RemovedInAirflow3Warning: Param `schedule_interval` is deprecated and will be removed in a future release. Please use `schedule` instead.
[2022-11-30T01:51:23.206+0000] {logging_mixin.py:137} INFO - [2022-11-30T01:51:23.206+0000] {taskmixin.py:205} WARNING - Dependency <Task(_PythonDecoratedOperator): get_name>, greet already registered for DAG: dag_with_taskflow_api_v02
[2022-11-30T01:51:23.206+0000] {logging_mixin.py:137} INFO - [2022-11-30T01:51:23.206+0000] {taskmixin.py:205} WARNING - Dependency <Task(_PythonDecoratedOperator): greet>, get_name already registered for DAG: dag_with_taskflow_api_v02
[2022-11-30T01:51:23.215+0000] {processor.py:766} INFO - DAG(s) dict_keys(['dag_with_taskflow_api_v02']) retrieved from /opt/airflow/dags/dag_eith_tasksflow_api.py
[2022-11-30T01:51:23.257+0000] {logging_mixin.py:137} INFO - [2022-11-30T01:51:23.257+0000] {dag.py:2585} INFO - Sync 1 DAGs
[2022-11-30T01:51:23.293+0000] {logging_mixin.py:137} INFO - [2022-11-30T01:51:23.293+0000] {dag.py:3340} INFO - Setting next_dagrun for dag_with_taskflow_api_v02 to 2022-11-30T00:00:00+00:00, run_after=2022-12-01T00:00:00+00:00
[2022-11-30T01:51:23.325+0000] {processor.py:176} INFO - Processing /opt/airflow/dags/dag_eith_tasksflow_api.py took 0.152 seconds
