[2022-11-30T01:32:29.624+0000] {processor.py:154} INFO - Started process (PID=197) to work on /opt/airflow/dags/our_first_dag.py
[2022-11-30T01:32:29.625+0000] {processor.py:756} INFO - Processing file /opt/airflow/dags/our_first_dag.py for tasks to queue
[2022-11-30T01:32:29.626+0000] {logging_mixin.py:137} INFO - [2022-11-30T01:32:29.626+0000] {dagbag.py:537} INFO - Filling up the DagBag from /opt/airflow/dags/our_first_dag.py
[2022-11-30T01:32:29.679+0000] {processor.py:766} INFO - DAG(s) dict_keys(['our_first_dag_v5']) retrieved from /opt/airflow/dags/our_first_dag.py
[2022-11-30T01:32:29.788+0000] {logging_mixin.py:137} INFO - [2022-11-30T01:32:29.788+0000] {dag.py:2585} INFO - Sync 1 DAGs
[2022-11-30T01:32:29.817+0000] {logging_mixin.py:137} INFO - [2022-11-30T01:32:29.817+0000] {dag.py:3340} INFO - Setting next_dagrun for our_first_dag_v5 to 2022-11-22T00:00:00+00:00, run_after=2022-11-23T00:00:00+00:00
[2022-11-30T01:32:29.840+0000] {processor.py:176} INFO - Processing /opt/airflow/dags/our_first_dag.py took 0.220 seconds
[2022-11-30T01:33:00.573+0000] {processor.py:154} INFO - Started process (PID=293) to work on /opt/airflow/dags/our_first_dag.py
[2022-11-30T01:33:00.574+0000] {processor.py:756} INFO - Processing file /opt/airflow/dags/our_first_dag.py for tasks to queue
[2022-11-30T01:33:00.575+0000] {logging_mixin.py:137} INFO - [2022-11-30T01:33:00.575+0000] {dagbag.py:537} INFO - Filling up the DagBag from /opt/airflow/dags/our_first_dag.py
[2022-11-30T01:33:00.590+0000] {processor.py:766} INFO - DAG(s) dict_keys(['our_first_dag_v5']) retrieved from /opt/airflow/dags/our_first_dag.py
[2022-11-30T01:33:00.677+0000] {logging_mixin.py:137} INFO - [2022-11-30T01:33:00.677+0000] {dag.py:2585} INFO - Sync 1 DAGs
[2022-11-30T01:33:00.708+0000] {logging_mixin.py:137} INFO - [2022-11-30T01:33:00.708+0000] {dag.py:3340} INFO - Setting next_dagrun for our_first_dag_v5 to 2022-11-22T00:00:00+00:00, run_after=2022-11-23T00:00:00+00:00
[2022-11-30T01:33:00.733+0000] {processor.py:176} INFO - Processing /opt/airflow/dags/our_first_dag.py took 0.162 seconds
[2022-11-30T01:33:31.134+0000] {processor.py:154} INFO - Started process (PID=341) to work on /opt/airflow/dags/our_first_dag.py
[2022-11-30T01:33:31.134+0000] {processor.py:756} INFO - Processing file /opt/airflow/dags/our_first_dag.py for tasks to queue
[2022-11-30T01:33:31.135+0000] {logging_mixin.py:137} INFO - [2022-11-30T01:33:31.135+0000] {dagbag.py:537} INFO - Filling up the DagBag from /opt/airflow/dags/our_first_dag.py
[2022-11-30T01:33:31.153+0000] {processor.py:766} INFO - DAG(s) dict_keys(['our_first_dag_v5']) retrieved from /opt/airflow/dags/our_first_dag.py
[2022-11-30T01:33:31.192+0000] {logging_mixin.py:137} INFO - [2022-11-30T01:33:31.192+0000] {dag.py:2585} INFO - Sync 1 DAGs
[2022-11-30T01:33:31.225+0000] {logging_mixin.py:137} INFO - [2022-11-30T01:33:31.225+0000] {dag.py:3340} INFO - Setting next_dagrun for our_first_dag_v5 to 2022-11-22T00:00:00+00:00, run_after=2022-11-23T00:00:00+00:00
[2022-11-30T01:33:31.246+0000] {processor.py:176} INFO - Processing /opt/airflow/dags/our_first_dag.py took 0.115 seconds
[2022-11-30T01:34:01.801+0000] {processor.py:154} INFO - Started process (PID=397) to work on /opt/airflow/dags/our_first_dag.py
[2022-11-30T01:34:01.804+0000] {processor.py:756} INFO - Processing file /opt/airflow/dags/our_first_dag.py for tasks to queue
[2022-11-30T01:34:01.805+0000] {logging_mixin.py:137} INFO - [2022-11-30T01:34:01.805+0000] {dagbag.py:537} INFO - Filling up the DagBag from /opt/airflow/dags/our_first_dag.py
[2022-11-30T01:34:01.823+0000] {processor.py:766} INFO - DAG(s) dict_keys(['our_first_dag_v5']) retrieved from /opt/airflow/dags/our_first_dag.py
[2022-11-30T01:34:01.863+0000] {logging_mixin.py:137} INFO - [2022-11-30T01:34:01.863+0000] {dag.py:2585} INFO - Sync 1 DAGs
[2022-11-30T01:34:01.893+0000] {logging_mixin.py:137} INFO - [2022-11-30T01:34:01.893+0000] {dag.py:3340} INFO - Setting next_dagrun for our_first_dag_v5 to 2022-11-22T00:00:00+00:00, run_after=2022-11-23T00:00:00+00:00
[2022-11-30T01:34:01.914+0000] {processor.py:176} INFO - Processing /opt/airflow/dags/our_first_dag.py took 0.115 seconds
[2022-11-30T01:34:32.363+0000] {processor.py:154} INFO - Started process (PID=465) to work on /opt/airflow/dags/our_first_dag.py
[2022-11-30T01:34:32.364+0000] {processor.py:756} INFO - Processing file /opt/airflow/dags/our_first_dag.py for tasks to queue
[2022-11-30T01:34:32.364+0000] {logging_mixin.py:137} INFO - [2022-11-30T01:34:32.364+0000] {dagbag.py:537} INFO - Filling up the DagBag from /opt/airflow/dags/our_first_dag.py
[2022-11-30T01:34:32.378+0000] {processor.py:766} INFO - DAG(s) dict_keys(['our_first_dag_v5']) retrieved from /opt/airflow/dags/our_first_dag.py
[2022-11-30T01:34:32.413+0000] {logging_mixin.py:137} INFO - [2022-11-30T01:34:32.413+0000] {dag.py:2585} INFO - Sync 1 DAGs
[2022-11-30T01:34:32.441+0000] {logging_mixin.py:137} INFO - [2022-11-30T01:34:32.441+0000] {dag.py:3340} INFO - Setting next_dagrun for our_first_dag_v5 to 2022-11-22T00:00:00+00:00, run_after=2022-11-23T00:00:00+00:00
[2022-11-30T01:34:32.460+0000] {processor.py:176} INFO - Processing /opt/airflow/dags/our_first_dag.py took 0.099 seconds
[2022-11-30T01:35:02.936+0000] {processor.py:154} INFO - Started process (PID=511) to work on /opt/airflow/dags/our_first_dag.py
[2022-11-30T01:35:02.937+0000] {processor.py:756} INFO - Processing file /opt/airflow/dags/our_first_dag.py for tasks to queue
[2022-11-30T01:35:02.938+0000] {logging_mixin.py:137} INFO - [2022-11-30T01:35:02.937+0000] {dagbag.py:537} INFO - Filling up the DagBag from /opt/airflow/dags/our_first_dag.py
[2022-11-30T01:35:02.955+0000] {processor.py:766} INFO - DAG(s) dict_keys(['our_first_dag_v5']) retrieved from /opt/airflow/dags/our_first_dag.py
[2022-11-30T01:35:03.003+0000] {logging_mixin.py:137} INFO - [2022-11-30T01:35:03.002+0000] {dag.py:2585} INFO - Sync 1 DAGs
[2022-11-30T01:35:03.037+0000] {logging_mixin.py:137} INFO - [2022-11-30T01:35:03.036+0000] {dag.py:3340} INFO - Setting next_dagrun for our_first_dag_v5 to 2022-11-22T00:00:00+00:00, run_after=2022-11-23T00:00:00+00:00
[2022-11-30T01:35:03.058+0000] {processor.py:176} INFO - Processing /opt/airflow/dags/our_first_dag.py took 0.125 seconds
[2022-11-30T01:35:33.544+0000] {processor.py:154} INFO - Started process (PID=570) to work on /opt/airflow/dags/our_first_dag.py
[2022-11-30T01:35:33.545+0000] {processor.py:756} INFO - Processing file /opt/airflow/dags/our_first_dag.py for tasks to queue
[2022-11-30T01:35:33.545+0000] {logging_mixin.py:137} INFO - [2022-11-30T01:35:33.545+0000] {dagbag.py:537} INFO - Filling up the DagBag from /opt/airflow/dags/our_first_dag.py
[2022-11-30T01:35:33.561+0000] {processor.py:766} INFO - DAG(s) dict_keys(['our_first_dag_v5']) retrieved from /opt/airflow/dags/our_first_dag.py
[2022-11-30T01:35:33.601+0000] {logging_mixin.py:137} INFO - [2022-11-30T01:35:33.600+0000] {dag.py:2585} INFO - Sync 1 DAGs
[2022-11-30T01:35:33.632+0000] {logging_mixin.py:137} INFO - [2022-11-30T01:35:33.632+0000] {dag.py:3340} INFO - Setting next_dagrun for our_first_dag_v5 to 2022-11-22T00:00:00+00:00, run_after=2022-11-23T00:00:00+00:00
[2022-11-30T01:35:33.653+0000] {processor.py:176} INFO - Processing /opt/airflow/dags/our_first_dag.py took 0.112 seconds
[2022-11-30T01:36:04.137+0000] {processor.py:154} INFO - Started process (PID=625) to work on /opt/airflow/dags/our_first_dag.py
[2022-11-30T01:36:04.138+0000] {processor.py:756} INFO - Processing file /opt/airflow/dags/our_first_dag.py for tasks to queue
[2022-11-30T01:36:04.138+0000] {logging_mixin.py:137} INFO - [2022-11-30T01:36:04.138+0000] {dagbag.py:537} INFO - Filling up the DagBag from /opt/airflow/dags/our_first_dag.py
[2022-11-30T01:36:04.155+0000] {processor.py:766} INFO - DAG(s) dict_keys(['our_first_dag_v5']) retrieved from /opt/airflow/dags/our_first_dag.py
[2022-11-30T01:36:04.196+0000] {logging_mixin.py:137} INFO - [2022-11-30T01:36:04.196+0000] {dag.py:2585} INFO - Sync 1 DAGs
[2022-11-30T01:36:04.226+0000] {logging_mixin.py:137} INFO - [2022-11-30T01:36:04.226+0000] {dag.py:3340} INFO - Setting next_dagrun for our_first_dag_v5 to 2022-11-22T00:00:00+00:00, run_after=2022-11-23T00:00:00+00:00
[2022-11-30T01:36:04.247+0000] {processor.py:176} INFO - Processing /opt/airflow/dags/our_first_dag.py took 0.114 seconds
[2022-11-30T01:36:34.695+0000] {processor.py:154} INFO - Started process (PID=675) to work on /opt/airflow/dags/our_first_dag.py
[2022-11-30T01:36:34.696+0000] {processor.py:756} INFO - Processing file /opt/airflow/dags/our_first_dag.py for tasks to queue
[2022-11-30T01:36:34.697+0000] {logging_mixin.py:137} INFO - [2022-11-30T01:36:34.697+0000] {dagbag.py:537} INFO - Filling up the DagBag from /opt/airflow/dags/our_first_dag.py
[2022-11-30T01:36:34.713+0000] {processor.py:766} INFO - DAG(s) dict_keys(['our_first_dag_v5']) retrieved from /opt/airflow/dags/our_first_dag.py
[2022-11-30T01:36:34.754+0000] {logging_mixin.py:137} INFO - [2022-11-30T01:36:34.754+0000] {dag.py:2585} INFO - Sync 1 DAGs
[2022-11-30T01:36:34.786+0000] {logging_mixin.py:137} INFO - [2022-11-30T01:36:34.786+0000] {dag.py:3340} INFO - Setting next_dagrun for our_first_dag_v5 to 2022-11-22T00:00:00+00:00, run_after=2022-11-23T00:00:00+00:00
[2022-11-30T01:36:34.808+0000] {processor.py:176} INFO - Processing /opt/airflow/dags/our_first_dag.py took 0.116 seconds
[2022-11-30T01:37:05.257+0000] {processor.py:154} INFO - Started process (PID=733) to work on /opt/airflow/dags/our_first_dag.py
[2022-11-30T01:37:05.258+0000] {processor.py:756} INFO - Processing file /opt/airflow/dags/our_first_dag.py for tasks to queue
[2022-11-30T01:37:05.258+0000] {logging_mixin.py:137} INFO - [2022-11-30T01:37:05.258+0000] {dagbag.py:537} INFO - Filling up the DagBag from /opt/airflow/dags/our_first_dag.py
[2022-11-30T01:37:05.275+0000] {processor.py:766} INFO - DAG(s) dict_keys(['our_first_dag_v5']) retrieved from /opt/airflow/dags/our_first_dag.py
[2022-11-30T01:37:05.316+0000] {logging_mixin.py:137} INFO - [2022-11-30T01:37:05.315+0000] {dag.py:2585} INFO - Sync 1 DAGs
[2022-11-30T01:37:05.349+0000] {logging_mixin.py:137} INFO - [2022-11-30T01:37:05.349+0000] {dag.py:3340} INFO - Setting next_dagrun for our_first_dag_v5 to 2022-11-22T00:00:00+00:00, run_after=2022-11-23T00:00:00+00:00
[2022-11-30T01:37:05.370+0000] {processor.py:176} INFO - Processing /opt/airflow/dags/our_first_dag.py took 0.116 seconds
[2022-11-30T01:37:36.125+0000] {processor.py:154} INFO - Started process (PID=791) to work on /opt/airflow/dags/our_first_dag.py
[2022-11-30T01:37:36.127+0000] {processor.py:756} INFO - Processing file /opt/airflow/dags/our_first_dag.py for tasks to queue
[2022-11-30T01:37:36.128+0000] {logging_mixin.py:137} INFO - [2022-11-30T01:37:36.128+0000] {dagbag.py:537} INFO - Filling up the DagBag from /opt/airflow/dags/our_first_dag.py
[2022-11-30T01:37:36.153+0000] {processor.py:766} INFO - DAG(s) dict_keys(['our_first_dag_v5']) retrieved from /opt/airflow/dags/our_first_dag.py
[2022-11-30T01:37:36.217+0000] {logging_mixin.py:137} INFO - [2022-11-30T01:37:36.217+0000] {dag.py:2585} INFO - Sync 1 DAGs
[2022-11-30T01:37:36.269+0000] {logging_mixin.py:137} INFO - [2022-11-30T01:37:36.269+0000] {dag.py:3340} INFO - Setting next_dagrun for our_first_dag_v5 to 2022-11-22T00:00:00+00:00, run_after=2022-11-23T00:00:00+00:00
[2022-11-30T01:37:36.293+0000] {processor.py:176} INFO - Processing /opt/airflow/dags/our_first_dag.py took 0.171 seconds
[2022-11-30T01:38:06.727+0000] {processor.py:154} INFO - Started process (PID=845) to work on /opt/airflow/dags/our_first_dag.py
[2022-11-30T01:38:06.728+0000] {processor.py:756} INFO - Processing file /opt/airflow/dags/our_first_dag.py for tasks to queue
[2022-11-30T01:38:06.729+0000] {logging_mixin.py:137} INFO - [2022-11-30T01:38:06.728+0000] {dagbag.py:537} INFO - Filling up the DagBag from /opt/airflow/dags/our_first_dag.py
[2022-11-30T01:38:06.744+0000] {processor.py:766} INFO - DAG(s) dict_keys(['our_first_dag_v5']) retrieved from /opt/airflow/dags/our_first_dag.py
[2022-11-30T01:38:06.782+0000] {logging_mixin.py:137} INFO - [2022-11-30T01:38:06.782+0000] {dag.py:2585} INFO - Sync 1 DAGs
[2022-11-30T01:38:06.813+0000] {logging_mixin.py:137} INFO - [2022-11-30T01:38:06.813+0000] {dag.py:3340} INFO - Setting next_dagrun for our_first_dag_v5 to 2022-11-22T00:00:00+00:00, run_after=2022-11-23T00:00:00+00:00
[2022-11-30T01:38:06.832+0000] {processor.py:176} INFO - Processing /opt/airflow/dags/our_first_dag.py took 0.108 seconds
[2022-11-30T01:38:37.293+0000] {processor.py:154} INFO - Started process (PID=903) to work on /opt/airflow/dags/our_first_dag.py
[2022-11-30T01:38:37.294+0000] {processor.py:756} INFO - Processing file /opt/airflow/dags/our_first_dag.py for tasks to queue
[2022-11-30T01:38:37.295+0000] {logging_mixin.py:137} INFO - [2022-11-30T01:38:37.295+0000] {dagbag.py:537} INFO - Filling up the DagBag from /opt/airflow/dags/our_first_dag.py
[2022-11-30T01:38:37.311+0000] {processor.py:766} INFO - DAG(s) dict_keys(['our_first_dag_v5']) retrieved from /opt/airflow/dags/our_first_dag.py
[2022-11-30T01:38:37.351+0000] {logging_mixin.py:137} INFO - [2022-11-30T01:38:37.351+0000] {dag.py:2585} INFO - Sync 1 DAGs
[2022-11-30T01:38:37.383+0000] {logging_mixin.py:137} INFO - [2022-11-30T01:38:37.383+0000] {dag.py:3340} INFO - Setting next_dagrun for our_first_dag_v5 to 2022-11-22T00:00:00+00:00, run_after=2022-11-23T00:00:00+00:00
[2022-11-30T01:38:37.405+0000] {processor.py:176} INFO - Processing /opt/airflow/dags/our_first_dag.py took 0.114 seconds
[2022-11-30T01:39:07.861+0000] {processor.py:154} INFO - Started process (PID=959) to work on /opt/airflow/dags/our_first_dag.py
[2022-11-30T01:39:07.862+0000] {processor.py:756} INFO - Processing file /opt/airflow/dags/our_first_dag.py for tasks to queue
[2022-11-30T01:39:07.863+0000] {logging_mixin.py:137} INFO - [2022-11-30T01:39:07.862+0000] {dagbag.py:537} INFO - Filling up the DagBag from /opt/airflow/dags/our_first_dag.py
[2022-11-30T01:39:07.879+0000] {processor.py:766} INFO - DAG(s) dict_keys(['our_first_dag_v5']) retrieved from /opt/airflow/dags/our_first_dag.py
[2022-11-30T01:39:07.919+0000] {logging_mixin.py:137} INFO - [2022-11-30T01:39:07.919+0000] {dag.py:2585} INFO - Sync 1 DAGs
[2022-11-30T01:39:07.951+0000] {logging_mixin.py:137} INFO - [2022-11-30T01:39:07.950+0000] {dag.py:3340} INFO - Setting next_dagrun for our_first_dag_v5 to 2022-11-22T00:00:00+00:00, run_after=2022-11-23T00:00:00+00:00
[2022-11-30T01:39:07.972+0000] {processor.py:176} INFO - Processing /opt/airflow/dags/our_first_dag.py took 0.113 seconds
[2022-11-30T01:39:38.668+0000] {processor.py:154} INFO - Started process (PID=1026) to work on /opt/airflow/dags/our_first_dag.py
[2022-11-30T01:39:38.668+0000] {processor.py:756} INFO - Processing file /opt/airflow/dags/our_first_dag.py for tasks to queue
[2022-11-30T01:39:38.669+0000] {logging_mixin.py:137} INFO - [2022-11-30T01:39:38.669+0000] {dagbag.py:537} INFO - Filling up the DagBag from /opt/airflow/dags/our_first_dag.py
[2022-11-30T01:39:38.687+0000] {processor.py:766} INFO - DAG(s) dict_keys(['our_first_dag_v5']) retrieved from /opt/airflow/dags/our_first_dag.py
[2022-11-30T01:39:38.728+0000] {logging_mixin.py:137} INFO - [2022-11-30T01:39:38.728+0000] {dag.py:2585} INFO - Sync 1 DAGs
[2022-11-30T01:39:38.759+0000] {logging_mixin.py:137} INFO - [2022-11-30T01:39:38.758+0000] {dag.py:3340} INFO - Setting next_dagrun for our_first_dag_v5 to 2022-11-22T00:00:00+00:00, run_after=2022-11-23T00:00:00+00:00
[2022-11-30T01:39:38.779+0000] {processor.py:176} INFO - Processing /opt/airflow/dags/our_first_dag.py took 0.114 seconds
[2022-11-30T01:40:09.632+0000] {processor.py:154} INFO - Started process (PID=1112) to work on /opt/airflow/dags/our_first_dag.py
[2022-11-30T01:40:09.633+0000] {processor.py:756} INFO - Processing file /opt/airflow/dags/our_first_dag.py for tasks to queue
[2022-11-30T01:40:09.633+0000] {logging_mixin.py:137} INFO - [2022-11-30T01:40:09.633+0000] {dagbag.py:537} INFO - Filling up the DagBag from /opt/airflow/dags/our_first_dag.py
[2022-11-30T01:40:09.649+0000] {processor.py:766} INFO - DAG(s) dict_keys(['our_first_dag_v5']) retrieved from /opt/airflow/dags/our_first_dag.py
[2022-11-30T01:40:09.692+0000] {logging_mixin.py:137} INFO - [2022-11-30T01:40:09.692+0000] {dag.py:2585} INFO - Sync 1 DAGs
[2022-11-30T01:40:09.725+0000] {logging_mixin.py:137} INFO - [2022-11-30T01:40:09.725+0000] {dag.py:3340} INFO - Setting next_dagrun for our_first_dag_v5 to 2022-11-22T00:00:00+00:00, run_after=2022-11-23T00:00:00+00:00
[2022-11-30T01:40:09.747+0000] {processor.py:176} INFO - Processing /opt/airflow/dags/our_first_dag.py took 0.117 seconds
[2022-11-30T01:40:39.932+0000] {processor.py:154} INFO - Started process (PID=1204) to work on /opt/airflow/dags/our_first_dag.py
[2022-11-30T01:40:39.932+0000] {processor.py:756} INFO - Processing file /opt/airflow/dags/our_first_dag.py for tasks to queue
[2022-11-30T01:40:39.933+0000] {logging_mixin.py:137} INFO - [2022-11-30T01:40:39.933+0000] {dagbag.py:537} INFO - Filling up the DagBag from /opt/airflow/dags/our_first_dag.py
[2022-11-30T01:40:39.949+0000] {processor.py:766} INFO - DAG(s) dict_keys(['our_first_dag_v5']) retrieved from /opt/airflow/dags/our_first_dag.py
[2022-11-30T01:40:39.989+0000] {logging_mixin.py:137} INFO - [2022-11-30T01:40:39.988+0000] {dag.py:2585} INFO - Sync 1 DAGs
[2022-11-30T01:40:40.021+0000] {logging_mixin.py:137} INFO - [2022-11-30T01:40:40.021+0000] {dag.py:3340} INFO - Setting next_dagrun for our_first_dag_v5 to 2022-11-22T00:00:00+00:00, run_after=2022-11-23T00:00:00+00:00
[2022-11-30T01:40:40.043+0000] {processor.py:176} INFO - Processing /opt/airflow/dags/our_first_dag.py took 0.114 seconds
[2022-11-30T01:41:10.386+0000] {processor.py:154} INFO - Started process (PID=1289) to work on /opt/airflow/dags/our_first_dag.py
[2022-11-30T01:41:10.386+0000] {processor.py:756} INFO - Processing file /opt/airflow/dags/our_first_dag.py for tasks to queue
[2022-11-30T01:41:10.387+0000] {logging_mixin.py:137} INFO - [2022-11-30T01:41:10.387+0000] {dagbag.py:537} INFO - Filling up the DagBag from /opt/airflow/dags/our_first_dag.py
[2022-11-30T01:41:10.406+0000] {processor.py:766} INFO - DAG(s) dict_keys(['our_first_dag_v5']) retrieved from /opt/airflow/dags/our_first_dag.py
[2022-11-30T01:41:10.455+0000] {logging_mixin.py:137} INFO - [2022-11-30T01:41:10.455+0000] {dag.py:2585} INFO - Sync 1 DAGs
[2022-11-30T01:41:10.490+0000] {logging_mixin.py:137} INFO - [2022-11-30T01:41:10.490+0000] {dag.py:3340} INFO - Setting next_dagrun for our_first_dag_v5 to 2022-11-22T00:00:00+00:00, run_after=2022-11-23T00:00:00+00:00
[2022-11-30T01:41:10.530+0000] {processor.py:176} INFO - Processing /opt/airflow/dags/our_first_dag.py took 0.147 seconds
[2022-11-30T01:41:41.134+0000] {processor.py:154} INFO - Started process (PID=1366) to work on /opt/airflow/dags/our_first_dag.py
[2022-11-30T01:41:41.135+0000] {processor.py:756} INFO - Processing file /opt/airflow/dags/our_first_dag.py for tasks to queue
[2022-11-30T01:41:41.135+0000] {logging_mixin.py:137} INFO - [2022-11-30T01:41:41.135+0000] {dagbag.py:537} INFO - Filling up the DagBag from /opt/airflow/dags/our_first_dag.py
[2022-11-30T01:41:41.150+0000] {processor.py:766} INFO - DAG(s) dict_keys(['our_first_dag_v5']) retrieved from /opt/airflow/dags/our_first_dag.py
[2022-11-30T01:41:41.187+0000] {logging_mixin.py:137} INFO - [2022-11-30T01:41:41.187+0000] {dag.py:2585} INFO - Sync 1 DAGs
[2022-11-30T01:41:41.218+0000] {logging_mixin.py:137} INFO - [2022-11-30T01:41:41.218+0000] {dag.py:3340} INFO - Setting next_dagrun for our_first_dag_v5 to 2022-11-22T00:00:00+00:00, run_after=2022-11-23T00:00:00+00:00
[2022-11-30T01:41:41.239+0000] {processor.py:176} INFO - Processing /opt/airflow/dags/our_first_dag.py took 0.108 seconds
[2022-11-30T01:42:11.753+0000] {processor.py:154} INFO - Started process (PID=1423) to work on /opt/airflow/dags/our_first_dag.py
[2022-11-30T01:42:11.754+0000] {processor.py:756} INFO - Processing file /opt/airflow/dags/our_first_dag.py for tasks to queue
[2022-11-30T01:42:11.761+0000] {logging_mixin.py:137} INFO - [2022-11-30T01:42:11.761+0000] {dagbag.py:537} INFO - Filling up the DagBag from /opt/airflow/dags/our_first_dag.py
[2022-11-30T01:42:11.779+0000] {processor.py:766} INFO - DAG(s) dict_keys(['our_first_dag_v5']) retrieved from /opt/airflow/dags/our_first_dag.py
[2022-11-30T01:42:11.830+0000] {logging_mixin.py:137} INFO - [2022-11-30T01:42:11.830+0000] {dag.py:2585} INFO - Sync 1 DAGs
[2022-11-30T01:42:11.865+0000] {logging_mixin.py:137} INFO - [2022-11-30T01:42:11.865+0000] {dag.py:3340} INFO - Setting next_dagrun for our_first_dag_v5 to 2022-11-22T00:00:00+00:00, run_after=2022-11-23T00:00:00+00:00
[2022-11-30T01:42:11.887+0000] {processor.py:176} INFO - Processing /opt/airflow/dags/our_first_dag.py took 0.137 seconds
[2022-11-30T01:42:42.542+0000] {processor.py:154} INFO - Started process (PID=1480) to work on /opt/airflow/dags/our_first_dag.py
[2022-11-30T01:42:42.543+0000] {processor.py:756} INFO - Processing file /opt/airflow/dags/our_first_dag.py for tasks to queue
[2022-11-30T01:42:42.544+0000] {logging_mixin.py:137} INFO - [2022-11-30T01:42:42.543+0000] {dagbag.py:537} INFO - Filling up the DagBag from /opt/airflow/dags/our_first_dag.py
[2022-11-30T01:42:42.579+0000] {processor.py:766} INFO - DAG(s) dict_keys(['our_first_dag_v5']) retrieved from /opt/airflow/dags/our_first_dag.py
[2022-11-30T01:42:42.629+0000] {logging_mixin.py:137} INFO - [2022-11-30T01:42:42.629+0000] {dag.py:2585} INFO - Sync 1 DAGs
[2022-11-30T01:42:42.664+0000] {logging_mixin.py:137} INFO - [2022-11-30T01:42:42.663+0000] {dag.py:3340} INFO - Setting next_dagrun for our_first_dag_v5 to 2022-11-22T00:00:00+00:00, run_after=2022-11-23T00:00:00+00:00
[2022-11-30T01:42:42.687+0000] {processor.py:176} INFO - Processing /opt/airflow/dags/our_first_dag.py took 0.149 seconds
[2022-11-30T01:43:13.248+0000] {processor.py:154} INFO - Started process (PID=1544) to work on /opt/airflow/dags/our_first_dag.py
[2022-11-30T01:43:13.248+0000] {processor.py:756} INFO - Processing file /opt/airflow/dags/our_first_dag.py for tasks to queue
[2022-11-30T01:43:13.249+0000] {logging_mixin.py:137} INFO - [2022-11-30T01:43:13.249+0000] {dagbag.py:537} INFO - Filling up the DagBag from /opt/airflow/dags/our_first_dag.py
[2022-11-30T01:43:13.265+0000] {processor.py:766} INFO - DAG(s) dict_keys(['our_first_dag_v5']) retrieved from /opt/airflow/dags/our_first_dag.py
[2022-11-30T01:43:13.306+0000] {logging_mixin.py:137} INFO - [2022-11-30T01:43:13.306+0000] {dag.py:2585} INFO - Sync 1 DAGs
[2022-11-30T01:43:13.338+0000] {logging_mixin.py:137} INFO - [2022-11-30T01:43:13.338+0000] {dag.py:3340} INFO - Setting next_dagrun for our_first_dag_v5 to 2022-11-22T00:00:00+00:00, run_after=2022-11-23T00:00:00+00:00
[2022-11-30T01:43:13.359+0000] {processor.py:176} INFO - Processing /opt/airflow/dags/our_first_dag.py took 0.114 seconds
[2022-11-30T01:43:43.828+0000] {processor.py:154} INFO - Started process (PID=1610) to work on /opt/airflow/dags/our_first_dag.py
[2022-11-30T01:43:43.829+0000] {processor.py:756} INFO - Processing file /opt/airflow/dags/our_first_dag.py for tasks to queue
[2022-11-30T01:43:43.830+0000] {logging_mixin.py:137} INFO - [2022-11-30T01:43:43.829+0000] {dagbag.py:537} INFO - Filling up the DagBag from /opt/airflow/dags/our_first_dag.py
[2022-11-30T01:43:43.852+0000] {processor.py:766} INFO - DAG(s) dict_keys(['our_first_dag_v5']) retrieved from /opt/airflow/dags/our_first_dag.py
[2022-11-30T01:43:43.894+0000] {logging_mixin.py:137} INFO - [2022-11-30T01:43:43.894+0000] {dag.py:2585} INFO - Sync 1 DAGs
[2022-11-30T01:43:43.925+0000] {logging_mixin.py:137} INFO - [2022-11-30T01:43:43.925+0000] {dag.py:3340} INFO - Setting next_dagrun for our_first_dag_v5 to 2022-11-22T00:00:00+00:00, run_after=2022-11-23T00:00:00+00:00
[2022-11-30T01:43:43.945+0000] {processor.py:176} INFO - Processing /opt/airflow/dags/our_first_dag.py took 0.121 seconds
[2022-11-30T01:44:14.467+0000] {processor.py:154} INFO - Started process (PID=1671) to work on /opt/airflow/dags/our_first_dag.py
[2022-11-30T01:44:14.468+0000] {processor.py:756} INFO - Processing file /opt/airflow/dags/our_first_dag.py for tasks to queue
[2022-11-30T01:44:14.469+0000] {logging_mixin.py:137} INFO - [2022-11-30T01:44:14.469+0000] {dagbag.py:537} INFO - Filling up the DagBag from /opt/airflow/dags/our_first_dag.py
[2022-11-30T01:44:14.491+0000] {processor.py:766} INFO - DAG(s) dict_keys(['our_first_dag_v5']) retrieved from /opt/airflow/dags/our_first_dag.py
[2022-11-30T01:44:14.534+0000] {logging_mixin.py:137} INFO - [2022-11-30T01:44:14.534+0000] {dag.py:2585} INFO - Sync 1 DAGs
[2022-11-30T01:44:14.566+0000] {logging_mixin.py:137} INFO - [2022-11-30T01:44:14.566+0000] {dag.py:3340} INFO - Setting next_dagrun for our_first_dag_v5 to 2022-11-22T00:00:00+00:00, run_after=2022-11-23T00:00:00+00:00
[2022-11-30T01:44:14.588+0000] {processor.py:176} INFO - Processing /opt/airflow/dags/our_first_dag.py took 0.125 seconds
[2022-11-30T01:44:45.056+0000] {processor.py:154} INFO - Started process (PID=1744) to work on /opt/airflow/dags/our_first_dag.py
[2022-11-30T01:44:45.056+0000] {processor.py:756} INFO - Processing file /opt/airflow/dags/our_first_dag.py for tasks to queue
[2022-11-30T01:44:45.057+0000] {logging_mixin.py:137} INFO - [2022-11-30T01:44:45.057+0000] {dagbag.py:537} INFO - Filling up the DagBag from /opt/airflow/dags/our_first_dag.py
[2022-11-30T01:44:45.073+0000] {processor.py:766} INFO - DAG(s) dict_keys(['our_first_dag_v5']) retrieved from /opt/airflow/dags/our_first_dag.py
[2022-11-30T01:44:45.116+0000] {logging_mixin.py:137} INFO - [2022-11-30T01:44:45.116+0000] {dag.py:2585} INFO - Sync 1 DAGs
[2022-11-30T01:44:45.149+0000] {logging_mixin.py:137} INFO - [2022-11-30T01:44:45.148+0000] {dag.py:3340} INFO - Setting next_dagrun for our_first_dag_v5 to 2022-11-22T00:00:00+00:00, run_after=2022-11-23T00:00:00+00:00
[2022-11-30T01:44:45.171+0000] {processor.py:176} INFO - Processing /opt/airflow/dags/our_first_dag.py took 0.117 seconds
[2022-11-30T01:45:15.606+0000] {processor.py:154} INFO - Started process (PID=1794) to work on /opt/airflow/dags/our_first_dag.py
[2022-11-30T01:45:15.607+0000] {processor.py:756} INFO - Processing file /opt/airflow/dags/our_first_dag.py for tasks to queue
[2022-11-30T01:45:15.608+0000] {logging_mixin.py:137} INFO - [2022-11-30T01:45:15.607+0000] {dagbag.py:537} INFO - Filling up the DagBag from /opt/airflow/dags/our_first_dag.py
[2022-11-30T01:45:15.624+0000] {processor.py:766} INFO - DAG(s) dict_keys(['our_first_dag_v5']) retrieved from /opt/airflow/dags/our_first_dag.py
[2022-11-30T01:45:15.663+0000] {logging_mixin.py:137} INFO - [2022-11-30T01:45:15.663+0000] {dag.py:2585} INFO - Sync 1 DAGs
[2022-11-30T01:45:15.695+0000] {logging_mixin.py:137} INFO - [2022-11-30T01:45:15.695+0000] {dag.py:3340} INFO - Setting next_dagrun for our_first_dag_v5 to 2022-11-22T00:00:00+00:00, run_after=2022-11-23T00:00:00+00:00
[2022-11-30T01:45:15.715+0000] {processor.py:176} INFO - Processing /opt/airflow/dags/our_first_dag.py took 0.112 seconds
[2022-11-30T01:45:46.135+0000] {processor.py:154} INFO - Started process (PID=1852) to work on /opt/airflow/dags/our_first_dag.py
[2022-11-30T01:45:46.136+0000] {processor.py:756} INFO - Processing file /opt/airflow/dags/our_first_dag.py for tasks to queue
[2022-11-30T01:45:46.136+0000] {logging_mixin.py:137} INFO - [2022-11-30T01:45:46.136+0000] {dagbag.py:537} INFO - Filling up the DagBag from /opt/airflow/dags/our_first_dag.py
[2022-11-30T01:45:46.151+0000] {processor.py:766} INFO - DAG(s) dict_keys(['our_first_dag_v5']) retrieved from /opt/airflow/dags/our_first_dag.py
[2022-11-30T01:45:46.187+0000] {logging_mixin.py:137} INFO - [2022-11-30T01:45:46.187+0000] {dag.py:2585} INFO - Sync 1 DAGs
[2022-11-30T01:45:46.216+0000] {logging_mixin.py:137} INFO - [2022-11-30T01:45:46.216+0000] {dag.py:3340} INFO - Setting next_dagrun for our_first_dag_v5 to 2022-11-22T00:00:00+00:00, run_after=2022-11-23T00:00:00+00:00
[2022-11-30T01:45:46.234+0000] {processor.py:176} INFO - Processing /opt/airflow/dags/our_first_dag.py took 0.101 seconds
[2022-11-30T01:46:16.667+0000] {processor.py:154} INFO - Started process (PID=1909) to work on /opt/airflow/dags/our_first_dag.py
[2022-11-30T01:46:16.668+0000] {processor.py:756} INFO - Processing file /opt/airflow/dags/our_first_dag.py for tasks to queue
[2022-11-30T01:46:16.668+0000] {logging_mixin.py:137} INFO - [2022-11-30T01:46:16.668+0000] {dagbag.py:537} INFO - Filling up the DagBag from /opt/airflow/dags/our_first_dag.py
[2022-11-30T01:46:16.684+0000] {processor.py:766} INFO - DAG(s) dict_keys(['our_first_dag_v5']) retrieved from /opt/airflow/dags/our_first_dag.py
[2022-11-30T01:46:16.724+0000] {logging_mixin.py:137} INFO - [2022-11-30T01:46:16.723+0000] {dag.py:2585} INFO - Sync 1 DAGs
[2022-11-30T01:46:16.757+0000] {logging_mixin.py:137} INFO - [2022-11-30T01:46:16.757+0000] {dag.py:3340} INFO - Setting next_dagrun for our_first_dag_v5 to 2022-11-22T00:00:00+00:00, run_after=2022-11-23T00:00:00+00:00
[2022-11-30T01:46:16.778+0000] {processor.py:176} INFO - Processing /opt/airflow/dags/our_first_dag.py took 0.114 seconds
[2022-11-30T01:46:47.305+0000] {processor.py:154} INFO - Started process (PID=1957) to work on /opt/airflow/dags/our_first_dag.py
[2022-11-30T01:46:47.305+0000] {processor.py:756} INFO - Processing file /opt/airflow/dags/our_first_dag.py for tasks to queue
[2022-11-30T01:46:47.306+0000] {logging_mixin.py:137} INFO - [2022-11-30T01:46:47.306+0000] {dagbag.py:537} INFO - Filling up the DagBag from /opt/airflow/dags/our_first_dag.py
[2022-11-30T01:46:47.323+0000] {processor.py:766} INFO - DAG(s) dict_keys(['our_first_dag_v5']) retrieved from /opt/airflow/dags/our_first_dag.py
[2022-11-30T01:46:47.374+0000] {logging_mixin.py:137} INFO - [2022-11-30T01:46:47.373+0000] {dag.py:2585} INFO - Sync 1 DAGs
[2022-11-30T01:46:47.408+0000] {logging_mixin.py:137} INFO - [2022-11-30T01:46:47.407+0000] {dag.py:3340} INFO - Setting next_dagrun for our_first_dag_v5 to 2022-11-22T00:00:00+00:00, run_after=2022-11-23T00:00:00+00:00
[2022-11-30T01:46:47.440+0000] {processor.py:176} INFO - Processing /opt/airflow/dags/our_first_dag.py took 0.138 seconds
[2022-11-30T01:47:18.198+0000] {processor.py:154} INFO - Started process (PID=2031) to work on /opt/airflow/dags/our_first_dag.py
[2022-11-30T01:47:18.199+0000] {processor.py:756} INFO - Processing file /opt/airflow/dags/our_first_dag.py for tasks to queue
[2022-11-30T01:47:18.200+0000] {logging_mixin.py:137} INFO - [2022-11-30T01:47:18.199+0000] {dagbag.py:537} INFO - Filling up the DagBag from /opt/airflow/dags/our_first_dag.py
[2022-11-30T01:47:18.215+0000] {processor.py:766} INFO - DAG(s) dict_keys(['our_first_dag_v5']) retrieved from /opt/airflow/dags/our_first_dag.py
[2022-11-30T01:47:18.258+0000] {logging_mixin.py:137} INFO - [2022-11-30T01:47:18.258+0000] {dag.py:2585} INFO - Sync 1 DAGs
[2022-11-30T01:47:18.292+0000] {logging_mixin.py:137} INFO - [2022-11-30T01:47:18.292+0000] {dag.py:3340} INFO - Setting next_dagrun for our_first_dag_v5 to 2022-11-22T00:00:00+00:00, run_after=2022-11-23T00:00:00+00:00
[2022-11-30T01:47:18.315+0000] {processor.py:176} INFO - Processing /opt/airflow/dags/our_first_dag.py took 0.120 seconds
[2022-11-30T01:47:48.393+0000] {processor.py:154} INFO - Started process (PID=2126) to work on /opt/airflow/dags/our_first_dag.py
[2022-11-30T01:47:48.394+0000] {processor.py:756} INFO - Processing file /opt/airflow/dags/our_first_dag.py for tasks to queue
[2022-11-30T01:47:48.395+0000] {logging_mixin.py:137} INFO - [2022-11-30T01:47:48.394+0000] {dagbag.py:537} INFO - Filling up the DagBag from /opt/airflow/dags/our_first_dag.py
[2022-11-30T01:47:48.414+0000] {processor.py:766} INFO - DAG(s) dict_keys(['our_first_dag_v5']) retrieved from /opt/airflow/dags/our_first_dag.py
[2022-11-30T01:47:48.459+0000] {logging_mixin.py:137} INFO - [2022-11-30T01:47:48.459+0000] {dag.py:2585} INFO - Sync 1 DAGs
[2022-11-30T01:47:48.492+0000] {logging_mixin.py:137} INFO - [2022-11-30T01:47:48.492+0000] {dag.py:3340} INFO - Setting next_dagrun for our_first_dag_v5 to 2022-11-22T00:00:00+00:00, run_after=2022-11-23T00:00:00+00:00
[2022-11-30T01:47:48.513+0000] {processor.py:176} INFO - Processing /opt/airflow/dags/our_first_dag.py took 0.123 seconds
[2022-11-30T01:48:19.237+0000] {processor.py:154} INFO - Started process (PID=2206) to work on /opt/airflow/dags/our_first_dag.py
[2022-11-30T01:48:19.238+0000] {processor.py:756} INFO - Processing file /opt/airflow/dags/our_first_dag.py for tasks to queue
[2022-11-30T01:48:19.239+0000] {logging_mixin.py:137} INFO - [2022-11-30T01:48:19.239+0000] {dagbag.py:537} INFO - Filling up the DagBag from /opt/airflow/dags/our_first_dag.py
[2022-11-30T01:48:19.254+0000] {processor.py:766} INFO - DAG(s) dict_keys(['our_first_dag_v5']) retrieved from /opt/airflow/dags/our_first_dag.py
[2022-11-30T01:48:19.309+0000] {logging_mixin.py:137} INFO - [2022-11-30T01:48:19.309+0000] {dag.py:2585} INFO - Sync 1 DAGs
[2022-11-30T01:48:19.339+0000] {logging_mixin.py:137} INFO - [2022-11-30T01:48:19.338+0000] {dag.py:3340} INFO - Setting next_dagrun for our_first_dag_v5 to 2022-11-22T00:00:00+00:00, run_after=2022-11-23T00:00:00+00:00
[2022-11-30T01:48:19.363+0000] {processor.py:176} INFO - Processing /opt/airflow/dags/our_first_dag.py took 0.129 seconds
[2022-11-30T01:48:50.121+0000] {processor.py:154} INFO - Started process (PID=2269) to work on /opt/airflow/dags/our_first_dag.py
[2022-11-30T01:48:50.121+0000] {processor.py:756} INFO - Processing file /opt/airflow/dags/our_first_dag.py for tasks to queue
[2022-11-30T01:48:50.122+0000] {logging_mixin.py:137} INFO - [2022-11-30T01:48:50.122+0000] {dagbag.py:537} INFO - Filling up the DagBag from /opt/airflow/dags/our_first_dag.py
[2022-11-30T01:48:50.150+0000] {processor.py:766} INFO - DAG(s) dict_keys(['our_first_dag_v5']) retrieved from /opt/airflow/dags/our_first_dag.py
[2022-11-30T01:48:50.204+0000] {logging_mixin.py:137} INFO - [2022-11-30T01:48:50.204+0000] {dag.py:2585} INFO - Sync 1 DAGs
[2022-11-30T01:48:50.246+0000] {logging_mixin.py:137} INFO - [2022-11-30T01:48:50.245+0000] {dag.py:3340} INFO - Setting next_dagrun for our_first_dag_v5 to 2022-11-22T00:00:00+00:00, run_after=2022-11-23T00:00:00+00:00
[2022-11-30T01:48:50.268+0000] {processor.py:176} INFO - Processing /opt/airflow/dags/our_first_dag.py took 0.158 seconds
[2022-11-30T01:49:20.819+0000] {processor.py:154} INFO - Started process (PID=2354) to work on /opt/airflow/dags/our_first_dag.py
[2022-11-30T01:49:20.822+0000] {processor.py:756} INFO - Processing file /opt/airflow/dags/our_first_dag.py for tasks to queue
[2022-11-30T01:49:20.823+0000] {logging_mixin.py:137} INFO - [2022-11-30T01:49:20.823+0000] {dagbag.py:537} INFO - Filling up the DagBag from /opt/airflow/dags/our_first_dag.py
[2022-11-30T01:49:20.842+0000] {processor.py:766} INFO - DAG(s) dict_keys(['our_first_dag_v5']) retrieved from /opt/airflow/dags/our_first_dag.py
[2022-11-30T01:49:20.880+0000] {logging_mixin.py:137} INFO - [2022-11-30T01:49:20.880+0000] {dag.py:2585} INFO - Sync 1 DAGs
[2022-11-30T01:49:20.913+0000] {logging_mixin.py:137} INFO - [2022-11-30T01:49:20.913+0000] {dag.py:3340} INFO - Setting next_dagrun for our_first_dag_v5 to 2022-11-22T00:00:00+00:00, run_after=2022-11-23T00:00:00+00:00
[2022-11-30T01:49:20.933+0000] {processor.py:176} INFO - Processing /opt/airflow/dags/our_first_dag.py took 0.117 seconds
[2022-11-30T01:49:51.420+0000] {processor.py:154} INFO - Started process (PID=2402) to work on /opt/airflow/dags/our_first_dag.py
[2022-11-30T01:49:51.420+0000] {processor.py:756} INFO - Processing file /opt/airflow/dags/our_first_dag.py for tasks to queue
[2022-11-30T01:49:51.422+0000] {logging_mixin.py:137} INFO - [2022-11-30T01:49:51.421+0000] {dagbag.py:537} INFO - Filling up the DagBag from /opt/airflow/dags/our_first_dag.py
[2022-11-30T01:49:51.439+0000] {processor.py:766} INFO - DAG(s) dict_keys(['our_first_dag_v5']) retrieved from /opt/airflow/dags/our_first_dag.py
[2022-11-30T01:49:51.480+0000] {logging_mixin.py:137} INFO - [2022-11-30T01:49:51.480+0000] {dag.py:2585} INFO - Sync 1 DAGs
[2022-11-30T01:49:51.512+0000] {logging_mixin.py:137} INFO - [2022-11-30T01:49:51.512+0000] {dag.py:3340} INFO - Setting next_dagrun for our_first_dag_v5 to 2022-11-22T00:00:00+00:00, run_after=2022-11-23T00:00:00+00:00
[2022-11-30T01:49:51.536+0000] {processor.py:176} INFO - Processing /opt/airflow/dags/our_first_dag.py took 0.120 seconds
[2022-11-30T01:50:22.009+0000] {processor.py:154} INFO - Started process (PID=2460) to work on /opt/airflow/dags/our_first_dag.py
[2022-11-30T01:50:22.010+0000] {processor.py:756} INFO - Processing file /opt/airflow/dags/our_first_dag.py for tasks to queue
[2022-11-30T01:50:22.010+0000] {logging_mixin.py:137} INFO - [2022-11-30T01:50:22.010+0000] {dagbag.py:537} INFO - Filling up the DagBag from /opt/airflow/dags/our_first_dag.py
[2022-11-30T01:50:22.024+0000] {processor.py:766} INFO - DAG(s) dict_keys(['our_first_dag_v5']) retrieved from /opt/airflow/dags/our_first_dag.py
[2022-11-30T01:50:22.060+0000] {logging_mixin.py:137} INFO - [2022-11-30T01:50:22.060+0000] {dag.py:2585} INFO - Sync 1 DAGs
[2022-11-30T01:50:22.089+0000] {logging_mixin.py:137} INFO - [2022-11-30T01:50:22.089+0000] {dag.py:3340} INFO - Setting next_dagrun for our_first_dag_v5 to 2022-11-22T00:00:00+00:00, run_after=2022-11-23T00:00:00+00:00
[2022-11-30T01:50:22.112+0000] {processor.py:176} INFO - Processing /opt/airflow/dags/our_first_dag.py took 0.106 seconds
[2022-11-30T01:50:52.721+0000] {processor.py:154} INFO - Started process (PID=2523) to work on /opt/airflow/dags/our_first_dag.py
[2022-11-30T01:50:52.722+0000] {processor.py:756} INFO - Processing file /opt/airflow/dags/our_first_dag.py for tasks to queue
[2022-11-30T01:50:52.722+0000] {logging_mixin.py:137} INFO - [2022-11-30T01:50:52.722+0000] {dagbag.py:537} INFO - Filling up the DagBag from /opt/airflow/dags/our_first_dag.py
[2022-11-30T01:50:52.737+0000] {processor.py:766} INFO - DAG(s) dict_keys(['our_first_dag_v5']) retrieved from /opt/airflow/dags/our_first_dag.py
[2022-11-30T01:50:52.777+0000] {logging_mixin.py:137} INFO - [2022-11-30T01:50:52.777+0000] {dag.py:2585} INFO - Sync 1 DAGs
[2022-11-30T01:50:52.809+0000] {logging_mixin.py:137} INFO - [2022-11-30T01:50:52.809+0000] {dag.py:3340} INFO - Setting next_dagrun for our_first_dag_v5 to 2022-11-22T00:00:00+00:00, run_after=2022-11-23T00:00:00+00:00
[2022-11-30T01:50:52.837+0000] {processor.py:176} INFO - Processing /opt/airflow/dags/our_first_dag.py took 0.118 seconds
[2022-11-30T01:51:23.362+0000] {processor.py:154} INFO - Started process (PID=2569) to work on /opt/airflow/dags/our_first_dag.py
[2022-11-30T01:51:23.363+0000] {processor.py:756} INFO - Processing file /opt/airflow/dags/our_first_dag.py for tasks to queue
[2022-11-30T01:51:23.365+0000] {logging_mixin.py:137} INFO - [2022-11-30T01:51:23.364+0000] {dagbag.py:537} INFO - Filling up the DagBag from /opt/airflow/dags/our_first_dag.py
[2022-11-30T01:51:23.393+0000] {processor.py:766} INFO - DAG(s) dict_keys(['our_first_dag_v5']) retrieved from /opt/airflow/dags/our_first_dag.py
[2022-11-30T01:51:23.440+0000] {logging_mixin.py:137} INFO - [2022-11-30T01:51:23.440+0000] {dag.py:2585} INFO - Sync 1 DAGs
[2022-11-30T01:51:23.473+0000] {logging_mixin.py:137} INFO - [2022-11-30T01:51:23.473+0000] {dag.py:3340} INFO - Setting next_dagrun for our_first_dag_v5 to 2022-11-22T00:00:00+00:00, run_after=2022-11-23T00:00:00+00:00
[2022-11-30T01:51:23.502+0000] {processor.py:176} INFO - Processing /opt/airflow/dags/our_first_dag.py took 0.144 seconds
[2022-11-30T01:51:53.940+0000] {processor.py:154} INFO - Started process (PID=2626) to work on /opt/airflow/dags/our_first_dag.py
[2022-11-30T01:51:53.940+0000] {processor.py:756} INFO - Processing file /opt/airflow/dags/our_first_dag.py for tasks to queue
[2022-11-30T01:51:53.941+0000] {logging_mixin.py:137} INFO - [2022-11-30T01:51:53.941+0000] {dagbag.py:537} INFO - Filling up the DagBag from /opt/airflow/dags/our_first_dag.py
[2022-11-30T01:51:53.957+0000] {processor.py:766} INFO - DAG(s) dict_keys(['our_first_dag_v5']) retrieved from /opt/airflow/dags/our_first_dag.py
[2022-11-30T01:51:53.998+0000] {logging_mixin.py:137} INFO - [2022-11-30T01:51:53.998+0000] {dag.py:2585} INFO - Sync 1 DAGs
[2022-11-30T01:51:54.030+0000] {logging_mixin.py:137} INFO - [2022-11-30T01:51:54.030+0000] {dag.py:3340} INFO - Setting next_dagrun for our_first_dag_v5 to 2022-11-22T00:00:00+00:00, run_after=2022-11-23T00:00:00+00:00
[2022-11-30T01:51:54.052+0000] {processor.py:176} INFO - Processing /opt/airflow/dags/our_first_dag.py took 0.115 seconds
[2022-11-30T01:52:24.678+0000] {processor.py:154} INFO - Started process (PID=2683) to work on /opt/airflow/dags/our_first_dag.py
[2022-11-30T01:52:24.679+0000] {processor.py:756} INFO - Processing file /opt/airflow/dags/our_first_dag.py for tasks to queue
[2022-11-30T01:52:24.680+0000] {logging_mixin.py:137} INFO - [2022-11-30T01:52:24.680+0000] {dagbag.py:537} INFO - Filling up the DagBag from /opt/airflow/dags/our_first_dag.py
[2022-11-30T01:52:24.704+0000] {processor.py:766} INFO - DAG(s) dict_keys(['our_first_dag_v5']) retrieved from /opt/airflow/dags/our_first_dag.py
[2022-11-30T01:52:24.756+0000] {logging_mixin.py:137} INFO - [2022-11-30T01:52:24.756+0000] {dag.py:2585} INFO - Sync 1 DAGs
[2022-11-30T01:52:24.794+0000] {logging_mixin.py:137} INFO - [2022-11-30T01:52:24.794+0000] {dag.py:3340} INFO - Setting next_dagrun for our_first_dag_v5 to 2022-11-22T00:00:00+00:00, run_after=2022-11-23T00:00:00+00:00
[2022-11-30T01:52:24.826+0000] {processor.py:176} INFO - Processing /opt/airflow/dags/our_first_dag.py took 0.151 seconds
[2022-11-30T01:52:55.289+0000] {processor.py:154} INFO - Started process (PID=2742) to work on /opt/airflow/dags/our_first_dag.py
[2022-11-30T01:52:55.290+0000] {processor.py:756} INFO - Processing file /opt/airflow/dags/our_first_dag.py for tasks to queue
[2022-11-30T01:52:55.290+0000] {logging_mixin.py:137} INFO - [2022-11-30T01:52:55.290+0000] {dagbag.py:537} INFO - Filling up the DagBag from /opt/airflow/dags/our_first_dag.py
[2022-11-30T01:52:55.305+0000] {processor.py:766} INFO - DAG(s) dict_keys(['our_first_dag_v5']) retrieved from /opt/airflow/dags/our_first_dag.py
[2022-11-30T01:52:55.344+0000] {logging_mixin.py:137} INFO - [2022-11-30T01:52:55.344+0000] {dag.py:2585} INFO - Sync 1 DAGs
[2022-11-30T01:52:55.374+0000] {logging_mixin.py:137} INFO - [2022-11-30T01:52:55.373+0000] {dag.py:3340} INFO - Setting next_dagrun for our_first_dag_v5 to 2022-11-22T00:00:00+00:00, run_after=2022-11-23T00:00:00+00:00
[2022-11-30T01:52:55.394+0000] {processor.py:176} INFO - Processing /opt/airflow/dags/our_first_dag.py took 0.110 seconds
[2022-11-30T01:53:25.817+0000] {processor.py:154} INFO - Started process (PID=2797) to work on /opt/airflow/dags/our_first_dag.py
[2022-11-30T01:53:25.818+0000] {processor.py:756} INFO - Processing file /opt/airflow/dags/our_first_dag.py for tasks to queue
[2022-11-30T01:53:25.818+0000] {logging_mixin.py:137} INFO - [2022-11-30T01:53:25.818+0000] {dagbag.py:537} INFO - Filling up the DagBag from /opt/airflow/dags/our_first_dag.py
[2022-11-30T01:53:25.836+0000] {processor.py:766} INFO - DAG(s) dict_keys(['our_first_dag_v5']) retrieved from /opt/airflow/dags/our_first_dag.py
[2022-11-30T01:53:25.880+0000] {logging_mixin.py:137} INFO - [2022-11-30T01:53:25.880+0000] {dag.py:2585} INFO - Sync 1 DAGs
[2022-11-30T01:53:25.913+0000] {logging_mixin.py:137} INFO - [2022-11-30T01:53:25.912+0000] {dag.py:3340} INFO - Setting next_dagrun for our_first_dag_v5 to 2022-11-22T00:00:00+00:00, run_after=2022-11-23T00:00:00+00:00
[2022-11-30T01:53:25.934+0000] {processor.py:176} INFO - Processing /opt/airflow/dags/our_first_dag.py took 0.120 seconds
[2022-11-30T01:53:56.427+0000] {processor.py:154} INFO - Started process (PID=2856) to work on /opt/airflow/dags/our_first_dag.py
[2022-11-30T01:53:56.427+0000] {processor.py:756} INFO - Processing file /opt/airflow/dags/our_first_dag.py for tasks to queue
[2022-11-30T01:53:56.428+0000] {logging_mixin.py:137} INFO - [2022-11-30T01:53:56.428+0000] {dagbag.py:537} INFO - Filling up the DagBag from /opt/airflow/dags/our_first_dag.py
[2022-11-30T01:53:56.445+0000] {processor.py:766} INFO - DAG(s) dict_keys(['our_first_dag_v5']) retrieved from /opt/airflow/dags/our_first_dag.py
[2022-11-30T01:53:56.487+0000] {logging_mixin.py:137} INFO - [2022-11-30T01:53:56.486+0000] {dag.py:2585} INFO - Sync 1 DAGs
[2022-11-30T01:53:56.519+0000] {logging_mixin.py:137} INFO - [2022-11-30T01:53:56.519+0000] {dag.py:3340} INFO - Setting next_dagrun for our_first_dag_v5 to 2022-11-22T00:00:00+00:00, run_after=2022-11-23T00:00:00+00:00
[2022-11-30T01:53:56.543+0000] {processor.py:176} INFO - Processing /opt/airflow/dags/our_first_dag.py took 0.121 seconds
[2022-11-30T01:54:27.012+0000] {processor.py:154} INFO - Started process (PID=2903) to work on /opt/airflow/dags/our_first_dag.py
[2022-11-30T01:54:27.014+0000] {processor.py:756} INFO - Processing file /opt/airflow/dags/our_first_dag.py for tasks to queue
[2022-11-30T01:54:27.014+0000] {logging_mixin.py:137} INFO - [2022-11-30T01:54:27.014+0000] {dagbag.py:537} INFO - Filling up the DagBag from /opt/airflow/dags/our_first_dag.py
[2022-11-30T01:54:27.033+0000] {processor.py:766} INFO - DAG(s) dict_keys(['our_first_dag_v5']) retrieved from /opt/airflow/dags/our_first_dag.py
[2022-11-30T01:54:27.077+0000] {logging_mixin.py:137} INFO - [2022-11-30T01:54:27.077+0000] {dag.py:2585} INFO - Sync 1 DAGs
[2022-11-30T01:54:27.111+0000] {logging_mixin.py:137} INFO - [2022-11-30T01:54:27.111+0000] {dag.py:3340} INFO - Setting next_dagrun for our_first_dag_v5 to 2022-11-22T00:00:00+00:00, run_after=2022-11-23T00:00:00+00:00
[2022-11-30T01:54:27.136+0000] {processor.py:176} INFO - Processing /opt/airflow/dags/our_first_dag.py took 0.127 seconds
[2022-11-30T01:54:57.538+0000] {processor.py:154} INFO - Started process (PID=2960) to work on /opt/airflow/dags/our_first_dag.py
[2022-11-30T01:54:57.539+0000] {processor.py:756} INFO - Processing file /opt/airflow/dags/our_first_dag.py for tasks to queue
[2022-11-30T01:54:57.539+0000] {logging_mixin.py:137} INFO - [2022-11-30T01:54:57.539+0000] {dagbag.py:537} INFO - Filling up the DagBag from /opt/airflow/dags/our_first_dag.py
[2022-11-30T01:54:57.556+0000] {processor.py:766} INFO - DAG(s) dict_keys(['our_first_dag_v5']) retrieved from /opt/airflow/dags/our_first_dag.py
[2022-11-30T01:54:57.598+0000] {logging_mixin.py:137} INFO - [2022-11-30T01:54:57.598+0000] {dag.py:2585} INFO - Sync 1 DAGs
[2022-11-30T01:54:57.633+0000] {logging_mixin.py:137} INFO - [2022-11-30T01:54:57.633+0000] {dag.py:3340} INFO - Setting next_dagrun for our_first_dag_v5 to 2022-11-22T00:00:00+00:00, run_after=2022-11-23T00:00:00+00:00
[2022-11-30T01:54:57.656+0000] {processor.py:176} INFO - Processing /opt/airflow/dags/our_first_dag.py took 0.121 seconds
[2022-11-30T01:55:28.177+0000] {processor.py:154} INFO - Started process (PID=3016) to work on /opt/airflow/dags/our_first_dag.py
[2022-11-30T01:55:28.178+0000] {processor.py:756} INFO - Processing file /opt/airflow/dags/our_first_dag.py for tasks to queue
[2022-11-30T01:55:28.178+0000] {logging_mixin.py:137} INFO - [2022-11-30T01:55:28.178+0000] {dagbag.py:537} INFO - Filling up the DagBag from /opt/airflow/dags/our_first_dag.py
[2022-11-30T01:55:28.199+0000] {processor.py:766} INFO - DAG(s) dict_keys(['our_first_dag_v5']) retrieved from /opt/airflow/dags/our_first_dag.py
[2022-11-30T01:55:28.242+0000] {logging_mixin.py:137} INFO - [2022-11-30T01:55:28.242+0000] {dag.py:2585} INFO - Sync 1 DAGs
[2022-11-30T01:55:28.277+0000] {logging_mixin.py:137} INFO - [2022-11-30T01:55:28.276+0000] {dag.py:3340} INFO - Setting next_dagrun for our_first_dag_v5 to 2022-11-22T00:00:00+00:00, run_after=2022-11-23T00:00:00+00:00
[2022-11-30T01:55:28.299+0000] {processor.py:176} INFO - Processing /opt/airflow/dags/our_first_dag.py took 0.125 seconds
[2022-11-30T01:55:58.750+0000] {processor.py:154} INFO - Started process (PID=3066) to work on /opt/airflow/dags/our_first_dag.py
[2022-11-30T01:55:58.751+0000] {processor.py:756} INFO - Processing file /opt/airflow/dags/our_first_dag.py for tasks to queue
[2022-11-30T01:55:58.751+0000] {logging_mixin.py:137} INFO - [2022-11-30T01:55:58.751+0000] {dagbag.py:537} INFO - Filling up the DagBag from /opt/airflow/dags/our_first_dag.py
[2022-11-30T01:55:58.768+0000] {processor.py:766} INFO - DAG(s) dict_keys(['our_first_dag_v5']) retrieved from /opt/airflow/dags/our_first_dag.py
[2022-11-30T01:55:58.808+0000] {logging_mixin.py:137} INFO - [2022-11-30T01:55:58.807+0000] {dag.py:2585} INFO - Sync 1 DAGs
[2022-11-30T01:55:58.840+0000] {logging_mixin.py:137} INFO - [2022-11-30T01:55:58.839+0000] {dag.py:3340} INFO - Setting next_dagrun for our_first_dag_v5 to 2022-11-22T00:00:00+00:00, run_after=2022-11-23T00:00:00+00:00
[2022-11-30T01:55:58.860+0000] {processor.py:176} INFO - Processing /opt/airflow/dags/our_first_dag.py took 0.112 seconds
[2022-11-30T01:56:29.297+0000] {processor.py:154} INFO - Started process (PID=3123) to work on /opt/airflow/dags/our_first_dag.py
[2022-11-30T01:56:29.297+0000] {processor.py:756} INFO - Processing file /opt/airflow/dags/our_first_dag.py for tasks to queue
[2022-11-30T01:56:29.298+0000] {logging_mixin.py:137} INFO - [2022-11-30T01:56:29.298+0000] {dagbag.py:537} INFO - Filling up the DagBag from /opt/airflow/dags/our_first_dag.py
[2022-11-30T01:56:29.315+0000] {processor.py:766} INFO - DAG(s) dict_keys(['our_first_dag_v5']) retrieved from /opt/airflow/dags/our_first_dag.py
[2022-11-30T01:56:29.355+0000] {logging_mixin.py:137} INFO - [2022-11-30T01:56:29.355+0000] {dag.py:2585} INFO - Sync 1 DAGs
[2022-11-30T01:56:29.389+0000] {logging_mixin.py:137} INFO - [2022-11-30T01:56:29.389+0000] {dag.py:3340} INFO - Setting next_dagrun for our_first_dag_v5 to 2022-11-22T00:00:00+00:00, run_after=2022-11-23T00:00:00+00:00
[2022-11-30T01:56:29.410+0000] {processor.py:176} INFO - Processing /opt/airflow/dags/our_first_dag.py took 0.115 seconds
[2022-11-30T01:56:59.836+0000] {processor.py:154} INFO - Started process (PID=3168) to work on /opt/airflow/dags/our_first_dag.py
[2022-11-30T01:56:59.837+0000] {processor.py:756} INFO - Processing file /opt/airflow/dags/our_first_dag.py for tasks to queue
[2022-11-30T01:56:59.838+0000] {logging_mixin.py:137} INFO - [2022-11-30T01:56:59.837+0000] {dagbag.py:537} INFO - Filling up the DagBag from /opt/airflow/dags/our_first_dag.py
[2022-11-30T01:56:59.855+0000] {processor.py:766} INFO - DAG(s) dict_keys(['our_first_dag_v5']) retrieved from /opt/airflow/dags/our_first_dag.py
[2022-11-30T01:56:59.898+0000] {logging_mixin.py:137} INFO - [2022-11-30T01:56:59.898+0000] {dag.py:2585} INFO - Sync 1 DAGs
[2022-11-30T01:56:59.930+0000] {logging_mixin.py:137} INFO - [2022-11-30T01:56:59.930+0000] {dag.py:3340} INFO - Setting next_dagrun for our_first_dag_v5 to 2022-11-22T00:00:00+00:00, run_after=2022-11-23T00:00:00+00:00
[2022-11-30T01:56:59.955+0000] {processor.py:176} INFO - Processing /opt/airflow/dags/our_first_dag.py took 0.122 seconds
[2022-11-30T01:57:30.392+0000] {processor.py:154} INFO - Started process (PID=3229) to work on /opt/airflow/dags/our_first_dag.py
[2022-11-30T01:57:30.393+0000] {processor.py:756} INFO - Processing file /opt/airflow/dags/our_first_dag.py for tasks to queue
[2022-11-30T01:57:30.393+0000] {logging_mixin.py:137} INFO - [2022-11-30T01:57:30.393+0000] {dagbag.py:537} INFO - Filling up the DagBag from /opt/airflow/dags/our_first_dag.py
[2022-11-30T01:57:30.410+0000] {processor.py:766} INFO - DAG(s) dict_keys(['our_first_dag_v5']) retrieved from /opt/airflow/dags/our_first_dag.py
[2022-11-30T01:57:30.454+0000] {logging_mixin.py:137} INFO - [2022-11-30T01:57:30.454+0000] {dag.py:2585} INFO - Sync 1 DAGs
[2022-11-30T01:57:30.486+0000] {logging_mixin.py:137} INFO - [2022-11-30T01:57:30.486+0000] {dag.py:3340} INFO - Setting next_dagrun for our_first_dag_v5 to 2022-11-22T00:00:00+00:00, run_after=2022-11-23T00:00:00+00:00
[2022-11-30T01:57:30.508+0000] {processor.py:176} INFO - Processing /opt/airflow/dags/our_first_dag.py took 0.119 seconds
[2022-11-30T01:58:00.937+0000] {processor.py:154} INFO - Started process (PID=3289) to work on /opt/airflow/dags/our_first_dag.py
[2022-11-30T01:58:00.938+0000] {processor.py:756} INFO - Processing file /opt/airflow/dags/our_first_dag.py for tasks to queue
[2022-11-30T01:58:00.938+0000] {logging_mixin.py:137} INFO - [2022-11-30T01:58:00.938+0000] {dagbag.py:537} INFO - Filling up the DagBag from /opt/airflow/dags/our_first_dag.py
[2022-11-30T01:58:00.954+0000] {processor.py:766} INFO - DAG(s) dict_keys(['our_first_dag_v5']) retrieved from /opt/airflow/dags/our_first_dag.py
[2022-11-30T01:58:00.999+0000] {logging_mixin.py:137} INFO - [2022-11-30T01:58:00.999+0000] {dag.py:2585} INFO - Sync 1 DAGs
[2022-11-30T01:58:01.032+0000] {logging_mixin.py:137} INFO - [2022-11-30T01:58:01.032+0000] {dag.py:3340} INFO - Setting next_dagrun for our_first_dag_v5 to 2022-11-22T00:00:00+00:00, run_after=2022-11-23T00:00:00+00:00
[2022-11-30T01:58:01.056+0000] {processor.py:176} INFO - Processing /opt/airflow/dags/our_first_dag.py took 0.122 seconds
[2022-11-30T01:58:31.514+0000] {processor.py:154} INFO - Started process (PID=3338) to work on /opt/airflow/dags/our_first_dag.py
[2022-11-30T01:58:31.515+0000] {processor.py:756} INFO - Processing file /opt/airflow/dags/our_first_dag.py for tasks to queue
[2022-11-30T01:58:31.516+0000] {logging_mixin.py:137} INFO - [2022-11-30T01:58:31.516+0000] {dagbag.py:537} INFO - Filling up the DagBag from /opt/airflow/dags/our_first_dag.py
[2022-11-30T01:58:31.532+0000] {processor.py:766} INFO - DAG(s) dict_keys(['our_first_dag_v5']) retrieved from /opt/airflow/dags/our_first_dag.py
[2022-11-30T01:58:31.573+0000] {logging_mixin.py:137} INFO - [2022-11-30T01:58:31.572+0000] {dag.py:2585} INFO - Sync 1 DAGs
[2022-11-30T01:58:31.608+0000] {logging_mixin.py:137} INFO - [2022-11-30T01:58:31.608+0000] {dag.py:3340} INFO - Setting next_dagrun for our_first_dag_v5 to 2022-11-22T00:00:00+00:00, run_after=2022-11-23T00:00:00+00:00
[2022-11-30T01:58:31.632+0000] {processor.py:176} INFO - Processing /opt/airflow/dags/our_first_dag.py took 0.122 seconds
[2022-11-30T01:59:02.091+0000] {processor.py:154} INFO - Started process (PID=3395) to work on /opt/airflow/dags/our_first_dag.py
[2022-11-30T01:59:02.092+0000] {processor.py:756} INFO - Processing file /opt/airflow/dags/our_first_dag.py for tasks to queue
[2022-11-30T01:59:02.092+0000] {logging_mixin.py:137} INFO - [2022-11-30T01:59:02.092+0000] {dagbag.py:537} INFO - Filling up the DagBag from /opt/airflow/dags/our_first_dag.py
[2022-11-30T01:59:02.122+0000] {processor.py:766} INFO - DAG(s) dict_keys(['our_first_dag_v5']) retrieved from /opt/airflow/dags/our_first_dag.py
[2022-11-30T01:59:02.168+0000] {logging_mixin.py:137} INFO - [2022-11-30T01:59:02.168+0000] {dag.py:2585} INFO - Sync 1 DAGs
[2022-11-30T01:59:02.200+0000] {logging_mixin.py:137} INFO - [2022-11-30T01:59:02.200+0000] {dag.py:3340} INFO - Setting next_dagrun for our_first_dag_v5 to 2022-11-22T00:00:00+00:00, run_after=2022-11-23T00:00:00+00:00
[2022-11-30T01:59:02.220+0000] {processor.py:176} INFO - Processing /opt/airflow/dags/our_first_dag.py took 0.132 seconds
[2022-11-30T01:59:32.656+0000] {processor.py:154} INFO - Started process (PID=3450) to work on /opt/airflow/dags/our_first_dag.py
[2022-11-30T01:59:32.657+0000] {processor.py:756} INFO - Processing file /opt/airflow/dags/our_first_dag.py for tasks to queue
[2022-11-30T01:59:32.658+0000] {logging_mixin.py:137} INFO - [2022-11-30T01:59:32.657+0000] {dagbag.py:537} INFO - Filling up the DagBag from /opt/airflow/dags/our_first_dag.py
[2022-11-30T01:59:32.674+0000] {processor.py:766} INFO - DAG(s) dict_keys(['our_first_dag_v5']) retrieved from /opt/airflow/dags/our_first_dag.py
[2022-11-30T01:59:32.714+0000] {logging_mixin.py:137} INFO - [2022-11-30T01:59:32.714+0000] {dag.py:2585} INFO - Sync 1 DAGs
[2022-11-30T01:59:32.746+0000] {logging_mixin.py:137} INFO - [2022-11-30T01:59:32.746+0000] {dag.py:3340} INFO - Setting next_dagrun for our_first_dag_v5 to 2022-11-22T00:00:00+00:00, run_after=2022-11-23T00:00:00+00:00
[2022-11-30T01:59:32.767+0000] {processor.py:176} INFO - Processing /opt/airflow/dags/our_first_dag.py took 0.114 seconds
[2022-11-30T02:00:03.202+0000] {processor.py:154} INFO - Started process (PID=3498) to work on /opt/airflow/dags/our_first_dag.py
[2022-11-30T02:00:03.203+0000] {processor.py:756} INFO - Processing file /opt/airflow/dags/our_first_dag.py for tasks to queue
[2022-11-30T02:00:03.204+0000] {logging_mixin.py:137} INFO - [2022-11-30T02:00:03.203+0000] {dagbag.py:537} INFO - Filling up the DagBag from /opt/airflow/dags/our_first_dag.py
[2022-11-30T02:00:03.221+0000] {processor.py:766} INFO - DAG(s) dict_keys(['our_first_dag_v5']) retrieved from /opt/airflow/dags/our_first_dag.py
[2022-11-30T02:00:03.293+0000] {logging_mixin.py:137} INFO - [2022-11-30T02:00:03.293+0000] {dag.py:2585} INFO - Sync 1 DAGs
[2022-11-30T02:00:03.332+0000] {logging_mixin.py:137} INFO - [2022-11-30T02:00:03.332+0000] {dag.py:3340} INFO - Setting next_dagrun for our_first_dag_v5 to 2022-11-22T00:00:00+00:00, run_after=2022-11-23T00:00:00+00:00
[2022-11-30T02:00:03.353+0000] {processor.py:176} INFO - Processing /opt/airflow/dags/our_first_dag.py took 0.154 seconds
[2022-11-30T02:00:33.799+0000] {processor.py:154} INFO - Started process (PID=3556) to work on /opt/airflow/dags/our_first_dag.py
[2022-11-30T02:00:33.800+0000] {processor.py:756} INFO - Processing file /opt/airflow/dags/our_first_dag.py for tasks to queue
[2022-11-30T02:00:33.801+0000] {logging_mixin.py:137} INFO - [2022-11-30T02:00:33.801+0000] {dagbag.py:537} INFO - Filling up the DagBag from /opt/airflow/dags/our_first_dag.py
[2022-11-30T02:00:33.818+0000] {processor.py:766} INFO - DAG(s) dict_keys(['our_first_dag_v5']) retrieved from /opt/airflow/dags/our_first_dag.py
[2022-11-30T02:00:33.857+0000] {logging_mixin.py:137} INFO - [2022-11-30T02:00:33.857+0000] {dag.py:2585} INFO - Sync 1 DAGs
[2022-11-30T02:00:33.888+0000] {logging_mixin.py:137} INFO - [2022-11-30T02:00:33.888+0000] {dag.py:3340} INFO - Setting next_dagrun for our_first_dag_v5 to 2022-11-22T00:00:00+00:00, run_after=2022-11-23T00:00:00+00:00
[2022-11-30T02:00:33.911+0000] {processor.py:176} INFO - Processing /opt/airflow/dags/our_first_dag.py took 0.115 seconds
[2022-11-30T02:01:04.375+0000] {processor.py:154} INFO - Started process (PID=3612) to work on /opt/airflow/dags/our_first_dag.py
[2022-11-30T02:01:04.376+0000] {processor.py:756} INFO - Processing file /opt/airflow/dags/our_first_dag.py for tasks to queue
[2022-11-30T02:01:04.376+0000] {logging_mixin.py:137} INFO - [2022-11-30T02:01:04.376+0000] {dagbag.py:537} INFO - Filling up the DagBag from /opt/airflow/dags/our_first_dag.py
[2022-11-30T02:01:04.392+0000] {processor.py:766} INFO - DAG(s) dict_keys(['our_first_dag_v5']) retrieved from /opt/airflow/dags/our_first_dag.py
[2022-11-30T02:01:04.432+0000] {logging_mixin.py:137} INFO - [2022-11-30T02:01:04.432+0000] {dag.py:2585} INFO - Sync 1 DAGs
[2022-11-30T02:01:04.465+0000] {logging_mixin.py:137} INFO - [2022-11-30T02:01:04.465+0000] {dag.py:3340} INFO - Setting next_dagrun for our_first_dag_v5 to 2022-11-22T00:00:00+00:00, run_after=2022-11-23T00:00:00+00:00
[2022-11-30T02:01:04.487+0000] {processor.py:176} INFO - Processing /opt/airflow/dags/our_first_dag.py took 0.116 seconds
[2022-11-30T02:01:34.953+0000] {processor.py:154} INFO - Started process (PID=3661) to work on /opt/airflow/dags/our_first_dag.py
[2022-11-30T02:01:34.953+0000] {processor.py:756} INFO - Processing file /opt/airflow/dags/our_first_dag.py for tasks to queue
[2022-11-30T02:01:34.955+0000] {logging_mixin.py:137} INFO - [2022-11-30T02:01:34.954+0000] {dagbag.py:537} INFO - Filling up the DagBag from /opt/airflow/dags/our_first_dag.py
[2022-11-30T02:01:34.972+0000] {processor.py:766} INFO - DAG(s) dict_keys(['our_first_dag_v5']) retrieved from /opt/airflow/dags/our_first_dag.py
[2022-11-30T02:01:35.014+0000] {logging_mixin.py:137} INFO - [2022-11-30T02:01:35.014+0000] {dag.py:2585} INFO - Sync 1 DAGs
[2022-11-30T02:01:35.047+0000] {logging_mixin.py:137} INFO - [2022-11-30T02:01:35.047+0000] {dag.py:3340} INFO - Setting next_dagrun for our_first_dag_v5 to 2022-11-22T00:00:00+00:00, run_after=2022-11-23T00:00:00+00:00
[2022-11-30T02:01:35.069+0000] {processor.py:176} INFO - Processing /opt/airflow/dags/our_first_dag.py took 0.119 seconds
[2022-11-30T02:02:05.530+0000] {processor.py:154} INFO - Started process (PID=3717) to work on /opt/airflow/dags/our_first_dag.py
[2022-11-30T02:02:05.532+0000] {processor.py:756} INFO - Processing file /opt/airflow/dags/our_first_dag.py for tasks to queue
[2022-11-30T02:02:05.533+0000] {logging_mixin.py:137} INFO - [2022-11-30T02:02:05.532+0000] {dagbag.py:537} INFO - Filling up the DagBag from /opt/airflow/dags/our_first_dag.py
[2022-11-30T02:02:05.549+0000] {processor.py:766} INFO - DAG(s) dict_keys(['our_first_dag_v5']) retrieved from /opt/airflow/dags/our_first_dag.py
[2022-11-30T02:02:05.596+0000] {logging_mixin.py:137} INFO - [2022-11-30T02:02:05.596+0000] {dag.py:2585} INFO - Sync 1 DAGs
[2022-11-30T02:02:05.629+0000] {logging_mixin.py:137} INFO - [2022-11-30T02:02:05.629+0000] {dag.py:3340} INFO - Setting next_dagrun for our_first_dag_v5 to 2022-11-22T00:00:00+00:00, run_after=2022-11-23T00:00:00+00:00
[2022-11-30T02:02:05.653+0000] {processor.py:176} INFO - Processing /opt/airflow/dags/our_first_dag.py took 0.126 seconds
[2022-11-30T02:02:36.183+0000] {processor.py:154} INFO - Started process (PID=3774) to work on /opt/airflow/dags/our_first_dag.py
[2022-11-30T02:02:36.184+0000] {processor.py:756} INFO - Processing file /opt/airflow/dags/our_first_dag.py for tasks to queue
[2022-11-30T02:02:36.185+0000] {logging_mixin.py:137} INFO - [2022-11-30T02:02:36.185+0000] {dagbag.py:537} INFO - Filling up the DagBag from /opt/airflow/dags/our_first_dag.py
[2022-11-30T02:02:36.204+0000] {processor.py:766} INFO - DAG(s) dict_keys(['our_first_dag_v5']) retrieved from /opt/airflow/dags/our_first_dag.py
[2022-11-30T02:02:36.256+0000] {logging_mixin.py:137} INFO - [2022-11-30T02:02:36.256+0000] {dag.py:2585} INFO - Sync 1 DAGs
[2022-11-30T02:02:36.290+0000] {logging_mixin.py:137} INFO - [2022-11-30T02:02:36.290+0000] {dag.py:3340} INFO - Setting next_dagrun for our_first_dag_v5 to 2022-11-22T00:00:00+00:00, run_after=2022-11-23T00:00:00+00:00
[2022-11-30T02:02:36.316+0000] {processor.py:176} INFO - Processing /opt/airflow/dags/our_first_dag.py took 0.135 seconds
[2022-11-30T02:03:06.758+0000] {processor.py:154} INFO - Started process (PID=3823) to work on /opt/airflow/dags/our_first_dag.py
[2022-11-30T02:03:06.760+0000] {processor.py:756} INFO - Processing file /opt/airflow/dags/our_first_dag.py for tasks to queue
[2022-11-30T02:03:06.761+0000] {logging_mixin.py:137} INFO - [2022-11-30T02:03:06.761+0000] {dagbag.py:537} INFO - Filling up the DagBag from /opt/airflow/dags/our_first_dag.py
[2022-11-30T02:03:06.795+0000] {processor.py:766} INFO - DAG(s) dict_keys(['our_first_dag_v5']) retrieved from /opt/airflow/dags/our_first_dag.py
[2022-11-30T02:03:06.839+0000] {logging_mixin.py:137} INFO - [2022-11-30T02:03:06.839+0000] {dag.py:2585} INFO - Sync 1 DAGs
[2022-11-30T02:03:06.873+0000] {logging_mixin.py:137} INFO - [2022-11-30T02:03:06.873+0000] {dag.py:3340} INFO - Setting next_dagrun for our_first_dag_v5 to 2022-11-22T00:00:00+00:00, run_after=2022-11-23T00:00:00+00:00
[2022-11-30T02:03:06.894+0000] {processor.py:176} INFO - Processing /opt/airflow/dags/our_first_dag.py took 0.141 seconds
[2022-11-30T02:03:37.386+0000] {processor.py:154} INFO - Started process (PID=3879) to work on /opt/airflow/dags/our_first_dag.py
[2022-11-30T02:03:37.387+0000] {processor.py:756} INFO - Processing file /opt/airflow/dags/our_first_dag.py for tasks to queue
[2022-11-30T02:03:37.387+0000] {logging_mixin.py:137} INFO - [2022-11-30T02:03:37.387+0000] {dagbag.py:537} INFO - Filling up the DagBag from /opt/airflow/dags/our_first_dag.py
[2022-11-30T02:03:37.403+0000] {processor.py:766} INFO - DAG(s) dict_keys(['our_first_dag_v5']) retrieved from /opt/airflow/dags/our_first_dag.py
[2022-11-30T02:03:37.442+0000] {logging_mixin.py:137} INFO - [2022-11-30T02:03:37.442+0000] {dag.py:2585} INFO - Sync 1 DAGs
[2022-11-30T02:03:37.475+0000] {logging_mixin.py:137} INFO - [2022-11-30T02:03:37.475+0000] {dag.py:3340} INFO - Setting next_dagrun for our_first_dag_v5 to 2022-11-22T00:00:00+00:00, run_after=2022-11-23T00:00:00+00:00
[2022-11-30T02:03:37.499+0000] {processor.py:176} INFO - Processing /opt/airflow/dags/our_first_dag.py took 0.115 seconds
[2022-11-30T02:04:07.985+0000] {processor.py:154} INFO - Started process (PID=3939) to work on /opt/airflow/dags/our_first_dag.py
[2022-11-30T02:04:07.986+0000] {processor.py:756} INFO - Processing file /opt/airflow/dags/our_first_dag.py for tasks to queue
[2022-11-30T02:04:07.987+0000] {logging_mixin.py:137} INFO - [2022-11-30T02:04:07.987+0000] {dagbag.py:537} INFO - Filling up the DagBag from /opt/airflow/dags/our_first_dag.py
[2022-11-30T02:04:08.000+0000] {processor.py:766} INFO - DAG(s) dict_keys(['our_first_dag_v5']) retrieved from /opt/airflow/dags/our_first_dag.py
[2022-11-30T02:04:08.036+0000] {logging_mixin.py:137} INFO - [2022-11-30T02:04:08.035+0000] {dag.py:2585} INFO - Sync 1 DAGs
[2022-11-30T02:04:08.066+0000] {logging_mixin.py:137} INFO - [2022-11-30T02:04:08.066+0000] {dag.py:3340} INFO - Setting next_dagrun for our_first_dag_v5 to 2022-11-22T00:00:00+00:00, run_after=2022-11-23T00:00:00+00:00
[2022-11-30T02:04:08.084+0000] {processor.py:176} INFO - Processing /opt/airflow/dags/our_first_dag.py took 0.101 seconds
[2022-11-30T02:14:24.789+0000] {processor.py:154} INFO - Started process (PID=197) to work on /opt/airflow/dags/our_first_dag.py
[2022-11-30T02:14:24.790+0000] {processor.py:756} INFO - Processing file /opt/airflow/dags/our_first_dag.py for tasks to queue
[2022-11-30T02:14:24.791+0000] {logging_mixin.py:137} INFO - [2022-11-30T02:14:24.791+0000] {dagbag.py:537} INFO - Filling up the DagBag from /opt/airflow/dags/our_first_dag.py
[2022-11-30T02:14:24.808+0000] {processor.py:766} INFO - DAG(s) dict_keys(['our_first_dag_v5']) retrieved from /opt/airflow/dags/our_first_dag.py
[2022-11-30T02:14:24.920+0000] {logging_mixin.py:137} INFO - [2022-11-30T02:14:24.919+0000] {dag.py:2585} INFO - Sync 1 DAGs
[2022-11-30T02:14:24.949+0000] {logging_mixin.py:137} INFO - [2022-11-30T02:14:24.949+0000] {dag.py:3340} INFO - Setting next_dagrun for our_first_dag_v5 to 2022-11-22T00:00:00+00:00, run_after=2022-11-23T00:00:00+00:00
[2022-11-30T02:14:24.973+0000] {processor.py:176} INFO - Processing /opt/airflow/dags/our_first_dag.py took 0.185 seconds
[2022-11-30T02:14:55.422+0000] {processor.py:154} INFO - Started process (PID=257) to work on /opt/airflow/dags/our_first_dag.py
[2022-11-30T02:14:55.423+0000] {processor.py:756} INFO - Processing file /opt/airflow/dags/our_first_dag.py for tasks to queue
[2022-11-30T02:14:55.423+0000] {logging_mixin.py:137} INFO - [2022-11-30T02:14:55.423+0000] {dagbag.py:537} INFO - Filling up the DagBag from /opt/airflow/dags/our_first_dag.py
[2022-11-30T02:14:55.438+0000] {processor.py:766} INFO - DAG(s) dict_keys(['our_first_dag_v5']) retrieved from /opt/airflow/dags/our_first_dag.py
[2022-11-30T02:14:55.478+0000] {logging_mixin.py:137} INFO - [2022-11-30T02:14:55.478+0000] {dag.py:2585} INFO - Sync 1 DAGs
[2022-11-30T02:14:55.507+0000] {logging_mixin.py:137} INFO - [2022-11-30T02:14:55.506+0000] {dag.py:3340} INFO - Setting next_dagrun for our_first_dag_v5 to 2022-11-22T00:00:00+00:00, run_after=2022-11-23T00:00:00+00:00
[2022-11-30T02:14:55.524+0000] {processor.py:176} INFO - Processing /opt/airflow/dags/our_first_dag.py took 0.106 seconds
[2022-11-30T02:15:26.052+0000] {processor.py:154} INFO - Started process (PID=323) to work on /opt/airflow/dags/our_first_dag.py
[2022-11-30T02:15:26.053+0000] {processor.py:756} INFO - Processing file /opt/airflow/dags/our_first_dag.py for tasks to queue
[2022-11-30T02:15:26.054+0000] {logging_mixin.py:137} INFO - [2022-11-30T02:15:26.054+0000] {dagbag.py:537} INFO - Filling up the DagBag from /opt/airflow/dags/our_first_dag.py
[2022-11-30T02:15:26.068+0000] {processor.py:766} INFO - DAG(s) dict_keys(['our_first_dag_v5']) retrieved from /opt/airflow/dags/our_first_dag.py
[2022-11-30T02:15:26.103+0000] {logging_mixin.py:137} INFO - [2022-11-30T02:15:26.103+0000] {dag.py:2585} INFO - Sync 1 DAGs
[2022-11-30T02:15:26.134+0000] {logging_mixin.py:137} INFO - [2022-11-30T02:15:26.134+0000] {dag.py:3340} INFO - Setting next_dagrun for our_first_dag_v5 to 2022-11-22T00:00:00+00:00, run_after=2022-11-23T00:00:00+00:00
[2022-11-30T02:15:26.153+0000] {processor.py:176} INFO - Processing /opt/airflow/dags/our_first_dag.py took 0.103 seconds
[2022-11-30T02:15:56.689+0000] {processor.py:154} INFO - Started process (PID=381) to work on /opt/airflow/dags/our_first_dag.py
[2022-11-30T02:15:56.690+0000] {processor.py:756} INFO - Processing file /opt/airflow/dags/our_first_dag.py for tasks to queue
[2022-11-30T02:15:56.691+0000] {logging_mixin.py:137} INFO - [2022-11-30T02:15:56.691+0000] {dagbag.py:537} INFO - Filling up the DagBag from /opt/airflow/dags/our_first_dag.py
[2022-11-30T02:15:56.708+0000] {processor.py:766} INFO - DAG(s) dict_keys(['our_first_dag_v5']) retrieved from /opt/airflow/dags/our_first_dag.py
[2022-11-30T02:15:56.751+0000] {logging_mixin.py:137} INFO - [2022-11-30T02:15:56.750+0000] {dag.py:2585} INFO - Sync 1 DAGs
[2022-11-30T02:15:56.783+0000] {logging_mixin.py:137} INFO - [2022-11-30T02:15:56.783+0000] {dag.py:3340} INFO - Setting next_dagrun for our_first_dag_v5 to 2022-11-22T00:00:00+00:00, run_after=2022-11-23T00:00:00+00:00
[2022-11-30T02:15:56.803+0000] {processor.py:176} INFO - Processing /opt/airflow/dags/our_first_dag.py took 0.116 seconds
[2022-11-30T02:16:26.958+0000] {processor.py:154} INFO - Started process (PID=478) to work on /opt/airflow/dags/our_first_dag.py
[2022-11-30T02:16:26.959+0000] {processor.py:756} INFO - Processing file /opt/airflow/dags/our_first_dag.py for tasks to queue
[2022-11-30T02:16:26.960+0000] {logging_mixin.py:137} INFO - [2022-11-30T02:16:26.959+0000] {dagbag.py:537} INFO - Filling up the DagBag from /opt/airflow/dags/our_first_dag.py
[2022-11-30T02:16:26.978+0000] {processor.py:766} INFO - DAG(s) dict_keys(['our_first_dag_v5']) retrieved from /opt/airflow/dags/our_first_dag.py
[2022-11-30T02:16:27.021+0000] {logging_mixin.py:137} INFO - [2022-11-30T02:16:27.020+0000] {dag.py:2585} INFO - Sync 1 DAGs
[2022-11-30T02:16:27.053+0000] {logging_mixin.py:137} INFO - [2022-11-30T02:16:27.053+0000] {dag.py:3340} INFO - Setting next_dagrun for our_first_dag_v5 to 2022-11-22T00:00:00+00:00, run_after=2022-11-23T00:00:00+00:00
[2022-11-30T02:16:27.074+0000] {processor.py:176} INFO - Processing /opt/airflow/dags/our_first_dag.py took 0.120 seconds
[2022-11-30T02:16:57.640+0000] {processor.py:154} INFO - Started process (PID=550) to work on /opt/airflow/dags/our_first_dag.py
[2022-11-30T02:16:57.640+0000] {processor.py:756} INFO - Processing file /opt/airflow/dags/our_first_dag.py for tasks to queue
[2022-11-30T02:16:57.641+0000] {logging_mixin.py:137} INFO - [2022-11-30T02:16:57.641+0000] {dagbag.py:537} INFO - Filling up the DagBag from /opt/airflow/dags/our_first_dag.py
[2022-11-30T02:16:57.655+0000] {processor.py:766} INFO - DAG(s) dict_keys(['our_first_dag_v5']) retrieved from /opt/airflow/dags/our_first_dag.py
[2022-11-30T02:16:57.691+0000] {logging_mixin.py:137} INFO - [2022-11-30T02:16:57.691+0000] {dag.py:2585} INFO - Sync 1 DAGs
[2022-11-30T02:16:57.718+0000] {logging_mixin.py:137} INFO - [2022-11-30T02:16:57.718+0000] {dag.py:3340} INFO - Setting next_dagrun for our_first_dag_v5 to 2022-11-22T00:00:00+00:00, run_after=2022-11-23T00:00:00+00:00
[2022-11-30T02:16:57.737+0000] {processor.py:176} INFO - Processing /opt/airflow/dags/our_first_dag.py took 0.099 seconds
[2022-11-30T02:17:28.625+0000] {processor.py:154} INFO - Started process (PID=649) to work on /opt/airflow/dags/our_first_dag.py
[2022-11-30T02:17:28.626+0000] {processor.py:756} INFO - Processing file /opt/airflow/dags/our_first_dag.py for tasks to queue
[2022-11-30T02:17:28.627+0000] {logging_mixin.py:137} INFO - [2022-11-30T02:17:28.627+0000] {dagbag.py:537} INFO - Filling up the DagBag from /opt/airflow/dags/our_first_dag.py
[2022-11-30T02:17:28.645+0000] {processor.py:766} INFO - DAG(s) dict_keys(['our_first_dag_v5']) retrieved from /opt/airflow/dags/our_first_dag.py
[2022-11-30T02:17:28.690+0000] {logging_mixin.py:137} INFO - [2022-11-30T02:17:28.690+0000] {dag.py:2585} INFO - Sync 1 DAGs
[2022-11-30T02:17:28.724+0000] {logging_mixin.py:137} INFO - [2022-11-30T02:17:28.724+0000] {dag.py:3340} INFO - Setting next_dagrun for our_first_dag_v5 to 2022-11-22T00:00:00+00:00, run_after=2022-11-23T00:00:00+00:00
[2022-11-30T02:17:28.750+0000] {processor.py:176} INFO - Processing /opt/airflow/dags/our_first_dag.py took 0.128 seconds
[2022-11-30T02:17:59.270+0000] {processor.py:154} INFO - Started process (PID=711) to work on /opt/airflow/dags/our_first_dag.py
[2022-11-30T02:17:59.271+0000] {processor.py:756} INFO - Processing file /opt/airflow/dags/our_first_dag.py for tasks to queue
[2022-11-30T02:17:59.271+0000] {logging_mixin.py:137} INFO - [2022-11-30T02:17:59.271+0000] {dagbag.py:537} INFO - Filling up the DagBag from /opt/airflow/dags/our_first_dag.py
[2022-11-30T02:17:59.288+0000] {processor.py:766} INFO - DAG(s) dict_keys(['our_first_dag_v5']) retrieved from /opt/airflow/dags/our_first_dag.py
[2022-11-30T02:17:59.351+0000] {logging_mixin.py:137} INFO - [2022-11-30T02:17:59.351+0000] {dag.py:2585} INFO - Sync 1 DAGs
[2022-11-30T02:17:59.384+0000] {logging_mixin.py:137} INFO - [2022-11-30T02:17:59.383+0000] {dag.py:3340} INFO - Setting next_dagrun for our_first_dag_v5 to 2022-11-22T00:00:00+00:00, run_after=2022-11-23T00:00:00+00:00
[2022-11-30T02:17:59.407+0000] {processor.py:176} INFO - Processing /opt/airflow/dags/our_first_dag.py took 0.141 seconds
[2022-11-30T02:23:09.406+0000] {processor.py:154} INFO - Started process (PID=194) to work on /opt/airflow/dags/our_first_dag.py
[2022-11-30T02:23:09.407+0000] {processor.py:756} INFO - Processing file /opt/airflow/dags/our_first_dag.py for tasks to queue
[2022-11-30T02:23:09.407+0000] {logging_mixin.py:137} INFO - [2022-11-30T02:23:09.407+0000] {dagbag.py:537} INFO - Filling up the DagBag from /opt/airflow/dags/our_first_dag.py
[2022-11-30T02:23:09.431+0000] {processor.py:766} INFO - DAG(s) dict_keys(['our_first_dag_v5']) retrieved from /opt/airflow/dags/our_first_dag.py
[2022-11-30T02:23:09.512+0000] {logging_mixin.py:137} INFO - [2022-11-30T02:23:09.512+0000] {dag.py:2585} INFO - Sync 1 DAGs
[2022-11-30T02:23:09.538+0000] {logging_mixin.py:137} INFO - [2022-11-30T02:23:09.538+0000] {dag.py:3340} INFO - Setting next_dagrun for our_first_dag_v5 to 2022-11-22T00:00:00+00:00, run_after=2022-11-23T00:00:00+00:00
[2022-11-30T02:23:09.559+0000] {processor.py:176} INFO - Processing /opt/airflow/dags/our_first_dag.py took 0.156 seconds
[2022-11-30T02:23:40.490+0000] {processor.py:154} INFO - Started process (PID=261) to work on /opt/airflow/dags/our_first_dag.py
[2022-11-30T02:23:40.490+0000] {processor.py:756} INFO - Processing file /opt/airflow/dags/our_first_dag.py for tasks to queue
[2022-11-30T02:23:40.491+0000] {logging_mixin.py:137} INFO - [2022-11-30T02:23:40.491+0000] {dagbag.py:537} INFO - Filling up the DagBag from /opt/airflow/dags/our_first_dag.py
[2022-11-30T02:23:40.557+0000] {processor.py:766} INFO - DAG(s) dict_keys(['our_first_dag_v5']) retrieved from /opt/airflow/dags/our_first_dag.py
[2022-11-30T02:23:40.657+0000] {logging_mixin.py:137} INFO - [2022-11-30T02:23:40.657+0000] {dag.py:2585} INFO - Sync 1 DAGs
[2022-11-30T02:23:40.783+0000] {logging_mixin.py:137} INFO - [2022-11-30T02:23:40.783+0000] {dag.py:3340} INFO - Setting next_dagrun for our_first_dag_v5 to 2022-11-22T00:00:00+00:00, run_after=2022-11-23T00:00:00+00:00
[2022-11-30T02:23:40.886+0000] {processor.py:176} INFO - Processing /opt/airflow/dags/our_first_dag.py took 0.400 seconds
