[2022-11-22T01:38:21.984+0000] {taskinstance.py:1165} INFO - Dependencies all met for <TaskInstance: our_first_dag_v5.first_task scheduled__2021-09-16T00:00:00+00:00 [queued]>
[2022-11-22T01:38:22.042+0000] {taskinstance.py:1165} INFO - Dependencies all met for <TaskInstance: our_first_dag_v5.first_task scheduled__2021-09-16T00:00:00+00:00 [queued]>
[2022-11-22T01:38:22.042+0000] {taskinstance.py:1362} INFO - 
--------------------------------------------------------------------------------
[2022-11-22T01:38:22.042+0000] {taskinstance.py:1363} INFO - Starting attempt 1 of 6
[2022-11-22T01:38:22.042+0000] {taskinstance.py:1364} INFO - 
--------------------------------------------------------------------------------
[2022-11-22T01:38:22.506+0000] {taskinstance.py:1383} INFO - Executing <Task(BashOperator): first_task> on 2021-09-16 00:00:00+00:00
[2022-11-22T01:38:22.527+0000] {standard_task_runner.py:55} INFO - Started process 1505 to run task
[2022-11-22T01:38:22.549+0000] {standard_task_runner.py:82} INFO - Running: ['***', 'tasks', 'run', 'our_first_dag_v5', 'first_task', 'scheduled__2021-09-16T00:00:00+00:00', '--job-id', '138', '--raw', '--subdir', 'DAGS_FOLDER/our_first_dag.py', '--cfg-path', '/tmp/tmpcvsdwpcs']
[2022-11-22T01:38:22.550+0000] {standard_task_runner.py:83} INFO - Job 138: Subtask first_task
[2022-11-22T01:38:23.037+0000] {task_command.py:376} INFO - Running <TaskInstance: our_first_dag_v5.first_task scheduled__2021-09-16T00:00:00+00:00 [running]> on host ada0bfaa3ff2
[2022-11-22T01:38:23.535+0000] {taskinstance.py:1592} INFO - Exporting the following env vars:
AIRFLOW_CTX_DAG_OWNER=bruno
AIRFLOW_CTX_DAG_ID=our_first_dag_v5
AIRFLOW_CTX_TASK_ID=first_task
AIRFLOW_CTX_EXECUTION_DATE=2021-09-16T00:00:00+00:00
AIRFLOW_CTX_TRY_NUMBER=1
AIRFLOW_CTX_DAG_RUN_ID=scheduled__2021-09-16T00:00:00+00:00
[2022-11-22T01:38:23.536+0000] {subprocess.py:63} INFO - Tmp dir root location: 
 /tmp
[2022-11-22T01:38:23.536+0000] {subprocess.py:75} INFO - Running command: ['/bin/bash', '-c', 'echo hello world, this is the first task!']
[2022-11-22T01:38:23.618+0000] {subprocess.py:86} INFO - Output:
[2022-11-22T01:38:23.623+0000] {subprocess.py:93} INFO - hello world, this is the first task!
[2022-11-22T01:38:23.625+0000] {subprocess.py:97} INFO - Command exited with return code 0
[2022-11-22T01:38:23.680+0000] {taskinstance.py:1406} INFO - Marking task as SUCCESS. dag_id=our_first_dag_v5, task_id=first_task, execution_date=20210916T000000, start_date=20221122T013821, end_date=20221122T013823
[2022-11-22T01:38:23.780+0000] {local_task_job.py:159} INFO - Task exited with return code 0
[2022-11-22T01:38:23.905+0000] {taskinstance.py:2623} INFO - 2 downstream tasks scheduled from follow-on schedule check
