[2022-11-22T01:37:58.022+0000] {taskinstance.py:1165} INFO - Dependencies all met for <TaskInstance: our_first_dag_v5.thrid_task scheduled__2021-08-24T00:00:00+00:00 [queued]>
[2022-11-22T01:37:58.066+0000] {taskinstance.py:1165} INFO - Dependencies all met for <TaskInstance: our_first_dag_v5.thrid_task scheduled__2021-08-24T00:00:00+00:00 [queued]>
[2022-11-22T01:37:58.075+0000] {taskinstance.py:1362} INFO - 
--------------------------------------------------------------------------------
[2022-11-22T01:37:58.076+0000] {taskinstance.py:1363} INFO - Starting attempt 1 of 6
[2022-11-22T01:37:58.076+0000] {taskinstance.py:1364} INFO - 
--------------------------------------------------------------------------------
[2022-11-22T01:37:58.302+0000] {taskinstance.py:1383} INFO - Executing <Task(BashOperator): thrid_task> on 2021-08-24 00:00:00+00:00
[2022-11-22T01:37:58.322+0000] {standard_task_runner.py:55} INFO - Started process 1318 to run task
[2022-11-22T01:37:58.371+0000] {standard_task_runner.py:82} INFO - Running: ['***', 'tasks', 'run', 'our_first_dag_v5', 'thrid_task', 'scheduled__2021-08-24T00:00:00+00:00', '--job-id', '83', '--raw', '--subdir', 'DAGS_FOLDER/our_first_dag.py', '--cfg-path', '/tmp/tmpvzbvgdc6']
[2022-11-22T01:37:58.373+0000] {standard_task_runner.py:83} INFO - Job 83: Subtask thrid_task
[2022-11-22T01:37:58.794+0000] {task_command.py:376} INFO - Running <TaskInstance: our_first_dag_v5.thrid_task scheduled__2021-08-24T00:00:00+00:00 [running]> on host ada0bfaa3ff2
[2022-11-22T01:37:58.956+0000] {taskinstance.py:1592} INFO - Exporting the following env vars:
AIRFLOW_CTX_DAG_OWNER=bruno
AIRFLOW_CTX_DAG_ID=our_first_dag_v5
AIRFLOW_CTX_TASK_ID=thrid_task
AIRFLOW_CTX_EXECUTION_DATE=2021-08-24T00:00:00+00:00
AIRFLOW_CTX_TRY_NUMBER=1
AIRFLOW_CTX_DAG_RUN_ID=scheduled__2021-08-24T00:00:00+00:00
[2022-11-22T01:37:58.957+0000] {subprocess.py:63} INFO - Tmp dir root location: 
 /tmp
[2022-11-22T01:37:58.958+0000] {subprocess.py:75} INFO - Running command: ['/bin/bash', '-c', 'echo hey, I am task3 and will be running after task1 at the same time as task2!']
[2022-11-22T01:37:58.974+0000] {subprocess.py:86} INFO - Output:
[2022-11-22T01:37:58.976+0000] {subprocess.py:93} INFO - hey, I am task3 and will be running after task1 at the same time as task2!
[2022-11-22T01:37:58.977+0000] {subprocess.py:97} INFO - Command exited with return code 0
[2022-11-22T01:37:59.023+0000] {taskinstance.py:1406} INFO - Marking task as SUCCESS. dag_id=our_first_dag_v5, task_id=thrid_task, execution_date=20210824T000000, start_date=20221122T013758, end_date=20221122T013759
[2022-11-22T01:37:59.078+0000] {local_task_job.py:159} INFO - Task exited with return code 0
[2022-11-22T01:37:59.109+0000] {taskinstance.py:2623} INFO - 0 downstream tasks scheduled from follow-on schedule check
