[2022-11-22T01:39:45.063+0000] {taskinstance.py:1165} INFO - Dependencies all met for <TaskInstance: our_first_dag2.second_task scheduled__2022-11-13T00:00:00+00:00 [queued]>
[2022-11-22T01:39:45.076+0000] {taskinstance.py:1165} INFO - Dependencies all met for <TaskInstance: our_first_dag2.second_task scheduled__2022-11-13T00:00:00+00:00 [queued]>
[2022-11-22T01:39:45.076+0000] {taskinstance.py:1362} INFO - 
--------------------------------------------------------------------------------
[2022-11-22T01:39:45.076+0000] {taskinstance.py:1363} INFO - Starting attempt 1 of 6
[2022-11-22T01:39:45.076+0000] {taskinstance.py:1364} INFO - 
--------------------------------------------------------------------------------
[2022-11-22T01:39:45.103+0000] {taskinstance.py:1383} INFO - Executing <Task(BashOperator): second_task> on 2022-11-13 00:00:00+00:00
[2022-11-22T01:39:45.111+0000] {standard_task_runner.py:55} INFO - Started process 1906 to run task
[2022-11-22T01:39:45.115+0000] {standard_task_runner.py:82} INFO - Running: ['***', 'tasks', 'run', 'our_first_dag2', 'second_task', 'scheduled__2022-11-13T00:00:00+00:00', '--job-id', '234', '--raw', '--subdir', 'DAGS_FOLDER/our_first_dag.py', '--cfg-path', '/tmp/tmps2z5vsx9']
[2022-11-22T01:39:45.116+0000] {standard_task_runner.py:83} INFO - Job 234: Subtask second_task
[2022-11-22T01:39:45.192+0000] {task_command.py:376} INFO - Running <TaskInstance: our_first_dag2.second_task scheduled__2022-11-13T00:00:00+00:00 [running]> on host ada0bfaa3ff2
[2022-11-22T01:39:45.313+0000] {taskinstance.py:1592} INFO - Exporting the following env vars:
AIRFLOW_CTX_DAG_OWNER=burno
AIRFLOW_CTX_DAG_ID=our_first_dag2
AIRFLOW_CTX_TASK_ID=second_task
AIRFLOW_CTX_EXECUTION_DATE=2022-11-13T00:00:00+00:00
AIRFLOW_CTX_TRY_NUMBER=1
AIRFLOW_CTX_DAG_RUN_ID=scheduled__2022-11-13T00:00:00+00:00
[2022-11-22T01:39:45.313+0000] {subprocess.py:63} INFO - Tmp dir root location: 
 /tmp
[2022-11-22T01:39:45.314+0000] {subprocess.py:75} INFO - Running command: ['/bin/bash', '-c', 'echo hey, I am task2 and will be running after task1!']
[2022-11-22T01:39:45.334+0000] {subprocess.py:86} INFO - Output:
[2022-11-22T01:39:45.336+0000] {subprocess.py:93} INFO - hey, I am task2 and will be running after task1!
[2022-11-22T01:39:45.337+0000] {subprocess.py:97} INFO - Command exited with return code 0
[2022-11-22T01:39:45.403+0000] {taskinstance.py:1406} INFO - Marking task as SUCCESS. dag_id=our_first_dag2, task_id=second_task, execution_date=20221113T000000, start_date=20221122T013945, end_date=20221122T013945
[2022-11-22T01:39:45.456+0000] {local_task_job.py:159} INFO - Task exited with return code 0
[2022-11-22T01:39:45.531+0000] {taskinstance.py:2623} INFO - 0 downstream tasks scheduled from follow-on schedule check
